ARM GAS  C:\Users\LUKASC~1\AppData\Local\Temp\ccXBejNW.s 			page 1


   1              		.syntax unified
   2              		.cpu cortex-m3
   3              		.fpu softvfp
   4              		.eabi_attribute 20, 1
   5              		.eabi_attribute 21, 1
   6              		.eabi_attribute 23, 3
   7              		.eabi_attribute 24, 1
   8              		.eabi_attribute 25, 1
   9              		.eabi_attribute 26, 1
  10              		.eabi_attribute 30, 1
  11              		.eabi_attribute 34, 1
  12              		.eabi_attribute 18, 4
  13              		.thumb
  14              		.file	"CapSense_CSD_SMS_Wrapper.c"
  15              		.text
  16              	.Ltext0:
  17              		.cfi_sections	.debug_frame
  18              		.section	.text.SMS_LIB_ScanSensor,"ax",%progbits
  19              		.align	2
  20              		.global	SMS_LIB_ScanSensor
  21              		.thumb
  22              		.thumb_func
  23              		.type	SMS_LIB_ScanSensor, %function
  24              	SMS_LIB_ScanSensor:
  25              	.LFB0:
  26              		.file 1 ".\\Generated_Source\\PSoC5\\CapSense_CSD_SMS_Wrapper.c"
   1:.\Generated_Source\PSoC5/CapSense_CSD_SMS_Wrapper.c **** /*******************************************************************************
   2:.\Generated_Source\PSoC5/CapSense_CSD_SMS_Wrapper.c **** * File Name: CapSense_CSD_SMS_Wrapper.c
   3:.\Generated_Source\PSoC5/CapSense_CSD_SMS_Wrapper.c **** * Version 3.50
   4:.\Generated_Source\PSoC5/CapSense_CSD_SMS_Wrapper.c **** *
   5:.\Generated_Source\PSoC5/CapSense_CSD_SMS_Wrapper.c **** * Description:
   6:.\Generated_Source\PSoC5/CapSense_CSD_SMS_Wrapper.c **** *  This file provides the source code of wrapper between CapSense CSD component 
   7:.\Generated_Source\PSoC5/CapSense_CSD_SMS_Wrapper.c **** *  and Auto Tuning library.
   8:.\Generated_Source\PSoC5/CapSense_CSD_SMS_Wrapper.c **** *
   9:.\Generated_Source\PSoC5/CapSense_CSD_SMS_Wrapper.c **** * Note:
  10:.\Generated_Source\PSoC5/CapSense_CSD_SMS_Wrapper.c **** *
  11:.\Generated_Source\PSoC5/CapSense_CSD_SMS_Wrapper.c **** ********************************************************************************
  12:.\Generated_Source\PSoC5/CapSense_CSD_SMS_Wrapper.c **** * Copyright 2008-2012, Cypress Semiconductor Corporation.  All rights reserved.
  13:.\Generated_Source\PSoC5/CapSense_CSD_SMS_Wrapper.c **** * You may use this file only in accordance with the license, terms, conditions,
  14:.\Generated_Source\PSoC5/CapSense_CSD_SMS_Wrapper.c **** * disclaimers, and limitations in the end user license agreement accompanying
  15:.\Generated_Source\PSoC5/CapSense_CSD_SMS_Wrapper.c **** * the software package with which this file was provided.
  16:.\Generated_Source\PSoC5/CapSense_CSD_SMS_Wrapper.c **** *******************************************************************************/
  17:.\Generated_Source\PSoC5/CapSense_CSD_SMS_Wrapper.c **** 
  18:.\Generated_Source\PSoC5/CapSense_CSD_SMS_Wrapper.c **** #include "CapSense_CSD.h"
  19:.\Generated_Source\PSoC5/CapSense_CSD_SMS_Wrapper.c **** #include "CapSense_CSD_CSHL.h"
  20:.\Generated_Source\PSoC5/CapSense_CSD_SMS_Wrapper.c **** 
  21:.\Generated_Source\PSoC5/CapSense_CSD_SMS_Wrapper.c **** #if (CapSense_CSD_TUNING_METHOD == CapSense_CSD_AUTO_TUNING)
  22:.\Generated_Source\PSoC5/CapSense_CSD_SMS_Wrapper.c **** 
  23:.\Generated_Source\PSoC5/CapSense_CSD_SMS_Wrapper.c **** extern uint8 CapSense_CSD_noiseThreshold[CapSense_CSD_WIDGET_CSHL_PARAMETERS_COUNT];
  24:.\Generated_Source\PSoC5/CapSense_CSD_SMS_Wrapper.c **** extern uint8 CapSense_CSD_hysteresis[CapSense_CSD_WIDGET_CSHL_PARAMETERS_COUNT];
  25:.\Generated_Source\PSoC5/CapSense_CSD_SMS_Wrapper.c **** extern uint8 CapSense_CSD_widgetResolution[CapSense_CSD_WIDGET_RESOLUTION_PARAMETERS_COUNT];
  26:.\Generated_Source\PSoC5/CapSense_CSD_SMS_Wrapper.c **** extern const uint8 CYCODE CapSense_CSD_numberOfSensors[CapSense_CSD_SENSORS_TBL_SIZE];
  27:.\Generated_Source\PSoC5/CapSense_CSD_SMS_Wrapper.c **** extern const uint8 CYCODE CapSense_CSD_rawDataIndex[CapSense_CSD_SENSORS_TBL_SIZE];
  28:.\Generated_Source\PSoC5/CapSense_CSD_SMS_Wrapper.c **** 
  29:.\Generated_Source\PSoC5/CapSense_CSD_SMS_Wrapper.c **** extern uint8 CapSense_CSD_fingerThreshold[CapSense_CSD_WIDGET_CSHL_PARAMETERS_COUNT];
  30:.\Generated_Source\PSoC5/CapSense_CSD_SMS_Wrapper.c **** extern uint8 CapSense_CSD_idacSettings[CapSense_CSD_TOTAL_SENSOR_COUNT];
  31:.\Generated_Source\PSoC5/CapSense_CSD_SMS_Wrapper.c **** extern uint8 CapSense_CSD_analogSwitchDivider[CapSense_CSD_TOTAL_SCANSLOT_COUNT];
ARM GAS  C:\Users\LUKASC~1\AppData\Local\Temp\ccXBejNW.s 			page 2


  32:.\Generated_Source\PSoC5/CapSense_CSD_SMS_Wrapper.c **** 
  33:.\Generated_Source\PSoC5/CapSense_CSD_SMS_Wrapper.c **** extern void SMS_LIB_V3_50_CalculateThresholds(uint8 SensorNumber);
  34:.\Generated_Source\PSoC5/CapSense_CSD_SMS_Wrapper.c **** extern void SMS_LIB_V3_50_AutoTune1Ch(void);
  35:.\Generated_Source\PSoC5/CapSense_CSD_SMS_Wrapper.c **** extern void SMS_LIB_V3_50_AutoTune2Ch(void);
  36:.\Generated_Source\PSoC5/CapSense_CSD_SMS_Wrapper.c **** 
  37:.\Generated_Source\PSoC5/CapSense_CSD_SMS_Wrapper.c **** uint8  * SMS_LIB_noiseThreshold = CapSense_CSD_noiseThreshold;
  38:.\Generated_Source\PSoC5/CapSense_CSD_SMS_Wrapper.c **** uint8 * SMS_LIB_hysteresis = CapSense_CSD_hysteresis;
  39:.\Generated_Source\PSoC5/CapSense_CSD_SMS_Wrapper.c **** 
  40:.\Generated_Source\PSoC5/CapSense_CSD_SMS_Wrapper.c **** uint8 * SMS_LIB_widgetResolution = CapSense_CSD_widgetResolution;
  41:.\Generated_Source\PSoC5/CapSense_CSD_SMS_Wrapper.c **** 
  42:.\Generated_Source\PSoC5/CapSense_CSD_SMS_Wrapper.c **** const uint8 CYCODE * SMS_LIB_widgetNumber = CapSense_CSD_widgetNumber;
  43:.\Generated_Source\PSoC5/CapSense_CSD_SMS_Wrapper.c **** const uint8 CYCODE * SMS_LIB_numberOfSensors = CapSense_CSD_numberOfSensors;
  44:.\Generated_Source\PSoC5/CapSense_CSD_SMS_Wrapper.c **** const uint8 CYCODE * SMS_LIB_rawDataIndex = CapSense_CSD_rawDataIndex;
  45:.\Generated_Source\PSoC5/CapSense_CSD_SMS_Wrapper.c **** 
  46:.\Generated_Source\PSoC5/CapSense_CSD_SMS_Wrapper.c **** uint8 * SMS_LIB_fingerThreshold = CapSense_CSD_fingerThreshold;
  47:.\Generated_Source\PSoC5/CapSense_CSD_SMS_Wrapper.c **** uint8 * SMS_LIB_idacSettings = CapSense_CSD_idacSettings;
  48:.\Generated_Source\PSoC5/CapSense_CSD_SMS_Wrapper.c **** uint8 * SMS_LIB_prescaler = CapSense_CSD_analogSwitchDivider;
  49:.\Generated_Source\PSoC5/CapSense_CSD_SMS_Wrapper.c **** 
  50:.\Generated_Source\PSoC5/CapSense_CSD_SMS_Wrapper.c **** uint16 * SMS_LIB_SensorRaw = CapSense_CSD_sensorRaw;
  51:.\Generated_Source\PSoC5/CapSense_CSD_SMS_Wrapper.c **** uint16 * SMS_LIB_SensorBaseline = CapSense_CSD_sensorBaseline;
  52:.\Generated_Source\PSoC5/CapSense_CSD_SMS_Wrapper.c **** 
  53:.\Generated_Source\PSoC5/CapSense_CSD_SMS_Wrapper.c **** const uint8 CYCODE SMS_LIB_SensorSensitivity[] = {
  54:.\Generated_Source\PSoC5/CapSense_CSD_SMS_Wrapper.c ****     2, 2, 2, 2, 2, 2, 2, 2, 
  55:.\Generated_Source\PSoC5/CapSense_CSD_SMS_Wrapper.c **** };
  56:.\Generated_Source\PSoC5/CapSense_CSD_SMS_Wrapper.c **** 
  57:.\Generated_Source\PSoC5/CapSense_CSD_SMS_Wrapper.c **** 
  58:.\Generated_Source\PSoC5/CapSense_CSD_SMS_Wrapper.c **** const uint8 CYCODE SMS_LIB_PrescalerTbl[] = {
  59:.\Generated_Source\PSoC5/CapSense_CSD_SMS_Wrapper.c ****     1u, 1u, 1u, 1u, 1u, 1u, 2u, 2u, 2u, 2u, 2u, 3u, 3u, 3u, 3u, 3u, 3u, 4u, 4u, 4u, 4u, 4u, 4u, 5u,
  60:.\Generated_Source\PSoC5/CapSense_CSD_SMS_Wrapper.c **** };
  61:.\Generated_Source\PSoC5/CapSense_CSD_SMS_Wrapper.c **** 
  62:.\Generated_Source\PSoC5/CapSense_CSD_SMS_Wrapper.c **** 
  63:.\Generated_Source\PSoC5/CapSense_CSD_SMS_Wrapper.c **** 
  64:.\Generated_Source\PSoC5/CapSense_CSD_SMS_Wrapper.c **** uint8 SMS_LIB_Table2[CapSense_CSD_TOTAL_SENSOR_COUNT];
  65:.\Generated_Source\PSoC5/CapSense_CSD_SMS_Wrapper.c **** uint8 SMS_LIB_Table3[CapSense_CSD_TOTAL_SENSOR_COUNT];
  66:.\Generated_Source\PSoC5/CapSense_CSD_SMS_Wrapper.c **** uint16 SMS_LIB_Table4[CapSense_CSD_TOTAL_SENSOR_COUNT];
  67:.\Generated_Source\PSoC5/CapSense_CSD_SMS_Wrapper.c **** uint16 SMS_LIB_Table5[CapSense_CSD_TOTAL_SENSOR_COUNT];
  68:.\Generated_Source\PSoC5/CapSense_CSD_SMS_Wrapper.c **** uint8 SMS_LIB_Table6[CapSense_CSD_TOTAL_SENSOR_COUNT];
  69:.\Generated_Source\PSoC5/CapSense_CSD_SMS_Wrapper.c **** uint8 SMS_LIB_Table7[CapSense_CSD_TOTAL_SENSOR_COUNT];
  70:.\Generated_Source\PSoC5/CapSense_CSD_SMS_Wrapper.c **** 
  71:.\Generated_Source\PSoC5/CapSense_CSD_SMS_Wrapper.c **** uint8 SMS_LIB_Table8[CapSense_CSD_END_OF_WIDGETS_INDEX];
  72:.\Generated_Source\PSoC5/CapSense_CSD_SMS_Wrapper.c **** uint8 SMS_LIB_Table9[CapSense_CSD_END_OF_WIDGETS_INDEX];
  73:.\Generated_Source\PSoC5/CapSense_CSD_SMS_Wrapper.c **** 
  74:.\Generated_Source\PSoC5/CapSense_CSD_SMS_Wrapper.c **** uint8 SMS_LIB_Var1 = (5u);
  75:.\Generated_Source\PSoC5/CapSense_CSD_SMS_Wrapper.c **** uint16 SMS_LIB_Var2 = (10738u);
  76:.\Generated_Source\PSoC5/CapSense_CSD_SMS_Wrapper.c **** 
  77:.\Generated_Source\PSoC5/CapSense_CSD_SMS_Wrapper.c **** uint8 SMS_LIB_TotalSnsCnt = CapSense_CSD_TOTAL_SENSOR_COUNT;
  78:.\Generated_Source\PSoC5/CapSense_CSD_SMS_Wrapper.c **** uint8 SMS_LIB_TotalScanSlCnt = CapSense_CSD_TOTAL_SCANSLOT_COUNT;
  79:.\Generated_Source\PSoC5/CapSense_CSD_SMS_Wrapper.c **** uint8 SMS_LIB_EndOfWidgInd = CapSense_CSD_END_OF_WIDGETS_INDEX;
  80:.\Generated_Source\PSoC5/CapSense_CSD_SMS_Wrapper.c **** 
  81:.\Generated_Source\PSoC5/CapSense_CSD_SMS_Wrapper.c **** #if (CapSense_CSD_DESIGN_TYPE == CapSense_CSD_TWO_CHANNELS_DESIGN)
  82:.\Generated_Source\PSoC5/CapSense_CSD_SMS_Wrapper.c ****     uint8 SMS_LIB_TotalSnsCnt_CH0 = CapSense_CSD_TOTAL_SENSOR_COUNT__CH0;
  83:.\Generated_Source\PSoC5/CapSense_CSD_SMS_Wrapper.c ****     uint8 SMS_LIB_TotalSnsCnt_CH1 = CapSense_CSD_TOTAL_SENSOR_COUNT__CH1;
  84:.\Generated_Source\PSoC5/CapSense_CSD_SMS_Wrapper.c **** #else
  85:.\Generated_Source\PSoC5/CapSense_CSD_SMS_Wrapper.c ****     uint8 SMS_LIB_TotalSnsCnt_CH0 = 0u;
  86:.\Generated_Source\PSoC5/CapSense_CSD_SMS_Wrapper.c ****     uint8 SMS_LIB_TotalSnsCnt_CH1 = 0u;
  87:.\Generated_Source\PSoC5/CapSense_CSD_SMS_Wrapper.c **** #endif  /* (CapSense_CSD_DESIGN_TYPE == CapSense_CSD_TWO_CHANNELS_DESIGN) */
  88:.\Generated_Source\PSoC5/CapSense_CSD_SMS_Wrapper.c **** 
ARM GAS  C:\Users\LUKASC~1\AppData\Local\Temp\ccXBejNW.s 			page 3


  89:.\Generated_Source\PSoC5/CapSense_CSD_SMS_Wrapper.c **** /*******************************************************************************
  90:.\Generated_Source\PSoC5/CapSense_CSD_SMS_Wrapper.c **** * Function Name: SMS_LIB_ScanSensor
  91:.\Generated_Source\PSoC5/CapSense_CSD_SMS_Wrapper.c **** ********************************************************************************
  92:.\Generated_Source\PSoC5/CapSense_CSD_SMS_Wrapper.c **** *
  93:.\Generated_Source\PSoC5/CapSense_CSD_SMS_Wrapper.c **** * Summary:
  94:.\Generated_Source\PSoC5/CapSense_CSD_SMS_Wrapper.c **** *  Wrapper to CapSense_CSD_ScanSensor function.
  95:.\Generated_Source\PSoC5/CapSense_CSD_SMS_Wrapper.c **** *
  96:.\Generated_Source\PSoC5/CapSense_CSD_SMS_Wrapper.c **** * Parameters:
  97:.\Generated_Source\PSoC5/CapSense_CSD_SMS_Wrapper.c **** *  SensorNumber:  Sensor number.
  98:.\Generated_Source\PSoC5/CapSense_CSD_SMS_Wrapper.c **** *
  99:.\Generated_Source\PSoC5/CapSense_CSD_SMS_Wrapper.c **** * Return:
 100:.\Generated_Source\PSoC5/CapSense_CSD_SMS_Wrapper.c **** *  None
 101:.\Generated_Source\PSoC5/CapSense_CSD_SMS_Wrapper.c **** *
 102:.\Generated_Source\PSoC5/CapSense_CSD_SMS_Wrapper.c **** * Reentrant:
 103:.\Generated_Source\PSoC5/CapSense_CSD_SMS_Wrapper.c **** *  No
 104:.\Generated_Source\PSoC5/CapSense_CSD_SMS_Wrapper.c **** *
 105:.\Generated_Source\PSoC5/CapSense_CSD_SMS_Wrapper.c **** *******************************************************************************/
 106:.\Generated_Source\PSoC5/CapSense_CSD_SMS_Wrapper.c **** void SMS_LIB_ScanSensor(uint8 SensorNumber) 
 107:.\Generated_Source\PSoC5/CapSense_CSD_SMS_Wrapper.c **** {
  27              		.loc 1 107 0
  28              		.cfi_startproc
  29              		@ args = 0, pretend = 0, frame = 0
  30              		@ frame_needed = 0, uses_anonymous_args = 0
  31              	.LVL0:
  32 0000 08B5     		push	{r3, lr}
  33              		.cfi_def_cfa_offset 8
  34              		.cfi_offset 3, -8
  35              		.cfi_offset 14, -4
 108:.\Generated_Source\PSoC5/CapSense_CSD_SMS_Wrapper.c ****     CapSense_CSD_ScanSensor(SensorNumber);
  36              		.loc 1 108 0
  37 0002 FFF7FEFF 		bl	CapSense_CSD_ScanSensor
  38              	.LVL1:
  39 0006 08BD     		pop	{r3, pc}
  40              		.cfi_endproc
  41              	.LFE0:
  42              		.size	SMS_LIB_ScanSensor, .-SMS_LIB_ScanSensor
  43              		.section	.text.SMS_LIB_IsBusy,"ax",%progbits
  44              		.align	2
  45              		.global	SMS_LIB_IsBusy
  46              		.thumb
  47              		.thumb_func
  48              		.type	SMS_LIB_IsBusy, %function
  49              	SMS_LIB_IsBusy:
  50              	.LFB1:
 109:.\Generated_Source\PSoC5/CapSense_CSD_SMS_Wrapper.c **** }
 110:.\Generated_Source\PSoC5/CapSense_CSD_SMS_Wrapper.c **** 
 111:.\Generated_Source\PSoC5/CapSense_CSD_SMS_Wrapper.c **** /*******************************************************************************
 112:.\Generated_Source\PSoC5/CapSense_CSD_SMS_Wrapper.c **** * Function Name: SMS_LIB_IsBusy
 113:.\Generated_Source\PSoC5/CapSense_CSD_SMS_Wrapper.c **** ********************************************************************************
 114:.\Generated_Source\PSoC5/CapSense_CSD_SMS_Wrapper.c **** *
 115:.\Generated_Source\PSoC5/CapSense_CSD_SMS_Wrapper.c **** * Summary:
 116:.\Generated_Source\PSoC5/CapSense_CSD_SMS_Wrapper.c **** *  Wrapper to CapSense_CSD_IsBusy function.
 117:.\Generated_Source\PSoC5/CapSense_CSD_SMS_Wrapper.c **** *  
 118:.\Generated_Source\PSoC5/CapSense_CSD_SMS_Wrapper.c **** * Parameters:
 119:.\Generated_Source\PSoC5/CapSense_CSD_SMS_Wrapper.c **** *  None
 120:.\Generated_Source\PSoC5/CapSense_CSD_SMS_Wrapper.c **** *
 121:.\Generated_Source\PSoC5/CapSense_CSD_SMS_Wrapper.c **** * Return:
ARM GAS  C:\Users\LUKASC~1\AppData\Local\Temp\ccXBejNW.s 			page 4


 122:.\Generated_Source\PSoC5/CapSense_CSD_SMS_Wrapper.c **** *  None
 123:.\Generated_Source\PSoC5/CapSense_CSD_SMS_Wrapper.c **** *
 124:.\Generated_Source\PSoC5/CapSense_CSD_SMS_Wrapper.c **** *******************************************************************************/
 125:.\Generated_Source\PSoC5/CapSense_CSD_SMS_Wrapper.c **** uint8 SMS_LIB_IsBusy(void) 
 126:.\Generated_Source\PSoC5/CapSense_CSD_SMS_Wrapper.c **** {
  51              		.loc 1 126 0
  52              		.cfi_startproc
  53              		@ args = 0, pretend = 0, frame = 0
  54              		@ frame_needed = 0, uses_anonymous_args = 0
  55 0000 08B5     		push	{r3, lr}
  56              		.cfi_def_cfa_offset 8
  57              		.cfi_offset 3, -8
  58              		.cfi_offset 14, -4
 127:.\Generated_Source\PSoC5/CapSense_CSD_SMS_Wrapper.c ****     return CapSense_CSD_IsBusy();
  59              		.loc 1 127 0
  60 0002 FFF7FEFF 		bl	CapSense_CSD_IsBusy
  61              	.LVL2:
 128:.\Generated_Source\PSoC5/CapSense_CSD_SMS_Wrapper.c **** }
  62              		.loc 1 128 0
  63 0006 08BD     		pop	{r3, pc}
  64              		.cfi_endproc
  65              	.LFE1:
  66              		.size	SMS_LIB_IsBusy, .-SMS_LIB_IsBusy
  67              		.section	.text.CapSense_CSD_CalculateThresholds,"ax",%progbits
  68              		.align	2
  69              		.global	CapSense_CSD_CalculateThresholds
  70              		.thumb
  71              		.thumb_func
  72              		.type	CapSense_CSD_CalculateThresholds, %function
  73              	CapSense_CSD_CalculateThresholds:
  74              	.LFB2:
 129:.\Generated_Source\PSoC5/CapSense_CSD_SMS_Wrapper.c **** 
 130:.\Generated_Source\PSoC5/CapSense_CSD_SMS_Wrapper.c **** 
 131:.\Generated_Source\PSoC5/CapSense_CSD_SMS_Wrapper.c **** /*******************************************************************************
 132:.\Generated_Source\PSoC5/CapSense_CSD_SMS_Wrapper.c **** * Function Name: CapSense_CSD_CalculateThresholds
 133:.\Generated_Source\PSoC5/CapSense_CSD_SMS_Wrapper.c **** ********************************************************************************
 134:.\Generated_Source\PSoC5/CapSense_CSD_SMS_Wrapper.c **** *
 135:.\Generated_Source\PSoC5/CapSense_CSD_SMS_Wrapper.c **** * Summary:
 136:.\Generated_Source\PSoC5/CapSense_CSD_SMS_Wrapper.c **** *  Wrapper to SMS_LIB_CalculateThresholds function.
 137:.\Generated_Source\PSoC5/CapSense_CSD_SMS_Wrapper.c **** *
 138:.\Generated_Source\PSoC5/CapSense_CSD_SMS_Wrapper.c **** * Parameters:
 139:.\Generated_Source\PSoC5/CapSense_CSD_SMS_Wrapper.c **** *  SensorNumber:  Sensor number.
 140:.\Generated_Source\PSoC5/CapSense_CSD_SMS_Wrapper.c **** *
 141:.\Generated_Source\PSoC5/CapSense_CSD_SMS_Wrapper.c **** * Return:
 142:.\Generated_Source\PSoC5/CapSense_CSD_SMS_Wrapper.c **** *  None
 143:.\Generated_Source\PSoC5/CapSense_CSD_SMS_Wrapper.c **** *
 144:.\Generated_Source\PSoC5/CapSense_CSD_SMS_Wrapper.c **** * Reentrant:
 145:.\Generated_Source\PSoC5/CapSense_CSD_SMS_Wrapper.c **** *  No
 146:.\Generated_Source\PSoC5/CapSense_CSD_SMS_Wrapper.c **** *
 147:.\Generated_Source\PSoC5/CapSense_CSD_SMS_Wrapper.c **** *******************************************************************************/
 148:.\Generated_Source\PSoC5/CapSense_CSD_SMS_Wrapper.c **** void CapSense_CSD_CalculateThresholds(uint8 SensorNumber) 
 149:.\Generated_Source\PSoC5/CapSense_CSD_SMS_Wrapper.c **** {
  75              		.loc 1 149 0
  76              		.cfi_startproc
  77              		@ args = 0, pretend = 0, frame = 0
  78              		@ frame_needed = 0, uses_anonymous_args = 0
  79              	.LVL3:
ARM GAS  C:\Users\LUKASC~1\AppData\Local\Temp\ccXBejNW.s 			page 5


  80 0000 08B5     		push	{r3, lr}
  81              		.cfi_def_cfa_offset 8
  82              		.cfi_offset 3, -8
  83              		.cfi_offset 14, -4
 150:.\Generated_Source\PSoC5/CapSense_CSD_SMS_Wrapper.c ****     SMS_LIB_V3_50_CalculateThresholds(SensorNumber);
  84              		.loc 1 150 0
  85 0002 FFF7FEFF 		bl	SMS_LIB_V3_50_CalculateThresholds
  86              	.LVL4:
  87 0006 08BD     		pop	{r3, pc}
  88              		.cfi_endproc
  89              	.LFE2:
  90              		.size	CapSense_CSD_CalculateThresholds, .-CapSense_CSD_CalculateThresholds
  91              		.section	.text.CapSense_CSD_AutoTune,"ax",%progbits
  92              		.align	2
  93              		.global	CapSense_CSD_AutoTune
  94              		.thumb
  95              		.thumb_func
  96              		.type	CapSense_CSD_AutoTune, %function
  97              	CapSense_CSD_AutoTune:
  98              	.LFB3:
 151:.\Generated_Source\PSoC5/CapSense_CSD_SMS_Wrapper.c **** }
 152:.\Generated_Source\PSoC5/CapSense_CSD_SMS_Wrapper.c **** 
 153:.\Generated_Source\PSoC5/CapSense_CSD_SMS_Wrapper.c **** 
 154:.\Generated_Source\PSoC5/CapSense_CSD_SMS_Wrapper.c **** /*******************************************************************************
 155:.\Generated_Source\PSoC5/CapSense_CSD_SMS_Wrapper.c **** * Function Name: CapSense_CSD_AutoTune
 156:.\Generated_Source\PSoC5/CapSense_CSD_SMS_Wrapper.c **** ********************************************************************************
 157:.\Generated_Source\PSoC5/CapSense_CSD_SMS_Wrapper.c **** *
 158:.\Generated_Source\PSoC5/CapSense_CSD_SMS_Wrapper.c **** * Summary:
 159:.\Generated_Source\PSoC5/CapSense_CSD_SMS_Wrapper.c **** *  Wrapper for SMS_LIB_AutoTune1Ch or SMS_LIB_AutoTune2Ch function.
 160:.\Generated_Source\PSoC5/CapSense_CSD_SMS_Wrapper.c **** *
 161:.\Generated_Source\PSoC5/CapSense_CSD_SMS_Wrapper.c **** * Parameters:
 162:.\Generated_Source\PSoC5/CapSense_CSD_SMS_Wrapper.c **** *  None
 163:.\Generated_Source\PSoC5/CapSense_CSD_SMS_Wrapper.c **** *
 164:.\Generated_Source\PSoC5/CapSense_CSD_SMS_Wrapper.c **** * Return:
 165:.\Generated_Source\PSoC5/CapSense_CSD_SMS_Wrapper.c **** *  None
 166:.\Generated_Source\PSoC5/CapSense_CSD_SMS_Wrapper.c **** *
 167:.\Generated_Source\PSoC5/CapSense_CSD_SMS_Wrapper.c **** * Reentrant:
 168:.\Generated_Source\PSoC5/CapSense_CSD_SMS_Wrapper.c **** *  No
 169:.\Generated_Source\PSoC5/CapSense_CSD_SMS_Wrapper.c **** *
 170:.\Generated_Source\PSoC5/CapSense_CSD_SMS_Wrapper.c **** *******************************************************************************/
 171:.\Generated_Source\PSoC5/CapSense_CSD_SMS_Wrapper.c **** void CapSense_CSD_AutoTune(void) 
 172:.\Generated_Source\PSoC5/CapSense_CSD_SMS_Wrapper.c **** {
  99              		.loc 1 172 0
 100              		.cfi_startproc
 101              		@ args = 0, pretend = 0, frame = 0
 102              		@ frame_needed = 0, uses_anonymous_args = 0
 103 0000 08B5     		push	{r3, lr}
 104              		.cfi_def_cfa_offset 8
 105              		.cfi_offset 3, -8
 106              		.cfi_offset 14, -4
 173:.\Generated_Source\PSoC5/CapSense_CSD_SMS_Wrapper.c ****     #if (CapSense_CSD_DESIGN_TYPE == CapSense_CSD_ONE_CHANNEL_DESIGN)
 174:.\Generated_Source\PSoC5/CapSense_CSD_SMS_Wrapper.c ****         SMS_LIB_V3_50_AutoTune1Ch();
 107              		.loc 1 174 0
 108 0002 FFF7FEFF 		bl	SMS_LIB_V3_50_AutoTune1Ch
 109              	.LVL5:
 110 0006 08BD     		pop	{r3, pc}
 111              		.cfi_endproc
ARM GAS  C:\Users\LUKASC~1\AppData\Local\Temp\ccXBejNW.s 			page 6


 112              	.LFE3:
 113              		.size	CapSense_CSD_AutoTune, .-CapSense_CSD_AutoTune
 114              		.section	.text.SMS_LIB_SetPrescaler,"ax",%progbits
 115              		.align	2
 116              		.global	SMS_LIB_SetPrescaler
 117              		.thumb
 118              		.thumb_func
 119              		.type	SMS_LIB_SetPrescaler, %function
 120              	SMS_LIB_SetPrescaler:
 121              	.LFB4:
 175:.\Generated_Source\PSoC5/CapSense_CSD_SMS_Wrapper.c ****     #elif (CapSense_CSD_DESIGN_TYPE == CapSense_CSD_TWO_CHANNELS_DESIGN)
 176:.\Generated_Source\PSoC5/CapSense_CSD_SMS_Wrapper.c ****         SMS_LIB_V3_50_AutoTune2Ch();
 177:.\Generated_Source\PSoC5/CapSense_CSD_SMS_Wrapper.c ****     #endif /* (CapSense_CSD_DESIGN_TYPE == CapSense_CSD_ONE_CHANNEL_DESIGN) */
 178:.\Generated_Source\PSoC5/CapSense_CSD_SMS_Wrapper.c **** }
 179:.\Generated_Source\PSoC5/CapSense_CSD_SMS_Wrapper.c **** 
 180:.\Generated_Source\PSoC5/CapSense_CSD_SMS_Wrapper.c **** /*******************************************************************************
 181:.\Generated_Source\PSoC5/CapSense_CSD_SMS_Wrapper.c **** * Function Name: SMS_LIB_SetPrescaler
 182:.\Generated_Source\PSoC5/CapSense_CSD_SMS_Wrapper.c **** ********************************************************************************
 183:.\Generated_Source\PSoC5/CapSense_CSD_SMS_Wrapper.c **** *
 184:.\Generated_Source\PSoC5/CapSense_CSD_SMS_Wrapper.c **** * Summary:
 185:.\Generated_Source\PSoC5/CapSense_CSD_SMS_Wrapper.c **** *  Empty wrapper for version compliance.
 186:.\Generated_Source\PSoC5/CapSense_CSD_SMS_Wrapper.c **** *
 187:.\Generated_Source\PSoC5/CapSense_CSD_SMS_Wrapper.c **** * Parameters:
 188:.\Generated_Source\PSoC5/CapSense_CSD_SMS_Wrapper.c **** *  prescaler:  prascaler value.
 189:.\Generated_Source\PSoC5/CapSense_CSD_SMS_Wrapper.c **** *
 190:.\Generated_Source\PSoC5/CapSense_CSD_SMS_Wrapper.c **** * Return:
 191:.\Generated_Source\PSoC5/CapSense_CSD_SMS_Wrapper.c **** *  None
 192:.\Generated_Source\PSoC5/CapSense_CSD_SMS_Wrapper.c **** *
 193:.\Generated_Source\PSoC5/CapSense_CSD_SMS_Wrapper.c **** *******************************************************************************/
 194:.\Generated_Source\PSoC5/CapSense_CSD_SMS_Wrapper.c **** void SMS_LIB_SetPrescaler(uint8 prescaler) 
 195:.\Generated_Source\PSoC5/CapSense_CSD_SMS_Wrapper.c **** {
 122              		.loc 1 195 0
 123              		.cfi_startproc
 124              		@ args = 0, pretend = 0, frame = 0
 125              		@ frame_needed = 0, uses_anonymous_args = 0
 126              		@ link register save eliminated.
 127              	.LVL6:
 128 0000 7047     		bx	lr
 129              		.cfi_endproc
 130              	.LFE4:
 131              		.size	SMS_LIB_SetPrescaler, .-SMS_LIB_SetPrescaler
 132 0002 00BF     		.section	.text.SMS_LIB_V3_50_SetAnalogSwitchesSrc_PRS,"ax",%progbits
 133              		.align	2
 134              		.global	SMS_LIB_V3_50_SetAnalogSwitchesSrc_PRS
 135              		.thumb
 136              		.thumb_func
 137              		.type	SMS_LIB_V3_50_SetAnalogSwitchesSrc_PRS, %function
 138              	SMS_LIB_V3_50_SetAnalogSwitchesSrc_PRS:
 139              	.LFB5:
 196:.\Generated_Source\PSoC5/CapSense_CSD_SMS_Wrapper.c ****     prescaler = prescaler;
 197:.\Generated_Source\PSoC5/CapSense_CSD_SMS_Wrapper.c **** }
 198:.\Generated_Source\PSoC5/CapSense_CSD_SMS_Wrapper.c **** 
 199:.\Generated_Source\PSoC5/CapSense_CSD_SMS_Wrapper.c **** void SMS_LIB_V3_50_SetAnalogSwitchesSrc_PRS(void) 
 200:.\Generated_Source\PSoC5/CapSense_CSD_SMS_Wrapper.c **** {
 140              		.loc 1 200 0
 141              		.cfi_startproc
 142              		@ args = 0, pretend = 0, frame = 0
ARM GAS  C:\Users\LUKASC~1\AppData\Local\Temp\ccXBejNW.s 			page 7


 143              		@ frame_needed = 0, uses_anonymous_args = 0
 144              		.loc 1 200 0
 145 0000 08B5     		push	{r3, lr}
 146              		.cfi_def_cfa_offset 8
 147              		.cfi_offset 3, -8
 148              		.cfi_offset 14, -4
 201:.\Generated_Source\PSoC5/CapSense_CSD_SMS_Wrapper.c **** 	CapSense_CSD_SetAnalogSwitchesSource(CapSense_CSD_ANALOG_SWITCHES_SRC_PRS);
 149              		.loc 1 201 0
 150 0002 0220     		movs	r0, #2
 151 0004 FFF7FEFF 		bl	CapSense_CSD_SetAnalogSwitchesSource
 152              	.LVL7:
 153 0008 08BD     		pop	{r3, pc}
 154              		.cfi_endproc
 155              	.LFE5:
 156              		.size	SMS_LIB_V3_50_SetAnalogSwitchesSrc_PRS, .-SMS_LIB_V3_50_SetAnalogSwitchesSrc_PRS
 157 000a 00BF     		.section	.text.SMS_LIB_V3_50_SetAnalogSwitchesSrc_Prescaler,"ax",%progbits
 158              		.align	2
 159              		.global	SMS_LIB_V3_50_SetAnalogSwitchesSrc_Prescaler
 160              		.thumb
 161              		.thumb_func
 162              		.type	SMS_LIB_V3_50_SetAnalogSwitchesSrc_Prescaler, %function
 163              	SMS_LIB_V3_50_SetAnalogSwitchesSrc_Prescaler:
 164              	.LFB6:
 202:.\Generated_Source\PSoC5/CapSense_CSD_SMS_Wrapper.c **** }
 203:.\Generated_Source\PSoC5/CapSense_CSD_SMS_Wrapper.c **** 
 204:.\Generated_Source\PSoC5/CapSense_CSD_SMS_Wrapper.c **** void SMS_LIB_V3_50_SetAnalogSwitchesSrc_Prescaler(void) 
 205:.\Generated_Source\PSoC5/CapSense_CSD_SMS_Wrapper.c **** {
 165              		.loc 1 205 0
 166              		.cfi_startproc
 167              		@ args = 0, pretend = 0, frame = 0
 168              		@ frame_needed = 0, uses_anonymous_args = 0
 169 0000 08B5     		push	{r3, lr}
 170              		.cfi_def_cfa_offset 8
 171              		.cfi_offset 3, -8
 172              		.cfi_offset 14, -4
 206:.\Generated_Source\PSoC5/CapSense_CSD_SMS_Wrapper.c **** 	CapSense_CSD_SetAnalogSwitchesSource(CapSense_CSD_ANALOG_SWITCHES_SRC_PRESCALER);
 173              		.loc 1 206 0
 174 0002 0120     		movs	r0, #1
 175 0004 FFF7FEFF 		bl	CapSense_CSD_SetAnalogSwitchesSource
 176              	.LVL8:
 177 0008 08BD     		pop	{r3, pc}
 178              		.cfi_endproc
 179              	.LFE6:
 180              		.size	SMS_LIB_V3_50_SetAnalogSwitchesSrc_Prescaler, .-SMS_LIB_V3_50_SetAnalogSwitchesSrc_Prescaler
 181              		.global	SMS_LIB_TotalSnsCnt_CH1
 182              		.global	SMS_LIB_TotalSnsCnt_CH0
 183              		.global	SMS_LIB_EndOfWidgInd
 184              		.global	SMS_LIB_TotalScanSlCnt
 185              		.global	SMS_LIB_TotalSnsCnt
 186              		.global	SMS_LIB_Var2
 187              		.global	SMS_LIB_Var1
 188              		.comm	SMS_LIB_Table9,1,4
 189              		.comm	SMS_LIB_Table8,1,4
 190              		.comm	SMS_LIB_Table7,8,4
 191              		.comm	SMS_LIB_Table6,8,4
 192              		.comm	SMS_LIB_Table5,16,4
 193              		.comm	SMS_LIB_Table4,16,4
ARM GAS  C:\Users\LUKASC~1\AppData\Local\Temp\ccXBejNW.s 			page 8


 194              		.comm	SMS_LIB_Table3,8,4
 195              		.comm	SMS_LIB_Table2,8,4
 196              		.global	SMS_LIB_PrescalerTbl
 197              		.global	SMS_LIB_SensorSensitivity
 198              		.global	SMS_LIB_SensorBaseline
 199              		.global	SMS_LIB_SensorRaw
 200              		.global	SMS_LIB_prescaler
 201              		.global	SMS_LIB_idacSettings
 202              		.global	SMS_LIB_fingerThreshold
 203              		.global	SMS_LIB_rawDataIndex
 204              		.global	SMS_LIB_numberOfSensors
 205              		.global	SMS_LIB_widgetNumber
 206              		.global	SMS_LIB_widgetResolution
 207              		.global	SMS_LIB_hysteresis
 208              		.global	SMS_LIB_noiseThreshold
 209 000a 00BF     		.section	.rodata
 210              		.align	2
 211              		.type	SMS_LIB_PrescalerTbl, %object
 212              		.size	SMS_LIB_PrescalerTbl, 32
 213              	SMS_LIB_PrescalerTbl:
 214 0000 01       		.byte	1
 215 0001 01       		.byte	1
 216 0002 01       		.byte	1
 217 0003 01       		.byte	1
 218 0004 01       		.byte	1
 219 0005 01       		.byte	1
 220 0006 02       		.byte	2
 221 0007 02       		.byte	2
 222 0008 02       		.byte	2
 223 0009 02       		.byte	2
 224 000a 02       		.byte	2
 225 000b 03       		.byte	3
 226 000c 03       		.byte	3
 227 000d 03       		.byte	3
 228 000e 03       		.byte	3
 229 000f 03       		.byte	3
 230 0010 03       		.byte	3
 231 0011 04       		.byte	4
 232 0012 04       		.byte	4
 233 0013 04       		.byte	4
 234 0014 04       		.byte	4
 235 0015 04       		.byte	4
 236 0016 04       		.byte	4
 237 0017 05       		.byte	5
 238 0018 05       		.byte	5
 239 0019 05       		.byte	5
 240 001a 05       		.byte	5
 241 001b 05       		.byte	5
 242 001c 05       		.byte	5
 243 001d 06       		.byte	6
 244 001e 06       		.byte	6
 245 001f 06       		.byte	6
 246              		.type	SMS_LIB_SensorSensitivity, %object
 247              		.size	SMS_LIB_SensorSensitivity, 8
 248              	SMS_LIB_SensorSensitivity:
 249 0020 02       		.byte	2
 250 0021 02       		.byte	2
ARM GAS  C:\Users\LUKASC~1\AppData\Local\Temp\ccXBejNW.s 			page 9


 251 0022 02       		.byte	2
 252 0023 02       		.byte	2
 253 0024 02       		.byte	2
 254 0025 02       		.byte	2
 255 0026 02       		.byte	2
 256 0027 02       		.byte	2
 257              		.data
 258              		.align	2
 259              		.type	SMS_LIB_EndOfWidgInd, %object
 260              		.size	SMS_LIB_EndOfWidgInd, 1
 261              	SMS_LIB_EndOfWidgInd:
 262 0000 01       		.byte	1
 263              		.type	SMS_LIB_TotalScanSlCnt, %object
 264              		.size	SMS_LIB_TotalScanSlCnt, 1
 265              	SMS_LIB_TotalScanSlCnt:
 266 0001 08       		.byte	8
 267              		.type	SMS_LIB_TotalSnsCnt, %object
 268              		.size	SMS_LIB_TotalSnsCnt, 1
 269              	SMS_LIB_TotalSnsCnt:
 270 0002 08       		.byte	8
 271 0003 00       		.space	1
 272              		.type	SMS_LIB_Var2, %object
 273              		.size	SMS_LIB_Var2, 2
 274              	SMS_LIB_Var2:
 275 0004 F229     		.short	10738
 276              		.type	SMS_LIB_Var1, %object
 277              		.size	SMS_LIB_Var1, 1
 278              	SMS_LIB_Var1:
 279 0006 05       		.byte	5
 280 0007 00       		.space	1
 281              		.type	SMS_LIB_SensorBaseline, %object
 282              		.size	SMS_LIB_SensorBaseline, 4
 283              	SMS_LIB_SensorBaseline:
 284 0008 00000000 		.word	CapSense_CSD_sensorBaseline
 285              		.type	SMS_LIB_SensorRaw, %object
 286              		.size	SMS_LIB_SensorRaw, 4
 287              	SMS_LIB_SensorRaw:
 288 000c 00000000 		.word	CapSense_CSD_sensorRaw
 289              		.type	SMS_LIB_prescaler, %object
 290              		.size	SMS_LIB_prescaler, 4
 291              	SMS_LIB_prescaler:
 292 0010 00000000 		.word	CapSense_CSD_analogSwitchDivider
 293              		.type	SMS_LIB_idacSettings, %object
 294              		.size	SMS_LIB_idacSettings, 4
 295              	SMS_LIB_idacSettings:
 296 0014 00000000 		.word	CapSense_CSD_idacSettings
 297              		.type	SMS_LIB_fingerThreshold, %object
 298              		.size	SMS_LIB_fingerThreshold, 4
 299              	SMS_LIB_fingerThreshold:
 300 0018 00000000 		.word	CapSense_CSD_fingerThreshold
 301              		.type	SMS_LIB_rawDataIndex, %object
 302              		.size	SMS_LIB_rawDataIndex, 4
 303              	SMS_LIB_rawDataIndex:
 304 001c 00000000 		.word	CapSense_CSD_rawDataIndex
 305              		.type	SMS_LIB_numberOfSensors, %object
 306              		.size	SMS_LIB_numberOfSensors, 4
 307              	SMS_LIB_numberOfSensors:
ARM GAS  C:\Users\LUKASC~1\AppData\Local\Temp\ccXBejNW.s 			page 10


 308 0020 00000000 		.word	CapSense_CSD_numberOfSensors
 309              		.type	SMS_LIB_widgetNumber, %object
 310              		.size	SMS_LIB_widgetNumber, 4
 311              	SMS_LIB_widgetNumber:
 312 0024 00000000 		.word	CapSense_CSD_widgetNumber
 313              		.type	SMS_LIB_widgetResolution, %object
 314              		.size	SMS_LIB_widgetResolution, 4
 315              	SMS_LIB_widgetResolution:
 316 0028 00000000 		.word	CapSense_CSD_widgetResolution
 317              		.type	SMS_LIB_hysteresis, %object
 318              		.size	SMS_LIB_hysteresis, 4
 319              	SMS_LIB_hysteresis:
 320 002c 00000000 		.word	CapSense_CSD_hysteresis
 321              		.type	SMS_LIB_noiseThreshold, %object
 322              		.size	SMS_LIB_noiseThreshold, 4
 323              	SMS_LIB_noiseThreshold:
 324 0030 00000000 		.word	CapSense_CSD_noiseThreshold
 325              		.bss
 326              		.type	SMS_LIB_TotalSnsCnt_CH1, %object
 327              		.size	SMS_LIB_TotalSnsCnt_CH1, 1
 328              	SMS_LIB_TotalSnsCnt_CH1:
 329 0000 00       		.space	1
 330              		.type	SMS_LIB_TotalSnsCnt_CH0, %object
 331              		.size	SMS_LIB_TotalSnsCnt_CH0, 1
 332              	SMS_LIB_TotalSnsCnt_CH0:
 333 0001 00       		.space	1
 334              		.text
 335              	.Letext0:
 336              		.file 2 ".\\Generated_Source\\PSoC5\\cytypes.h"
 337              		.file 3 ".\\Generated_Source\\PSoC5\\CapSense_CSD.h"
 338              		.file 4 ".\\Generated_Source\\PSoC5\\CapSense_CSD_CSHL.h"
 339              		.section	.debug_info,"",%progbits
 340              	.Ldebug_info0:
 341 0000 B2040000 		.4byte	0x4b2
 342 0004 0400     		.2byte	0x4
 343 0006 00000000 		.4byte	.Ldebug_abbrev0
 344 000a 04       		.byte	0x4
 345 000b 01       		.uleb128 0x1
 346 000c 3E050000 		.4byte	.LASF64
 347 0010 01       		.byte	0x1
 348 0011 49010000 		.4byte	.LASF65
 349 0015 D1010000 		.4byte	.LASF66
 350 0019 00000000 		.4byte	.Ldebug_ranges0+0
 351 001d 00000000 		.4byte	0
 352 0021 00000000 		.4byte	.Ldebug_line0
 353 0025 02       		.uleb128 0x2
 354 0026 01       		.byte	0x1
 355 0027 06       		.byte	0x6
 356 0028 3D010000 		.4byte	.LASF0
 357 002c 02       		.uleb128 0x2
 358 002d 01       		.byte	0x1
 359 002e 08       		.byte	0x8
 360 002f AA030000 		.4byte	.LASF1
 361 0033 02       		.uleb128 0x2
 362 0034 02       		.byte	0x2
 363 0035 05       		.byte	0x5
 364 0036 C7030000 		.4byte	.LASF2
ARM GAS  C:\Users\LUKASC~1\AppData\Local\Temp\ccXBejNW.s 			page 11


 365 003a 02       		.uleb128 0x2
 366 003b 02       		.byte	0x2
 367 003c 07       		.byte	0x7
 368 003d A0020000 		.4byte	.LASF3
 369 0041 02       		.uleb128 0x2
 370 0042 04       		.byte	0x4
 371 0043 05       		.byte	0x5
 372 0044 8A010000 		.4byte	.LASF4
 373 0048 02       		.uleb128 0x2
 374 0049 04       		.byte	0x4
 375 004a 07       		.byte	0x7
 376 004b 6D020000 		.4byte	.LASF5
 377 004f 02       		.uleb128 0x2
 378 0050 08       		.byte	0x8
 379 0051 05       		.byte	0x5
 380 0052 2F010000 		.4byte	.LASF6
 381 0056 02       		.uleb128 0x2
 382 0057 08       		.byte	0x8
 383 0058 07       		.byte	0x7
 384 0059 05010000 		.4byte	.LASF7
 385 005d 03       		.uleb128 0x3
 386 005e 04       		.byte	0x4
 387 005f 05       		.byte	0x5
 388 0060 696E7400 		.ascii	"int\000"
 389 0064 02       		.uleb128 0x2
 390 0065 04       		.byte	0x4
 391 0066 07       		.byte	0x7
 392 0067 3F020000 		.4byte	.LASF8
 393 006b 04       		.uleb128 0x4
 394 006c AD010000 		.4byte	.LASF9
 395 0070 02       		.byte	0x2
 396 0071 3801     		.2byte	0x138
 397 0073 2C000000 		.4byte	0x2c
 398 0077 04       		.uleb128 0x4
 399 0078 00000000 		.4byte	.LASF10
 400 007c 02       		.byte	0x2
 401 007d 3901     		.2byte	0x139
 402 007f 3A000000 		.4byte	0x3a
 403 0083 02       		.uleb128 0x2
 404 0084 04       		.byte	0x4
 405 0085 04       		.byte	0x4
 406 0086 7D030000 		.4byte	.LASF11
 407 008a 02       		.uleb128 0x2
 408 008b 08       		.byte	0x8
 409 008c 04       		.byte	0x4
 410 008d B3010000 		.4byte	.LASF12
 411 0091 02       		.uleb128 0x2
 412 0092 01       		.byte	0x1
 413 0093 08       		.byte	0x8
 414 0094 93040000 		.4byte	.LASF13
 415 0098 02       		.uleb128 0x2
 416 0099 04       		.byte	0x4
 417 009a 07       		.byte	0x7
 418 009b 20030000 		.4byte	.LASF14
 419 009f 05       		.uleb128 0x5
 420 00a0 33040000 		.4byte	.LASF15
 421 00a4 01       		.byte	0x1
ARM GAS  C:\Users\LUKASC~1\AppData\Local\Temp\ccXBejNW.s 			page 12


 422 00a5 6A       		.byte	0x6a
 423 00a6 00000000 		.4byte	.LFB0
 424 00aa 08000000 		.4byte	.LFE0-.LFB0
 425 00ae 01       		.uleb128 0x1
 426 00af 9C       		.byte	0x9c
 427 00b0 CD000000 		.4byte	0xcd
 428 00b4 06       		.uleb128 0x6
 429 00b5 7D010000 		.4byte	.LASF17
 430 00b9 01       		.byte	0x1
 431 00ba 6A       		.byte	0x6a
 432 00bb 6B000000 		.4byte	0x6b
 433 00bf 00000000 		.4byte	.LLST0
 434 00c3 07       		.uleb128 0x7
 435 00c4 06000000 		.4byte	.LVL1
 436 00c8 74040000 		.4byte	0x474
 437 00cc 00       		.byte	0
 438 00cd 08       		.uleb128 0x8
 439 00ce B8030000 		.4byte	.LASF67
 440 00d2 01       		.byte	0x1
 441 00d3 7D       		.byte	0x7d
 442 00d4 6B000000 		.4byte	0x6b
 443 00d8 00000000 		.4byte	.LFB1
 444 00dc 08000000 		.4byte	.LFE1-.LFB1
 445 00e0 01       		.uleb128 0x1
 446 00e1 9C       		.byte	0x9c
 447 00e2 F0000000 		.4byte	0xf0
 448 00e6 07       		.uleb128 0x7
 449 00e7 06000000 		.4byte	.LVL2
 450 00eb 85040000 		.4byte	0x485
 451 00ef 00       		.byte	0
 452 00f0 05       		.uleb128 0x5
 453 00f1 4C020000 		.4byte	.LASF16
 454 00f5 01       		.byte	0x1
 455 00f6 94       		.byte	0x94
 456 00f7 00000000 		.4byte	.LFB2
 457 00fb 08000000 		.4byte	.LFE2-.LFB2
 458 00ff 01       		.uleb128 0x1
 459 0100 9C       		.byte	0x9c
 460 0101 1E010000 		.4byte	0x11e
 461 0105 06       		.uleb128 0x6
 462 0106 7D010000 		.4byte	.LASF17
 463 010a 01       		.byte	0x1
 464 010b 94       		.byte	0x94
 465 010c 6B000000 		.4byte	0x6b
 466 0110 21000000 		.4byte	.LLST1
 467 0114 07       		.uleb128 0x7
 468 0115 06000000 		.4byte	.LVL4
 469 0119 90040000 		.4byte	0x490
 470 011d 00       		.byte	0
 471 011e 05       		.uleb128 0x5
 472 011f 70000000 		.4byte	.LASF18
 473 0123 01       		.byte	0x1
 474 0124 AB       		.byte	0xab
 475 0125 00000000 		.4byte	.LFB3
 476 0129 08000000 		.4byte	.LFE3-.LFB3
 477 012d 01       		.uleb128 0x1
 478 012e 9C       		.byte	0x9c
ARM GAS  C:\Users\LUKASC~1\AppData\Local\Temp\ccXBejNW.s 			page 13


 479 012f 3D010000 		.4byte	0x13d
 480 0133 07       		.uleb128 0x7
 481 0134 06000000 		.4byte	.LVL5
 482 0138 A1040000 		.4byte	0x4a1
 483 013c 00       		.byte	0
 484 013d 05       		.uleb128 0x5
 485 013e 11060000 		.4byte	.LASF19
 486 0142 01       		.byte	0x1
 487 0143 C2       		.byte	0xc2
 488 0144 00000000 		.4byte	.LFB4
 489 0148 02000000 		.4byte	.LFE4-.LFB4
 490 014c 01       		.uleb128 0x1
 491 014d 9C       		.byte	0x9c
 492 014e 62010000 		.4byte	0x162
 493 0152 06       		.uleb128 0x6
 494 0153 83030000 		.4byte	.LASF20
 495 0157 01       		.byte	0x1
 496 0158 C2       		.byte	0xc2
 497 0159 6B000000 		.4byte	0x6b
 498 015d 42000000 		.4byte	.LLST2
 499 0161 00       		.byte	0
 500 0162 05       		.uleb128 0x5
 501 0163 86000000 		.4byte	.LASF21
 502 0167 01       		.byte	0x1
 503 0168 C7       		.byte	0xc7
 504 0169 00000000 		.4byte	.LFB5
 505 016d 0A000000 		.4byte	.LFE5-.LFB5
 506 0171 01       		.uleb128 0x1
 507 0172 9C       		.byte	0x9c
 508 0173 87010000 		.4byte	0x187
 509 0177 09       		.uleb128 0x9
 510 0178 08000000 		.4byte	.LVL7
 511 017c A8040000 		.4byte	0x4a8
 512 0180 0A       		.uleb128 0xa
 513 0181 01       		.uleb128 0x1
 514 0182 50       		.byte	0x50
 515 0183 01       		.uleb128 0x1
 516 0184 32       		.byte	0x32
 517 0185 00       		.byte	0
 518 0186 00       		.byte	0
 519 0187 05       		.uleb128 0x5
 520 0188 AF040000 		.4byte	.LASF22
 521 018c 01       		.byte	0x1
 522 018d CC       		.byte	0xcc
 523 018e 00000000 		.4byte	.LFB6
 524 0192 0A000000 		.4byte	.LFE6-.LFB6
 525 0196 01       		.uleb128 0x1
 526 0197 9C       		.byte	0x9c
 527 0198 AC010000 		.4byte	0x1ac
 528 019c 09       		.uleb128 0x9
 529 019d 08000000 		.4byte	.LVL8
 530 01a1 A8040000 		.4byte	0x4a8
 531 01a5 0A       		.uleb128 0xa
 532 01a6 01       		.uleb128 0x1
 533 01a7 50       		.byte	0x50
 534 01a8 01       		.uleb128 0x1
 535 01a9 31       		.byte	0x31
ARM GAS  C:\Users\LUKASC~1\AppData\Local\Temp\ccXBejNW.s 			page 14


 536 01aa 00       		.byte	0
 537 01ab 00       		.byte	0
 538 01ac 0B       		.uleb128 0xb
 539 01ad 77000000 		.4byte	0x77
 540 01b1 BC010000 		.4byte	0x1bc
 541 01b5 0C       		.uleb128 0xc
 542 01b6 98000000 		.4byte	0x98
 543 01ba 07       		.byte	0x7
 544 01bb 00       		.byte	0
 545 01bc 0D       		.uleb128 0xd
 546 01bd FA030000 		.4byte	.LASF23
 547 01c1 03       		.byte	0x3
 548 01c2 C002     		.2byte	0x2c0
 549 01c4 AC010000 		.4byte	0x1ac
 550 01c8 0B       		.uleb128 0xb
 551 01c9 6B000000 		.4byte	0x6b
 552 01cd D8010000 		.4byte	0x1d8
 553 01d1 0C       		.uleb128 0xc
 554 01d2 98000000 		.4byte	0x98
 555 01d6 07       		.byte	0x7
 556 01d7 00       		.byte	0
 557 01d8 0D       		.uleb128 0xd
 558 01d9 93010000 		.4byte	.LASF24
 559 01dd 04       		.byte	0x4
 560 01de 0401     		.2byte	0x104
 561 01e0 E4010000 		.4byte	0x1e4
 562 01e4 0E       		.uleb128 0xe
 563 01e5 C8010000 		.4byte	0x1c8
 564 01e9 0D       		.uleb128 0xd
 565 01ea 23020000 		.4byte	.LASF25
 566 01ee 04       		.byte	0x4
 567 01ef 0601     		.2byte	0x106
 568 01f1 AC010000 		.4byte	0x1ac
 569 01f5 0B       		.uleb128 0xb
 570 01f6 6B000000 		.4byte	0x6b
 571 01fa 05020000 		.4byte	0x205
 572 01fe 0C       		.uleb128 0xc
 573 01ff 98000000 		.4byte	0x98
 574 0203 00       		.byte	0
 575 0204 00       		.byte	0
 576 0205 0F       		.uleb128 0xf
 577 0206 77040000 		.4byte	.LASF26
 578 020a 01       		.byte	0x1
 579 020b 17       		.byte	0x17
 580 020c F5010000 		.4byte	0x1f5
 581 0210 0F       		.uleb128 0xf
 582 0211 14050000 		.4byte	.LASF27
 583 0215 01       		.byte	0x1
 584 0216 18       		.byte	0x18
 585 0217 F5010000 		.4byte	0x1f5
 586 021b 0F       		.uleb128 0xf
 587 021c DC040000 		.4byte	.LASF28
 588 0220 01       		.byte	0x1
 589 0221 19       		.byte	0x19
 590 0222 F5010000 		.4byte	0x1f5
 591 0226 0F       		.uleb128 0xf
 592 0227 46040000 		.4byte	.LASF29
ARM GAS  C:\Users\LUKASC~1\AppData\Local\Temp\ccXBejNW.s 			page 15


 593 022b 01       		.byte	0x1
 594 022c 1A       		.byte	0x1a
 595 022d 31020000 		.4byte	0x231
 596 0231 0E       		.uleb128 0xe
 597 0232 F5010000 		.4byte	0x1f5
 598 0236 0F       		.uleb128 0xf
 599 0237 26060000 		.4byte	.LASF30
 600 023b 01       		.byte	0x1
 601 023c 1B       		.byte	0x1b
 602 023d 41020000 		.4byte	0x241
 603 0241 0E       		.uleb128 0xe
 604 0242 F5010000 		.4byte	0x1f5
 605 0246 0F       		.uleb128 0xf
 606 0247 8D030000 		.4byte	.LASF31
 607 024b 01       		.byte	0x1
 608 024c 1D       		.byte	0x1d
 609 024d F5010000 		.4byte	0x1f5
 610 0251 0F       		.uleb128 0xf
 611 0252 FA040000 		.4byte	.LASF32
 612 0256 01       		.byte	0x1
 613 0257 1E       		.byte	0x1e
 614 0258 C8010000 		.4byte	0x1c8
 615 025c 0F       		.uleb128 0xf
 616 025d 7F020000 		.4byte	.LASF33
 617 0261 01       		.byte	0x1
 618 0262 1F       		.byte	0x1f
 619 0263 C8010000 		.4byte	0x1c8
 620 0267 10       		.uleb128 0x10
 621 0268 09030000 		.4byte	.LASF34
 622 026c 01       		.byte	0x1
 623 026d 25       		.byte	0x25
 624 026e 78020000 		.4byte	0x278
 625 0272 05       		.uleb128 0x5
 626 0273 03       		.byte	0x3
 627 0274 00000000 		.4byte	SMS_LIB_noiseThreshold
 628 0278 11       		.uleb128 0x11
 629 0279 04       		.byte	0x4
 630 027a 6B000000 		.4byte	0x6b
 631 027e 10       		.uleb128 0x10
 632 027f 1C010000 		.4byte	.LASF35
 633 0283 01       		.byte	0x1
 634 0284 26       		.byte	0x26
 635 0285 78020000 		.4byte	0x278
 636 0289 05       		.uleb128 0x5
 637 028a 03       		.byte	0x3
 638 028b 00000000 		.4byte	SMS_LIB_hysteresis
 639 028f 10       		.uleb128 0x10
 640 0290 D4000000 		.4byte	.LASF36
 641 0294 01       		.byte	0x1
 642 0295 28       		.byte	0x28
 643 0296 78020000 		.4byte	0x278
 644 029a 05       		.uleb128 0x5
 645 029b 03       		.byte	0x3
 646 029c 00000000 		.4byte	SMS_LIB_widgetResolution
 647 02a0 10       		.uleb128 0x10
 648 02a1 AD000000 		.4byte	.LASF37
 649 02a5 01       		.byte	0x1
ARM GAS  C:\Users\LUKASC~1\AppData\Local\Temp\ccXBejNW.s 			page 16


 650 02a6 2A       		.byte	0x2a
 651 02a7 B1020000 		.4byte	0x2b1
 652 02ab 05       		.uleb128 0x5
 653 02ac 03       		.byte	0x3
 654 02ad 00000000 		.4byte	SMS_LIB_widgetNumber
 655 02b1 11       		.uleb128 0x11
 656 02b2 04       		.byte	0x4
 657 02b3 B7020000 		.4byte	0x2b7
 658 02b7 0E       		.uleb128 0xe
 659 02b8 6B000000 		.4byte	0x6b
 660 02bc 10       		.uleb128 0x10
 661 02bd ED000000 		.4byte	.LASF38
 662 02c1 01       		.byte	0x1
 663 02c2 2B       		.byte	0x2b
 664 02c3 B1020000 		.4byte	0x2b1
 665 02c7 05       		.uleb128 0x5
 666 02c8 03       		.byte	0x3
 667 02c9 00000000 		.4byte	SMS_LIB_numberOfSensors
 668 02cd 10       		.uleb128 0x10
 669 02ce 29030000 		.4byte	.LASF39
 670 02d2 01       		.byte	0x1
 671 02d3 2C       		.byte	0x2c
 672 02d4 B1020000 		.4byte	0x2b1
 673 02d8 05       		.uleb128 0x5
 674 02d9 03       		.byte	0x3
 675 02da 00000000 		.4byte	SMS_LIB_rawDataIndex
 676 02de 10       		.uleb128 0x10
 677 02df 40060000 		.4byte	.LASF40
 678 02e3 01       		.byte	0x1
 679 02e4 2E       		.byte	0x2e
 680 02e5 78020000 		.4byte	0x278
 681 02e9 05       		.uleb128 0x5
 682 02ea 03       		.byte	0x3
 683 02eb 00000000 		.4byte	SMS_LIB_fingerThreshold
 684 02ef 10       		.uleb128 0x10
 685 02f0 D1030000 		.4byte	.LASF41
 686 02f4 01       		.byte	0x1
 687 02f5 2F       		.byte	0x2f
 688 02f6 78020000 		.4byte	0x278
 689 02fa 05       		.uleb128 0x5
 690 02fb 03       		.byte	0x3
 691 02fc 00000000 		.4byte	SMS_LIB_idacSettings
 692 0300 10       		.uleb128 0x10
 693 0301 C2000000 		.4byte	.LASF42
 694 0305 01       		.byte	0x1
 695 0306 30       		.byte	0x30
 696 0307 78020000 		.4byte	0x278
 697 030b 05       		.uleb128 0x5
 698 030c 03       		.byte	0x3
 699 030d 00000000 		.4byte	SMS_LIB_prescaler
 700 0311 10       		.uleb128 0x10
 701 0312 2C050000 		.4byte	.LASF43
 702 0316 01       		.byte	0x1
 703 0317 32       		.byte	0x32
 704 0318 22030000 		.4byte	0x322
 705 031c 05       		.uleb128 0x5
 706 031d 03       		.byte	0x3
ARM GAS  C:\Users\LUKASC~1\AppData\Local\Temp\ccXBejNW.s 			page 17


 707 031e 00000000 		.4byte	SMS_LIB_SensorRaw
 708 0322 11       		.uleb128 0x11
 709 0323 04       		.byte	0x4
 710 0324 77000000 		.4byte	0x77
 711 0328 10       		.uleb128 0x10
 712 0329 98040000 		.4byte	.LASF44
 713 032d 01       		.byte	0x1
 714 032e 33       		.byte	0x33
 715 032f 22030000 		.4byte	0x322
 716 0333 05       		.uleb128 0x5
 717 0334 03       		.byte	0x3
 718 0335 00000000 		.4byte	SMS_LIB_SensorBaseline
 719 0339 10       		.uleb128 0x10
 720 033a E0020000 		.4byte	.LASF45
 721 033e 01       		.byte	0x1
 722 033f 35       		.byte	0x35
 723 0340 4A030000 		.4byte	0x34a
 724 0344 05       		.uleb128 0x5
 725 0345 03       		.byte	0x3
 726 0346 00000000 		.4byte	SMS_LIB_SensorSensitivity
 727 034a 0E       		.uleb128 0xe
 728 034b C8010000 		.4byte	0x1c8
 729 034f 0B       		.uleb128 0xb
 730 0350 6B000000 		.4byte	0x6b
 731 0354 5F030000 		.4byte	0x35f
 732 0358 0C       		.uleb128 0xc
 733 0359 98000000 		.4byte	0x98
 734 035d 1F       		.byte	0x1f
 735 035e 00       		.byte	0
 736 035f 10       		.uleb128 0x10
 737 0360 B3020000 		.4byte	.LASF46
 738 0364 01       		.byte	0x1
 739 0365 3A       		.byte	0x3a
 740 0366 70030000 		.4byte	0x370
 741 036a 05       		.uleb128 0x5
 742 036b 03       		.byte	0x3
 743 036c 00000000 		.4byte	SMS_LIB_PrescalerTbl
 744 0370 0E       		.uleb128 0xe
 745 0371 4F030000 		.4byte	0x34f
 746 0375 10       		.uleb128 0x10
 747 0376 FA020000 		.4byte	.LASF47
 748 037a 01       		.byte	0x1
 749 037b 40       		.byte	0x40
 750 037c C8010000 		.4byte	0x1c8
 751 0380 05       		.uleb128 0x5
 752 0381 03       		.byte	0x3
 753 0382 00000000 		.4byte	SMS_LIB_Table2
 754 0386 10       		.uleb128 0x10
 755 0387 07000000 		.4byte	.LASF48
 756 038b 01       		.byte	0x1
 757 038c 41       		.byte	0x41
 758 038d C8010000 		.4byte	0x1c8
 759 0391 05       		.uleb128 0x5
 760 0392 03       		.byte	0x3
 761 0393 00000000 		.4byte	SMS_LIB_Table3
 762 0397 10       		.uleb128 0x10
 763 0398 16000000 		.4byte	.LASF49
ARM GAS  C:\Users\LUKASC~1\AppData\Local\Temp\ccXBejNW.s 			page 18


 764 039c 01       		.byte	0x1
 765 039d 42       		.byte	0x42
 766 039e AC010000 		.4byte	0x1ac
 767 03a2 05       		.uleb128 0x5
 768 03a3 03       		.byte	0x3
 769 03a4 00000000 		.4byte	SMS_LIB_Table4
 770 03a8 10       		.uleb128 0x10
 771 03a9 25000000 		.4byte	.LASF50
 772 03ad 01       		.byte	0x1
 773 03ae 43       		.byte	0x43
 774 03af AC010000 		.4byte	0x1ac
 775 03b3 05       		.uleb128 0x5
 776 03b4 03       		.byte	0x3
 777 03b5 00000000 		.4byte	SMS_LIB_Table5
 778 03b9 10       		.uleb128 0x10
 779 03ba 34000000 		.4byte	.LASF51
 780 03be 01       		.byte	0x1
 781 03bf 44       		.byte	0x44
 782 03c0 C8010000 		.4byte	0x1c8
 783 03c4 05       		.uleb128 0x5
 784 03c5 03       		.byte	0x3
 785 03c6 00000000 		.4byte	SMS_LIB_Table6
 786 03ca 10       		.uleb128 0x10
 787 03cb 43000000 		.4byte	.LASF52
 788 03cf 01       		.byte	0x1
 789 03d0 45       		.byte	0x45
 790 03d1 C8010000 		.4byte	0x1c8
 791 03d5 05       		.uleb128 0x5
 792 03d6 03       		.byte	0x3
 793 03d7 00000000 		.4byte	SMS_LIB_Table7
 794 03db 10       		.uleb128 0x10
 795 03dc 52000000 		.4byte	.LASF53
 796 03e0 01       		.byte	0x1
 797 03e1 47       		.byte	0x47
 798 03e2 F5010000 		.4byte	0x1f5
 799 03e6 05       		.uleb128 0x5
 800 03e7 03       		.byte	0x3
 801 03e8 00000000 		.4byte	SMS_LIB_Table8
 802 03ec 10       		.uleb128 0x10
 803 03ed 61000000 		.4byte	.LASF54
 804 03f1 01       		.byte	0x1
 805 03f2 48       		.byte	0x48
 806 03f3 F5010000 		.4byte	0x1f5
 807 03f7 05       		.uleb128 0x5
 808 03f8 03       		.byte	0x3
 809 03f9 00000000 		.4byte	SMS_LIB_Table9
 810 03fd 10       		.uleb128 0x10
 811 03fe 58060000 		.4byte	.LASF55
 812 0402 01       		.byte	0x1
 813 0403 4A       		.byte	0x4a
 814 0404 6B000000 		.4byte	0x6b
 815 0408 05       		.uleb128 0x5
 816 0409 03       		.byte	0x3
 817 040a 00000000 		.4byte	SMS_LIB_Var1
 818 040e 10       		.uleb128 0x10
 819 040f 65060000 		.4byte	.LASF56
 820 0413 01       		.byte	0x1
ARM GAS  C:\Users\LUKASC~1\AppData\Local\Temp\ccXBejNW.s 			page 19


 821 0414 4B       		.byte	0x4b
 822 0415 77000000 		.4byte	0x77
 823 0419 05       		.uleb128 0x5
 824 041a 03       		.byte	0x3
 825 041b 00000000 		.4byte	SMS_LIB_Var2
 826 041f 10       		.uleb128 0x10
 827 0420 63040000 		.4byte	.LASF57
 828 0424 01       		.byte	0x1
 829 0425 4D       		.byte	0x4d
 830 0426 6B000000 		.4byte	0x6b
 831 042a 05       		.uleb128 0x5
 832 042b 03       		.byte	0x3
 833 042c 00000000 		.4byte	SMS_LIB_TotalSnsCnt
 834 0430 10       		.uleb128 0x10
 835 0431 BA010000 		.4byte	.LASF58
 836 0435 01       		.byte	0x1
 837 0436 4E       		.byte	0x4e
 838 0437 6B000000 		.4byte	0x6b
 839 043b 05       		.uleb128 0x5
 840 043c 03       		.byte	0x3
 841 043d 00000000 		.4byte	SMS_LIB_TotalScanSlCnt
 842 0441 10       		.uleb128 0x10
 843 0442 FC050000 		.4byte	.LASF59
 844 0446 01       		.byte	0x1
 845 0447 4F       		.byte	0x4f
 846 0448 6B000000 		.4byte	0x6b
 847 044c 05       		.uleb128 0x5
 848 044d 03       		.byte	0x3
 849 044e 00000000 		.4byte	SMS_LIB_EndOfWidgInd
 850 0452 10       		.uleb128 0x10
 851 0453 CC050000 		.4byte	.LASF60
 852 0457 01       		.byte	0x1
 853 0458 55       		.byte	0x55
 854 0459 6B000000 		.4byte	0x6b
 855 045d 05       		.uleb128 0x5
 856 045e 03       		.byte	0x3
 857 045f 00000000 		.4byte	SMS_LIB_TotalSnsCnt_CH0
 858 0463 10       		.uleb128 0x10
 859 0464 E4050000 		.4byte	.LASF61
 860 0468 01       		.byte	0x1
 861 0469 56       		.byte	0x56
 862 046a 6B000000 		.4byte	0x6b
 863 046e 05       		.uleb128 0x5
 864 046f 03       		.byte	0x3
 865 0470 00000000 		.4byte	SMS_LIB_TotalSnsCnt_CH1
 866 0474 12       		.uleb128 0x12
 867 0475 C8020000 		.4byte	.LASF62
 868 0479 03       		.byte	0x3
 869 047a 9A       		.byte	0x9a
 870 047b 85040000 		.4byte	0x485
 871 047f 13       		.uleb128 0x13
 872 0480 6B000000 		.4byte	0x6b
 873 0484 00       		.byte	0
 874 0485 14       		.uleb128 0x14
 875 0486 E6030000 		.4byte	.LASF68
 876 048a 03       		.byte	0x3
 877 048b 99       		.byte	0x99
ARM GAS  C:\Users\LUKASC~1\AppData\Local\Temp\ccXBejNW.s 			page 20


 878 048c 6B000000 		.4byte	0x6b
 879 0490 12       		.uleb128 0x12
 880 0491 11040000 		.4byte	.LASF63
 881 0495 01       		.byte	0x1
 882 0496 21       		.byte	0x21
 883 0497 A1040000 		.4byte	0x4a1
 884 049b 13       		.uleb128 0x13
 885 049c 6B000000 		.4byte	0x6b
 886 04a0 00       		.byte	0
 887 04a1 15       		.uleb128 0x15
 888 04a2 3E030000 		.4byte	.LASF69
 889 04a6 01       		.byte	0x1
 890 04a7 22       		.byte	0x22
 891 04a8 16       		.uleb128 0x16
 892 04a9 58030000 		.4byte	.LASF70
 893 04ad 03       		.byte	0x3
 894 04ae A2       		.byte	0xa2
 895 04af 13       		.uleb128 0x13
 896 04b0 6B000000 		.4byte	0x6b
 897 04b4 00       		.byte	0
 898 04b5 00       		.byte	0
 899              		.section	.debug_abbrev,"",%progbits
 900              	.Ldebug_abbrev0:
 901 0000 01       		.uleb128 0x1
 902 0001 11       		.uleb128 0x11
 903 0002 01       		.byte	0x1
 904 0003 25       		.uleb128 0x25
 905 0004 0E       		.uleb128 0xe
 906 0005 13       		.uleb128 0x13
 907 0006 0B       		.uleb128 0xb
 908 0007 03       		.uleb128 0x3
 909 0008 0E       		.uleb128 0xe
 910 0009 1B       		.uleb128 0x1b
 911 000a 0E       		.uleb128 0xe
 912 000b 55       		.uleb128 0x55
 913 000c 17       		.uleb128 0x17
 914 000d 11       		.uleb128 0x11
 915 000e 01       		.uleb128 0x1
 916 000f 10       		.uleb128 0x10
 917 0010 17       		.uleb128 0x17
 918 0011 00       		.byte	0
 919 0012 00       		.byte	0
 920 0013 02       		.uleb128 0x2
 921 0014 24       		.uleb128 0x24
 922 0015 00       		.byte	0
 923 0016 0B       		.uleb128 0xb
 924 0017 0B       		.uleb128 0xb
 925 0018 3E       		.uleb128 0x3e
 926 0019 0B       		.uleb128 0xb
 927 001a 03       		.uleb128 0x3
 928 001b 0E       		.uleb128 0xe
 929 001c 00       		.byte	0
 930 001d 00       		.byte	0
 931 001e 03       		.uleb128 0x3
 932 001f 24       		.uleb128 0x24
 933 0020 00       		.byte	0
 934 0021 0B       		.uleb128 0xb
ARM GAS  C:\Users\LUKASC~1\AppData\Local\Temp\ccXBejNW.s 			page 21


 935 0022 0B       		.uleb128 0xb
 936 0023 3E       		.uleb128 0x3e
 937 0024 0B       		.uleb128 0xb
 938 0025 03       		.uleb128 0x3
 939 0026 08       		.uleb128 0x8
 940 0027 00       		.byte	0
 941 0028 00       		.byte	0
 942 0029 04       		.uleb128 0x4
 943 002a 16       		.uleb128 0x16
 944 002b 00       		.byte	0
 945 002c 03       		.uleb128 0x3
 946 002d 0E       		.uleb128 0xe
 947 002e 3A       		.uleb128 0x3a
 948 002f 0B       		.uleb128 0xb
 949 0030 3B       		.uleb128 0x3b
 950 0031 05       		.uleb128 0x5
 951 0032 49       		.uleb128 0x49
 952 0033 13       		.uleb128 0x13
 953 0034 00       		.byte	0
 954 0035 00       		.byte	0
 955 0036 05       		.uleb128 0x5
 956 0037 2E       		.uleb128 0x2e
 957 0038 01       		.byte	0x1
 958 0039 3F       		.uleb128 0x3f
 959 003a 19       		.uleb128 0x19
 960 003b 03       		.uleb128 0x3
 961 003c 0E       		.uleb128 0xe
 962 003d 3A       		.uleb128 0x3a
 963 003e 0B       		.uleb128 0xb
 964 003f 3B       		.uleb128 0x3b
 965 0040 0B       		.uleb128 0xb
 966 0041 27       		.uleb128 0x27
 967 0042 19       		.uleb128 0x19
 968 0043 11       		.uleb128 0x11
 969 0044 01       		.uleb128 0x1
 970 0045 12       		.uleb128 0x12
 971 0046 06       		.uleb128 0x6
 972 0047 40       		.uleb128 0x40
 973 0048 18       		.uleb128 0x18
 974 0049 9742     		.uleb128 0x2117
 975 004b 19       		.uleb128 0x19
 976 004c 01       		.uleb128 0x1
 977 004d 13       		.uleb128 0x13
 978 004e 00       		.byte	0
 979 004f 00       		.byte	0
 980 0050 06       		.uleb128 0x6
 981 0051 05       		.uleb128 0x5
 982 0052 00       		.byte	0
 983 0053 03       		.uleb128 0x3
 984 0054 0E       		.uleb128 0xe
 985 0055 3A       		.uleb128 0x3a
 986 0056 0B       		.uleb128 0xb
 987 0057 3B       		.uleb128 0x3b
 988 0058 0B       		.uleb128 0xb
 989 0059 49       		.uleb128 0x49
 990 005a 13       		.uleb128 0x13
 991 005b 02       		.uleb128 0x2
ARM GAS  C:\Users\LUKASC~1\AppData\Local\Temp\ccXBejNW.s 			page 22


 992 005c 17       		.uleb128 0x17
 993 005d 00       		.byte	0
 994 005e 00       		.byte	0
 995 005f 07       		.uleb128 0x7
 996 0060 898201   		.uleb128 0x4109
 997 0063 00       		.byte	0
 998 0064 11       		.uleb128 0x11
 999 0065 01       		.uleb128 0x1
 1000 0066 31       		.uleb128 0x31
 1001 0067 13       		.uleb128 0x13
 1002 0068 00       		.byte	0
 1003 0069 00       		.byte	0
 1004 006a 08       		.uleb128 0x8
 1005 006b 2E       		.uleb128 0x2e
 1006 006c 01       		.byte	0x1
 1007 006d 3F       		.uleb128 0x3f
 1008 006e 19       		.uleb128 0x19
 1009 006f 03       		.uleb128 0x3
 1010 0070 0E       		.uleb128 0xe
 1011 0071 3A       		.uleb128 0x3a
 1012 0072 0B       		.uleb128 0xb
 1013 0073 3B       		.uleb128 0x3b
 1014 0074 0B       		.uleb128 0xb
 1015 0075 27       		.uleb128 0x27
 1016 0076 19       		.uleb128 0x19
 1017 0077 49       		.uleb128 0x49
 1018 0078 13       		.uleb128 0x13
 1019 0079 11       		.uleb128 0x11
 1020 007a 01       		.uleb128 0x1
 1021 007b 12       		.uleb128 0x12
 1022 007c 06       		.uleb128 0x6
 1023 007d 40       		.uleb128 0x40
 1024 007e 18       		.uleb128 0x18
 1025 007f 9742     		.uleb128 0x2117
 1026 0081 19       		.uleb128 0x19
 1027 0082 01       		.uleb128 0x1
 1028 0083 13       		.uleb128 0x13
 1029 0084 00       		.byte	0
 1030 0085 00       		.byte	0
 1031 0086 09       		.uleb128 0x9
 1032 0087 898201   		.uleb128 0x4109
 1033 008a 01       		.byte	0x1
 1034 008b 11       		.uleb128 0x11
 1035 008c 01       		.uleb128 0x1
 1036 008d 31       		.uleb128 0x31
 1037 008e 13       		.uleb128 0x13
 1038 008f 00       		.byte	0
 1039 0090 00       		.byte	0
 1040 0091 0A       		.uleb128 0xa
 1041 0092 8A8201   		.uleb128 0x410a
 1042 0095 00       		.byte	0
 1043 0096 02       		.uleb128 0x2
 1044 0097 18       		.uleb128 0x18
 1045 0098 9142     		.uleb128 0x2111
 1046 009a 18       		.uleb128 0x18
 1047 009b 00       		.byte	0
 1048 009c 00       		.byte	0
ARM GAS  C:\Users\LUKASC~1\AppData\Local\Temp\ccXBejNW.s 			page 23


 1049 009d 0B       		.uleb128 0xb
 1050 009e 01       		.uleb128 0x1
 1051 009f 01       		.byte	0x1
 1052 00a0 49       		.uleb128 0x49
 1053 00a1 13       		.uleb128 0x13
 1054 00a2 01       		.uleb128 0x1
 1055 00a3 13       		.uleb128 0x13
 1056 00a4 00       		.byte	0
 1057 00a5 00       		.byte	0
 1058 00a6 0C       		.uleb128 0xc
 1059 00a7 21       		.uleb128 0x21
 1060 00a8 00       		.byte	0
 1061 00a9 49       		.uleb128 0x49
 1062 00aa 13       		.uleb128 0x13
 1063 00ab 2F       		.uleb128 0x2f
 1064 00ac 0B       		.uleb128 0xb
 1065 00ad 00       		.byte	0
 1066 00ae 00       		.byte	0
 1067 00af 0D       		.uleb128 0xd
 1068 00b0 34       		.uleb128 0x34
 1069 00b1 00       		.byte	0
 1070 00b2 03       		.uleb128 0x3
 1071 00b3 0E       		.uleb128 0xe
 1072 00b4 3A       		.uleb128 0x3a
 1073 00b5 0B       		.uleb128 0xb
 1074 00b6 3B       		.uleb128 0x3b
 1075 00b7 05       		.uleb128 0x5
 1076 00b8 49       		.uleb128 0x49
 1077 00b9 13       		.uleb128 0x13
 1078 00ba 3F       		.uleb128 0x3f
 1079 00bb 19       		.uleb128 0x19
 1080 00bc 3C       		.uleb128 0x3c
 1081 00bd 19       		.uleb128 0x19
 1082 00be 00       		.byte	0
 1083 00bf 00       		.byte	0
 1084 00c0 0E       		.uleb128 0xe
 1085 00c1 26       		.uleb128 0x26
 1086 00c2 00       		.byte	0
 1087 00c3 49       		.uleb128 0x49
 1088 00c4 13       		.uleb128 0x13
 1089 00c5 00       		.byte	0
 1090 00c6 00       		.byte	0
 1091 00c7 0F       		.uleb128 0xf
 1092 00c8 34       		.uleb128 0x34
 1093 00c9 00       		.byte	0
 1094 00ca 03       		.uleb128 0x3
 1095 00cb 0E       		.uleb128 0xe
 1096 00cc 3A       		.uleb128 0x3a
 1097 00cd 0B       		.uleb128 0xb
 1098 00ce 3B       		.uleb128 0x3b
 1099 00cf 0B       		.uleb128 0xb
 1100 00d0 49       		.uleb128 0x49
 1101 00d1 13       		.uleb128 0x13
 1102 00d2 3F       		.uleb128 0x3f
 1103 00d3 19       		.uleb128 0x19
 1104 00d4 3C       		.uleb128 0x3c
 1105 00d5 19       		.uleb128 0x19
ARM GAS  C:\Users\LUKASC~1\AppData\Local\Temp\ccXBejNW.s 			page 24


 1106 00d6 00       		.byte	0
 1107 00d7 00       		.byte	0
 1108 00d8 10       		.uleb128 0x10
 1109 00d9 34       		.uleb128 0x34
 1110 00da 00       		.byte	0
 1111 00db 03       		.uleb128 0x3
 1112 00dc 0E       		.uleb128 0xe
 1113 00dd 3A       		.uleb128 0x3a
 1114 00de 0B       		.uleb128 0xb
 1115 00df 3B       		.uleb128 0x3b
 1116 00e0 0B       		.uleb128 0xb
 1117 00e1 49       		.uleb128 0x49
 1118 00e2 13       		.uleb128 0x13
 1119 00e3 3F       		.uleb128 0x3f
 1120 00e4 19       		.uleb128 0x19
 1121 00e5 02       		.uleb128 0x2
 1122 00e6 18       		.uleb128 0x18
 1123 00e7 00       		.byte	0
 1124 00e8 00       		.byte	0
 1125 00e9 11       		.uleb128 0x11
 1126 00ea 0F       		.uleb128 0xf
 1127 00eb 00       		.byte	0
 1128 00ec 0B       		.uleb128 0xb
 1129 00ed 0B       		.uleb128 0xb
 1130 00ee 49       		.uleb128 0x49
 1131 00ef 13       		.uleb128 0x13
 1132 00f0 00       		.byte	0
 1133 00f1 00       		.byte	0
 1134 00f2 12       		.uleb128 0x12
 1135 00f3 2E       		.uleb128 0x2e
 1136 00f4 01       		.byte	0x1
 1137 00f5 3F       		.uleb128 0x3f
 1138 00f6 19       		.uleb128 0x19
 1139 00f7 03       		.uleb128 0x3
 1140 00f8 0E       		.uleb128 0xe
 1141 00f9 3A       		.uleb128 0x3a
 1142 00fa 0B       		.uleb128 0xb
 1143 00fb 3B       		.uleb128 0x3b
 1144 00fc 0B       		.uleb128 0xb
 1145 00fd 27       		.uleb128 0x27
 1146 00fe 19       		.uleb128 0x19
 1147 00ff 3C       		.uleb128 0x3c
 1148 0100 19       		.uleb128 0x19
 1149 0101 01       		.uleb128 0x1
 1150 0102 13       		.uleb128 0x13
 1151 0103 00       		.byte	0
 1152 0104 00       		.byte	0
 1153 0105 13       		.uleb128 0x13
 1154 0106 05       		.uleb128 0x5
 1155 0107 00       		.byte	0
 1156 0108 49       		.uleb128 0x49
 1157 0109 13       		.uleb128 0x13
 1158 010a 00       		.byte	0
 1159 010b 00       		.byte	0
 1160 010c 14       		.uleb128 0x14
 1161 010d 2E       		.uleb128 0x2e
 1162 010e 00       		.byte	0
ARM GAS  C:\Users\LUKASC~1\AppData\Local\Temp\ccXBejNW.s 			page 25


 1163 010f 3F       		.uleb128 0x3f
 1164 0110 19       		.uleb128 0x19
 1165 0111 03       		.uleb128 0x3
 1166 0112 0E       		.uleb128 0xe
 1167 0113 3A       		.uleb128 0x3a
 1168 0114 0B       		.uleb128 0xb
 1169 0115 3B       		.uleb128 0x3b
 1170 0116 0B       		.uleb128 0xb
 1171 0117 27       		.uleb128 0x27
 1172 0118 19       		.uleb128 0x19
 1173 0119 49       		.uleb128 0x49
 1174 011a 13       		.uleb128 0x13
 1175 011b 3C       		.uleb128 0x3c
 1176 011c 19       		.uleb128 0x19
 1177 011d 00       		.byte	0
 1178 011e 00       		.byte	0
 1179 011f 15       		.uleb128 0x15
 1180 0120 2E       		.uleb128 0x2e
 1181 0121 00       		.byte	0
 1182 0122 3F       		.uleb128 0x3f
 1183 0123 19       		.uleb128 0x19
 1184 0124 03       		.uleb128 0x3
 1185 0125 0E       		.uleb128 0xe
 1186 0126 3A       		.uleb128 0x3a
 1187 0127 0B       		.uleb128 0xb
 1188 0128 3B       		.uleb128 0x3b
 1189 0129 0B       		.uleb128 0xb
 1190 012a 27       		.uleb128 0x27
 1191 012b 19       		.uleb128 0x19
 1192 012c 3C       		.uleb128 0x3c
 1193 012d 19       		.uleb128 0x19
 1194 012e 00       		.byte	0
 1195 012f 00       		.byte	0
 1196 0130 16       		.uleb128 0x16
 1197 0131 2E       		.uleb128 0x2e
 1198 0132 01       		.byte	0x1
 1199 0133 3F       		.uleb128 0x3f
 1200 0134 19       		.uleb128 0x19
 1201 0135 03       		.uleb128 0x3
 1202 0136 0E       		.uleb128 0xe
 1203 0137 3A       		.uleb128 0x3a
 1204 0138 0B       		.uleb128 0xb
 1205 0139 3B       		.uleb128 0x3b
 1206 013a 0B       		.uleb128 0xb
 1207 013b 27       		.uleb128 0x27
 1208 013c 19       		.uleb128 0x19
 1209 013d 3C       		.uleb128 0x3c
 1210 013e 19       		.uleb128 0x19
 1211 013f 00       		.byte	0
 1212 0140 00       		.byte	0
 1213 0141 00       		.byte	0
 1214              		.section	.debug_loc,"",%progbits
 1215              	.Ldebug_loc0:
 1216              	.LLST0:
 1217 0000 00000000 		.4byte	.LVL0
 1218 0004 05000000 		.4byte	.LVL1-1
 1219 0008 0100     		.2byte	0x1
ARM GAS  C:\Users\LUKASC~1\AppData\Local\Temp\ccXBejNW.s 			page 26


 1220 000a 50       		.byte	0x50
 1221 000b 05000000 		.4byte	.LVL1-1
 1222 000f 08000000 		.4byte	.LFE0
 1223 0013 0400     		.2byte	0x4
 1224 0015 F3       		.byte	0xf3
 1225 0016 01       		.uleb128 0x1
 1226 0017 50       		.byte	0x50
 1227 0018 9F       		.byte	0x9f
 1228 0019 00000000 		.4byte	0
 1229 001d 00000000 		.4byte	0
 1230              	.LLST1:
 1231 0021 00000000 		.4byte	.LVL3
 1232 0025 05000000 		.4byte	.LVL4-1
 1233 0029 0100     		.2byte	0x1
 1234 002b 50       		.byte	0x50
 1235 002c 05000000 		.4byte	.LVL4-1
 1236 0030 08000000 		.4byte	.LFE2
 1237 0034 0400     		.2byte	0x4
 1238 0036 F3       		.byte	0xf3
 1239 0037 01       		.uleb128 0x1
 1240 0038 50       		.byte	0x50
 1241 0039 9F       		.byte	0x9f
 1242 003a 00000000 		.4byte	0
 1243 003e 00000000 		.4byte	0
 1244              	.LLST2:
 1245 0042 00000000 		.4byte	.LVL6
 1246 0046 00000000 		.4byte	.LVL6
 1247 004a 0100     		.2byte	0x1
 1248 004c 50       		.byte	0x50
 1249 004d 00000000 		.4byte	.LVL6
 1250 0051 02000000 		.4byte	.LFE4
 1251 0055 0400     		.2byte	0x4
 1252 0057 F3       		.byte	0xf3
 1253 0058 01       		.uleb128 0x1
 1254 0059 50       		.byte	0x50
 1255 005a 9F       		.byte	0x9f
 1256 005b 00000000 		.4byte	0
 1257 005f 00000000 		.4byte	0
 1258              		.section	.debug_aranges,"",%progbits
 1259 0000 4C000000 		.4byte	0x4c
 1260 0004 0200     		.2byte	0x2
 1261 0006 00000000 		.4byte	.Ldebug_info0
 1262 000a 04       		.byte	0x4
 1263 000b 00       		.byte	0
 1264 000c 0000     		.2byte	0
 1265 000e 0000     		.2byte	0
 1266 0010 00000000 		.4byte	.LFB0
 1267 0014 08000000 		.4byte	.LFE0-.LFB0
 1268 0018 00000000 		.4byte	.LFB1
 1269 001c 08000000 		.4byte	.LFE1-.LFB1
 1270 0020 00000000 		.4byte	.LFB2
 1271 0024 08000000 		.4byte	.LFE2-.LFB2
 1272 0028 00000000 		.4byte	.LFB3
 1273 002c 08000000 		.4byte	.LFE3-.LFB3
 1274 0030 00000000 		.4byte	.LFB4
 1275 0034 02000000 		.4byte	.LFE4-.LFB4
 1276 0038 00000000 		.4byte	.LFB5
ARM GAS  C:\Users\LUKASC~1\AppData\Local\Temp\ccXBejNW.s 			page 27


 1277 003c 0A000000 		.4byte	.LFE5-.LFB5
 1278 0040 00000000 		.4byte	.LFB6
 1279 0044 0A000000 		.4byte	.LFE6-.LFB6
 1280 0048 00000000 		.4byte	0
 1281 004c 00000000 		.4byte	0
 1282              		.section	.debug_ranges,"",%progbits
 1283              	.Ldebug_ranges0:
 1284 0000 00000000 		.4byte	.LFB0
 1285 0004 08000000 		.4byte	.LFE0
 1286 0008 00000000 		.4byte	.LFB1
 1287 000c 08000000 		.4byte	.LFE1
 1288 0010 00000000 		.4byte	.LFB2
 1289 0014 08000000 		.4byte	.LFE2
 1290 0018 00000000 		.4byte	.LFB3
 1291 001c 08000000 		.4byte	.LFE3
 1292 0020 00000000 		.4byte	.LFB4
 1293 0024 02000000 		.4byte	.LFE4
 1294 0028 00000000 		.4byte	.LFB5
 1295 002c 0A000000 		.4byte	.LFE5
 1296 0030 00000000 		.4byte	.LFB6
 1297 0034 0A000000 		.4byte	.LFE6
 1298 0038 00000000 		.4byte	0
 1299 003c 00000000 		.4byte	0
 1300              		.section	.debug_line,"",%progbits
 1301              	.Ldebug_line0:
 1302 0000 FE000000 		.section	.debug_str,"MS",%progbits,1
 1302      02008000 
 1302      00000201 
 1302      FB0E0D00 
 1302      01010101 
 1303              	.LASF10:
 1304 0000 75696E74 		.ascii	"uint16\000"
 1304      313600
 1305              	.LASF48:
 1306 0007 534D535F 		.ascii	"SMS_LIB_Table3\000"
 1306      4C49425F 
 1306      5461626C 
 1306      653300
 1307              	.LASF49:
 1308 0016 534D535F 		.ascii	"SMS_LIB_Table4\000"
 1308      4C49425F 
 1308      5461626C 
 1308      653400
 1309              	.LASF50:
 1310 0025 534D535F 		.ascii	"SMS_LIB_Table5\000"
 1310      4C49425F 
 1310      5461626C 
 1310      653500
 1311              	.LASF51:
 1312 0034 534D535F 		.ascii	"SMS_LIB_Table6\000"
 1312      4C49425F 
 1312      5461626C 
 1312      653600
 1313              	.LASF52:
 1314 0043 534D535F 		.ascii	"SMS_LIB_Table7\000"
 1314      4C49425F 
 1314      5461626C 
ARM GAS  C:\Users\LUKASC~1\AppData\Local\Temp\ccXBejNW.s 			page 28


 1314      653700
 1315              	.LASF53:
 1316 0052 534D535F 		.ascii	"SMS_LIB_Table8\000"
 1316      4C49425F 
 1316      5461626C 
 1316      653800
 1317              	.LASF54:
 1318 0061 534D535F 		.ascii	"SMS_LIB_Table9\000"
 1318      4C49425F 
 1318      5461626C 
 1318      653900
 1319              	.LASF18:
 1320 0070 43617053 		.ascii	"CapSense_CSD_AutoTune\000"
 1320      656E7365 
 1320      5F435344 
 1320      5F417574 
 1320      6F54756E 
 1321              	.LASF21:
 1322 0086 534D535F 		.ascii	"SMS_LIB_V3_50_SetAnalogSwitchesSrc_PRS\000"
 1322      4C49425F 
 1322      56335F35 
 1322      305F5365 
 1322      74416E61 
 1323              	.LASF37:
 1324 00ad 534D535F 		.ascii	"SMS_LIB_widgetNumber\000"
 1324      4C49425F 
 1324      77696467 
 1324      65744E75 
 1324      6D626572 
 1325              	.LASF42:
 1326 00c2 534D535F 		.ascii	"SMS_LIB_prescaler\000"
 1326      4C49425F 
 1326      70726573 
 1326      63616C65 
 1326      7200
 1327              	.LASF36:
 1328 00d4 534D535F 		.ascii	"SMS_LIB_widgetResolution\000"
 1328      4C49425F 
 1328      77696467 
 1328      65745265 
 1328      736F6C75 
 1329              	.LASF38:
 1330 00ed 534D535F 		.ascii	"SMS_LIB_numberOfSensors\000"
 1330      4C49425F 
 1330      6E756D62 
 1330      65724F66 
 1330      53656E73 
 1331              	.LASF7:
 1332 0105 6C6F6E67 		.ascii	"long long unsigned int\000"
 1332      206C6F6E 
 1332      6720756E 
 1332      7369676E 
 1332      65642069 
 1333              	.LASF35:
 1334 011c 534D535F 		.ascii	"SMS_LIB_hysteresis\000"
 1334      4C49425F 
 1334      68797374 
ARM GAS  C:\Users\LUKASC~1\AppData\Local\Temp\ccXBejNW.s 			page 29


 1334      65726573 
 1334      697300
 1335              	.LASF6:
 1336 012f 6C6F6E67 		.ascii	"long long int\000"
 1336      206C6F6E 
 1336      6720696E 
 1336      7400
 1337              	.LASF0:
 1338 013d 7369676E 		.ascii	"signed char\000"
 1338      65642063 
 1338      68617200 
 1339              	.LASF65:
 1340 0149 2E5C4765 		.ascii	".\\Generated_Source\\PSoC5\\CapSense_CSD_SMS_Wrappe"
 1340      6E657261 
 1340      7465645F 
 1340      536F7572 
 1340      63655C50 
 1341 0179 722E6300 		.ascii	"r.c\000"
 1342              	.LASF17:
 1343 017d 53656E73 		.ascii	"SensorNumber\000"
 1343      6F724E75 
 1343      6D626572 
 1343      00
 1344              	.LASF4:
 1345 018a 6C6F6E67 		.ascii	"long int\000"
 1345      20696E74 
 1345      00
 1346              	.LASF24:
 1347 0193 43617053 		.ascii	"CapSense_CSD_widgetNumber\000"
 1347      656E7365 
 1347      5F435344 
 1347      5F776964 
 1347      6765744E 
 1348              	.LASF9:
 1349 01ad 75696E74 		.ascii	"uint8\000"
 1349      3800
 1350              	.LASF12:
 1351 01b3 646F7562 		.ascii	"double\000"
 1351      6C6500
 1352              	.LASF58:
 1353 01ba 534D535F 		.ascii	"SMS_LIB_TotalScanSlCnt\000"
 1353      4C49425F 
 1353      546F7461 
 1353      6C536361 
 1353      6E536C43 
 1354              	.LASF66:
 1355 01d1 433A5C55 		.ascii	"C:\\Users\\Lukas Creutzburg\\Documents\\GitHub\\fre"
 1355      73657273 
 1355      5C4C756B 
 1355      61732043 
 1355      72657574 
 1356 01ff 65445350 		.ascii	"eDSPPSoC-I2C\\CapSense PSoC5LE.cydsn\000"
 1356      50536F43 
 1356      2D493243 
 1356      5C436170 
 1356      53656E73 
 1357              	.LASF25:
ARM GAS  C:\Users\LUKASC~1\AppData\Local\Temp\ccXBejNW.s 			page 30


 1358 0223 43617053 		.ascii	"CapSense_CSD_sensorBaseline\000"
 1358      656E7365 
 1358      5F435344 
 1358      5F73656E 
 1358      736F7242 
 1359              	.LASF8:
 1360 023f 756E7369 		.ascii	"unsigned int\000"
 1360      676E6564 
 1360      20696E74 
 1360      00
 1361              	.LASF16:
 1362 024c 43617053 		.ascii	"CapSense_CSD_CalculateThresholds\000"
 1362      656E7365 
 1362      5F435344 
 1362      5F43616C 
 1362      63756C61 
 1363              	.LASF5:
 1364 026d 6C6F6E67 		.ascii	"long unsigned int\000"
 1364      20756E73 
 1364      69676E65 
 1364      6420696E 
 1364      7400
 1365              	.LASF33:
 1366 027f 43617053 		.ascii	"CapSense_CSD_analogSwitchDivider\000"
 1366      656E7365 
 1366      5F435344 
 1366      5F616E61 
 1366      6C6F6753 
 1367              	.LASF3:
 1368 02a0 73686F72 		.ascii	"short unsigned int\000"
 1368      7420756E 
 1368      7369676E 
 1368      65642069 
 1368      6E7400
 1369              	.LASF46:
 1370 02b3 534D535F 		.ascii	"SMS_LIB_PrescalerTbl\000"
 1370      4C49425F 
 1370      50726573 
 1370      63616C65 
 1370      7254626C 
 1371              	.LASF62:
 1372 02c8 43617053 		.ascii	"CapSense_CSD_ScanSensor\000"
 1372      656E7365 
 1372      5F435344 
 1372      5F536361 
 1372      6E53656E 
 1373              	.LASF45:
 1374 02e0 534D535F 		.ascii	"SMS_LIB_SensorSensitivity\000"
 1374      4C49425F 
 1374      53656E73 
 1374      6F725365 
 1374      6E736974 
 1375              	.LASF47:
 1376 02fa 534D535F 		.ascii	"SMS_LIB_Table2\000"
 1376      4C49425F 
 1376      5461626C 
 1376      653200
ARM GAS  C:\Users\LUKASC~1\AppData\Local\Temp\ccXBejNW.s 			page 31


 1377              	.LASF34:
 1378 0309 534D535F 		.ascii	"SMS_LIB_noiseThreshold\000"
 1378      4C49425F 
 1378      6E6F6973 
 1378      65546872 
 1378      6573686F 
 1379              	.LASF14:
 1380 0320 73697A65 		.ascii	"sizetype\000"
 1380      74797065 
 1380      00
 1381              	.LASF39:
 1382 0329 534D535F 		.ascii	"SMS_LIB_rawDataIndex\000"
 1382      4C49425F 
 1382      72617744 
 1382      61746149 
 1382      6E646578 
 1383              	.LASF69:
 1384 033e 534D535F 		.ascii	"SMS_LIB_V3_50_AutoTune1Ch\000"
 1384      4C49425F 
 1384      56335F35 
 1384      305F4175 
 1384      746F5475 
 1385              	.LASF70:
 1386 0358 43617053 		.ascii	"CapSense_CSD_SetAnalogSwitchesSource\000"
 1386      656E7365 
 1386      5F435344 
 1386      5F536574 
 1386      416E616C 
 1387              	.LASF11:
 1388 037d 666C6F61 		.ascii	"float\000"
 1388      7400
 1389              	.LASF20:
 1390 0383 70726573 		.ascii	"prescaler\000"
 1390      63616C65 
 1390      7200
 1391              	.LASF31:
 1392 038d 43617053 		.ascii	"CapSense_CSD_fingerThreshold\000"
 1392      656E7365 
 1392      5F435344 
 1392      5F66696E 
 1392      67657254 
 1393              	.LASF1:
 1394 03aa 756E7369 		.ascii	"unsigned char\000"
 1394      676E6564 
 1394      20636861 
 1394      7200
 1395              	.LASF67:
 1396 03b8 534D535F 		.ascii	"SMS_LIB_IsBusy\000"
 1396      4C49425F 
 1396      49734275 
 1396      737900
 1397              	.LASF2:
 1398 03c7 73686F72 		.ascii	"short int\000"
 1398      7420696E 
 1398      7400
 1399              	.LASF41:
 1400 03d1 534D535F 		.ascii	"SMS_LIB_idacSettings\000"
ARM GAS  C:\Users\LUKASC~1\AppData\Local\Temp\ccXBejNW.s 			page 32


 1400      4C49425F 
 1400      69646163 
 1400      53657474 
 1400      696E6773 
 1401              	.LASF68:
 1402 03e6 43617053 		.ascii	"CapSense_CSD_IsBusy\000"
 1402      656E7365 
 1402      5F435344 
 1402      5F497342 
 1402      75737900 
 1403              	.LASF23:
 1404 03fa 43617053 		.ascii	"CapSense_CSD_sensorRaw\000"
 1404      656E7365 
 1404      5F435344 
 1404      5F73656E 
 1404      736F7252 
 1405              	.LASF63:
 1406 0411 534D535F 		.ascii	"SMS_LIB_V3_50_CalculateThresholds\000"
 1406      4C49425F 
 1406      56335F35 
 1406      305F4361 
 1406      6C63756C 
 1407              	.LASF15:
 1408 0433 534D535F 		.ascii	"SMS_LIB_ScanSensor\000"
 1408      4C49425F 
 1408      5363616E 
 1408      53656E73 
 1408      6F7200
 1409              	.LASF29:
 1410 0446 43617053 		.ascii	"CapSense_CSD_numberOfSensors\000"
 1410      656E7365 
 1410      5F435344 
 1410      5F6E756D 
 1410      6265724F 
 1411              	.LASF57:
 1412 0463 534D535F 		.ascii	"SMS_LIB_TotalSnsCnt\000"
 1412      4C49425F 
 1412      546F7461 
 1412      6C536E73 
 1412      436E7400 
 1413              	.LASF26:
 1414 0477 43617053 		.ascii	"CapSense_CSD_noiseThreshold\000"
 1414      656E7365 
 1414      5F435344 
 1414      5F6E6F69 
 1414      73655468 
 1415              	.LASF13:
 1416 0493 63686172 		.ascii	"char\000"
 1416      00
 1417              	.LASF44:
 1418 0498 534D535F 		.ascii	"SMS_LIB_SensorBaseline\000"
 1418      4C49425F 
 1418      53656E73 
 1418      6F724261 
 1418      73656C69 
 1419              	.LASF22:
 1420 04af 534D535F 		.ascii	"SMS_LIB_V3_50_SetAnalogSwitchesSrc_Prescaler\000"
ARM GAS  C:\Users\LUKASC~1\AppData\Local\Temp\ccXBejNW.s 			page 33


 1420      4C49425F 
 1420      56335F35 
 1420      305F5365 
 1420      74416E61 
 1421              	.LASF28:
 1422 04dc 43617053 		.ascii	"CapSense_CSD_widgetResolution\000"
 1422      656E7365 
 1422      5F435344 
 1422      5F776964 
 1422      67657452 
 1423              	.LASF32:
 1424 04fa 43617053 		.ascii	"CapSense_CSD_idacSettings\000"
 1424      656E7365 
 1424      5F435344 
 1424      5F696461 
 1424      63536574 
 1425              	.LASF27:
 1426 0514 43617053 		.ascii	"CapSense_CSD_hysteresis\000"
 1426      656E7365 
 1426      5F435344 
 1426      5F687973 
 1426      74657265 
 1427              	.LASF43:
 1428 052c 534D535F 		.ascii	"SMS_LIB_SensorRaw\000"
 1428      4C49425F 
 1428      53656E73 
 1428      6F725261 
 1428      7700
 1429              	.LASF64:
 1430 053e 474E5520 		.ascii	"GNU C 4.9.3 20150303 (release) [ARM/embedded-4_9-br"
 1430      4320342E 
 1430      392E3320 
 1430      32303135 
 1430      30333033 
 1431 0571 616E6368 		.ascii	"anch revision 221220] -mcpu=cortex-m3 -mthumb -g -O"
 1431      20726576 
 1431      6973696F 
 1431      6E203232 
 1431      31323230 
 1432 05a4 67202D66 		.ascii	"g -ffunction-sections -ffat-lto-objects\000"
 1432      66756E63 
 1432      74696F6E 
 1432      2D736563 
 1432      74696F6E 
 1433              	.LASF60:
 1434 05cc 534D535F 		.ascii	"SMS_LIB_TotalSnsCnt_CH0\000"
 1434      4C49425F 
 1434      546F7461 
 1434      6C536E73 
 1434      436E745F 
 1435              	.LASF61:
 1436 05e4 534D535F 		.ascii	"SMS_LIB_TotalSnsCnt_CH1\000"
 1436      4C49425F 
 1436      546F7461 
 1436      6C536E73 
 1436      436E745F 
 1437              	.LASF59:
ARM GAS  C:\Users\LUKASC~1\AppData\Local\Temp\ccXBejNW.s 			page 34


 1438 05fc 534D535F 		.ascii	"SMS_LIB_EndOfWidgInd\000"
 1438      4C49425F 
 1438      456E644F 
 1438      66576964 
 1438      67496E64 
 1439              	.LASF19:
 1440 0611 534D535F 		.ascii	"SMS_LIB_SetPrescaler\000"
 1440      4C49425F 
 1440      53657450 
 1440      72657363 
 1440      616C6572 
 1441              	.LASF30:
 1442 0626 43617053 		.ascii	"CapSense_CSD_rawDataIndex\000"
 1442      656E7365 
 1442      5F435344 
 1442      5F726177 
 1442      44617461 
 1443              	.LASF40:
 1444 0640 534D535F 		.ascii	"SMS_LIB_fingerThreshold\000"
 1444      4C49425F 
 1444      66696E67 
 1444      65725468 
 1444      72657368 
 1445              	.LASF55:
 1446 0658 534D535F 		.ascii	"SMS_LIB_Var1\000"
 1446      4C49425F 
 1446      56617231 
 1446      00
 1447              	.LASF56:
 1448 0665 534D535F 		.ascii	"SMS_LIB_Var2\000"
 1448      4C49425F 
 1448      56617232 
 1448      00
 1449              		.ident	"GCC: (GNU Tools for ARM Embedded Processors) 4.9.3 20150303 (release) [ARM/embedded-4_9-br
