ARM GAS  C:\Users\LUKASC~1\AppData\Local\Temp\cc1GXNgw.s 			page 1


   1              		.syntax unified
   2              		.cpu cortex-m3
   3              		.fpu softvfp
   4              		.eabi_attribute 20, 1
   5              		.eabi_attribute 21, 1
   6              		.eabi_attribute 23, 3
   7              		.eabi_attribute 24, 1
   8              		.eabi_attribute 25, 1
   9              		.eabi_attribute 26, 1
  10              		.eabi_attribute 30, 1
  11              		.eabi_attribute 34, 1
  12              		.eabi_attribute 18, 4
  13              		.thumb
  14              		.file	"CapSense_CSD_AMuxCH0.c"
  15              		.text
  16              	.Ltext0:
  17              		.cfi_sections	.debug_frame
  18              		.section	.text.CapSense_CSD_AMuxCH0_FastSelect,"ax",%progbits
  19              		.align	2
  20              		.global	CapSense_CSD_AMuxCH0_FastSelect
  21              		.thumb
  22              		.thumb_func
  23              		.type	CapSense_CSD_AMuxCH0_FastSelect, %function
  24              	CapSense_CSD_AMuxCH0_FastSelect:
  25              	.LFB4:
  26              		.file 1 ".\\Generated_Source\\PSoC5\\CapSense_CSD_AMuxCH0.c"
   1:.\Generated_Source\PSoC5/CapSense_CSD_AMuxCH0.c **** /*******************************************************************************
   2:.\Generated_Source\PSoC5/CapSense_CSD_AMuxCH0.c **** * File Name: CapSense_CSD_AMuxCH0.c
   3:.\Generated_Source\PSoC5/CapSense_CSD_AMuxCH0.c **** * Version 3.50
   4:.\Generated_Source\PSoC5/CapSense_CSD_AMuxCH0.c **** *
   5:.\Generated_Source\PSoC5/CapSense_CSD_AMuxCH0.c **** *  Description:
   6:.\Generated_Source\PSoC5/CapSense_CSD_AMuxCH0.c **** *    This file contains all functions required for the analog multiplexer
   7:.\Generated_Source\PSoC5/CapSense_CSD_AMuxCH0.c **** *    CapSense_CSD_AMux User Module.
   8:.\Generated_Source\PSoC5/CapSense_CSD_AMuxCH0.c **** *
   9:.\Generated_Source\PSoC5/CapSense_CSD_AMuxCH0.c **** *   Note:
  10:.\Generated_Source\PSoC5/CapSense_CSD_AMuxCH0.c **** *
  11:.\Generated_Source\PSoC5/CapSense_CSD_AMuxCH0.c **** *******************************************************************************
  12:.\Generated_Source\PSoC5/CapSense_CSD_AMuxCH0.c **** * Copyright 2008-2012, Cypress Semiconductor Corporation.  All rights reserved.
  13:.\Generated_Source\PSoC5/CapSense_CSD_AMuxCH0.c **** * You may use this file only in accordance with the license, terms, conditions, 
  14:.\Generated_Source\PSoC5/CapSense_CSD_AMuxCH0.c **** * disclaimers, and limitations in the end user license agreement accompanying 
  15:.\Generated_Source\PSoC5/CapSense_CSD_AMuxCH0.c **** * the software package with which this file was provided.
  16:.\Generated_Source\PSoC5/CapSense_CSD_AMuxCH0.c **** ********************************************************************************/
  17:.\Generated_Source\PSoC5/CapSense_CSD_AMuxCH0.c **** 
  18:.\Generated_Source\PSoC5/CapSense_CSD_AMuxCH0.c **** #include "CapSense_CSD_AMuxCH0.h"
  19:.\Generated_Source\PSoC5/CapSense_CSD_AMuxCH0.c **** 
  20:.\Generated_Source\PSoC5/CapSense_CSD_AMuxCH0.c **** uint8 CapSense_CSD_AMuxCH0_initVar = 0u;
  21:.\Generated_Source\PSoC5/CapSense_CSD_AMuxCH0.c **** uint8 CapSense_CSD_AMuxCH0_lastChannel = CapSense_CSD_AMuxCH0_NULL_CHANNEL;
  22:.\Generated_Source\PSoC5/CapSense_CSD_AMuxCH0.c **** 
  23:.\Generated_Source\PSoC5/CapSense_CSD_AMuxCH0.c **** 
  24:.\Generated_Source\PSoC5/CapSense_CSD_AMuxCH0.c **** /*******************************************************************************
  25:.\Generated_Source\PSoC5/CapSense_CSD_AMuxCH0.c **** * Function Name: CapSense_CSD_AMuxCH0_Start
  26:.\Generated_Source\PSoC5/CapSense_CSD_AMuxCH0.c **** ********************************************************************************
  27:.\Generated_Source\PSoC5/CapSense_CSD_AMuxCH0.c **** * Summary:
  28:.\Generated_Source\PSoC5/CapSense_CSD_AMuxCH0.c **** *  Disconnect all channels.
  29:.\Generated_Source\PSoC5/CapSense_CSD_AMuxCH0.c **** *
  30:.\Generated_Source\PSoC5/CapSense_CSD_AMuxCH0.c **** * Parameters:
  31:.\Generated_Source\PSoC5/CapSense_CSD_AMuxCH0.c **** *  void
ARM GAS  C:\Users\LUKASC~1\AppData\Local\Temp\cc1GXNgw.s 			page 2


  32:.\Generated_Source\PSoC5/CapSense_CSD_AMuxCH0.c **** *
  33:.\Generated_Source\PSoC5/CapSense_CSD_AMuxCH0.c **** * Return:
  34:.\Generated_Source\PSoC5/CapSense_CSD_AMuxCH0.c **** *  void
  35:.\Generated_Source\PSoC5/CapSense_CSD_AMuxCH0.c **** *
  36:.\Generated_Source\PSoC5/CapSense_CSD_AMuxCH0.c **** *******************************************************************************/
  37:.\Generated_Source\PSoC5/CapSense_CSD_AMuxCH0.c **** void CapSense_CSD_AMuxCH0_Start(void)
  38:.\Generated_Source\PSoC5/CapSense_CSD_AMuxCH0.c **** {
  39:.\Generated_Source\PSoC5/CapSense_CSD_AMuxCH0.c ****     CapSense_CSD_AMuxCH0_DisconnectAll();
  40:.\Generated_Source\PSoC5/CapSense_CSD_AMuxCH0.c ****     CapSense_CSD_AMuxCH0_initVar = 1u;
  41:.\Generated_Source\PSoC5/CapSense_CSD_AMuxCH0.c **** }
  42:.\Generated_Source\PSoC5/CapSense_CSD_AMuxCH0.c **** 
  43:.\Generated_Source\PSoC5/CapSense_CSD_AMuxCH0.c **** 
  44:.\Generated_Source\PSoC5/CapSense_CSD_AMuxCH0.c **** /*******************************************************************************
  45:.\Generated_Source\PSoC5/CapSense_CSD_AMuxCH0.c **** * Function Name: CapSense_CSD_AMuxCH0_Init
  46:.\Generated_Source\PSoC5/CapSense_CSD_AMuxCH0.c **** ********************************************************************************
  47:.\Generated_Source\PSoC5/CapSense_CSD_AMuxCH0.c **** * Summary:
  48:.\Generated_Source\PSoC5/CapSense_CSD_AMuxCH0.c **** *  Disconnect all channels.
  49:.\Generated_Source\PSoC5/CapSense_CSD_AMuxCH0.c **** *
  50:.\Generated_Source\PSoC5/CapSense_CSD_AMuxCH0.c **** * Parameters:
  51:.\Generated_Source\PSoC5/CapSense_CSD_AMuxCH0.c **** *  void
  52:.\Generated_Source\PSoC5/CapSense_CSD_AMuxCH0.c **** *
  53:.\Generated_Source\PSoC5/CapSense_CSD_AMuxCH0.c **** * Return:
  54:.\Generated_Source\PSoC5/CapSense_CSD_AMuxCH0.c **** *  void
  55:.\Generated_Source\PSoC5/CapSense_CSD_AMuxCH0.c **** *
  56:.\Generated_Source\PSoC5/CapSense_CSD_AMuxCH0.c **** *******************************************************************************/
  57:.\Generated_Source\PSoC5/CapSense_CSD_AMuxCH0.c **** void CapSense_CSD_AMuxCH0_Init(void)
  58:.\Generated_Source\PSoC5/CapSense_CSD_AMuxCH0.c **** {
  59:.\Generated_Source\PSoC5/CapSense_CSD_AMuxCH0.c ****     CapSense_CSD_AMuxCH0_DisconnectAll();
  60:.\Generated_Source\PSoC5/CapSense_CSD_AMuxCH0.c **** }
  61:.\Generated_Source\PSoC5/CapSense_CSD_AMuxCH0.c **** 
  62:.\Generated_Source\PSoC5/CapSense_CSD_AMuxCH0.c **** 
  63:.\Generated_Source\PSoC5/CapSense_CSD_AMuxCH0.c **** /*******************************************************************************
  64:.\Generated_Source\PSoC5/CapSense_CSD_AMuxCH0.c **** * Function Name: CapSense_CSD_AMuxCH0_Stop
  65:.\Generated_Source\PSoC5/CapSense_CSD_AMuxCH0.c **** ********************************************************************************
  66:.\Generated_Source\PSoC5/CapSense_CSD_AMuxCH0.c **** * Summary:
  67:.\Generated_Source\PSoC5/CapSense_CSD_AMuxCH0.c **** *  Disconnect all channels.
  68:.\Generated_Source\PSoC5/CapSense_CSD_AMuxCH0.c **** *
  69:.\Generated_Source\PSoC5/CapSense_CSD_AMuxCH0.c **** * Parameters:
  70:.\Generated_Source\PSoC5/CapSense_CSD_AMuxCH0.c **** *  void
  71:.\Generated_Source\PSoC5/CapSense_CSD_AMuxCH0.c **** *
  72:.\Generated_Source\PSoC5/CapSense_CSD_AMuxCH0.c **** * Return:
  73:.\Generated_Source\PSoC5/CapSense_CSD_AMuxCH0.c **** *  void
  74:.\Generated_Source\PSoC5/CapSense_CSD_AMuxCH0.c **** *
  75:.\Generated_Source\PSoC5/CapSense_CSD_AMuxCH0.c **** *******************************************************************************/
  76:.\Generated_Source\PSoC5/CapSense_CSD_AMuxCH0.c **** void CapSense_CSD_AMuxCH0_Stop(void)
  77:.\Generated_Source\PSoC5/CapSense_CSD_AMuxCH0.c **** {
  78:.\Generated_Source\PSoC5/CapSense_CSD_AMuxCH0.c ****     CapSense_CSD_AMuxCH0_DisconnectAll();
  79:.\Generated_Source\PSoC5/CapSense_CSD_AMuxCH0.c **** }
  80:.\Generated_Source\PSoC5/CapSense_CSD_AMuxCH0.c **** 
  81:.\Generated_Source\PSoC5/CapSense_CSD_AMuxCH0.c **** 
  82:.\Generated_Source\PSoC5/CapSense_CSD_AMuxCH0.c **** /*******************************************************************************
  83:.\Generated_Source\PSoC5/CapSense_CSD_AMuxCH0.c **** * Function Name: CapSense_CSD_AMuxCH0_Select
  84:.\Generated_Source\PSoC5/CapSense_CSD_AMuxCH0.c **** ********************************************************************************
  85:.\Generated_Source\PSoC5/CapSense_CSD_AMuxCH0.c **** * Summary:
  86:.\Generated_Source\PSoC5/CapSense_CSD_AMuxCH0.c **** *  This functions first disconnects all channels then connects the given
  87:.\Generated_Source\PSoC5/CapSense_CSD_AMuxCH0.c **** *  channel.
  88:.\Generated_Source\PSoC5/CapSense_CSD_AMuxCH0.c **** *
ARM GAS  C:\Users\LUKASC~1\AppData\Local\Temp\cc1GXNgw.s 			page 3


  89:.\Generated_Source\PSoC5/CapSense_CSD_AMuxCH0.c **** * Parameters:
  90:.\Generated_Source\PSoC5/CapSense_CSD_AMuxCH0.c **** *  channel:  The channel to connect to the common terminal.
  91:.\Generated_Source\PSoC5/CapSense_CSD_AMuxCH0.c **** *
  92:.\Generated_Source\PSoC5/CapSense_CSD_AMuxCH0.c **** * Return:
  93:.\Generated_Source\PSoC5/CapSense_CSD_AMuxCH0.c **** *  void
  94:.\Generated_Source\PSoC5/CapSense_CSD_AMuxCH0.c **** *
  95:.\Generated_Source\PSoC5/CapSense_CSD_AMuxCH0.c **** *******************************************************************************/
  96:.\Generated_Source\PSoC5/CapSense_CSD_AMuxCH0.c **** void CapSense_CSD_AMuxCH0_Select(uint8 channel) CYREENTRANT
  97:.\Generated_Source\PSoC5/CapSense_CSD_AMuxCH0.c **** {
  98:.\Generated_Source\PSoC5/CapSense_CSD_AMuxCH0.c ****     CapSense_CSD_AMuxCH0_DisconnectAll();        /* Disconnect all previous connections */
  99:.\Generated_Source\PSoC5/CapSense_CSD_AMuxCH0.c ****     CapSense_CSD_AMuxCH0_Connect(channel);       /* Make the given selection */
 100:.\Generated_Source\PSoC5/CapSense_CSD_AMuxCH0.c ****     CapSense_CSD_AMuxCH0_lastChannel = channel;  /* Update last channel */
 101:.\Generated_Source\PSoC5/CapSense_CSD_AMuxCH0.c **** }
 102:.\Generated_Source\PSoC5/CapSense_CSD_AMuxCH0.c **** 
 103:.\Generated_Source\PSoC5/CapSense_CSD_AMuxCH0.c **** 
 104:.\Generated_Source\PSoC5/CapSense_CSD_AMuxCH0.c **** /*******************************************************************************
 105:.\Generated_Source\PSoC5/CapSense_CSD_AMuxCH0.c **** * Function Name: CapSense_CSD_AMuxCH0_FastSelect
 106:.\Generated_Source\PSoC5/CapSense_CSD_AMuxCH0.c **** ********************************************************************************
 107:.\Generated_Source\PSoC5/CapSense_CSD_AMuxCH0.c **** * Summary:
 108:.\Generated_Source\PSoC5/CapSense_CSD_AMuxCH0.c **** *  This function first disconnects the last connection made with FastSelect or
 109:.\Generated_Source\PSoC5/CapSense_CSD_AMuxCH0.c **** *  Select, then connects the given channel. The FastSelect function is similar
 110:.\Generated_Source\PSoC5/CapSense_CSD_AMuxCH0.c **** *  to the Select function, except it is faster since it only disconnects the
 111:.\Generated_Source\PSoC5/CapSense_CSD_AMuxCH0.c **** *  last channel selected rather than all channels.
 112:.\Generated_Source\PSoC5/CapSense_CSD_AMuxCH0.c **** *
 113:.\Generated_Source\PSoC5/CapSense_CSD_AMuxCH0.c **** * Parameters:
 114:.\Generated_Source\PSoC5/CapSense_CSD_AMuxCH0.c **** *  channel:  The channel to connect to the common terminal.
 115:.\Generated_Source\PSoC5/CapSense_CSD_AMuxCH0.c **** *
 116:.\Generated_Source\PSoC5/CapSense_CSD_AMuxCH0.c **** * Return:
 117:.\Generated_Source\PSoC5/CapSense_CSD_AMuxCH0.c **** *  void
 118:.\Generated_Source\PSoC5/CapSense_CSD_AMuxCH0.c **** *
 119:.\Generated_Source\PSoC5/CapSense_CSD_AMuxCH0.c **** *******************************************************************************/
 120:.\Generated_Source\PSoC5/CapSense_CSD_AMuxCH0.c **** void CapSense_CSD_AMuxCH0_FastSelect(uint8 channel) CYREENTRANT
 121:.\Generated_Source\PSoC5/CapSense_CSD_AMuxCH0.c **** {
  27              		.loc 1 121 0
  28              		.cfi_startproc
  29              		@ args = 0, pretend = 0, frame = 0
  30              		@ frame_needed = 0, uses_anonymous_args = 0
  31              	.LVL0:
  32 0000 10B5     		push	{r4, lr}
  33              		.cfi_def_cfa_offset 8
  34              		.cfi_offset 4, -8
  35              		.cfi_offset 14, -4
  36 0002 0446     		mov	r4, r0
 122:.\Generated_Source\PSoC5/CapSense_CSD_AMuxCH0.c ****     /* Disconnect the last valid channel */
 123:.\Generated_Source\PSoC5/CapSense_CSD_AMuxCH0.c ****     if( CapSense_CSD_AMuxCH0_lastChannel != CapSense_CSD_AMuxCH0_NULL_CHANNEL)   /* Update last cha
  37              		.loc 1 123 0
  38 0004 054B     		ldr	r3, .L4
  39 0006 1878     		ldrb	r0, [r3]	@ zero_extendqisi2
  40              	.LVL1:
  41 0008 FF28     		cmp	r0, #255
  42 000a 01D0     		beq	.L2
 124:.\Generated_Source\PSoC5/CapSense_CSD_AMuxCH0.c ****     {
 125:.\Generated_Source\PSoC5/CapSense_CSD_AMuxCH0.c ****         CapSense_CSD_AMuxCH0_Disconnect(CapSense_CSD_AMuxCH0_lastChannel);
  43              		.loc 1 125 0
  44 000c FFF7FEFF 		bl	CapSense_CSD_AMuxCH0_Unset
  45              	.LVL2:
  46              	.L2:
ARM GAS  C:\Users\LUKASC~1\AppData\Local\Temp\cc1GXNgw.s 			page 4


 126:.\Generated_Source\PSoC5/CapSense_CSD_AMuxCH0.c ****     }
 127:.\Generated_Source\PSoC5/CapSense_CSD_AMuxCH0.c **** 
 128:.\Generated_Source\PSoC5/CapSense_CSD_AMuxCH0.c ****     /* Make the new channel connection */
 129:.\Generated_Source\PSoC5/CapSense_CSD_AMuxCH0.c ****     CapSense_CSD_AMuxCH0_Connect(channel);
  47              		.loc 1 129 0
  48 0010 2046     		mov	r0, r4
  49 0012 FFF7FEFF 		bl	CapSense_CSD_AMuxCH0_Set
  50              	.LVL3:
 130:.\Generated_Source\PSoC5/CapSense_CSD_AMuxCH0.c ****     CapSense_CSD_AMuxCH0_lastChannel = channel;   /* Update last channel */
  51              		.loc 1 130 0
  52 0016 014B     		ldr	r3, .L4
  53 0018 1C70     		strb	r4, [r3]
  54 001a 10BD     		pop	{r4, pc}
  55              	.L5:
  56              		.align	2
  57              	.L4:
  58 001c 00000000 		.word	.LANCHOR0
  59              		.cfi_endproc
  60              	.LFE4:
  61              		.size	CapSense_CSD_AMuxCH0_FastSelect, .-CapSense_CSD_AMuxCH0_FastSelect
  62              		.section	.text.CapSense_CSD_AMuxCH0_DisconnectAll,"ax",%progbits
  63              		.align	2
  64              		.global	CapSense_CSD_AMuxCH0_DisconnectAll
  65              		.thumb
  66              		.thumb_func
  67              		.type	CapSense_CSD_AMuxCH0_DisconnectAll, %function
  68              	CapSense_CSD_AMuxCH0_DisconnectAll:
  69              	.LFB5:
 131:.\Generated_Source\PSoC5/CapSense_CSD_AMuxCH0.c **** }
 132:.\Generated_Source\PSoC5/CapSense_CSD_AMuxCH0.c **** 
 133:.\Generated_Source\PSoC5/CapSense_CSD_AMuxCH0.c **** 
 134:.\Generated_Source\PSoC5/CapSense_CSD_AMuxCH0.c **** #if(CapSense_CSD_AMuxCH0_MUXTYPE == CapSense_CSD_AMuxCH0_MUX_DIFF)
 135:.\Generated_Source\PSoC5/CapSense_CSD_AMuxCH0.c ****     /*******************************************************************************
 136:.\Generated_Source\PSoC5/CapSense_CSD_AMuxCH0.c ****     * Function Name: CapSense_CSD_AMuxCH0_Connect
 137:.\Generated_Source\PSoC5/CapSense_CSD_AMuxCH0.c ****     ********************************************************************************
 138:.\Generated_Source\PSoC5/CapSense_CSD_AMuxCH0.c ****     * Summary:
 139:.\Generated_Source\PSoC5/CapSense_CSD_AMuxCH0.c ****     *  This function connects the given channel without affecting other connections.
 140:.\Generated_Source\PSoC5/CapSense_CSD_AMuxCH0.c ****     *
 141:.\Generated_Source\PSoC5/CapSense_CSD_AMuxCH0.c ****     * Parameters:
 142:.\Generated_Source\PSoC5/CapSense_CSD_AMuxCH0.c ****     *  channel:  The channel to connect to the common terminal.
 143:.\Generated_Source\PSoC5/CapSense_CSD_AMuxCH0.c ****     *
 144:.\Generated_Source\PSoC5/CapSense_CSD_AMuxCH0.c ****     * Return:
 145:.\Generated_Source\PSoC5/CapSense_CSD_AMuxCH0.c ****     *  void
 146:.\Generated_Source\PSoC5/CapSense_CSD_AMuxCH0.c ****     *
 147:.\Generated_Source\PSoC5/CapSense_CSD_AMuxCH0.c ****     *******************************************************************************/
 148:.\Generated_Source\PSoC5/CapSense_CSD_AMuxCH0.c ****     void CapSense_CSD_AMuxCH0_Connect(uint8 channel) CYREENTRANT
 149:.\Generated_Source\PSoC5/CapSense_CSD_AMuxCH0.c ****     {
 150:.\Generated_Source\PSoC5/CapSense_CSD_AMuxCH0.c ****         CapSense_CSD_AMuxCH0_CYAMUXSIDE_A_Set(channel);
 151:.\Generated_Source\PSoC5/CapSense_CSD_AMuxCH0.c ****         CapSense_CSD_AMuxCH0_CYAMUXSIDE_B_Set(channel);
 152:.\Generated_Source\PSoC5/CapSense_CSD_AMuxCH0.c ****     }
 153:.\Generated_Source\PSoC5/CapSense_CSD_AMuxCH0.c ****     
 154:.\Generated_Source\PSoC5/CapSense_CSD_AMuxCH0.c ****     
 155:.\Generated_Source\PSoC5/CapSense_CSD_AMuxCH0.c ****     /*******************************************************************************
 156:.\Generated_Source\PSoC5/CapSense_CSD_AMuxCH0.c ****     * Function Name: CapSense_CSD_AMuxCH0_Disconnect
 157:.\Generated_Source\PSoC5/CapSense_CSD_AMuxCH0.c ****     ********************************************************************************
 158:.\Generated_Source\PSoC5/CapSense_CSD_AMuxCH0.c ****     * Summary:
 159:.\Generated_Source\PSoC5/CapSense_CSD_AMuxCH0.c ****     *  This function disconnects the given channel from the common or output
ARM GAS  C:\Users\LUKASC~1\AppData\Local\Temp\cc1GXNgw.s 			page 5


 160:.\Generated_Source\PSoC5/CapSense_CSD_AMuxCH0.c ****     *  terminal without affecting other connections.
 161:.\Generated_Source\PSoC5/CapSense_CSD_AMuxCH0.c ****     *
 162:.\Generated_Source\PSoC5/CapSense_CSD_AMuxCH0.c ****     * Parameters:
 163:.\Generated_Source\PSoC5/CapSense_CSD_AMuxCH0.c ****     *  channel:  The channel to disconnect from the common terminal.
 164:.\Generated_Source\PSoC5/CapSense_CSD_AMuxCH0.c ****     *
 165:.\Generated_Source\PSoC5/CapSense_CSD_AMuxCH0.c ****     * Return:
 166:.\Generated_Source\PSoC5/CapSense_CSD_AMuxCH0.c ****     *  void
 167:.\Generated_Source\PSoC5/CapSense_CSD_AMuxCH0.c ****     *
 168:.\Generated_Source\PSoC5/CapSense_CSD_AMuxCH0.c ****     *******************************************************************************/
 169:.\Generated_Source\PSoC5/CapSense_CSD_AMuxCH0.c ****     void CapSense_CSD_AMuxCH0_Disconnect(uint8 channel) CYREENTRANT
 170:.\Generated_Source\PSoC5/CapSense_CSD_AMuxCH0.c ****     {
 171:.\Generated_Source\PSoC5/CapSense_CSD_AMuxCH0.c ****         CapSense_CSD_AMuxCH0_CYAMUXSIDE_A_Unset(channel);
 172:.\Generated_Source\PSoC5/CapSense_CSD_AMuxCH0.c ****         CapSense_CSD_AMuxCH0_CYAMUXSIDE_B_Unset(channel);
 173:.\Generated_Source\PSoC5/CapSense_CSD_AMuxCH0.c ****     }
 174:.\Generated_Source\PSoC5/CapSense_CSD_AMuxCH0.c ****     
 175:.\Generated_Source\PSoC5/CapSense_CSD_AMuxCH0.c **** #endif  /* End (CapSense_CSD_AMuxCH0_MUXTYPE == CapSense_CSD_AMuxCH0_MUX_DIFF) */
 176:.\Generated_Source\PSoC5/CapSense_CSD_AMuxCH0.c **** 
 177:.\Generated_Source\PSoC5/CapSense_CSD_AMuxCH0.c **** 
 178:.\Generated_Source\PSoC5/CapSense_CSD_AMuxCH0.c **** /*******************************************************************************
 179:.\Generated_Source\PSoC5/CapSense_CSD_AMuxCH0.c **** * Function Name: CapSense_CSD_AMuxCH0_DisconnectAll
 180:.\Generated_Source\PSoC5/CapSense_CSD_AMuxCH0.c **** ********************************************************************************
 181:.\Generated_Source\PSoC5/CapSense_CSD_AMuxCH0.c **** * Summary:
 182:.\Generated_Source\PSoC5/CapSense_CSD_AMuxCH0.c **** *  This function disconnects all channels.
 183:.\Generated_Source\PSoC5/CapSense_CSD_AMuxCH0.c **** *
 184:.\Generated_Source\PSoC5/CapSense_CSD_AMuxCH0.c **** * Parameters:
 185:.\Generated_Source\PSoC5/CapSense_CSD_AMuxCH0.c **** *  void
 186:.\Generated_Source\PSoC5/CapSense_CSD_AMuxCH0.c **** *
 187:.\Generated_Source\PSoC5/CapSense_CSD_AMuxCH0.c **** * Return:
 188:.\Generated_Source\PSoC5/CapSense_CSD_AMuxCH0.c **** *  void
 189:.\Generated_Source\PSoC5/CapSense_CSD_AMuxCH0.c **** *
 190:.\Generated_Source\PSoC5/CapSense_CSD_AMuxCH0.c **** *******************************************************************************/
 191:.\Generated_Source\PSoC5/CapSense_CSD_AMuxCH0.c **** void CapSense_CSD_AMuxCH0_DisconnectAll(void) CYREENTRANT
 192:.\Generated_Source\PSoC5/CapSense_CSD_AMuxCH0.c **** {
  70              		.loc 1 192 0
  71              		.cfi_startproc
  72              		@ args = 0, pretend = 0, frame = 0
  73              		@ frame_needed = 0, uses_anonymous_args = 0
  74 0000 10B5     		push	{r4, lr}
  75              		.cfi_def_cfa_offset 8
  76              		.cfi_offset 4, -8
  77              		.cfi_offset 14, -4
  78              	.LVL4:
 193:.\Generated_Source\PSoC5/CapSense_CSD_AMuxCH0.c ****     uint8 chan;
 194:.\Generated_Source\PSoC5/CapSense_CSD_AMuxCH0.c **** 
 195:.\Generated_Source\PSoC5/CapSense_CSD_AMuxCH0.c ****     #if(CapSense_CSD_AMuxCH0_MUXTYPE == CapSense_CSD_AMuxCH0_MUX_SINGLE)
 196:.\Generated_Source\PSoC5/CapSense_CSD_AMuxCH0.c ****         for(chan = 0; chan < CapSense_CSD_AMuxCH0_CHANNELS ; chan++)
  79              		.loc 1 196 0
  80 0002 0024     		movs	r4, #0
  81 0004 04E0     		b	.L7
  82              	.LVL5:
  83              	.L8:
 197:.\Generated_Source\PSoC5/CapSense_CSD_AMuxCH0.c ****         {
 198:.\Generated_Source\PSoC5/CapSense_CSD_AMuxCH0.c ****             CapSense_CSD_AMuxCH0_Unset(chan);
  84              		.loc 1 198 0 discriminator 3
  85 0006 2046     		mov	r0, r4
  86 0008 FFF7FEFF 		bl	CapSense_CSD_AMuxCH0_Unset
  87              	.LVL6:
ARM GAS  C:\Users\LUKASC~1\AppData\Local\Temp\cc1GXNgw.s 			page 6


 196:.\Generated_Source\PSoC5/CapSense_CSD_AMuxCH0.c ****         {
  88              		.loc 1 196 0 discriminator 3
  89 000c 0134     		adds	r4, r4, #1
  90              	.LVL7:
  91 000e E4B2     		uxtb	r4, r4
  92              	.LVL8:
  93              	.L7:
 196:.\Generated_Source\PSoC5/CapSense_CSD_AMuxCH0.c ****         {
  94              		.loc 1 196 0 is_stmt 0 discriminator 1
  95 0010 0A2C     		cmp	r4, #10
  96 0012 F8D9     		bls	.L8
 199:.\Generated_Source\PSoC5/CapSense_CSD_AMuxCH0.c ****         }
 200:.\Generated_Source\PSoC5/CapSense_CSD_AMuxCH0.c ****     #else
 201:.\Generated_Source\PSoC5/CapSense_CSD_AMuxCH0.c ****         for(chan = 0; chan < CapSense_CSD_AMuxCH0_CHANNELS ; chan++)
 202:.\Generated_Source\PSoC5/CapSense_CSD_AMuxCH0.c ****         {
 203:.\Generated_Source\PSoC5/CapSense_CSD_AMuxCH0.c ****             CapSense_CSD_AMuxCH0_CYAMUXSIDE_A_Unset(chan);
 204:.\Generated_Source\PSoC5/CapSense_CSD_AMuxCH0.c ****             CapSense_CSD_AMuxCH0_CYAMUXSIDE_B_Unset(chan);
 205:.\Generated_Source\PSoC5/CapSense_CSD_AMuxCH0.c ****         }
 206:.\Generated_Source\PSoC5/CapSense_CSD_AMuxCH0.c ****     #endif  /* End (CapSense_CSD_AMuxCH0_MUXTYPE == CapSense_CSD_AMuxCH0_MUX_SINGLE) */
 207:.\Generated_Source\PSoC5/CapSense_CSD_AMuxCH0.c **** }
  97              		.loc 1 207 0 is_stmt 1
  98 0014 10BD     		pop	{r4, pc}
  99              		.cfi_endproc
 100              	.LFE5:
 101              		.size	CapSense_CSD_AMuxCH0_DisconnectAll, .-CapSense_CSD_AMuxCH0_DisconnectAll
 102 0016 00BF     		.section	.text.CapSense_CSD_AMuxCH0_Start,"ax",%progbits
 103              		.align	2
 104              		.global	CapSense_CSD_AMuxCH0_Start
 105              		.thumb
 106              		.thumb_func
 107              		.type	CapSense_CSD_AMuxCH0_Start, %function
 108              	CapSense_CSD_AMuxCH0_Start:
 109              	.LFB0:
  38:.\Generated_Source\PSoC5/CapSense_CSD_AMuxCH0.c ****     CapSense_CSD_AMuxCH0_DisconnectAll();
 110              		.loc 1 38 0
 111              		.cfi_startproc
 112              		@ args = 0, pretend = 0, frame = 0
 113              		@ frame_needed = 0, uses_anonymous_args = 0
 114 0000 08B5     		push	{r3, lr}
 115              		.cfi_def_cfa_offset 8
 116              		.cfi_offset 3, -8
 117              		.cfi_offset 14, -4
  39:.\Generated_Source\PSoC5/CapSense_CSD_AMuxCH0.c ****     CapSense_CSD_AMuxCH0_initVar = 1u;
 118              		.loc 1 39 0
 119 0002 FFF7FEFF 		bl	CapSense_CSD_AMuxCH0_DisconnectAll
 120              	.LVL9:
  40:.\Generated_Source\PSoC5/CapSense_CSD_AMuxCH0.c **** }
 121              		.loc 1 40 0
 122 0006 0122     		movs	r2, #1
 123 0008 014B     		ldr	r3, .L12
 124 000a 1A70     		strb	r2, [r3]
 125 000c 08BD     		pop	{r3, pc}
 126              	.L13:
 127 000e 00BF     		.align	2
 128              	.L12:
 129 0010 00000000 		.word	.LANCHOR1
 130              		.cfi_endproc
ARM GAS  C:\Users\LUKASC~1\AppData\Local\Temp\cc1GXNgw.s 			page 7


 131              	.LFE0:
 132              		.size	CapSense_CSD_AMuxCH0_Start, .-CapSense_CSD_AMuxCH0_Start
 133              		.section	.text.CapSense_CSD_AMuxCH0_Init,"ax",%progbits
 134              		.align	2
 135              		.global	CapSense_CSD_AMuxCH0_Init
 136              		.thumb
 137              		.thumb_func
 138              		.type	CapSense_CSD_AMuxCH0_Init, %function
 139              	CapSense_CSD_AMuxCH0_Init:
 140              	.LFB1:
  58:.\Generated_Source\PSoC5/CapSense_CSD_AMuxCH0.c ****     CapSense_CSD_AMuxCH0_DisconnectAll();
 141              		.loc 1 58 0
 142              		.cfi_startproc
 143              		@ args = 0, pretend = 0, frame = 0
 144              		@ frame_needed = 0, uses_anonymous_args = 0
 145 0000 08B5     		push	{r3, lr}
 146              		.cfi_def_cfa_offset 8
 147              		.cfi_offset 3, -8
 148              		.cfi_offset 14, -4
  59:.\Generated_Source\PSoC5/CapSense_CSD_AMuxCH0.c **** }
 149              		.loc 1 59 0
 150 0002 FFF7FEFF 		bl	CapSense_CSD_AMuxCH0_DisconnectAll
 151              	.LVL10:
 152 0006 08BD     		pop	{r3, pc}
 153              		.cfi_endproc
 154              	.LFE1:
 155              		.size	CapSense_CSD_AMuxCH0_Init, .-CapSense_CSD_AMuxCH0_Init
 156              		.section	.text.CapSense_CSD_AMuxCH0_Stop,"ax",%progbits
 157              		.align	2
 158              		.global	CapSense_CSD_AMuxCH0_Stop
 159              		.thumb
 160              		.thumb_func
 161              		.type	CapSense_CSD_AMuxCH0_Stop, %function
 162              	CapSense_CSD_AMuxCH0_Stop:
 163              	.LFB2:
  77:.\Generated_Source\PSoC5/CapSense_CSD_AMuxCH0.c ****     CapSense_CSD_AMuxCH0_DisconnectAll();
 164              		.loc 1 77 0
 165              		.cfi_startproc
 166              		@ args = 0, pretend = 0, frame = 0
 167              		@ frame_needed = 0, uses_anonymous_args = 0
 168 0000 08B5     		push	{r3, lr}
 169              		.cfi_def_cfa_offset 8
 170              		.cfi_offset 3, -8
 171              		.cfi_offset 14, -4
  78:.\Generated_Source\PSoC5/CapSense_CSD_AMuxCH0.c **** }
 172              		.loc 1 78 0
 173 0002 FFF7FEFF 		bl	CapSense_CSD_AMuxCH0_DisconnectAll
 174              	.LVL11:
 175 0006 08BD     		pop	{r3, pc}
 176              		.cfi_endproc
 177              	.LFE2:
 178              		.size	CapSense_CSD_AMuxCH0_Stop, .-CapSense_CSD_AMuxCH0_Stop
 179              		.section	.text.CapSense_CSD_AMuxCH0_Select,"ax",%progbits
 180              		.align	2
 181              		.global	CapSense_CSD_AMuxCH0_Select
 182              		.thumb
 183              		.thumb_func
ARM GAS  C:\Users\LUKASC~1\AppData\Local\Temp\cc1GXNgw.s 			page 8


 184              		.type	CapSense_CSD_AMuxCH0_Select, %function
 185              	CapSense_CSD_AMuxCH0_Select:
 186              	.LFB3:
  97:.\Generated_Source\PSoC5/CapSense_CSD_AMuxCH0.c ****     CapSense_CSD_AMuxCH0_DisconnectAll();        /* Disconnect all previous connections */
 187              		.loc 1 97 0
 188              		.cfi_startproc
 189              		@ args = 0, pretend = 0, frame = 0
 190              		@ frame_needed = 0, uses_anonymous_args = 0
 191              	.LVL12:
 192 0000 10B5     		push	{r4, lr}
 193              		.cfi_def_cfa_offset 8
 194              		.cfi_offset 4, -8
 195              		.cfi_offset 14, -4
 196 0002 0446     		mov	r4, r0
  98:.\Generated_Source\PSoC5/CapSense_CSD_AMuxCH0.c ****     CapSense_CSD_AMuxCH0_Connect(channel);       /* Make the given selection */
 197              		.loc 1 98 0
 198 0004 FFF7FEFF 		bl	CapSense_CSD_AMuxCH0_DisconnectAll
 199              	.LVL13:
  99:.\Generated_Source\PSoC5/CapSense_CSD_AMuxCH0.c ****     CapSense_CSD_AMuxCH0_lastChannel = channel;  /* Update last channel */
 200              		.loc 1 99 0
 201 0008 2046     		mov	r0, r4
 202 000a FFF7FEFF 		bl	CapSense_CSD_AMuxCH0_Set
 203              	.LVL14:
 100:.\Generated_Source\PSoC5/CapSense_CSD_AMuxCH0.c **** }
 204              		.loc 1 100 0
 205 000e 014B     		ldr	r3, .L20
 206 0010 1C70     		strb	r4, [r3]
 207 0012 10BD     		pop	{r4, pc}
 208              	.L21:
 209              		.align	2
 210              	.L20:
 211 0014 00000000 		.word	.LANCHOR0
 212              		.cfi_endproc
 213              	.LFE3:
 214              		.size	CapSense_CSD_AMuxCH0_Select, .-CapSense_CSD_AMuxCH0_Select
 215              		.global	CapSense_CSD_AMuxCH0_lastChannel
 216              		.global	CapSense_CSD_AMuxCH0_initVar
 217              		.data
 218              		.set	.LANCHOR0,. + 0
 219              		.type	CapSense_CSD_AMuxCH0_lastChannel, %object
 220              		.size	CapSense_CSD_AMuxCH0_lastChannel, 1
 221              	CapSense_CSD_AMuxCH0_lastChannel:
 222 0000 FF       		.byte	-1
 223              		.bss
 224              		.set	.LANCHOR1,. + 0
 225              		.type	CapSense_CSD_AMuxCH0_initVar, %object
 226              		.size	CapSense_CSD_AMuxCH0_initVar, 1
 227              	CapSense_CSD_AMuxCH0_initVar:
 228 0000 00       		.space	1
 229              		.text
 230              	.Letext0:
 231              		.file 2 ".\\Generated_Source\\PSoC5\\cytypes.h"
 232              		.file 3 ".\\Generated_Source\\PSoC5\\cyfitter_cfg.h"
 233              		.section	.debug_info,"",%progbits
 234              	.Ldebug_info0:
 235 0000 D7010000 		.4byte	0x1d7
 236 0004 0400     		.2byte	0x4
ARM GAS  C:\Users\LUKASC~1\AppData\Local\Temp\cc1GXNgw.s 			page 9


 237 0006 00000000 		.4byte	.Ldebug_abbrev0
 238 000a 04       		.byte	0x4
 239 000b 01       		.uleb128 0x1
 240 000c 64010000 		.4byte	.LASF21
 241 0010 01       		.byte	0x1
 242 0011 FF000000 		.4byte	.LASF22
 243 0015 6C020000 		.4byte	.LASF23
 244 0019 00000000 		.4byte	.Ldebug_ranges0+0
 245 001d 00000000 		.4byte	0
 246 0021 00000000 		.4byte	.Ldebug_line0
 247 0025 02       		.uleb128 0x2
 248 0026 01       		.byte	0x1
 249 0027 06       		.byte	0x6
 250 0028 60020000 		.4byte	.LASF0
 251 002c 02       		.uleb128 0x2
 252 002d 01       		.byte	0x1
 253 002e 08       		.byte	0x8
 254 002f A9000000 		.4byte	.LASF1
 255 0033 02       		.uleb128 0x2
 256 0034 02       		.byte	0x2
 257 0035 05       		.byte	0x5
 258 0036 47020000 		.4byte	.LASF2
 259 003a 02       		.uleb128 0x2
 260 003b 02       		.byte	0x2
 261 003c 07       		.byte	0x7
 262 003d EC000000 		.4byte	.LASF3
 263 0041 02       		.uleb128 0x2
 264 0042 04       		.byte	0x4
 265 0043 05       		.byte	0x5
 266 0044 57020000 		.4byte	.LASF4
 267 0048 02       		.uleb128 0x2
 268 0049 04       		.byte	0x4
 269 004a 07       		.byte	0x7
 270 004b DA000000 		.4byte	.LASF5
 271 004f 02       		.uleb128 0x2
 272 0050 08       		.byte	0x8
 273 0051 05       		.byte	0x5
 274 0052 34020000 		.4byte	.LASF6
 275 0056 02       		.uleb128 0x2
 276 0057 08       		.byte	0x8
 277 0058 07       		.byte	0x7
 278 0059 FF010000 		.4byte	.LASF7
 279 005d 03       		.uleb128 0x3
 280 005e 04       		.byte	0x4
 281 005f 05       		.byte	0x5
 282 0060 696E7400 		.ascii	"int\000"
 283 0064 02       		.uleb128 0x2
 284 0065 04       		.byte	0x4
 285 0066 07       		.byte	0x7
 286 0067 F2010000 		.4byte	.LASF8
 287 006b 04       		.uleb128 0x4
 288 006c 51020000 		.4byte	.LASF24
 289 0070 02       		.byte	0x2
 290 0071 3801     		.2byte	0x138
 291 0073 2C000000 		.4byte	0x2c
 292 0077 02       		.uleb128 0x2
 293 0078 04       		.byte	0x4
ARM GAS  C:\Users\LUKASC~1\AppData\Local\Temp\cc1GXNgw.s 			page 10


 294 0079 04       		.byte	0x4
 295 007a A3000000 		.4byte	.LASF9
 296 007e 02       		.uleb128 0x2
 297 007f 08       		.byte	0x8
 298 0080 04       		.byte	0x4
 299 0081 80000000 		.4byte	.LASF10
 300 0085 02       		.uleb128 0x2
 301 0086 01       		.byte	0x1
 302 0087 08       		.byte	0x8
 303 0088 42020000 		.4byte	.LASF11
 304 008c 05       		.uleb128 0x5
 305 008d 29000000 		.4byte	.LASF12
 306 0091 01       		.byte	0x1
 307 0092 78       		.byte	0x78
 308 0093 00000000 		.4byte	.LFB4
 309 0097 20000000 		.4byte	.LFE4-.LFB4
 310 009b 01       		.uleb128 0x1
 311 009c 9C       		.byte	0x9c
 312 009d CA000000 		.4byte	0xca
 313 00a1 06       		.uleb128 0x6
 314 00a2 00000000 		.4byte	.LASF18
 315 00a6 01       		.byte	0x1
 316 00a7 78       		.byte	0x78
 317 00a8 6B000000 		.4byte	0x6b
 318 00ac 00000000 		.4byte	.LLST0
 319 00b0 07       		.uleb128 0x7
 320 00b1 10000000 		.4byte	.LVL2
 321 00b5 BC010000 		.4byte	0x1bc
 322 00b9 08       		.uleb128 0x8
 323 00ba 16000000 		.4byte	.LVL3
 324 00be CD010000 		.4byte	0x1cd
 325 00c2 09       		.uleb128 0x9
 326 00c3 01       		.uleb128 0x1
 327 00c4 50       		.byte	0x50
 328 00c5 02       		.uleb128 0x2
 329 00c6 74       		.byte	0x74
 330 00c7 00       		.sleb128 0
 331 00c8 00       		.byte	0
 332 00c9 00       		.byte	0
 333 00ca 05       		.uleb128 0x5
 334 00cb B7000000 		.4byte	.LASF13
 335 00cf 01       		.byte	0x1
 336 00d0 BF       		.byte	0xbf
 337 00d1 00000000 		.4byte	.LFB5
 338 00d5 16000000 		.4byte	.LFE5-.LFB5
 339 00d9 01       		.uleb128 0x1
 340 00da 9C       		.byte	0x9c
 341 00db FF000000 		.4byte	0xff
 342 00df 0A       		.uleb128 0xa
 343 00e0 16020000 		.4byte	.LASF25
 344 00e4 01       		.byte	0x1
 345 00e5 C1       		.byte	0xc1
 346 00e6 6B000000 		.4byte	0x6b
 347 00ea 21000000 		.4byte	.LLST1
 348 00ee 08       		.uleb128 0x8
 349 00ef 0C000000 		.4byte	.LVL6
 350 00f3 BC010000 		.4byte	0x1bc
ARM GAS  C:\Users\LUKASC~1\AppData\Local\Temp\cc1GXNgw.s 			page 11


 351 00f7 09       		.uleb128 0x9
 352 00f8 01       		.uleb128 0x1
 353 00f9 50       		.byte	0x50
 354 00fa 02       		.uleb128 0x2
 355 00fb 74       		.byte	0x74
 356 00fc 00       		.sleb128 0
 357 00fd 00       		.byte	0
 358 00fe 00       		.byte	0
 359 00ff 05       		.uleb128 0x5
 360 0100 BE020000 		.4byte	.LASF14
 361 0104 01       		.byte	0x1
 362 0105 25       		.byte	0x25
 363 0106 00000000 		.4byte	.LFB0
 364 010a 14000000 		.4byte	.LFE0-.LFB0
 365 010e 01       		.uleb128 0x1
 366 010f 9C       		.byte	0x9c
 367 0110 1E010000 		.4byte	0x11e
 368 0114 07       		.uleb128 0x7
 369 0115 06000000 		.4byte	.LVL9
 370 0119 CA000000 		.4byte	0xca
 371 011d 00       		.byte	0
 372 011e 05       		.uleb128 0x5
 373 011f 49000000 		.4byte	.LASF15
 374 0123 01       		.byte	0x1
 375 0124 39       		.byte	0x39
 376 0125 00000000 		.4byte	.LFB1
 377 0129 08000000 		.4byte	.LFE1-.LFB1
 378 012d 01       		.uleb128 0x1
 379 012e 9C       		.byte	0x9c
 380 012f 3D010000 		.4byte	0x13d
 381 0133 07       		.uleb128 0x7
 382 0134 06000000 		.4byte	.LVL10
 383 0138 CA000000 		.4byte	0xca
 384 013c 00       		.byte	0
 385 013d 05       		.uleb128 0x5
 386 013e 2F010000 		.4byte	.LASF16
 387 0142 01       		.byte	0x1
 388 0143 4C       		.byte	0x4c
 389 0144 00000000 		.4byte	.LFB2
 390 0148 08000000 		.4byte	.LFE2-.LFB2
 391 014c 01       		.uleb128 0x1
 392 014d 9C       		.byte	0x9c
 393 014e 5C010000 		.4byte	0x15c
 394 0152 07       		.uleb128 0x7
 395 0153 06000000 		.4byte	.LVL11
 396 0157 CA000000 		.4byte	0xca
 397 015b 00       		.byte	0
 398 015c 05       		.uleb128 0x5
 399 015d 87000000 		.4byte	.LASF17
 400 0161 01       		.byte	0x1
 401 0162 60       		.byte	0x60
 402 0163 00000000 		.4byte	.LFB3
 403 0167 18000000 		.4byte	.LFE3-.LFB3
 404 016b 01       		.uleb128 0x1
 405 016c 9C       		.byte	0x9c
 406 016d 9A010000 		.4byte	0x19a
 407 0171 06       		.uleb128 0x6
ARM GAS  C:\Users\LUKASC~1\AppData\Local\Temp\cc1GXNgw.s 			page 12


 408 0172 00000000 		.4byte	.LASF18
 409 0176 01       		.byte	0x1
 410 0177 60       		.byte	0x60
 411 0178 6B000000 		.4byte	0x6b
 412 017c 4B000000 		.4byte	.LLST2
 413 0180 07       		.uleb128 0x7
 414 0181 08000000 		.4byte	.LVL13
 415 0185 CA000000 		.4byte	0xca
 416 0189 08       		.uleb128 0x8
 417 018a 0E000000 		.4byte	.LVL14
 418 018e CD010000 		.4byte	0x1cd
 419 0192 09       		.uleb128 0x9
 420 0193 01       		.uleb128 0x1
 421 0194 50       		.byte	0x50
 422 0195 02       		.uleb128 0x2
 423 0196 74       		.byte	0x74
 424 0197 00       		.sleb128 0
 425 0198 00       		.byte	0
 426 0199 00       		.byte	0
 427 019a 0B       		.uleb128 0xb
 428 019b 63000000 		.4byte	.LASF19
 429 019f 01       		.byte	0x1
 430 01a0 14       		.byte	0x14
 431 01a1 6B000000 		.4byte	0x6b
 432 01a5 05       		.uleb128 0x5
 433 01a6 03       		.byte	0x3
 434 01a7 00000000 		.4byte	CapSense_CSD_AMuxCH0_initVar
 435 01ab 0B       		.uleb128 0xb
 436 01ac 08000000 		.4byte	.LASF20
 437 01b0 01       		.byte	0x1
 438 01b1 15       		.byte	0x15
 439 01b2 6B000000 		.4byte	0x6b
 440 01b6 05       		.uleb128 0x5
 441 01b7 03       		.byte	0x3
 442 01b8 00000000 		.4byte	CapSense_CSD_AMuxCH0_lastChannel
 443 01bc 0C       		.uleb128 0xc
 444 01bd 49010000 		.4byte	.LASF26
 445 01c1 03       		.byte	0x3
 446 01c2 1B       		.byte	0x1b
 447 01c3 CD010000 		.4byte	0x1cd
 448 01c7 0D       		.uleb128 0xd
 449 01c8 6B000000 		.4byte	0x6b
 450 01cc 00       		.byte	0
 451 01cd 0E       		.uleb128 0xe
 452 01ce 1B020000 		.4byte	.LASF27
 453 01d2 03       		.byte	0x3
 454 01d3 1A       		.byte	0x1a
 455 01d4 0D       		.uleb128 0xd
 456 01d5 6B000000 		.4byte	0x6b
 457 01d9 00       		.byte	0
 458 01da 00       		.byte	0
 459              		.section	.debug_abbrev,"",%progbits
 460              	.Ldebug_abbrev0:
 461 0000 01       		.uleb128 0x1
 462 0001 11       		.uleb128 0x11
 463 0002 01       		.byte	0x1
 464 0003 25       		.uleb128 0x25
ARM GAS  C:\Users\LUKASC~1\AppData\Local\Temp\cc1GXNgw.s 			page 13


 465 0004 0E       		.uleb128 0xe
 466 0005 13       		.uleb128 0x13
 467 0006 0B       		.uleb128 0xb
 468 0007 03       		.uleb128 0x3
 469 0008 0E       		.uleb128 0xe
 470 0009 1B       		.uleb128 0x1b
 471 000a 0E       		.uleb128 0xe
 472 000b 55       		.uleb128 0x55
 473 000c 17       		.uleb128 0x17
 474 000d 11       		.uleb128 0x11
 475 000e 01       		.uleb128 0x1
 476 000f 10       		.uleb128 0x10
 477 0010 17       		.uleb128 0x17
 478 0011 00       		.byte	0
 479 0012 00       		.byte	0
 480 0013 02       		.uleb128 0x2
 481 0014 24       		.uleb128 0x24
 482 0015 00       		.byte	0
 483 0016 0B       		.uleb128 0xb
 484 0017 0B       		.uleb128 0xb
 485 0018 3E       		.uleb128 0x3e
 486 0019 0B       		.uleb128 0xb
 487 001a 03       		.uleb128 0x3
 488 001b 0E       		.uleb128 0xe
 489 001c 00       		.byte	0
 490 001d 00       		.byte	0
 491 001e 03       		.uleb128 0x3
 492 001f 24       		.uleb128 0x24
 493 0020 00       		.byte	0
 494 0021 0B       		.uleb128 0xb
 495 0022 0B       		.uleb128 0xb
 496 0023 3E       		.uleb128 0x3e
 497 0024 0B       		.uleb128 0xb
 498 0025 03       		.uleb128 0x3
 499 0026 08       		.uleb128 0x8
 500 0027 00       		.byte	0
 501 0028 00       		.byte	0
 502 0029 04       		.uleb128 0x4
 503 002a 16       		.uleb128 0x16
 504 002b 00       		.byte	0
 505 002c 03       		.uleb128 0x3
 506 002d 0E       		.uleb128 0xe
 507 002e 3A       		.uleb128 0x3a
 508 002f 0B       		.uleb128 0xb
 509 0030 3B       		.uleb128 0x3b
 510 0031 05       		.uleb128 0x5
 511 0032 49       		.uleb128 0x49
 512 0033 13       		.uleb128 0x13
 513 0034 00       		.byte	0
 514 0035 00       		.byte	0
 515 0036 05       		.uleb128 0x5
 516 0037 2E       		.uleb128 0x2e
 517 0038 01       		.byte	0x1
 518 0039 3F       		.uleb128 0x3f
 519 003a 19       		.uleb128 0x19
 520 003b 03       		.uleb128 0x3
 521 003c 0E       		.uleb128 0xe
ARM GAS  C:\Users\LUKASC~1\AppData\Local\Temp\cc1GXNgw.s 			page 14


 522 003d 3A       		.uleb128 0x3a
 523 003e 0B       		.uleb128 0xb
 524 003f 3B       		.uleb128 0x3b
 525 0040 0B       		.uleb128 0xb
 526 0041 27       		.uleb128 0x27
 527 0042 19       		.uleb128 0x19
 528 0043 11       		.uleb128 0x11
 529 0044 01       		.uleb128 0x1
 530 0045 12       		.uleb128 0x12
 531 0046 06       		.uleb128 0x6
 532 0047 40       		.uleb128 0x40
 533 0048 18       		.uleb128 0x18
 534 0049 9742     		.uleb128 0x2117
 535 004b 19       		.uleb128 0x19
 536 004c 01       		.uleb128 0x1
 537 004d 13       		.uleb128 0x13
 538 004e 00       		.byte	0
 539 004f 00       		.byte	0
 540 0050 06       		.uleb128 0x6
 541 0051 05       		.uleb128 0x5
 542 0052 00       		.byte	0
 543 0053 03       		.uleb128 0x3
 544 0054 0E       		.uleb128 0xe
 545 0055 3A       		.uleb128 0x3a
 546 0056 0B       		.uleb128 0xb
 547 0057 3B       		.uleb128 0x3b
 548 0058 0B       		.uleb128 0xb
 549 0059 49       		.uleb128 0x49
 550 005a 13       		.uleb128 0x13
 551 005b 02       		.uleb128 0x2
 552 005c 17       		.uleb128 0x17
 553 005d 00       		.byte	0
 554 005e 00       		.byte	0
 555 005f 07       		.uleb128 0x7
 556 0060 898201   		.uleb128 0x4109
 557 0063 00       		.byte	0
 558 0064 11       		.uleb128 0x11
 559 0065 01       		.uleb128 0x1
 560 0066 31       		.uleb128 0x31
 561 0067 13       		.uleb128 0x13
 562 0068 00       		.byte	0
 563 0069 00       		.byte	0
 564 006a 08       		.uleb128 0x8
 565 006b 898201   		.uleb128 0x4109
 566 006e 01       		.byte	0x1
 567 006f 11       		.uleb128 0x11
 568 0070 01       		.uleb128 0x1
 569 0071 31       		.uleb128 0x31
 570 0072 13       		.uleb128 0x13
 571 0073 00       		.byte	0
 572 0074 00       		.byte	0
 573 0075 09       		.uleb128 0x9
 574 0076 8A8201   		.uleb128 0x410a
 575 0079 00       		.byte	0
 576 007a 02       		.uleb128 0x2
 577 007b 18       		.uleb128 0x18
 578 007c 9142     		.uleb128 0x2111
ARM GAS  C:\Users\LUKASC~1\AppData\Local\Temp\cc1GXNgw.s 			page 15


 579 007e 18       		.uleb128 0x18
 580 007f 00       		.byte	0
 581 0080 00       		.byte	0
 582 0081 0A       		.uleb128 0xa
 583 0082 34       		.uleb128 0x34
 584 0083 00       		.byte	0
 585 0084 03       		.uleb128 0x3
 586 0085 0E       		.uleb128 0xe
 587 0086 3A       		.uleb128 0x3a
 588 0087 0B       		.uleb128 0xb
 589 0088 3B       		.uleb128 0x3b
 590 0089 0B       		.uleb128 0xb
 591 008a 49       		.uleb128 0x49
 592 008b 13       		.uleb128 0x13
 593 008c 02       		.uleb128 0x2
 594 008d 17       		.uleb128 0x17
 595 008e 00       		.byte	0
 596 008f 00       		.byte	0
 597 0090 0B       		.uleb128 0xb
 598 0091 34       		.uleb128 0x34
 599 0092 00       		.byte	0
 600 0093 03       		.uleb128 0x3
 601 0094 0E       		.uleb128 0xe
 602 0095 3A       		.uleb128 0x3a
 603 0096 0B       		.uleb128 0xb
 604 0097 3B       		.uleb128 0x3b
 605 0098 0B       		.uleb128 0xb
 606 0099 49       		.uleb128 0x49
 607 009a 13       		.uleb128 0x13
 608 009b 3F       		.uleb128 0x3f
 609 009c 19       		.uleb128 0x19
 610 009d 02       		.uleb128 0x2
 611 009e 18       		.uleb128 0x18
 612 009f 00       		.byte	0
 613 00a0 00       		.byte	0
 614 00a1 0C       		.uleb128 0xc
 615 00a2 2E       		.uleb128 0x2e
 616 00a3 01       		.byte	0x1
 617 00a4 3F       		.uleb128 0x3f
 618 00a5 19       		.uleb128 0x19
 619 00a6 03       		.uleb128 0x3
 620 00a7 0E       		.uleb128 0xe
 621 00a8 3A       		.uleb128 0x3a
 622 00a9 0B       		.uleb128 0xb
 623 00aa 3B       		.uleb128 0x3b
 624 00ab 0B       		.uleb128 0xb
 625 00ac 27       		.uleb128 0x27
 626 00ad 19       		.uleb128 0x19
 627 00ae 3C       		.uleb128 0x3c
 628 00af 19       		.uleb128 0x19
 629 00b0 01       		.uleb128 0x1
 630 00b1 13       		.uleb128 0x13
 631 00b2 00       		.byte	0
 632 00b3 00       		.byte	0
 633 00b4 0D       		.uleb128 0xd
 634 00b5 05       		.uleb128 0x5
 635 00b6 00       		.byte	0
ARM GAS  C:\Users\LUKASC~1\AppData\Local\Temp\cc1GXNgw.s 			page 16


 636 00b7 49       		.uleb128 0x49
 637 00b8 13       		.uleb128 0x13
 638 00b9 00       		.byte	0
 639 00ba 00       		.byte	0
 640 00bb 0E       		.uleb128 0xe
 641 00bc 2E       		.uleb128 0x2e
 642 00bd 01       		.byte	0x1
 643 00be 3F       		.uleb128 0x3f
 644 00bf 19       		.uleb128 0x19
 645 00c0 03       		.uleb128 0x3
 646 00c1 0E       		.uleb128 0xe
 647 00c2 3A       		.uleb128 0x3a
 648 00c3 0B       		.uleb128 0xb
 649 00c4 3B       		.uleb128 0x3b
 650 00c5 0B       		.uleb128 0xb
 651 00c6 27       		.uleb128 0x27
 652 00c7 19       		.uleb128 0x19
 653 00c8 3C       		.uleb128 0x3c
 654 00c9 19       		.uleb128 0x19
 655 00ca 00       		.byte	0
 656 00cb 00       		.byte	0
 657 00cc 00       		.byte	0
 658              		.section	.debug_loc,"",%progbits
 659              	.Ldebug_loc0:
 660              	.LLST0:
 661 0000 00000000 		.4byte	.LVL0
 662 0004 08000000 		.4byte	.LVL1
 663 0008 0100     		.2byte	0x1
 664 000a 50       		.byte	0x50
 665 000b 08000000 		.4byte	.LVL1
 666 000f 20000000 		.4byte	.LFE4
 667 0013 0400     		.2byte	0x4
 668 0015 F3       		.byte	0xf3
 669 0016 01       		.uleb128 0x1
 670 0017 50       		.byte	0x50
 671 0018 9F       		.byte	0x9f
 672 0019 00000000 		.4byte	0
 673 001d 00000000 		.4byte	0
 674              	.LLST1:
 675 0021 02000000 		.4byte	.LVL4
 676 0025 06000000 		.4byte	.LVL5
 677 0029 0200     		.2byte	0x2
 678 002b 30       		.byte	0x30
 679 002c 9F       		.byte	0x9f
 680 002d 06000000 		.4byte	.LVL5
 681 0031 0E000000 		.4byte	.LVL7
 682 0035 0100     		.2byte	0x1
 683 0037 54       		.byte	0x54
 684 0038 10000000 		.4byte	.LVL8
 685 003c 16000000 		.4byte	.LFE5
 686 0040 0100     		.2byte	0x1
 687 0042 54       		.byte	0x54
 688 0043 00000000 		.4byte	0
 689 0047 00000000 		.4byte	0
 690              	.LLST2:
 691 004b 00000000 		.4byte	.LVL12
 692 004f 07000000 		.4byte	.LVL13-1
ARM GAS  C:\Users\LUKASC~1\AppData\Local\Temp\cc1GXNgw.s 			page 17


 693 0053 0100     		.2byte	0x1
 694 0055 50       		.byte	0x50
 695 0056 07000000 		.4byte	.LVL13-1
 696 005a 18000000 		.4byte	.LFE3
 697 005e 0400     		.2byte	0x4
 698 0060 F3       		.byte	0xf3
 699 0061 01       		.uleb128 0x1
 700 0062 50       		.byte	0x50
 701 0063 9F       		.byte	0x9f
 702 0064 00000000 		.4byte	0
 703 0068 00000000 		.4byte	0
 704              		.section	.debug_aranges,"",%progbits
 705 0000 44000000 		.4byte	0x44
 706 0004 0200     		.2byte	0x2
 707 0006 00000000 		.4byte	.Ldebug_info0
 708 000a 04       		.byte	0x4
 709 000b 00       		.byte	0
 710 000c 0000     		.2byte	0
 711 000e 0000     		.2byte	0
 712 0010 00000000 		.4byte	.LFB4
 713 0014 20000000 		.4byte	.LFE4-.LFB4
 714 0018 00000000 		.4byte	.LFB5
 715 001c 16000000 		.4byte	.LFE5-.LFB5
 716 0020 00000000 		.4byte	.LFB0
 717 0024 14000000 		.4byte	.LFE0-.LFB0
 718 0028 00000000 		.4byte	.LFB1
 719 002c 08000000 		.4byte	.LFE1-.LFB1
 720 0030 00000000 		.4byte	.LFB2
 721 0034 08000000 		.4byte	.LFE2-.LFB2
 722 0038 00000000 		.4byte	.LFB3
 723 003c 18000000 		.4byte	.LFE3-.LFB3
 724 0040 00000000 		.4byte	0
 725 0044 00000000 		.4byte	0
 726              		.section	.debug_ranges,"",%progbits
 727              	.Ldebug_ranges0:
 728 0000 00000000 		.4byte	.LFB4
 729 0004 20000000 		.4byte	.LFE4
 730 0008 00000000 		.4byte	.LFB5
 731 000c 16000000 		.4byte	.LFE5
 732 0010 00000000 		.4byte	.LFB0
 733 0014 14000000 		.4byte	.LFE0
 734 0018 00000000 		.4byte	.LFB1
 735 001c 08000000 		.4byte	.LFE1
 736 0020 00000000 		.4byte	.LFB2
 737 0024 08000000 		.4byte	.LFE2
 738 0028 00000000 		.4byte	.LFB3
 739 002c 18000000 		.4byte	.LFE3
 740 0030 00000000 		.4byte	0
 741 0034 00000000 		.4byte	0
 742              		.section	.debug_line,"",%progbits
 743              	.Ldebug_line0:
 744 0000 E9000000 		.section	.debug_str,"MS",%progbits,1
 744      02006500 
 744      00000201 
 744      FB0E0D00 
 744      01010101 
 745              	.LASF18:
ARM GAS  C:\Users\LUKASC~1\AppData\Local\Temp\cc1GXNgw.s 			page 18


 746 0000 6368616E 		.ascii	"channel\000"
 746      6E656C00 
 747              	.LASF20:
 748 0008 43617053 		.ascii	"CapSense_CSD_AMuxCH0_lastChannel\000"
 748      656E7365 
 748      5F435344 
 748      5F414D75 
 748      78434830 
 749              	.LASF12:
 750 0029 43617053 		.ascii	"CapSense_CSD_AMuxCH0_FastSelect\000"
 750      656E7365 
 750      5F435344 
 750      5F414D75 
 750      78434830 
 751              	.LASF15:
 752 0049 43617053 		.ascii	"CapSense_CSD_AMuxCH0_Init\000"
 752      656E7365 
 752      5F435344 
 752      5F414D75 
 752      78434830 
 753              	.LASF19:
 754 0063 43617053 		.ascii	"CapSense_CSD_AMuxCH0_initVar\000"
 754      656E7365 
 754      5F435344 
 754      5F414D75 
 754      78434830 
 755              	.LASF10:
 756 0080 646F7562 		.ascii	"double\000"
 756      6C6500
 757              	.LASF17:
 758 0087 43617053 		.ascii	"CapSense_CSD_AMuxCH0_Select\000"
 758      656E7365 
 758      5F435344 
 758      5F414D75 
 758      78434830 
 759              	.LASF9:
 760 00a3 666C6F61 		.ascii	"float\000"
 760      7400
 761              	.LASF1:
 762 00a9 756E7369 		.ascii	"unsigned char\000"
 762      676E6564 
 762      20636861 
 762      7200
 763              	.LASF13:
 764 00b7 43617053 		.ascii	"CapSense_CSD_AMuxCH0_DisconnectAll\000"
 764      656E7365 
 764      5F435344 
 764      5F414D75 
 764      78434830 
 765              	.LASF5:
 766 00da 6C6F6E67 		.ascii	"long unsigned int\000"
 766      20756E73 
 766      69676E65 
 766      6420696E 
 766      7400
 767              	.LASF3:
 768 00ec 73686F72 		.ascii	"short unsigned int\000"
ARM GAS  C:\Users\LUKASC~1\AppData\Local\Temp\cc1GXNgw.s 			page 19


 768      7420756E 
 768      7369676E 
 768      65642069 
 768      6E7400
 769              	.LASF22:
 770 00ff 2E5C4765 		.ascii	".\\Generated_Source\\PSoC5\\CapSense_CSD_AMuxCH0.c\000"
 770      6E657261 
 770      7465645F 
 770      536F7572 
 770      63655C50 
 771              	.LASF16:
 772 012f 43617053 		.ascii	"CapSense_CSD_AMuxCH0_Stop\000"
 772      656E7365 
 772      5F435344 
 772      5F414D75 
 772      78434830 
 773              	.LASF26:
 774 0149 43617053 		.ascii	"CapSense_CSD_AMuxCH0_Unset\000"
 774      656E7365 
 774      5F435344 
 774      5F414D75 
 774      78434830 
 775              	.LASF21:
 776 0164 474E5520 		.ascii	"GNU C 4.9.3 20150303 (release) [ARM/embedded-4_9-br"
 776      4320342E 
 776      392E3320 
 776      32303135 
 776      30333033 
 777 0197 616E6368 		.ascii	"anch revision 221220] -mcpu=cortex-m3 -mthumb -g -O"
 777      20726576 
 777      6973696F 
 777      6E203232 
 777      31323230 
 778 01ca 67202D66 		.ascii	"g -ffunction-sections -ffat-lto-objects\000"
 778      66756E63 
 778      74696F6E 
 778      2D736563 
 778      74696F6E 
 779              	.LASF8:
 780 01f2 756E7369 		.ascii	"unsigned int\000"
 780      676E6564 
 780      20696E74 
 780      00
 781              	.LASF7:
 782 01ff 6C6F6E67 		.ascii	"long long unsigned int\000"
 782      206C6F6E 
 782      6720756E 
 782      7369676E 
 782      65642069 
 783              	.LASF25:
 784 0216 6368616E 		.ascii	"chan\000"
 784      00
 785              	.LASF27:
 786 021b 43617053 		.ascii	"CapSense_CSD_AMuxCH0_Set\000"
 786      656E7365 
 786      5F435344 
 786      5F414D75 
ARM GAS  C:\Users\LUKASC~1\AppData\Local\Temp\cc1GXNgw.s 			page 20


 786      78434830 
 787              	.LASF6:
 788 0234 6C6F6E67 		.ascii	"long long int\000"
 788      206C6F6E 
 788      6720696E 
 788      7400
 789              	.LASF11:
 790 0242 63686172 		.ascii	"char\000"
 790      00
 791              	.LASF2:
 792 0247 73686F72 		.ascii	"short int\000"
 792      7420696E 
 792      7400
 793              	.LASF24:
 794 0251 75696E74 		.ascii	"uint8\000"
 794      3800
 795              	.LASF4:
 796 0257 6C6F6E67 		.ascii	"long int\000"
 796      20696E74 
 796      00
 797              	.LASF0:
 798 0260 7369676E 		.ascii	"signed char\000"
 798      65642063 
 798      68617200 
 799              	.LASF23:
 800 026c 433A5C55 		.ascii	"C:\\Users\\Lukas Creutzburg\\Documents\\GitHub\\fre"
 800      73657273 
 800      5C4C756B 
 800      61732043 
 800      72657574 
 801 029a 65445350 		.ascii	"eDSPPSoC-I2C\\CapSense PSoC5LE.cydsn\000"
 801      50536F43 
 801      2D493243 
 801      5C436170 
 801      53656E73 
 802              	.LASF14:
 803 02be 43617053 		.ascii	"CapSense_CSD_AMuxCH0_Start\000"
 803      656E7365 
 803      5F435344 
 803      5F414D75 
 803      78434830 
 804              		.ident	"GCC: (GNU Tools for ARM Embedded Processors) 4.9.3 20150303 (release) [ARM/embedded-4_9-br
