ARM GAS  C:\Users\LUKASC~1\AppData\Local\Temp\ccHaDqtH.s 			page 1


   1              		.syntax unified
   2              		.cpu cortex-m3
   3              		.fpu softvfp
   4              		.eabi_attribute 20, 1
   5              		.eabi_attribute 21, 1
   6              		.eabi_attribute 23, 3
   7              		.eabi_attribute 24, 1
   8              		.eabi_attribute 25, 1
   9              		.eabi_attribute 26, 1
  10              		.eabi_attribute 30, 1
  11              		.eabi_attribute 34, 1
  12              		.eabi_attribute 18, 4
  13              		.thumb
  14              		.file	"cymetadata.c"
  15              		.text
  16              	.Ltext0:
  17              		.cfi_sections	.debug_frame
  18              		.global	cy_metadata
  19              		.global	cy_meta_flashprotect
  20              		.global	cy_meta_wonvl
  21              		.global	cy_meta_custnvl
  22              		.global	cy_meta_configecc
  23              		.section	.cyconfigecc,"a",%progbits
  24              		.align	2
  25              		.type	cy_meta_configecc, %object
  26              		.size	cy_meta_configecc, 1008
  27              	cy_meta_configecc:
  28 0000 01       		.byte	1
  29 0001 45       		.byte	69
  30 0002 00       		.byte	0
  31 0003 40       		.byte	64
  32 0004 04       		.byte	4
  33 0005 52       		.byte	82
  34 0006 00       		.byte	0
  35 0007 40       		.byte	64
  36 0008 08       		.byte	8
  37 0009 64       		.byte	100
  38 000a 00       		.byte	0
  39 000b 40       		.byte	64
  40 000c 01       		.byte	1
  41 000d 01       		.byte	1
  42 000e 01       		.byte	1
  43 000f 40       		.byte	64
  44 0010 02       		.byte	2
  45 0011 03       		.byte	3
  46 0012 01       		.byte	1
  47 0013 40       		.byte	64
  48 0014 2A       		.byte	42
  49 0015 08       		.byte	8
  50 0016 01       		.byte	1
  51 0017 40       		.byte	64
  52 0018 22       		.byte	34
  53 0019 09       		.byte	9
  54 001a 01       		.byte	1
  55 001b 40       		.byte	64
  56 001c 47       		.byte	71
  57 001d 0A       		.byte	10
ARM GAS  C:\Users\LUKASC~1\AppData\Local\Temp\ccHaDqtH.s 			page 2


  58 001e 01       		.byte	1
  59 001f 40       		.byte	64
  60 0020 2D       		.byte	45
  61 0021 0B       		.byte	11
  62 0022 01       		.byte	1
  63 0023 40       		.byte	64
  64 0024 4F       		.byte	79
  65 0025 0C       		.byte	12
  66 0026 01       		.byte	1
  67 0027 40       		.byte	64
  68 0028 32       		.byte	50
  69 0029 0D       		.byte	13
  70 002a 01       		.byte	1
  71 002b 40       		.byte	64
  72 002c 01       		.byte	1
  73 002d 0F       		.byte	15
  74 002e 01       		.byte	1
  75 002f 40       		.byte	64
  76 0030 02       		.byte	2
  77 0031 15       		.byte	21
  78 0032 01       		.byte	1
  79 0033 40       		.byte	64
  80 0034 01       		.byte	1
  81 0035 17       		.byte	23
  82 0036 01       		.byte	1
  83 0037 40       		.byte	64
  84 0038 02       		.byte	2
  85 0039 19       		.byte	25
  86 003a 01       		.byte	1
  87 003b 40       		.byte	64
  88 003c 04       		.byte	4
  89 003d 1B       		.byte	27
  90 003e 01       		.byte	1
  91 003f 40       		.byte	64
  92 0040 07       		.byte	7
  93 0041 40       		.byte	64
  94 0042 01       		.byte	1
  95 0043 40       		.byte	64
  96 0044 06       		.byte	6
  97 0045 41       		.byte	65
  98 0046 01       		.byte	1
  99 0047 40       		.byte	64
 100 0048 03       		.byte	3
 101 0049 42       		.byte	66
 102 004a 01       		.byte	1
 103 004b 40       		.byte	64
 104 004c 02       		.byte	2
 105 004d 43       		.byte	67
 106 004e 01       		.byte	1
 107 004f 40       		.byte	64
 108 0050 03       		.byte	3
 109 0051 44       		.byte	68
 110 0052 01       		.byte	1
 111 0053 40       		.byte	64
 112 0054 0C       		.byte	12
 113 0055 45       		.byte	69
 114 0056 01       		.byte	1
ARM GAS  C:\Users\LUKASC~1\AppData\Local\Temp\ccHaDqtH.s 			page 3


 115 0057 40       		.byte	64
 116 0058 08       		.byte	8
 117 0059 46       		.byte	70
 118 005a 01       		.byte	1
 119 005b 40       		.byte	64
 120 005c 0A       		.byte	10
 121 005d 47       		.byte	71
 122 005e 01       		.byte	1
 123 005f 40       		.byte	64
 124 0060 03       		.byte	3
 125 0061 48       		.byte	72
 126 0062 01       		.byte	1
 127 0063 40       		.byte	64
 128 0064 05       		.byte	5
 129 0065 49       		.byte	73
 130 0066 01       		.byte	1
 131 0067 40       		.byte	64
 132 0068 0C       		.byte	12
 133 0069 4C       		.byte	76
 134 006a 01       		.byte	1
 135 006b 40       		.byte	64
 136 006c 01       		.byte	1
 137 006d 4D       		.byte	77
 138 006e 01       		.byte	1
 139 006f 40       		.byte	64
 140 0070 03       		.byte	3
 141 0071 50       		.byte	80
 142 0072 01       		.byte	1
 143 0073 40       		.byte	64
 144 0074 02       		.byte	2
 145 0075 51       		.byte	81
 146 0076 01       		.byte	1
 147 0077 40       		.byte	64
 148 0078 7E       		.byte	126
 149 0079 02       		.byte	2
 150 007a 10       		.byte	16
 151 007b 01       		.byte	1
 152 007c 14       		.byte	20
 153 007d 09       		.byte	9
 154 007e 1E       		.byte	30
 155 007f FF       		.byte	-1
 156 0080 7C       		.byte	124
 157 0081 40       		.byte	64
 158 0082 09       		.byte	9
 159 0083 FF       		.byte	-1
 160 0084 0C       		.byte	12
 161 0085 FF       		.byte	-1
 162 0086 0D       		.byte	13
 163 0087 FF       		.byte	-1
 164 0088 1C       		.byte	28
 165 0089 FF       		.byte	-1
 166 008a 1D       		.byte	29
 167 008b FF       		.byte	-1
 168 008c 2C       		.byte	44
 169 008d FF       		.byte	-1
 170 008e 2D       		.byte	45
 171 008f FF       		.byte	-1
ARM GAS  C:\Users\LUKASC~1\AppData\Local\Temp\ccHaDqtH.s 			page 4


 172 0090 89       		.byte	-119
 173 0091 1F       		.byte	31
 174 0092 E2       		.byte	-30
 175 0093 04       		.byte	4
 176 0094 E2       		.byte	-30
 177 0095 08       		.byte	8
 178 0096 E6       		.byte	-26
 179 0097 08       		.byte	8
 180 0098 81       		.byte	-127
 181 0099 02       		.byte	2
 182 009a 83       		.byte	-125
 183 009b 01       		.byte	1
 184 009c 8B       		.byte	-117
 185 009d 02       		.byte	2
 186 009e 8C       		.byte	-116
 187 009f 06       		.byte	6
 188 00a0 8F       		.byte	-113
 189 00a1 01       		.byte	1
 190 00a2 94       		.byte	-108
 191 00a3 04       		.byte	4
 192 00a4 95       		.byte	-107
 193 00a5 03       		.byte	3
 194 00a6 96       		.byte	-106
 195 00a7 02       		.byte	2
 196 00a8 98       		.byte	-104
 197 00a9 02       		.byte	2
 198 00aa 99       		.byte	-103
 199 00ab 01       		.byte	1
 200 00ac 9A       		.byte	-102
 201 00ad 04       		.byte	4
 202 00ae 9B       		.byte	-101
 203 00af 02       		.byte	2
 204 00b0 9C       		.byte	-100
 205 00b1 01       		.byte	1
 206 00b2 A4       		.byte	-92
 207 00b3 01       		.byte	1
 208 00b4 A8       		.byte	-88
 209 00b5 04       		.byte	4
 210 00b6 B1       		.byte	-79
 211 00b7 03       		.byte	3
 212 00b8 B2       		.byte	-78
 213 00b9 01       		.byte	1
 214 00ba B4       		.byte	-76
 215 00bb 06       		.byte	6
 216 00bc B8       		.byte	-72
 217 00bd 08       		.byte	8
 218 00be C0       		.byte	-64
 219 00bf 23       		.byte	35
 220 00c0 C5       		.byte	-59
 221 00c1 54       		.byte	84
 222 00c2 C6       		.byte	-58
 223 00c3 20       		.byte	32
 224 00c4 C8       		.byte	-56
 225 00c5 0B       		.byte	11
 226 00c6 C9       		.byte	-55
 227 00c7 FF       		.byte	-1
 228 00c8 CA       		.byte	-54
ARM GAS  C:\Users\LUKASC~1\AppData\Local\Temp\ccHaDqtH.s 			page 5


 229 00c9 FF       		.byte	-1
 230 00ca CB       		.byte	-53
 231 00cb FF       		.byte	-1
 232 00cc CC       		.byte	-52
 233 00cd 02       		.byte	2
 234 00ce CD       		.byte	-51
 235 00cf 20       		.byte	32
 236 00d0 CF       		.byte	-49
 237 00d1 05       		.byte	5
 238 00d2 D1       		.byte	-47
 239 00d3 10       		.byte	16
 240 00d4 D6       		.byte	-42
 241 00d5 02       		.byte	2
 242 00d6 D8       		.byte	-40
 243 00d7 04       		.byte	4
 244 00d8 D9       		.byte	-39
 245 00d9 04       		.byte	4
 246 00da DA       		.byte	-38
 247 00db 04       		.byte	4
 248 00dc DB       		.byte	-37
 249 00dd 04       		.byte	4
 250 00de DE       		.byte	-34
 251 00df 08       		.byte	8
 252 00e0 DF       		.byte	-33
 253 00e1 01       		.byte	1
 254 00e2 E0       		.byte	-32
 255 00e3 40       		.byte	64
 256 00e4 E1       		.byte	-31
 257 00e5 40       		.byte	64
 258 00e6 E2       		.byte	-30
 259 00e7 80       		.byte	-128
 260 00e8 E4       		.byte	-28
 261 00e9 80       		.byte	-128
 262 00ea E6       		.byte	-26
 263 00eb 80       		.byte	-128
 264 00ec 02       		.byte	2
 265 00ed 02       		.byte	2
 266 00ee 0A       		.byte	10
 267 00ef 14       		.byte	20
 268 00f0 0B       		.byte	11
 269 00f1 01       		.byte	1
 270 00f2 10       		.byte	16
 271 00f3 28       		.byte	40
 272 00f4 19       		.byte	25
 273 00f5 18       		.byte	24
 274 00f6 1A       		.byte	26
 275 00f7 04       		.byte	4
 276 00f8 21       		.byte	33
 277 00f9 01       		.byte	1
 278 00fa 22       		.byte	34
 279 00fb 02       		.byte	2
 280 00fc 31       		.byte	49
 281 00fd 14       		.byte	20
 282 00fe 39       		.byte	57
 283 00ff 52       		.byte	82
 284 0100 40       		.byte	64
 285 0101 20       		.byte	32
ARM GAS  C:\Users\LUKASC~1\AppData\Local\Temp\ccHaDqtH.s 			page 6


 286 0102 41       		.byte	65
 287 0103 10       		.byte	16
 288 0104 42       		.byte	66
 289 0105 10       		.byte	16
 290 0106 48       		.byte	72
 291 0107 20       		.byte	32
 292 0108 4B       		.byte	75
 293 0109 01       		.byte	1
 294 010a 51       		.byte	81
 295 010b 10       		.byte	16
 296 010c 73       		.byte	115
 297 010d 40       		.byte	64
 298 010e 78       		.byte	120
 299 010f 20       		.byte	32
 300 0110 91       		.byte	-111
 301 0111 50       		.byte	80
 302 0112 92       		.byte	-110
 303 0113 11       		.byte	17
 304 0114 95       		.byte	-107
 305 0115 02       		.byte	2
 306 0116 96       		.byte	-106
 307 0117 04       		.byte	4
 308 0118 97       		.byte	-105
 309 0119 40       		.byte	64
 310 011a 99       		.byte	-103
 311 011b 04       		.byte	4
 312 011c 9D       		.byte	-99
 313 011d 18       		.byte	24
 314 011e A0       		.byte	-96
 315 011f 08       		.byte	8
 316 0120 A6       		.byte	-90
 317 0121 02       		.byte	2
 318 0122 C0       		.byte	-64
 319 0123 01       		.byte	1
 320 0124 C2       		.byte	-62
 321 0125 07       		.byte	7
 322 0126 C4       		.byte	-60
 323 0127 06       		.byte	6
 324 0128 CC       		.byte	-52
 325 0129 06       		.byte	6
 326 012a CE       		.byte	-50
 327 012b 0D       		.byte	13
 328 012c D0       		.byte	-48
 329 012d 06       		.byte	6
 330 012e DE       		.byte	-34
 331 012f 04       		.byte	4
 332 0130 03       		.byte	3
 333 0131 02       		.byte	2
 334 0132 06       		.byte	6
 335 0133 05       		.byte	5
 336 0134 07       		.byte	7
 337 0135 02       		.byte	2
 338 0136 08       		.byte	8
 339 0137 02       		.byte	2
 340 0138 09       		.byte	9
 341 0139 3B       		.byte	59
 342 013a 0B       		.byte	11
ARM GAS  C:\Users\LUKASC~1\AppData\Local\Temp\ccHaDqtH.s 			page 7


 343 013b 04       		.byte	4
 344 013c 0C       		.byte	12
 345 013d 02       		.byte	2
 346 013e 0D       		.byte	13
 347 013f 04       		.byte	4
 348 0140 15       		.byte	21
 349 0141 3D       		.byte	61
 350 0142 17       		.byte	23
 351 0143 02       		.byte	2
 352 0144 18       		.byte	24
 353 0145 02       		.byte	2
 354 0146 19       		.byte	25
 355 0147 3F       		.byte	63
 356 0148 1C       		.byte	28
 357 0149 01       		.byte	1
 358 014a 1D       		.byte	29
 359 014b 1F       		.byte	31
 360 014c 1F       		.byte	31
 361 014d 20       		.byte	32
 362 014e 20       		.byte	32
 363 014f 04       		.byte	4
 364 0150 22       		.byte	34
 365 0151 08       		.byte	8
 366 0152 25       		.byte	37
 367 0153 10       		.byte	16
 368 0154 26       		.byte	38
 369 0155 08       		.byte	8
 370 0156 27       		.byte	39
 371 0157 01       		.byte	1
 372 0158 29       		.byte	41
 373 0159 26       		.byte	38
 374 015a 2B       		.byte	43
 375 015b 19       		.byte	25
 376 015c 2D       		.byte	45
 377 015d 08       		.byte	8
 378 015e 2E       		.byte	46
 379 015f 02       		.byte	2
 380 0160 2F       		.byte	47
 381 0161 01       		.byte	1
 382 0162 32       		.byte	50
 383 0163 02       		.byte	2
 384 0164 33       		.byte	51
 385 0165 03       		.byte	3
 386 0166 34       		.byte	52
 387 0167 01       		.byte	1
 388 0168 35       		.byte	53
 389 0169 3C       		.byte	60
 390 016a 36       		.byte	54
 391 016b 0C       		.byte	12
 392 016c 3E       		.byte	62
 393 016d 40       		.byte	64
 394 016e 40       		.byte	64
 395 016f 02       		.byte	2
 396 0170 41       		.byte	65
 397 0171 03       		.byte	3
 398 0172 49       		.byte	73
 399 0173 FF       		.byte	-1
ARM GAS  C:\Users\LUKASC~1\AppData\Local\Temp\ccHaDqtH.s 			page 8


 400 0174 4A       		.byte	74
 401 0175 FF       		.byte	-1
 402 0176 4B       		.byte	75
 403 0177 FF       		.byte	-1
 404 0178 4C       		.byte	76
 405 0179 02       		.byte	2
 406 017a 4D       		.byte	77
 407 017b 0C       		.byte	12
 408 017c 4E       		.byte	78
 409 017d F8       		.byte	-8
 410 017e 52       		.byte	82
 411 017f 17       		.byte	23
 412 0180 58       		.byte	88
 413 0181 04       		.byte	4
 414 0182 59       		.byte	89
 415 0183 04       		.byte	4
 416 0184 5A       		.byte	90
 417 0185 04       		.byte	4
 418 0186 5B       		.byte	91
 419 0187 04       		.byte	4
 420 0188 5F       		.byte	95
 421 0189 01       		.byte	1
 422 018a 62       		.byte	98
 423 018b 48       		.byte	72
 424 018c 63       		.byte	99
 425 018d A1       		.byte	-95
 426 018e 68       		.byte	104
 427 018f F0       		.byte	-16
 428 0190 6A       		.byte	106
 429 0191 F0       		.byte	-16
 430 0192 6C       		.byte	108
 431 0193 F0       		.byte	-16
 432 0194 6E       		.byte	110
 433 0195 F0       		.byte	-16
 434 0196 97       		.byte	-105
 435 0197 01       		.byte	1
 436 0198 B7       		.byte	-73
 437 0199 01       		.byte	1
 438 019a C0       		.byte	-64
 439 019b 06       		.byte	6
 440 019c C1       		.byte	-63
 441 019d 03       		.byte	3
 442 019e C6       		.byte	-58
 443 019f A0       		.byte	-96
 444 01a0 C9       		.byte	-55
 445 01a1 FF       		.byte	-1
 446 01a2 CA       		.byte	-54
 447 01a3 FF       		.byte	-1
 448 01a4 CB       		.byte	-53
 449 01a5 FF       		.byte	-1
 450 01a6 CC       		.byte	-52
 451 01a7 03       		.byte	3
 452 01a8 CD       		.byte	-51
 453 01a9 0C       		.byte	12
 454 01aa CE       		.byte	-50
 455 01ab F4       		.byte	-12
 456 01ac D9       		.byte	-39
ARM GAS  C:\Users\LUKASC~1\AppData\Local\Temp\ccHaDqtH.s 			page 9


 457 01ad 04       		.byte	4
 458 01ae DA       		.byte	-38
 459 01af 04       		.byte	4
 460 01b0 DF       		.byte	-33
 461 01b1 01       		.byte	1
 462 01b2 E2       		.byte	-30
 463 01b3 48       		.byte	72
 464 01b4 E3       		.byte	-29
 465 01b5 A1       		.byte	-95
 466 01b6 E8       		.byte	-24
 467 01b7 F0       		.byte	-16
 468 01b8 EA       		.byte	-22
 469 01b9 F0       		.byte	-16
 470 01ba EC       		.byte	-20
 471 01bb F0       		.byte	-16
 472 01bc EE       		.byte	-18
 473 01bd F0       		.byte	-16
 474 01be 00       		.byte	0
 475 01bf 10       		.byte	16
 476 01c0 01       		.byte	1
 477 01c1 08       		.byte	8
 478 01c2 02       		.byte	2
 479 01c3 02       		.byte	2
 480 01c4 09       		.byte	9
 481 01c5 40       		.byte	64
 482 01c6 0A       		.byte	10
 483 01c7 04       		.byte	4
 484 01c8 10       		.byte	16
 485 01c9 20       		.byte	32
 486 01ca 11       		.byte	17
 487 01cb 40       		.byte	64
 488 01cc 13       		.byte	19
 489 01cd 02       		.byte	2
 490 01ce 18       		.byte	24
 491 01cf 14       		.byte	20
 492 01d0 19       		.byte	25
 493 01d1 24       		.byte	36
 494 01d2 1A       		.byte	26
 495 01d3 11       		.byte	17
 496 01d4 21       		.byte	33
 497 01d5 10       		.byte	16
 498 01d6 22       		.byte	34
 499 01d7 28       		.byte	40
 500 01d8 25       		.byte	37
 501 01d9 40       		.byte	64
 502 01da 2A       		.byte	42
 503 01db 80       		.byte	-128
 504 01dc 2B       		.byte	43
 505 01dd 28       		.byte	40
 506 01de 31       		.byte	49
 507 01df 10       		.byte	16
 508 01e0 32       		.byte	50
 509 01e1 48       		.byte	72
 510 01e2 35       		.byte	53
 511 01e3 08       		.byte	8
 512 01e4 39       		.byte	57
 513 01e5 26       		.byte	38
ARM GAS  C:\Users\LUKASC~1\AppData\Local\Temp\ccHaDqtH.s 			page 10


 514 01e6 3B       		.byte	59
 515 01e7 40       		.byte	64
 516 01e8 40       		.byte	64
 517 01e9 14       		.byte	20
 518 01ea 43       		.byte	67
 519 01eb 04       		.byte	4
 520 01ec 47       		.byte	71
 521 01ed 04       		.byte	4
 522 01ee 4D       		.byte	77
 523 01ef 20       		.byte	32
 524 01f0 54       		.byte	84
 525 01f1 20       		.byte	32
 526 01f2 68       		.byte	104
 527 01f3 08       		.byte	8
 528 01f4 69       		.byte	105
 529 01f5 54       		.byte	84
 530 01f6 73       		.byte	115
 531 01f7 02       		.byte	2
 532 01f8 92       		.byte	-110
 533 01f9 80       		.byte	-128
 534 01fa 95       		.byte	-107
 535 01fb 04       		.byte	4
 536 01fc 96       		.byte	-106
 537 01fd 04       		.byte	4
 538 01fe 97       		.byte	-105
 539 01ff 40       		.byte	64
 540 0200 9A       		.byte	-102
 541 0201 80       		.byte	-128
 542 0202 A3       		.byte	-93
 543 0203 28       		.byte	40
 544 0204 A6       		.byte	-90
 545 0205 2A       		.byte	42
 546 0206 B6       		.byte	-74
 547 0207 40       		.byte	64
 548 0208 C0       		.byte	-64
 549 0209 07       		.byte	7
 550 020a C2       		.byte	-62
 551 020b 03       		.byte	3
 552 020c C4       		.byte	-60
 553 020d 0D       		.byte	13
 554 020e CA       		.byte	-54
 555 020f 0E       		.byte	14
 556 0210 CC       		.byte	-52
 557 0211 4E       		.byte	78
 558 0212 CE       		.byte	-50
 559 0213 0F       		.byte	15
 560 0214 D0       		.byte	-48
 561 0215 46       		.byte	70
 562 0216 D2       		.byte	-46
 563 0217 20       		.byte	32
 564 0218 00       		.byte	0
 565 0219 07       		.byte	7
 566 021a 16       		.byte	22
 567 021b 07       		.byte	7
 568 021c 20       		.byte	32
 569 021d 01       		.byte	1
 570 021e 22       		.byte	34
ARM GAS  C:\Users\LUKASC~1\AppData\Local\Temp\ccHaDqtH.s 			page 11


 571 021f 04       		.byte	4
 572 0220 24       		.byte	36
 573 0221 06       		.byte	6
 574 0222 34       		.byte	52
 575 0223 04       		.byte	4
 576 0224 36       		.byte	54
 577 0225 03       		.byte	3
 578 0226 3E       		.byte	62
 579 0227 50       		.byte	80
 580 0228 40       		.byte	64
 581 0229 26       		.byte	38
 582 022a 41       		.byte	65
 583 022b 01       		.byte	1
 584 022c 45       		.byte	69
 585 022d 60       		.byte	96
 586 022e 46       		.byte	70
 587 022f 62       		.byte	98
 588 0230 48       		.byte	72
 589 0231 0E       		.byte	14
 590 0232 58       		.byte	88
 591 0233 04       		.byte	4
 592 0234 5A       		.byte	90
 593 0235 04       		.byte	4
 594 0236 5F       		.byte	95
 595 0237 01       		.byte	1
 596 0238 61       		.byte	97
 597 0239 0C       		.byte	12
 598 023a 62       		.byte	98
 599 023b F0       		.byte	-16
 600 023c 63       		.byte	99
 601 023d 0C       		.byte	12
 602 023e 65       		.byte	101
 603 023f 0C       		.byte	12
 604 0240 67       		.byte	103
 605 0241 0C       		.byte	12
 606 0242 68       		.byte	104
 607 0243 40       		.byte	64
 608 0244 69       		.byte	105
 609 0245 4C       		.byte	76
 610 0246 6A       		.byte	106
 611 0247 40       		.byte	64
 612 0248 6B       		.byte	107
 613 0249 4C       		.byte	76
 614 024a 6C       		.byte	108
 615 024b 90       		.byte	-112
 616 024c 6D       		.byte	109
 617 024d 58       		.byte	88
 618 024e 6F       		.byte	111
 619 024f 0C       		.byte	12
 620 0250 86       		.byte	-122
 621 0251 01       		.byte	1
 622 0252 87       		.byte	-121
 623 0253 60       		.byte	96
 624 0254 89       		.byte	-119
 625 0255 52       		.byte	82
 626 0256 8C       		.byte	-116
 627 0257 09       		.byte	9
ARM GAS  C:\Users\LUKASC~1\AppData\Local\Temp\ccHaDqtH.s 			page 12


 628 0258 8D       		.byte	-115
 629 0259 29       		.byte	41
 630 025a 8E       		.byte	-114
 631 025b 04       		.byte	4
 632 025c 92       		.byte	-110
 633 025d 08       		.byte	8
 634 025e 93       		.byte	-109
 635 025f 03       		.byte	3
 636 0260 94       		.byte	-108
 637 0261 09       		.byte	9
 638 0262 96       		.byte	-106
 639 0263 02       		.byte	2
 640 0264 98       		.byte	-104
 641 0265 09       		.byte	9
 642 0266 9C       		.byte	-100
 643 0267 02       		.byte	2
 644 0268 9D       		.byte	-99
 645 0269 78       		.byte	120
 646 026a 9F       		.byte	-97
 647 026b 04       		.byte	4
 648 026c A2       		.byte	-94
 649 026d 02       		.byte	2
 650 026e A4       		.byte	-92
 651 026f 01       		.byte	1
 652 0270 A6       		.byte	-90
 653 0271 08       		.byte	8
 654 0272 A8       		.byte	-88
 655 0273 09       		.byte	9
 656 0274 AB       		.byte	-85
 657 0275 7B       		.byte	123
 658 0276 AD       		.byte	-83
 659 0277 7B       		.byte	123
 660 0278 AE       		.byte	-82
 661 0279 01       		.byte	1
 662 027a B0       		.byte	-80
 663 027b 01       		.byte	1
 664 027c B1       		.byte	-79
 665 027d 60       		.byte	96
 666 027e B2       		.byte	-78
 667 027f 08       		.byte	8
 668 0280 B3       		.byte	-77
 669 0281 18       		.byte	24
 670 0282 B4       		.byte	-76
 671 0283 06       		.byte	6
 672 0284 B5       		.byte	-75
 673 0285 07       		.byte	7
 674 0286 BE       		.byte	-66
 675 0287 10       		.byte	16
 676 0288 BF       		.byte	-65
 677 0289 15       		.byte	21
 678 028a C0       		.byte	-64
 679 028b 42       		.byte	66
 680 028c C1       		.byte	-63
 681 028d 03       		.byte	3
 682 028e C7       		.byte	-57
 683 028f 62       		.byte	98
 684 0290 C8       		.byte	-56
ARM GAS  C:\Users\LUKASC~1\AppData\Local\Temp\ccHaDqtH.s 			page 13


 685 0291 30       		.byte	48
 686 0292 D6       		.byte	-42
 687 0293 08       		.byte	8
 688 0294 D8       		.byte	-40
 689 0295 04       		.byte	4
 690 0296 D9       		.byte	-39
 691 0297 04       		.byte	4
 692 0298 DA       		.byte	-38
 693 0299 04       		.byte	4
 694 029a DB       		.byte	-37
 695 029b 0F       		.byte	15
 696 029c DF       		.byte	-33
 697 029d 01       		.byte	1
 698 029e E1       		.byte	-31
 699 029f 0C       		.byte	12
 700 02a0 E2       		.byte	-30
 701 02a1 F0       		.byte	-16
 702 02a2 E3       		.byte	-29
 703 02a3 0C       		.byte	12
 704 02a4 E5       		.byte	-27
 705 02a5 0C       		.byte	12
 706 02a6 E7       		.byte	-25
 707 02a7 0C       		.byte	12
 708 02a8 E8       		.byte	-24
 709 02a9 40       		.byte	64
 710 02aa E9       		.byte	-23
 711 02ab 4C       		.byte	76
 712 02ac EA       		.byte	-22
 713 02ad 40       		.byte	64
 714 02ae EB       		.byte	-21
 715 02af 4C       		.byte	76
 716 02b0 EC       		.byte	-20
 717 02b1 90       		.byte	-112
 718 02b2 ED       		.byte	-19
 719 02b3 58       		.byte	88
 720 02b4 EF       		.byte	-17
 721 02b5 0C       		.byte	12
 722 02b6 01       		.byte	1
 723 02b7 04       		.byte	4
 724 02b8 03       		.byte	3
 725 02b9 02       		.byte	2
 726 02ba 05       		.byte	5
 727 02bb 02       		.byte	2
 728 02bc 08       		.byte	8
 729 02bd 01       		.byte	1
 730 02be 09       		.byte	9
 731 02bf 40       		.byte	64
 732 02c0 0A       		.byte	10
 733 02c1 14       		.byte	20
 734 02c2 0B       		.byte	11
 735 02c3 40       		.byte	64
 736 02c4 0E       		.byte	14
 737 02c5 10       		.byte	16
 738 02c6 10       		.byte	16
 739 02c7 80       		.byte	-128
 740 02c8 12       		.byte	18
 741 02c9 2A       		.byte	42
ARM GAS  C:\Users\LUKASC~1\AppData\Local\Temp\ccHaDqtH.s 			page 14


 742 02ca 16       		.byte	22
 743 02cb A0       		.byte	-96
 744 02cc 19       		.byte	25
 745 02cd 02       		.byte	2
 746 02ce 1A       		.byte	26
 747 02cf 90       		.byte	-112
 748 02d0 1B       		.byte	27
 749 02d1 1A       		.byte	26
 750 02d2 1D       		.byte	29
 751 02d3 A0       		.byte	-96
 752 02d4 20       		.byte	32
 753 02d5 44       		.byte	68
 754 02d6 21       		.byte	33
 755 02d7 04       		.byte	4
 756 02d8 28       		.byte	40
 757 02d9 02       		.byte	2
 758 02da 2B       		.byte	43
 759 02db 08       		.byte	8
 760 02dc 30       		.byte	48
 761 02dd 02       		.byte	2
 762 02de 32       		.byte	50
 763 02df 40       		.byte	64
 764 02e0 38       		.byte	56
 765 02e1 08       		.byte	8
 766 02e2 3A       		.byte	58
 767 02e3 A0       		.byte	-96
 768 02e4 40       		.byte	64
 769 02e5 44       		.byte	68
 770 02e6 41       		.byte	65
 771 02e7 04       		.byte	4
 772 02e8 45       		.byte	69
 773 02e9 A0       		.byte	-96
 774 02ea 4C       		.byte	76
 775 02eb 80       		.byte	-128
 776 02ec 4F       		.byte	79
 777 02ed 20       		.byte	32
 778 02ee 50       		.byte	80
 779 02ef 06       		.byte	6
 780 02f0 55       		.byte	85
 781 02f1 40       		.byte	64
 782 02f2 56       		.byte	86
 783 02f3 A0       		.byte	-96
 784 02f4 57       		.byte	87
 785 02f5 20       		.byte	32
 786 02f6 5A       		.byte	90
 787 02f7 40       		.byte	64
 788 02f8 60       		.byte	96
 789 02f9 02       		.byte	2
 790 02fa 78       		.byte	120
 791 02fb 01       		.byte	1
 792 02fc 84       		.byte	-124
 793 02fd 02       		.byte	2
 794 02fe 86       		.byte	-122
 795 02ff 08       		.byte	8
 796 0300 C0       		.byte	-64
 797 0301 15       		.byte	21
 798 0302 C2       		.byte	-62
ARM GAS  C:\Users\LUKASC~1\AppData\Local\Temp\ccHaDqtH.s 			page 15


 799 0303 2F       		.byte	47
 800 0304 C4       		.byte	-60
 801 0305 3F       		.byte	63
 802 0306 CA       		.byte	-54
 803 0307 0C       		.byte	12
 804 0308 CC       		.byte	-52
 805 0309 09       		.byte	9
 806 030a CE       		.byte	-50
 807 030b 0E       		.byte	14
 808 030c D0       		.byte	-48
 809 030d 37       		.byte	55
 810 030e D2       		.byte	-46
 811 030f 20       		.byte	32
 812 0310 D6       		.byte	-42
 813 0311 08       		.byte	8
 814 0312 D8       		.byte	-40
 815 0313 08       		.byte	8
 816 0314 DE       		.byte	-34
 817 0315 01       		.byte	1
 818 0316 E4       		.byte	-28
 819 0317 02       		.byte	2
 820 0318 E6       		.byte	-26
 821 0319 08       		.byte	8
 822 031a E2       		.byte	-30
 823 031b 04       		.byte	4
 824 031c E6       		.byte	-26
 825 031d 80       		.byte	-128
 826 031e EA       		.byte	-22
 827 031f 01       		.byte	1
 828 0320 EE       		.byte	-18
 829 0321 02       		.byte	2
 830 0322 92       		.byte	-110
 831 0323 01       		.byte	1
 832 0324 EE       		.byte	-18
 833 0325 02       		.byte	2
 834 0326 8A       		.byte	-118
 835 0327 01       		.byte	1
 836 0328 92       		.byte	-110
 837 0329 01       		.byte	1
 838 032a E6       		.byte	-26
 839 032b 80       		.byte	-128
 840 032c EA       		.byte	-22
 841 032d 01       		.byte	1
 842 032e 30       		.byte	48
 843 032f 02       		.byte	2
 844 0330 31       		.byte	49
 845 0331 20       		.byte	32
 846 0332 35       		.byte	53
 847 0333 02       		.byte	2
 848 0334 36       		.byte	54
 849 0335 40       		.byte	64
 850 0336 80       		.byte	-128
 851 0337 02       		.byte	2
 852 0338 CC       		.byte	-52
 853 0339 F0       		.byte	-16
 854 033a E2       		.byte	-30
 855 033b 20       		.byte	32
ARM GAS  C:\Users\LUKASC~1\AppData\Local\Temp\ccHaDqtH.s 			page 16


 856 033c 85       		.byte	-123
 857 033d 22       		.byte	34
 858 033e 9D       		.byte	-99
 859 033f 02       		.byte	2
 860 0340 A5       		.byte	-91
 861 0341 20       		.byte	32
 862 0342 A6       		.byte	-90
 863 0343 40       		.byte	64
 864 0344 E2       		.byte	-30
 865 0345 10       		.byte	16
 866 0346 E6       		.byte	-26
 867 0347 10       		.byte	16
 868 0348 3E       		.byte	62
 869 0349 10       		.byte	16
 870 034a A6       		.byte	-90
 871 034b 40       		.byte	64
 872 034c CE       		.byte	-50
 873 034d 20       		.byte	32
 874 034e 96       		.byte	-106
 875 034f 10       		.byte	16
 876 0350 A6       		.byte	-90
 877 0351 40       		.byte	64
 878 0352 3B       		.byte	59
 879 0353 20       		.byte	32
 880 0354 82       		.byte	-126
 881 0355 40       		.byte	64
 882 0356 CE       		.byte	-50
 883 0357 08       		.byte	8
 884 0358 01       		.byte	1
 885 0359 01       		.byte	1
 886 035a 04       		.byte	4
 887 035b 10       		.byte	16
 888 035c 11       		.byte	17
 889 035d 08       		.byte	8
 890 035e 51       		.byte	81
 891 035f 04       		.byte	4
 892 0360 54       		.byte	84
 893 0361 20       		.byte	32
 894 0362 84       		.byte	-124
 895 0363 20       		.byte	32
 896 0364 87       		.byte	-121
 897 0365 10       		.byte	16
 898 0366 96       		.byte	-106
 899 0367 40       		.byte	64
 900 0368 97       		.byte	-105
 901 0369 20       		.byte	32
 902 036a C0       		.byte	-64
 903 036b 09       		.byte	9
 904 036c C4       		.byte	-60
 905 036d 08       		.byte	8
 906 036e D4       		.byte	-44
 907 036f 06       		.byte	6
 908 0370 90       		.byte	-112
 909 0371 10       		.byte	16
 910 0372 91       		.byte	-111
 911 0373 01       		.byte	1
 912 0374 95       		.byte	-107
ARM GAS  C:\Users\LUKASC~1\AppData\Local\Temp\ccHaDqtH.s 			page 17


 913 0375 08       		.byte	8
 914 0376 96       		.byte	-106
 915 0377 40       		.byte	64
 916 0378 9C       		.byte	-100
 917 0379 20       		.byte	32
 918 037a A4       		.byte	-92
 919 037b 20       		.byte	32
 920 037c B5       		.byte	-75
 921 037d 04       		.byte	4
 922 037e EE       		.byte	-18
 923 037f 02       		.byte	2
 924 0380 08       		.byte	8
 925 0381 20       		.byte	32
 926 0382 0B       		.byte	11
 927 0383 40       		.byte	64
 928 0384 0E       		.byte	14
 929 0385 40       		.byte	64
 930 0386 90       		.byte	-112
 931 0387 10       		.byte	16
 932 0388 91       		.byte	-111
 933 0389 01       		.byte	1
 934 038a 95       		.byte	-107
 935 038b 08       		.byte	8
 936 038c 96       		.byte	-106
 937 038d 40       		.byte	64
 938 038e 9C       		.byte	-100
 939 038f 20       		.byte	32
 940 0390 A4       		.byte	-92
 941 0391 20       		.byte	32
 942 0392 C2       		.byte	-62
 943 0393 0E       		.byte	14
 944 0394 96       		.byte	-106
 945 0395 10       		.byte	16
 946 0396 AE       		.byte	-82
 947 0397 40       		.byte	64
 948 0398 EE       		.byte	-18
 949 0399 40       		.byte	64
 950 039a 79       		.byte	121
 951 039b 08       		.byte	8
 952 039c 89       		.byte	-119
 953 039d 04       		.byte	4
 954 039e AA       		.byte	-86
 955 039f 10       		.byte	16
 956 03a0 DE       		.byte	-34
 957 03a1 40       		.byte	64
 958 03a2 EA       		.byte	-22
 959 03a3 80       		.byte	-128
 960 03a4 10       		.byte	16
 961 03a5 20       		.byte	32
 962 03a6 13       		.byte	19
 963 03a7 20       		.byte	32
 964 03a8 15       		.byte	21
 965 03a9 08       		.byte	8
 966 03aa 79       		.byte	121
 967 03ab 01       		.byte	1
 968 03ac 7C       		.byte	124
 969 03ad 10       		.byte	16
ARM GAS  C:\Users\LUKASC~1\AppData\Local\Temp\ccHaDqtH.s 			page 18


 970 03ae 90       		.byte	-112
 971 03af 10       		.byte	16
 972 03b0 91       		.byte	-111
 973 03b1 01       		.byte	1
 974 03b2 95       		.byte	-107
 975 03b3 08       		.byte	8
 976 03b4 A4       		.byte	-92
 977 03b5 20       		.byte	32
 978 03b6 AF       		.byte	-81
 979 03b7 40       		.byte	64
 980 03b8 C4       		.byte	-60
 981 03b9 0E       		.byte	14
 982 03ba DE       		.byte	-34
 983 03bb 03       		.byte	3
 984 03bc AB       		.byte	-85
 985 03bd 20       		.byte	32
 986 03be 00       		.byte	0
 987 03bf 01       		.byte	1
 988 03c0 0C       		.byte	12
 989 03c1 01       		.byte	1
 990 03c2 0E       		.byte	14
 991 03c3 01       		.byte	1
 992 03c4 00       		.byte	0
 993 03c5 AB       		.byte	-85
 994 03c6 03       		.byte	3
 995 03c7 C0       		.byte	-64
 996 03c8 40       		.byte	64
 997 03c9 00       		.byte	0
 998 03ca 00       		.byte	0
 999 03cb 00       		.byte	0
 1000 03cc 00       		.byte	0
 1001 03cd 00       		.byte	0
 1002 03ce 00       		.byte	0
 1003 03cf 00       		.byte	0
 1004 03d0 C0       		.byte	-64
 1005 03d1 00       		.byte	0
 1006 03d2 00       		.byte	0
 1007 03d3 00       		.byte	0
 1008 03d4 00       		.byte	0
 1009 03d5 00       		.byte	0
 1010 03d6 00       		.byte	0
 1011 03d7 00       		.byte	0
 1012 03d8 00       		.byte	0
 1013 03d9 00       		.byte	0
 1014 03da 10       		.byte	16
 1015 03db 00       		.byte	0
 1016 03dc 09       		.byte	9
 1017 03dd 00       		.byte	0
 1018 03de 00       		.byte	0
 1019 03df 02       		.byte	2
 1020 03e0 0B       		.byte	11
 1021 03e1 00       		.byte	0
 1022 03e2 09       		.byte	9
 1023 03e3 00       		.byte	0
 1024 03e4 00       		.byte	0
 1025 03e5 00       		.byte	0
 1026 03e6 00       		.byte	0
ARM GAS  C:\Users\LUKASC~1\AppData\Local\Temp\ccHaDqtH.s 			page 19


 1027 03e7 00       		.byte	0
 1028 03e8 00       		.byte	0
 1029 03e9 00       		.byte	0
 1030 03ea FF       		.byte	-1
 1031 03eb 00       		.byte	0
 1032 03ec 00       		.byte	0
 1033 03ed 00       		.byte	0
 1034 03ee 00       		.byte	0
 1035 03ef 00       		.byte	0
 1036              		.section	.cywolatch,"a",%progbits
 1037              		.align	2
 1038              		.type	cy_meta_wonvl, %object
 1039              		.size	cy_meta_wonvl, 4
 1040              	cy_meta_wonvl:
 1041 0000 BC       		.byte	-68
 1042 0001 90       		.byte	-112
 1043 0002 AC       		.byte	-84
 1044 0003 AF       		.byte	-81
 1045              		.section	.cycustnvl,"a",%progbits
 1046              		.align	2
 1047              		.type	cy_meta_custnvl, %object
 1048              		.size	cy_meta_custnvl, 4
 1049              	cy_meta_custnvl:
 1050 0000 00       		.byte	0
 1051 0001 00       		.byte	0
 1052 0002 40       		.byte	64
 1053 0003 05       		.byte	5
 1054              		.section	.cymeta,"a",%progbits
 1055              		.align	2
 1056              		.type	cy_metadata, %object
 1057              		.size	cy_metadata, 12
 1058              	cy_metadata:
 1059 0000 00       		.byte	0
 1060 0001 01       		.byte	1
 1061 0002 2E       		.byte	46
 1062 0003 16       		.byte	22
 1063 0004 10       		.byte	16
 1064 0005 69       		.byte	105
 1065 0006 00       		.byte	0
 1066 0007 01       		.byte	1
 1067 0008 00       		.byte	0
 1068 0009 00       		.byte	0
 1069 000a 00       		.byte	0
 1070 000b 00       		.byte	0
 1071              		.section	.cyflashprotect,"a",%progbits
 1072              		.align	2
 1073              		.type	cy_meta_flashprotect, %object
 1074              		.size	cy_meta_flashprotect, 256
 1075              	cy_meta_flashprotect:
 1076 0000 00000000 		.space	256
 1076      00000000 
 1076      00000000 
 1076      00000000 
 1076      00000000 
 1077              		.text
 1078              	.Letext0:
 1079              		.file 1 ".\\Generated_Source\\PSoC5\\cymetadata.c"
ARM GAS  C:\Users\LUKASC~1\AppData\Local\Temp\ccHaDqtH.s 			page 20


 1080              		.file 2 ".\\Generated_Source\\PSoC5\\cytypes.h"
 1081              		.section	.debug_info,"",%progbits
 1082              	.Ldebug_info0:
 1083 0000 37010000 		.4byte	0x137
 1084 0004 0400     		.2byte	0x4
 1085 0006 00000000 		.4byte	.Ldebug_abbrev0
 1086 000a 04       		.byte	0x4
 1087 000b 01       		.uleb128 0x1
 1088 000c 94000000 		.4byte	.LASF18
 1089 0010 01       		.byte	0x1
 1090 0011 00000000 		.4byte	.LASF19
 1091 0015 AA010000 		.4byte	.LASF20
 1092 0019 00000000 		.4byte	.Ldebug_line0
 1093 001d 02       		.uleb128 0x2
 1094 001e 01       		.byte	0x1
 1095 001f 06       		.byte	0x6
 1096 0020 9E010000 		.4byte	.LASF0
 1097 0024 02       		.uleb128 0x2
 1098 0025 01       		.byte	0x1
 1099 0026 08       		.byte	0x8
 1100 0027 38000000 		.4byte	.LASF1
 1101 002b 02       		.uleb128 0x2
 1102 002c 02       		.byte	0x2
 1103 002d 05       		.byte	0x5
 1104 002e 85010000 		.4byte	.LASF2
 1105 0032 02       		.uleb128 0x2
 1106 0033 02       		.byte	0x2
 1107 0034 07       		.byte	0x7
 1108 0035 58000000 		.4byte	.LASF3
 1109 0039 02       		.uleb128 0x2
 1110 003a 04       		.byte	0x4
 1111 003b 05       		.byte	0x5
 1112 003c 95010000 		.4byte	.LASF4
 1113 0040 02       		.uleb128 0x2
 1114 0041 04       		.byte	0x4
 1115 0042 07       		.byte	0x7
 1116 0043 46000000 		.4byte	.LASF5
 1117 0047 02       		.uleb128 0x2
 1118 0048 08       		.byte	0x8
 1119 0049 05       		.byte	0x5
 1120 004a 72010000 		.4byte	.LASF6
 1121 004e 02       		.uleb128 0x2
 1122 004f 08       		.byte	0x8
 1123 0050 07       		.byte	0x7
 1124 0051 2F010000 		.4byte	.LASF7
 1125 0055 03       		.uleb128 0x3
 1126 0056 04       		.byte	0x4
 1127 0057 05       		.byte	0x5
 1128 0058 696E7400 		.ascii	"int\000"
 1129 005c 02       		.uleb128 0x2
 1130 005d 04       		.byte	0x4
 1131 005e 07       		.byte	0x7
 1132 005f 22010000 		.4byte	.LASF8
 1133 0063 04       		.uleb128 0x4
 1134 0064 8F010000 		.4byte	.LASF21
 1135 0068 02       		.byte	0x2
 1136 0069 3801     		.2byte	0x138
ARM GAS  C:\Users\LUKASC~1\AppData\Local\Temp\ccHaDqtH.s 			page 21


 1137 006b 24000000 		.4byte	0x24
 1138 006f 02       		.uleb128 0x2
 1139 0070 04       		.byte	0x4
 1140 0071 04       		.byte	0x4
 1141 0072 32000000 		.4byte	.LASF9
 1142 0076 02       		.uleb128 0x2
 1143 0077 08       		.byte	0x8
 1144 0078 04       		.byte	0x4
 1145 0079 6B000000 		.4byte	.LASF10
 1146 007d 02       		.uleb128 0x2
 1147 007e 01       		.byte	0x1
 1148 007f 08       		.byte	0x8
 1149 0080 80010000 		.4byte	.LASF11
 1150 0084 05       		.uleb128 0x5
 1151 0085 63000000 		.4byte	0x63
 1152 0089 95000000 		.4byte	0x95
 1153 008d 06       		.uleb128 0x6
 1154 008e 95000000 		.4byte	0x95
 1155 0092 EF03     		.2byte	0x3ef
 1156 0094 00       		.byte	0
 1157 0095 02       		.uleb128 0x2
 1158 0096 04       		.byte	0x4
 1159 0097 07       		.byte	0x7
 1160 0098 69010000 		.4byte	.LASF12
 1161 009c 07       		.uleb128 0x7
 1162 009d 82000000 		.4byte	.LASF13
 1163 00a1 01       		.byte	0x1
 1164 00a2 1F       		.byte	0x1f
 1165 00a3 AD000000 		.4byte	0xad
 1166 00a7 05       		.uleb128 0x5
 1167 00a8 03       		.byte	0x3
 1168 00a9 00000000 		.4byte	cy_meta_configecc
 1169 00ad 08       		.uleb128 0x8
 1170 00ae 84000000 		.4byte	0x84
 1171 00b2 05       		.uleb128 0x5
 1172 00b3 63000000 		.4byte	0x63
 1173 00b7 C2000000 		.4byte	0xc2
 1174 00bb 09       		.uleb128 0x9
 1175 00bc 95000000 		.4byte	0x95
 1176 00c0 03       		.byte	0x3
 1177 00c1 00       		.byte	0
 1178 00c2 07       		.uleb128 0x7
 1179 00c3 72000000 		.4byte	.LASF14
 1180 00c7 01       		.byte	0x1
 1181 00c8 AA       		.byte	0xaa
 1182 00c9 D3000000 		.4byte	0xd3
 1183 00cd 05       		.uleb128 0x5
 1184 00ce 03       		.byte	0x3
 1185 00cf 00000000 		.4byte	cy_meta_custnvl
 1186 00d3 08       		.uleb128 0x8
 1187 00d4 B2000000 		.4byte	0xb2
 1188 00d8 07       		.uleb128 0x7
 1189 00d9 5B010000 		.4byte	.LASF15
 1190 00dd 01       		.byte	0x1
 1191 00de B8       		.byte	0xb8
 1192 00df E9000000 		.4byte	0xe9
 1193 00e3 05       		.uleb128 0x5
ARM GAS  C:\Users\LUKASC~1\AppData\Local\Temp\ccHaDqtH.s 			page 22


 1194 00e4 03       		.byte	0x3
 1195 00e5 00000000 		.4byte	cy_meta_wonvl
 1196 00e9 08       		.uleb128 0x8
 1197 00ea B2000000 		.4byte	0xb2
 1198 00ee 05       		.uleb128 0x5
 1199 00ef 63000000 		.4byte	0x63
 1200 00f3 FE000000 		.4byte	0xfe
 1201 00f7 09       		.uleb128 0x9
 1202 00f8 95000000 		.4byte	0x95
 1203 00fc FF       		.byte	0xff
 1204 00fd 00       		.byte	0
 1205 00fe 07       		.uleb128 0x7
 1206 00ff 46010000 		.4byte	.LASF16
 1207 0103 01       		.byte	0x1
 1208 0104 C6       		.byte	0xc6
 1209 0105 0F010000 		.4byte	0x10f
 1210 0109 05       		.uleb128 0x5
 1211 010a 03       		.byte	0x3
 1212 010b 00000000 		.4byte	cy_meta_flashprotect
 1213 010f 08       		.uleb128 0x8
 1214 0110 EE000000 		.4byte	0xee
 1215 0114 05       		.uleb128 0x5
 1216 0115 63000000 		.4byte	0x63
 1217 0119 24010000 		.4byte	0x124
 1218 011d 09       		.uleb128 0x9
 1219 011e 95000000 		.4byte	0x95
 1220 0122 0B       		.byte	0xb
 1221 0123 00       		.byte	0
 1222 0124 07       		.uleb128 0x7
 1223 0125 26000000 		.4byte	.LASF17
 1224 0129 01       		.byte	0x1
 1225 012a F3       		.byte	0xf3
 1226 012b 35010000 		.4byte	0x135
 1227 012f 05       		.uleb128 0x5
 1228 0130 03       		.byte	0x3
 1229 0131 00000000 		.4byte	cy_metadata
 1230 0135 08       		.uleb128 0x8
 1231 0136 14010000 		.4byte	0x114
 1232 013a 00       		.byte	0
 1233              		.section	.debug_abbrev,"",%progbits
 1234              	.Ldebug_abbrev0:
 1235 0000 01       		.uleb128 0x1
 1236 0001 11       		.uleb128 0x11
 1237 0002 01       		.byte	0x1
 1238 0003 25       		.uleb128 0x25
 1239 0004 0E       		.uleb128 0xe
 1240 0005 13       		.uleb128 0x13
 1241 0006 0B       		.uleb128 0xb
 1242 0007 03       		.uleb128 0x3
 1243 0008 0E       		.uleb128 0xe
 1244 0009 1B       		.uleb128 0x1b
 1245 000a 0E       		.uleb128 0xe
 1246 000b 10       		.uleb128 0x10
 1247 000c 17       		.uleb128 0x17
 1248 000d 00       		.byte	0
 1249 000e 00       		.byte	0
 1250 000f 02       		.uleb128 0x2
ARM GAS  C:\Users\LUKASC~1\AppData\Local\Temp\ccHaDqtH.s 			page 23


 1251 0010 24       		.uleb128 0x24
 1252 0011 00       		.byte	0
 1253 0012 0B       		.uleb128 0xb
 1254 0013 0B       		.uleb128 0xb
 1255 0014 3E       		.uleb128 0x3e
 1256 0015 0B       		.uleb128 0xb
 1257 0016 03       		.uleb128 0x3
 1258 0017 0E       		.uleb128 0xe
 1259 0018 00       		.byte	0
 1260 0019 00       		.byte	0
 1261 001a 03       		.uleb128 0x3
 1262 001b 24       		.uleb128 0x24
 1263 001c 00       		.byte	0
 1264 001d 0B       		.uleb128 0xb
 1265 001e 0B       		.uleb128 0xb
 1266 001f 3E       		.uleb128 0x3e
 1267 0020 0B       		.uleb128 0xb
 1268 0021 03       		.uleb128 0x3
 1269 0022 08       		.uleb128 0x8
 1270 0023 00       		.byte	0
 1271 0024 00       		.byte	0
 1272 0025 04       		.uleb128 0x4
 1273 0026 16       		.uleb128 0x16
 1274 0027 00       		.byte	0
 1275 0028 03       		.uleb128 0x3
 1276 0029 0E       		.uleb128 0xe
 1277 002a 3A       		.uleb128 0x3a
 1278 002b 0B       		.uleb128 0xb
 1279 002c 3B       		.uleb128 0x3b
 1280 002d 05       		.uleb128 0x5
 1281 002e 49       		.uleb128 0x49
 1282 002f 13       		.uleb128 0x13
 1283 0030 00       		.byte	0
 1284 0031 00       		.byte	0
 1285 0032 05       		.uleb128 0x5
 1286 0033 01       		.uleb128 0x1
 1287 0034 01       		.byte	0x1
 1288 0035 49       		.uleb128 0x49
 1289 0036 13       		.uleb128 0x13
 1290 0037 01       		.uleb128 0x1
 1291 0038 13       		.uleb128 0x13
 1292 0039 00       		.byte	0
 1293 003a 00       		.byte	0
 1294 003b 06       		.uleb128 0x6
 1295 003c 21       		.uleb128 0x21
 1296 003d 00       		.byte	0
 1297 003e 49       		.uleb128 0x49
 1298 003f 13       		.uleb128 0x13
 1299 0040 2F       		.uleb128 0x2f
 1300 0041 05       		.uleb128 0x5
 1301 0042 00       		.byte	0
 1302 0043 00       		.byte	0
 1303 0044 07       		.uleb128 0x7
 1304 0045 34       		.uleb128 0x34
 1305 0046 00       		.byte	0
 1306 0047 03       		.uleb128 0x3
 1307 0048 0E       		.uleb128 0xe
ARM GAS  C:\Users\LUKASC~1\AppData\Local\Temp\ccHaDqtH.s 			page 24


 1308 0049 3A       		.uleb128 0x3a
 1309 004a 0B       		.uleb128 0xb
 1310 004b 3B       		.uleb128 0x3b
 1311 004c 0B       		.uleb128 0xb
 1312 004d 49       		.uleb128 0x49
 1313 004e 13       		.uleb128 0x13
 1314 004f 3F       		.uleb128 0x3f
 1315 0050 19       		.uleb128 0x19
 1316 0051 02       		.uleb128 0x2
 1317 0052 18       		.uleb128 0x18
 1318 0053 00       		.byte	0
 1319 0054 00       		.byte	0
 1320 0055 08       		.uleb128 0x8
 1321 0056 26       		.uleb128 0x26
 1322 0057 00       		.byte	0
 1323 0058 49       		.uleb128 0x49
 1324 0059 13       		.uleb128 0x13
 1325 005a 00       		.byte	0
 1326 005b 00       		.byte	0
 1327 005c 09       		.uleb128 0x9
 1328 005d 21       		.uleb128 0x21
 1329 005e 00       		.byte	0
 1330 005f 49       		.uleb128 0x49
 1331 0060 13       		.uleb128 0x13
 1332 0061 2F       		.uleb128 0x2f
 1333 0062 0B       		.uleb128 0xb
 1334 0063 00       		.byte	0
 1335 0064 00       		.byte	0
 1336 0065 00       		.byte	0
 1337              		.section	.debug_aranges,"",%progbits
 1338 0000 14000000 		.4byte	0x14
 1339 0004 0200     		.2byte	0x2
 1340 0006 00000000 		.4byte	.Ldebug_info0
 1341 000a 04       		.byte	0x4
 1342 000b 00       		.byte	0
 1343 000c 0000     		.2byte	0
 1344 000e 0000     		.2byte	0
 1345 0010 00000000 		.4byte	0
 1346 0014 00000000 		.4byte	0
 1347              		.section	.debug_line,"",%progbits
 1348              	.Ldebug_line0:
 1349 0000 4F000000 		.section	.debug_str,"MS",%progbits,1
 1349      02004900 
 1349      00000201 
 1349      FB0E0D00 
 1349      01010101 
 1350              	.LASF19:
 1351 0000 2E5C4765 		.ascii	".\\Generated_Source\\PSoC5\\cymetadata.c\000"
 1351      6E657261 
 1351      7465645F 
 1351      536F7572 
 1351      63655C50 
 1352              	.LASF17:
 1353 0026 63795F6D 		.ascii	"cy_metadata\000"
 1353      65746164 
 1353      61746100 
 1354              	.LASF9:
ARM GAS  C:\Users\LUKASC~1\AppData\Local\Temp\ccHaDqtH.s 			page 25


 1355 0032 666C6F61 		.ascii	"float\000"
 1355      7400
 1356              	.LASF1:
 1357 0038 756E7369 		.ascii	"unsigned char\000"
 1357      676E6564 
 1357      20636861 
 1357      7200
 1358              	.LASF5:
 1359 0046 6C6F6E67 		.ascii	"long unsigned int\000"
 1359      20756E73 
 1359      69676E65 
 1359      6420696E 
 1359      7400
 1360              	.LASF3:
 1361 0058 73686F72 		.ascii	"short unsigned int\000"
 1361      7420756E 
 1361      7369676E 
 1361      65642069 
 1361      6E7400
 1362              	.LASF10:
 1363 006b 646F7562 		.ascii	"double\000"
 1363      6C6500
 1364              	.LASF14:
 1365 0072 63795F6D 		.ascii	"cy_meta_custnvl\000"
 1365      6574615F 
 1365      63757374 
 1365      6E766C00 
 1366              	.LASF13:
 1367 0082 63795F6D 		.ascii	"cy_meta_configecc\000"
 1367      6574615F 
 1367      636F6E66 
 1367      69676563 
 1367      6300
 1368              	.LASF18:
 1369 0094 474E5520 		.ascii	"GNU C 4.9.3 20150303 (release) [ARM/embedded-4_9-br"
 1369      4320342E 
 1369      392E3320 
 1369      32303135 
 1369      30333033 
 1370 00c7 616E6368 		.ascii	"anch revision 221220] -mcpu=cortex-m3 -mthumb -g -O"
 1370      20726576 
 1370      6973696F 
 1370      6E203232 
 1370      31323230 
 1371 00fa 67202D66 		.ascii	"g -ffunction-sections -ffat-lto-objects\000"
 1371      66756E63 
 1371      74696F6E 
 1371      2D736563 
 1371      74696F6E 
 1372              	.LASF8:
 1373 0122 756E7369 		.ascii	"unsigned int\000"
 1373      676E6564 
 1373      20696E74 
 1373      00
 1374              	.LASF7:
 1375 012f 6C6F6E67 		.ascii	"long long unsigned int\000"
 1375      206C6F6E 
ARM GAS  C:\Users\LUKASC~1\AppData\Local\Temp\ccHaDqtH.s 			page 26


 1375      6720756E 
 1375      7369676E 
 1375      65642069 
 1376              	.LASF16:
 1377 0146 63795F6D 		.ascii	"cy_meta_flashprotect\000"
 1377      6574615F 
 1377      666C6173 
 1377      6870726F 
 1377      74656374 
 1378              	.LASF15:
 1379 015b 63795F6D 		.ascii	"cy_meta_wonvl\000"
 1379      6574615F 
 1379      776F6E76 
 1379      6C00
 1380              	.LASF12:
 1381 0169 73697A65 		.ascii	"sizetype\000"
 1381      74797065 
 1381      00
 1382              	.LASF6:
 1383 0172 6C6F6E67 		.ascii	"long long int\000"
 1383      206C6F6E 
 1383      6720696E 
 1383      7400
 1384              	.LASF11:
 1385 0180 63686172 		.ascii	"char\000"
 1385      00
 1386              	.LASF2:
 1387 0185 73686F72 		.ascii	"short int\000"
 1387      7420696E 
 1387      7400
 1388              	.LASF21:
 1389 018f 75696E74 		.ascii	"uint8\000"
 1389      3800
 1390              	.LASF4:
 1391 0195 6C6F6E67 		.ascii	"long int\000"
 1391      20696E74 
 1391      00
 1392              	.LASF0:
 1393 019e 7369676E 		.ascii	"signed char\000"
 1393      65642063 
 1393      68617200 
 1394              	.LASF20:
 1395 01aa 433A5C55 		.ascii	"C:\\Users\\Lukas Creutzburg\\Documents\\GitHub\\fre"
 1395      73657273 
 1395      5C4C756B 
 1395      61732043 
 1395      72657574 
 1396 01d8 65445350 		.ascii	"eDSPPSoC-I2C\\CapSense PSoC5LE.cydsn\000"
 1396      50536F43 
 1396      2D493243 
 1396      5C436170 
 1396      53656E73 
 1397              		.ident	"GCC: (GNU Tools for ARM Embedded Processors) 4.9.3 20150303 (release) [ARM/embedded-4_9-br
