ARM GAS  C:\Users\LUKASC~1\AppData\Local\Temp\ccdhrzVf.s 			page 1


   1              		.syntax unified
   2              		.cpu cortex-m3
   3              		.fpu softvfp
   4              		.eabi_attribute 20, 1
   5              		.eabi_attribute 21, 1
   6              		.eabi_attribute 23, 3
   7              		.eabi_attribute 24, 1
   8              		.eabi_attribute 25, 1
   9              		.eabi_attribute 26, 1
  10              		.eabi_attribute 30, 1
  11              		.eabi_attribute 34, 1
  12              		.eabi_attribute 18, 4
  13              		.thumb
  14              		.file	"uart.c"
  15              		.text
  16              	.Ltext0:
  17              		.cfi_sections	.debug_frame
  18              		.section	.text.UARTInit,"ax",%progbits
  19              		.align	2
  20              		.global	UARTInit
  21              		.thumb
  22              		.thumb_func
  23              		.type	UARTInit, %function
  24              	UARTInit:
  25              	.LFB63:
  26              		.file 1 ".\\uart.c"
   1:.\uart.c      **** /* ========================================
   2:.\uart.c      **** * File Name: capsense.h
   3:.\uart.c      **** *
   4:.\uart.c      **** * Version: 0
   5:.\uart.c      **** * Author: Lukas Creutzburg
   6:.\uart.c      **** *
   7:.\uart.c      **** *  Description:
   8:.\uart.c      **** *  CapSense module
   9:.\uart.c      **** *
  10:.\uart.c      **** * =================================================================================================
  11:.\uart.c      **** */
  12:.\uart.c      **** #include "uart.h"
  13:.\uart.c      **** 
  14:.\uart.c      **** /* Variables */
  15:.\uart.c      **** 
  16:.\uart.c      **** //_________________________________
  17:.\uart.c      **** 
  18:.\uart.c      **** /*******************************************************************************
  19:.\uart.c      **** * Function Name:  UARTInit
  20:.\uart.c      **** ********************************************************************************
  21:.\uart.c      **** *
  22:.\uart.c      **** * Summary:
  23:.\uart.c      **** *   Initializes CapSense  
  24:.\uart.c      **** *
  25:.\uart.c      **** * Parameters:  
  26:.\uart.c      **** *  None
  27:.\uart.c      **** *
  28:.\uart.c      **** * Return: 
  29:.\uart.c      **** *  None 
  30:.\uart.c      **** *  
  31:.\uart.c      **** *******************************************************************************/
ARM GAS  C:\Users\LUKASC~1\AppData\Local\Temp\ccdhrzVf.s 			page 2


  32:.\uart.c      **** void UARTInit(void)
  33:.\uart.c      **** {
  27              		.loc 1 33 0
  28              		.cfi_startproc
  29              		@ args = 0, pretend = 0, frame = 0
  30              		@ frame_needed = 0, uses_anonymous_args = 0
  31 0000 08B5     		push	{r3, lr}
  32              		.cfi_def_cfa_offset 8
  33              		.cfi_offset 3, -8
  34              		.cfi_offset 14, -4
  34:.\uart.c      ****     UART_1_Start((0u),UART_1_5V_OPERATION);
  35              		.loc 1 34 0
  36 0002 0020     		movs	r0, #0
  37 0004 0121     		movs	r1, #1
  38 0006 FFF7FEFF 		bl	UART_1_Start
  39              	.LVL0:
  40 000a 08BD     		pop	{r3, pc}
  41              		.cfi_endproc
  42              	.LFE63:
  43              		.size	UARTInit, .-UARTInit
  44              		.section	.text.UART_SendNumber,"ax",%progbits
  45              		.align	2
  46              		.global	UART_SendNumber
  47              		.thumb
  48              		.thumb_func
  49              		.type	UART_SendNumber, %function
  50              	UART_SendNumber:
  51              	.LFB64:
  35:.\uart.c      **** }
  36:.\uart.c      **** //_________________________________________________________________
  37:.\uart.c      **** 
  38:.\uart.c      **** 
  39:.\uart.c      **** /*******************************************************************************
  40:.\uart.c      **** * Function Name: UART_SendNumber
  41:.\uart.c      **** ********************************************************************************
  42:.\uart.c      **** *
  43:.\uart.c      **** * Summary:
  44:.\uart.c      **** *  Sends number via UART
  45:.\uart.c      **** *
  46:.\uart.c      **** * Parameters:  
  47:.\uart.c      **** *   uint32: number to send
  48:.\uart.c      **** * Return: 
  49:.\uart.c      **** *   None
  50:.\uart.c      **** *
  51:.\uart.c      **** *******************************************************************************/
  52:.\uart.c      **** void UART_SendNumber(uint32 number)
  53:.\uart.c      **** {
  52              		.loc 1 53 0
  53              		.cfi_startproc
  54              		@ args = 0, pretend = 0, frame = 56
  55              		@ frame_needed = 0, uses_anonymous_args = 0
  56              	.LVL1:
  57 0000 00B5     		push	{lr}
  58              		.cfi_def_cfa_offset 4
  59              		.cfi_offset 14, -4
  60 0002 8FB0     		sub	sp, sp, #60
  61              		.cfi_def_cfa_offset 64
ARM GAS  C:\Users\LUKASC~1\AppData\Local\Temp\ccdhrzVf.s 			page 3


  62 0004 0246     		mov	r2, r0
  54:.\uart.c      ****     int bytesWritten; 
  55:.\uart.c      ****     char myString[50]; 
  56:.\uart.c      ****     bytesWritten = sprintf(myString, "%lu", number); 
  63              		.loc 1 56 0
  64 0006 01A8     		add	r0, sp, #4
  65              	.LVL2:
  66 0008 0F49     		ldr	r1, .L5
  67 000a FFF7FEFF 		bl	sprintf
  68              	.LVL3:
  57:.\uart.c      ****     myString[bytesWritten]='\r';
  69              		.loc 1 57 0
  70 000e 0EAB     		add	r3, sp, #56
  71 0010 0344     		add	r3, r3, r0
  72 0012 0D22     		movs	r2, #13
  73 0014 03F8342C 		strb	r2, [r3, #-52]
  58:.\uart.c      ****     myString[bytesWritten+1]='\n';
  74              		.loc 1 58 0
  75 0018 0EAB     		add	r3, sp, #56
  76 001a 0344     		add	r3, r3, r0
  77 001c 0A22     		movs	r2, #10
  78 001e 03F8332C 		strb	r2, [r3, #-51]
  59:.\uart.c      ****     myString[bytesWritten+2]='\0';
  79              		.loc 1 59 0
  80 0022 0230     		adds	r0, r0, #2
  81              	.LVL4:
  82 0024 0EAB     		add	r3, sp, #56
  83 0026 1844     		add	r0, r0, r3
  84              	.LVL5:
  85 0028 0023     		movs	r3, #0
  86 002a 00F8343C 		strb	r3, [r0, #-52]
  60:.\uart.c      ****     UART_1_PutString(myString);
  87              		.loc 1 60 0
  88 002e 01A8     		add	r0, sp, #4
  89 0030 FFF7FEFF 		bl	UART_1_PutString
  90              	.LVL6:
  61:.\uart.c      ****     LED_1_Write(!LED_1_Read());
  91              		.loc 1 61 0
  92 0034 FFF7FEFF 		bl	LED_1_Read
  93              	.LVL7:
  94 0038 B0FA80F0 		clz	r0, r0
  95 003c 4009     		lsrs	r0, r0, #5
  96 003e FFF7FEFF 		bl	LED_1_Write
  97              	.LVL8:
  62:.\uart.c      **** }
  98              		.loc 1 62 0
  99 0042 0FB0     		add	sp, sp, #60
 100              		.cfi_def_cfa_offset 4
 101              		@ sp needed
 102 0044 5DF804FB 		ldr	pc, [sp], #4
 103              	.L6:
 104              		.align	2
 105              	.L5:
 106 0048 00000000 		.word	.LC0
 107              		.cfi_endproc
 108              	.LFE64:
 109              		.size	UART_SendNumber, .-UART_SendNumber
ARM GAS  C:\Users\LUKASC~1\AppData\Local\Temp\ccdhrzVf.s 			page 4


 110              		.section	.text.UART_SendString,"ax",%progbits
 111              		.align	2
 112              		.global	UART_SendString
 113              		.thumb
 114              		.thumb_func
 115              		.type	UART_SendString, %function
 116              	UART_SendString:
 117              	.LFB65:
  63:.\uart.c      **** //_________________________________________________________________
  64:.\uart.c      **** 
  65:.\uart.c      **** 
  66:.\uart.c      **** /*******************************************************************************
  67:.\uart.c      **** * Function Name: UART_SendString
  68:.\uart.c      **** ********************************************************************************
  69:.\uart.c      **** *
  70:.\uart.c      **** * Summary:
  71:.\uart.c      **** *  Sends string via UART
  72:.\uart.c      **** *
  73:.\uart.c      **** * Parameters:  
  74:.\uart.c      **** *   char[]: String
  75:.\uart.c      **** * Return: 
  76:.\uart.c      **** *   None
  77:.\uart.c      **** *
  78:.\uart.c      **** *******************************************************************************/
  79:.\uart.c      **** void UART_SendString(char string[])
  80:.\uart.c      **** {
 118              		.loc 1 80 0
 119              		.cfi_startproc
 120              		@ args = 0, pretend = 0, frame = 0
 121              		@ frame_needed = 0, uses_anonymous_args = 0
 122              	.LVL9:
 123 0000 08B5     		push	{r3, lr}
 124              		.cfi_def_cfa_offset 8
 125              		.cfi_offset 3, -8
 126              		.cfi_offset 14, -4
  81:.\uart.c      ****     UART_1_PutString(string);
 127              		.loc 1 81 0
 128 0002 FFF7FEFF 		bl	UART_1_PutString
 129              	.LVL10:
 130 0006 08BD     		pop	{r3, pc}
 131              		.cfi_endproc
 132              	.LFE65:
 133              		.size	UART_SendString, .-UART_SendString
 134              		.section	.rodata.str1.4,"aMS",%progbits,1
 135              		.align	2
 136              	.LC0:
 137 0000 256C7500 		.ascii	"%lu\000"
 138              		.text
 139              	.Letext0:
 140              		.file 2 "c:\\program files (x86)\\cypress\\psoc creator\\3.3\\psoc creator\\import\\gnu\\arm\\4.9.
 141              		.file 3 "c:\\program files (x86)\\cypress\\psoc creator\\3.3\\psoc creator\\import\\gnu\\arm\\4.9.
 142              		.file 4 "Generated_Source\\PSoC5/cytypes.h"
 143              		.file 5 "Generated_Source\\PSoC5/UART_1.h"
 144              		.file 6 "Generated_Source\\PSoC5/UART_1_cdc.h"
 145              		.file 7 "Generated_Source\\PSoC5/core_cm3.h"
 146              		.file 8 "c:\\program files (x86)\\cypress\\psoc creator\\3.3\\psoc creator\\import\\gnu\\arm\\4.9.
 147              		.file 9 "Generated_Source\\PSoC5/LED_1.h"
ARM GAS  C:\Users\LUKASC~1\AppData\Local\Temp\ccdhrzVf.s 			page 5


 148              		.section	.debug_info,"",%progbits
 149              	.Ldebug_info0:
 150 0000 42020000 		.4byte	0x242
 151 0004 0400     		.2byte	0x4
 152 0006 00000000 		.4byte	.Ldebug_abbrev0
 153 000a 04       		.byte	0x4
 154 000b 01       		.uleb128 0x1
 155 000c AE000000 		.4byte	.LASF27
 156 0010 01       		.byte	0x1
 157 0011 0D000000 		.4byte	.LASF28
 158 0015 D9010000 		.4byte	.LASF29
 159 0019 00000000 		.4byte	.Ldebug_ranges0+0
 160 001d 00000000 		.4byte	0
 161 0021 00000000 		.4byte	.Ldebug_line0
 162 0025 02       		.uleb128 0x2
 163 0026 01       		.byte	0x1
 164 0027 06       		.byte	0x6
 165 0028 CD010000 		.4byte	.LASF0
 166 002c 02       		.uleb128 0x2
 167 002d 01       		.byte	0x1
 168 002e 08       		.byte	0x8
 169 002f 33000000 		.4byte	.LASF1
 170 0033 02       		.uleb128 0x2
 171 0034 02       		.byte	0x2
 172 0035 05       		.byte	0x5
 173 0036 AA010000 		.4byte	.LASF2
 174 003a 02       		.uleb128 0x2
 175 003b 02       		.byte	0x2
 176 003c 07       		.byte	0x7
 177 003d 64000000 		.4byte	.LASF3
 178 0041 03       		.uleb128 0x3
 179 0042 16000000 		.4byte	.LASF9
 180 0046 02       		.byte	0x2
 181 0047 3F       		.byte	0x3f
 182 0048 4C000000 		.4byte	0x4c
 183 004c 02       		.uleb128 0x2
 184 004d 04       		.byte	0x4
 185 004e 05       		.byte	0x5
 186 004f C4010000 		.4byte	.LASF4
 187 0053 02       		.uleb128 0x2
 188 0054 04       		.byte	0x4
 189 0055 07       		.byte	0x7
 190 0056 52000000 		.4byte	.LASF5
 191 005a 02       		.uleb128 0x2
 192 005b 08       		.byte	0x8
 193 005c 05       		.byte	0x5
 194 005d 8A010000 		.4byte	.LASF6
 195 0061 02       		.uleb128 0x2
 196 0062 08       		.byte	0x8
 197 0063 07       		.byte	0x7
 198 0064 52010000 		.4byte	.LASF7
 199 0068 04       		.uleb128 0x4
 200 0069 04       		.byte	0x4
 201 006a 05       		.byte	0x5
 202 006b 696E7400 		.ascii	"int\000"
 203 006f 02       		.uleb128 0x2
 204 0070 04       		.byte	0x4
ARM GAS  C:\Users\LUKASC~1\AppData\Local\Temp\ccdhrzVf.s 			page 6


 205 0071 07       		.byte	0x7
 206 0072 3C010000 		.4byte	.LASF8
 207 0076 03       		.uleb128 0x3
 208 0077 79010000 		.4byte	.LASF10
 209 007b 03       		.byte	0x3
 210 007c 2C       		.byte	0x2c
 211 007d 41000000 		.4byte	0x41
 212 0081 05       		.uleb128 0x5
 213 0082 2D000000 		.4byte	.LASF11
 214 0086 04       		.byte	0x4
 215 0087 3801     		.2byte	0x138
 216 0089 2C000000 		.4byte	0x2c
 217 008d 05       		.uleb128 0x5
 218 008e A7000000 		.4byte	.LASF12
 219 0092 04       		.byte	0x4
 220 0093 3A01     		.2byte	0x13a
 221 0095 53000000 		.4byte	0x53
 222 0099 02       		.uleb128 0x2
 223 009a 04       		.byte	0x4
 224 009b 04       		.byte	0x4
 225 009c 27000000 		.4byte	.LASF13
 226 00a0 02       		.uleb128 0x2
 227 00a1 08       		.byte	0x8
 228 00a2 04       		.byte	0x4
 229 00a3 94000000 		.4byte	.LASF14
 230 00a7 05       		.uleb128 0x5
 231 00a8 4C000000 		.4byte	.LASF15
 232 00ac 04       		.byte	0x4
 233 00ad 4901     		.2byte	0x149
 234 00af B3000000 		.4byte	0xb3
 235 00b3 02       		.uleb128 0x2
 236 00b4 01       		.byte	0x1
 237 00b5 08       		.byte	0x8
 238 00b6 98010000 		.4byte	.LASF16
 239 00ba 02       		.uleb128 0x2
 240 00bb 04       		.byte	0x4
 241 00bc 07       		.byte	0x7
 242 00bd 81010000 		.4byte	.LASF17
 243 00c1 06       		.uleb128 0x6
 244 00c2 04       		.byte	0x4
 245 00c3 B3000000 		.4byte	0xb3
 246 00c7 06       		.uleb128 0x6
 247 00c8 04       		.byte	0x4
 248 00c9 CD000000 		.4byte	0xcd
 249 00cd 07       		.uleb128 0x7
 250 00ce B3000000 		.4byte	0xb3
 251 00d2 08       		.uleb128 0x8
 252 00d3 69010000 		.4byte	.LASF18
 253 00d7 01       		.byte	0x1
 254 00d8 20       		.byte	0x20
 255 00d9 00000000 		.4byte	.LFB63
 256 00dd 0C000000 		.4byte	.LFE63-.LFB63
 257 00e1 01       		.uleb128 0x1
 258 00e2 9C       		.byte	0x9c
 259 00e3 FC000000 		.4byte	0xfc
 260 00e7 09       		.uleb128 0x9
 261 00e8 0A000000 		.4byte	.LVL0
ARM GAS  C:\Users\LUKASC~1\AppData\Local\Temp\ccdhrzVf.s 			page 7


 262 00ec DF010000 		.4byte	0x1df
 263 00f0 0A       		.uleb128 0xa
 264 00f1 01       		.uleb128 0x1
 265 00f2 51       		.byte	0x51
 266 00f3 01       		.uleb128 0x1
 267 00f4 31       		.byte	0x31
 268 00f5 0A       		.uleb128 0xa
 269 00f6 01       		.uleb128 0x1
 270 00f7 50       		.byte	0x50
 271 00f8 01       		.uleb128 0x1
 272 00f9 30       		.byte	0x30
 273 00fa 00       		.byte	0
 274 00fb 00       		.byte	0
 275 00fc 08       		.uleb128 0x8
 276 00fd 77000000 		.4byte	.LASF19
 277 0101 01       		.byte	0x1
 278 0102 34       		.byte	0x34
 279 0103 00000000 		.4byte	.LFB64
 280 0107 4C000000 		.4byte	.LFE64-.LFB64
 281 010b 01       		.uleb128 0x1
 282 010c 9C       		.byte	0x9c
 283 010d 88010000 		.4byte	0x188
 284 0111 0B       		.uleb128 0xb
 285 0112 72010000 		.4byte	.LASF23
 286 0116 01       		.byte	0x1
 287 0117 34       		.byte	0x34
 288 0118 8D000000 		.4byte	0x8d
 289 011c 00000000 		.4byte	.LLST0
 290 0120 0C       		.uleb128 0xc
 291 0121 9D010000 		.4byte	.LASF20
 292 0125 01       		.byte	0x1
 293 0126 36       		.byte	0x36
 294 0127 68000000 		.4byte	0x68
 295 012b 2C000000 		.4byte	.LLST1
 296 012f 0D       		.uleb128 0xd
 297 0130 49010000 		.4byte	.LASF21
 298 0134 01       		.byte	0x1
 299 0135 37       		.byte	0x37
 300 0136 88010000 		.4byte	0x188
 301 013a 02       		.uleb128 0x2
 302 013b 91       		.byte	0x91
 303 013c 44       		.sleb128 -60
 304 013d 0E       		.uleb128 0xe
 305 013e 0E000000 		.4byte	.LVL3
 306 0142 F6010000 		.4byte	0x1f6
 307 0146 61010000 		.4byte	0x161
 308 014a 0A       		.uleb128 0xa
 309 014b 01       		.uleb128 0x1
 310 014c 52       		.byte	0x52
 311 014d 03       		.uleb128 0x3
 312 014e F3       		.byte	0xf3
 313 014f 01       		.uleb128 0x1
 314 0150 50       		.byte	0x50
 315 0151 0A       		.uleb128 0xa
 316 0152 01       		.uleb128 0x1
 317 0153 51       		.byte	0x51
 318 0154 05       		.uleb128 0x5
ARM GAS  C:\Users\LUKASC~1\AppData\Local\Temp\ccdhrzVf.s 			page 8


 319 0155 03       		.byte	0x3
 320 0156 00000000 		.4byte	.LC0
 321 015a 0A       		.uleb128 0xa
 322 015b 01       		.uleb128 0x1
 323 015c 50       		.byte	0x50
 324 015d 02       		.uleb128 0x2
 325 015e 91       		.byte	0x91
 326 015f 44       		.sleb128 -60
 327 0160 00       		.byte	0
 328 0161 0E       		.uleb128 0xe
 329 0162 34000000 		.4byte	.LVL6
 330 0166 11020000 		.4byte	0x211
 331 016a 75010000 		.4byte	0x175
 332 016e 0A       		.uleb128 0xa
 333 016f 01       		.uleb128 0x1
 334 0170 50       		.byte	0x50
 335 0171 02       		.uleb128 0x2
 336 0172 91       		.byte	0x91
 337 0173 44       		.sleb128 -60
 338 0174 00       		.byte	0
 339 0175 0F       		.uleb128 0xf
 340 0176 38000000 		.4byte	.LVL7
 341 017a 2D020000 		.4byte	0x22d
 342 017e 0F       		.uleb128 0xf
 343 017f 42000000 		.4byte	.LVL8
 344 0183 38020000 		.4byte	0x238
 345 0187 00       		.byte	0
 346 0188 10       		.uleb128 0x10
 347 0189 B3000000 		.4byte	0xb3
 348 018d 98010000 		.4byte	0x198
 349 0191 11       		.uleb128 0x11
 350 0192 BA000000 		.4byte	0xba
 351 0196 31       		.byte	0x31
 352 0197 00       		.byte	0
 353 0198 08       		.uleb128 0x8
 354 0199 B4010000 		.4byte	.LASF22
 355 019d 01       		.byte	0x1
 356 019e 4F       		.byte	0x4f
 357 019f 00000000 		.4byte	.LFB65
 358 01a3 08000000 		.4byte	.LFE65-.LFB65
 359 01a7 01       		.uleb128 0x1
 360 01a8 9C       		.byte	0x9c
 361 01a9 CE010000 		.4byte	0x1ce
 362 01ad 0B       		.uleb128 0xb
 363 01ae 20000000 		.4byte	.LASF24
 364 01b2 01       		.byte	0x1
 365 01b3 4F       		.byte	0x4f
 366 01b4 C1000000 		.4byte	0xc1
 367 01b8 4C000000 		.4byte	.LLST2
 368 01bc 09       		.uleb128 0x9
 369 01bd 06000000 		.4byte	.LVL10
 370 01c1 11020000 		.4byte	0x211
 371 01c5 0A       		.uleb128 0xa
 372 01c6 01       		.uleb128 0x1
 373 01c7 50       		.byte	0x50
 374 01c8 03       		.uleb128 0x3
 375 01c9 F3       		.byte	0xf3
ARM GAS  C:\Users\LUKASC~1\AppData\Local\Temp\ccdhrzVf.s 			page 9


 376 01ca 01       		.uleb128 0x1
 377 01cb 50       		.byte	0x50
 378 01cc 00       		.byte	0
 379 01cd 00       		.byte	0
 380 01ce 12       		.uleb128 0x12
 381 01cf 87000000 		.4byte	.LASF30
 382 01d3 07       		.byte	0x7
 383 01d4 5506     		.2byte	0x655
 384 01d6 DA010000 		.4byte	0x1da
 385 01da 13       		.uleb128 0x13
 386 01db 76000000 		.4byte	0x76
 387 01df 14       		.uleb128 0x14
 388 01e0 00000000 		.4byte	.LASF25
 389 01e4 05       		.byte	0x5
 390 01e5 2A01     		.2byte	0x12a
 391 01e7 F6010000 		.4byte	0x1f6
 392 01eb 15       		.uleb128 0x15
 393 01ec 81000000 		.4byte	0x81
 394 01f0 15       		.uleb128 0x15
 395 01f1 81000000 		.4byte	0x81
 396 01f5 00       		.byte	0
 397 01f6 16       		.uleb128 0x16
 398 01f7 3C020000 		.4byte	.LASF31
 399 01fb 08       		.byte	0x8
 400 01fc DE       		.byte	0xde
 401 01fd 68000000 		.4byte	0x68
 402 0201 11020000 		.4byte	0x211
 403 0205 15       		.uleb128 0x15
 404 0206 C1000000 		.4byte	0xc1
 405 020a 15       		.uleb128 0x15
 406 020b C7000000 		.4byte	0xc7
 407 020f 17       		.uleb128 0x17
 408 0210 00       		.byte	0
 409 0211 18       		.uleb128 0x18
 410 0212 2B020000 		.4byte	.LASF26
 411 0216 06       		.byte	0x6
 412 0217 24       		.byte	0x24
 413 0218 22020000 		.4byte	0x222
 414 021c 15       		.uleb128 0x15
 415 021d 22020000 		.4byte	0x222
 416 0221 00       		.byte	0
 417 0222 06       		.uleb128 0x6
 418 0223 04       		.byte	0x4
 419 0224 28020000 		.4byte	0x228
 420 0228 07       		.uleb128 0x7
 421 0229 A7000000 		.4byte	0xa7
 422 022d 19       		.uleb128 0x19
 423 022e 41000000 		.4byte	.LASF32
 424 0232 09       		.byte	0x9
 425 0233 29       		.byte	0x29
 426 0234 81000000 		.4byte	0x81
 427 0238 1A       		.uleb128 0x1a
 428 0239 9B000000 		.4byte	.LASF33
 429 023d 09       		.byte	0x9
 430 023e 26       		.byte	0x26
 431 023f 15       		.uleb128 0x15
 432 0240 81000000 		.4byte	0x81
ARM GAS  C:\Users\LUKASC~1\AppData\Local\Temp\ccdhrzVf.s 			page 10


 433 0244 00       		.byte	0
 434 0245 00       		.byte	0
 435              		.section	.debug_abbrev,"",%progbits
 436              	.Ldebug_abbrev0:
 437 0000 01       		.uleb128 0x1
 438 0001 11       		.uleb128 0x11
 439 0002 01       		.byte	0x1
 440 0003 25       		.uleb128 0x25
 441 0004 0E       		.uleb128 0xe
 442 0005 13       		.uleb128 0x13
 443 0006 0B       		.uleb128 0xb
 444 0007 03       		.uleb128 0x3
 445 0008 0E       		.uleb128 0xe
 446 0009 1B       		.uleb128 0x1b
 447 000a 0E       		.uleb128 0xe
 448 000b 55       		.uleb128 0x55
 449 000c 17       		.uleb128 0x17
 450 000d 11       		.uleb128 0x11
 451 000e 01       		.uleb128 0x1
 452 000f 10       		.uleb128 0x10
 453 0010 17       		.uleb128 0x17
 454 0011 00       		.byte	0
 455 0012 00       		.byte	0
 456 0013 02       		.uleb128 0x2
 457 0014 24       		.uleb128 0x24
 458 0015 00       		.byte	0
 459 0016 0B       		.uleb128 0xb
 460 0017 0B       		.uleb128 0xb
 461 0018 3E       		.uleb128 0x3e
 462 0019 0B       		.uleb128 0xb
 463 001a 03       		.uleb128 0x3
 464 001b 0E       		.uleb128 0xe
 465 001c 00       		.byte	0
 466 001d 00       		.byte	0
 467 001e 03       		.uleb128 0x3
 468 001f 16       		.uleb128 0x16
 469 0020 00       		.byte	0
 470 0021 03       		.uleb128 0x3
 471 0022 0E       		.uleb128 0xe
 472 0023 3A       		.uleb128 0x3a
 473 0024 0B       		.uleb128 0xb
 474 0025 3B       		.uleb128 0x3b
 475 0026 0B       		.uleb128 0xb
 476 0027 49       		.uleb128 0x49
 477 0028 13       		.uleb128 0x13
 478 0029 00       		.byte	0
 479 002a 00       		.byte	0
 480 002b 04       		.uleb128 0x4
 481 002c 24       		.uleb128 0x24
 482 002d 00       		.byte	0
 483 002e 0B       		.uleb128 0xb
 484 002f 0B       		.uleb128 0xb
 485 0030 3E       		.uleb128 0x3e
 486 0031 0B       		.uleb128 0xb
 487 0032 03       		.uleb128 0x3
 488 0033 08       		.uleb128 0x8
 489 0034 00       		.byte	0
ARM GAS  C:\Users\LUKASC~1\AppData\Local\Temp\ccdhrzVf.s 			page 11


 490 0035 00       		.byte	0
 491 0036 05       		.uleb128 0x5
 492 0037 16       		.uleb128 0x16
 493 0038 00       		.byte	0
 494 0039 03       		.uleb128 0x3
 495 003a 0E       		.uleb128 0xe
 496 003b 3A       		.uleb128 0x3a
 497 003c 0B       		.uleb128 0xb
 498 003d 3B       		.uleb128 0x3b
 499 003e 05       		.uleb128 0x5
 500 003f 49       		.uleb128 0x49
 501 0040 13       		.uleb128 0x13
 502 0041 00       		.byte	0
 503 0042 00       		.byte	0
 504 0043 06       		.uleb128 0x6
 505 0044 0F       		.uleb128 0xf
 506 0045 00       		.byte	0
 507 0046 0B       		.uleb128 0xb
 508 0047 0B       		.uleb128 0xb
 509 0048 49       		.uleb128 0x49
 510 0049 13       		.uleb128 0x13
 511 004a 00       		.byte	0
 512 004b 00       		.byte	0
 513 004c 07       		.uleb128 0x7
 514 004d 26       		.uleb128 0x26
 515 004e 00       		.byte	0
 516 004f 49       		.uleb128 0x49
 517 0050 13       		.uleb128 0x13
 518 0051 00       		.byte	0
 519 0052 00       		.byte	0
 520 0053 08       		.uleb128 0x8
 521 0054 2E       		.uleb128 0x2e
 522 0055 01       		.byte	0x1
 523 0056 3F       		.uleb128 0x3f
 524 0057 19       		.uleb128 0x19
 525 0058 03       		.uleb128 0x3
 526 0059 0E       		.uleb128 0xe
 527 005a 3A       		.uleb128 0x3a
 528 005b 0B       		.uleb128 0xb
 529 005c 3B       		.uleb128 0x3b
 530 005d 0B       		.uleb128 0xb
 531 005e 27       		.uleb128 0x27
 532 005f 19       		.uleb128 0x19
 533 0060 11       		.uleb128 0x11
 534 0061 01       		.uleb128 0x1
 535 0062 12       		.uleb128 0x12
 536 0063 06       		.uleb128 0x6
 537 0064 40       		.uleb128 0x40
 538 0065 18       		.uleb128 0x18
 539 0066 9742     		.uleb128 0x2117
 540 0068 19       		.uleb128 0x19
 541 0069 01       		.uleb128 0x1
 542 006a 13       		.uleb128 0x13
 543 006b 00       		.byte	0
 544 006c 00       		.byte	0
 545 006d 09       		.uleb128 0x9
 546 006e 898201   		.uleb128 0x4109
ARM GAS  C:\Users\LUKASC~1\AppData\Local\Temp\ccdhrzVf.s 			page 12


 547 0071 01       		.byte	0x1
 548 0072 11       		.uleb128 0x11
 549 0073 01       		.uleb128 0x1
 550 0074 31       		.uleb128 0x31
 551 0075 13       		.uleb128 0x13
 552 0076 00       		.byte	0
 553 0077 00       		.byte	0
 554 0078 0A       		.uleb128 0xa
 555 0079 8A8201   		.uleb128 0x410a
 556 007c 00       		.byte	0
 557 007d 02       		.uleb128 0x2
 558 007e 18       		.uleb128 0x18
 559 007f 9142     		.uleb128 0x2111
 560 0081 18       		.uleb128 0x18
 561 0082 00       		.byte	0
 562 0083 00       		.byte	0
 563 0084 0B       		.uleb128 0xb
 564 0085 05       		.uleb128 0x5
 565 0086 00       		.byte	0
 566 0087 03       		.uleb128 0x3
 567 0088 0E       		.uleb128 0xe
 568 0089 3A       		.uleb128 0x3a
 569 008a 0B       		.uleb128 0xb
 570 008b 3B       		.uleb128 0x3b
 571 008c 0B       		.uleb128 0xb
 572 008d 49       		.uleb128 0x49
 573 008e 13       		.uleb128 0x13
 574 008f 02       		.uleb128 0x2
 575 0090 17       		.uleb128 0x17
 576 0091 00       		.byte	0
 577 0092 00       		.byte	0
 578 0093 0C       		.uleb128 0xc
 579 0094 34       		.uleb128 0x34
 580 0095 00       		.byte	0
 581 0096 03       		.uleb128 0x3
 582 0097 0E       		.uleb128 0xe
 583 0098 3A       		.uleb128 0x3a
 584 0099 0B       		.uleb128 0xb
 585 009a 3B       		.uleb128 0x3b
 586 009b 0B       		.uleb128 0xb
 587 009c 49       		.uleb128 0x49
 588 009d 13       		.uleb128 0x13
 589 009e 02       		.uleb128 0x2
 590 009f 17       		.uleb128 0x17
 591 00a0 00       		.byte	0
 592 00a1 00       		.byte	0
 593 00a2 0D       		.uleb128 0xd
 594 00a3 34       		.uleb128 0x34
 595 00a4 00       		.byte	0
 596 00a5 03       		.uleb128 0x3
 597 00a6 0E       		.uleb128 0xe
 598 00a7 3A       		.uleb128 0x3a
 599 00a8 0B       		.uleb128 0xb
 600 00a9 3B       		.uleb128 0x3b
 601 00aa 0B       		.uleb128 0xb
 602 00ab 49       		.uleb128 0x49
 603 00ac 13       		.uleb128 0x13
ARM GAS  C:\Users\LUKASC~1\AppData\Local\Temp\ccdhrzVf.s 			page 13


 604 00ad 02       		.uleb128 0x2
 605 00ae 18       		.uleb128 0x18
 606 00af 00       		.byte	0
 607 00b0 00       		.byte	0
 608 00b1 0E       		.uleb128 0xe
 609 00b2 898201   		.uleb128 0x4109
 610 00b5 01       		.byte	0x1
 611 00b6 11       		.uleb128 0x11
 612 00b7 01       		.uleb128 0x1
 613 00b8 31       		.uleb128 0x31
 614 00b9 13       		.uleb128 0x13
 615 00ba 01       		.uleb128 0x1
 616 00bb 13       		.uleb128 0x13
 617 00bc 00       		.byte	0
 618 00bd 00       		.byte	0
 619 00be 0F       		.uleb128 0xf
 620 00bf 898201   		.uleb128 0x4109
 621 00c2 00       		.byte	0
 622 00c3 11       		.uleb128 0x11
 623 00c4 01       		.uleb128 0x1
 624 00c5 31       		.uleb128 0x31
 625 00c6 13       		.uleb128 0x13
 626 00c7 00       		.byte	0
 627 00c8 00       		.byte	0
 628 00c9 10       		.uleb128 0x10
 629 00ca 01       		.uleb128 0x1
 630 00cb 01       		.byte	0x1
 631 00cc 49       		.uleb128 0x49
 632 00cd 13       		.uleb128 0x13
 633 00ce 01       		.uleb128 0x1
 634 00cf 13       		.uleb128 0x13
 635 00d0 00       		.byte	0
 636 00d1 00       		.byte	0
 637 00d2 11       		.uleb128 0x11
 638 00d3 21       		.uleb128 0x21
 639 00d4 00       		.byte	0
 640 00d5 49       		.uleb128 0x49
 641 00d6 13       		.uleb128 0x13
 642 00d7 2F       		.uleb128 0x2f
 643 00d8 0B       		.uleb128 0xb
 644 00d9 00       		.byte	0
 645 00da 00       		.byte	0
 646 00db 12       		.uleb128 0x12
 647 00dc 34       		.uleb128 0x34
 648 00dd 00       		.byte	0
 649 00de 03       		.uleb128 0x3
 650 00df 0E       		.uleb128 0xe
 651 00e0 3A       		.uleb128 0x3a
 652 00e1 0B       		.uleb128 0xb
 653 00e2 3B       		.uleb128 0x3b
 654 00e3 05       		.uleb128 0x5
 655 00e4 49       		.uleb128 0x49
 656 00e5 13       		.uleb128 0x13
 657 00e6 3F       		.uleb128 0x3f
 658 00e7 19       		.uleb128 0x19
 659 00e8 3C       		.uleb128 0x3c
 660 00e9 19       		.uleb128 0x19
ARM GAS  C:\Users\LUKASC~1\AppData\Local\Temp\ccdhrzVf.s 			page 14


 661 00ea 00       		.byte	0
 662 00eb 00       		.byte	0
 663 00ec 13       		.uleb128 0x13
 664 00ed 35       		.uleb128 0x35
 665 00ee 00       		.byte	0
 666 00ef 49       		.uleb128 0x49
 667 00f0 13       		.uleb128 0x13
 668 00f1 00       		.byte	0
 669 00f2 00       		.byte	0
 670 00f3 14       		.uleb128 0x14
 671 00f4 2E       		.uleb128 0x2e
 672 00f5 01       		.byte	0x1
 673 00f6 3F       		.uleb128 0x3f
 674 00f7 19       		.uleb128 0x19
 675 00f8 03       		.uleb128 0x3
 676 00f9 0E       		.uleb128 0xe
 677 00fa 3A       		.uleb128 0x3a
 678 00fb 0B       		.uleb128 0xb
 679 00fc 3B       		.uleb128 0x3b
 680 00fd 05       		.uleb128 0x5
 681 00fe 27       		.uleb128 0x27
 682 00ff 19       		.uleb128 0x19
 683 0100 3C       		.uleb128 0x3c
 684 0101 19       		.uleb128 0x19
 685 0102 01       		.uleb128 0x1
 686 0103 13       		.uleb128 0x13
 687 0104 00       		.byte	0
 688 0105 00       		.byte	0
 689 0106 15       		.uleb128 0x15
 690 0107 05       		.uleb128 0x5
 691 0108 00       		.byte	0
 692 0109 49       		.uleb128 0x49
 693 010a 13       		.uleb128 0x13
 694 010b 00       		.byte	0
 695 010c 00       		.byte	0
 696 010d 16       		.uleb128 0x16
 697 010e 2E       		.uleb128 0x2e
 698 010f 01       		.byte	0x1
 699 0110 3F       		.uleb128 0x3f
 700 0111 19       		.uleb128 0x19
 701 0112 03       		.uleb128 0x3
 702 0113 0E       		.uleb128 0xe
 703 0114 3A       		.uleb128 0x3a
 704 0115 0B       		.uleb128 0xb
 705 0116 3B       		.uleb128 0x3b
 706 0117 0B       		.uleb128 0xb
 707 0118 27       		.uleb128 0x27
 708 0119 19       		.uleb128 0x19
 709 011a 49       		.uleb128 0x49
 710 011b 13       		.uleb128 0x13
 711 011c 3C       		.uleb128 0x3c
 712 011d 19       		.uleb128 0x19
 713 011e 01       		.uleb128 0x1
 714 011f 13       		.uleb128 0x13
 715 0120 00       		.byte	0
 716 0121 00       		.byte	0
 717 0122 17       		.uleb128 0x17
ARM GAS  C:\Users\LUKASC~1\AppData\Local\Temp\ccdhrzVf.s 			page 15


 718 0123 18       		.uleb128 0x18
 719 0124 00       		.byte	0
 720 0125 00       		.byte	0
 721 0126 00       		.byte	0
 722 0127 18       		.uleb128 0x18
 723 0128 2E       		.uleb128 0x2e
 724 0129 01       		.byte	0x1
 725 012a 3F       		.uleb128 0x3f
 726 012b 19       		.uleb128 0x19
 727 012c 03       		.uleb128 0x3
 728 012d 0E       		.uleb128 0xe
 729 012e 3A       		.uleb128 0x3a
 730 012f 0B       		.uleb128 0xb
 731 0130 3B       		.uleb128 0x3b
 732 0131 0B       		.uleb128 0xb
 733 0132 27       		.uleb128 0x27
 734 0133 19       		.uleb128 0x19
 735 0134 3C       		.uleb128 0x3c
 736 0135 19       		.uleb128 0x19
 737 0136 01       		.uleb128 0x1
 738 0137 13       		.uleb128 0x13
 739 0138 00       		.byte	0
 740 0139 00       		.byte	0
 741 013a 19       		.uleb128 0x19
 742 013b 2E       		.uleb128 0x2e
 743 013c 00       		.byte	0
 744 013d 3F       		.uleb128 0x3f
 745 013e 19       		.uleb128 0x19
 746 013f 03       		.uleb128 0x3
 747 0140 0E       		.uleb128 0xe
 748 0141 3A       		.uleb128 0x3a
 749 0142 0B       		.uleb128 0xb
 750 0143 3B       		.uleb128 0x3b
 751 0144 0B       		.uleb128 0xb
 752 0145 27       		.uleb128 0x27
 753 0146 19       		.uleb128 0x19
 754 0147 49       		.uleb128 0x49
 755 0148 13       		.uleb128 0x13
 756 0149 3C       		.uleb128 0x3c
 757 014a 19       		.uleb128 0x19
 758 014b 00       		.byte	0
 759 014c 00       		.byte	0
 760 014d 1A       		.uleb128 0x1a
 761 014e 2E       		.uleb128 0x2e
 762 014f 01       		.byte	0x1
 763 0150 3F       		.uleb128 0x3f
 764 0151 19       		.uleb128 0x19
 765 0152 03       		.uleb128 0x3
 766 0153 0E       		.uleb128 0xe
 767 0154 3A       		.uleb128 0x3a
 768 0155 0B       		.uleb128 0xb
 769 0156 3B       		.uleb128 0x3b
 770 0157 0B       		.uleb128 0xb
 771 0158 27       		.uleb128 0x27
 772 0159 19       		.uleb128 0x19
 773 015a 3C       		.uleb128 0x3c
 774 015b 19       		.uleb128 0x19
ARM GAS  C:\Users\LUKASC~1\AppData\Local\Temp\ccdhrzVf.s 			page 16


 775 015c 00       		.byte	0
 776 015d 00       		.byte	0
 777 015e 00       		.byte	0
 778              		.section	.debug_loc,"",%progbits
 779              	.Ldebug_loc0:
 780              	.LLST0:
 781 0000 00000000 		.4byte	.LVL1
 782 0004 08000000 		.4byte	.LVL2
 783 0008 0100     		.2byte	0x1
 784 000a 50       		.byte	0x50
 785 000b 08000000 		.4byte	.LVL2
 786 000f 0D000000 		.4byte	.LVL3-1
 787 0013 0100     		.2byte	0x1
 788 0015 52       		.byte	0x52
 789 0016 0D000000 		.4byte	.LVL3-1
 790 001a 4C000000 		.4byte	.LFE64
 791 001e 0400     		.2byte	0x4
 792 0020 F3       		.byte	0xf3
 793 0021 01       		.uleb128 0x1
 794 0022 50       		.byte	0x50
 795 0023 9F       		.byte	0x9f
 796 0024 00000000 		.4byte	0
 797 0028 00000000 		.4byte	0
 798              	.LLST1:
 799 002c 0E000000 		.4byte	.LVL3
 800 0030 24000000 		.4byte	.LVL4
 801 0034 0100     		.2byte	0x1
 802 0036 50       		.byte	0x50
 803 0037 24000000 		.4byte	.LVL4
 804 003b 28000000 		.4byte	.LVL5
 805 003f 0300     		.2byte	0x3
 806 0041 70       		.byte	0x70
 807 0042 7E       		.sleb128 -2
 808 0043 9F       		.byte	0x9f
 809 0044 00000000 		.4byte	0
 810 0048 00000000 		.4byte	0
 811              	.LLST2:
 812 004c 00000000 		.4byte	.LVL9
 813 0050 05000000 		.4byte	.LVL10-1
 814 0054 0100     		.2byte	0x1
 815 0056 50       		.byte	0x50
 816 0057 05000000 		.4byte	.LVL10-1
 817 005b 08000000 		.4byte	.LFE65
 818 005f 0400     		.2byte	0x4
 819 0061 F3       		.byte	0xf3
 820 0062 01       		.uleb128 0x1
 821 0063 50       		.byte	0x50
 822 0064 9F       		.byte	0x9f
 823 0065 00000000 		.4byte	0
 824 0069 00000000 		.4byte	0
 825              		.section	.debug_aranges,"",%progbits
 826 0000 2C000000 		.4byte	0x2c
 827 0004 0200     		.2byte	0x2
 828 0006 00000000 		.4byte	.Ldebug_info0
 829 000a 04       		.byte	0x4
 830 000b 00       		.byte	0
 831 000c 0000     		.2byte	0
ARM GAS  C:\Users\LUKASC~1\AppData\Local\Temp\ccdhrzVf.s 			page 17


 832 000e 0000     		.2byte	0
 833 0010 00000000 		.4byte	.LFB63
 834 0014 0C000000 		.4byte	.LFE63-.LFB63
 835 0018 00000000 		.4byte	.LFB64
 836 001c 4C000000 		.4byte	.LFE64-.LFB64
 837 0020 00000000 		.4byte	.LFB65
 838 0024 08000000 		.4byte	.LFE65-.LFB65
 839 0028 00000000 		.4byte	0
 840 002c 00000000 		.4byte	0
 841              		.section	.debug_ranges,"",%progbits
 842              	.Ldebug_ranges0:
 843 0000 00000000 		.4byte	.LFB63
 844 0004 0C000000 		.4byte	.LFE63
 845 0008 00000000 		.4byte	.LFB64
 846 000c 4C000000 		.4byte	.LFE64
 847 0010 00000000 		.4byte	.LFB65
 848 0014 08000000 		.4byte	.LFE65
 849 0018 00000000 		.4byte	0
 850 001c 00000000 		.4byte	0
 851              		.section	.debug_line,"",%progbits
 852              	.Ldebug_line0:
 853 0000 B8010000 		.section	.debug_str,"MS",%progbits,1
 853      02007B01 
 853      00000201 
 853      FB0E0D00 
 853      01010101 
 854              	.LASF25:
 855 0000 55415254 		.ascii	"UART_1_Start\000"
 855      5F315F53 
 855      74617274 
 855      00
 856              	.LASF28:
 857 000d 2E5C7561 		.ascii	".\\uart.c\000"
 857      72742E63 
 857      00
 858              	.LASF9:
 859 0016 5F5F696E 		.ascii	"__int32_t\000"
 859      7433325F 
 859      7400
 860              	.LASF24:
 861 0020 73747269 		.ascii	"string\000"
 861      6E6700
 862              	.LASF13:
 863 0027 666C6F61 		.ascii	"float\000"
 863      7400
 864              	.LASF11:
 865 002d 75696E74 		.ascii	"uint8\000"
 865      3800
 866              	.LASF1:
 867 0033 756E7369 		.ascii	"unsigned char\000"
 867      676E6564 
 867      20636861 
 867      7200
 868              	.LASF32:
 869 0041 4C45445F 		.ascii	"LED_1_Read\000"
 869      315F5265 
 869      616400
ARM GAS  C:\Users\LUKASC~1\AppData\Local\Temp\ccdhrzVf.s 			page 18


 870              	.LASF15:
 871 004c 63686172 		.ascii	"char8\000"
 871      3800
 872              	.LASF5:
 873 0052 6C6F6E67 		.ascii	"long unsigned int\000"
 873      20756E73 
 873      69676E65 
 873      6420696E 
 873      7400
 874              	.LASF3:
 875 0064 73686F72 		.ascii	"short unsigned int\000"
 875      7420756E 
 875      7369676E 
 875      65642069 
 875      6E7400
 876              	.LASF19:
 877 0077 55415254 		.ascii	"UART_SendNumber\000"
 877      5F53656E 
 877      644E756D 
 877      62657200 
 878              	.LASF30:
 879 0087 49544D5F 		.ascii	"ITM_RxBuffer\000"
 879      52784275 
 879      66666572 
 879      00
 880              	.LASF14:
 881 0094 646F7562 		.ascii	"double\000"
 881      6C6500
 882              	.LASF33:
 883 009b 4C45445F 		.ascii	"LED_1_Write\000"
 883      315F5772 
 883      69746500 
 884              	.LASF12:
 885 00a7 75696E74 		.ascii	"uint32\000"
 885      333200
 886              	.LASF27:
 887 00ae 474E5520 		.ascii	"GNU C 4.9.3 20150303 (release) [ARM/embedded-4_9-br"
 887      4320342E 
 887      392E3320 
 887      32303135 
 887      30333033 
 888 00e1 616E6368 		.ascii	"anch revision 221220] -mcpu=cortex-m3 -mthumb -g -O"
 888      20726576 
 888      6973696F 
 888      6E203232 
 888      31323230 
 889 0114 67202D66 		.ascii	"g -ffunction-sections -ffat-lto-objects\000"
 889      66756E63 
 889      74696F6E 
 889      2D736563 
 889      74696F6E 
 890              	.LASF8:
 891 013c 756E7369 		.ascii	"unsigned int\000"
 891      676E6564 
 891      20696E74 
 891      00
 892              	.LASF21:
ARM GAS  C:\Users\LUKASC~1\AppData\Local\Temp\ccdhrzVf.s 			page 19


 893 0149 6D795374 		.ascii	"myString\000"
 893      72696E67 
 893      00
 894              	.LASF7:
 895 0152 6C6F6E67 		.ascii	"long long unsigned int\000"
 895      206C6F6E 
 895      6720756E 
 895      7369676E 
 895      65642069 
 896              	.LASF18:
 897 0169 55415254 		.ascii	"UARTInit\000"
 897      496E6974 
 897      00
 898              	.LASF23:
 899 0172 6E756D62 		.ascii	"number\000"
 899      657200
 900              	.LASF10:
 901 0179 696E7433 		.ascii	"int32_t\000"
 901      325F7400 
 902              	.LASF17:
 903 0181 73697A65 		.ascii	"sizetype\000"
 903      74797065 
 903      00
 904              	.LASF6:
 905 018a 6C6F6E67 		.ascii	"long long int\000"
 905      206C6F6E 
 905      6720696E 
 905      7400
 906              	.LASF16:
 907 0198 63686172 		.ascii	"char\000"
 907      00
 908              	.LASF20:
 909 019d 62797465 		.ascii	"bytesWritten\000"
 909      73577269 
 909      7474656E 
 909      00
 910              	.LASF2:
 911 01aa 73686F72 		.ascii	"short int\000"
 911      7420696E 
 911      7400
 912              	.LASF22:
 913 01b4 55415254 		.ascii	"UART_SendString\000"
 913      5F53656E 
 913      64537472 
 913      696E6700 
 914              	.LASF4:
 915 01c4 6C6F6E67 		.ascii	"long int\000"
 915      20696E74 
 915      00
 916              	.LASF0:
 917 01cd 7369676E 		.ascii	"signed char\000"
 917      65642063 
 917      68617200 
 918              	.LASF29:
 919 01d9 433A5C55 		.ascii	"C:\\Users\\Lukas Creutzburg\\Documents\\GitHub\\fre"
 919      73657273 
 919      5C4C756B 
ARM GAS  C:\Users\LUKASC~1\AppData\Local\Temp\ccdhrzVf.s 			page 20


 919      61732043 
 919      72657574 
 920 0207 65445350 		.ascii	"eDSPPSoC-I2C\\CapSense PSoC5LE.cydsn\000"
 920      50536F43 
 920      2D493243 
 920      5C436170 
 920      53656E73 
 921              	.LASF26:
 922 022b 55415254 		.ascii	"UART_1_PutString\000"
 922      5F315F50 
 922      75745374 
 922      72696E67 
 922      00
 923              	.LASF31:
 924 023c 73707269 		.ascii	"sprintf\000"
 924      6E746600 
 925              		.ident	"GCC: (GNU Tools for ARM Embedded Processors) 4.9.3 20150303 (release) [ARM/embedded-4_9-br
