ARM GAS  C:\Users\LUKASC~1\AppData\Local\Temp\ccpbTZzS.s 			page 1


   1              		.cpu cortex-m0
   2              		.fpu softvfp
   3              		.eabi_attribute 20, 1
   4              		.eabi_attribute 21, 1
   5              		.eabi_attribute 23, 3
   6              		.eabi_attribute 24, 1
   7              		.eabi_attribute 25, 1
   8              		.eabi_attribute 26, 1
   9              		.eabi_attribute 30, 6
  10              		.eabi_attribute 34, 0
  11              		.eabi_attribute 18, 4
  12              		.code	16
  13              		.file	"Cm0Start.c"
  14              		.text
  15              	.Ltext0:
  16              		.cfi_sections	.debug_frame
  17              		.section	.noinit,"aw",%progbits
  18              		.align	2
  19              		.type	cySysNoInitDataValid, %object
  20              		.size	cySysNoInitDataValid, 4
  21              	cySysNoInitDataValid:
  22 0000 00000000 		.space	4
  23              		.global	cyBtldrRunType
  24              		.section	.bootloaderruntype,"aw",%progbits
  25              		.align	2
  26              		.type	cyBtldrRunType, %object
  27              		.size	cyBtldrRunType, 4
  28              	cyBtldrRunType:
  29 0000 00000000 		.space	4
  30              		.section	.text.IntDefaultHandler,"ax",%progbits
  31              		.align	2
  32              		.global	IntDefaultHandler
  33              		.code	16
  34              		.thumb_func
  35              		.type	IntDefaultHandler, %function
  36              	IntDefaultHandler:
  37              	.LFB0:
  38              		.file 1 ".\\Generated_Source\\PSoC4\\Cm0Start.c"
   1:.\Generated_Source\PSoC4/Cm0Start.c **** /*******************************************************************************
   2:.\Generated_Source\PSoC4/Cm0Start.c **** * File Name: Cm0Start.c
   3:.\Generated_Source\PSoC4/Cm0Start.c **** * Version 5.30
   4:.\Generated_Source\PSoC4/Cm0Start.c **** *
   5:.\Generated_Source\PSoC4/Cm0Start.c **** *  Description:
   6:.\Generated_Source\PSoC4/Cm0Start.c **** *  Startup code for the ARM CM0.
   7:.\Generated_Source\PSoC4/Cm0Start.c **** *
   8:.\Generated_Source\PSoC4/Cm0Start.c **** ********************************************************************************
   9:.\Generated_Source\PSoC4/Cm0Start.c **** * Copyright 2010-2015, Cypress Semiconductor Corporation.  All rights reserved.
  10:.\Generated_Source\PSoC4/Cm0Start.c **** * You may use this file only in accordance with the license, terms, conditions,
  11:.\Generated_Source\PSoC4/Cm0Start.c **** * disclaimers, and limitations in the end user license agreement accompanying
  12:.\Generated_Source\PSoC4/Cm0Start.c **** * the software package with which this file was provided.
  13:.\Generated_Source\PSoC4/Cm0Start.c **** *******************************************************************************/
  14:.\Generated_Source\PSoC4/Cm0Start.c **** 
  15:.\Generated_Source\PSoC4/Cm0Start.c **** #include <limits.h>
  16:.\Generated_Source\PSoC4/Cm0Start.c **** #include "cydevice_trm.h"
  17:.\Generated_Source\PSoC4/Cm0Start.c **** #include "cytypes.h"
  18:.\Generated_Source\PSoC4/Cm0Start.c **** #include "cyfitter_cfg.h"
  19:.\Generated_Source\PSoC4/Cm0Start.c **** #include "CyLib.h"
ARM GAS  C:\Users\LUKASC~1\AppData\Local\Temp\ccpbTZzS.s 			page 2


  20:.\Generated_Source\PSoC4/Cm0Start.c **** #include "cyfitter.h"
  21:.\Generated_Source\PSoC4/Cm0Start.c **** #include "cyapicallbacks.h"
  22:.\Generated_Source\PSoC4/Cm0Start.c **** 
  23:.\Generated_Source\PSoC4/Cm0Start.c **** #define CY_NUM_VECTORS              (CY_INT_IRQ_BASE + CY_NUM_INTERRUPTS)
  24:.\Generated_Source\PSoC4/Cm0Start.c **** #define CY_CPUSS_CONFIG_VECT_IN_RAM (( uint32 ) 0x01)
  25:.\Generated_Source\PSoC4/Cm0Start.c **** 
  26:.\Generated_Source\PSoC4/Cm0Start.c **** /* CPUSS Configuration register */
  27:.\Generated_Source\PSoC4/Cm0Start.c **** #define CY_CPUSS_CONFIG_REG         (*(reg32 *) CYREG_CPUSS_CONFIG)
  28:.\Generated_Source\PSoC4/Cm0Start.c **** #define CY_CPUSS_CONFIG_PTR         ( (reg32 *) CYREG_CPUSS_CONFIG)
  29:.\Generated_Source\PSoC4/Cm0Start.c **** 
  30:.\Generated_Source\PSoC4/Cm0Start.c **** 
  31:.\Generated_Source\PSoC4/Cm0Start.c **** #if defined (__ICCARM__)
  32:.\Generated_Source\PSoC4/Cm0Start.c ****     #define CY_NUM_ROM_VECTORS      (CY_NUM_VECTORS)
  33:.\Generated_Source\PSoC4/Cm0Start.c **** #else
  34:.\Generated_Source\PSoC4/Cm0Start.c ****     #define CY_NUM_ROM_VECTORS      (4u)
  35:.\Generated_Source\PSoC4/Cm0Start.c **** #endif  /* defined (__ICCARM__) */
  36:.\Generated_Source\PSoC4/Cm0Start.c **** 
  37:.\Generated_Source\PSoC4/Cm0Start.c **** 
  38:.\Generated_Source\PSoC4/Cm0Start.c **** #ifndef CY_SYS_INITIAL_STACK_POINTER
  39:.\Generated_Source\PSoC4/Cm0Start.c **** 
  40:.\Generated_Source\PSoC4/Cm0Start.c ****     #if defined(__ARMCC_VERSION)
  41:.\Generated_Source\PSoC4/Cm0Start.c ****         #define CY_SYS_INITIAL_STACK_POINTER ((cyisraddress)(uint32)&Image$$ARM_LIB_STACK$$ZI$$Limi
  42:.\Generated_Source\PSoC4/Cm0Start.c ****     #elif defined (__GNUC__)
  43:.\Generated_Source\PSoC4/Cm0Start.c ****         #define CY_SYS_INITIAL_STACK_POINTER (&__cy_stack)
  44:.\Generated_Source\PSoC4/Cm0Start.c ****     #elif defined (__ICCARM__)
  45:.\Generated_Source\PSoC4/Cm0Start.c ****         #pragma language=extended
  46:.\Generated_Source\PSoC4/Cm0Start.c ****         #pragma segment="CSTACK"
  47:.\Generated_Source\PSoC4/Cm0Start.c ****         #define CY_SYS_INITIAL_STACK_POINTER  { .__ptr = __sfe( "CSTACK" ) }
  48:.\Generated_Source\PSoC4/Cm0Start.c **** 
  49:.\Generated_Source\PSoC4/Cm0Start.c ****         extern void __iar_program_start( void );
  50:.\Generated_Source\PSoC4/Cm0Start.c ****         extern void __iar_data_init3 (void);
  51:.\Generated_Source\PSoC4/Cm0Start.c ****     #endif  /* (__ARMCC_VERSION) */
  52:.\Generated_Source\PSoC4/Cm0Start.c **** 
  53:.\Generated_Source\PSoC4/Cm0Start.c **** #endif /* CY_SYS_INITIAL_STACK_POINTER */
  54:.\Generated_Source\PSoC4/Cm0Start.c **** 
  55:.\Generated_Source\PSoC4/Cm0Start.c **** 
  56:.\Generated_Source\PSoC4/Cm0Start.c **** #if defined(__GNUC__)
  57:.\Generated_Source\PSoC4/Cm0Start.c ****     #include <errno.h>
  58:.\Generated_Source\PSoC4/Cm0Start.c ****     extern int  errno;
  59:.\Generated_Source\PSoC4/Cm0Start.c ****     extern int  end;
  60:.\Generated_Source\PSoC4/Cm0Start.c **** #endif  /* defined(__GNUC__) */
  61:.\Generated_Source\PSoC4/Cm0Start.c **** 
  62:.\Generated_Source\PSoC4/Cm0Start.c **** /* Extern functions */
  63:.\Generated_Source\PSoC4/Cm0Start.c **** extern void CyBtldr_CheckLaunch(void);
  64:.\Generated_Source\PSoC4/Cm0Start.c **** 
  65:.\Generated_Source\PSoC4/Cm0Start.c **** /* Function prototypes */
  66:.\Generated_Source\PSoC4/Cm0Start.c **** void initialize_psoc(void);
  67:.\Generated_Source\PSoC4/Cm0Start.c **** 
  68:.\Generated_Source\PSoC4/Cm0Start.c **** /* Global variables */
  69:.\Generated_Source\PSoC4/Cm0Start.c **** #if !defined (__ICCARM__)
  70:.\Generated_Source\PSoC4/Cm0Start.c ****     CY_NOINIT static uint32 cySysNoInitDataValid;
  71:.\Generated_Source\PSoC4/Cm0Start.c **** #endif  /* !defined (__ICCARM__) */
  72:.\Generated_Source\PSoC4/Cm0Start.c **** 
  73:.\Generated_Source\PSoC4/Cm0Start.c **** 
  74:.\Generated_Source\PSoC4/Cm0Start.c **** #if (CYDEV_PROJ_TYPE != CYDEV_PROJ_TYPE_STANDARD)
  75:.\Generated_Source\PSoC4/Cm0Start.c **** 
  76:.\Generated_Source\PSoC4/Cm0Start.c ****     /*******************************************************************************
ARM GAS  C:\Users\LUKASC~1\AppData\Local\Temp\ccpbTZzS.s 			page 3


  77:.\Generated_Source\PSoC4/Cm0Start.c ****     This variable is used by the Bootloader/Bootloadable components to schedule
  78:.\Generated_Source\PSoC4/Cm0Start.c ****     what application will be started after a software reset.
  79:.\Generated_Source\PSoC4/Cm0Start.c ****     *******************************************************************************/
  80:.\Generated_Source\PSoC4/Cm0Start.c ****     #if (__ARMCC_VERSION)
  81:.\Generated_Source\PSoC4/Cm0Start.c ****         __attribute__ ((section(".bootloaderruntype"), zero_init))
  82:.\Generated_Source\PSoC4/Cm0Start.c ****     #elif defined (__GNUC__)
  83:.\Generated_Source\PSoC4/Cm0Start.c ****         __attribute__ ((section(".bootloaderruntype")))
  84:.\Generated_Source\PSoC4/Cm0Start.c ****     #elif defined (__ICCARM__)
  85:.\Generated_Source\PSoC4/Cm0Start.c ****         #pragma location=".bootloaderruntype"
  86:.\Generated_Source\PSoC4/Cm0Start.c ****     #endif /* (__ARMCC_VERSION) */
  87:.\Generated_Source\PSoC4/Cm0Start.c ****     volatile uint32 cyBtldrRunType;
  88:.\Generated_Source\PSoC4/Cm0Start.c **** 
  89:.\Generated_Source\PSoC4/Cm0Start.c **** #endif  /* (CYDEV_PROJ_TYPE != CYDEV_PROJ_TYPE_STANDARD) */
  90:.\Generated_Source\PSoC4/Cm0Start.c **** 
  91:.\Generated_Source\PSoC4/Cm0Start.c **** 
  92:.\Generated_Source\PSoC4/Cm0Start.c **** /*******************************************************************************
  93:.\Generated_Source\PSoC4/Cm0Start.c **** * Function Name: IntDefaultHandler
  94:.\Generated_Source\PSoC4/Cm0Start.c **** ********************************************************************************
  95:.\Generated_Source\PSoC4/Cm0Start.c **** *
  96:.\Generated_Source\PSoC4/Cm0Start.c **** * Summary:
  97:.\Generated_Source\PSoC4/Cm0Start.c **** *  This function is called for all interrupts, other than a reset that is called
  98:.\Generated_Source\PSoC4/Cm0Start.c **** *  before the system is setup.
  99:.\Generated_Source\PSoC4/Cm0Start.c **** *
 100:.\Generated_Source\PSoC4/Cm0Start.c **** * Parameters:
 101:.\Generated_Source\PSoC4/Cm0Start.c **** *  None
 102:.\Generated_Source\PSoC4/Cm0Start.c **** *
 103:.\Generated_Source\PSoC4/Cm0Start.c **** * Return:
 104:.\Generated_Source\PSoC4/Cm0Start.c **** *  None
 105:.\Generated_Source\PSoC4/Cm0Start.c **** *
 106:.\Generated_Source\PSoC4/Cm0Start.c **** * Theory:
 107:.\Generated_Source\PSoC4/Cm0Start.c **** *   Any value other than zero is acceptable.
 108:.\Generated_Source\PSoC4/Cm0Start.c **** *
 109:.\Generated_Source\PSoC4/Cm0Start.c **** *******************************************************************************/
 110:.\Generated_Source\PSoC4/Cm0Start.c **** CY_NORETURN
 111:.\Generated_Source\PSoC4/Cm0Start.c **** CY_ISR(IntDefaultHandler)
 112:.\Generated_Source\PSoC4/Cm0Start.c **** {
  39              		.loc 1 112 0
  40              		.cfi_startproc
  41 0000 80B5     		push	{r7, lr}
  42              		.cfi_def_cfa_offset 8
  43              		.cfi_offset 7, -8
  44              		.cfi_offset 14, -4
  45 0002 00AF     		add	r7, sp, #0
  46              		.cfi_def_cfa_register 7
  47              	.L2:
 113:.\Generated_Source\PSoC4/Cm0Start.c ****     /***************************************************************************
 114:.\Generated_Source\PSoC4/Cm0Start.c ****     * We must not get here. If we do, a serious problem occurs, so go into
 115:.\Generated_Source\PSoC4/Cm0Start.c ****     * an infinite loop.
 116:.\Generated_Source\PSoC4/Cm0Start.c ****     ***************************************************************************/
 117:.\Generated_Source\PSoC4/Cm0Start.c **** 
 118:.\Generated_Source\PSoC4/Cm0Start.c ****     #ifdef CY_BOOT_INT_DEFAULT_HANDLER_EXCEPTION_ENTRY_CALLBACK
 119:.\Generated_Source\PSoC4/Cm0Start.c ****         CyBoot_IntDefaultHandler_Exception_EntryCallback();
 120:.\Generated_Source\PSoC4/Cm0Start.c ****     #endif /* CY_BOOT_INT_DEFAULT_HANDLER_EXCEPTION_ENTRY_CALLBACK */
 121:.\Generated_Source\PSoC4/Cm0Start.c **** 
 122:.\Generated_Source\PSoC4/Cm0Start.c ****     while(1)
 123:.\Generated_Source\PSoC4/Cm0Start.c ****     {
 124:.\Generated_Source\PSoC4/Cm0Start.c **** 
ARM GAS  C:\Users\LUKASC~1\AppData\Local\Temp\ccpbTZzS.s 			page 4


 125:.\Generated_Source\PSoC4/Cm0Start.c ****     }
  48              		.loc 1 125 0 discriminator 1
  49 0004 FEE7     		b	.L2
  50              		.cfi_endproc
  51              	.LFE0:
  52              		.size	IntDefaultHandler, .-IntDefaultHandler
  53 0006 C046     		.section	.text._exit,"ax",%progbits
  54              		.align	2
  55              		.weak	_exit
  56              		.code	16
  57              		.thumb_func
  58              		.type	_exit, %function
  59              	_exit:
  60              	.LFB1:
 126:.\Generated_Source\PSoC4/Cm0Start.c **** }
 127:.\Generated_Source\PSoC4/Cm0Start.c **** 
 128:.\Generated_Source\PSoC4/Cm0Start.c **** #if defined(__ARMCC_VERSION)
 129:.\Generated_Source\PSoC4/Cm0Start.c **** 
 130:.\Generated_Source\PSoC4/Cm0Start.c **** /* Local function for device reset. */
 131:.\Generated_Source\PSoC4/Cm0Start.c **** extern void Reset(void);
 132:.\Generated_Source\PSoC4/Cm0Start.c **** 
 133:.\Generated_Source\PSoC4/Cm0Start.c **** /* Application entry point. */
 134:.\Generated_Source\PSoC4/Cm0Start.c **** extern void $Super$$main(void);
 135:.\Generated_Source\PSoC4/Cm0Start.c **** 
 136:.\Generated_Source\PSoC4/Cm0Start.c **** /* Linker-generated Stack Base addresses, Two Region and One Region */
 137:.\Generated_Source\PSoC4/Cm0Start.c **** extern unsigned long Image$$ARM_LIB_STACK$$ZI$$Limit;
 138:.\Generated_Source\PSoC4/Cm0Start.c **** 
 139:.\Generated_Source\PSoC4/Cm0Start.c **** /* RealView C Library initialization. */
 140:.\Generated_Source\PSoC4/Cm0Start.c **** extern int __main(void);
 141:.\Generated_Source\PSoC4/Cm0Start.c **** 
 142:.\Generated_Source\PSoC4/Cm0Start.c **** 
 143:.\Generated_Source\PSoC4/Cm0Start.c **** /*******************************************************************************
 144:.\Generated_Source\PSoC4/Cm0Start.c **** * Function Name: Reset
 145:.\Generated_Source\PSoC4/Cm0Start.c **** ********************************************************************************
 146:.\Generated_Source\PSoC4/Cm0Start.c **** *
 147:.\Generated_Source\PSoC4/Cm0Start.c **** * Summary:
 148:.\Generated_Source\PSoC4/Cm0Start.c **** *  This function handles the reset interrupt for the RVDS/MDK toolchains.
 149:.\Generated_Source\PSoC4/Cm0Start.c **** *  This is the first bit of code that is executed at startup.
 150:.\Generated_Source\PSoC4/Cm0Start.c **** *
 151:.\Generated_Source\PSoC4/Cm0Start.c **** * Parameters:
 152:.\Generated_Source\PSoC4/Cm0Start.c **** *  None
 153:.\Generated_Source\PSoC4/Cm0Start.c **** *
 154:.\Generated_Source\PSoC4/Cm0Start.c **** * Return:
 155:.\Generated_Source\PSoC4/Cm0Start.c **** *  None
 156:.\Generated_Source\PSoC4/Cm0Start.c **** *
 157:.\Generated_Source\PSoC4/Cm0Start.c **** *******************************************************************************/
 158:.\Generated_Source\PSoC4/Cm0Start.c **** void Reset(void)
 159:.\Generated_Source\PSoC4/Cm0Start.c **** {
 160:.\Generated_Source\PSoC4/Cm0Start.c ****     #if (CYDEV_PROJ_TYPE == CYDEV_PROJ_TYPE_LOADABLE || CYDEV_PROJ_TYPE == CYDEV_PROJ_TYPE_LOADABLE
 161:.\Generated_Source\PSoC4/Cm0Start.c ****         /* The bootloadable application image is started at Reset() handler
 162:.\Generated_Source\PSoC4/Cm0Start.c ****         * as a result of a branch instruction execution from the bootloader.
 163:.\Generated_Source\PSoC4/Cm0Start.c ****         * So, the stack pointer needs to be reset to be sure that
 164:.\Generated_Source\PSoC4/Cm0Start.c ****         * there is no garbage in the stack.
 165:.\Generated_Source\PSoC4/Cm0Start.c ****         */
 166:.\Generated_Source\PSoC4/Cm0Start.c ****         register uint32_t msp __asm("msp");
 167:.\Generated_Source\PSoC4/Cm0Start.c ****         msp = (uint32_t)&Image$$ARM_LIB_STACK$$ZI$$Limit;
 168:.\Generated_Source\PSoC4/Cm0Start.c ****     #endif /*(CYDEV_PROJ_TYPE == CYDEV_PROJ_TYPE_LOADABLE || CYDEV_PROJ_TYPE == CYDEV_PROJ_TYPE_LOA
ARM GAS  C:\Users\LUKASC~1\AppData\Local\Temp\ccpbTZzS.s 			page 5


 169:.\Generated_Source\PSoC4/Cm0Start.c **** 
 170:.\Generated_Source\PSoC4/Cm0Start.c ****     #if(CY_IP_SRSSLT)
 171:.\Generated_Source\PSoC4/Cm0Start.c ****         CySysWdtDisable();
 172:.\Generated_Source\PSoC4/Cm0Start.c ****     #endif  /* (CY_IP_SRSSLT) */
 173:.\Generated_Source\PSoC4/Cm0Start.c **** 
 174:.\Generated_Source\PSoC4/Cm0Start.c ****     #if ((CYDEV_BOOTLOADER_ENABLE) && (CYDEV_PROJ_TYPE != CYDEV_PROJ_TYPE_LOADABLEANDBOOTLOADER))
 175:.\Generated_Source\PSoC4/Cm0Start.c ****         CyBtldr_CheckLaunch();
 176:.\Generated_Source\PSoC4/Cm0Start.c ****     #endif /* ((CYDEV_BOOTLOADER_ENABLE) && (CYDEV_PROJ_TYPE != CYDEV_PROJ_TYPE_LOADABLEANDBOOTLOAD
 177:.\Generated_Source\PSoC4/Cm0Start.c **** 
 178:.\Generated_Source\PSoC4/Cm0Start.c ****     __main();
 179:.\Generated_Source\PSoC4/Cm0Start.c **** }
 180:.\Generated_Source\PSoC4/Cm0Start.c **** 
 181:.\Generated_Source\PSoC4/Cm0Start.c **** /*******************************************************************************
 182:.\Generated_Source\PSoC4/Cm0Start.c **** * Function Name: $Sub$$main
 183:.\Generated_Source\PSoC4/Cm0Start.c **** ********************************************************************************
 184:.\Generated_Source\PSoC4/Cm0Start.c **** *
 185:.\Generated_Source\PSoC4/Cm0Start.c **** * Summary:
 186:.\Generated_Source\PSoC4/Cm0Start.c **** *  This function is called immediately before the users main
 187:.\Generated_Source\PSoC4/Cm0Start.c **** *
 188:.\Generated_Source\PSoC4/Cm0Start.c **** * Parameters:
 189:.\Generated_Source\PSoC4/Cm0Start.c **** *  None
 190:.\Generated_Source\PSoC4/Cm0Start.c **** *
 191:.\Generated_Source\PSoC4/Cm0Start.c **** * Return:
 192:.\Generated_Source\PSoC4/Cm0Start.c **** *  None
 193:.\Generated_Source\PSoC4/Cm0Start.c **** *
 194:.\Generated_Source\PSoC4/Cm0Start.c **** *******************************************************************************/
 195:.\Generated_Source\PSoC4/Cm0Start.c **** __attribute__ ((noreturn, __noinline__))
 196:.\Generated_Source\PSoC4/Cm0Start.c **** void $Sub$$main(void)
 197:.\Generated_Source\PSoC4/Cm0Start.c **** {
 198:.\Generated_Source\PSoC4/Cm0Start.c ****     initialize_psoc();
 199:.\Generated_Source\PSoC4/Cm0Start.c **** 
 200:.\Generated_Source\PSoC4/Cm0Start.c ****     /* Call original main */
 201:.\Generated_Source\PSoC4/Cm0Start.c ****     $Super$$main();
 202:.\Generated_Source\PSoC4/Cm0Start.c **** 
 203:.\Generated_Source\PSoC4/Cm0Start.c ****     while (1)
 204:.\Generated_Source\PSoC4/Cm0Start.c ****     {
 205:.\Generated_Source\PSoC4/Cm0Start.c ****         /* If main returns it is undefined what we should do. */
 206:.\Generated_Source\PSoC4/Cm0Start.c ****     }
 207:.\Generated_Source\PSoC4/Cm0Start.c **** }
 208:.\Generated_Source\PSoC4/Cm0Start.c **** 
 209:.\Generated_Source\PSoC4/Cm0Start.c **** #elif defined(__GNUC__)
 210:.\Generated_Source\PSoC4/Cm0Start.c **** 
 211:.\Generated_Source\PSoC4/Cm0Start.c **** /* Stack Base address */
 212:.\Generated_Source\PSoC4/Cm0Start.c **** extern void __cy_stack(void);
 213:.\Generated_Source\PSoC4/Cm0Start.c **** 
 214:.\Generated_Source\PSoC4/Cm0Start.c **** /* Application entry point. */
 215:.\Generated_Source\PSoC4/Cm0Start.c **** extern int main(void);
 216:.\Generated_Source\PSoC4/Cm0Start.c **** 
 217:.\Generated_Source\PSoC4/Cm0Start.c **** /* The static objects constructors initializer */
 218:.\Generated_Source\PSoC4/Cm0Start.c **** extern void __libc_init_array(void);
 219:.\Generated_Source\PSoC4/Cm0Start.c **** 
 220:.\Generated_Source\PSoC4/Cm0Start.c **** typedef unsigned char __cy_byte_align8 __attribute ((aligned (8)));
 221:.\Generated_Source\PSoC4/Cm0Start.c **** 
 222:.\Generated_Source\PSoC4/Cm0Start.c **** struct __cy_region
 223:.\Generated_Source\PSoC4/Cm0Start.c **** {
 224:.\Generated_Source\PSoC4/Cm0Start.c ****     __cy_byte_align8 *init; /* Initial contents of this region.  */
 225:.\Generated_Source\PSoC4/Cm0Start.c ****     __cy_byte_align8 *data; /* Start address of region.  */
ARM GAS  C:\Users\LUKASC~1\AppData\Local\Temp\ccpbTZzS.s 			page 6


 226:.\Generated_Source\PSoC4/Cm0Start.c ****     size_t init_size;       /* Size of initial data.  */
 227:.\Generated_Source\PSoC4/Cm0Start.c ****     size_t zero_size;       /* Additional size to be zeroed.  */
 228:.\Generated_Source\PSoC4/Cm0Start.c **** };
 229:.\Generated_Source\PSoC4/Cm0Start.c **** 
 230:.\Generated_Source\PSoC4/Cm0Start.c **** extern const struct __cy_region __cy_regions[];
 231:.\Generated_Source\PSoC4/Cm0Start.c **** extern const char __cy_region_num __attribute__((weak));
 232:.\Generated_Source\PSoC4/Cm0Start.c **** #define __cy_region_num ((size_t)&__cy_region_num)
 233:.\Generated_Source\PSoC4/Cm0Start.c **** 
 234:.\Generated_Source\PSoC4/Cm0Start.c **** 
 235:.\Generated_Source\PSoC4/Cm0Start.c **** /*******************************************************************************
 236:.\Generated_Source\PSoC4/Cm0Start.c **** * System Calls of the Red Hat newlib C Library
 237:.\Generated_Source\PSoC4/Cm0Start.c **** *******************************************************************************/
 238:.\Generated_Source\PSoC4/Cm0Start.c **** 
 239:.\Generated_Source\PSoC4/Cm0Start.c **** 
 240:.\Generated_Source\PSoC4/Cm0Start.c **** /*******************************************************************************
 241:.\Generated_Source\PSoC4/Cm0Start.c **** * Function Name: _exit
 242:.\Generated_Source\PSoC4/Cm0Start.c **** ********************************************************************************
 243:.\Generated_Source\PSoC4/Cm0Start.c **** *
 244:.\Generated_Source\PSoC4/Cm0Start.c **** * Summary:
 245:.\Generated_Source\PSoC4/Cm0Start.c **** *  Exit a program without cleaning up files. If your system doesn't provide
 246:.\Generated_Source\PSoC4/Cm0Start.c **** *  this, it is best to avoid linking with subroutines that require it (exit,
 247:.\Generated_Source\PSoC4/Cm0Start.c **** *  system).
 248:.\Generated_Source\PSoC4/Cm0Start.c **** *
 249:.\Generated_Source\PSoC4/Cm0Start.c **** * Parameters:
 250:.\Generated_Source\PSoC4/Cm0Start.c **** *  status: Status caused program exit.
 251:.\Generated_Source\PSoC4/Cm0Start.c **** *
 252:.\Generated_Source\PSoC4/Cm0Start.c **** * Return:
 253:.\Generated_Source\PSoC4/Cm0Start.c **** *  None
 254:.\Generated_Source\PSoC4/Cm0Start.c **** *
 255:.\Generated_Source\PSoC4/Cm0Start.c **** *******************************************************************************/
 256:.\Generated_Source\PSoC4/Cm0Start.c **** __attribute__((weak))
 257:.\Generated_Source\PSoC4/Cm0Start.c **** void _exit(int status)
 258:.\Generated_Source\PSoC4/Cm0Start.c **** {
  61              		.loc 1 258 0
  62              		.cfi_startproc
  63 0000 80B5     		push	{r7, lr}
  64              		.cfi_def_cfa_offset 8
  65              		.cfi_offset 7, -8
  66              		.cfi_offset 14, -4
  67 0002 82B0     		sub	sp, sp, #8
  68              		.cfi_def_cfa_offset 16
  69 0004 00AF     		add	r7, sp, #0
  70              		.cfi_def_cfa_register 7
  71 0006 7860     		str	r0, [r7, #4]
 259:.\Generated_Source\PSoC4/Cm0Start.c ****     CyHalt((uint8) status);
  72              		.loc 1 259 0
  73 0008 7B68     		ldr	r3, [r7, #4]
  74 000a DBB2     		uxtb	r3, r3
  75 000c 181C     		mov	r0, r3
  76 000e FFF7FEFF 		bl	CyHalt
  77              	.L4:
 260:.\Generated_Source\PSoC4/Cm0Start.c **** 
 261:.\Generated_Source\PSoC4/Cm0Start.c ****     while(1)
 262:.\Generated_Source\PSoC4/Cm0Start.c ****     {
 263:.\Generated_Source\PSoC4/Cm0Start.c **** 
 264:.\Generated_Source\PSoC4/Cm0Start.c ****     }
  78              		.loc 1 264 0 discriminator 1
ARM GAS  C:\Users\LUKASC~1\AppData\Local\Temp\ccpbTZzS.s 			page 7


  79 0012 FEE7     		b	.L4
  80              		.cfi_endproc
  81              	.LFE1:
  82              		.size	_exit, .-_exit
  83              		.section	.text._sbrk,"ax",%progbits
  84              		.align	2
  85              		.weak	_sbrk
  86              		.code	16
  87              		.thumb_func
  88              		.type	_sbrk, %function
  89              	_sbrk:
  90              	.LFB2:
 265:.\Generated_Source\PSoC4/Cm0Start.c **** }
 266:.\Generated_Source\PSoC4/Cm0Start.c **** 
 267:.\Generated_Source\PSoC4/Cm0Start.c **** 
 268:.\Generated_Source\PSoC4/Cm0Start.c **** /*******************************************************************************
 269:.\Generated_Source\PSoC4/Cm0Start.c **** * Function Name: _sbrk
 270:.\Generated_Source\PSoC4/Cm0Start.c **** ********************************************************************************
 271:.\Generated_Source\PSoC4/Cm0Start.c **** *
 272:.\Generated_Source\PSoC4/Cm0Start.c **** * Summary:
 273:.\Generated_Source\PSoC4/Cm0Start.c **** *  Increase program data space. As malloc and related functions depend on this,
 274:.\Generated_Source\PSoC4/Cm0Start.c **** *  it is useful to have a working implementation. The following suffices for a
 275:.\Generated_Source\PSoC4/Cm0Start.c **** *  standalone system; it exploits the symbol end automatically defined by the
 276:.\Generated_Source\PSoC4/Cm0Start.c **** *  GNU linker.
 277:.\Generated_Source\PSoC4/Cm0Start.c **** *
 278:.\Generated_Source\PSoC4/Cm0Start.c **** * Parameters:
 279:.\Generated_Source\PSoC4/Cm0Start.c **** *  nbytes: The number of bytes requested (if the parameter value is positive)
 280:.\Generated_Source\PSoC4/Cm0Start.c **** *  from the heap or returned back to the heap (if the parameter value is
 281:.\Generated_Source\PSoC4/Cm0Start.c **** *  negative).
 282:.\Generated_Source\PSoC4/Cm0Start.c **** *
 283:.\Generated_Source\PSoC4/Cm0Start.c **** * Return:
 284:.\Generated_Source\PSoC4/Cm0Start.c **** *  None
 285:.\Generated_Source\PSoC4/Cm0Start.c **** *
 286:.\Generated_Source\PSoC4/Cm0Start.c **** *******************************************************************************/
 287:.\Generated_Source\PSoC4/Cm0Start.c **** __attribute__((weak))
 288:.\Generated_Source\PSoC4/Cm0Start.c **** void * _sbrk (int nbytes)
 289:.\Generated_Source\PSoC4/Cm0Start.c **** {
  91              		.loc 1 289 0
  92              		.cfi_startproc
  93 0000 80B5     		push	{r7, lr}
  94              		.cfi_def_cfa_offset 8
  95              		.cfi_offset 7, -8
  96              		.cfi_offset 14, -4
  97 0002 84B0     		sub	sp, sp, #16
  98              		.cfi_def_cfa_offset 24
  99 0004 00AF     		add	r7, sp, #0
 100              		.cfi_def_cfa_register 7
 101 0006 7860     		str	r0, [r7, #4]
 290:.\Generated_Source\PSoC4/Cm0Start.c ****     extern int  end;            /* Symbol defined by linker map. Start of free memory (as symbol). 
 291:.\Generated_Source\PSoC4/Cm0Start.c ****     void *      returnValue;
 292:.\Generated_Source\PSoC4/Cm0Start.c **** 
 293:.\Generated_Source\PSoC4/Cm0Start.c ****     /* The statically held previous end of the heap, with its initialization. */
 294:.\Generated_Source\PSoC4/Cm0Start.c ****     static void *heapPointer = (void *) &end;                 /* Previous end */
 295:.\Generated_Source\PSoC4/Cm0Start.c **** 
 296:.\Generated_Source\PSoC4/Cm0Start.c ****     if (((heapPointer + nbytes) - (void *) &end) <= CYDEV_HEAP_SIZE)
 102              		.loc 1 296 0
 103 0008 104B     		ldr	r3, .L9
ARM GAS  C:\Users\LUKASC~1\AppData\Local\Temp\ccpbTZzS.s 			page 8


 104 000a 1A68     		ldr	r2, [r3]
 105 000c 7B68     		ldr	r3, [r7, #4]
 106 000e D318     		add	r3, r2, r3
 107 0010 1A1C     		mov	r2, r3
 108 0012 0F4B     		ldr	r3, .L9+4
 109 0014 D21A     		sub	r2, r2, r3
 110 0016 8023     		mov	r3, #128
 111 0018 5B00     		lsl	r3, r3, #1
 112 001a 9A42     		cmp	r2, r3
 113 001c 09DC     		bgt	.L6
 297:.\Generated_Source\PSoC4/Cm0Start.c ****     {
 298:.\Generated_Source\PSoC4/Cm0Start.c ****         returnValue  = heapPointer;
 114              		.loc 1 298 0
 115 001e 0B4B     		ldr	r3, .L9
 116 0020 1B68     		ldr	r3, [r3]
 117 0022 FB60     		str	r3, [r7, #12]
 299:.\Generated_Source\PSoC4/Cm0Start.c ****         heapPointer += nbytes;
 118              		.loc 1 299 0
 119 0024 094B     		ldr	r3, .L9
 120 0026 1A68     		ldr	r2, [r3]
 121 0028 7B68     		ldr	r3, [r7, #4]
 122 002a D218     		add	r2, r2, r3
 123 002c 074B     		ldr	r3, .L9
 124 002e 1A60     		str	r2, [r3]
 125 0030 07E0     		b	.L7
 126              	.L6:
 300:.\Generated_Source\PSoC4/Cm0Start.c ****     }
 301:.\Generated_Source\PSoC4/Cm0Start.c ****     else
 302:.\Generated_Source\PSoC4/Cm0Start.c ****     {
 303:.\Generated_Source\PSoC4/Cm0Start.c ****         errno = ENOMEM;
 127              		.loc 1 303 0
 128 0032 FFF7FEFF 		bl	__errno
 129 0036 031C     		mov	r3, r0
 130 0038 0C22     		mov	r2, #12
 131 003a 1A60     		str	r2, [r3]
 304:.\Generated_Source\PSoC4/Cm0Start.c ****         returnValue = (void *) -1;
 132              		.loc 1 304 0
 133 003c 0123     		mov	r3, #1
 134 003e 5B42     		neg	r3, r3
 135 0040 FB60     		str	r3, [r7, #12]
 136              	.L7:
 305:.\Generated_Source\PSoC4/Cm0Start.c ****     }
 306:.\Generated_Source\PSoC4/Cm0Start.c **** 
 307:.\Generated_Source\PSoC4/Cm0Start.c ****     return (returnValue);
 137              		.loc 1 307 0
 138 0042 FB68     		ldr	r3, [r7, #12]
 308:.\Generated_Source\PSoC4/Cm0Start.c **** }
 139              		.loc 1 308 0
 140 0044 181C     		mov	r0, r3
 141 0046 BD46     		mov	sp, r7
 142 0048 04B0     		add	sp, sp, #16
 143              		@ sp needed
 144 004a 80BD     		pop	{r7, pc}
 145              	.L10:
 146              		.align	2
 147              	.L9:
 148 004c 00000000 		.word	heapPointer.4716
ARM GAS  C:\Users\LUKASC~1\AppData\Local\Temp\ccpbTZzS.s 			page 9


 149 0050 00000000 		.word	end
 150              		.cfi_endproc
 151              	.LFE2:
 152              		.size	_sbrk, .-_sbrk
 153              		.section	.text.Start_c,"ax",%progbits
 154              		.align	2
 155              		.global	Start_c
 156              		.code	16
 157              		.thumb_func
 158              		.type	Start_c, %function
 159              	Start_c:
 160              	.LFB3:
 309:.\Generated_Source\PSoC4/Cm0Start.c **** 
 310:.\Generated_Source\PSoC4/Cm0Start.c **** 
 311:.\Generated_Source\PSoC4/Cm0Start.c **** /*******************************************************************************
 312:.\Generated_Source\PSoC4/Cm0Start.c **** * Function Name: Start_c
 313:.\Generated_Source\PSoC4/Cm0Start.c **** ********************************************************************************
 314:.\Generated_Source\PSoC4/Cm0Start.c **** *
 315:.\Generated_Source\PSoC4/Cm0Start.c **** * Summary:
 316:.\Generated_Source\PSoC4/Cm0Start.c **** *  This function handles initializing the .data and .bss sections in
 317:.\Generated_Source\PSoC4/Cm0Start.c **** *  preparation for running the standard c code.  Once initialization is complete
 318:.\Generated_Source\PSoC4/Cm0Start.c **** *  it will call main().  This function will never return.
 319:.\Generated_Source\PSoC4/Cm0Start.c **** *
 320:.\Generated_Source\PSoC4/Cm0Start.c **** * Parameters:
 321:.\Generated_Source\PSoC4/Cm0Start.c **** *  None
 322:.\Generated_Source\PSoC4/Cm0Start.c **** *
 323:.\Generated_Source\PSoC4/Cm0Start.c **** * Return:
 324:.\Generated_Source\PSoC4/Cm0Start.c **** *  None
 325:.\Generated_Source\PSoC4/Cm0Start.c **** *
 326:.\Generated_Source\PSoC4/Cm0Start.c **** *******************************************************************************/
 327:.\Generated_Source\PSoC4/Cm0Start.c **** void Start_c(void)  __attribute__ ((noreturn, noinline));
 328:.\Generated_Source\PSoC4/Cm0Start.c **** void Start_c(void)
 329:.\Generated_Source\PSoC4/Cm0Start.c **** {
 161              		.loc 1 329 0
 162              		.cfi_startproc
 163 0000 80B5     		push	{r7, lr}
 164              		.cfi_def_cfa_offset 8
 165              		.cfi_offset 7, -8
 166              		.cfi_offset 14, -4
 167 0002 86B0     		sub	sp, sp, #24
 168              		.cfi_def_cfa_offset 32
 169 0004 00AF     		add	r7, sp, #0
 170              		.cfi_def_cfa_register 7
 330:.\Generated_Source\PSoC4/Cm0Start.c ****     #ifdef CY_BOOT_START_C_CALLBACK
 331:.\Generated_Source\PSoC4/Cm0Start.c ****         CyBoot_Start_c_Callback();
 332:.\Generated_Source\PSoC4/Cm0Start.c ****     #else
 333:.\Generated_Source\PSoC4/Cm0Start.c ****         unsigned regions = __cy_region_num;
 171              		.loc 1 333 0
 172 0006 224B     		ldr	r3, .L19
 173 0008 7B61     		str	r3, [r7, #20]
 334:.\Generated_Source\PSoC4/Cm0Start.c ****         const struct __cy_region *rptr = __cy_regions;
 174              		.loc 1 334 0
 175 000a 224B     		ldr	r3, .L19+4
 176 000c 3B61     		str	r3, [r7, #16]
 335:.\Generated_Source\PSoC4/Cm0Start.c **** 
 336:.\Generated_Source\PSoC4/Cm0Start.c ****         /* Initialize memory */
 337:.\Generated_Source\PSoC4/Cm0Start.c ****         for (regions = __cy_region_num; regions != 0u; regions--)
ARM GAS  C:\Users\LUKASC~1\AppData\Local\Temp\ccpbTZzS.s 			page 10


 177              		.loc 1 337 0
 178 000e 204B     		ldr	r3, .L19
 179 0010 7B61     		str	r3, [r7, #20]
 180 0012 35E0     		b	.L12
 181              	.L17:
 182              	.LBB2:
 338:.\Generated_Source\PSoC4/Cm0Start.c ****         {
 339:.\Generated_Source\PSoC4/Cm0Start.c ****             uint32 *src = (uint32 *)rptr->init;
 183              		.loc 1 339 0
 184 0014 3B69     		ldr	r3, [r7, #16]
 185 0016 1B68     		ldr	r3, [r3]
 186 0018 FB60     		str	r3, [r7, #12]
 340:.\Generated_Source\PSoC4/Cm0Start.c ****             uint32 *dst = (uint32 *)rptr->data;
 187              		.loc 1 340 0
 188 001a 3B69     		ldr	r3, [r7, #16]
 189 001c 5B68     		ldr	r3, [r3, #4]
 190 001e BB60     		str	r3, [r7, #8]
 341:.\Generated_Source\PSoC4/Cm0Start.c ****             unsigned limit = rptr->init_size;
 191              		.loc 1 341 0
 192 0020 3B69     		ldr	r3, [r7, #16]
 193 0022 9B68     		ldr	r3, [r3, #8]
 194 0024 3B60     		str	r3, [r7]
 342:.\Generated_Source\PSoC4/Cm0Start.c ****             unsigned count;
 343:.\Generated_Source\PSoC4/Cm0Start.c **** 
 344:.\Generated_Source\PSoC4/Cm0Start.c ****             for (count = 0u; count != limit; count += sizeof (uint32))
 195              		.loc 1 344 0
 196 0026 0023     		mov	r3, #0
 197 0028 7B60     		str	r3, [r7, #4]
 198 002a 0CE0     		b	.L13
 199              	.L14:
 345:.\Generated_Source\PSoC4/Cm0Start.c ****             {
 346:.\Generated_Source\PSoC4/Cm0Start.c ****                 *dst = *src;
 200              		.loc 1 346 0 discriminator 3
 201 002c FB68     		ldr	r3, [r7, #12]
 202 002e 1A68     		ldr	r2, [r3]
 203 0030 BB68     		ldr	r3, [r7, #8]
 204 0032 1A60     		str	r2, [r3]
 347:.\Generated_Source\PSoC4/Cm0Start.c ****                 dst++;
 205              		.loc 1 347 0 discriminator 3
 206 0034 BB68     		ldr	r3, [r7, #8]
 207 0036 0433     		add	r3, r3, #4
 208 0038 BB60     		str	r3, [r7, #8]
 348:.\Generated_Source\PSoC4/Cm0Start.c ****                 src++;
 209              		.loc 1 348 0 discriminator 3
 210 003a FB68     		ldr	r3, [r7, #12]
 211 003c 0433     		add	r3, r3, #4
 212 003e FB60     		str	r3, [r7, #12]
 344:.\Generated_Source\PSoC4/Cm0Start.c ****             {
 213              		.loc 1 344 0 discriminator 3
 214 0040 7B68     		ldr	r3, [r7, #4]
 215 0042 0433     		add	r3, r3, #4
 216 0044 7B60     		str	r3, [r7, #4]
 217              	.L13:
 344:.\Generated_Source\PSoC4/Cm0Start.c ****             {
 218              		.loc 1 344 0 is_stmt 0 discriminator 1
 219 0046 7A68     		ldr	r2, [r7, #4]
 220 0048 3B68     		ldr	r3, [r7]
ARM GAS  C:\Users\LUKASC~1\AppData\Local\Temp\ccpbTZzS.s 			page 11


 221 004a 9A42     		cmp	r2, r3
 222 004c EED1     		bne	.L14
 349:.\Generated_Source\PSoC4/Cm0Start.c ****             }
 350:.\Generated_Source\PSoC4/Cm0Start.c ****             limit = rptr->zero_size;
 223              		.loc 1 350 0 is_stmt 1
 224 004e 3B69     		ldr	r3, [r7, #16]
 225 0050 DB68     		ldr	r3, [r3, #12]
 226 0052 3B60     		str	r3, [r7]
 351:.\Generated_Source\PSoC4/Cm0Start.c ****             for (count = 0u; count != limit; count += sizeof (uint32))
 227              		.loc 1 351 0
 228 0054 0023     		mov	r3, #0
 229 0056 7B60     		str	r3, [r7, #4]
 230 0058 08E0     		b	.L15
 231              	.L16:
 352:.\Generated_Source\PSoC4/Cm0Start.c ****             {
 353:.\Generated_Source\PSoC4/Cm0Start.c ****                 *dst = 0u;
 232              		.loc 1 353 0 discriminator 3
 233 005a BB68     		ldr	r3, [r7, #8]
 234 005c 0022     		mov	r2, #0
 235 005e 1A60     		str	r2, [r3]
 354:.\Generated_Source\PSoC4/Cm0Start.c ****                 dst++;
 236              		.loc 1 354 0 discriminator 3
 237 0060 BB68     		ldr	r3, [r7, #8]
 238 0062 0433     		add	r3, r3, #4
 239 0064 BB60     		str	r3, [r7, #8]
 351:.\Generated_Source\PSoC4/Cm0Start.c ****             for (count = 0u; count != limit; count += sizeof (uint32))
 240              		.loc 1 351 0 discriminator 3
 241 0066 7B68     		ldr	r3, [r7, #4]
 242 0068 0433     		add	r3, r3, #4
 243 006a 7B60     		str	r3, [r7, #4]
 244              	.L15:
 351:.\Generated_Source\PSoC4/Cm0Start.c ****             for (count = 0u; count != limit; count += sizeof (uint32))
 245              		.loc 1 351 0 is_stmt 0 discriminator 1
 246 006c 7A68     		ldr	r2, [r7, #4]
 247 006e 3B68     		ldr	r3, [r7]
 248 0070 9A42     		cmp	r2, r3
 249 0072 F2D1     		bne	.L16
 355:.\Generated_Source\PSoC4/Cm0Start.c ****             }
 356:.\Generated_Source\PSoC4/Cm0Start.c **** 
 357:.\Generated_Source\PSoC4/Cm0Start.c ****             rptr++;
 250              		.loc 1 357 0 is_stmt 1 discriminator 2
 251 0074 3B69     		ldr	r3, [r7, #16]
 252 0076 1033     		add	r3, r3, #16
 253 0078 3B61     		str	r3, [r7, #16]
 254              	.LBE2:
 337:.\Generated_Source\PSoC4/Cm0Start.c ****         {
 255              		.loc 1 337 0 discriminator 2
 256 007a 7B69     		ldr	r3, [r7, #20]
 257 007c 013B     		sub	r3, r3, #1
 258 007e 7B61     		str	r3, [r7, #20]
 259              	.L12:
 337:.\Generated_Source\PSoC4/Cm0Start.c ****         {
 260              		.loc 1 337 0 is_stmt 0 discriminator 1
 261 0080 7B69     		ldr	r3, [r7, #20]
 262 0082 002B     		cmp	r3, #0
 263 0084 C6D1     		bne	.L17
 358:.\Generated_Source\PSoC4/Cm0Start.c ****         }
ARM GAS  C:\Users\LUKASC~1\AppData\Local\Temp\ccpbTZzS.s 			page 12


 359:.\Generated_Source\PSoC4/Cm0Start.c **** 
 360:.\Generated_Source\PSoC4/Cm0Start.c ****         /* Invoke static objects constructors */
 361:.\Generated_Source\PSoC4/Cm0Start.c ****         __libc_init_array();
 264              		.loc 1 361 0 is_stmt 1
 265 0086 FFF7FEFF 		bl	__libc_init_array
 362:.\Generated_Source\PSoC4/Cm0Start.c ****         (void) main();
 266              		.loc 1 362 0
 267 008a FFF7FEFF 		bl	main
 268              	.L18:
 363:.\Generated_Source\PSoC4/Cm0Start.c **** 
 364:.\Generated_Source\PSoC4/Cm0Start.c ****         while (1)
 365:.\Generated_Source\PSoC4/Cm0Start.c ****         {
 366:.\Generated_Source\PSoC4/Cm0Start.c ****             /* If main returns, make sure we don't return. */
 367:.\Generated_Source\PSoC4/Cm0Start.c ****         }
 269              		.loc 1 367 0 discriminator 1
 270 008e FEE7     		b	.L18
 271              	.L20:
 272              		.align	2
 273              	.L19:
 274 0090 00000000 		.word	__cy_region_num
 275 0094 00000000 		.word	__cy_regions
 276              		.cfi_endproc
 277              	.LFE3:
 278              		.size	Start_c, .-Start_c
 279              		.section	.text.Reset,"ax",%progbits
 280              		.align	2
 281              		.global	Reset
 282              		.code	16
 283              		.thumb_func
 284              		.type	Reset, %function
 285              	Reset:
 286              	.LFB4:
 368:.\Generated_Source\PSoC4/Cm0Start.c **** 
 369:.\Generated_Source\PSoC4/Cm0Start.c ****     #endif /* CY_BOOT_START_C_CALLBACK */
 370:.\Generated_Source\PSoC4/Cm0Start.c **** }
 371:.\Generated_Source\PSoC4/Cm0Start.c **** 
 372:.\Generated_Source\PSoC4/Cm0Start.c **** 
 373:.\Generated_Source\PSoC4/Cm0Start.c **** /*******************************************************************************
 374:.\Generated_Source\PSoC4/Cm0Start.c **** * Function Name: Reset
 375:.\Generated_Source\PSoC4/Cm0Start.c **** ********************************************************************************
 376:.\Generated_Source\PSoC4/Cm0Start.c **** *
 377:.\Generated_Source\PSoC4/Cm0Start.c **** * Summary:
 378:.\Generated_Source\PSoC4/Cm0Start.c **** *  This function handles the reset interrupt for the GCC toolchain.  This is
 379:.\Generated_Source\PSoC4/Cm0Start.c **** *  the first bit of code that is executed at startup.
 380:.\Generated_Source\PSoC4/Cm0Start.c **** *
 381:.\Generated_Source\PSoC4/Cm0Start.c **** * Parameters:
 382:.\Generated_Source\PSoC4/Cm0Start.c **** *  None
 383:.\Generated_Source\PSoC4/Cm0Start.c **** *
 384:.\Generated_Source\PSoC4/Cm0Start.c **** * Return:
 385:.\Generated_Source\PSoC4/Cm0Start.c **** *  None
 386:.\Generated_Source\PSoC4/Cm0Start.c **** *
 387:.\Generated_Source\PSoC4/Cm0Start.c **** *******************************************************************************/
 388:.\Generated_Source\PSoC4/Cm0Start.c **** void Reset(void)
 389:.\Generated_Source\PSoC4/Cm0Start.c **** {
 287              		.loc 1 389 0
 288              		.cfi_startproc
 289 0000 80B5     		push	{r7, lr}
ARM GAS  C:\Users\LUKASC~1\AppData\Local\Temp\ccpbTZzS.s 			page 13


 290              		.cfi_def_cfa_offset 8
 291              		.cfi_offset 7, -8
 292              		.cfi_offset 14, -4
 293 0002 00AF     		add	r7, sp, #0
 294              		.cfi_def_cfa_register 7
 390:.\Generated_Source\PSoC4/Cm0Start.c ****     #if (CYDEV_PROJ_TYPE == CYDEV_PROJ_TYPE_LOADABLE || CYDEV_PROJ_TYPE == CYDEV_PROJ_TYPE_LOADABLE
 391:.\Generated_Source\PSoC4/Cm0Start.c **** 
 392:.\Generated_Source\PSoC4/Cm0Start.c ****         /* The bootloadable application image is started at Reset() handler
 393:.\Generated_Source\PSoC4/Cm0Start.c ****         * as a result of a branch instruction execution from the bootloader.
 394:.\Generated_Source\PSoC4/Cm0Start.c ****         * So, the stack pointer needs to be reset to be sure that
 395:.\Generated_Source\PSoC4/Cm0Start.c ****         * there is no garbage in the stack.
 396:.\Generated_Source\PSoC4/Cm0Start.c ****         */
 397:.\Generated_Source\PSoC4/Cm0Start.c ****         __asm volatile ("MSR msp, %0\n" : : "r" ((uint32)&__cy_stack) : "sp");
 295              		.loc 1 397 0
 296 0004 024B     		ldr	r3, .L22
 297              	@ 397 ".\Generated_Source\PSoC4\Cm0Start.c" 1
 298 0006 83F30888 		MSR msp, r3
 299              	
 300              	@ 0 "" 2
 398:.\Generated_Source\PSoC4/Cm0Start.c ****     #endif /* CYDEV_PROJ_TYPE_LOADABLE */
 399:.\Generated_Source\PSoC4/Cm0Start.c **** 
 400:.\Generated_Source\PSoC4/Cm0Start.c ****     #if(CY_IP_SRSSLT)
 401:.\Generated_Source\PSoC4/Cm0Start.c ****         CySysWdtDisable();
 402:.\Generated_Source\PSoC4/Cm0Start.c ****     #endif  /* (CY_IP_SRSSLT) */
 403:.\Generated_Source\PSoC4/Cm0Start.c **** 
 404:.\Generated_Source\PSoC4/Cm0Start.c ****     #if ((CYDEV_BOOTLOADER_ENABLE) && (CYDEV_PROJ_TYPE != CYDEV_PROJ_TYPE_LOADABLEANDBOOTLOADER))
 405:.\Generated_Source\PSoC4/Cm0Start.c ****         CyBtldr_CheckLaunch();
 406:.\Generated_Source\PSoC4/Cm0Start.c ****     #endif /* ((CYDEV_BOOTLOADER_ENABLE) && (CYDEV_PROJ_TYPE != CYDEV_PROJ_TYPE_LOADABLEANDBOOTLOAD
 407:.\Generated_Source\PSoC4/Cm0Start.c ****     Start_c();
 301              		.loc 1 407 0
 302              		.code	16
 303 000a FFF7FEFF 		bl	Start_c
 304              	.L23:
 305 000e C046     		.align	2
 306              	.L22:
 307 0010 00000000 		.word	__cy_stack
 308              		.cfi_endproc
 309              	.LFE4:
 310              		.size	Reset, .-Reset
 311              		.global	CyRamVectors
 312              		.section	.ramvectors,"aw",%progbits
 313              		.align	2
 314              		.type	CyRamVectors, %object
 315              		.size	CyRamVectors, 192
 316              	CyRamVectors:
 317 0000 00000000 		.space	192
 317      00000000 
 317      00000000 
 317      00000000 
 317      00000000 
 318              		.global	RomVectors
 319              		.section	.romvectors,"a",%progbits
 320              		.align	2
 321              		.type	RomVectors, %object
 322              		.size	RomVectors, 16
 323              	RomVectors:
 324 0000 00000000 		.word	__cy_stack
ARM GAS  C:\Users\LUKASC~1\AppData\Local\Temp\ccpbTZzS.s 			page 14


 325 0004 00000000 		.word	Reset
 326 0008 00000000 		.word	IntDefaultHandler
 327 000c 00000000 		.word	IntDefaultHandler
 328              		.section	.text.initialize_psoc,"ax",%progbits
 329              		.align	2
 330              		.global	initialize_psoc
 331              		.code	16
 332              		.thumb_func
 333              		.type	initialize_psoc, %function
 334              	initialize_psoc:
 335              	.LFB5:
 408:.\Generated_Source\PSoC4/Cm0Start.c **** }
 409:.\Generated_Source\PSoC4/Cm0Start.c **** 
 410:.\Generated_Source\PSoC4/Cm0Start.c **** #elif defined (__ICCARM__)
 411:.\Generated_Source\PSoC4/Cm0Start.c **** 
 412:.\Generated_Source\PSoC4/Cm0Start.c **** 
 413:.\Generated_Source\PSoC4/Cm0Start.c **** /*******************************************************************************
 414:.\Generated_Source\PSoC4/Cm0Start.c **** * Function Name: __low_level_init
 415:.\Generated_Source\PSoC4/Cm0Start.c **** ********************************************************************************
 416:.\Generated_Source\PSoC4/Cm0Start.c **** *
 417:.\Generated_Source\PSoC4/Cm0Start.c **** * Summary:
 418:.\Generated_Source\PSoC4/Cm0Start.c **** *  This function performs early initializations for the IAR Embedded
 419:.\Generated_Source\PSoC4/Cm0Start.c **** *  Workbench IDE. It is executed in the context of reset interrupt handler
 420:.\Generated_Source\PSoC4/Cm0Start.c **** *  before the data sections are initialized.
 421:.\Generated_Source\PSoC4/Cm0Start.c **** *
 422:.\Generated_Source\PSoC4/Cm0Start.c **** * Parameters:
 423:.\Generated_Source\PSoC4/Cm0Start.c **** *  None
 424:.\Generated_Source\PSoC4/Cm0Start.c **** *
 425:.\Generated_Source\PSoC4/Cm0Start.c **** * Return:
 426:.\Generated_Source\PSoC4/Cm0Start.c **** *  The value that determines whether or not data sections should be initialized
 427:.\Generated_Source\PSoC4/Cm0Start.c **** *  by the system startup code:
 428:.\Generated_Source\PSoC4/Cm0Start.c **** *    0 - skip data sections initialization;
 429:.\Generated_Source\PSoC4/Cm0Start.c **** *    1 - initialize data sections;
 430:.\Generated_Source\PSoC4/Cm0Start.c **** *
 431:.\Generated_Source\PSoC4/Cm0Start.c **** *******************************************************************************/
 432:.\Generated_Source\PSoC4/Cm0Start.c **** #pragma inline = never
 433:.\Generated_Source\PSoC4/Cm0Start.c **** int __low_level_init(void)
 434:.\Generated_Source\PSoC4/Cm0Start.c **** {
 435:.\Generated_Source\PSoC4/Cm0Start.c ****     #if(CY_IP_SRSSLT)
 436:.\Generated_Source\PSoC4/Cm0Start.c ****         CySysWdtDisable();
 437:.\Generated_Source\PSoC4/Cm0Start.c ****     #endif  /* (CY_IP_SRSSLT) */
 438:.\Generated_Source\PSoC4/Cm0Start.c **** 
 439:.\Generated_Source\PSoC4/Cm0Start.c **** #if ((CYDEV_BOOTLOADER_ENABLE) && (CYDEV_PROJ_TYPE != CYDEV_PROJ_TYPE_LOADABLEANDBOOTLOADER))
 440:.\Generated_Source\PSoC4/Cm0Start.c ****     CyBtldr_CheckLaunch();
 441:.\Generated_Source\PSoC4/Cm0Start.c **** #endif /* ((CYDEV_BOOTLOADER_ENABLE) && (CYDEV_PROJ_TYPE != CYDEV_PROJ_TYPE_LOADABLEANDBOOTLOADER))
 442:.\Generated_Source\PSoC4/Cm0Start.c **** 
 443:.\Generated_Source\PSoC4/Cm0Start.c ****     /* Initialize data sections */
 444:.\Generated_Source\PSoC4/Cm0Start.c ****     __iar_data_init3();
 445:.\Generated_Source\PSoC4/Cm0Start.c **** 
 446:.\Generated_Source\PSoC4/Cm0Start.c ****     initialize_psoc();
 447:.\Generated_Source\PSoC4/Cm0Start.c **** 
 448:.\Generated_Source\PSoC4/Cm0Start.c ****     return 0;
 449:.\Generated_Source\PSoC4/Cm0Start.c **** }
 450:.\Generated_Source\PSoC4/Cm0Start.c **** 
 451:.\Generated_Source\PSoC4/Cm0Start.c **** #endif /* __GNUC__ */
 452:.\Generated_Source\PSoC4/Cm0Start.c **** 
 453:.\Generated_Source\PSoC4/Cm0Start.c **** 
ARM GAS  C:\Users\LUKASC~1\AppData\Local\Temp\ccpbTZzS.s 			page 15


 454:.\Generated_Source\PSoC4/Cm0Start.c **** /*******************************************************************************
 455:.\Generated_Source\PSoC4/Cm0Start.c **** * Ram Interrupt Vector table storage area. Must be placed at 0x20000000.
 456:.\Generated_Source\PSoC4/Cm0Start.c **** *******************************************************************************/
 457:.\Generated_Source\PSoC4/Cm0Start.c **** 
 458:.\Generated_Source\PSoC4/Cm0Start.c **** #if defined (__ICCARM__)
 459:.\Generated_Source\PSoC4/Cm0Start.c ****     #pragma location=".ramvectors"
 460:.\Generated_Source\PSoC4/Cm0Start.c **** #else
 461:.\Generated_Source\PSoC4/Cm0Start.c ****     #ifndef CY_SYS_RAM_VECTOR_SECTION
 462:.\Generated_Source\PSoC4/Cm0Start.c ****         #define CY_SYS_RAM_VECTOR_SECTION CY_SECTION(".ramvectors")
 463:.\Generated_Source\PSoC4/Cm0Start.c ****     #endif /* CY_SYS_RAM_VECTOR_SECTION */
 464:.\Generated_Source\PSoC4/Cm0Start.c ****     CY_SYS_RAM_VECTOR_SECTION
 465:.\Generated_Source\PSoC4/Cm0Start.c **** #endif  /* defined (__ICCARM__) */
 466:.\Generated_Source\PSoC4/Cm0Start.c **** cyisraddress CyRamVectors[CY_NUM_VECTORS];
 467:.\Generated_Source\PSoC4/Cm0Start.c **** 
 468:.\Generated_Source\PSoC4/Cm0Start.c **** 
 469:.\Generated_Source\PSoC4/Cm0Start.c **** /*******************************************************************************
 470:.\Generated_Source\PSoC4/Cm0Start.c **** * Rom Interrupt Vector table storage area. Must be 256-byte aligned.
 471:.\Generated_Source\PSoC4/Cm0Start.c **** *******************************************************************************/
 472:.\Generated_Source\PSoC4/Cm0Start.c **** 
 473:.\Generated_Source\PSoC4/Cm0Start.c **** #if defined(__ARMCC_VERSION)
 474:.\Generated_Source\PSoC4/Cm0Start.c ****     /* Suppress diagnostic message 1296-D: extended constant initialiser used */
 475:.\Generated_Source\PSoC4/Cm0Start.c ****     #pragma diag_suppress 1296
 476:.\Generated_Source\PSoC4/Cm0Start.c **** #endif  /* defined(__ARMCC_VERSION) */
 477:.\Generated_Source\PSoC4/Cm0Start.c **** 
 478:.\Generated_Source\PSoC4/Cm0Start.c **** #if defined (__ICCARM__)
 479:.\Generated_Source\PSoC4/Cm0Start.c ****     #pragma location=".romvectors"
 480:.\Generated_Source\PSoC4/Cm0Start.c ****     const intvec_elem __vector_table[CY_NUM_ROM_VECTORS] =
 481:.\Generated_Source\PSoC4/Cm0Start.c **** #else
 482:.\Generated_Source\PSoC4/Cm0Start.c ****     #ifndef CY_SYS_ROM_VECTOR_SECTION
 483:.\Generated_Source\PSoC4/Cm0Start.c ****         #define CY_SYS_ROM_VECTOR_SECTION CY_SECTION(".romvectors")
 484:.\Generated_Source\PSoC4/Cm0Start.c ****     #endif /* CY_SYS_ROM_VECTOR_SECTION */
 485:.\Generated_Source\PSoC4/Cm0Start.c ****     CY_SYS_ROM_VECTOR_SECTION
 486:.\Generated_Source\PSoC4/Cm0Start.c ****     const cyisraddress RomVectors[CY_NUM_ROM_VECTORS] =
 487:.\Generated_Source\PSoC4/Cm0Start.c **** #endif  /* defined (__ICCARM__) */
 488:.\Generated_Source\PSoC4/Cm0Start.c **** {
 489:.\Generated_Source\PSoC4/Cm0Start.c ****     CY_SYS_INITIAL_STACK_POINTER,   /* The initial stack pointer  0 */
 490:.\Generated_Source\PSoC4/Cm0Start.c ****     #if defined (__ICCARM__) /* The reset handler          1 */
 491:.\Generated_Source\PSoC4/Cm0Start.c ****         __iar_program_start,
 492:.\Generated_Source\PSoC4/Cm0Start.c ****     #else
 493:.\Generated_Source\PSoC4/Cm0Start.c ****         (cyisraddress)&Reset,
 494:.\Generated_Source\PSoC4/Cm0Start.c ****     #endif  /* defined (__ICCARM__) */
 495:.\Generated_Source\PSoC4/Cm0Start.c ****     &IntDefaultHandler,      /* The NMI handler            2 */
 496:.\Generated_Source\PSoC4/Cm0Start.c ****     &IntDefaultHandler,      /* The hard fault handler     3 */
 497:.\Generated_Source\PSoC4/Cm0Start.c **** };
 498:.\Generated_Source\PSoC4/Cm0Start.c **** 
 499:.\Generated_Source\PSoC4/Cm0Start.c **** #if defined(__ARMCC_VERSION)
 500:.\Generated_Source\PSoC4/Cm0Start.c ****     #pragma diag_default 1296
 501:.\Generated_Source\PSoC4/Cm0Start.c **** #endif  /* defined(__ARMCC_VERSION) */
 502:.\Generated_Source\PSoC4/Cm0Start.c **** 
 503:.\Generated_Source\PSoC4/Cm0Start.c **** 
 504:.\Generated_Source\PSoC4/Cm0Start.c **** /*******************************************************************************
 505:.\Generated_Source\PSoC4/Cm0Start.c **** * Function Name: initialize_psoc
 506:.\Generated_Source\PSoC4/Cm0Start.c **** ********************************************************************************
 507:.\Generated_Source\PSoC4/Cm0Start.c **** *
 508:.\Generated_Source\PSoC4/Cm0Start.c **** * Summary:
 509:.\Generated_Source\PSoC4/Cm0Start.c **** *  This function is used to initialize the PSoC chip before calling main.
 510:.\Generated_Source\PSoC4/Cm0Start.c **** *
ARM GAS  C:\Users\LUKASC~1\AppData\Local\Temp\ccpbTZzS.s 			page 16


 511:.\Generated_Source\PSoC4/Cm0Start.c **** * Parameters:
 512:.\Generated_Source\PSoC4/Cm0Start.c **** *  None
 513:.\Generated_Source\PSoC4/Cm0Start.c **** *
 514:.\Generated_Source\PSoC4/Cm0Start.c **** * Return:
 515:.\Generated_Source\PSoC4/Cm0Start.c **** *  None
 516:.\Generated_Source\PSoC4/Cm0Start.c **** *
 517:.\Generated_Source\PSoC4/Cm0Start.c **** *******************************************************************************/
 518:.\Generated_Source\PSoC4/Cm0Start.c **** #if(defined(__GNUC__) && !defined(__ARMCC_VERSION))
 519:.\Generated_Source\PSoC4/Cm0Start.c **** __attribute__ ((constructor(101)))
 520:.\Generated_Source\PSoC4/Cm0Start.c **** #endif  /* (defined(__GNUC__) && !defined(__ARMCC_VERSION)) */
 521:.\Generated_Source\PSoC4/Cm0Start.c **** void initialize_psoc(void)
 522:.\Generated_Source\PSoC4/Cm0Start.c **** {
 336              		.loc 1 522 0
 337              		.cfi_startproc
 338 0000 80B5     		push	{r7, lr}
 339              		.cfi_def_cfa_offset 8
 340              		.cfi_offset 7, -8
 341              		.cfi_offset 14, -4
 342 0002 82B0     		sub	sp, sp, #8
 343              		.cfi_def_cfa_offset 16
 344 0004 00AF     		add	r7, sp, #0
 345              		.cfi_def_cfa_register 7
 523:.\Generated_Source\PSoC4/Cm0Start.c ****     uint32 indexInit;
 524:.\Generated_Source\PSoC4/Cm0Start.c **** 
 525:.\Generated_Source\PSoC4/Cm0Start.c ****     #if(CY_IP_CPUSSV2)
 526:.\Generated_Source\PSoC4/Cm0Start.c ****         /***********************************************************************
 527:.\Generated_Source\PSoC4/Cm0Start.c ****         * Make sure that Vector Table is located at 0000_0000 in Flash, before
 528:.\Generated_Source\PSoC4/Cm0Start.c ****         * accessing RomVectors or calling functions that may be placed in
 529:.\Generated_Source\PSoC4/Cm0Start.c ****         * .psocinit (cyfitter_cfg and ClockSetup). Note The CY_CPUSS_CONFIG_REG
 530:.\Generated_Source\PSoC4/Cm0Start.c ****         * register is retention for the specified device family.
 531:.\Generated_Source\PSoC4/Cm0Start.c ****         ***********************************************************************/
 532:.\Generated_Source\PSoC4/Cm0Start.c ****         CY_CPUSS_CONFIG_REG &= (uint32) ~CY_CPUSS_CONFIG_VECT_IN_RAM;
 533:.\Generated_Source\PSoC4/Cm0Start.c ****     #endif  /* (CY_IP_CPUSSV2) */
 534:.\Generated_Source\PSoC4/Cm0Start.c **** 
 535:.\Generated_Source\PSoC4/Cm0Start.c ****     /* Set Ram interrupt vectors to default functions. */
 536:.\Generated_Source\PSoC4/Cm0Start.c ****     for (indexInit = 0u; indexInit < CY_NUM_VECTORS; indexInit++)
 346              		.loc 1 536 0
 347 0006 0023     		mov	r3, #0
 348 0008 7B60     		str	r3, [r7, #4]
 349 000a 0FE0     		b	.L25
 350              	.L28:
 537:.\Generated_Source\PSoC4/Cm0Start.c ****     {
 538:.\Generated_Source\PSoC4/Cm0Start.c ****         CyRamVectors[indexInit] = (indexInit < CY_NUM_ROM_VECTORS) ?
 539:.\Generated_Source\PSoC4/Cm0Start.c ****             #if defined (__ICCARM__)
 540:.\Generated_Source\PSoC4/Cm0Start.c ****                 __vector_table[indexInit].__fun : &IntDefaultHandler;
 541:.\Generated_Source\PSoC4/Cm0Start.c ****             #else
 542:.\Generated_Source\PSoC4/Cm0Start.c ****                 RomVectors[indexInit] : &IntDefaultHandler;
 351              		.loc 1 542 0
 352 000c 7B68     		ldr	r3, [r7, #4]
 353 000e 032B     		cmp	r3, #3
 354 0010 04D8     		bhi	.L26
 355              		.loc 1 542 0 is_stmt 0 discriminator 1
 356 0012 134B     		ldr	r3, .L30
 357 0014 7A68     		ldr	r2, [r7, #4]
 358 0016 9200     		lsl	r2, r2, #2
 359 0018 D358     		ldr	r3, [r2, r3]
 360 001a 00E0     		b	.L27
ARM GAS  C:\Users\LUKASC~1\AppData\Local\Temp\ccpbTZzS.s 			page 17


 361              	.L26:
 362              		.loc 1 542 0 discriminator 2
 363 001c 114B     		ldr	r3, .L30+4
 364              	.L27:
 538:.\Generated_Source\PSoC4/Cm0Start.c ****             #if defined (__ICCARM__)
 365              		.loc 1 538 0 is_stmt 1 discriminator 2
 366 001e 124A     		ldr	r2, .L30+8
 367 0020 7968     		ldr	r1, [r7, #4]
 368 0022 8900     		lsl	r1, r1, #2
 369 0024 8B50     		str	r3, [r1, r2]
 536:.\Generated_Source\PSoC4/Cm0Start.c ****     {
 370              		.loc 1 536 0 discriminator 2
 371 0026 7B68     		ldr	r3, [r7, #4]
 372 0028 0133     		add	r3, r3, #1
 373 002a 7B60     		str	r3, [r7, #4]
 374              	.L25:
 536:.\Generated_Source\PSoC4/Cm0Start.c ****     {
 375              		.loc 1 536 0 is_stmt 0 discriminator 1
 376 002c 7B68     		ldr	r3, [r7, #4]
 377 002e 2F2B     		cmp	r3, #47
 378 0030 ECD9     		bls	.L28
 543:.\Generated_Source\PSoC4/Cm0Start.c ****             #endif  /* defined (__ICCARM__) */
 544:.\Generated_Source\PSoC4/Cm0Start.c ****     }
 545:.\Generated_Source\PSoC4/Cm0Start.c **** 
 546:.\Generated_Source\PSoC4/Cm0Start.c ****     /* Initialize configuration registers. */
 547:.\Generated_Source\PSoC4/Cm0Start.c ****     cyfitter_cfg();
 379              		.loc 1 547 0 is_stmt 1
 380 0032 FFF7FEFF 		bl	cyfitter_cfg
 548:.\Generated_Source\PSoC4/Cm0Start.c **** 
 549:.\Generated_Source\PSoC4/Cm0Start.c ****     #if !defined (__ICCARM__)
 550:.\Generated_Source\PSoC4/Cm0Start.c ****         /* Actually, no need to clean this variable, just to make compiler happy. */
 551:.\Generated_Source\PSoC4/Cm0Start.c ****         cySysNoInitDataValid = 0u;
 381              		.loc 1 551 0
 382 0036 0D4B     		ldr	r3, .L30+12
 383 0038 0022     		mov	r2, #0
 384 003a 1A60     		str	r2, [r3]
 552:.\Generated_Source\PSoC4/Cm0Start.c ****     #endif  /* !defined (__ICCARM__) */
 553:.\Generated_Source\PSoC4/Cm0Start.c **** 
 554:.\Generated_Source\PSoC4/Cm0Start.c ****     #if (CYDEV_PROJ_TYPE != CYDEV_PROJ_TYPE_STANDARD)
 555:.\Generated_Source\PSoC4/Cm0Start.c **** 
 556:.\Generated_Source\PSoC4/Cm0Start.c ****         /* Need to make sure that this variable will not be optimized out */
 557:.\Generated_Source\PSoC4/Cm0Start.c ****         if (0u == cyBtldrRunType)
 385              		.loc 1 557 0
 386 003c 0C4B     		ldr	r3, .L30+16
 387 003e 1B68     		ldr	r3, [r3]
 388 0040 002B     		cmp	r3, #0
 389 0042 02D1     		bne	.L29
 558:.\Generated_Source\PSoC4/Cm0Start.c ****         {
 559:.\Generated_Source\PSoC4/Cm0Start.c ****             cyBtldrRunType = 0u;
 390              		.loc 1 559 0
 391 0044 0A4B     		ldr	r3, .L30+16
 392 0046 0022     		mov	r2, #0
 393 0048 1A60     		str	r2, [r3]
 394              	.L29:
 560:.\Generated_Source\PSoC4/Cm0Start.c ****         }
 561:.\Generated_Source\PSoC4/Cm0Start.c **** 
 562:.\Generated_Source\PSoC4/Cm0Start.c ****     #endif  /* (CYDEV_PROJ_TYPE != CYDEV_PROJ_TYPE_STANDARD) */
ARM GAS  C:\Users\LUKASC~1\AppData\Local\Temp\ccpbTZzS.s 			page 18


 563:.\Generated_Source\PSoC4/Cm0Start.c **** 
 564:.\Generated_Source\PSoC4/Cm0Start.c ****     /* Vector Table is located at 0x2000:0000 in SRAM */
 565:.\Generated_Source\PSoC4/Cm0Start.c ****     CY_CPUSS_CONFIG_REG |= CY_CPUSS_CONFIG_VECT_IN_RAM;
 395              		.loc 1 565 0
 396 004a 8023     		mov	r3, #128
 397 004c DB05     		lsl	r3, r3, #23
 398 004e 8022     		mov	r2, #128
 399 0050 D205     		lsl	r2, r2, #23
 400 0052 1268     		ldr	r2, [r2]
 401 0054 0121     		mov	r1, #1
 402 0056 0A43     		orr	r2, r1
 403 0058 1A60     		str	r2, [r3]
 566:.\Generated_Source\PSoC4/Cm0Start.c **** }
 404              		.loc 1 566 0
 405 005a BD46     		mov	sp, r7
 406 005c 02B0     		add	sp, sp, #8
 407              		@ sp needed
 408 005e 80BD     		pop	{r7, pc}
 409              	.L31:
 410              		.align	2
 411              	.L30:
 412 0060 00000000 		.word	RomVectors
 413 0064 00000000 		.word	IntDefaultHandler
 414 0068 00000000 		.word	CyRamVectors
 415 006c 00000000 		.word	cySysNoInitDataValid
 416 0070 00000000 		.word	cyBtldrRunType
 417              		.cfi_endproc
 418              	.LFE5:
 419              		.size	initialize_psoc, .-initialize_psoc
 420              		.section	.init_array,"aw",%init_array
 421              		.align	2
 422 0000 00000000 		.word	initialize_psoc(target1)
 423              		.data
 424              		.align	2
 425              		.type	heapPointer.4716, %object
 426              		.size	heapPointer.4716, 4
 427              	heapPointer.4716:
 428 0000 00000000 		.word	end
 429              		.weak	__cy_region_num
 430              		.text
 431              	.Letext0:
 432              		.file 2 ".\\Generated_Source\\PSoC4\\cytypes.h"
 433              		.file 3 "c:\\program files (x86)\\cypress\\psoc creator\\3.3\\psoc creator\\import\\gnu\\arm\\4.9.
 434              		.section	.debug_info,"",%progbits
 435              	.Ldebug_info0:
 436 0000 0F030000 		.4byte	0x30f
 437 0004 0400     		.2byte	0x4
 438 0006 00000000 		.4byte	.Ldebug_abbrev0
 439 000a 04       		.byte	0x4
 440 000b 01       		.uleb128 0x1
 441 000c 06000000 		.4byte	.LASF43
 442 0010 01       		.byte	0x1
 443 0011 8A020000 		.4byte	.LASF44
 444 0015 C5010000 		.4byte	.LASF45
 445 0019 00000000 		.4byte	.Ldebug_ranges0+0
 446 001d 00000000 		.4byte	0
 447 0021 00000000 		.4byte	.Ldebug_line0
ARM GAS  C:\Users\LUKASC~1\AppData\Local\Temp\ccpbTZzS.s 			page 19


 448 0025 02       		.uleb128 0x2
 449 0026 01       		.byte	0x1
 450 0027 06       		.byte	0x6
 451 0028 C1020000 		.4byte	.LASF0
 452 002c 02       		.uleb128 0x2
 453 002d 01       		.byte	0x1
 454 002e 08       		.byte	0x8
 455 002f 0B010000 		.4byte	.LASF1
 456 0033 02       		.uleb128 0x2
 457 0034 02       		.byte	0x2
 458 0035 05       		.byte	0x5
 459 0036 AE020000 		.4byte	.LASF2
 460 003a 02       		.uleb128 0x2
 461 003b 02       		.byte	0x2
 462 003c 07       		.byte	0x7
 463 003d C2000000 		.4byte	.LASF3
 464 0041 02       		.uleb128 0x2
 465 0042 04       		.byte	0x4
 466 0043 05       		.byte	0x5
 467 0044 B8020000 		.4byte	.LASF4
 468 0048 02       		.uleb128 0x2
 469 0049 04       		.byte	0x4
 470 004a 07       		.byte	0x7
 471 004b 30010000 		.4byte	.LASF5
 472 004f 02       		.uleb128 0x2
 473 0050 08       		.byte	0x8
 474 0051 05       		.byte	0x5
 475 0052 77020000 		.4byte	.LASF6
 476 0056 02       		.uleb128 0x2
 477 0057 08       		.byte	0x8
 478 0058 07       		.byte	0x7
 479 0059 29020000 		.4byte	.LASF7
 480 005d 03       		.uleb128 0x3
 481 005e 04       		.byte	0x4
 482 005f 05       		.byte	0x5
 483 0060 696E7400 		.ascii	"int\000"
 484 0064 02       		.uleb128 0x2
 485 0065 04       		.byte	0x4
 486 0066 07       		.byte	0x7
 487 0067 B8010000 		.4byte	.LASF8
 488 006b 04       		.uleb128 0x4
 489 006c 57010000 		.4byte	.LASF9
 490 0070 02       		.byte	0x2
 491 0071 3801     		.2byte	0x138
 492 0073 2C000000 		.4byte	0x2c
 493 0077 04       		.uleb128 0x4
 494 0078 A7010000 		.4byte	.LASF10
 495 007c 02       		.byte	0x2
 496 007d 3A01     		.2byte	0x13a
 497 007f 48000000 		.4byte	0x48
 498 0083 02       		.uleb128 0x2
 499 0084 04       		.byte	0x4
 500 0085 04       		.byte	0x4
 501 0086 00010000 		.4byte	.LASF11
 502 008a 02       		.uleb128 0x2
 503 008b 08       		.byte	0x8
 504 008c 04       		.byte	0x4
ARM GAS  C:\Users\LUKASC~1\AppData\Local\Temp\ccpbTZzS.s 			page 20


 505 008d 81010000 		.4byte	.LASF12
 506 0091 02       		.uleb128 0x2
 507 0092 01       		.byte	0x1
 508 0093 08       		.byte	0x8
 509 0094 85020000 		.4byte	.LASF13
 510 0098 04       		.uleb128 0x4
 511 0099 00000000 		.4byte	.LASF14
 512 009d 02       		.byte	0x2
 513 009e E401     		.2byte	0x1e4
 514 00a0 A4000000 		.4byte	0xa4
 515 00a4 05       		.uleb128 0x5
 516 00a5 77000000 		.4byte	0x77
 517 00a9 04       		.uleb128 0x4
 518 00aa 46020000 		.4byte	.LASF15
 519 00ae 02       		.byte	0x2
 520 00af F401     		.2byte	0x1f4
 521 00b1 B5000000 		.4byte	0xb5
 522 00b5 06       		.uleb128 0x6
 523 00b6 04       		.byte	0x4
 524 00b7 BB000000 		.4byte	0xbb
 525 00bb 07       		.uleb128 0x7
 526 00bc 08       		.uleb128 0x8
 527 00bd 94000000 		.4byte	.LASF16
 528 00c1 03       		.byte	0x3
 529 00c2 D4       		.byte	0xd4
 530 00c3 64000000 		.4byte	0x64
 531 00c7 02       		.uleb128 0x2
 532 00c8 04       		.byte	0x4
 533 00c9 07       		.byte	0x7
 534 00ca 6E020000 		.4byte	.LASF17
 535 00ce 09       		.uleb128 0x9
 536 00cf 04       		.byte	0x4
 537 00d0 0A       		.uleb128 0xa
 538 00d1 91000000 		.4byte	0x91
 539 00d5 08       		.uleb128 0x8
 540 00d6 5D020000 		.4byte	.LASF18
 541 00da 01       		.byte	0x1
 542 00db DC       		.byte	0xdc
 543 00dc 2C000000 		.4byte	0x2c
 544 00e0 0B       		.uleb128 0xb
 545 00e1 E9020000 		.4byte	.LASF46
 546 00e5 10       		.byte	0x10
 547 00e6 01       		.byte	0x1
 548 00e7 DE       		.byte	0xde
 549 00e8 1D010000 		.4byte	0x11d
 550 00ec 0C       		.uleb128 0xc
 551 00ed E5000000 		.4byte	.LASF19
 552 00f1 01       		.byte	0x1
 553 00f2 E0       		.byte	0xe0
 554 00f3 1D010000 		.4byte	0x11d
 555 00f7 00       		.byte	0
 556 00f8 0C       		.uleb128 0xc
 557 00f9 06010000 		.4byte	.LASF20
 558 00fd 01       		.byte	0x1
 559 00fe E1       		.byte	0xe1
 560 00ff 1D010000 		.4byte	0x11d
 561 0103 04       		.byte	0x4
ARM GAS  C:\Users\LUKASC~1\AppData\Local\Temp\ccpbTZzS.s 			page 21


 562 0104 0C       		.uleb128 0xc
 563 0105 53020000 		.4byte	.LASF21
 564 0109 01       		.byte	0x1
 565 010a E2       		.byte	0xe2
 566 010b BC000000 		.4byte	0xbc
 567 010f 08       		.byte	0x8
 568 0110 0C       		.uleb128 0xc
 569 0111 F1000000 		.4byte	.LASF22
 570 0115 01       		.byte	0x1
 571 0116 E3       		.byte	0xe3
 572 0117 BC000000 		.4byte	0xbc
 573 011b 0C       		.byte	0xc
 574 011c 00       		.byte	0
 575 011d 06       		.uleb128 0x6
 576 011e 04       		.byte	0x4
 577 011f D5000000 		.4byte	0xd5
 578 0123 0D       		.uleb128 0xd
 579 0124 69010000 		.4byte	.LASF33
 580 0128 01       		.byte	0x1
 581 0129 6F       		.byte	0x6f
 582 012a 00000000 		.4byte	.LFB0
 583 012e 06000000 		.4byte	.LFE0-.LFB0
 584 0132 01       		.uleb128 0x1
 585 0133 9C       		.byte	0x9c
 586 0134 0E       		.uleb128 0xe
 587 0135 63010000 		.4byte	.LASF27
 588 0139 01       		.byte	0x1
 589 013a 0101     		.2byte	0x101
 590 013c 00000000 		.4byte	.LFB1
 591 0140 14000000 		.4byte	.LFE1-.LFB1
 592 0144 01       		.uleb128 0x1
 593 0145 9C       		.byte	0x9c
 594 0146 5A010000 		.4byte	0x15a
 595 014a 0F       		.uleb128 0xf
 596 014b EA000000 		.4byte	.LASF23
 597 014f 01       		.byte	0x1
 598 0150 0101     		.2byte	0x101
 599 0152 5D000000 		.4byte	0x5d
 600 0156 02       		.uleb128 0x2
 601 0157 91       		.byte	0x91
 602 0158 74       		.sleb128 -12
 603 0159 00       		.byte	0
 604 015a 10       		.uleb128 0x10
 605 015b 7B010000 		.4byte	.LASF47
 606 015f 01       		.byte	0x1
 607 0160 2001     		.2byte	0x120
 608 0162 CE000000 		.4byte	0xce
 609 0166 00000000 		.4byte	.LFB2
 610 016a 54000000 		.4byte	.LFE2-.LFB2
 611 016e 01       		.uleb128 0x1
 612 016f 9C       		.byte	0x9c
 613 0170 B1010000 		.4byte	0x1b1
 614 0174 0F       		.uleb128 0xf
 615 0175 E2020000 		.4byte	.LASF24
 616 0179 01       		.byte	0x1
 617 017a 2001     		.2byte	0x120
 618 017c 5D000000 		.4byte	0x5d
ARM GAS  C:\Users\LUKASC~1\AppData\Local\Temp\ccpbTZzS.s 			page 22


 619 0180 02       		.uleb128 0x2
 620 0181 91       		.byte	0x91
 621 0182 6C       		.sleb128 -20
 622 0183 11       		.uleb128 0x11
 623 0184 656E6400 		.ascii	"end\000"
 624 0188 01       		.byte	0x1
 625 0189 2201     		.2byte	0x122
 626 018b 5D000000 		.4byte	0x5d
 627 018f 12       		.uleb128 0x12
 628 0190 19010000 		.4byte	.LASF25
 629 0194 01       		.byte	0x1
 630 0195 2301     		.2byte	0x123
 631 0197 CE000000 		.4byte	0xce
 632 019b 02       		.uleb128 0x2
 633 019c 91       		.byte	0x91
 634 019d 74       		.sleb128 -12
 635 019e 12       		.uleb128 0x12
 636 019f B6000000 		.4byte	.LASF26
 637 01a3 01       		.byte	0x1
 638 01a4 2601     		.2byte	0x126
 639 01a6 CE000000 		.4byte	0xce
 640 01aa 05       		.uleb128 0x5
 641 01ab 03       		.byte	0x3
 642 01ac 00000000 		.4byte	heapPointer.4716
 643 01b0 00       		.byte	0
 644 01b1 0E       		.uleb128 0xe
 645 01b2 A8000000 		.4byte	.LASF28
 646 01b6 01       		.byte	0x1
 647 01b7 4801     		.2byte	0x148
 648 01b9 00000000 		.4byte	.LFB3
 649 01bd 98000000 		.4byte	.LFE3-.LFB3
 650 01c1 01       		.uleb128 0x1
 651 01c2 9C       		.byte	0x9c
 652 01c3 2C020000 		.4byte	0x22c
 653 01c7 12       		.uleb128 0x12
 654 01c8 DA020000 		.4byte	.LASF29
 655 01cc 01       		.byte	0x1
 656 01cd 4D01     		.2byte	0x14d
 657 01cf 64000000 		.4byte	0x64
 658 01d3 02       		.uleb128 0x2
 659 01d4 91       		.byte	0x91
 660 01d5 74       		.sleb128 -12
 661 01d6 12       		.uleb128 0x12
 662 01d7 FB000000 		.4byte	.LASF30
 663 01db 01       		.byte	0x1
 664 01dc 4E01     		.2byte	0x14e
 665 01de 2C020000 		.4byte	0x22c
 666 01e2 02       		.uleb128 0x2
 667 01e3 91       		.byte	0x91
 668 01e4 70       		.sleb128 -16
 669 01e5 13       		.uleb128 0x13
 670 01e6 14000000 		.4byte	.LBB2
 671 01ea 66000000 		.4byte	.LBE2-.LBB2
 672 01ee 14       		.uleb128 0x14
 673 01ef 73726300 		.ascii	"src\000"
 674 01f3 01       		.byte	0x1
 675 01f4 5301     		.2byte	0x153
ARM GAS  C:\Users\LUKASC~1\AppData\Local\Temp\ccpbTZzS.s 			page 23


 676 01f6 37020000 		.4byte	0x237
 677 01fa 02       		.uleb128 0x2
 678 01fb 91       		.byte	0x91
 679 01fc 6C       		.sleb128 -20
 680 01fd 14       		.uleb128 0x14
 681 01fe 64737400 		.ascii	"dst\000"
 682 0202 01       		.byte	0x1
 683 0203 5401     		.2byte	0x154
 684 0205 37020000 		.4byte	0x237
 685 0209 02       		.uleb128 0x2
 686 020a 91       		.byte	0x91
 687 020b 68       		.sleb128 -24
 688 020c 12       		.uleb128 0x12
 689 020d 40020000 		.4byte	.LASF31
 690 0211 01       		.byte	0x1
 691 0212 5501     		.2byte	0x155
 692 0214 64000000 		.4byte	0x64
 693 0218 02       		.uleb128 0x2
 694 0219 91       		.byte	0x91
 695 021a 60       		.sleb128 -32
 696 021b 12       		.uleb128 0x12
 697 021c B0000000 		.4byte	.LASF32
 698 0220 01       		.byte	0x1
 699 0221 5601     		.2byte	0x156
 700 0223 64000000 		.4byte	0x64
 701 0227 02       		.uleb128 0x2
 702 0228 91       		.byte	0x91
 703 0229 64       		.sleb128 -28
 704 022a 00       		.byte	0
 705 022b 00       		.byte	0
 706 022c 06       		.uleb128 0x6
 707 022d 04       		.byte	0x4
 708 022e 32020000 		.4byte	0x232
 709 0232 0A       		.uleb128 0xa
 710 0233 E0000000 		.4byte	0xe0
 711 0237 06       		.uleb128 0x6
 712 0238 04       		.byte	0x4
 713 0239 77000000 		.4byte	0x77
 714 023d 15       		.uleb128 0x15
 715 023e 5D010000 		.4byte	.LASF34
 716 0242 01       		.byte	0x1
 717 0243 8401     		.2byte	0x184
 718 0245 00000000 		.4byte	.LFB4
 719 0249 14000000 		.4byte	.LFE4-.LFB4
 720 024d 01       		.uleb128 0x1
 721 024e 9C       		.byte	0x9c
 722 024f 0E       		.uleb128 0xe
 723 0250 97010000 		.4byte	.LASF35
 724 0254 01       		.byte	0x1
 725 0255 0902     		.2byte	0x209
 726 0257 00000000 		.4byte	.LFB5
 727 025b 74000000 		.4byte	.LFE5-.LFB5
 728 025f 01       		.uleb128 0x1
 729 0260 9C       		.byte	0x9c
 730 0261 75020000 		.4byte	0x275
 731 0265 12       		.uleb128 0x12
 732 0266 AE010000 		.4byte	.LASF36
ARM GAS  C:\Users\LUKASC~1\AppData\Local\Temp\ccpbTZzS.s 			page 24


 733 026a 01       		.byte	0x1
 734 026b 0B02     		.2byte	0x20b
 735 026d 77000000 		.4byte	0x77
 736 0271 02       		.uleb128 0x2
 737 0272 91       		.byte	0x91
 738 0273 74       		.sleb128 -12
 739 0274 00       		.byte	0
 740 0275 16       		.uleb128 0x16
 741 0276 42010000 		.4byte	.LASF37
 742 027a 01       		.byte	0x1
 743 027b 46       		.byte	0x46
 744 027c 77000000 		.4byte	0x77
 745 0280 05       		.uleb128 0x5
 746 0281 03       		.byte	0x3
 747 0282 00000000 		.4byte	cySysNoInitDataValid
 748 0286 11       		.uleb128 0x11
 749 0287 656E6400 		.ascii	"end\000"
 750 028b 01       		.byte	0x1
 751 028c 2201     		.2byte	0x122
 752 028e 5D000000 		.4byte	0x5d
 753 0292 17       		.uleb128 0x17
 754 0293 88010000 		.4byte	.LASF38
 755 0297 01       		.byte	0x1
 756 0298 57       		.byte	0x57
 757 0299 A4000000 		.4byte	0xa4
 758 029d 05       		.uleb128 0x5
 759 029e 03       		.byte	0x3
 760 029f 00000000 		.4byte	cyBtldrRunType
 761 02a3 18       		.uleb128 0x18
 762 02a4 E0000000 		.4byte	0xe0
 763 02a8 AE020000 		.4byte	0x2ae
 764 02ac 19       		.uleb128 0x19
 765 02ad 00       		.byte	0
 766 02ae 1A       		.uleb128 0x1a
 767 02af CD020000 		.4byte	.LASF39
 768 02b3 01       		.byte	0x1
 769 02b4 E6       		.byte	0xe6
 770 02b5 B9020000 		.4byte	0x2b9
 771 02b9 0A       		.uleb128 0xa
 772 02ba A3020000 		.4byte	0x2a3
 773 02be 1A       		.uleb128 0x1a
 774 02bf D5000000 		.4byte	.LASF40
 775 02c3 01       		.byte	0x1
 776 02c4 E7       		.byte	0xe7
 777 02c5 D0000000 		.4byte	0xd0
 778 02c9 18       		.uleb128 0x18
 779 02ca A9000000 		.4byte	0xa9
 780 02ce D9020000 		.4byte	0x2d9
 781 02d2 1B       		.uleb128 0x1b
 782 02d3 C7000000 		.4byte	0xc7
 783 02d7 2F       		.byte	0x2f
 784 02d8 00       		.byte	0
 785 02d9 1C       		.uleb128 0x1c
 786 02da 9B000000 		.4byte	.LASF41
 787 02de 01       		.byte	0x1
 788 02df D201     		.2byte	0x1d2
 789 02e1 C9020000 		.4byte	0x2c9
ARM GAS  C:\Users\LUKASC~1\AppData\Local\Temp\ccpbTZzS.s 			page 25


 790 02e5 05       		.uleb128 0x5
 791 02e6 03       		.byte	0x3
 792 02e7 00000000 		.4byte	CyRamVectors
 793 02eb 18       		.uleb128 0x18
 794 02ec A9000000 		.4byte	0xa9
 795 02f0 FB020000 		.4byte	0x2fb
 796 02f4 1B       		.uleb128 0x1b
 797 02f5 C7000000 		.4byte	0xc7
 798 02f9 03       		.byte	0x3
 799 02fa 00       		.byte	0
 800 02fb 1C       		.uleb128 0x1c
 801 02fc 25010000 		.4byte	.LASF42
 802 0300 01       		.byte	0x1
 803 0301 E601     		.2byte	0x1e6
 804 0303 0D030000 		.4byte	0x30d
 805 0307 05       		.uleb128 0x5
 806 0308 03       		.byte	0x3
 807 0309 00000000 		.4byte	RomVectors
 808 030d 0A       		.uleb128 0xa
 809 030e EB020000 		.4byte	0x2eb
 810 0312 00       		.byte	0
 811              		.section	.debug_abbrev,"",%progbits
 812              	.Ldebug_abbrev0:
 813 0000 01       		.uleb128 0x1
 814 0001 11       		.uleb128 0x11
 815 0002 01       		.byte	0x1
 816 0003 25       		.uleb128 0x25
 817 0004 0E       		.uleb128 0xe
 818 0005 13       		.uleb128 0x13
 819 0006 0B       		.uleb128 0xb
 820 0007 03       		.uleb128 0x3
 821 0008 0E       		.uleb128 0xe
 822 0009 1B       		.uleb128 0x1b
 823 000a 0E       		.uleb128 0xe
 824 000b 55       		.uleb128 0x55
 825 000c 17       		.uleb128 0x17
 826 000d 11       		.uleb128 0x11
 827 000e 01       		.uleb128 0x1
 828 000f 10       		.uleb128 0x10
 829 0010 17       		.uleb128 0x17
 830 0011 00       		.byte	0
 831 0012 00       		.byte	0
 832 0013 02       		.uleb128 0x2
 833 0014 24       		.uleb128 0x24
 834 0015 00       		.byte	0
 835 0016 0B       		.uleb128 0xb
 836 0017 0B       		.uleb128 0xb
 837 0018 3E       		.uleb128 0x3e
 838 0019 0B       		.uleb128 0xb
 839 001a 03       		.uleb128 0x3
 840 001b 0E       		.uleb128 0xe
 841 001c 00       		.byte	0
 842 001d 00       		.byte	0
 843 001e 03       		.uleb128 0x3
 844 001f 24       		.uleb128 0x24
 845 0020 00       		.byte	0
 846 0021 0B       		.uleb128 0xb
ARM GAS  C:\Users\LUKASC~1\AppData\Local\Temp\ccpbTZzS.s 			page 26


 847 0022 0B       		.uleb128 0xb
 848 0023 3E       		.uleb128 0x3e
 849 0024 0B       		.uleb128 0xb
 850 0025 03       		.uleb128 0x3
 851 0026 08       		.uleb128 0x8
 852 0027 00       		.byte	0
 853 0028 00       		.byte	0
 854 0029 04       		.uleb128 0x4
 855 002a 16       		.uleb128 0x16
 856 002b 00       		.byte	0
 857 002c 03       		.uleb128 0x3
 858 002d 0E       		.uleb128 0xe
 859 002e 3A       		.uleb128 0x3a
 860 002f 0B       		.uleb128 0xb
 861 0030 3B       		.uleb128 0x3b
 862 0031 05       		.uleb128 0x5
 863 0032 49       		.uleb128 0x49
 864 0033 13       		.uleb128 0x13
 865 0034 00       		.byte	0
 866 0035 00       		.byte	0
 867 0036 05       		.uleb128 0x5
 868 0037 35       		.uleb128 0x35
 869 0038 00       		.byte	0
 870 0039 49       		.uleb128 0x49
 871 003a 13       		.uleb128 0x13
 872 003b 00       		.byte	0
 873 003c 00       		.byte	0
 874 003d 06       		.uleb128 0x6
 875 003e 0F       		.uleb128 0xf
 876 003f 00       		.byte	0
 877 0040 0B       		.uleb128 0xb
 878 0041 0B       		.uleb128 0xb
 879 0042 49       		.uleb128 0x49
 880 0043 13       		.uleb128 0x13
 881 0044 00       		.byte	0
 882 0045 00       		.byte	0
 883 0046 07       		.uleb128 0x7
 884 0047 15       		.uleb128 0x15
 885 0048 00       		.byte	0
 886 0049 27       		.uleb128 0x27
 887 004a 19       		.uleb128 0x19
 888 004b 00       		.byte	0
 889 004c 00       		.byte	0
 890 004d 08       		.uleb128 0x8
 891 004e 16       		.uleb128 0x16
 892 004f 00       		.byte	0
 893 0050 03       		.uleb128 0x3
 894 0051 0E       		.uleb128 0xe
 895 0052 3A       		.uleb128 0x3a
 896 0053 0B       		.uleb128 0xb
 897 0054 3B       		.uleb128 0x3b
 898 0055 0B       		.uleb128 0xb
 899 0056 49       		.uleb128 0x49
 900 0057 13       		.uleb128 0x13
 901 0058 00       		.byte	0
 902 0059 00       		.byte	0
 903 005a 09       		.uleb128 0x9
ARM GAS  C:\Users\LUKASC~1\AppData\Local\Temp\ccpbTZzS.s 			page 27


 904 005b 0F       		.uleb128 0xf
 905 005c 00       		.byte	0
 906 005d 0B       		.uleb128 0xb
 907 005e 0B       		.uleb128 0xb
 908 005f 00       		.byte	0
 909 0060 00       		.byte	0
 910 0061 0A       		.uleb128 0xa
 911 0062 26       		.uleb128 0x26
 912 0063 00       		.byte	0
 913 0064 49       		.uleb128 0x49
 914 0065 13       		.uleb128 0x13
 915 0066 00       		.byte	0
 916 0067 00       		.byte	0
 917 0068 0B       		.uleb128 0xb
 918 0069 13       		.uleb128 0x13
 919 006a 01       		.byte	0x1
 920 006b 03       		.uleb128 0x3
 921 006c 0E       		.uleb128 0xe
 922 006d 0B       		.uleb128 0xb
 923 006e 0B       		.uleb128 0xb
 924 006f 3A       		.uleb128 0x3a
 925 0070 0B       		.uleb128 0xb
 926 0071 3B       		.uleb128 0x3b
 927 0072 0B       		.uleb128 0xb
 928 0073 01       		.uleb128 0x1
 929 0074 13       		.uleb128 0x13
 930 0075 00       		.byte	0
 931 0076 00       		.byte	0
 932 0077 0C       		.uleb128 0xc
 933 0078 0D       		.uleb128 0xd
 934 0079 00       		.byte	0
 935 007a 03       		.uleb128 0x3
 936 007b 0E       		.uleb128 0xe
 937 007c 3A       		.uleb128 0x3a
 938 007d 0B       		.uleb128 0xb
 939 007e 3B       		.uleb128 0x3b
 940 007f 0B       		.uleb128 0xb
 941 0080 49       		.uleb128 0x49
 942 0081 13       		.uleb128 0x13
 943 0082 38       		.uleb128 0x38
 944 0083 0B       		.uleb128 0xb
 945 0084 00       		.byte	0
 946 0085 00       		.byte	0
 947 0086 0D       		.uleb128 0xd
 948 0087 2E       		.uleb128 0x2e
 949 0088 00       		.byte	0
 950 0089 3F       		.uleb128 0x3f
 951 008a 19       		.uleb128 0x19
 952 008b 03       		.uleb128 0x3
 953 008c 0E       		.uleb128 0xe
 954 008d 3A       		.uleb128 0x3a
 955 008e 0B       		.uleb128 0xb
 956 008f 3B       		.uleb128 0x3b
 957 0090 0B       		.uleb128 0xb
 958 0091 27       		.uleb128 0x27
 959 0092 19       		.uleb128 0x19
 960 0093 11       		.uleb128 0x11
ARM GAS  C:\Users\LUKASC~1\AppData\Local\Temp\ccpbTZzS.s 			page 28


 961 0094 01       		.uleb128 0x1
 962 0095 12       		.uleb128 0x12
 963 0096 06       		.uleb128 0x6
 964 0097 40       		.uleb128 0x40
 965 0098 18       		.uleb128 0x18
 966 0099 9742     		.uleb128 0x2117
 967 009b 19       		.uleb128 0x19
 968 009c 00       		.byte	0
 969 009d 00       		.byte	0
 970 009e 0E       		.uleb128 0xe
 971 009f 2E       		.uleb128 0x2e
 972 00a0 01       		.byte	0x1
 973 00a1 3F       		.uleb128 0x3f
 974 00a2 19       		.uleb128 0x19
 975 00a3 03       		.uleb128 0x3
 976 00a4 0E       		.uleb128 0xe
 977 00a5 3A       		.uleb128 0x3a
 978 00a6 0B       		.uleb128 0xb
 979 00a7 3B       		.uleb128 0x3b
 980 00a8 05       		.uleb128 0x5
 981 00a9 27       		.uleb128 0x27
 982 00aa 19       		.uleb128 0x19
 983 00ab 11       		.uleb128 0x11
 984 00ac 01       		.uleb128 0x1
 985 00ad 12       		.uleb128 0x12
 986 00ae 06       		.uleb128 0x6
 987 00af 40       		.uleb128 0x40
 988 00b0 18       		.uleb128 0x18
 989 00b1 9642     		.uleb128 0x2116
 990 00b3 19       		.uleb128 0x19
 991 00b4 01       		.uleb128 0x1
 992 00b5 13       		.uleb128 0x13
 993 00b6 00       		.byte	0
 994 00b7 00       		.byte	0
 995 00b8 0F       		.uleb128 0xf
 996 00b9 05       		.uleb128 0x5
 997 00ba 00       		.byte	0
 998 00bb 03       		.uleb128 0x3
 999 00bc 0E       		.uleb128 0xe
 1000 00bd 3A       		.uleb128 0x3a
 1001 00be 0B       		.uleb128 0xb
 1002 00bf 3B       		.uleb128 0x3b
 1003 00c0 05       		.uleb128 0x5
 1004 00c1 49       		.uleb128 0x49
 1005 00c2 13       		.uleb128 0x13
 1006 00c3 02       		.uleb128 0x2
 1007 00c4 18       		.uleb128 0x18
 1008 00c5 00       		.byte	0
 1009 00c6 00       		.byte	0
 1010 00c7 10       		.uleb128 0x10
 1011 00c8 2E       		.uleb128 0x2e
 1012 00c9 01       		.byte	0x1
 1013 00ca 3F       		.uleb128 0x3f
 1014 00cb 19       		.uleb128 0x19
 1015 00cc 03       		.uleb128 0x3
 1016 00cd 0E       		.uleb128 0xe
 1017 00ce 3A       		.uleb128 0x3a
ARM GAS  C:\Users\LUKASC~1\AppData\Local\Temp\ccpbTZzS.s 			page 29


 1018 00cf 0B       		.uleb128 0xb
 1019 00d0 3B       		.uleb128 0x3b
 1020 00d1 05       		.uleb128 0x5
 1021 00d2 27       		.uleb128 0x27
 1022 00d3 19       		.uleb128 0x19
 1023 00d4 49       		.uleb128 0x49
 1024 00d5 13       		.uleb128 0x13
 1025 00d6 11       		.uleb128 0x11
 1026 00d7 01       		.uleb128 0x1
 1027 00d8 12       		.uleb128 0x12
 1028 00d9 06       		.uleb128 0x6
 1029 00da 40       		.uleb128 0x40
 1030 00db 18       		.uleb128 0x18
 1031 00dc 9642     		.uleb128 0x2116
 1032 00de 19       		.uleb128 0x19
 1033 00df 01       		.uleb128 0x1
 1034 00e0 13       		.uleb128 0x13
 1035 00e1 00       		.byte	0
 1036 00e2 00       		.byte	0
 1037 00e3 11       		.uleb128 0x11
 1038 00e4 34       		.uleb128 0x34
 1039 00e5 00       		.byte	0
 1040 00e6 03       		.uleb128 0x3
 1041 00e7 08       		.uleb128 0x8
 1042 00e8 3A       		.uleb128 0x3a
 1043 00e9 0B       		.uleb128 0xb
 1044 00ea 3B       		.uleb128 0x3b
 1045 00eb 05       		.uleb128 0x5
 1046 00ec 49       		.uleb128 0x49
 1047 00ed 13       		.uleb128 0x13
 1048 00ee 3F       		.uleb128 0x3f
 1049 00ef 19       		.uleb128 0x19
 1050 00f0 3C       		.uleb128 0x3c
 1051 00f1 19       		.uleb128 0x19
 1052 00f2 00       		.byte	0
 1053 00f3 00       		.byte	0
 1054 00f4 12       		.uleb128 0x12
 1055 00f5 34       		.uleb128 0x34
 1056 00f6 00       		.byte	0
 1057 00f7 03       		.uleb128 0x3
 1058 00f8 0E       		.uleb128 0xe
 1059 00f9 3A       		.uleb128 0x3a
 1060 00fa 0B       		.uleb128 0xb
 1061 00fb 3B       		.uleb128 0x3b
 1062 00fc 05       		.uleb128 0x5
 1063 00fd 49       		.uleb128 0x49
 1064 00fe 13       		.uleb128 0x13
 1065 00ff 02       		.uleb128 0x2
 1066 0100 18       		.uleb128 0x18
 1067 0101 00       		.byte	0
 1068 0102 00       		.byte	0
 1069 0103 13       		.uleb128 0x13
 1070 0104 0B       		.uleb128 0xb
 1071 0105 01       		.byte	0x1
 1072 0106 11       		.uleb128 0x11
 1073 0107 01       		.uleb128 0x1
 1074 0108 12       		.uleb128 0x12
ARM GAS  C:\Users\LUKASC~1\AppData\Local\Temp\ccpbTZzS.s 			page 30


 1075 0109 06       		.uleb128 0x6
 1076 010a 00       		.byte	0
 1077 010b 00       		.byte	0
 1078 010c 14       		.uleb128 0x14
 1079 010d 34       		.uleb128 0x34
 1080 010e 00       		.byte	0
 1081 010f 03       		.uleb128 0x3
 1082 0110 08       		.uleb128 0x8
 1083 0111 3A       		.uleb128 0x3a
 1084 0112 0B       		.uleb128 0xb
 1085 0113 3B       		.uleb128 0x3b
 1086 0114 05       		.uleb128 0x5
 1087 0115 49       		.uleb128 0x49
 1088 0116 13       		.uleb128 0x13
 1089 0117 02       		.uleb128 0x2
 1090 0118 18       		.uleb128 0x18
 1091 0119 00       		.byte	0
 1092 011a 00       		.byte	0
 1093 011b 15       		.uleb128 0x15
 1094 011c 2E       		.uleb128 0x2e
 1095 011d 00       		.byte	0
 1096 011e 3F       		.uleb128 0x3f
 1097 011f 19       		.uleb128 0x19
 1098 0120 03       		.uleb128 0x3
 1099 0121 0E       		.uleb128 0xe
 1100 0122 3A       		.uleb128 0x3a
 1101 0123 0B       		.uleb128 0xb
 1102 0124 3B       		.uleb128 0x3b
 1103 0125 05       		.uleb128 0x5
 1104 0126 27       		.uleb128 0x27
 1105 0127 19       		.uleb128 0x19
 1106 0128 11       		.uleb128 0x11
 1107 0129 01       		.uleb128 0x1
 1108 012a 12       		.uleb128 0x12
 1109 012b 06       		.uleb128 0x6
 1110 012c 40       		.uleb128 0x40
 1111 012d 18       		.uleb128 0x18
 1112 012e 9642     		.uleb128 0x2116
 1113 0130 19       		.uleb128 0x19
 1114 0131 00       		.byte	0
 1115 0132 00       		.byte	0
 1116 0133 16       		.uleb128 0x16
 1117 0134 34       		.uleb128 0x34
 1118 0135 00       		.byte	0
 1119 0136 03       		.uleb128 0x3
 1120 0137 0E       		.uleb128 0xe
 1121 0138 3A       		.uleb128 0x3a
 1122 0139 0B       		.uleb128 0xb
 1123 013a 3B       		.uleb128 0x3b
 1124 013b 0B       		.uleb128 0xb
 1125 013c 49       		.uleb128 0x49
 1126 013d 13       		.uleb128 0x13
 1127 013e 02       		.uleb128 0x2
 1128 013f 18       		.uleb128 0x18
 1129 0140 00       		.byte	0
 1130 0141 00       		.byte	0
 1131 0142 17       		.uleb128 0x17
ARM GAS  C:\Users\LUKASC~1\AppData\Local\Temp\ccpbTZzS.s 			page 31


 1132 0143 34       		.uleb128 0x34
 1133 0144 00       		.byte	0
 1134 0145 03       		.uleb128 0x3
 1135 0146 0E       		.uleb128 0xe
 1136 0147 3A       		.uleb128 0x3a
 1137 0148 0B       		.uleb128 0xb
 1138 0149 3B       		.uleb128 0x3b
 1139 014a 0B       		.uleb128 0xb
 1140 014b 49       		.uleb128 0x49
 1141 014c 13       		.uleb128 0x13
 1142 014d 3F       		.uleb128 0x3f
 1143 014e 19       		.uleb128 0x19
 1144 014f 02       		.uleb128 0x2
 1145 0150 18       		.uleb128 0x18
 1146 0151 00       		.byte	0
 1147 0152 00       		.byte	0
 1148 0153 18       		.uleb128 0x18
 1149 0154 01       		.uleb128 0x1
 1150 0155 01       		.byte	0x1
 1151 0156 49       		.uleb128 0x49
 1152 0157 13       		.uleb128 0x13
 1153 0158 01       		.uleb128 0x1
 1154 0159 13       		.uleb128 0x13
 1155 015a 00       		.byte	0
 1156 015b 00       		.byte	0
 1157 015c 19       		.uleb128 0x19
 1158 015d 21       		.uleb128 0x21
 1159 015e 00       		.byte	0
 1160 015f 00       		.byte	0
 1161 0160 00       		.byte	0
 1162 0161 1A       		.uleb128 0x1a
 1163 0162 34       		.uleb128 0x34
 1164 0163 00       		.byte	0
 1165 0164 03       		.uleb128 0x3
 1166 0165 0E       		.uleb128 0xe
 1167 0166 3A       		.uleb128 0x3a
 1168 0167 0B       		.uleb128 0xb
 1169 0168 3B       		.uleb128 0x3b
 1170 0169 0B       		.uleb128 0xb
 1171 016a 49       		.uleb128 0x49
 1172 016b 13       		.uleb128 0x13
 1173 016c 3F       		.uleb128 0x3f
 1174 016d 19       		.uleb128 0x19
 1175 016e 3C       		.uleb128 0x3c
 1176 016f 19       		.uleb128 0x19
 1177 0170 00       		.byte	0
 1178 0171 00       		.byte	0
 1179 0172 1B       		.uleb128 0x1b
 1180 0173 21       		.uleb128 0x21
 1181 0174 00       		.byte	0
 1182 0175 49       		.uleb128 0x49
 1183 0176 13       		.uleb128 0x13
 1184 0177 2F       		.uleb128 0x2f
 1185 0178 0B       		.uleb128 0xb
 1186 0179 00       		.byte	0
 1187 017a 00       		.byte	0
 1188 017b 1C       		.uleb128 0x1c
ARM GAS  C:\Users\LUKASC~1\AppData\Local\Temp\ccpbTZzS.s 			page 32


 1189 017c 34       		.uleb128 0x34
 1190 017d 00       		.byte	0
 1191 017e 03       		.uleb128 0x3
 1192 017f 0E       		.uleb128 0xe
 1193 0180 3A       		.uleb128 0x3a
 1194 0181 0B       		.uleb128 0xb
 1195 0182 3B       		.uleb128 0x3b
 1196 0183 05       		.uleb128 0x5
 1197 0184 49       		.uleb128 0x49
 1198 0185 13       		.uleb128 0x13
 1199 0186 3F       		.uleb128 0x3f
 1200 0187 19       		.uleb128 0x19
 1201 0188 02       		.uleb128 0x2
 1202 0189 18       		.uleb128 0x18
 1203 018a 00       		.byte	0
 1204 018b 00       		.byte	0
 1205 018c 00       		.byte	0
 1206              		.section	.debug_aranges,"",%progbits
 1207 0000 44000000 		.4byte	0x44
 1208 0004 0200     		.2byte	0x2
 1209 0006 00000000 		.4byte	.Ldebug_info0
 1210 000a 04       		.byte	0x4
 1211 000b 00       		.byte	0
 1212 000c 0000     		.2byte	0
 1213 000e 0000     		.2byte	0
 1214 0010 00000000 		.4byte	.LFB0
 1215 0014 06000000 		.4byte	.LFE0-.LFB0
 1216 0018 00000000 		.4byte	.LFB1
 1217 001c 14000000 		.4byte	.LFE1-.LFB1
 1218 0020 00000000 		.4byte	.LFB2
 1219 0024 54000000 		.4byte	.LFE2-.LFB2
 1220 0028 00000000 		.4byte	.LFB3
 1221 002c 98000000 		.4byte	.LFE3-.LFB3
 1222 0030 00000000 		.4byte	.LFB4
 1223 0034 14000000 		.4byte	.LFE4-.LFB4
 1224 0038 00000000 		.4byte	.LFB5
 1225 003c 74000000 		.4byte	.LFE5-.LFB5
 1226 0040 00000000 		.4byte	0
 1227 0044 00000000 		.4byte	0
 1228              		.section	.debug_ranges,"",%progbits
 1229              	.Ldebug_ranges0:
 1230 0000 00000000 		.4byte	.LFB0
 1231 0004 06000000 		.4byte	.LFE0
 1232 0008 00000000 		.4byte	.LFB1
 1233 000c 14000000 		.4byte	.LFE1
 1234 0010 00000000 		.4byte	.LFB2
 1235 0014 54000000 		.4byte	.LFE2
 1236 0018 00000000 		.4byte	.LFB3
 1237 001c 98000000 		.4byte	.LFE3
 1238 0020 00000000 		.4byte	.LFB4
 1239 0024 14000000 		.4byte	.LFE4
 1240 0028 00000000 		.4byte	.LFB5
 1241 002c 74000000 		.4byte	.LFE5
 1242 0030 00000000 		.4byte	0
 1243 0034 00000000 		.4byte	0
 1244              		.section	.debug_line,"",%progbits
 1245              	.Ldebug_line0:
ARM GAS  C:\Users\LUKASC~1\AppData\Local\Temp\ccpbTZzS.s 			page 33


 1246 0000 C6010000 		.section	.debug_str,"MS",%progbits,1
 1246      0200C900 
 1246      00000201 
 1246      FB0E0D00 
 1246      01010101 
 1247              	.LASF14:
 1248 0000 72656733 		.ascii	"reg32\000"
 1248      3200
 1249              	.LASF43:
 1250 0006 474E5520 		.ascii	"GNU C 4.9.3 20150303 (release) [ARM/embedded-4_9-br"
 1250      4320342E 
 1250      392E3320 
 1250      32303135 
 1250      30333033 
 1251 0039 616E6368 		.ascii	"anch revision 221220] -mcpu=cortex-m0 -mthumb -g -O"
 1251      20726576 
 1251      6973696F 
 1251      6E203232 
 1251      31323230 
 1252 006c 30202D66 		.ascii	"0 -ffunction-sections -ffat-lto-objects\000"
 1252      66756E63 
 1252      74696F6E 
 1252      2D736563 
 1252      74696F6E 
 1253              	.LASF16:
 1254 0094 73697A65 		.ascii	"size_t\000"
 1254      5F7400
 1255              	.LASF41:
 1256 009b 43795261 		.ascii	"CyRamVectors\000"
 1256      6D566563 
 1256      746F7273 
 1256      00
 1257              	.LASF28:
 1258 00a8 53746172 		.ascii	"Start_c\000"
 1258      745F6300 
 1259              	.LASF32:
 1260 00b0 636F756E 		.ascii	"count\000"
 1260      7400
 1261              	.LASF26:
 1262 00b6 68656170 		.ascii	"heapPointer\000"
 1262      506F696E 
 1262      74657200 
 1263              	.LASF3:
 1264 00c2 73686F72 		.ascii	"short unsigned int\000"
 1264      7420756E 
 1264      7369676E 
 1264      65642069 
 1264      6E7400
 1265              	.LASF40:
 1266 00d5 5F5F6379 		.ascii	"__cy_region_num\000"
 1266      5F726567 
 1266      696F6E5F 
 1266      6E756D00 
 1267              	.LASF19:
 1268 00e5 696E6974 		.ascii	"init\000"
 1268      00
 1269              	.LASF23:
ARM GAS  C:\Users\LUKASC~1\AppData\Local\Temp\ccpbTZzS.s 			page 34


 1270 00ea 73746174 		.ascii	"status\000"
 1270      757300
 1271              	.LASF22:
 1272 00f1 7A65726F 		.ascii	"zero_size\000"
 1272      5F73697A 
 1272      6500
 1273              	.LASF30:
 1274 00fb 72707472 		.ascii	"rptr\000"
 1274      00
 1275              	.LASF11:
 1276 0100 666C6F61 		.ascii	"float\000"
 1276      7400
 1277              	.LASF20:
 1278 0106 64617461 		.ascii	"data\000"
 1278      00
 1279              	.LASF1:
 1280 010b 756E7369 		.ascii	"unsigned char\000"
 1280      676E6564 
 1280      20636861 
 1280      7200
 1281              	.LASF25:
 1282 0119 72657475 		.ascii	"returnValue\000"
 1282      726E5661 
 1282      6C756500 
 1283              	.LASF42:
 1284 0125 526F6D56 		.ascii	"RomVectors\000"
 1284      6563746F 
 1284      727300
 1285              	.LASF5:
 1286 0130 6C6F6E67 		.ascii	"long unsigned int\000"
 1286      20756E73 
 1286      69676E65 
 1286      6420696E 
 1286      7400
 1287              	.LASF37:
 1288 0142 63795379 		.ascii	"cySysNoInitDataValid\000"
 1288      734E6F49 
 1288      6E697444 
 1288      61746156 
 1288      616C6964 
 1289              	.LASF9:
 1290 0157 75696E74 		.ascii	"uint8\000"
 1290      3800
 1291              	.LASF34:
 1292 015d 52657365 		.ascii	"Reset\000"
 1292      7400
 1293              	.LASF27:
 1294 0163 5F657869 		.ascii	"_exit\000"
 1294      7400
 1295              	.LASF33:
 1296 0169 496E7444 		.ascii	"IntDefaultHandler\000"
 1296      65666175 
 1296      6C744861 
 1296      6E646C65 
 1296      7200
 1297              	.LASF47:
 1298 017b 5F736272 		.ascii	"_sbrk\000"
ARM GAS  C:\Users\LUKASC~1\AppData\Local\Temp\ccpbTZzS.s 			page 35


 1298      6B00
 1299              	.LASF12:
 1300 0181 646F7562 		.ascii	"double\000"
 1300      6C6500
 1301              	.LASF38:
 1302 0188 63794274 		.ascii	"cyBtldrRunType\000"
 1302      6C647252 
 1302      756E5479 
 1302      706500
 1303              	.LASF35:
 1304 0197 696E6974 		.ascii	"initialize_psoc\000"
 1304      69616C69 
 1304      7A655F70 
 1304      736F6300 
 1305              	.LASF10:
 1306 01a7 75696E74 		.ascii	"uint32\000"
 1306      333200
 1307              	.LASF36:
 1308 01ae 696E6465 		.ascii	"indexInit\000"
 1308      78496E69 
 1308      7400
 1309              	.LASF8:
 1310 01b8 756E7369 		.ascii	"unsigned int\000"
 1310      676E6564 
 1310      20696E74 
 1310      00
 1311              	.LASF45:
 1312 01c5 433A5C55 		.ascii	"C:\\Users\\Lukas Creutzburg\\Documents\\Daten\\Prog"
 1312      73657273 
 1312      5C4C756B 
 1312      61732043 
 1312      72657574 
 1313 01f3 72616D6D 		.ascii	"rammierprojekte\\GitHub\\freeDSPPSoC-I2C\\CapSense."
 1313      69657270 
 1313      726F6A65 
 1313      6B74655C 
 1313      47697448 
 1314 0223 63796473 		.ascii	"cydsn\000"
 1314      6E00
 1315              	.LASF7:
 1316 0229 6C6F6E67 		.ascii	"long long unsigned int\000"
 1316      206C6F6E 
 1316      6720756E 
 1316      7369676E 
 1316      65642069 
 1317              	.LASF31:
 1318 0240 6C696D69 		.ascii	"limit\000"
 1318      7400
 1319              	.LASF15:
 1320 0246 63796973 		.ascii	"cyisraddress\000"
 1320      72616464 
 1320      72657373 
 1320      00
 1321              	.LASF21:
 1322 0253 696E6974 		.ascii	"init_size\000"
 1322      5F73697A 
 1322      6500
ARM GAS  C:\Users\LUKASC~1\AppData\Local\Temp\ccpbTZzS.s 			page 36


 1323              	.LASF18:
 1324 025d 5F5F6379 		.ascii	"__cy_byte_align8\000"
 1324      5F627974 
 1324      655F616C 
 1324      69676E38 
 1324      00
 1325              	.LASF17:
 1326 026e 73697A65 		.ascii	"sizetype\000"
 1326      74797065 
 1326      00
 1327              	.LASF6:
 1328 0277 6C6F6E67 		.ascii	"long long int\000"
 1328      206C6F6E 
 1328      6720696E 
 1328      7400
 1329              	.LASF13:
 1330 0285 63686172 		.ascii	"char\000"
 1330      00
 1331              	.LASF44:
 1332 028a 2E5C4765 		.ascii	".\\Generated_Source\\PSoC4\\Cm0Start.c\000"
 1332      6E657261 
 1332      7465645F 
 1332      536F7572 
 1332      63655C50 
 1333              	.LASF2:
 1334 02ae 73686F72 		.ascii	"short int\000"
 1334      7420696E 
 1334      7400
 1335              	.LASF4:
 1336 02b8 6C6F6E67 		.ascii	"long int\000"
 1336      20696E74 
 1336      00
 1337              	.LASF0:
 1338 02c1 7369676E 		.ascii	"signed char\000"
 1338      65642063 
 1338      68617200 
 1339              	.LASF39:
 1340 02cd 5F5F6379 		.ascii	"__cy_regions\000"
 1340      5F726567 
 1340      696F6E73 
 1340      00
 1341              	.LASF29:
 1342 02da 72656769 		.ascii	"regions\000"
 1342      6F6E7300 
 1343              	.LASF24:
 1344 02e2 6E627974 		.ascii	"nbytes\000"
 1344      657300
 1345              	.LASF46:
 1346 02e9 5F5F6379 		.ascii	"__cy_region\000"
 1346      5F726567 
 1346      696F6E00 
 1347              		.ident	"GCC: (GNU Tools for ARM Embedded Processors) 4.9.3 20150303 (release) [ARM/embedded-4_9-br
