ARM GAS  C:\Users\LUKASC~1\AppData\Local\Temp\ccAQKTP6.s 			page 1


   1              		.syntax unified
   2              		.cpu cortex-m3
   3              		.fpu softvfp
   4              		.eabi_attribute 20, 1
   5              		.eabi_attribute 21, 1
   6              		.eabi_attribute 23, 3
   7              		.eabi_attribute 24, 1
   8              		.eabi_attribute 25, 1
   9              		.eabi_attribute 26, 1
  10              		.eabi_attribute 30, 6
  11              		.eabi_attribute 34, 1
  12              		.eabi_attribute 18, 4
  13              		.thumb
  14              		.file	"RF24.c"
  15              		.text
  16              	.Ltext0:
  17              		.cfi_sections	.debug_frame
  18              		.global _printf_float
  19              		.thumb
  20              		.comm	wrBuffer,64,4
  21              		.comm	temp,1,1
  22              		.global _printf_float
  23              		.thumb
  24              		.section	.text.RF24init,"ax",%progbits
  25              		.align	2
  26              		.global	RF24init
  27              		.thumb
  28              		.thumb_func
  29              		.type	RF24init, %function
  30              	RF24init:
  31              	.LFB63:
  32              		.file 1 ".\\RF24.c"
   1:.\RF24.c      **** /*******************************************************************************
   2:.\RF24.c      **** * File Name: RF24.c
   3:.\RF24.c      **** *
   4:.\RF24.c      **** * Version: 0.0
   5:.\RF24.c      **** * Author: Lukas Creutzburg
   6:.\RF24.c      **** *
   7:.\RF24.c      **** * Description:
   8:.\RF24.c      **** *   Component controls RF24 transceiver
   9:.\RF24.c      **** *
  10:.\RF24.c      **** *
  11:.\RF24.c      **** *******************************************************************************/
  12:.\RF24.c      **** 
  13:.\RF24.c      **** #include "RF24.h"
  14:.\RF24.c      **** 
  15:.\RF24.c      **** /*******************************************************************************
  16:.\RF24.c      **** * Function Name: RF24init
  17:.\RF24.c      **** ********************************************************************************
  18:.\RF24.c      **** *
  19:.\RF24.c      **** * Summary:
  20:.\RF24.c      **** *  Initialize communication
  21:.\RF24.c      **** *
  22:.\RF24.c      **** * Parameters:
  23:.\RF24.c      **** *  None.
  24:.\RF24.c      **** *
  25:.\RF24.c      **** * Return:
ARM GAS  C:\Users\LUKASC~1\AppData\Local\Temp\ccAQKTP6.s 			page 2


  26:.\RF24.c      **** *  None.
  27:.\RF24.c      **** *
  28:.\RF24.c      **** *******************************************************************************/
  29:.\RF24.c      **** void RF24init()
  30:.\RF24.c      **** {
  33              		.loc 1 30 0
  34              		.cfi_startproc
  35              		@ args = 0, pretend = 0, frame = 0
  36              		@ frame_needed = 1, uses_anonymous_args = 0
  37              		@ link register save eliminated.
  38 0000 80B4     		push	{r7}
  39              		.cfi_def_cfa_offset 4
  40              		.cfi_offset 7, -4
  41 0002 00AF     		add	r7, sp, #0
  42              		.cfi_def_cfa_register 7
  31:.\RF24.c      ****     
  32:.\RF24.c      **** }
  43              		.loc 1 32 0
  44 0004 BD46     		mov	sp, r7
  45              		.cfi_def_cfa_register 13
  46              		@ sp needed
  47 0006 5DF8047B 		ldr	r7, [sp], #4
  48              		.cfi_restore 7
  49              		.cfi_def_cfa_offset 0
  50 000a 7047     		bx	lr
  51              		.cfi_endproc
  52              	.LFE63:
  53              		.size	RF24init, .-RF24init
  54              		.text
  55              	.Letext0:
  56              		.file 2 "c:\\program files (x86)\\cypress\\psoc creator\\3.3\\psoc creator\\import\\gnu\\arm\\4.9.
  57              		.file 3 "c:\\program files (x86)\\cypress\\psoc creator\\3.3\\psoc creator\\import\\gnu\\arm\\4.9.
  58              		.file 4 "Generated_Source\\PSoC5/cytypes.h"
  59              		.file 5 "Generated_Source\\PSoC5/core_cm3.h"
  60              		.file 6 ".\\spimaster.h"
  61              		.section	.debug_info,"",%progbits
  62              	.Ldebug_info0:
  63 0000 FA000000 		.4byte	0xfa
  64 0004 0400     		.2byte	0x4
  65 0006 00000000 		.4byte	.Ldebug_abbrev0
  66 000a 04       		.byte	0x4
  67 000b 01       		.uleb128 0x1
  68 000c DE000000 		.4byte	.LASF19
  69 0010 01       		.byte	0x1
  70 0011 81000000 		.4byte	.LASF20
  71 0015 2E000000 		.4byte	.LASF21
  72 0019 00000000 		.4byte	.Ldebug_ranges0+0
  73 001d 00000000 		.4byte	0
  74 0021 00000000 		.4byte	.Ldebug_line0
  75 0025 02       		.uleb128 0x2
  76 0026 01       		.byte	0x1
  77 0027 06       		.byte	0x6
  78 0028 85010000 		.4byte	.LASF0
  79 002c 02       		.uleb128 0x2
  80 002d 01       		.byte	0x1
  81 002e 08       		.byte	0x8
  82 002f C2000000 		.4byte	.LASF1
ARM GAS  C:\Users\LUKASC~1\AppData\Local\Temp\ccAQKTP6.s 			page 3


  83 0033 02       		.uleb128 0x2
  84 0034 02       		.byte	0x2
  85 0035 05       		.byte	0x5
  86 0036 AA010000 		.4byte	.LASF2
  87 003a 02       		.uleb128 0x2
  88 003b 02       		.byte	0x2
  89 003c 07       		.byte	0x7
  90 003d 0E000000 		.4byte	.LASF3
  91 0041 03       		.uleb128 0x3
  92 0042 9A010000 		.4byte	.LASF9
  93 0046 02       		.byte	0x2
  94 0047 3F       		.byte	0x3f
  95 0048 4C000000 		.4byte	0x4c
  96 004c 02       		.uleb128 0x2
  97 004d 04       		.byte	0x4
  98 004e 05       		.byte	0x5
  99 004f D5000000 		.4byte	.LASF4
 100 0053 02       		.uleb128 0x2
 101 0054 04       		.byte	0x4
 102 0055 07       		.byte	0x7
 103 0056 99000000 		.4byte	.LASF5
 104 005a 02       		.uleb128 0x2
 105 005b 08       		.byte	0x8
 106 005c 05       		.byte	0x5
 107 005d 00000000 		.4byte	.LASF6
 108 0061 02       		.uleb128 0x2
 109 0062 08       		.byte	0x8
 110 0063 07       		.byte	0x7
 111 0064 AB000000 		.4byte	.LASF7
 112 0068 04       		.uleb128 0x4
 113 0069 04       		.byte	0x4
 114 006a 05       		.byte	0x5
 115 006b 696E7400 		.ascii	"int\000"
 116 006f 02       		.uleb128 0x2
 117 0070 04       		.byte	0x4
 118 0071 07       		.byte	0x7
 119 0072 21000000 		.4byte	.LASF8
 120 0076 03       		.uleb128 0x3
 121 0077 B4010000 		.4byte	.LASF10
 122 007b 03       		.byte	0x3
 123 007c 2C       		.byte	0x2c
 124 007d 41000000 		.4byte	0x41
 125 0081 05       		.uleb128 0x5
 126 0082 93000000 		.4byte	.LASF11
 127 0086 04       		.byte	0x4
 128 0087 3801     		.2byte	0x138
 129 0089 2C000000 		.4byte	0x2c
 130 008d 02       		.uleb128 0x2
 131 008e 04       		.byte	0x4
 132 008f 04       		.byte	0x4
 133 0090 A4010000 		.4byte	.LASF12
 134 0094 02       		.uleb128 0x2
 135 0095 08       		.byte	0x8
 136 0096 04       		.byte	0x4
 137 0097 71010000 		.4byte	.LASF13
 138 009b 02       		.uleb128 0x2
 139 009c 01       		.byte	0x1
ARM GAS  C:\Users\LUKASC~1\AppData\Local\Temp\ccAQKTP6.s 			page 4


 140 009d 08       		.byte	0x8
 141 009e D0000000 		.4byte	.LASF14
 142 00a2 02       		.uleb128 0x2
 143 00a3 04       		.byte	0x4
 144 00a4 07       		.byte	0x7
 145 00a5 BC010000 		.4byte	.LASF15
 146 00a9 06       		.uleb128 0x6
 147 00aa 91010000 		.4byte	.LASF22
 148 00ae 01       		.byte	0x1
 149 00af 1D       		.byte	0x1d
 150 00b0 00000000 		.4byte	.LFB63
 151 00b4 0C000000 		.4byte	.LFE63-.LFB63
 152 00b8 01       		.uleb128 0x1
 153 00b9 9C       		.byte	0x9c
 154 00ba 07       		.uleb128 0x7
 155 00bb 78010000 		.4byte	.LASF16
 156 00bf 05       		.byte	0x5
 157 00c0 5506     		.2byte	0x655
 158 00c2 C6000000 		.4byte	0xc6
 159 00c6 08       		.uleb128 0x8
 160 00c7 76000000 		.4byte	0x76
 161 00cb 09       		.uleb128 0x9
 162 00cc 81000000 		.4byte	0x81
 163 00d0 DB000000 		.4byte	0xdb
 164 00d4 0A       		.uleb128 0xa
 165 00d5 A2000000 		.4byte	0xa2
 166 00d9 3F       		.byte	0x3f
 167 00da 00       		.byte	0
 168 00db 0B       		.uleb128 0xb
 169 00dc 8A000000 		.4byte	.LASF17
 170 00e0 06       		.byte	0x6
 171 00e1 24       		.byte	0x24
 172 00e2 CB000000 		.4byte	0xcb
 173 00e6 05       		.uleb128 0x5
 174 00e7 03       		.byte	0x3
 175 00e8 00000000 		.4byte	wrBuffer
 176 00ec 0B       		.uleb128 0xb
 177 00ed 6C010000 		.4byte	.LASF18
 178 00f1 06       		.byte	0x6
 179 00f2 25       		.byte	0x25
 180 00f3 81000000 		.4byte	0x81
 181 00f7 05       		.uleb128 0x5
 182 00f8 03       		.byte	0x3
 183 00f9 00000000 		.4byte	temp
 184 00fd 00       		.byte	0
 185              		.section	.debug_abbrev,"",%progbits
 186              	.Ldebug_abbrev0:
 187 0000 01       		.uleb128 0x1
 188 0001 11       		.uleb128 0x11
 189 0002 01       		.byte	0x1
 190 0003 25       		.uleb128 0x25
 191 0004 0E       		.uleb128 0xe
 192 0005 13       		.uleb128 0x13
 193 0006 0B       		.uleb128 0xb
 194 0007 03       		.uleb128 0x3
 195 0008 0E       		.uleb128 0xe
 196 0009 1B       		.uleb128 0x1b
ARM GAS  C:\Users\LUKASC~1\AppData\Local\Temp\ccAQKTP6.s 			page 5


 197 000a 0E       		.uleb128 0xe
 198 000b 55       		.uleb128 0x55
 199 000c 17       		.uleb128 0x17
 200 000d 11       		.uleb128 0x11
 201 000e 01       		.uleb128 0x1
 202 000f 10       		.uleb128 0x10
 203 0010 17       		.uleb128 0x17
 204 0011 00       		.byte	0
 205 0012 00       		.byte	0
 206 0013 02       		.uleb128 0x2
 207 0014 24       		.uleb128 0x24
 208 0015 00       		.byte	0
 209 0016 0B       		.uleb128 0xb
 210 0017 0B       		.uleb128 0xb
 211 0018 3E       		.uleb128 0x3e
 212 0019 0B       		.uleb128 0xb
 213 001a 03       		.uleb128 0x3
 214 001b 0E       		.uleb128 0xe
 215 001c 00       		.byte	0
 216 001d 00       		.byte	0
 217 001e 03       		.uleb128 0x3
 218 001f 16       		.uleb128 0x16
 219 0020 00       		.byte	0
 220 0021 03       		.uleb128 0x3
 221 0022 0E       		.uleb128 0xe
 222 0023 3A       		.uleb128 0x3a
 223 0024 0B       		.uleb128 0xb
 224 0025 3B       		.uleb128 0x3b
 225 0026 0B       		.uleb128 0xb
 226 0027 49       		.uleb128 0x49
 227 0028 13       		.uleb128 0x13
 228 0029 00       		.byte	0
 229 002a 00       		.byte	0
 230 002b 04       		.uleb128 0x4
 231 002c 24       		.uleb128 0x24
 232 002d 00       		.byte	0
 233 002e 0B       		.uleb128 0xb
 234 002f 0B       		.uleb128 0xb
 235 0030 3E       		.uleb128 0x3e
 236 0031 0B       		.uleb128 0xb
 237 0032 03       		.uleb128 0x3
 238 0033 08       		.uleb128 0x8
 239 0034 00       		.byte	0
 240 0035 00       		.byte	0
 241 0036 05       		.uleb128 0x5
 242 0037 16       		.uleb128 0x16
 243 0038 00       		.byte	0
 244 0039 03       		.uleb128 0x3
 245 003a 0E       		.uleb128 0xe
 246 003b 3A       		.uleb128 0x3a
 247 003c 0B       		.uleb128 0xb
 248 003d 3B       		.uleb128 0x3b
 249 003e 05       		.uleb128 0x5
 250 003f 49       		.uleb128 0x49
 251 0040 13       		.uleb128 0x13
 252 0041 00       		.byte	0
 253 0042 00       		.byte	0
ARM GAS  C:\Users\LUKASC~1\AppData\Local\Temp\ccAQKTP6.s 			page 6


 254 0043 06       		.uleb128 0x6
 255 0044 2E       		.uleb128 0x2e
 256 0045 00       		.byte	0
 257 0046 3F       		.uleb128 0x3f
 258 0047 19       		.uleb128 0x19
 259 0048 03       		.uleb128 0x3
 260 0049 0E       		.uleb128 0xe
 261 004a 3A       		.uleb128 0x3a
 262 004b 0B       		.uleb128 0xb
 263 004c 3B       		.uleb128 0x3b
 264 004d 0B       		.uleb128 0xb
 265 004e 11       		.uleb128 0x11
 266 004f 01       		.uleb128 0x1
 267 0050 12       		.uleb128 0x12
 268 0051 06       		.uleb128 0x6
 269 0052 40       		.uleb128 0x40
 270 0053 18       		.uleb128 0x18
 271 0054 9742     		.uleb128 0x2117
 272 0056 19       		.uleb128 0x19
 273 0057 00       		.byte	0
 274 0058 00       		.byte	0
 275 0059 07       		.uleb128 0x7
 276 005a 34       		.uleb128 0x34
 277 005b 00       		.byte	0
 278 005c 03       		.uleb128 0x3
 279 005d 0E       		.uleb128 0xe
 280 005e 3A       		.uleb128 0x3a
 281 005f 0B       		.uleb128 0xb
 282 0060 3B       		.uleb128 0x3b
 283 0061 05       		.uleb128 0x5
 284 0062 49       		.uleb128 0x49
 285 0063 13       		.uleb128 0x13
 286 0064 3F       		.uleb128 0x3f
 287 0065 19       		.uleb128 0x19
 288 0066 3C       		.uleb128 0x3c
 289 0067 19       		.uleb128 0x19
 290 0068 00       		.byte	0
 291 0069 00       		.byte	0
 292 006a 08       		.uleb128 0x8
 293 006b 35       		.uleb128 0x35
 294 006c 00       		.byte	0
 295 006d 49       		.uleb128 0x49
 296 006e 13       		.uleb128 0x13
 297 006f 00       		.byte	0
 298 0070 00       		.byte	0
 299 0071 09       		.uleb128 0x9
 300 0072 01       		.uleb128 0x1
 301 0073 01       		.byte	0x1
 302 0074 49       		.uleb128 0x49
 303 0075 13       		.uleb128 0x13
 304 0076 01       		.uleb128 0x1
 305 0077 13       		.uleb128 0x13
 306 0078 00       		.byte	0
 307 0079 00       		.byte	0
 308 007a 0A       		.uleb128 0xa
 309 007b 21       		.uleb128 0x21
 310 007c 00       		.byte	0
ARM GAS  C:\Users\LUKASC~1\AppData\Local\Temp\ccAQKTP6.s 			page 7


 311 007d 49       		.uleb128 0x49
 312 007e 13       		.uleb128 0x13
 313 007f 2F       		.uleb128 0x2f
 314 0080 0B       		.uleb128 0xb
 315 0081 00       		.byte	0
 316 0082 00       		.byte	0
 317 0083 0B       		.uleb128 0xb
 318 0084 34       		.uleb128 0x34
 319 0085 00       		.byte	0
 320 0086 03       		.uleb128 0x3
 321 0087 0E       		.uleb128 0xe
 322 0088 3A       		.uleb128 0x3a
 323 0089 0B       		.uleb128 0xb
 324 008a 3B       		.uleb128 0x3b
 325 008b 0B       		.uleb128 0xb
 326 008c 49       		.uleb128 0x49
 327 008d 13       		.uleb128 0x13
 328 008e 3F       		.uleb128 0x3f
 329 008f 19       		.uleb128 0x19
 330 0090 02       		.uleb128 0x2
 331 0091 18       		.uleb128 0x18
 332 0092 00       		.byte	0
 333 0093 00       		.byte	0
 334 0094 00       		.byte	0
 335              		.section	.debug_aranges,"",%progbits
 336 0000 1C000000 		.4byte	0x1c
 337 0004 0200     		.2byte	0x2
 338 0006 00000000 		.4byte	.Ldebug_info0
 339 000a 04       		.byte	0x4
 340 000b 00       		.byte	0
 341 000c 0000     		.2byte	0
 342 000e 0000     		.2byte	0
 343 0010 00000000 		.4byte	.LFB63
 344 0014 0C000000 		.4byte	.LFE63-.LFB63
 345 0018 00000000 		.4byte	0
 346 001c 00000000 		.4byte	0
 347              		.section	.debug_ranges,"",%progbits
 348              	.Ldebug_ranges0:
 349 0000 00000000 		.4byte	.LFB63
 350 0004 0C000000 		.4byte	.LFE63
 351 0008 00000000 		.4byte	0
 352 000c 00000000 		.4byte	0
 353              		.section	.debug_line,"",%progbits
 354              	.Ldebug_line0:
 355 0000 70010000 		.section	.debug_str,"MS",%progbits,1
 355      02005A01 
 355      00000201 
 355      FB0E0D00 
 355      01010101 
 356              	.LASF6:
 357 0000 6C6F6E67 		.ascii	"long long int\000"
 357      206C6F6E 
 357      6720696E 
 357      7400
 358              	.LASF3:
 359 000e 73686F72 		.ascii	"short unsigned int\000"
 359      7420756E 
ARM GAS  C:\Users\LUKASC~1\AppData\Local\Temp\ccAQKTP6.s 			page 8


 359      7369676E 
 359      65642069 
 359      6E7400
 360              	.LASF8:
 361 0021 756E7369 		.ascii	"unsigned int\000"
 361      676E6564 
 361      20696E74 
 361      00
 362              	.LASF21:
 363 002e 433A5C55 		.ascii	"C:\\Users\\Lukas Creutzburg\\Documents\\GitHub\\fre"
 363      73657273 
 363      5C4C756B 
 363      61732043 
 363      72657574 
 364 005c 65445350 		.ascii	"eDSPPSoC-I2C\\PSoC5_RF24_Stream.cydsn\000"
 364      50536F43 
 364      2D493243 
 364      5C50536F 
 364      43355F52 
 365              	.LASF20:
 366 0081 2E5C5246 		.ascii	".\\RF24.c\000"
 366      32342E63 
 366      00
 367              	.LASF17:
 368 008a 77724275 		.ascii	"wrBuffer\000"
 368      66666572 
 368      00
 369              	.LASF11:
 370 0093 75696E74 		.ascii	"uint8\000"
 370      3800
 371              	.LASF5:
 372 0099 6C6F6E67 		.ascii	"long unsigned int\000"
 372      20756E73 
 372      69676E65 
 372      6420696E 
 372      7400
 373              	.LASF7:
 374 00ab 6C6F6E67 		.ascii	"long long unsigned int\000"
 374      206C6F6E 
 374      6720756E 
 374      7369676E 
 374      65642069 
 375              	.LASF1:
 376 00c2 756E7369 		.ascii	"unsigned char\000"
 376      676E6564 
 376      20636861 
 376      7200
 377              	.LASF14:
 378 00d0 63686172 		.ascii	"char\000"
 378      00
 379              	.LASF4:
 380 00d5 6C6F6E67 		.ascii	"long int\000"
 380      20696E74 
 380      00
 381              	.LASF19:
 382 00de 474E5520 		.ascii	"GNU C 4.9.3 20150303 (release) [ARM/embedded-4_9-br"
 382      4320342E 
ARM GAS  C:\Users\LUKASC~1\AppData\Local\Temp\ccAQKTP6.s 			page 9


 382      392E3320 
 382      32303135 
 382      30333033 
 383 0111 616E6368 		.ascii	"anch revision 221220] -mcpu=cortex-m3 -mthumb -g -O"
 383      20726576 
 383      6973696F 
 383      6E203232 
 383      31323230 
 384 0144 30202D66 		.ascii	"0 -ffunction-sections -ffat-lto-objects\000"
 384      66756E63 
 384      74696F6E 
 384      2D736563 
 384      74696F6E 
 385              	.LASF18:
 386 016c 74656D70 		.ascii	"temp\000"
 386      00
 387              	.LASF13:
 388 0171 646F7562 		.ascii	"double\000"
 388      6C6500
 389              	.LASF16:
 390 0178 49544D5F 		.ascii	"ITM_RxBuffer\000"
 390      52784275 
 390      66666572 
 390      00
 391              	.LASF0:
 392 0185 7369676E 		.ascii	"signed char\000"
 392      65642063 
 392      68617200 
 393              	.LASF22:
 394 0191 52463234 		.ascii	"RF24init\000"
 394      696E6974 
 394      00
 395              	.LASF9:
 396 019a 5F5F696E 		.ascii	"__int32_t\000"
 396      7433325F 
 396      7400
 397              	.LASF12:
 398 01a4 666C6F61 		.ascii	"float\000"
 398      7400
 399              	.LASF2:
 400 01aa 73686F72 		.ascii	"short int\000"
 400      7420696E 
 400      7400
 401              	.LASF10:
 402 01b4 696E7433 		.ascii	"int32_t\000"
 402      325F7400 
 403              	.LASF15:
 404 01bc 73697A65 		.ascii	"sizetype\000"
 404      74797065 
 404      00
 405              		.ident	"GCC: (GNU Tools for ARM Embedded Processors) 4.9.3 20150303 (release) [ARM/embedded-4_9-br
