ARM GAS  C:\Users\LUKASC~1\AppData\Local\Temp\ccJsuAZd.s 			page 1


   1              		.syntax unified
   2              		.cpu cortex-m3
   3              		.fpu softvfp
   4              		.eabi_attribute 20, 1
   5              		.eabi_attribute 21, 1
   6              		.eabi_attribute 23, 3
   7              		.eabi_attribute 24, 1
   8              		.eabi_attribute 25, 1
   9              		.eabi_attribute 26, 1
  10              		.eabi_attribute 30, 6
  11              		.eabi_attribute 34, 1
  12              		.eabi_attribute 18, 4
  13              		.thumb
  14              		.file	"ADC_SAR_0_PM.c"
  15              		.text
  16              	.Ltext0:
  17              		.cfi_sections	.debug_frame
  18              		.bss
  19              		.align	2
  20              	ADC_SAR_0_backup:
  21 0000 00       		.space	1
  22 0001 000000   		.section	.text.ADC_SAR_0_SaveConfig,"ax",%progbits
  23              		.align	2
  24              		.global	ADC_SAR_0_SaveConfig
  25              		.thumb
  26              		.thumb_func
  27              		.type	ADC_SAR_0_SaveConfig, %function
  28              	ADC_SAR_0_SaveConfig:
  29              	.LFB0:
  30              		.file 1 ".\\Generated_Source\\PSoC5\\ADC_SAR_0_PM.c"
   1:.\Generated_Source\PSoC5/ADC_SAR_0_PM.c **** /*******************************************************************************
   2:.\Generated_Source\PSoC5/ADC_SAR_0_PM.c **** * File Name: ADC_SAR_0_PM.c
   3:.\Generated_Source\PSoC5/ADC_SAR_0_PM.c **** * Version 3.0
   4:.\Generated_Source\PSoC5/ADC_SAR_0_PM.c **** *
   5:.\Generated_Source\PSoC5/ADC_SAR_0_PM.c **** * Description:
   6:.\Generated_Source\PSoC5/ADC_SAR_0_PM.c **** *  This file provides Sleep/WakeUp APIs functionality.
   7:.\Generated_Source\PSoC5/ADC_SAR_0_PM.c **** *
   8:.\Generated_Source\PSoC5/ADC_SAR_0_PM.c **** * Note:
   9:.\Generated_Source\PSoC5/ADC_SAR_0_PM.c **** *
  10:.\Generated_Source\PSoC5/ADC_SAR_0_PM.c **** ********************************************************************************
  11:.\Generated_Source\PSoC5/ADC_SAR_0_PM.c **** * Copyright 2008-2015, Cypress Semiconductor Corporation.  All rights reserved.
  12:.\Generated_Source\PSoC5/ADC_SAR_0_PM.c **** * You may use this file only in accordance with the license, terms, conditions,
  13:.\Generated_Source\PSoC5/ADC_SAR_0_PM.c **** * disclaimers, and limitations in the end user license agreement accompanying
  14:.\Generated_Source\PSoC5/ADC_SAR_0_PM.c **** * the software package with which this file was provided.
  15:.\Generated_Source\PSoC5/ADC_SAR_0_PM.c **** *******************************************************************************/
  16:.\Generated_Source\PSoC5/ADC_SAR_0_PM.c **** 
  17:.\Generated_Source\PSoC5/ADC_SAR_0_PM.c **** #include "ADC_SAR_0.h"
  18:.\Generated_Source\PSoC5/ADC_SAR_0_PM.c **** 
  19:.\Generated_Source\PSoC5/ADC_SAR_0_PM.c **** 
  20:.\Generated_Source\PSoC5/ADC_SAR_0_PM.c **** /***************************************
  21:.\Generated_Source\PSoC5/ADC_SAR_0_PM.c **** * Local data allocation
  22:.\Generated_Source\PSoC5/ADC_SAR_0_PM.c **** ***************************************/
  23:.\Generated_Source\PSoC5/ADC_SAR_0_PM.c **** 
  24:.\Generated_Source\PSoC5/ADC_SAR_0_PM.c **** static ADC_SAR_0_BACKUP_STRUCT  ADC_SAR_0_backup =
  25:.\Generated_Source\PSoC5/ADC_SAR_0_PM.c **** {
  26:.\Generated_Source\PSoC5/ADC_SAR_0_PM.c ****     ADC_SAR_0_DISABLED
  27:.\Generated_Source\PSoC5/ADC_SAR_0_PM.c **** };
ARM GAS  C:\Users\LUKASC~1\AppData\Local\Temp\ccJsuAZd.s 			page 2


  28:.\Generated_Source\PSoC5/ADC_SAR_0_PM.c **** 
  29:.\Generated_Source\PSoC5/ADC_SAR_0_PM.c **** 
  30:.\Generated_Source\PSoC5/ADC_SAR_0_PM.c **** /*******************************************************************************
  31:.\Generated_Source\PSoC5/ADC_SAR_0_PM.c **** * Function Name: ADC_SAR_0_SaveConfig
  32:.\Generated_Source\PSoC5/ADC_SAR_0_PM.c **** ********************************************************************************
  33:.\Generated_Source\PSoC5/ADC_SAR_0_PM.c **** *
  34:.\Generated_Source\PSoC5/ADC_SAR_0_PM.c **** * Summary:
  35:.\Generated_Source\PSoC5/ADC_SAR_0_PM.c **** *  Saves the current user configuration.
  36:.\Generated_Source\PSoC5/ADC_SAR_0_PM.c **** *
  37:.\Generated_Source\PSoC5/ADC_SAR_0_PM.c **** * Parameters:
  38:.\Generated_Source\PSoC5/ADC_SAR_0_PM.c **** *  None.
  39:.\Generated_Source\PSoC5/ADC_SAR_0_PM.c **** *
  40:.\Generated_Source\PSoC5/ADC_SAR_0_PM.c **** * Return:
  41:.\Generated_Source\PSoC5/ADC_SAR_0_PM.c **** *  None.
  42:.\Generated_Source\PSoC5/ADC_SAR_0_PM.c **** *
  43:.\Generated_Source\PSoC5/ADC_SAR_0_PM.c **** *******************************************************************************/
  44:.\Generated_Source\PSoC5/ADC_SAR_0_PM.c **** void ADC_SAR_0_SaveConfig(void)
  45:.\Generated_Source\PSoC5/ADC_SAR_0_PM.c **** {
  31              		.loc 1 45 0
  32              		.cfi_startproc
  33              		@ args = 0, pretend = 0, frame = 0
  34              		@ frame_needed = 1, uses_anonymous_args = 0
  35              		@ link register save eliminated.
  36 0000 80B4     		push	{r7}
  37              		.cfi_def_cfa_offset 4
  38              		.cfi_offset 7, -4
  39 0002 00AF     		add	r7, sp, #0
  40              		.cfi_def_cfa_register 7
  46:.\Generated_Source\PSoC5/ADC_SAR_0_PM.c ****     /* All configuration registers are marked as [reset_all_retention] */
  47:.\Generated_Source\PSoC5/ADC_SAR_0_PM.c **** }
  41              		.loc 1 47 0
  42 0004 BD46     		mov	sp, r7
  43              		.cfi_def_cfa_register 13
  44              		@ sp needed
  45 0006 5DF8047B 		ldr	r7, [sp], #4
  46              		.cfi_restore 7
  47              		.cfi_def_cfa_offset 0
  48 000a 7047     		bx	lr
  49              		.cfi_endproc
  50              	.LFE0:
  51              		.size	ADC_SAR_0_SaveConfig, .-ADC_SAR_0_SaveConfig
  52              		.section	.text.ADC_SAR_0_RestoreConfig,"ax",%progbits
  53              		.align	2
  54              		.global	ADC_SAR_0_RestoreConfig
  55              		.thumb
  56              		.thumb_func
  57              		.type	ADC_SAR_0_RestoreConfig, %function
  58              	ADC_SAR_0_RestoreConfig:
  59              	.LFB1:
  48:.\Generated_Source\PSoC5/ADC_SAR_0_PM.c **** 
  49:.\Generated_Source\PSoC5/ADC_SAR_0_PM.c **** 
  50:.\Generated_Source\PSoC5/ADC_SAR_0_PM.c **** /*******************************************************************************
  51:.\Generated_Source\PSoC5/ADC_SAR_0_PM.c **** * Function Name: ADC_SAR_0_RestoreConfig
  52:.\Generated_Source\PSoC5/ADC_SAR_0_PM.c **** ********************************************************************************
  53:.\Generated_Source\PSoC5/ADC_SAR_0_PM.c **** *
  54:.\Generated_Source\PSoC5/ADC_SAR_0_PM.c **** * Summary:
  55:.\Generated_Source\PSoC5/ADC_SAR_0_PM.c **** *  Restores the current user configuration.
ARM GAS  C:\Users\LUKASC~1\AppData\Local\Temp\ccJsuAZd.s 			page 3


  56:.\Generated_Source\PSoC5/ADC_SAR_0_PM.c **** *
  57:.\Generated_Source\PSoC5/ADC_SAR_0_PM.c **** * Parameters:
  58:.\Generated_Source\PSoC5/ADC_SAR_0_PM.c **** *  None.
  59:.\Generated_Source\PSoC5/ADC_SAR_0_PM.c **** *
  60:.\Generated_Source\PSoC5/ADC_SAR_0_PM.c **** * Return:
  61:.\Generated_Source\PSoC5/ADC_SAR_0_PM.c **** *  None.
  62:.\Generated_Source\PSoC5/ADC_SAR_0_PM.c **** *
  63:.\Generated_Source\PSoC5/ADC_SAR_0_PM.c **** *******************************************************************************/
  64:.\Generated_Source\PSoC5/ADC_SAR_0_PM.c **** void ADC_SAR_0_RestoreConfig(void)
  65:.\Generated_Source\PSoC5/ADC_SAR_0_PM.c **** {
  60              		.loc 1 65 0
  61              		.cfi_startproc
  62              		@ args = 0, pretend = 0, frame = 0
  63              		@ frame_needed = 1, uses_anonymous_args = 0
  64              		@ link register save eliminated.
  65 0000 80B4     		push	{r7}
  66              		.cfi_def_cfa_offset 4
  67              		.cfi_offset 7, -4
  68 0002 00AF     		add	r7, sp, #0
  69              		.cfi_def_cfa_register 7
  66:.\Generated_Source\PSoC5/ADC_SAR_0_PM.c ****     /* All congiguration registers are marked as [reset_all_retention] */
  67:.\Generated_Source\PSoC5/ADC_SAR_0_PM.c **** }
  70              		.loc 1 67 0
  71 0004 BD46     		mov	sp, r7
  72              		.cfi_def_cfa_register 13
  73              		@ sp needed
  74 0006 5DF8047B 		ldr	r7, [sp], #4
  75              		.cfi_restore 7
  76              		.cfi_def_cfa_offset 0
  77 000a 7047     		bx	lr
  78              		.cfi_endproc
  79              	.LFE1:
  80              		.size	ADC_SAR_0_RestoreConfig, .-ADC_SAR_0_RestoreConfig
  81              		.section	.text.ADC_SAR_0_Sleep,"ax",%progbits
  82              		.align	2
  83              		.global	ADC_SAR_0_Sleep
  84              		.thumb
  85              		.thumb_func
  86              		.type	ADC_SAR_0_Sleep, %function
  87              	ADC_SAR_0_Sleep:
  88              	.LFB2:
  68:.\Generated_Source\PSoC5/ADC_SAR_0_PM.c **** 
  69:.\Generated_Source\PSoC5/ADC_SAR_0_PM.c **** 
  70:.\Generated_Source\PSoC5/ADC_SAR_0_PM.c **** /*******************************************************************************
  71:.\Generated_Source\PSoC5/ADC_SAR_0_PM.c **** * Function Name: ADC_SAR_0_Sleep
  72:.\Generated_Source\PSoC5/ADC_SAR_0_PM.c **** ********************************************************************************
  73:.\Generated_Source\PSoC5/ADC_SAR_0_PM.c **** *
  74:.\Generated_Source\PSoC5/ADC_SAR_0_PM.c **** * Summary:
  75:.\Generated_Source\PSoC5/ADC_SAR_0_PM.c **** *  This is the preferred routine to prepare the component for sleep.
  76:.\Generated_Source\PSoC5/ADC_SAR_0_PM.c **** *  The ADC_SAR_0_Sleep() routine saves the current component state,
  77:.\Generated_Source\PSoC5/ADC_SAR_0_PM.c **** *  then it calls the ADC_Stop() function.
  78:.\Generated_Source\PSoC5/ADC_SAR_0_PM.c **** *
  79:.\Generated_Source\PSoC5/ADC_SAR_0_PM.c **** * Parameters:
  80:.\Generated_Source\PSoC5/ADC_SAR_0_PM.c **** *  None.
  81:.\Generated_Source\PSoC5/ADC_SAR_0_PM.c **** *
  82:.\Generated_Source\PSoC5/ADC_SAR_0_PM.c **** * Return:
  83:.\Generated_Source\PSoC5/ADC_SAR_0_PM.c **** *  None.
ARM GAS  C:\Users\LUKASC~1\AppData\Local\Temp\ccJsuAZd.s 			page 4


  84:.\Generated_Source\PSoC5/ADC_SAR_0_PM.c **** *
  85:.\Generated_Source\PSoC5/ADC_SAR_0_PM.c **** * Global Variables:
  86:.\Generated_Source\PSoC5/ADC_SAR_0_PM.c **** *  ADC_SAR_0_backup - The structure field 'enableState' is modified
  87:.\Generated_Source\PSoC5/ADC_SAR_0_PM.c **** *  depending on the enable state of the block before entering to sleep mode.
  88:.\Generated_Source\PSoC5/ADC_SAR_0_PM.c **** *
  89:.\Generated_Source\PSoC5/ADC_SAR_0_PM.c **** *******************************************************************************/
  90:.\Generated_Source\PSoC5/ADC_SAR_0_PM.c **** void ADC_SAR_0_Sleep(void)
  91:.\Generated_Source\PSoC5/ADC_SAR_0_PM.c **** {
  89              		.loc 1 91 0
  90              		.cfi_startproc
  91              		@ args = 0, pretend = 0, frame = 0
  92              		@ frame_needed = 1, uses_anonymous_args = 0
  93 0000 80B5     		push	{r7, lr}
  94              		.cfi_def_cfa_offset 8
  95              		.cfi_offset 7, -8
  96              		.cfi_offset 14, -4
  97 0002 00AF     		add	r7, sp, #0
  98              		.cfi_def_cfa_register 7
  92:.\Generated_Source\PSoC5/ADC_SAR_0_PM.c ****     if((ADC_SAR_0_PWRMGR_SAR_REG  & ADC_SAR_0_ACT_PWR_SAR_EN) != 0u)
  99              		.loc 1 92 0
 100 0004 0D4B     		ldr	r3, .L8
 101 0006 1B78     		ldrb	r3, [r3]
 102 0008 DBB2     		uxtb	r3, r3
 103 000a 03F00203 		and	r3, r3, #2
 104 000e 002B     		cmp	r3, #0
 105 0010 10D0     		beq	.L4
  93:.\Generated_Source\PSoC5/ADC_SAR_0_PM.c ****     {
  94:.\Generated_Source\PSoC5/ADC_SAR_0_PM.c ****         if((ADC_SAR_0_SAR_CSR0_REG & ADC_SAR_0_SAR_SOF_START_CONV) != 0u)
 106              		.loc 1 94 0
 107 0012 0B4B     		ldr	r3, .L8+4
 108 0014 1B78     		ldrb	r3, [r3]
 109 0016 DBB2     		uxtb	r3, r3
 110 0018 03F00103 		and	r3, r3, #1
 111 001c 002B     		cmp	r3, #0
 112 001e 03D0     		beq	.L5
  95:.\Generated_Source\PSoC5/ADC_SAR_0_PM.c ****         {
  96:.\Generated_Source\PSoC5/ADC_SAR_0_PM.c ****             ADC_SAR_0_backup.enableState = ADC_SAR_0_ENABLED | ADC_SAR_0_STARTED;
 113              		.loc 1 96 0
 114 0020 084B     		ldr	r3, .L8+8
 115 0022 0322     		movs	r2, #3
 116 0024 1A70     		strb	r2, [r3]
 117 0026 02E0     		b	.L6
 118              	.L5:
  97:.\Generated_Source\PSoC5/ADC_SAR_0_PM.c ****         }
  98:.\Generated_Source\PSoC5/ADC_SAR_0_PM.c ****         else
  99:.\Generated_Source\PSoC5/ADC_SAR_0_PM.c ****         {
 100:.\Generated_Source\PSoC5/ADC_SAR_0_PM.c ****             ADC_SAR_0_backup.enableState = ADC_SAR_0_ENABLED;
 119              		.loc 1 100 0
 120 0028 064B     		ldr	r3, .L8+8
 121 002a 0122     		movs	r2, #1
 122 002c 1A70     		strb	r2, [r3]
 123              	.L6:
 101:.\Generated_Source\PSoC5/ADC_SAR_0_PM.c ****         }
 102:.\Generated_Source\PSoC5/ADC_SAR_0_PM.c ****         ADC_SAR_0_Stop();
 124              		.loc 1 102 0
 125 002e FFF7FEFF 		bl	ADC_SAR_0_Stop
 126 0032 02E0     		b	.L3
ARM GAS  C:\Users\LUKASC~1\AppData\Local\Temp\ccJsuAZd.s 			page 5


 127              	.L4:
 103:.\Generated_Source\PSoC5/ADC_SAR_0_PM.c ****     }
 104:.\Generated_Source\PSoC5/ADC_SAR_0_PM.c ****     else
 105:.\Generated_Source\PSoC5/ADC_SAR_0_PM.c ****     {
 106:.\Generated_Source\PSoC5/ADC_SAR_0_PM.c ****         ADC_SAR_0_backup.enableState = ADC_SAR_0_DISABLED;
 128              		.loc 1 106 0
 129 0034 034B     		ldr	r3, .L8+8
 130 0036 0022     		movs	r2, #0
 131 0038 1A70     		strb	r2, [r3]
 132              	.L3:
 107:.\Generated_Source\PSoC5/ADC_SAR_0_PM.c ****     }
 108:.\Generated_Source\PSoC5/ADC_SAR_0_PM.c **** }
 133              		.loc 1 108 0
 134 003a 80BD     		pop	{r7, pc}
 135              	.L9:
 136              		.align	2
 137              	.L8:
 138 003c AB430040 		.word	1073759147
 139 0040 08590040 		.word	1073764616
 140 0044 00000000 		.word	ADC_SAR_0_backup
 141              		.cfi_endproc
 142              	.LFE2:
 143              		.size	ADC_SAR_0_Sleep, .-ADC_SAR_0_Sleep
 144              		.section	.text.ADC_SAR_0_Wakeup,"ax",%progbits
 145              		.align	2
 146              		.global	ADC_SAR_0_Wakeup
 147              		.thumb
 148              		.thumb_func
 149              		.type	ADC_SAR_0_Wakeup, %function
 150              	ADC_SAR_0_Wakeup:
 151              	.LFB3:
 109:.\Generated_Source\PSoC5/ADC_SAR_0_PM.c **** 
 110:.\Generated_Source\PSoC5/ADC_SAR_0_PM.c **** 
 111:.\Generated_Source\PSoC5/ADC_SAR_0_PM.c **** /*******************************************************************************
 112:.\Generated_Source\PSoC5/ADC_SAR_0_PM.c **** * Function Name: ADC_SAR_0_Wakeup
 113:.\Generated_Source\PSoC5/ADC_SAR_0_PM.c **** ********************************************************************************
 114:.\Generated_Source\PSoC5/ADC_SAR_0_PM.c **** *
 115:.\Generated_Source\PSoC5/ADC_SAR_0_PM.c **** * Summary:
 116:.\Generated_Source\PSoC5/ADC_SAR_0_PM.c **** *  This is the preferred routine to restore the component to the state when
 117:.\Generated_Source\PSoC5/ADC_SAR_0_PM.c **** *  ADC_SAR_0_Sleep() was called. If the component was enabled before the
 118:.\Generated_Source\PSoC5/ADC_SAR_0_PM.c **** *  ADC_SAR_0_Sleep() function was called, the
 119:.\Generated_Source\PSoC5/ADC_SAR_0_PM.c **** *  ADC_SAR_0_Wakeup() function also re-enables the component.
 120:.\Generated_Source\PSoC5/ADC_SAR_0_PM.c **** *
 121:.\Generated_Source\PSoC5/ADC_SAR_0_PM.c **** * Parameters:
 122:.\Generated_Source\PSoC5/ADC_SAR_0_PM.c **** *  None.
 123:.\Generated_Source\PSoC5/ADC_SAR_0_PM.c **** *
 124:.\Generated_Source\PSoC5/ADC_SAR_0_PM.c **** * Return:
 125:.\Generated_Source\PSoC5/ADC_SAR_0_PM.c **** *  None.
 126:.\Generated_Source\PSoC5/ADC_SAR_0_PM.c **** *
 127:.\Generated_Source\PSoC5/ADC_SAR_0_PM.c **** * Global Variables:
 128:.\Generated_Source\PSoC5/ADC_SAR_0_PM.c **** *  ADC_SAR_0_backup - The structure field 'enableState' is used to
 129:.\Generated_Source\PSoC5/ADC_SAR_0_PM.c **** *  restore the enable state of block after wakeup from sleep mode.
 130:.\Generated_Source\PSoC5/ADC_SAR_0_PM.c **** *
 131:.\Generated_Source\PSoC5/ADC_SAR_0_PM.c **** *******************************************************************************/
 132:.\Generated_Source\PSoC5/ADC_SAR_0_PM.c **** void ADC_SAR_0_Wakeup(void)
 133:.\Generated_Source\PSoC5/ADC_SAR_0_PM.c **** {
 152              		.loc 1 133 0
ARM GAS  C:\Users\LUKASC~1\AppData\Local\Temp\ccJsuAZd.s 			page 6


 153              		.cfi_startproc
 154              		@ args = 0, pretend = 0, frame = 0
 155              		@ frame_needed = 1, uses_anonymous_args = 0
 156 0000 80B5     		push	{r7, lr}
 157              		.cfi_def_cfa_offset 8
 158              		.cfi_offset 7, -8
 159              		.cfi_offset 14, -4
 160 0002 00AF     		add	r7, sp, #0
 161              		.cfi_def_cfa_register 7
 134:.\Generated_Source\PSoC5/ADC_SAR_0_PM.c ****     if(ADC_SAR_0_backup.enableState != ADC_SAR_0_DISABLED)
 162              		.loc 1 134 0
 163 0004 074B     		ldr	r3, .L12
 164 0006 1B78     		ldrb	r3, [r3]	@ zero_extendqisi2
 165 0008 002B     		cmp	r3, #0
 166 000a 09D0     		beq	.L10
 135:.\Generated_Source\PSoC5/ADC_SAR_0_PM.c ****     {
 136:.\Generated_Source\PSoC5/ADC_SAR_0_PM.c ****         ADC_SAR_0_Enable();
 167              		.loc 1 136 0
 168 000c FFF7FEFF 		bl	ADC_SAR_0_Enable
 137:.\Generated_Source\PSoC5/ADC_SAR_0_PM.c ****         #if(ADC_SAR_0_DEFAULT_CONV_MODE != ADC_SAR_0__HARDWARE_TRIGGER)
 138:.\Generated_Source\PSoC5/ADC_SAR_0_PM.c ****             if((ADC_SAR_0_backup.enableState & ADC_SAR_0_STARTED) != 0u)
 169              		.loc 1 138 0
 170 0010 044B     		ldr	r3, .L12
 171 0012 1B78     		ldrb	r3, [r3]	@ zero_extendqisi2
 172 0014 03F00203 		and	r3, r3, #2
 173 0018 002B     		cmp	r3, #0
 174 001a 01D0     		beq	.L10
 139:.\Generated_Source\PSoC5/ADC_SAR_0_PM.c ****             {
 140:.\Generated_Source\PSoC5/ADC_SAR_0_PM.c ****                 ADC_SAR_0_StartConvert();
 175              		.loc 1 140 0
 176 001c FFF7FEFF 		bl	ADC_SAR_0_StartConvert
 177              	.L10:
 141:.\Generated_Source\PSoC5/ADC_SAR_0_PM.c ****             }
 142:.\Generated_Source\PSoC5/ADC_SAR_0_PM.c ****         #endif /* End ADC_SAR_0_DEFAULT_CONV_MODE != ADC_SAR_0__HARDWARE_TRIGGER */
 143:.\Generated_Source\PSoC5/ADC_SAR_0_PM.c ****     }
 144:.\Generated_Source\PSoC5/ADC_SAR_0_PM.c **** }
 178              		.loc 1 144 0
 179 0020 80BD     		pop	{r7, pc}
 180              	.L13:
 181 0022 00BF     		.align	2
 182              	.L12:
 183 0024 00000000 		.word	ADC_SAR_0_backup
 184              		.cfi_endproc
 185              	.LFE3:
 186              		.size	ADC_SAR_0_Wakeup, .-ADC_SAR_0_Wakeup
 187              		.text
 188              	.Letext0:
 189              		.file 2 ".\\Generated_Source\\PSoC5\\cytypes.h"
 190              		.file 3 ".\\Generated_Source\\PSoC5\\ADC_SAR_0.h"
 191              		.section	.debug_info,"",%progbits
 192              	.Ldebug_info0:
 193 0000 0F010000 		.4byte	0x10f
 194 0004 0400     		.2byte	0x4
 195 0006 00000000 		.4byte	.Ldebug_abbrev0
 196 000a 04       		.byte	0x4
 197 000b 01       		.uleb128 0x1
 198 000c 52000000 		.4byte	.LASF19
ARM GAS  C:\Users\LUKASC~1\AppData\Local\Temp\ccJsuAZd.s 			page 7


 199 0010 01       		.byte	0x1
 200 0011 6A010000 		.4byte	.LASF20
 201 0015 00000000 		.4byte	.LASF21
 202 0019 00000000 		.4byte	.Ldebug_ranges0+0
 203 001d 00000000 		.4byte	0
 204 0021 00000000 		.4byte	.Ldebug_line0
 205 0025 02       		.uleb128 0x2
 206 0026 01       		.byte	0x1
 207 0027 06       		.byte	0x6
 208 0028 20020000 		.4byte	.LASF0
 209 002c 02       		.uleb128 0x2
 210 002d 01       		.byte	0x1
 211 002e 08       		.byte	0x8
 212 002f 16010000 		.4byte	.LASF1
 213 0033 02       		.uleb128 0x2
 214 0034 02       		.byte	0x2
 215 0035 05       		.byte	0x5
 216 0036 FB010000 		.4byte	.LASF2
 217 003a 02       		.uleb128 0x2
 218 003b 02       		.byte	0x2
 219 003c 07       		.byte	0x7
 220 003d 50010000 		.4byte	.LASF3
 221 0041 02       		.uleb128 0x2
 222 0042 04       		.byte	0x4
 223 0043 05       		.byte	0x5
 224 0044 0B020000 		.4byte	.LASF4
 225 0048 02       		.uleb128 0x2
 226 0049 04       		.byte	0x4
 227 004a 07       		.byte	0x7
 228 004b 29010000 		.4byte	.LASF5
 229 004f 02       		.uleb128 0x2
 230 0050 08       		.byte	0x8
 231 0051 05       		.byte	0x5
 232 0052 D7010000 		.4byte	.LASF6
 233 0056 02       		.uleb128 0x2
 234 0057 08       		.byte	0x8
 235 0058 07       		.byte	0x7
 236 0059 9F010000 		.4byte	.LASF7
 237 005d 03       		.uleb128 0x3
 238 005e 04       		.byte	0x4
 239 005f 05       		.byte	0x5
 240 0060 696E7400 		.ascii	"int\000"
 241 0064 02       		.uleb128 0x2
 242 0065 04       		.byte	0x4
 243 0066 07       		.byte	0x7
 244 0067 92010000 		.4byte	.LASF8
 245 006b 04       		.uleb128 0x4
 246 006c 05020000 		.4byte	.LASF12
 247 0070 02       		.byte	0x2
 248 0071 3801     		.2byte	0x138
 249 0073 2C000000 		.4byte	0x2c
 250 0077 02       		.uleb128 0x2
 251 0078 04       		.byte	0x4
 252 0079 04       		.byte	0x4
 253 007a 10010000 		.4byte	.LASF9
 254 007e 02       		.uleb128 0x2
 255 007f 08       		.byte	0x8
ARM GAS  C:\Users\LUKASC~1\AppData\Local\Temp\ccJsuAZd.s 			page 8


 256 0080 04       		.byte	0x4
 257 0081 63010000 		.4byte	.LASF10
 258 0085 02       		.uleb128 0x2
 259 0086 01       		.byte	0x1
 260 0087 08       		.byte	0x8
 261 0088 E5010000 		.4byte	.LASF11
 262 008c 04       		.uleb128 0x4
 263 008d 24010000 		.4byte	.LASF13
 264 0091 02       		.byte	0x2
 265 0092 E201     		.2byte	0x1e2
 266 0094 98000000 		.4byte	0x98
 267 0098 05       		.uleb128 0x5
 268 0099 6B000000 		.4byte	0x6b
 269 009d 06       		.uleb128 0x6
 270 009e 01       		.byte	0x1
 271 009f 03       		.byte	0x3
 272 00a0 2A       		.byte	0x2a
 273 00a1 B2000000 		.4byte	0xb2
 274 00a5 07       		.uleb128 0x7
 275 00a6 14020000 		.4byte	.LASF22
 276 00aa 03       		.byte	0x3
 277 00ab 2C       		.byte	0x2c
 278 00ac 6B000000 		.4byte	0x6b
 279 00b0 00       		.byte	0
 280 00b1 00       		.byte	0
 281 00b2 08       		.uleb128 0x8
 282 00b3 E0000000 		.4byte	.LASF14
 283 00b7 03       		.byte	0x3
 284 00b8 2D       		.byte	0x2d
 285 00b9 9D000000 		.4byte	0x9d
 286 00bd 09       		.uleb128 0x9
 287 00be 3B010000 		.4byte	.LASF15
 288 00c2 01       		.byte	0x1
 289 00c3 2C       		.byte	0x2c
 290 00c4 00000000 		.4byte	.LFB0
 291 00c8 0C000000 		.4byte	.LFE0-.LFB0
 292 00cc 01       		.uleb128 0x1
 293 00cd 9C       		.byte	0x9c
 294 00ce 09       		.uleb128 0x9
 295 00cf F8000000 		.4byte	.LASF16
 296 00d3 01       		.byte	0x1
 297 00d4 40       		.byte	0x40
 298 00d5 00000000 		.4byte	.LFB1
 299 00d9 0C000000 		.4byte	.LFE1-.LFB1
 300 00dd 01       		.uleb128 0x1
 301 00de 9C       		.byte	0x9c
 302 00df 0A       		.uleb128 0xa
 303 00e0 B6010000 		.4byte	.LASF17
 304 00e4 01       		.byte	0x1
 305 00e5 5A       		.byte	0x5a
 306 00e6 00000000 		.4byte	.LFB2
 307 00ea 48000000 		.4byte	.LFE2-.LFB2
 308 00ee 01       		.uleb128 0x1
 309 00ef 9C       		.byte	0x9c
 310 00f0 0A       		.uleb128 0xa
 311 00f1 EA010000 		.4byte	.LASF18
 312 00f5 01       		.byte	0x1
ARM GAS  C:\Users\LUKASC~1\AppData\Local\Temp\ccJsuAZd.s 			page 9


 313 00f6 84       		.byte	0x84
 314 00f7 00000000 		.4byte	.LFB3
 315 00fb 28000000 		.4byte	.LFE3-.LFB3
 316 00ff 01       		.uleb128 0x1
 317 0100 9C       		.byte	0x9c
 318 0101 0B       		.uleb128 0xb
 319 0102 C6010000 		.4byte	.LASF23
 320 0106 01       		.byte	0x1
 321 0107 18       		.byte	0x18
 322 0108 B2000000 		.4byte	0xb2
 323 010c 05       		.uleb128 0x5
 324 010d 03       		.byte	0x3
 325 010e 00000000 		.4byte	ADC_SAR_0_backup
 326 0112 00       		.byte	0
 327              		.section	.debug_abbrev,"",%progbits
 328              	.Ldebug_abbrev0:
 329 0000 01       		.uleb128 0x1
 330 0001 11       		.uleb128 0x11
 331 0002 01       		.byte	0x1
 332 0003 25       		.uleb128 0x25
 333 0004 0E       		.uleb128 0xe
 334 0005 13       		.uleb128 0x13
 335 0006 0B       		.uleb128 0xb
 336 0007 03       		.uleb128 0x3
 337 0008 0E       		.uleb128 0xe
 338 0009 1B       		.uleb128 0x1b
 339 000a 0E       		.uleb128 0xe
 340 000b 55       		.uleb128 0x55
 341 000c 17       		.uleb128 0x17
 342 000d 11       		.uleb128 0x11
 343 000e 01       		.uleb128 0x1
 344 000f 10       		.uleb128 0x10
 345 0010 17       		.uleb128 0x17
 346 0011 00       		.byte	0
 347 0012 00       		.byte	0
 348 0013 02       		.uleb128 0x2
 349 0014 24       		.uleb128 0x24
 350 0015 00       		.byte	0
 351 0016 0B       		.uleb128 0xb
 352 0017 0B       		.uleb128 0xb
 353 0018 3E       		.uleb128 0x3e
 354 0019 0B       		.uleb128 0xb
 355 001a 03       		.uleb128 0x3
 356 001b 0E       		.uleb128 0xe
 357 001c 00       		.byte	0
 358 001d 00       		.byte	0
 359 001e 03       		.uleb128 0x3
 360 001f 24       		.uleb128 0x24
 361 0020 00       		.byte	0
 362 0021 0B       		.uleb128 0xb
 363 0022 0B       		.uleb128 0xb
 364 0023 3E       		.uleb128 0x3e
 365 0024 0B       		.uleb128 0xb
 366 0025 03       		.uleb128 0x3
 367 0026 08       		.uleb128 0x8
 368 0027 00       		.byte	0
 369 0028 00       		.byte	0
ARM GAS  C:\Users\LUKASC~1\AppData\Local\Temp\ccJsuAZd.s 			page 10


 370 0029 04       		.uleb128 0x4
 371 002a 16       		.uleb128 0x16
 372 002b 00       		.byte	0
 373 002c 03       		.uleb128 0x3
 374 002d 0E       		.uleb128 0xe
 375 002e 3A       		.uleb128 0x3a
 376 002f 0B       		.uleb128 0xb
 377 0030 3B       		.uleb128 0x3b
 378 0031 05       		.uleb128 0x5
 379 0032 49       		.uleb128 0x49
 380 0033 13       		.uleb128 0x13
 381 0034 00       		.byte	0
 382 0035 00       		.byte	0
 383 0036 05       		.uleb128 0x5
 384 0037 35       		.uleb128 0x35
 385 0038 00       		.byte	0
 386 0039 49       		.uleb128 0x49
 387 003a 13       		.uleb128 0x13
 388 003b 00       		.byte	0
 389 003c 00       		.byte	0
 390 003d 06       		.uleb128 0x6
 391 003e 13       		.uleb128 0x13
 392 003f 01       		.byte	0x1
 393 0040 0B       		.uleb128 0xb
 394 0041 0B       		.uleb128 0xb
 395 0042 3A       		.uleb128 0x3a
 396 0043 0B       		.uleb128 0xb
 397 0044 3B       		.uleb128 0x3b
 398 0045 0B       		.uleb128 0xb
 399 0046 01       		.uleb128 0x1
 400 0047 13       		.uleb128 0x13
 401 0048 00       		.byte	0
 402 0049 00       		.byte	0
 403 004a 07       		.uleb128 0x7
 404 004b 0D       		.uleb128 0xd
 405 004c 00       		.byte	0
 406 004d 03       		.uleb128 0x3
 407 004e 0E       		.uleb128 0xe
 408 004f 3A       		.uleb128 0x3a
 409 0050 0B       		.uleb128 0xb
 410 0051 3B       		.uleb128 0x3b
 411 0052 0B       		.uleb128 0xb
 412 0053 49       		.uleb128 0x49
 413 0054 13       		.uleb128 0x13
 414 0055 38       		.uleb128 0x38
 415 0056 0B       		.uleb128 0xb
 416 0057 00       		.byte	0
 417 0058 00       		.byte	0
 418 0059 08       		.uleb128 0x8
 419 005a 16       		.uleb128 0x16
 420 005b 00       		.byte	0
 421 005c 03       		.uleb128 0x3
 422 005d 0E       		.uleb128 0xe
 423 005e 3A       		.uleb128 0x3a
 424 005f 0B       		.uleb128 0xb
 425 0060 3B       		.uleb128 0x3b
 426 0061 0B       		.uleb128 0xb
ARM GAS  C:\Users\LUKASC~1\AppData\Local\Temp\ccJsuAZd.s 			page 11


 427 0062 49       		.uleb128 0x49
 428 0063 13       		.uleb128 0x13
 429 0064 00       		.byte	0
 430 0065 00       		.byte	0
 431 0066 09       		.uleb128 0x9
 432 0067 2E       		.uleb128 0x2e
 433 0068 00       		.byte	0
 434 0069 3F       		.uleb128 0x3f
 435 006a 19       		.uleb128 0x19
 436 006b 03       		.uleb128 0x3
 437 006c 0E       		.uleb128 0xe
 438 006d 3A       		.uleb128 0x3a
 439 006e 0B       		.uleb128 0xb
 440 006f 3B       		.uleb128 0x3b
 441 0070 0B       		.uleb128 0xb
 442 0071 27       		.uleb128 0x27
 443 0072 19       		.uleb128 0x19
 444 0073 11       		.uleb128 0x11
 445 0074 01       		.uleb128 0x1
 446 0075 12       		.uleb128 0x12
 447 0076 06       		.uleb128 0x6
 448 0077 40       		.uleb128 0x40
 449 0078 18       		.uleb128 0x18
 450 0079 9742     		.uleb128 0x2117
 451 007b 19       		.uleb128 0x19
 452 007c 00       		.byte	0
 453 007d 00       		.byte	0
 454 007e 0A       		.uleb128 0xa
 455 007f 2E       		.uleb128 0x2e
 456 0080 00       		.byte	0
 457 0081 3F       		.uleb128 0x3f
 458 0082 19       		.uleb128 0x19
 459 0083 03       		.uleb128 0x3
 460 0084 0E       		.uleb128 0xe
 461 0085 3A       		.uleb128 0x3a
 462 0086 0B       		.uleb128 0xb
 463 0087 3B       		.uleb128 0x3b
 464 0088 0B       		.uleb128 0xb
 465 0089 27       		.uleb128 0x27
 466 008a 19       		.uleb128 0x19
 467 008b 11       		.uleb128 0x11
 468 008c 01       		.uleb128 0x1
 469 008d 12       		.uleb128 0x12
 470 008e 06       		.uleb128 0x6
 471 008f 40       		.uleb128 0x40
 472 0090 18       		.uleb128 0x18
 473 0091 9642     		.uleb128 0x2116
 474 0093 19       		.uleb128 0x19
 475 0094 00       		.byte	0
 476 0095 00       		.byte	0
 477 0096 0B       		.uleb128 0xb
 478 0097 34       		.uleb128 0x34
 479 0098 00       		.byte	0
 480 0099 03       		.uleb128 0x3
 481 009a 0E       		.uleb128 0xe
 482 009b 3A       		.uleb128 0x3a
 483 009c 0B       		.uleb128 0xb
ARM GAS  C:\Users\LUKASC~1\AppData\Local\Temp\ccJsuAZd.s 			page 12


 484 009d 3B       		.uleb128 0x3b
 485 009e 0B       		.uleb128 0xb
 486 009f 49       		.uleb128 0x49
 487 00a0 13       		.uleb128 0x13
 488 00a1 02       		.uleb128 0x2
 489 00a2 18       		.uleb128 0x18
 490 00a3 00       		.byte	0
 491 00a4 00       		.byte	0
 492 00a5 00       		.byte	0
 493              		.section	.debug_aranges,"",%progbits
 494 0000 34000000 		.4byte	0x34
 495 0004 0200     		.2byte	0x2
 496 0006 00000000 		.4byte	.Ldebug_info0
 497 000a 04       		.byte	0x4
 498 000b 00       		.byte	0
 499 000c 0000     		.2byte	0
 500 000e 0000     		.2byte	0
 501 0010 00000000 		.4byte	.LFB0
 502 0014 0C000000 		.4byte	.LFE0-.LFB0
 503 0018 00000000 		.4byte	.LFB1
 504 001c 0C000000 		.4byte	.LFE1-.LFB1
 505 0020 00000000 		.4byte	.LFB2
 506 0024 48000000 		.4byte	.LFE2-.LFB2
 507 0028 00000000 		.4byte	.LFB3
 508 002c 28000000 		.4byte	.LFE3-.LFB3
 509 0030 00000000 		.4byte	0
 510 0034 00000000 		.4byte	0
 511              		.section	.debug_ranges,"",%progbits
 512              	.Ldebug_ranges0:
 513 0000 00000000 		.4byte	.LFB0
 514 0004 0C000000 		.4byte	.LFE0
 515 0008 00000000 		.4byte	.LFB1
 516 000c 0C000000 		.4byte	.LFE1
 517 0010 00000000 		.4byte	.LFB2
 518 0014 48000000 		.4byte	.LFE2
 519 0018 00000000 		.4byte	.LFB3
 520 001c 28000000 		.4byte	.LFE3
 521 0020 00000000 		.4byte	0
 522 0024 00000000 		.4byte	0
 523              		.section	.debug_line,"",%progbits
 524              	.Ldebug_line0:
 525 0000 AD000000 		.section	.debug_str,"MS",%progbits,1
 525      02005A00 
 525      00000201 
 525      FB0E0D00 
 525      01010101 
 526              	.LASF21:
 527 0000 433A5C55 		.ascii	"C:\\Users\\Lukas Creutzburg\\Documents\\GitHub\\fre"
 527      73657273 
 527      5C4C756B 
 527      61732043 
 527      72657574 
 528 002e 65445350 		.ascii	"eDSPPSoC-I2C\\PSoC5_SPI_Master.cydsn\000"
 528      50536F43 
 528      2D493243 
 528      5C50536F 
 528      43355F53 
ARM GAS  C:\Users\LUKASC~1\AppData\Local\Temp\ccJsuAZd.s 			page 13


 529              	.LASF19:
 530 0052 474E5520 		.ascii	"GNU C 4.9.3 20150303 (release) [ARM/embedded-4_9-br"
 530      4320342E 
 530      392E3320 
 530      32303135 
 530      30333033 
 531 0085 616E6368 		.ascii	"anch revision 221220] -mcpu=cortex-m3 -mthumb -g -O"
 531      20726576 
 531      6973696F 
 531      6E203232 
 531      31323230 
 532 00b8 30202D66 		.ascii	"0 -ffunction-sections -ffat-lto-objects\000"
 532      66756E63 
 532      74696F6E 
 532      2D736563 
 532      74696F6E 
 533              	.LASF14:
 534 00e0 4144435F 		.ascii	"ADC_SAR_0_BACKUP_STRUCT\000"
 534      5341525F 
 534      305F4241 
 534      434B5550 
 534      5F535452 
 535              	.LASF16:
 536 00f8 4144435F 		.ascii	"ADC_SAR_0_RestoreConfig\000"
 536      5341525F 
 536      305F5265 
 536      73746F72 
 536      65436F6E 
 537              	.LASF9:
 538 0110 666C6F61 		.ascii	"float\000"
 538      7400
 539              	.LASF1:
 540 0116 756E7369 		.ascii	"unsigned char\000"
 540      676E6564 
 540      20636861 
 540      7200
 541              	.LASF13:
 542 0124 72656738 		.ascii	"reg8\000"
 542      00
 543              	.LASF5:
 544 0129 6C6F6E67 		.ascii	"long unsigned int\000"
 544      20756E73 
 544      69676E65 
 544      6420696E 
 544      7400
 545              	.LASF15:
 546 013b 4144435F 		.ascii	"ADC_SAR_0_SaveConfig\000"
 546      5341525F 
 546      305F5361 
 546      7665436F 
 546      6E666967 
 547              	.LASF3:
 548 0150 73686F72 		.ascii	"short unsigned int\000"
 548      7420756E 
 548      7369676E 
 548      65642069 
 548      6E7400
ARM GAS  C:\Users\LUKASC~1\AppData\Local\Temp\ccJsuAZd.s 			page 14


 549              	.LASF10:
 550 0163 646F7562 		.ascii	"double\000"
 550      6C6500
 551              	.LASF20:
 552 016a 2E5C4765 		.ascii	".\\Generated_Source\\PSoC5\\ADC_SAR_0_PM.c\000"
 552      6E657261 
 552      7465645F 
 552      536F7572 
 552      63655C50 
 553              	.LASF8:
 554 0192 756E7369 		.ascii	"unsigned int\000"
 554      676E6564 
 554      20696E74 
 554      00
 555              	.LASF7:
 556 019f 6C6F6E67 		.ascii	"long long unsigned int\000"
 556      206C6F6E 
 556      6720756E 
 556      7369676E 
 556      65642069 
 557              	.LASF17:
 558 01b6 4144435F 		.ascii	"ADC_SAR_0_Sleep\000"
 558      5341525F 
 558      305F536C 
 558      65657000 
 559              	.LASF23:
 560 01c6 4144435F 		.ascii	"ADC_SAR_0_backup\000"
 560      5341525F 
 560      305F6261 
 560      636B7570 
 560      00
 561              	.LASF6:
 562 01d7 6C6F6E67 		.ascii	"long long int\000"
 562      206C6F6E 
 562      6720696E 
 562      7400
 563              	.LASF11:
 564 01e5 63686172 		.ascii	"char\000"
 564      00
 565              	.LASF18:
 566 01ea 4144435F 		.ascii	"ADC_SAR_0_Wakeup\000"
 566      5341525F 
 566      305F5761 
 566      6B657570 
 566      00
 567              	.LASF2:
 568 01fb 73686F72 		.ascii	"short int\000"
 568      7420696E 
 568      7400
 569              	.LASF12:
 570 0205 75696E74 		.ascii	"uint8\000"
 570      3800
 571              	.LASF4:
 572 020b 6C6F6E67 		.ascii	"long int\000"
 572      20696E74 
 572      00
 573              	.LASF22:
ARM GAS  C:\Users\LUKASC~1\AppData\Local\Temp\ccJsuAZd.s 			page 15


 574 0214 656E6162 		.ascii	"enableState\000"
 574      6C655374 
 574      61746500 
 575              	.LASF0:
 576 0220 7369676E 		.ascii	"signed char\000"
 576      65642063 
 576      68617200 
 577              		.ident	"GCC: (GNU Tools for ARM Embedded Processors) 4.9.3 20150303 (release) [ARM/embedded-4_9-br
