ARM GAS  C:\Users\LUKASC~1\AppData\Local\Temp\ccqXvyXo.s 			page 1


   1              		.syntax unified
   2              		.cpu cortex-m3
   3              		.fpu softvfp
   4              		.eabi_attribute 20, 1
   5              		.eabi_attribute 21, 1
   6              		.eabi_attribute 23, 3
   7              		.eabi_attribute 24, 1
   8              		.eabi_attribute 25, 1
   9              		.eabi_attribute 26, 1
  10              		.eabi_attribute 30, 6
  11              		.eabi_attribute 34, 1
  12              		.eabi_attribute 18, 4
  13              		.thumb
  14              		.file	"AMux_1.c"
  15              		.text
  16              	.Ltext0:
  17              		.cfi_sections	.debug_frame
  18              		.data
  19              		.type	AMux_1_lastChannel, %object
  20              		.size	AMux_1_lastChannel, 1
  21              	AMux_1_lastChannel:
  22 0000 FF       		.byte	-1
  23              		.section	.text.AMux_1_Start,"ax",%progbits
  24              		.align	2
  25              		.global	AMux_1_Start
  26              		.thumb
  27              		.thumb_func
  28              		.type	AMux_1_Start, %function
  29              	AMux_1_Start:
  30              	.LFB0:
  31              		.file 1 ".\\Generated_Source\\PSoC5\\AMux_1.c"
   1:.\Generated_Source\PSoC5/AMux_1.c **** /*******************************************************************************
   2:.\Generated_Source\PSoC5/AMux_1.c **** * File Name: AMux_1.c
   3:.\Generated_Source\PSoC5/AMux_1.c **** * Version 1.80
   4:.\Generated_Source\PSoC5/AMux_1.c **** *
   5:.\Generated_Source\PSoC5/AMux_1.c **** *  Description:
   6:.\Generated_Source\PSoC5/AMux_1.c **** *    This file contains all functions required for the analog multiplexer
   7:.\Generated_Source\PSoC5/AMux_1.c **** *    AMux User Module.
   8:.\Generated_Source\PSoC5/AMux_1.c **** *
   9:.\Generated_Source\PSoC5/AMux_1.c **** *   Note:
  10:.\Generated_Source\PSoC5/AMux_1.c **** *
  11:.\Generated_Source\PSoC5/AMux_1.c **** *******************************************************************************
  12:.\Generated_Source\PSoC5/AMux_1.c **** * Copyright 2008-2010, Cypress Semiconductor Corporation.  All rights reserved.
  13:.\Generated_Source\PSoC5/AMux_1.c **** * You may use this file only in accordance with the license, terms, conditions, 
  14:.\Generated_Source\PSoC5/AMux_1.c **** * disclaimers, and limitations in the end user license agreement accompanying 
  15:.\Generated_Source\PSoC5/AMux_1.c **** * the software package with which this file was provided.
  16:.\Generated_Source\PSoC5/AMux_1.c **** ********************************************************************************/
  17:.\Generated_Source\PSoC5/AMux_1.c **** 
  18:.\Generated_Source\PSoC5/AMux_1.c **** #include "AMux_1.h"
  19:.\Generated_Source\PSoC5/AMux_1.c **** 
  20:.\Generated_Source\PSoC5/AMux_1.c **** static uint8 AMux_1_lastChannel = AMux_1_NULL_CHANNEL;
  21:.\Generated_Source\PSoC5/AMux_1.c **** 
  22:.\Generated_Source\PSoC5/AMux_1.c **** 
  23:.\Generated_Source\PSoC5/AMux_1.c **** /*******************************************************************************
  24:.\Generated_Source\PSoC5/AMux_1.c **** * Function Name: AMux_1_Start
  25:.\Generated_Source\PSoC5/AMux_1.c **** ********************************************************************************
  26:.\Generated_Source\PSoC5/AMux_1.c **** * Summary:
ARM GAS  C:\Users\LUKASC~1\AppData\Local\Temp\ccqXvyXo.s 			page 2


  27:.\Generated_Source\PSoC5/AMux_1.c **** *  Disconnect all channels.
  28:.\Generated_Source\PSoC5/AMux_1.c **** *
  29:.\Generated_Source\PSoC5/AMux_1.c **** * Parameters:
  30:.\Generated_Source\PSoC5/AMux_1.c **** *  void
  31:.\Generated_Source\PSoC5/AMux_1.c **** *
  32:.\Generated_Source\PSoC5/AMux_1.c **** * Return:
  33:.\Generated_Source\PSoC5/AMux_1.c **** *  void
  34:.\Generated_Source\PSoC5/AMux_1.c **** *
  35:.\Generated_Source\PSoC5/AMux_1.c **** *******************************************************************************/
  36:.\Generated_Source\PSoC5/AMux_1.c **** void AMux_1_Start(void) 
  37:.\Generated_Source\PSoC5/AMux_1.c **** {
  32              		.loc 1 37 0
  33              		.cfi_startproc
  34              		@ args = 0, pretend = 0, frame = 8
  35              		@ frame_needed = 1, uses_anonymous_args = 0
  36 0000 80B5     		push	{r7, lr}
  37              		.cfi_def_cfa_offset 8
  38              		.cfi_offset 7, -8
  39              		.cfi_offset 14, -4
  40 0002 82B0     		sub	sp, sp, #8
  41              		.cfi_def_cfa_offset 16
  42 0004 00AF     		add	r7, sp, #0
  43              		.cfi_def_cfa_register 7
  38:.\Generated_Source\PSoC5/AMux_1.c ****     uint8 chan;
  39:.\Generated_Source\PSoC5/AMux_1.c **** 
  40:.\Generated_Source\PSoC5/AMux_1.c ****     for(chan = 0u; chan < AMux_1_CHANNELS ; chan++)
  44              		.loc 1 40 0
  45 0006 0023     		movs	r3, #0
  46 0008 FB71     		strb	r3, [r7, #7]
  47 000a 0AE0     		b	.L2
  48              	.L3:
  41:.\Generated_Source\PSoC5/AMux_1.c ****     {
  42:.\Generated_Source\PSoC5/AMux_1.c **** #if (AMux_1_MUXTYPE == AMux_1_MUX_SINGLE)
  43:.\Generated_Source\PSoC5/AMux_1.c ****         AMux_1_Unset(chan);
  44:.\Generated_Source\PSoC5/AMux_1.c **** #else
  45:.\Generated_Source\PSoC5/AMux_1.c ****         AMux_1_CYAMUXSIDE_A_Unset(chan);
  49              		.loc 1 45 0 discriminator 3
  50 000c FB79     		ldrb	r3, [r7, #7]	@ zero_extendqisi2
  51 000e 1846     		mov	r0, r3
  52 0010 FFF7FEFF 		bl	AMux_1_CYAMUXSIDE_A_Unset
  46:.\Generated_Source\PSoC5/AMux_1.c ****         AMux_1_CYAMUXSIDE_B_Unset(chan);
  53              		.loc 1 46 0 discriminator 3
  54 0014 FB79     		ldrb	r3, [r7, #7]	@ zero_extendqisi2
  55 0016 1846     		mov	r0, r3
  56 0018 FFF7FEFF 		bl	AMux_1_CYAMUXSIDE_B_Unset
  40:.\Generated_Source\PSoC5/AMux_1.c ****     {
  57              		.loc 1 40 0 discriminator 3
  58 001c FB79     		ldrb	r3, [r7, #7]	@ zero_extendqisi2
  59 001e 0133     		adds	r3, r3, #1
  60 0020 FB71     		strb	r3, [r7, #7]
  61              	.L2:
  40:.\Generated_Source\PSoC5/AMux_1.c ****     {
  62              		.loc 1 40 0 is_stmt 0 discriminator 1
  63 0022 FB79     		ldrb	r3, [r7, #7]	@ zero_extendqisi2
  64 0024 032B     		cmp	r3, #3
  65 0026 F1D9     		bls	.L3
  47:.\Generated_Source\PSoC5/AMux_1.c **** #endif
ARM GAS  C:\Users\LUKASC~1\AppData\Local\Temp\ccqXvyXo.s 			page 3


  48:.\Generated_Source\PSoC5/AMux_1.c ****     }
  49:.\Generated_Source\PSoC5/AMux_1.c **** 
  50:.\Generated_Source\PSoC5/AMux_1.c ****     AMux_1_lastChannel = AMux_1_NULL_CHANNEL;
  66              		.loc 1 50 0 is_stmt 1
  67 0028 024B     		ldr	r3, .L4
  68 002a FF22     		movs	r2, #255
  69 002c 1A70     		strb	r2, [r3]
  51:.\Generated_Source\PSoC5/AMux_1.c **** }
  70              		.loc 1 51 0
  71 002e 0837     		adds	r7, r7, #8
  72              		.cfi_def_cfa_offset 8
  73 0030 BD46     		mov	sp, r7
  74              		.cfi_def_cfa_register 13
  75              		@ sp needed
  76 0032 80BD     		pop	{r7, pc}
  77              	.L5:
  78              		.align	2
  79              	.L4:
  80 0034 00000000 		.word	AMux_1_lastChannel
  81              		.cfi_endproc
  82              	.LFE0:
  83              		.size	AMux_1_Start, .-AMux_1_Start
  84              		.section	.text.AMux_1_Select,"ax",%progbits
  85              		.align	2
  86              		.global	AMux_1_Select
  87              		.thumb
  88              		.thumb_func
  89              		.type	AMux_1_Select, %function
  90              	AMux_1_Select:
  91              	.LFB1:
  52:.\Generated_Source\PSoC5/AMux_1.c **** 
  53:.\Generated_Source\PSoC5/AMux_1.c **** 
  54:.\Generated_Source\PSoC5/AMux_1.c **** #if (!AMux_1_ATMOSTONE)
  55:.\Generated_Source\PSoC5/AMux_1.c **** /*******************************************************************************
  56:.\Generated_Source\PSoC5/AMux_1.c **** * Function Name: AMux_1_Select
  57:.\Generated_Source\PSoC5/AMux_1.c **** ********************************************************************************
  58:.\Generated_Source\PSoC5/AMux_1.c **** * Summary:
  59:.\Generated_Source\PSoC5/AMux_1.c **** *  This functions first disconnects all channels then connects the given
  60:.\Generated_Source\PSoC5/AMux_1.c **** *  channel.
  61:.\Generated_Source\PSoC5/AMux_1.c **** *
  62:.\Generated_Source\PSoC5/AMux_1.c **** * Parameters:
  63:.\Generated_Source\PSoC5/AMux_1.c **** *  channel:  The channel to connect to the common terminal.
  64:.\Generated_Source\PSoC5/AMux_1.c **** *
  65:.\Generated_Source\PSoC5/AMux_1.c **** * Return:
  66:.\Generated_Source\PSoC5/AMux_1.c **** *  void
  67:.\Generated_Source\PSoC5/AMux_1.c **** *
  68:.\Generated_Source\PSoC5/AMux_1.c **** *******************************************************************************/
  69:.\Generated_Source\PSoC5/AMux_1.c **** void AMux_1_Select(uint8 channel) 
  70:.\Generated_Source\PSoC5/AMux_1.c **** {
  92              		.loc 1 70 0
  93              		.cfi_startproc
  94              		@ args = 0, pretend = 0, frame = 8
  95              		@ frame_needed = 1, uses_anonymous_args = 0
  96 0000 80B5     		push	{r7, lr}
  97              		.cfi_def_cfa_offset 8
  98              		.cfi_offset 7, -8
  99              		.cfi_offset 14, -4
ARM GAS  C:\Users\LUKASC~1\AppData\Local\Temp\ccqXvyXo.s 			page 4


 100 0002 82B0     		sub	sp, sp, #8
 101              		.cfi_def_cfa_offset 16
 102 0004 00AF     		add	r7, sp, #0
 103              		.cfi_def_cfa_register 7
 104 0006 0346     		mov	r3, r0
 105 0008 FB71     		strb	r3, [r7, #7]
  71:.\Generated_Source\PSoC5/AMux_1.c ****     AMux_1_DisconnectAll();        /* Disconnect all previous connections */
 106              		.loc 1 71 0
 107 000a FFF7FEFF 		bl	AMux_1_Start
  72:.\Generated_Source\PSoC5/AMux_1.c ****     AMux_1_Connect(channel);       /* Make the given selection */
 108              		.loc 1 72 0
 109 000e FB79     		ldrb	r3, [r7, #7]	@ zero_extendqisi2
 110 0010 1846     		mov	r0, r3
 111 0012 FFF7FEFF 		bl	AMux_1_Connect
  73:.\Generated_Source\PSoC5/AMux_1.c ****     AMux_1_lastChannel = channel;  /* Update last channel */
 112              		.loc 1 73 0
 113 0016 034A     		ldr	r2, .L7
 114 0018 FB79     		ldrb	r3, [r7, #7]
 115 001a 1370     		strb	r3, [r2]
  74:.\Generated_Source\PSoC5/AMux_1.c **** }
 116              		.loc 1 74 0
 117 001c 0837     		adds	r7, r7, #8
 118              		.cfi_def_cfa_offset 8
 119 001e BD46     		mov	sp, r7
 120              		.cfi_def_cfa_register 13
 121              		@ sp needed
 122 0020 80BD     		pop	{r7, pc}
 123              	.L8:
 124 0022 00BF     		.align	2
 125              	.L7:
 126 0024 00000000 		.word	AMux_1_lastChannel
 127              		.cfi_endproc
 128              	.LFE1:
 129              		.size	AMux_1_Select, .-AMux_1_Select
 130              		.section	.text.AMux_1_FastSelect,"ax",%progbits
 131              		.align	2
 132              		.global	AMux_1_FastSelect
 133              		.thumb
 134              		.thumb_func
 135              		.type	AMux_1_FastSelect, %function
 136              	AMux_1_FastSelect:
 137              	.LFB2:
  75:.\Generated_Source\PSoC5/AMux_1.c **** #endif
  76:.\Generated_Source\PSoC5/AMux_1.c **** 
  77:.\Generated_Source\PSoC5/AMux_1.c **** 
  78:.\Generated_Source\PSoC5/AMux_1.c **** /*******************************************************************************
  79:.\Generated_Source\PSoC5/AMux_1.c **** * Function Name: AMux_1_FastSelect
  80:.\Generated_Source\PSoC5/AMux_1.c **** ********************************************************************************
  81:.\Generated_Source\PSoC5/AMux_1.c **** * Summary:
  82:.\Generated_Source\PSoC5/AMux_1.c **** *  This function first disconnects the last connection made with FastSelect or
  83:.\Generated_Source\PSoC5/AMux_1.c **** *  Select, then connects the given channel. The FastSelect function is similar
  84:.\Generated_Source\PSoC5/AMux_1.c **** *  to the Select function, except it is faster since it only disconnects the
  85:.\Generated_Source\PSoC5/AMux_1.c **** *  last channel selected rather than all channels.
  86:.\Generated_Source\PSoC5/AMux_1.c **** *
  87:.\Generated_Source\PSoC5/AMux_1.c **** * Parameters:
  88:.\Generated_Source\PSoC5/AMux_1.c **** *  channel:  The channel to connect to the common terminal.
  89:.\Generated_Source\PSoC5/AMux_1.c **** *
ARM GAS  C:\Users\LUKASC~1\AppData\Local\Temp\ccqXvyXo.s 			page 5


  90:.\Generated_Source\PSoC5/AMux_1.c **** * Return:
  91:.\Generated_Source\PSoC5/AMux_1.c **** *  void
  92:.\Generated_Source\PSoC5/AMux_1.c **** *
  93:.\Generated_Source\PSoC5/AMux_1.c **** *******************************************************************************/
  94:.\Generated_Source\PSoC5/AMux_1.c **** void AMux_1_FastSelect(uint8 channel) 
  95:.\Generated_Source\PSoC5/AMux_1.c **** {
 138              		.loc 1 95 0
 139              		.cfi_startproc
 140              		@ args = 0, pretend = 0, frame = 8
 141              		@ frame_needed = 1, uses_anonymous_args = 0
 142 0000 80B5     		push	{r7, lr}
 143              		.cfi_def_cfa_offset 8
 144              		.cfi_offset 7, -8
 145              		.cfi_offset 14, -4
 146 0002 82B0     		sub	sp, sp, #8
 147              		.cfi_def_cfa_offset 16
 148 0004 00AF     		add	r7, sp, #0
 149              		.cfi_def_cfa_register 7
 150 0006 0346     		mov	r3, r0
 151 0008 FB71     		strb	r3, [r7, #7]
  96:.\Generated_Source\PSoC5/AMux_1.c ****     /* Disconnect the last valid channel */
  97:.\Generated_Source\PSoC5/AMux_1.c ****     if( AMux_1_lastChannel != AMux_1_NULL_CHANNEL)
 152              		.loc 1 97 0
 153 000a 0B4B     		ldr	r3, .L11
 154 000c 1B78     		ldrb	r3, [r3]	@ zero_extendqisi2
 155 000e FF2B     		cmp	r3, #255
 156 0010 04D0     		beq	.L10
  98:.\Generated_Source\PSoC5/AMux_1.c ****     {
  99:.\Generated_Source\PSoC5/AMux_1.c ****         AMux_1_Disconnect(AMux_1_lastChannel);
 157              		.loc 1 99 0
 158 0012 094B     		ldr	r3, .L11
 159 0014 1B78     		ldrb	r3, [r3]	@ zero_extendqisi2
 160 0016 1846     		mov	r0, r3
 161 0018 FFF7FEFF 		bl	AMux_1_Disconnect
 162              	.L10:
 100:.\Generated_Source\PSoC5/AMux_1.c ****     }
 101:.\Generated_Source\PSoC5/AMux_1.c **** 
 102:.\Generated_Source\PSoC5/AMux_1.c ****     /* Make the new channel connection */
 103:.\Generated_Source\PSoC5/AMux_1.c **** #if (AMux_1_MUXTYPE == AMux_1_MUX_SINGLE)
 104:.\Generated_Source\PSoC5/AMux_1.c ****     AMux_1_Set(channel);
 105:.\Generated_Source\PSoC5/AMux_1.c **** #else
 106:.\Generated_Source\PSoC5/AMux_1.c ****     AMux_1_CYAMUXSIDE_A_Set(channel);
 163              		.loc 1 106 0
 164 001c FB79     		ldrb	r3, [r7, #7]	@ zero_extendqisi2
 165 001e 1846     		mov	r0, r3
 166 0020 FFF7FEFF 		bl	AMux_1_CYAMUXSIDE_A_Set
 107:.\Generated_Source\PSoC5/AMux_1.c ****     AMux_1_CYAMUXSIDE_B_Set(channel);
 167              		.loc 1 107 0
 168 0024 FB79     		ldrb	r3, [r7, #7]	@ zero_extendqisi2
 169 0026 1846     		mov	r0, r3
 170 0028 FFF7FEFF 		bl	AMux_1_CYAMUXSIDE_B_Set
 108:.\Generated_Source\PSoC5/AMux_1.c **** #endif
 109:.\Generated_Source\PSoC5/AMux_1.c **** 
 110:.\Generated_Source\PSoC5/AMux_1.c **** 
 111:.\Generated_Source\PSoC5/AMux_1.c ****     AMux_1_lastChannel = channel;   /* Update last channel */
 171              		.loc 1 111 0
 172 002c 024A     		ldr	r2, .L11
ARM GAS  C:\Users\LUKASC~1\AppData\Local\Temp\ccqXvyXo.s 			page 6


 173 002e FB79     		ldrb	r3, [r7, #7]
 174 0030 1370     		strb	r3, [r2]
 112:.\Generated_Source\PSoC5/AMux_1.c **** }
 175              		.loc 1 112 0
 176 0032 0837     		adds	r7, r7, #8
 177              		.cfi_def_cfa_offset 8
 178 0034 BD46     		mov	sp, r7
 179              		.cfi_def_cfa_register 13
 180              		@ sp needed
 181 0036 80BD     		pop	{r7, pc}
 182              	.L12:
 183              		.align	2
 184              	.L11:
 185 0038 00000000 		.word	AMux_1_lastChannel
 186              		.cfi_endproc
 187              	.LFE2:
 188              		.size	AMux_1_FastSelect, .-AMux_1_FastSelect
 189              		.section	.text.AMux_1_Connect,"ax",%progbits
 190              		.align	2
 191              		.global	AMux_1_Connect
 192              		.thumb
 193              		.thumb_func
 194              		.type	AMux_1_Connect, %function
 195              	AMux_1_Connect:
 196              	.LFB3:
 113:.\Generated_Source\PSoC5/AMux_1.c **** 
 114:.\Generated_Source\PSoC5/AMux_1.c **** 
 115:.\Generated_Source\PSoC5/AMux_1.c **** #if (AMux_1_MUXTYPE == AMux_1_MUX_DIFF)
 116:.\Generated_Source\PSoC5/AMux_1.c **** #if (!AMux_1_ATMOSTONE)
 117:.\Generated_Source\PSoC5/AMux_1.c **** /*******************************************************************************
 118:.\Generated_Source\PSoC5/AMux_1.c **** * Function Name: AMux_1_Connect
 119:.\Generated_Source\PSoC5/AMux_1.c **** ********************************************************************************
 120:.\Generated_Source\PSoC5/AMux_1.c **** * Summary:
 121:.\Generated_Source\PSoC5/AMux_1.c **** *  This function connects the given channel without affecting other connections.
 122:.\Generated_Source\PSoC5/AMux_1.c **** *
 123:.\Generated_Source\PSoC5/AMux_1.c **** * Parameters:
 124:.\Generated_Source\PSoC5/AMux_1.c **** *  channel:  The channel to connect to the common terminal.
 125:.\Generated_Source\PSoC5/AMux_1.c **** *
 126:.\Generated_Source\PSoC5/AMux_1.c **** * Return:
 127:.\Generated_Source\PSoC5/AMux_1.c **** *  void
 128:.\Generated_Source\PSoC5/AMux_1.c **** *
 129:.\Generated_Source\PSoC5/AMux_1.c **** *******************************************************************************/
 130:.\Generated_Source\PSoC5/AMux_1.c **** void AMux_1_Connect(uint8 channel) 
 131:.\Generated_Source\PSoC5/AMux_1.c **** {
 197              		.loc 1 131 0
 198              		.cfi_startproc
 199              		@ args = 0, pretend = 0, frame = 8
 200              		@ frame_needed = 1, uses_anonymous_args = 0
 201 0000 80B5     		push	{r7, lr}
 202              		.cfi_def_cfa_offset 8
 203              		.cfi_offset 7, -8
 204              		.cfi_offset 14, -4
 205 0002 82B0     		sub	sp, sp, #8
 206              		.cfi_def_cfa_offset 16
 207 0004 00AF     		add	r7, sp, #0
 208              		.cfi_def_cfa_register 7
 209 0006 0346     		mov	r3, r0
ARM GAS  C:\Users\LUKASC~1\AppData\Local\Temp\ccqXvyXo.s 			page 7


 210 0008 FB71     		strb	r3, [r7, #7]
 132:.\Generated_Source\PSoC5/AMux_1.c ****     AMux_1_CYAMUXSIDE_A_Set(channel);
 211              		.loc 1 132 0
 212 000a FB79     		ldrb	r3, [r7, #7]	@ zero_extendqisi2
 213 000c 1846     		mov	r0, r3
 214 000e FFF7FEFF 		bl	AMux_1_CYAMUXSIDE_A_Set
 133:.\Generated_Source\PSoC5/AMux_1.c ****     AMux_1_CYAMUXSIDE_B_Set(channel);
 215              		.loc 1 133 0
 216 0012 FB79     		ldrb	r3, [r7, #7]	@ zero_extendqisi2
 217 0014 1846     		mov	r0, r3
 218 0016 FFF7FEFF 		bl	AMux_1_CYAMUXSIDE_B_Set
 134:.\Generated_Source\PSoC5/AMux_1.c **** }
 219              		.loc 1 134 0
 220 001a 0837     		adds	r7, r7, #8
 221              		.cfi_def_cfa_offset 8
 222 001c BD46     		mov	sp, r7
 223              		.cfi_def_cfa_register 13
 224              		@ sp needed
 225 001e 80BD     		pop	{r7, pc}
 226              		.cfi_endproc
 227              	.LFE3:
 228              		.size	AMux_1_Connect, .-AMux_1_Connect
 229              		.section	.text.AMux_1_Disconnect,"ax",%progbits
 230              		.align	2
 231              		.global	AMux_1_Disconnect
 232              		.thumb
 233              		.thumb_func
 234              		.type	AMux_1_Disconnect, %function
 235              	AMux_1_Disconnect:
 236              	.LFB4:
 135:.\Generated_Source\PSoC5/AMux_1.c **** #endif
 136:.\Generated_Source\PSoC5/AMux_1.c **** 
 137:.\Generated_Source\PSoC5/AMux_1.c **** /*******************************************************************************
 138:.\Generated_Source\PSoC5/AMux_1.c **** * Function Name: AMux_1_Disconnect
 139:.\Generated_Source\PSoC5/AMux_1.c **** ********************************************************************************
 140:.\Generated_Source\PSoC5/AMux_1.c **** * Summary:
 141:.\Generated_Source\PSoC5/AMux_1.c **** *  This function disconnects the given channel from the common or output
 142:.\Generated_Source\PSoC5/AMux_1.c **** *  terminal without affecting other connections.
 143:.\Generated_Source\PSoC5/AMux_1.c **** *
 144:.\Generated_Source\PSoC5/AMux_1.c **** * Parameters:
 145:.\Generated_Source\PSoC5/AMux_1.c **** *  channel:  The channel to disconnect from the common terminal.
 146:.\Generated_Source\PSoC5/AMux_1.c **** *
 147:.\Generated_Source\PSoC5/AMux_1.c **** * Return:
 148:.\Generated_Source\PSoC5/AMux_1.c **** *  void
 149:.\Generated_Source\PSoC5/AMux_1.c **** *
 150:.\Generated_Source\PSoC5/AMux_1.c **** *******************************************************************************/
 151:.\Generated_Source\PSoC5/AMux_1.c **** void AMux_1_Disconnect(uint8 channel) 
 152:.\Generated_Source\PSoC5/AMux_1.c **** {
 237              		.loc 1 152 0
 238              		.cfi_startproc
 239              		@ args = 0, pretend = 0, frame = 8
 240              		@ frame_needed = 1, uses_anonymous_args = 0
 241 0000 80B5     		push	{r7, lr}
 242              		.cfi_def_cfa_offset 8
 243              		.cfi_offset 7, -8
 244              		.cfi_offset 14, -4
 245 0002 82B0     		sub	sp, sp, #8
ARM GAS  C:\Users\LUKASC~1\AppData\Local\Temp\ccqXvyXo.s 			page 8


 246              		.cfi_def_cfa_offset 16
 247 0004 00AF     		add	r7, sp, #0
 248              		.cfi_def_cfa_register 7
 249 0006 0346     		mov	r3, r0
 250 0008 FB71     		strb	r3, [r7, #7]
 153:.\Generated_Source\PSoC5/AMux_1.c ****     AMux_1_CYAMUXSIDE_A_Unset(channel);
 251              		.loc 1 153 0
 252 000a FB79     		ldrb	r3, [r7, #7]	@ zero_extendqisi2
 253 000c 1846     		mov	r0, r3
 254 000e FFF7FEFF 		bl	AMux_1_CYAMUXSIDE_A_Unset
 154:.\Generated_Source\PSoC5/AMux_1.c ****     AMux_1_CYAMUXSIDE_B_Unset(channel);
 255              		.loc 1 154 0
 256 0012 FB79     		ldrb	r3, [r7, #7]	@ zero_extendqisi2
 257 0014 1846     		mov	r0, r3
 258 0016 FFF7FEFF 		bl	AMux_1_CYAMUXSIDE_B_Unset
 155:.\Generated_Source\PSoC5/AMux_1.c **** }
 259              		.loc 1 155 0
 260 001a 0837     		adds	r7, r7, #8
 261              		.cfi_def_cfa_offset 8
 262 001c BD46     		mov	sp, r7
 263              		.cfi_def_cfa_register 13
 264              		@ sp needed
 265 001e 80BD     		pop	{r7, pc}
 266              		.cfi_endproc
 267              	.LFE4:
 268              		.size	AMux_1_Disconnect, .-AMux_1_Disconnect
 269              		.text
 270              	.Letext0:
 271              		.file 2 ".\\Generated_Source\\PSoC5\\cytypes.h"
 272              		.section	.debug_info,"",%progbits
 273              	.Ldebug_info0:
 274 0000 4E010000 		.4byte	0x14e
 275 0004 0400     		.2byte	0x4
 276 0006 00000000 		.4byte	.Ldebug_abbrev0
 277 000a 04       		.byte	0x4
 278 000b 01       		.uleb128 0x1
 279 000c 67000000 		.4byte	.LASF20
 280 0010 01       		.byte	0x1
 281 0011 FB000000 		.4byte	.LASF21
 282 0015 17000000 		.4byte	.LASF22
 283 0019 00000000 		.4byte	.Ldebug_ranges0+0
 284 001d 00000000 		.4byte	0
 285 0021 00000000 		.4byte	.Ldebug_line0
 286 0025 02       		.uleb128 0x2
 287 0026 01       		.byte	0x1
 288 0027 06       		.byte	0x6
 289 0028 EB010000 		.4byte	.LASF0
 290 002c 02       		.uleb128 0x2
 291 002d 01       		.byte	0x1
 292 002e 08       		.byte	0x8
 293 002f 1D010000 		.4byte	.LASF1
 294 0033 02       		.uleb128 0x2
 295 0034 02       		.byte	0x2
 296 0035 05       		.byte	0x5
 297 0036 D2010000 		.4byte	.LASF2
 298 003a 02       		.uleb128 0x2
 299 003b 02       		.byte	0x2
ARM GAS  C:\Users\LUKASC~1\AppData\Local\Temp\ccqXvyXo.s 			page 9


 300 003c 07       		.byte	0x7
 301 003d 4F010000 		.4byte	.LASF3
 302 0041 02       		.uleb128 0x2
 303 0042 04       		.byte	0x4
 304 0043 05       		.byte	0x5
 305 0044 E2010000 		.4byte	.LASF4
 306 0048 02       		.uleb128 0x2
 307 0049 04       		.byte	0x4
 308 004a 07       		.byte	0x7
 309 004b 3D010000 		.4byte	.LASF5
 310 004f 02       		.uleb128 0x2
 311 0050 08       		.byte	0x8
 312 0051 05       		.byte	0x5
 313 0052 B1010000 		.4byte	.LASF6
 314 0056 02       		.uleb128 0x2
 315 0057 08       		.byte	0x8
 316 0058 07       		.byte	0x7
 317 0059 83010000 		.4byte	.LASF7
 318 005d 03       		.uleb128 0x3
 319 005e 04       		.byte	0x4
 320 005f 05       		.byte	0x5
 321 0060 696E7400 		.ascii	"int\000"
 322 0064 02       		.uleb128 0x2
 323 0065 04       		.byte	0x4
 324 0066 07       		.byte	0x7
 325 0067 76010000 		.4byte	.LASF8
 326 006b 04       		.uleb128 0x4
 327 006c DC010000 		.4byte	.LASF23
 328 0070 02       		.byte	0x2
 329 0071 3801     		.2byte	0x138
 330 0073 2C000000 		.4byte	0x2c
 331 0077 02       		.uleb128 0x2
 332 0078 04       		.byte	0x4
 333 0079 04       		.byte	0x4
 334 007a F5000000 		.4byte	.LASF9
 335 007e 02       		.uleb128 0x2
 336 007f 08       		.byte	0x8
 337 0080 04       		.byte	0x4
 338 0081 62010000 		.4byte	.LASF10
 339 0085 02       		.uleb128 0x2
 340 0086 01       		.byte	0x1
 341 0087 08       		.byte	0x8
 342 0088 BF010000 		.4byte	.LASF11
 343 008c 05       		.uleb128 0x5
 344 008d 69010000 		.4byte	.LASF12
 345 0091 01       		.byte	0x1
 346 0092 24       		.byte	0x24
 347 0093 00000000 		.4byte	.LFB0
 348 0097 38000000 		.4byte	.LFE0-.LFB0
 349 009b 01       		.uleb128 0x1
 350 009c 9C       		.byte	0x9c
 351 009d B0000000 		.4byte	0xb0
 352 00a1 06       		.uleb128 0x6
 353 00a2 AC010000 		.4byte	.LASF18
 354 00a6 01       		.byte	0x1
 355 00a7 26       		.byte	0x26
 356 00a8 6B000000 		.4byte	0x6b
ARM GAS  C:\Users\LUKASC~1\AppData\Local\Temp\ccqXvyXo.s 			page 10


 357 00ac 02       		.uleb128 0x2
 358 00ad 91       		.byte	0x91
 359 00ae 77       		.sleb128 -9
 360 00af 00       		.byte	0
 361 00b0 05       		.uleb128 0x5
 362 00b1 C4010000 		.4byte	.LASF13
 363 00b5 01       		.byte	0x1
 364 00b6 45       		.byte	0x45
 365 00b7 00000000 		.4byte	.LFB1
 366 00bb 28000000 		.4byte	.LFE1-.LFB1
 367 00bf 01       		.uleb128 0x1
 368 00c0 9C       		.byte	0x9c
 369 00c1 D4000000 		.4byte	0xd4
 370 00c5 07       		.uleb128 0x7
 371 00c6 00000000 		.4byte	.LASF15
 372 00ca 01       		.byte	0x1
 373 00cb 45       		.byte	0x45
 374 00cc 6B000000 		.4byte	0x6b
 375 00d0 02       		.uleb128 0x2
 376 00d1 91       		.byte	0x91
 377 00d2 77       		.sleb128 -9
 378 00d3 00       		.byte	0
 379 00d4 05       		.uleb128 0x5
 380 00d5 2B010000 		.4byte	.LASF14
 381 00d9 01       		.byte	0x1
 382 00da 5E       		.byte	0x5e
 383 00db 00000000 		.4byte	.LFB2
 384 00df 3C000000 		.4byte	.LFE2-.LFB2
 385 00e3 01       		.uleb128 0x1
 386 00e4 9C       		.byte	0x9c
 387 00e5 F8000000 		.4byte	0xf8
 388 00e9 07       		.uleb128 0x7
 389 00ea 00000000 		.4byte	.LASF15
 390 00ee 01       		.byte	0x1
 391 00ef 5E       		.byte	0x5e
 392 00f0 6B000000 		.4byte	0x6b
 393 00f4 02       		.uleb128 0x2
 394 00f5 91       		.byte	0x91
 395 00f6 77       		.sleb128 -9
 396 00f7 00       		.byte	0
 397 00f8 05       		.uleb128 0x5
 398 00f9 08000000 		.4byte	.LASF16
 399 00fd 01       		.byte	0x1
 400 00fe 82       		.byte	0x82
 401 00ff 00000000 		.4byte	.LFB3
 402 0103 20000000 		.4byte	.LFE3-.LFB3
 403 0107 01       		.uleb128 0x1
 404 0108 9C       		.byte	0x9c
 405 0109 1C010000 		.4byte	0x11c
 406 010d 07       		.uleb128 0x7
 407 010e 00000000 		.4byte	.LASF15
 408 0112 01       		.byte	0x1
 409 0113 82       		.byte	0x82
 410 0114 6B000000 		.4byte	0x6b
 411 0118 02       		.uleb128 0x2
 412 0119 91       		.byte	0x91
 413 011a 77       		.sleb128 -9
ARM GAS  C:\Users\LUKASC~1\AppData\Local\Temp\ccqXvyXo.s 			page 11


 414 011b 00       		.byte	0
 415 011c 05       		.uleb128 0x5
 416 011d 9A010000 		.4byte	.LASF17
 417 0121 01       		.byte	0x1
 418 0122 97       		.byte	0x97
 419 0123 00000000 		.4byte	.LFB4
 420 0127 20000000 		.4byte	.LFE4-.LFB4
 421 012b 01       		.uleb128 0x1
 422 012c 9C       		.byte	0x9c
 423 012d 40010000 		.4byte	0x140
 424 0131 07       		.uleb128 0x7
 425 0132 00000000 		.4byte	.LASF15
 426 0136 01       		.byte	0x1
 427 0137 97       		.byte	0x97
 428 0138 6B000000 		.4byte	0x6b
 429 013c 02       		.uleb128 0x2
 430 013d 91       		.byte	0x91
 431 013e 77       		.sleb128 -9
 432 013f 00       		.byte	0
 433 0140 06       		.uleb128 0x6
 434 0141 F7010000 		.4byte	.LASF19
 435 0145 01       		.byte	0x1
 436 0146 14       		.byte	0x14
 437 0147 6B000000 		.4byte	0x6b
 438 014b 05       		.uleb128 0x5
 439 014c 03       		.byte	0x3
 440 014d 00000000 		.4byte	AMux_1_lastChannel
 441 0151 00       		.byte	0
 442              		.section	.debug_abbrev,"",%progbits
 443              	.Ldebug_abbrev0:
 444 0000 01       		.uleb128 0x1
 445 0001 11       		.uleb128 0x11
 446 0002 01       		.byte	0x1
 447 0003 25       		.uleb128 0x25
 448 0004 0E       		.uleb128 0xe
 449 0005 13       		.uleb128 0x13
 450 0006 0B       		.uleb128 0xb
 451 0007 03       		.uleb128 0x3
 452 0008 0E       		.uleb128 0xe
 453 0009 1B       		.uleb128 0x1b
 454 000a 0E       		.uleb128 0xe
 455 000b 55       		.uleb128 0x55
 456 000c 17       		.uleb128 0x17
 457 000d 11       		.uleb128 0x11
 458 000e 01       		.uleb128 0x1
 459 000f 10       		.uleb128 0x10
 460 0010 17       		.uleb128 0x17
 461 0011 00       		.byte	0
 462 0012 00       		.byte	0
 463 0013 02       		.uleb128 0x2
 464 0014 24       		.uleb128 0x24
 465 0015 00       		.byte	0
 466 0016 0B       		.uleb128 0xb
 467 0017 0B       		.uleb128 0xb
 468 0018 3E       		.uleb128 0x3e
 469 0019 0B       		.uleb128 0xb
 470 001a 03       		.uleb128 0x3
ARM GAS  C:\Users\LUKASC~1\AppData\Local\Temp\ccqXvyXo.s 			page 12


 471 001b 0E       		.uleb128 0xe
 472 001c 00       		.byte	0
 473 001d 00       		.byte	0
 474 001e 03       		.uleb128 0x3
 475 001f 24       		.uleb128 0x24
 476 0020 00       		.byte	0
 477 0021 0B       		.uleb128 0xb
 478 0022 0B       		.uleb128 0xb
 479 0023 3E       		.uleb128 0x3e
 480 0024 0B       		.uleb128 0xb
 481 0025 03       		.uleb128 0x3
 482 0026 08       		.uleb128 0x8
 483 0027 00       		.byte	0
 484 0028 00       		.byte	0
 485 0029 04       		.uleb128 0x4
 486 002a 16       		.uleb128 0x16
 487 002b 00       		.byte	0
 488 002c 03       		.uleb128 0x3
 489 002d 0E       		.uleb128 0xe
 490 002e 3A       		.uleb128 0x3a
 491 002f 0B       		.uleb128 0xb
 492 0030 3B       		.uleb128 0x3b
 493 0031 05       		.uleb128 0x5
 494 0032 49       		.uleb128 0x49
 495 0033 13       		.uleb128 0x13
 496 0034 00       		.byte	0
 497 0035 00       		.byte	0
 498 0036 05       		.uleb128 0x5
 499 0037 2E       		.uleb128 0x2e
 500 0038 01       		.byte	0x1
 501 0039 3F       		.uleb128 0x3f
 502 003a 19       		.uleb128 0x19
 503 003b 03       		.uleb128 0x3
 504 003c 0E       		.uleb128 0xe
 505 003d 3A       		.uleb128 0x3a
 506 003e 0B       		.uleb128 0xb
 507 003f 3B       		.uleb128 0x3b
 508 0040 0B       		.uleb128 0xb
 509 0041 27       		.uleb128 0x27
 510 0042 19       		.uleb128 0x19
 511 0043 11       		.uleb128 0x11
 512 0044 01       		.uleb128 0x1
 513 0045 12       		.uleb128 0x12
 514 0046 06       		.uleb128 0x6
 515 0047 40       		.uleb128 0x40
 516 0048 18       		.uleb128 0x18
 517 0049 9642     		.uleb128 0x2116
 518 004b 19       		.uleb128 0x19
 519 004c 01       		.uleb128 0x1
 520 004d 13       		.uleb128 0x13
 521 004e 00       		.byte	0
 522 004f 00       		.byte	0
 523 0050 06       		.uleb128 0x6
 524 0051 34       		.uleb128 0x34
 525 0052 00       		.byte	0
 526 0053 03       		.uleb128 0x3
 527 0054 0E       		.uleb128 0xe
ARM GAS  C:\Users\LUKASC~1\AppData\Local\Temp\ccqXvyXo.s 			page 13


 528 0055 3A       		.uleb128 0x3a
 529 0056 0B       		.uleb128 0xb
 530 0057 3B       		.uleb128 0x3b
 531 0058 0B       		.uleb128 0xb
 532 0059 49       		.uleb128 0x49
 533 005a 13       		.uleb128 0x13
 534 005b 02       		.uleb128 0x2
 535 005c 18       		.uleb128 0x18
 536 005d 00       		.byte	0
 537 005e 00       		.byte	0
 538 005f 07       		.uleb128 0x7
 539 0060 05       		.uleb128 0x5
 540 0061 00       		.byte	0
 541 0062 03       		.uleb128 0x3
 542 0063 0E       		.uleb128 0xe
 543 0064 3A       		.uleb128 0x3a
 544 0065 0B       		.uleb128 0xb
 545 0066 3B       		.uleb128 0x3b
 546 0067 0B       		.uleb128 0xb
 547 0068 49       		.uleb128 0x49
 548 0069 13       		.uleb128 0x13
 549 006a 02       		.uleb128 0x2
 550 006b 18       		.uleb128 0x18
 551 006c 00       		.byte	0
 552 006d 00       		.byte	0
 553 006e 00       		.byte	0
 554              		.section	.debug_aranges,"",%progbits
 555 0000 3C000000 		.4byte	0x3c
 556 0004 0200     		.2byte	0x2
 557 0006 00000000 		.4byte	.Ldebug_info0
 558 000a 04       		.byte	0x4
 559 000b 00       		.byte	0
 560 000c 0000     		.2byte	0
 561 000e 0000     		.2byte	0
 562 0010 00000000 		.4byte	.LFB0
 563 0014 38000000 		.4byte	.LFE0-.LFB0
 564 0018 00000000 		.4byte	.LFB1
 565 001c 28000000 		.4byte	.LFE1-.LFB1
 566 0020 00000000 		.4byte	.LFB2
 567 0024 3C000000 		.4byte	.LFE2-.LFB2
 568 0028 00000000 		.4byte	.LFB3
 569 002c 20000000 		.4byte	.LFE3-.LFB3
 570 0030 00000000 		.4byte	.LFB4
 571 0034 20000000 		.4byte	.LFE4-.LFB4
 572 0038 00000000 		.4byte	0
 573 003c 00000000 		.4byte	0
 574              		.section	.debug_ranges,"",%progbits
 575              	.Ldebug_ranges0:
 576 0000 00000000 		.4byte	.LFB0
 577 0004 38000000 		.4byte	.LFE0
 578 0008 00000000 		.4byte	.LFB1
 579 000c 28000000 		.4byte	.LFE1
 580 0010 00000000 		.4byte	.LFB2
 581 0014 3C000000 		.4byte	.LFE2
 582 0018 00000000 		.4byte	.LFB3
 583 001c 20000000 		.4byte	.LFE3
 584 0020 00000000 		.4byte	.LFB4
ARM GAS  C:\Users\LUKASC~1\AppData\Local\Temp\ccqXvyXo.s 			page 14


 585 0024 20000000 		.4byte	.LFE4
 586 0028 00000000 		.4byte	0
 587 002c 00000000 		.4byte	0
 588              		.section	.debug_line,"",%progbits
 589              	.Ldebug_line0:
 590 0000 C7000000 		.section	.debug_str,"MS",%progbits,1
 590      02004500 
 590      00000201 
 590      FB0E0D00 
 590      01010101 
 591              	.LASF15:
 592 0000 6368616E 		.ascii	"channel\000"
 592      6E656C00 
 593              	.LASF16:
 594 0008 414D7578 		.ascii	"AMux_1_Connect\000"
 594      5F315F43 
 594      6F6E6E65 
 594      637400
 595              	.LASF22:
 596 0017 433A5C55 		.ascii	"C:\\Users\\Lukas Creutzburg\\Documents\\GitHub\\fre"
 596      73657273 
 596      5C4C756B 
 596      61732043 
 596      72657574 
 597 0045 65445350 		.ascii	"eDSPPSoC-I2C\\SAR_SPIM_USB01.cydsn\000"
 597      50536F43 
 597      2D493243 
 597      5C534152 
 597      5F535049 
 598              	.LASF20:
 599 0067 474E5520 		.ascii	"GNU C 4.9.3 20150303 (release) [ARM/embedded-4_9-br"
 599      4320342E 
 599      392E3320 
 599      32303135 
 599      30333033 
 600 009a 616E6368 		.ascii	"anch revision 221220] -mcpu=cortex-m3 -mthumb -g -O"
 600      20726576 
 600      6973696F 
 600      6E203232 
 600      31323230 
 601 00cd 30202D66 		.ascii	"0 -ffunction-sections -ffat-lto-objects\000"
 601      66756E63 
 601      74696F6E 
 601      2D736563 
 601      74696F6E 
 602              	.LASF9:
 603 00f5 666C6F61 		.ascii	"float\000"
 603      7400
 604              	.LASF21:
 605 00fb 2E5C4765 		.ascii	".\\Generated_Source\\PSoC5\\AMux_1.c\000"
 605      6E657261 
 605      7465645F 
 605      536F7572 
 605      63655C50 
 606              	.LASF1:
 607 011d 756E7369 		.ascii	"unsigned char\000"
 607      676E6564 
ARM GAS  C:\Users\LUKASC~1\AppData\Local\Temp\ccqXvyXo.s 			page 15


 607      20636861 
 607      7200
 608              	.LASF14:
 609 012b 414D7578 		.ascii	"AMux_1_FastSelect\000"
 609      5F315F46 
 609      61737453 
 609      656C6563 
 609      7400
 610              	.LASF5:
 611 013d 6C6F6E67 		.ascii	"long unsigned int\000"
 611      20756E73 
 611      69676E65 
 611      6420696E 
 611      7400
 612              	.LASF3:
 613 014f 73686F72 		.ascii	"short unsigned int\000"
 613      7420756E 
 613      7369676E 
 613      65642069 
 613      6E7400
 614              	.LASF10:
 615 0162 646F7562 		.ascii	"double\000"
 615      6C6500
 616              	.LASF12:
 617 0169 414D7578 		.ascii	"AMux_1_Start\000"
 617      5F315F53 
 617      74617274 
 617      00
 618              	.LASF8:
 619 0176 756E7369 		.ascii	"unsigned int\000"
 619      676E6564 
 619      20696E74 
 619      00
 620              	.LASF7:
 621 0183 6C6F6E67 		.ascii	"long long unsigned int\000"
 621      206C6F6E 
 621      6720756E 
 621      7369676E 
 621      65642069 
 622              	.LASF17:
 623 019a 414D7578 		.ascii	"AMux_1_Disconnect\000"
 623      5F315F44 
 623      6973636F 
 623      6E6E6563 
 623      7400
 624              	.LASF18:
 625 01ac 6368616E 		.ascii	"chan\000"
 625      00
 626              	.LASF6:
 627 01b1 6C6F6E67 		.ascii	"long long int\000"
 627      206C6F6E 
 627      6720696E 
 627      7400
 628              	.LASF11:
 629 01bf 63686172 		.ascii	"char\000"
 629      00
 630              	.LASF13:
ARM GAS  C:\Users\LUKASC~1\AppData\Local\Temp\ccqXvyXo.s 			page 16


 631 01c4 414D7578 		.ascii	"AMux_1_Select\000"
 631      5F315F53 
 631      656C6563 
 631      7400
 632              	.LASF2:
 633 01d2 73686F72 		.ascii	"short int\000"
 633      7420696E 
 633      7400
 634              	.LASF23:
 635 01dc 75696E74 		.ascii	"uint8\000"
 635      3800
 636              	.LASF4:
 637 01e2 6C6F6E67 		.ascii	"long int\000"
 637      20696E74 
 637      00
 638              	.LASF0:
 639 01eb 7369676E 		.ascii	"signed char\000"
 639      65642063 
 639      68617200 
 640              	.LASF19:
 641 01f7 414D7578 		.ascii	"AMux_1_lastChannel\000"
 641      5F315F6C 
 641      61737443 
 641      68616E6E 
 641      656C00
 642              		.ident	"GCC: (GNU Tools for ARM Embedded Processors) 4.9.3 20150303 (release) [ARM/embedded-4_9-br
