ARM GAS  C:\Users\LUKASC~1\AppData\Local\Temp\ccmUmfUR.s 			page 1


   1              		.cpu cortex-m0
   2              		.fpu softvfp
   3              		.eabi_attribute 20, 1
   4              		.eabi_attribute 21, 1
   5              		.eabi_attribute 23, 3
   6              		.eabi_attribute 24, 1
   7              		.eabi_attribute 25, 1
   8              		.eabi_attribute 26, 1
   9              		.eabi_attribute 30, 6
  10              		.eabi_attribute 34, 0
  11              		.eabi_attribute 18, 4
  12              		.code	16
  13              		.file	"Bootloadable_1.c"
  14              		.text
  15              	.Ltext0:
  16              		.cfi_sections	.debug_frame
  17              		.section	.text.Bootloadable_1_Load,"ax",%progbits
  18              		.align	2
  19              		.global	Bootloadable_1_Load
  20              		.code	16
  21              		.thumb_func
  22              		.type	Bootloadable_1_Load, %function
  23              	Bootloadable_1_Load:
  24              	.LFB0:
  25              		.file 1 ".\\Generated_Source\\PSoC4\\Bootloadable_1.c"
   1:.\Generated_Source\PSoC4/Bootloadable_1.c **** /****************************************************************************//**
   2:.\Generated_Source\PSoC4/Bootloadable_1.c **** * \file Bootloadable_1.c
   3:.\Generated_Source\PSoC4/Bootloadable_1.c **** * \version 1.50
   4:.\Generated_Source\PSoC4/Bootloadable_1.c **** *
   5:.\Generated_Source\PSoC4/Bootloadable_1.c **** * \brief
   6:.\Generated_Source\PSoC4/Bootloadable_1.c **** *   Provides an API for the Bootloadable application.
   7:.\Generated_Source\PSoC4/Bootloadable_1.c **** *
   8:.\Generated_Source\PSoC4/Bootloadable_1.c **** ********************************************************************************
   9:.\Generated_Source\PSoC4/Bootloadable_1.c **** * \copyright
  10:.\Generated_Source\PSoC4/Bootloadable_1.c **** * Copyright 2008-2015, Cypress Semiconductor Corporation.  All rights reserved.
  11:.\Generated_Source\PSoC4/Bootloadable_1.c **** * You may use this file only in accordance with the license, terms, conditions,
  12:.\Generated_Source\PSoC4/Bootloadable_1.c **** * disclaimers, and limitations in the end user license agreement accompanying
  13:.\Generated_Source\PSoC4/Bootloadable_1.c **** * the software package with which this file was provided.
  14:.\Generated_Source\PSoC4/Bootloadable_1.c **** *******************************************************************************/
  15:.\Generated_Source\PSoC4/Bootloadable_1.c **** 
  16:.\Generated_Source\PSoC4/Bootloadable_1.c **** #include "Bootloadable_1.h"
  17:.\Generated_Source\PSoC4/Bootloadable_1.c **** 
  18:.\Generated_Source\PSoC4/Bootloadable_1.c **** /**
  19:.\Generated_Source\PSoC4/Bootloadable_1.c ****  \defgroup functions_group Functions
  20:.\Generated_Source\PSoC4/Bootloadable_1.c ****  @{
  21:.\Generated_Source\PSoC4/Bootloadable_1.c **** */
  22:.\Generated_Source\PSoC4/Bootloadable_1.c **** 
  23:.\Generated_Source\PSoC4/Bootloadable_1.c **** #if (CYDEV_PROJ_TYPE == CYDEV_PROJ_TYPE_LOADABLEANDBOOTLOADER)
  24:.\Generated_Source\PSoC4/Bootloadable_1.c **** static cystatus Bootloadable_1_WriteFlashByte(const uint32 address, const uint8 inputValue) CYLARGE
  25:.\Generated_Source\PSoC4/Bootloadable_1.c ****                                ;
  26:.\Generated_Source\PSoC4/Bootloadable_1.c **** #endif /*(CYDEV_PROJ_TYPE == CYDEV_PROJ_TYPE_LOADABLEANDBOOTLOADER)*/
  27:.\Generated_Source\PSoC4/Bootloadable_1.c **** 
  28:.\Generated_Source\PSoC4/Bootloadable_1.c **** /*******************************************************************************
  29:.\Generated_Source\PSoC4/Bootloadable_1.c **** * Function Name: Bootloadable_1_Load
  30:.\Generated_Source\PSoC4/Bootloadable_1.c **** ****************************************************************************//**
  31:.\Generated_Source\PSoC4/Bootloadable_1.c **** *
  32:.\Generated_Source\PSoC4/Bootloadable_1.c **** * \brief
ARM GAS  C:\Users\LUKASC~1\AppData\Local\Temp\ccmUmfUR.s 			page 2


  33:.\Generated_Source\PSoC4/Bootloadable_1.c **** *  Schedules the Bootloader/Launcher to be launched and then performs
  34:.\Generated_Source\PSoC4/Bootloadable_1.c **** *  a software reset to launch it
  35:.\Generated_Source\PSoC4/Bootloadable_1.c **** *
  36:.\Generated_Source\PSoC4/Bootloadable_1.c **** * \return
  37:.\Generated_Source\PSoC4/Bootloadable_1.c **** *  This method will never return. It will load a new application and reset
  38:.\Generated_Source\PSoC4/Bootloadable_1.c **** *  the device.
  39:.\Generated_Source\PSoC4/Bootloadable_1.c **** *
  40:.\Generated_Source\PSoC4/Bootloadable_1.c **** *******************************************************************************/
  41:.\Generated_Source\PSoC4/Bootloadable_1.c **** void Bootloadable_1_Load(void) 
  42:.\Generated_Source\PSoC4/Bootloadable_1.c **** {
  26              		.loc 1 42 0
  27              		.cfi_startproc
  28 0000 80B5     		push	{r7, lr}
  29              		.cfi_def_cfa_offset 8
  30              		.cfi_offset 7, -8
  31              		.cfi_offset 14, -4
  32 0002 00AF     		add	r7, sp, #0
  33              		.cfi_def_cfa_register 7
  43:.\Generated_Source\PSoC4/Bootloadable_1.c ****     /* Schedule Bootloader to start after reset */
  44:.\Generated_Source\PSoC4/Bootloadable_1.c ****     Bootloadable_1_SET_RUN_TYPE(Bootloadable_1_SCHEDULE_BTLDR);
  34              		.loc 1 44 0
  35 0004 034B     		ldr	r3, .L2
  36 0006 4022     		mov	r2, #64
  37 0008 1A60     		str	r2, [r3]
  45:.\Generated_Source\PSoC4/Bootloadable_1.c **** 
  46:.\Generated_Source\PSoC4/Bootloadable_1.c ****     CySoftwareReset();
  38              		.loc 1 46 0
  39 000a FFF7FEFF 		bl	CySoftwareReset
  47:.\Generated_Source\PSoC4/Bootloadable_1.c **** }
  40              		.loc 1 47 0
  41 000e BD46     		mov	sp, r7
  42              		@ sp needed
  43 0010 80BD     		pop	{r7, pc}
  44              	.L3:
  45 0012 C046     		.align	2
  46              	.L2:
  47 0014 00000000 		.word	cyBtldrRunType
  48              		.cfi_endproc
  49              	.LFE0:
  50              		.size	Bootloadable_1_Load, .-Bootloadable_1_Load
  51              		.section	.text.Bootloadable_1_SetFlashByte,"ax",%progbits
  52              		.align	2
  53              		.global	Bootloadable_1_SetFlashByte
  54              		.code	16
  55              		.thumb_func
  56              		.type	Bootloadable_1_SetFlashByte, %function
  57              	Bootloadable_1_SetFlashByte:
  58              	.LFB1:
  48:.\Generated_Source\PSoC4/Bootloadable_1.c **** 
  49:.\Generated_Source\PSoC4/Bootloadable_1.c **** #if (CYDEV_PROJ_TYPE == CYDEV_PROJ_TYPE_LOADABLEANDBOOTLOADER)
  50:.\Generated_Source\PSoC4/Bootloadable_1.c **** /*******************************************************************************
  51:.\Generated_Source\PSoC4/Bootloadable_1.c **** * Function Name: Bootloadable_1_GetActiveApplication
  52:.\Generated_Source\PSoC4/Bootloadable_1.c **** ****************************************************************************//**
  53:.\Generated_Source\PSoC4/Bootloadable_1.c **** *
  54:.\Generated_Source\PSoC4/Bootloadable_1.c **** * \brief
  55:.\Generated_Source\PSoC4/Bootloadable_1.c **** *   Gets the application which will be loaded after a next reset event.
  56:.\Generated_Source\PSoC4/Bootloadable_1.c **** *   NOTE Intended for the combination project type ONLY!
ARM GAS  C:\Users\LUKASC~1\AppData\Local\Temp\ccmUmfUR.s 			page 3


  57:.\Generated_Source\PSoC4/Bootloadable_1.c **** *
  58:.\Generated_Source\PSoC4/Bootloadable_1.c **** * \return 
  59:.\Generated_Source\PSoC4/Bootloadable_1.c **** *  A number of the current active application set in the metadata section.
  60:.\Generated_Source\PSoC4/Bootloadable_1.c **** *  \n  0 - app#0 is set as active.
  61:.\Generated_Source\PSoC4/Bootloadable_1.c **** *  \n  1 - app#1 is set as active.
  62:.\Generated_Source\PSoC4/Bootloadable_1.c **** *
  63:.\Generated_Source\PSoC4/Bootloadable_1.c **** * \note If neither of the applications is set active, then the API returns 0x02.
  64:.\Generated_Source\PSoC4/Bootloadable_1.c **** *
  65:.\Generated_Source\PSoC4/Bootloadable_1.c **** *******************************************************************************/
  66:.\Generated_Source\PSoC4/Bootloadable_1.c **** uint8 Bootloadable_1_GetActiveApplication(void) CYSMALL \
  67:.\Generated_Source\PSoC4/Bootloadable_1.c ****                           
  68:.\Generated_Source\PSoC4/Bootloadable_1.c **** {   
  69:.\Generated_Source\PSoC4/Bootloadable_1.c ****     uint8 result = Bootloadable_1_MD_BTLDB_ACTIVE_NONE;
  70:.\Generated_Source\PSoC4/Bootloadable_1.c ****     
  71:.\Generated_Source\PSoC4/Bootloadable_1.c ****     if (0u != Bootloadable_1_GET_CODE_DATA( \
  72:.\Generated_Source\PSoC4/Bootloadable_1.c ****               Bootloadable_1_MD_BTLDB_ACTIVE_OFFSET(Bootloadable_1_MD_BTLDB_ACTIVE_0))) 
  73:.\Generated_Source\PSoC4/Bootloadable_1.c ****     {
  74:.\Generated_Source\PSoC4/Bootloadable_1.c ****         result = Bootloadable_1_MD_BTLDB_ACTIVE_0;
  75:.\Generated_Source\PSoC4/Bootloadable_1.c ****     }
  76:.\Generated_Source\PSoC4/Bootloadable_1.c ****     else if (0u != Bootloadable_1_GET_CODE_DATA( \
  77:.\Generated_Source\PSoC4/Bootloadable_1.c ****                    Bootloadable_1_MD_BTLDB_ACTIVE_OFFSET(Bootloadable_1_MD_BTLDB_ACTIVE_1)))
  78:.\Generated_Source\PSoC4/Bootloadable_1.c ****     {
  79:.\Generated_Source\PSoC4/Bootloadable_1.c ****         result = Bootloadable_1_MD_BTLDB_ACTIVE_1;    
  80:.\Generated_Source\PSoC4/Bootloadable_1.c ****     }
  81:.\Generated_Source\PSoC4/Bootloadable_1.c ****     else
  82:.\Generated_Source\PSoC4/Bootloadable_1.c ****     {
  83:.\Generated_Source\PSoC4/Bootloadable_1.c ****         /*Do nothing, result is none*/
  84:.\Generated_Source\PSoC4/Bootloadable_1.c ****     }
  85:.\Generated_Source\PSoC4/Bootloadable_1.c ****     
  86:.\Generated_Source\PSoC4/Bootloadable_1.c ****     return (result);
  87:.\Generated_Source\PSoC4/Bootloadable_1.c **** }
  88:.\Generated_Source\PSoC4/Bootloadable_1.c **** 
  89:.\Generated_Source\PSoC4/Bootloadable_1.c **** /*******************************************************************************
  90:.\Generated_Source\PSoC4/Bootloadable_1.c **** * Function Name: Bootloadable_1_SetActiveApplication
  91:.\Generated_Source\PSoC4/Bootloadable_1.c **** ****************************************************************************//**
  92:.\Generated_Source\PSoC4/Bootloadable_1.c **** *
  93:.\Generated_Source\PSoC4/Bootloadable_1.c **** * \brief 
  94:.\Generated_Source\PSoC4/Bootloadable_1.c **** *   Sets the application which will be loaded after a next reset event.          
  95:.\Generated_Source\PSoC4/Bootloadable_1.c **** *   
  96:.\Generated_Source\PSoC4/Bootloadable_1.c **** * \details
  97:.\Generated_Source\PSoC4/Bootloadable_1.c **** * Theory: 
  98:.\Generated_Source\PSoC4/Bootloadable_1.c **** *   This API sets in the Flash (metadata section) the given active application 
  99:.\Generated_Source\PSoC4/Bootloadable_1.c **** *   number.
 100:.\Generated_Source\PSoC4/Bootloadable_1.c **** *          
 101:.\Generated_Source\PSoC4/Bootloadable_1.c **** *   NOTE The active application number is not set directly, but the boolean 
 102:.\Generated_Source\PSoC4/Bootloadable_1.c **** *   mark instead means that the application is active or not for the relative 
 103:.\Generated_Source\PSoC4/Bootloadable_1.c **** *   metadata. Both metadata sections are updated. For example, if the second 
 104:.\Generated_Source\PSoC4/Bootloadable_1.c **** *   application is to be set active, then in the metadata section for the first 
 105:.\Generated_Source\PSoC4/Bootloadable_1.c **** *   application there will be a "0" written, which means that it is not active, and 
 106:.\Generated_Source\PSoC4/Bootloadable_1.c **** *   for the second metadata section there will be a "1" written, which means that it is 
 107:.\Generated_Source\PSoC4/Bootloadable_1.c **** *   active. 
 108:.\Generated_Source\PSoC4/Bootloadable_1.c **** *
 109:.\Generated_Source\PSoC4/Bootloadable_1.c **** *   NOTE Intended for the combination project type ONLY!
 110:.\Generated_Source\PSoC4/Bootloadable_1.c **** *
 111:.\Generated_Source\PSoC4/Bootloadable_1.c **** * \param appId  
 112:.\Generated_Source\PSoC4/Bootloadable_1.c **** *   The active application number to be written to flash (metadata section) 
 113:.\Generated_Source\PSoC4/Bootloadable_1.c **** *   NOTE Possible values are:
ARM GAS  C:\Users\LUKASC~1\AppData\Local\Temp\ccmUmfUR.s 			page 4


 114:.\Generated_Source\PSoC4/Bootloadable_1.c **** *   0 - for the first application
 115:.\Generated_Source\PSoC4/Bootloadable_1.c **** *   1 - for the second application.
 116:.\Generated_Source\PSoC4/Bootloadable_1.c **** *   Any other number is considered invalid. 
 117:.\Generated_Source\PSoC4/Bootloadable_1.c **** *
 118:.\Generated_Source\PSoC4/Bootloadable_1.c **** * \return 
 119:.\Generated_Source\PSoC4/Bootloadable_1.c **** *   A status of writing to flash operation.
 120:.\Generated_Source\PSoC4/Bootloadable_1.c **** *   \n CYRET_SUCCESS - Returned if appId was successfully changed. 
 121:.\Generated_Source\PSoC4/Bootloadable_1.c **** *   \n CYRET_BAD_PARAM - Returned if the parameter appID passed to the function has the 
 122:.\Generated_Source\PSoC4/Bootloadable_1.c **** *                       same value as the active application ID. 
 123:.\Generated_Source\PSoC4/Bootloadable_1.c **** *   \note - The other non-zero value is considered as a failure during writing to flash.  
 124:.\Generated_Source\PSoC4/Bootloadable_1.c **** *
 125:.\Generated_Source\PSoC4/Bootloadable_1.c **** *   \note - This API does not update Bootloader_activeApp variable.
 126:.\Generated_Source\PSoC4/Bootloadable_1.c **** *
 127:.\Generated_Source\PSoC4/Bootloadable_1.c **** *******************************************************************************/
 128:.\Generated_Source\PSoC4/Bootloadable_1.c **** cystatus Bootloadable_1_SetActiveApplication(uint8 appId) CYSMALL \
 129:.\Generated_Source\PSoC4/Bootloadable_1.c ****                 
 130:.\Generated_Source\PSoC4/Bootloadable_1.c **** {
 131:.\Generated_Source\PSoC4/Bootloadable_1.c ****     cystatus result = CYRET_SUCCESS;
 132:.\Generated_Source\PSoC4/Bootloadable_1.c **** 
 133:.\Generated_Source\PSoC4/Bootloadable_1.c ****     uint8 CYDATA idx;
 134:.\Generated_Source\PSoC4/Bootloadable_1.c ****     
 135:.\Generated_Source\PSoC4/Bootloadable_1.c ****     /* If invalid application number */
 136:.\Generated_Source\PSoC4/Bootloadable_1.c ****     if (appId > Bootloadable_1_MD_BTLDB_ACTIVE_1)
 137:.\Generated_Source\PSoC4/Bootloadable_1.c ****     {
 138:.\Generated_Source\PSoC4/Bootloadable_1.c ****         result = CYRET_BAD_PARAM;
 139:.\Generated_Source\PSoC4/Bootloadable_1.c ****     }
 140:.\Generated_Source\PSoC4/Bootloadable_1.c ****     else
 141:.\Generated_Source\PSoC4/Bootloadable_1.c ****     {
 142:.\Generated_Source\PSoC4/Bootloadable_1.c ****         /* If appID has same value as active application ID */
 143:.\Generated_Source\PSoC4/Bootloadable_1.c ****         if (1u == Bootloadable_1_GET_CODE_DATA(Bootloadable_1_MD_BTLDB_ACTIVE_OFFSET(appId)))
 144:.\Generated_Source\PSoC4/Bootloadable_1.c ****         {
 145:.\Generated_Source\PSoC4/Bootloadable_1.c ****             result = CYRET_BAD_PARAM;
 146:.\Generated_Source\PSoC4/Bootloadable_1.c ****         }
 147:.\Generated_Source\PSoC4/Bootloadable_1.c ****         else
 148:.\Generated_Source\PSoC4/Bootloadable_1.c ****         {
 149:.\Generated_Source\PSoC4/Bootloadable_1.c ****             /* Updating metadata section */
 150:.\Generated_Source\PSoC4/Bootloadable_1.c ****             for(idx = 0u; idx < Bootloadable_1_MAX_NUM_OF_BTLDB; idx++)
 151:.\Generated_Source\PSoC4/Bootloadable_1.c ****             {
 152:.\Generated_Source\PSoC4/Bootloadable_1.c ****                 result |= Bootloadable_1_WriteFlashByte((uint32) Bootloadable_1_MD_BTLDB_ACTIVE_OFF
 153:.\Generated_Source\PSoC4/Bootloadable_1.c ****                                                                                             (uint8)
 154:.\Generated_Source\PSoC4/Bootloadable_1.c ****             }
 155:.\Generated_Source\PSoC4/Bootloadable_1.c ****         }
 156:.\Generated_Source\PSoC4/Bootloadable_1.c ****     }
 157:.\Generated_Source\PSoC4/Bootloadable_1.c ****     
 158:.\Generated_Source\PSoC4/Bootloadable_1.c ****     return (result);
 159:.\Generated_Source\PSoC4/Bootloadable_1.c **** }
 160:.\Generated_Source\PSoC4/Bootloadable_1.c **** 
 161:.\Generated_Source\PSoC4/Bootloadable_1.c **** /*******************************************************************************
 162:.\Generated_Source\PSoC4/Bootloadable_1.c **** * Function Name: Bootloadable_1_WriteFlashByte
 163:.\Generated_Source\PSoC4/Bootloadable_1.c **** ****************************************************************************//**
 164:.\Generated_Source\PSoC4/Bootloadable_1.c **** *
 165:.\Generated_Source\PSoC4/Bootloadable_1.c **** * \brief 
 166:.\Generated_Source\PSoC4/Bootloadable_1.c **** *   This API writes to flash the specified data.
 167:.\Generated_Source\PSoC4/Bootloadable_1.c **** *
 168:.\Generated_Source\PSoC4/Bootloadable_1.c **** * \param address 
 169:.\Generated_Source\PSoC4/Bootloadable_1.c **** *   The address in flash.
 170:.\Generated_Source\PSoC4/Bootloadable_1.c **** *
ARM GAS  C:\Users\LUKASC~1\AppData\Local\Temp\ccmUmfUR.s 			page 5


 171:.\Generated_Source\PSoC4/Bootloadable_1.c **** * \param inputValue 
 172:.\Generated_Source\PSoC4/Bootloadable_1.c **** *   One-byte data.
 173:.\Generated_Source\PSoC4/Bootloadable_1.c **** *
 174:.\Generated_Source\PSoC4/Bootloadable_1.c **** * \return 
 175:.\Generated_Source\PSoC4/Bootloadable_1.c **** *   A status of the writing to flash procedure.
 176:.\Generated_Source\PSoC4/Bootloadable_1.c **** *
 177:.\Generated_Source\PSoC4/Bootloadable_1.c **** *******************************************************************************/
 178:.\Generated_Source\PSoC4/Bootloadable_1.c **** static cystatus Bootloadable_1_WriteFlashByte(const uint32 address, const uint8 inputValue) CYLARGE
 179:.\Generated_Source\PSoC4/Bootloadable_1.c ****                                
 180:.\Generated_Source\PSoC4/Bootloadable_1.c **** {
 181:.\Generated_Source\PSoC4/Bootloadable_1.c ****     cystatus result = CYRET_SUCCESS;
 182:.\Generated_Source\PSoC4/Bootloadable_1.c ****     uint32 flsAddr = address - CYDEV_FLASH_BASE;
 183:.\Generated_Source\PSoC4/Bootloadable_1.c ****     uint8  rowData[CYDEV_FLS_ROW_SIZE];
 184:.\Generated_Source\PSoC4/Bootloadable_1.c **** 
 185:.\Generated_Source\PSoC4/Bootloadable_1.c ****     #if !(CY_PSOC4)
 186:.\Generated_Source\PSoC4/Bootloadable_1.c ****         uint8 arrayId = ( uint8 )(flsAddr / CYDEV_FLS_SECTOR_SIZE);
 187:.\Generated_Source\PSoC4/Bootloadable_1.c ****     #endif  /* !(CY_PSOC4) */
 188:.\Generated_Source\PSoC4/Bootloadable_1.c **** 
 189:.\Generated_Source\PSoC4/Bootloadable_1.c ****     #if (CY_PSOC4)
 190:.\Generated_Source\PSoC4/Bootloadable_1.c ****         uint16 rowNum = ( uint16 )(flsAddr / CYDEV_FLS_ROW_SIZE);
 191:.\Generated_Source\PSoC4/Bootloadable_1.c ****     #else
 192:.\Generated_Source\PSoC4/Bootloadable_1.c ****         uint16 rowNum = ( uint16 )((flsAddr % CYDEV_FLS_SECTOR_SIZE) / CYDEV_FLS_ROW_SIZE);
 193:.\Generated_Source\PSoC4/Bootloadable_1.c ****     #endif  /* (CY_PSOC4) */
 194:.\Generated_Source\PSoC4/Bootloadable_1.c **** 
 195:.\Generated_Source\PSoC4/Bootloadable_1.c ****     uint32 baseAddr = address - (address % CYDEV_FLS_ROW_SIZE);
 196:.\Generated_Source\PSoC4/Bootloadable_1.c ****     uint16 idx;
 197:.\Generated_Source\PSoC4/Bootloadable_1.c **** 
 198:.\Generated_Source\PSoC4/Bootloadable_1.c ****     for(idx = 0u; idx < CYDEV_FLS_ROW_SIZE; idx++)
 199:.\Generated_Source\PSoC4/Bootloadable_1.c ****     {
 200:.\Generated_Source\PSoC4/Bootloadable_1.c ****         rowData[idx] = (uint8)Bootloadable_1_GET_CODE_DATA(baseAddr + idx);
 201:.\Generated_Source\PSoC4/Bootloadable_1.c ****     }
 202:.\Generated_Source\PSoC4/Bootloadable_1.c **** 
 203:.\Generated_Source\PSoC4/Bootloadable_1.c ****     rowData[address % CYDEV_FLS_ROW_SIZE] = inputValue;
 204:.\Generated_Source\PSoC4/Bootloadable_1.c **** 
 205:.\Generated_Source\PSoC4/Bootloadable_1.c ****     #if(CY_PSOC4)
 206:.\Generated_Source\PSoC4/Bootloadable_1.c ****         result = CySysFlashWriteRow((uint32) rowNum, rowData);
 207:.\Generated_Source\PSoC4/Bootloadable_1.c ****     #else
 208:.\Generated_Source\PSoC4/Bootloadable_1.c ****         result = CyWriteRowData(arrayId, rowNum, rowData);
 209:.\Generated_Source\PSoC4/Bootloadable_1.c ****     #endif  /* (CY_PSOC4) */
 210:.\Generated_Source\PSoC4/Bootloadable_1.c **** 
 211:.\Generated_Source\PSoC4/Bootloadable_1.c ****     #if(CY_PSOC5)
 212:.\Generated_Source\PSoC4/Bootloadable_1.c ****         /***************************************************************************
 213:.\Generated_Source\PSoC4/Bootloadable_1.c ****         * When writing to flash, data in the instruction cache can become stale.
 214:.\Generated_Source\PSoC4/Bootloadable_1.c ****         * Therefore, the cache data does not correlate to the data just written to
 215:.\Generated_Source\PSoC4/Bootloadable_1.c ****         * flash. A call to CyFlushCache() is required to invalidate the data in the
 216:.\Generated_Source\PSoC4/Bootloadable_1.c ****         * cache and force fresh information to be loaded from flash.
 217:.\Generated_Source\PSoC4/Bootloadable_1.c ****         ***************************************************************************/
 218:.\Generated_Source\PSoC4/Bootloadable_1.c ****         CyFlushCache();
 219:.\Generated_Source\PSoC4/Bootloadable_1.c ****     #endif /* (CY_PSOC5) */
 220:.\Generated_Source\PSoC4/Bootloadable_1.c ****     return (result);
 221:.\Generated_Source\PSoC4/Bootloadable_1.c **** }
 222:.\Generated_Source\PSoC4/Bootloadable_1.c **** #endif /*(CYDEV_PROJ_TYPE == CYDEV_PROJ_TYPE_LOADABLEANDBOOTLOADER)*/
 223:.\Generated_Source\PSoC4/Bootloadable_1.c **** /** @} functions_group */
 224:.\Generated_Source\PSoC4/Bootloadable_1.c **** 
 225:.\Generated_Source\PSoC4/Bootloadable_1.c **** /*******************************************************************************
 226:.\Generated_Source\PSoC4/Bootloadable_1.c **** * The following code is OBSOLETE and must not be used.
 227:.\Generated_Source\PSoC4/Bootloadable_1.c **** *******************************************************************************/
ARM GAS  C:\Users\LUKASC~1\AppData\Local\Temp\ccmUmfUR.s 			page 6


 228:.\Generated_Source\PSoC4/Bootloadable_1.c **** void Bootloadable_1_SetFlashByte(uint32 address, uint8 runType) 
 229:.\Generated_Source\PSoC4/Bootloadable_1.c **** {
  59              		.loc 1 229 0
  60              		.cfi_startproc
  61 0000 80B5     		push	{r7, lr}
  62              		.cfi_def_cfa_offset 8
  63              		.cfi_offset 7, -8
  64              		.cfi_offset 14, -4
  65 0002 A6B0     		sub	sp, sp, #152
  66              		.cfi_def_cfa_offset 160
  67 0004 00AF     		add	r7, sp, #0
  68              		.cfi_def_cfa_register 7
  69 0006 7860     		str	r0, [r7, #4]
  70 0008 0A1C     		mov	r2, r1
  71 000a FB1C     		add	r3, r7, #3
  72 000c 1A70     		strb	r2, [r3]
 230:.\Generated_Source\PSoC4/Bootloadable_1.c ****     uint32 flsAddr = address - CYDEV_FLASH_BASE;
  73              		.loc 1 230 0
  74 000e 7B68     		ldr	r3, [r7, #4]
  75 0010 9022     		mov	r2, #144
  76 0012 BA18     		add	r2, r7, r2
  77 0014 1360     		str	r3, [r2]
 231:.\Generated_Source\PSoC4/Bootloadable_1.c ****     uint8  rowData[CYDEV_FLS_ROW_SIZE];
 232:.\Generated_Source\PSoC4/Bootloadable_1.c **** 
 233:.\Generated_Source\PSoC4/Bootloadable_1.c ****     #if !(CY_PSOC4)
 234:.\Generated_Source\PSoC4/Bootloadable_1.c ****         uint8 arrayId = ( uint8 )(flsAddr / CYDEV_FLS_SECTOR_SIZE);
 235:.\Generated_Source\PSoC4/Bootloadable_1.c ****     #endif  /* !(CY_PSOC4) */
 236:.\Generated_Source\PSoC4/Bootloadable_1.c **** 
 237:.\Generated_Source\PSoC4/Bootloadable_1.c ****     #if (CY_PSOC4)
 238:.\Generated_Source\PSoC4/Bootloadable_1.c ****         uint16 rowNum = ( uint16 )(flsAddr / CYDEV_FLS_ROW_SIZE);
  78              		.loc 1 238 0
  79 0016 9023     		mov	r3, #144
  80 0018 FB18     		add	r3, r7, r3
  81 001a 1B68     		ldr	r3, [r3]
  82 001c DA09     		lsr	r2, r3, #7
  83 001e 8E23     		mov	r3, #142
  84 0020 FB18     		add	r3, r7, r3
  85 0022 1A80     		strh	r2, [r3]
 239:.\Generated_Source\PSoC4/Bootloadable_1.c ****     #else
 240:.\Generated_Source\PSoC4/Bootloadable_1.c ****         uint16 rowNum = ( uint16 )((flsAddr % CYDEV_FLS_SECTOR_SIZE) / CYDEV_FLS_ROW_SIZE);
 241:.\Generated_Source\PSoC4/Bootloadable_1.c ****     #endif  /* (CY_PSOC4) */
 242:.\Generated_Source\PSoC4/Bootloadable_1.c **** 
 243:.\Generated_Source\PSoC4/Bootloadable_1.c ****     uint32 baseAddr = address - (address % CYDEV_FLS_ROW_SIZE);
  86              		.loc 1 243 0
  87 0024 7B68     		ldr	r3, [r7, #4]
  88 0026 7F22     		mov	r2, #127
  89 0028 9343     		bic	r3, r2
  90 002a 8822     		mov	r2, #136
  91 002c BA18     		add	r2, r7, r2
  92 002e 1360     		str	r3, [r2]
 244:.\Generated_Source\PSoC4/Bootloadable_1.c ****     uint16 idx;
 245:.\Generated_Source\PSoC4/Bootloadable_1.c **** 
 246:.\Generated_Source\PSoC4/Bootloadable_1.c **** 
 247:.\Generated_Source\PSoC4/Bootloadable_1.c ****     for (idx = 0u; idx < CYDEV_FLS_ROW_SIZE; idx++)
  93              		.loc 1 247 0
  94 0030 9623     		mov	r3, #150
  95 0032 FB18     		add	r3, r7, r3
ARM GAS  C:\Users\LUKASC~1\AppData\Local\Temp\ccmUmfUR.s 			page 7


  96 0034 0022     		mov	r2, #0
  97 0036 1A80     		strh	r2, [r3]
  98 0038 14E0     		b	.L5
  99              	.L6:
 248:.\Generated_Source\PSoC4/Bootloadable_1.c ****     {
 249:.\Generated_Source\PSoC4/Bootloadable_1.c ****         rowData[idx] = Bootloadable_1_GET_CODE_DATA(baseAddr + idx);
 100              		.loc 1 249 0 discriminator 3
 101 003a 9623     		mov	r3, #150
 102 003c FB18     		add	r3, r7, r3
 103 003e 1B88     		ldrh	r3, [r3]
 104 0040 9622     		mov	r2, #150
 105 0042 BA18     		add	r2, r7, r2
 106 0044 1188     		ldrh	r1, [r2]
 107 0046 8822     		mov	r2, #136
 108 0048 BA18     		add	r2, r7, r2
 109 004a 1268     		ldr	r2, [r2]
 110 004c 8A18     		add	r2, r1, r2
 111 004e 1178     		ldrb	r1, [r2]
 112 0050 0822     		mov	r2, #8
 113 0052 BA18     		add	r2, r7, r2
 114 0054 D154     		strb	r1, [r2, r3]
 247:.\Generated_Source\PSoC4/Bootloadable_1.c ****     {
 115              		.loc 1 247 0 discriminator 3
 116 0056 9623     		mov	r3, #150
 117 0058 FB18     		add	r3, r7, r3
 118 005a 1A88     		ldrh	r2, [r3]
 119 005c 9623     		mov	r3, #150
 120 005e FB18     		add	r3, r7, r3
 121 0060 0132     		add	r2, r2, #1
 122 0062 1A80     		strh	r2, [r3]
 123              	.L5:
 247:.\Generated_Source\PSoC4/Bootloadable_1.c ****     {
 124              		.loc 1 247 0 is_stmt 0 discriminator 1
 125 0064 9623     		mov	r3, #150
 126 0066 FB18     		add	r3, r7, r3
 127 0068 1B88     		ldrh	r3, [r3]
 128 006a 7F2B     		cmp	r3, #127
 129 006c E5D9     		bls	.L6
 250:.\Generated_Source\PSoC4/Bootloadable_1.c ****     }
 251:.\Generated_Source\PSoC4/Bootloadable_1.c ****     rowData[address % CYDEV_FLS_ROW_SIZE] = runType;
 130              		.loc 1 251 0 is_stmt 1
 131 006e 7B68     		ldr	r3, [r7, #4]
 132 0070 7F22     		mov	r2, #127
 133 0072 1340     		and	r3, r2
 134 0074 0822     		mov	r2, #8
 135 0076 BA18     		add	r2, r7, r2
 136 0078 F91C     		add	r1, r7, #3
 137 007a 0978     		ldrb	r1, [r1]
 138 007c D154     		strb	r1, [r2, r3]
 252:.\Generated_Source\PSoC4/Bootloadable_1.c **** 
 253:.\Generated_Source\PSoC4/Bootloadable_1.c ****     #if(CY_PSOC4)
 254:.\Generated_Source\PSoC4/Bootloadable_1.c ****         (void) CySysFlashWriteRow((uint32) rowNum, rowData);
 139              		.loc 1 254 0
 140 007e 8E23     		mov	r3, #142
 141 0080 FB18     		add	r3, r7, r3
 142 0082 1A88     		ldrh	r2, [r3]
 143 0084 0823     		mov	r3, #8
ARM GAS  C:\Users\LUKASC~1\AppData\Local\Temp\ccmUmfUR.s 			page 8


 144 0086 FB18     		add	r3, r7, r3
 145 0088 101C     		mov	r0, r2
 146 008a 191C     		mov	r1, r3
 147 008c FFF7FEFF 		bl	CySysFlashWriteRow
 255:.\Generated_Source\PSoC4/Bootloadable_1.c ****     #else
 256:.\Generated_Source\PSoC4/Bootloadable_1.c ****         (void) CyWriteRowData(arrayId, rowNum, rowData);
 257:.\Generated_Source\PSoC4/Bootloadable_1.c ****     #endif  /* (CY_PSOC4) */
 258:.\Generated_Source\PSoC4/Bootloadable_1.c **** 
 259:.\Generated_Source\PSoC4/Bootloadable_1.c ****     #if(CY_PSOC5)
 260:.\Generated_Source\PSoC4/Bootloadable_1.c ****         /***************************************************************************
 261:.\Generated_Source\PSoC4/Bootloadable_1.c ****         * When writing to flash, data in the instruction cache can become obsolete.
 262:.\Generated_Source\PSoC4/Bootloadable_1.c ****         * Therefore, the cache data does not correlate to the data just written to
 263:.\Generated_Source\PSoC4/Bootloadable_1.c ****         * flash. A call to CyFlushCache() is required to invalidate the data in the
 264:.\Generated_Source\PSoC4/Bootloadable_1.c ****         * cache and force fresh information to be loaded from flash.
 265:.\Generated_Source\PSoC4/Bootloadable_1.c ****         ***************************************************************************/
 266:.\Generated_Source\PSoC4/Bootloadable_1.c ****         CyFlushCache();
 267:.\Generated_Source\PSoC4/Bootloadable_1.c ****     #endif /* (CY_PSOC5) */
 268:.\Generated_Source\PSoC4/Bootloadable_1.c **** }
 148              		.loc 1 268 0
 149 0090 BD46     		mov	sp, r7
 150 0092 26B0     		add	sp, sp, #152
 151              		@ sp needed
 152 0094 80BD     		pop	{r7, pc}
 153              		.cfi_endproc
 154              	.LFE1:
 155              		.size	Bootloadable_1_SetFlashByte, .-Bootloadable_1_SetFlashByte
 156 0096 C046     		.text
 157              	.Letext0:
 158              		.file 2 ".\\Generated_Source\\PSoC4\\cytypes.h"
 159              		.file 3 ".\\Generated_Source\\PSoC4\\Bootloadable_1.h"
 160              		.section	.debug_info,"",%progbits
 161              	.Ldebug_info0:
 162 0000 54010000 		.4byte	0x154
 163 0004 0400     		.2byte	0x4
 164 0006 00000000 		.4byte	.Ldebug_abbrev0
 165 000a 04       		.byte	0x4
 166 000b 01       		.uleb128 0x1
 167 000c 41010000 		.4byte	.LASF22
 168 0010 01       		.byte	0x1
 169 0011 C8000000 		.4byte	.LASF23
 170 0015 22000000 		.4byte	.LASF24
 171 0019 00000000 		.4byte	.Ldebug_ranges0+0
 172 001d 00000000 		.4byte	0
 173 0021 00000000 		.4byte	.Ldebug_line0
 174 0025 02       		.uleb128 0x2
 175 0026 01       		.byte	0x1
 176 0027 06       		.byte	0x6
 177 0028 0D020000 		.4byte	.LASF0
 178 002c 02       		.uleb128 0x2
 179 002d 01       		.byte	0x1
 180 002e 08       		.byte	0x8
 181 002f CF010000 		.4byte	.LASF1
 182 0033 02       		.uleb128 0x2
 183 0034 02       		.byte	0x2
 184 0035 05       		.byte	0x5
 185 0036 1F020000 		.4byte	.LASF2
 186 003a 02       		.uleb128 0x2
ARM GAS  C:\Users\LUKASC~1\AppData\Local\Temp\ccmUmfUR.s 			page 9


 187 003b 02       		.byte	0x2
 188 003c 07       		.byte	0x7
 189 003d 21010000 		.4byte	.LASF3
 190 0041 02       		.uleb128 0x2
 191 0042 04       		.byte	0x4
 192 0043 05       		.byte	0x5
 193 0044 E5010000 		.4byte	.LASF4
 194 0048 02       		.uleb128 0x2
 195 0049 04       		.byte	0x4
 196 004a 07       		.byte	0x7
 197 004b F8000000 		.4byte	.LASF5
 198 004f 02       		.uleb128 0x2
 199 0050 08       		.byte	0x8
 200 0051 05       		.byte	0x5
 201 0052 00000000 		.4byte	.LASF6
 202 0056 02       		.uleb128 0x2
 203 0057 08       		.byte	0x8
 204 0058 07       		.byte	0x7
 205 0059 0A010000 		.4byte	.LASF7
 206 005d 03       		.uleb128 0x3
 207 005e 04       		.byte	0x4
 208 005f 05       		.byte	0x5
 209 0060 696E7400 		.ascii	"int\000"
 210 0064 02       		.uleb128 0x2
 211 0065 04       		.byte	0x4
 212 0066 07       		.byte	0x7
 213 0067 15000000 		.4byte	.LASF8
 214 006b 04       		.uleb128 0x4
 215 006c F2000000 		.4byte	.LASF9
 216 0070 02       		.byte	0x2
 217 0071 3801     		.2byte	0x138
 218 0073 2C000000 		.4byte	0x2c
 219 0077 04       		.uleb128 0x4
 220 0078 29020000 		.4byte	.LASF10
 221 007c 02       		.byte	0x2
 222 007d 3901     		.2byte	0x139
 223 007f 3A000000 		.4byte	0x3a
 224 0083 04       		.uleb128 0x4
 225 0084 0E000000 		.4byte	.LASF11
 226 0088 02       		.byte	0x2
 227 0089 3A01     		.2byte	0x13a
 228 008b 48000000 		.4byte	0x48
 229 008f 02       		.uleb128 0x2
 230 0090 04       		.byte	0x4
 231 0091 04       		.byte	0x4
 232 0092 19020000 		.4byte	.LASF12
 233 0096 02       		.uleb128 0x2
 234 0097 08       		.byte	0x8
 235 0098 04       		.byte	0x4
 236 0099 EE010000 		.4byte	.LASF13
 237 009d 02       		.uleb128 0x2
 238 009e 01       		.byte	0x1
 239 009f 08       		.byte	0x8
 240 00a0 3C010000 		.4byte	.LASF14
 241 00a4 05       		.uleb128 0x5
 242 00a5 83000000 		.4byte	0x83
 243 00a9 02       		.uleb128 0x2
ARM GAS  C:\Users\LUKASC~1\AppData\Local\Temp\ccmUmfUR.s 			page 10


 244 00aa 04       		.byte	0x4
 245 00ab 07       		.byte	0x7
 246 00ac 3F020000 		.4byte	.LASF15
 247 00b0 06       		.uleb128 0x6
 248 00b1 90000000 		.4byte	.LASF25
 249 00b5 01       		.byte	0x1
 250 00b6 29       		.byte	0x29
 251 00b7 00000000 		.4byte	.LFB0
 252 00bb 18000000 		.4byte	.LFE0-.LFB0
 253 00bf 01       		.uleb128 0x1
 254 00c0 9C       		.byte	0x9c
 255 00c1 07       		.uleb128 0x7
 256 00c2 A4000000 		.4byte	.LASF26
 257 00c6 01       		.byte	0x1
 258 00c7 E4       		.byte	0xe4
 259 00c8 00000000 		.4byte	.LFB1
 260 00cc 96000000 		.4byte	.LFE1-.LFB1
 261 00d0 01       		.uleb128 0x1
 262 00d1 9C       		.byte	0x9c
 263 00d2 3C010000 		.4byte	0x13c
 264 00d6 08       		.uleb128 0x8
 265 00d7 34010000 		.4byte	.LASF16
 266 00db 01       		.byte	0x1
 267 00dc E4       		.byte	0xe4
 268 00dd 83000000 		.4byte	0x83
 269 00e1 03       		.uleb128 0x3
 270 00e2 91       		.byte	0x91
 271 00e3 E47E     		.sleb128 -156
 272 00e5 08       		.uleb128 0x8
 273 00e6 C0000000 		.4byte	.LASF17
 274 00ea 01       		.byte	0x1
 275 00eb E4       		.byte	0xe4
 276 00ec 6B000000 		.4byte	0x6b
 277 00f0 03       		.uleb128 0x3
 278 00f1 91       		.byte	0x91
 279 00f2 E37E     		.sleb128 -157
 280 00f4 09       		.uleb128 0x9
 281 00f5 DD010000 		.4byte	.LASF18
 282 00f9 01       		.byte	0x1
 283 00fa E6       		.byte	0xe6
 284 00fb 83000000 		.4byte	0x83
 285 00ff 02       		.uleb128 0x2
 286 0100 91       		.byte	0x91
 287 0101 70       		.sleb128 -16
 288 0102 09       		.uleb128 0x9
 289 0103 37020000 		.4byte	.LASF19
 290 0107 01       		.byte	0x1
 291 0108 E7       		.byte	0xe7
 292 0109 3C010000 		.4byte	0x13c
 293 010d 03       		.uleb128 0x3
 294 010e 91       		.byte	0x91
 295 010f E87E     		.sleb128 -152
 296 0111 09       		.uleb128 0x9
 297 0112 30020000 		.4byte	.LASF20
 298 0116 01       		.byte	0x1
 299 0117 EE       		.byte	0xee
 300 0118 77000000 		.4byte	0x77
ARM GAS  C:\Users\LUKASC~1\AppData\Local\Temp\ccmUmfUR.s 			page 11


 301 011c 02       		.uleb128 0x2
 302 011d 91       		.byte	0x91
 303 011e 6E       		.sleb128 -18
 304 011f 09       		.uleb128 0x9
 305 0120 F5010000 		.4byte	.LASF21
 306 0124 01       		.byte	0x1
 307 0125 F3       		.byte	0xf3
 308 0126 83000000 		.4byte	0x83
 309 012a 02       		.uleb128 0x2
 310 012b 91       		.byte	0x91
 311 012c 68       		.sleb128 -24
 312 012d 0A       		.uleb128 0xa
 313 012e 69647800 		.ascii	"idx\000"
 314 0132 01       		.byte	0x1
 315 0133 F4       		.byte	0xf4
 316 0134 77000000 		.4byte	0x77
 317 0138 02       		.uleb128 0x2
 318 0139 91       		.byte	0x91
 319 013a 76       		.sleb128 -10
 320 013b 00       		.byte	0
 321 013c 0B       		.uleb128 0xb
 322 013d 6B000000 		.4byte	0x6b
 323 0141 4C010000 		.4byte	0x14c
 324 0145 0C       		.uleb128 0xc
 325 0146 A9000000 		.4byte	0xa9
 326 014a 7F       		.byte	0x7f
 327 014b 00       		.byte	0
 328 014c 0D       		.uleb128 0xd
 329 014d FE010000 		.4byte	.LASF27
 330 0151 03       		.byte	0x3
 331 0152 38       		.byte	0x38
 332 0153 A4000000 		.4byte	0xa4
 333 0157 00       		.byte	0
 334              		.section	.debug_abbrev,"",%progbits
 335              	.Ldebug_abbrev0:
 336 0000 01       		.uleb128 0x1
 337 0001 11       		.uleb128 0x11
 338 0002 01       		.byte	0x1
 339 0003 25       		.uleb128 0x25
 340 0004 0E       		.uleb128 0xe
 341 0005 13       		.uleb128 0x13
 342 0006 0B       		.uleb128 0xb
 343 0007 03       		.uleb128 0x3
 344 0008 0E       		.uleb128 0xe
 345 0009 1B       		.uleb128 0x1b
 346 000a 0E       		.uleb128 0xe
 347 000b 55       		.uleb128 0x55
 348 000c 17       		.uleb128 0x17
 349 000d 11       		.uleb128 0x11
 350 000e 01       		.uleb128 0x1
 351 000f 10       		.uleb128 0x10
 352 0010 17       		.uleb128 0x17
 353 0011 00       		.byte	0
 354 0012 00       		.byte	0
 355 0013 02       		.uleb128 0x2
 356 0014 24       		.uleb128 0x24
 357 0015 00       		.byte	0
ARM GAS  C:\Users\LUKASC~1\AppData\Local\Temp\ccmUmfUR.s 			page 12


 358 0016 0B       		.uleb128 0xb
 359 0017 0B       		.uleb128 0xb
 360 0018 3E       		.uleb128 0x3e
 361 0019 0B       		.uleb128 0xb
 362 001a 03       		.uleb128 0x3
 363 001b 0E       		.uleb128 0xe
 364 001c 00       		.byte	0
 365 001d 00       		.byte	0
 366 001e 03       		.uleb128 0x3
 367 001f 24       		.uleb128 0x24
 368 0020 00       		.byte	0
 369 0021 0B       		.uleb128 0xb
 370 0022 0B       		.uleb128 0xb
 371 0023 3E       		.uleb128 0x3e
 372 0024 0B       		.uleb128 0xb
 373 0025 03       		.uleb128 0x3
 374 0026 08       		.uleb128 0x8
 375 0027 00       		.byte	0
 376 0028 00       		.byte	0
 377 0029 04       		.uleb128 0x4
 378 002a 16       		.uleb128 0x16
 379 002b 00       		.byte	0
 380 002c 03       		.uleb128 0x3
 381 002d 0E       		.uleb128 0xe
 382 002e 3A       		.uleb128 0x3a
 383 002f 0B       		.uleb128 0xb
 384 0030 3B       		.uleb128 0x3b
 385 0031 05       		.uleb128 0x5
 386 0032 49       		.uleb128 0x49
 387 0033 13       		.uleb128 0x13
 388 0034 00       		.byte	0
 389 0035 00       		.byte	0
 390 0036 05       		.uleb128 0x5
 391 0037 35       		.uleb128 0x35
 392 0038 00       		.byte	0
 393 0039 49       		.uleb128 0x49
 394 003a 13       		.uleb128 0x13
 395 003b 00       		.byte	0
 396 003c 00       		.byte	0
 397 003d 06       		.uleb128 0x6
 398 003e 2E       		.uleb128 0x2e
 399 003f 00       		.byte	0
 400 0040 3F       		.uleb128 0x3f
 401 0041 19       		.uleb128 0x19
 402 0042 03       		.uleb128 0x3
 403 0043 0E       		.uleb128 0xe
 404 0044 3A       		.uleb128 0x3a
 405 0045 0B       		.uleb128 0xb
 406 0046 3B       		.uleb128 0x3b
 407 0047 0B       		.uleb128 0xb
 408 0048 27       		.uleb128 0x27
 409 0049 19       		.uleb128 0x19
 410 004a 11       		.uleb128 0x11
 411 004b 01       		.uleb128 0x1
 412 004c 12       		.uleb128 0x12
 413 004d 06       		.uleb128 0x6
 414 004e 40       		.uleb128 0x40
ARM GAS  C:\Users\LUKASC~1\AppData\Local\Temp\ccmUmfUR.s 			page 13


 415 004f 18       		.uleb128 0x18
 416 0050 9642     		.uleb128 0x2116
 417 0052 19       		.uleb128 0x19
 418 0053 00       		.byte	0
 419 0054 00       		.byte	0
 420 0055 07       		.uleb128 0x7
 421 0056 2E       		.uleb128 0x2e
 422 0057 01       		.byte	0x1
 423 0058 3F       		.uleb128 0x3f
 424 0059 19       		.uleb128 0x19
 425 005a 03       		.uleb128 0x3
 426 005b 0E       		.uleb128 0xe
 427 005c 3A       		.uleb128 0x3a
 428 005d 0B       		.uleb128 0xb
 429 005e 3B       		.uleb128 0x3b
 430 005f 0B       		.uleb128 0xb
 431 0060 27       		.uleb128 0x27
 432 0061 19       		.uleb128 0x19
 433 0062 11       		.uleb128 0x11
 434 0063 01       		.uleb128 0x1
 435 0064 12       		.uleb128 0x12
 436 0065 06       		.uleb128 0x6
 437 0066 40       		.uleb128 0x40
 438 0067 18       		.uleb128 0x18
 439 0068 9642     		.uleb128 0x2116
 440 006a 19       		.uleb128 0x19
 441 006b 01       		.uleb128 0x1
 442 006c 13       		.uleb128 0x13
 443 006d 00       		.byte	0
 444 006e 00       		.byte	0
 445 006f 08       		.uleb128 0x8
 446 0070 05       		.uleb128 0x5
 447 0071 00       		.byte	0
 448 0072 03       		.uleb128 0x3
 449 0073 0E       		.uleb128 0xe
 450 0074 3A       		.uleb128 0x3a
 451 0075 0B       		.uleb128 0xb
 452 0076 3B       		.uleb128 0x3b
 453 0077 0B       		.uleb128 0xb
 454 0078 49       		.uleb128 0x49
 455 0079 13       		.uleb128 0x13
 456 007a 02       		.uleb128 0x2
 457 007b 18       		.uleb128 0x18
 458 007c 00       		.byte	0
 459 007d 00       		.byte	0
 460 007e 09       		.uleb128 0x9
 461 007f 34       		.uleb128 0x34
 462 0080 00       		.byte	0
 463 0081 03       		.uleb128 0x3
 464 0082 0E       		.uleb128 0xe
 465 0083 3A       		.uleb128 0x3a
 466 0084 0B       		.uleb128 0xb
 467 0085 3B       		.uleb128 0x3b
 468 0086 0B       		.uleb128 0xb
 469 0087 49       		.uleb128 0x49
 470 0088 13       		.uleb128 0x13
 471 0089 02       		.uleb128 0x2
ARM GAS  C:\Users\LUKASC~1\AppData\Local\Temp\ccmUmfUR.s 			page 14


 472 008a 18       		.uleb128 0x18
 473 008b 00       		.byte	0
 474 008c 00       		.byte	0
 475 008d 0A       		.uleb128 0xa
 476 008e 34       		.uleb128 0x34
 477 008f 00       		.byte	0
 478 0090 03       		.uleb128 0x3
 479 0091 08       		.uleb128 0x8
 480 0092 3A       		.uleb128 0x3a
 481 0093 0B       		.uleb128 0xb
 482 0094 3B       		.uleb128 0x3b
 483 0095 0B       		.uleb128 0xb
 484 0096 49       		.uleb128 0x49
 485 0097 13       		.uleb128 0x13
 486 0098 02       		.uleb128 0x2
 487 0099 18       		.uleb128 0x18
 488 009a 00       		.byte	0
 489 009b 00       		.byte	0
 490 009c 0B       		.uleb128 0xb
 491 009d 01       		.uleb128 0x1
 492 009e 01       		.byte	0x1
 493 009f 49       		.uleb128 0x49
 494 00a0 13       		.uleb128 0x13
 495 00a1 01       		.uleb128 0x1
 496 00a2 13       		.uleb128 0x13
 497 00a3 00       		.byte	0
 498 00a4 00       		.byte	0
 499 00a5 0C       		.uleb128 0xc
 500 00a6 21       		.uleb128 0x21
 501 00a7 00       		.byte	0
 502 00a8 49       		.uleb128 0x49
 503 00a9 13       		.uleb128 0x13
 504 00aa 2F       		.uleb128 0x2f
 505 00ab 0B       		.uleb128 0xb
 506 00ac 00       		.byte	0
 507 00ad 00       		.byte	0
 508 00ae 0D       		.uleb128 0xd
 509 00af 34       		.uleb128 0x34
 510 00b0 00       		.byte	0
 511 00b1 03       		.uleb128 0x3
 512 00b2 0E       		.uleb128 0xe
 513 00b3 3A       		.uleb128 0x3a
 514 00b4 0B       		.uleb128 0xb
 515 00b5 3B       		.uleb128 0x3b
 516 00b6 0B       		.uleb128 0xb
 517 00b7 49       		.uleb128 0x49
 518 00b8 13       		.uleb128 0x13
 519 00b9 3F       		.uleb128 0x3f
 520 00ba 19       		.uleb128 0x19
 521 00bb 3C       		.uleb128 0x3c
 522 00bc 19       		.uleb128 0x19
 523 00bd 00       		.byte	0
 524 00be 00       		.byte	0
 525 00bf 00       		.byte	0
 526              		.section	.debug_aranges,"",%progbits
 527 0000 24000000 		.4byte	0x24
 528 0004 0200     		.2byte	0x2
ARM GAS  C:\Users\LUKASC~1\AppData\Local\Temp\ccmUmfUR.s 			page 15


 529 0006 00000000 		.4byte	.Ldebug_info0
 530 000a 04       		.byte	0x4
 531 000b 00       		.byte	0
 532 000c 0000     		.2byte	0
 533 000e 0000     		.2byte	0
 534 0010 00000000 		.4byte	.LFB0
 535 0014 18000000 		.4byte	.LFE0-.LFB0
 536 0018 00000000 		.4byte	.LFB1
 537 001c 96000000 		.4byte	.LFE1-.LFB1
 538 0020 00000000 		.4byte	0
 539 0024 00000000 		.4byte	0
 540              		.section	.debug_ranges,"",%progbits
 541              	.Ldebug_ranges0:
 542 0000 00000000 		.4byte	.LFB0
 543 0004 18000000 		.4byte	.LFE0
 544 0008 00000000 		.4byte	.LFB1
 545 000c 96000000 		.4byte	.LFE1
 546 0010 00000000 		.4byte	0
 547 0014 00000000 		.4byte	0
 548              		.section	.debug_line,"",%progbits
 549              	.Ldebug_line0:
 550 0000 A3000000 		.section	.debug_str,"MS",%progbits,1
 550      02006100 
 550      00000201 
 550      FB0E0D00 
 550      01010101 
 551              	.LASF6:
 552 0000 6C6F6E67 		.ascii	"long long int\000"
 552      206C6F6E 
 552      6720696E 
 552      7400
 553              	.LASF11:
 554 000e 75696E74 		.ascii	"uint32\000"
 554      333200
 555              	.LASF8:
 556 0015 756E7369 		.ascii	"unsigned int\000"
 556      676E6564 
 556      20696E74 
 556      00
 557              	.LASF24:
 558 0022 433A5C55 		.ascii	"C:\\Users\\Lukas Creutzburg\\Google Drive\\Virtuell"
 558      73657273 
 558      5C4C756B 
 558      61732043 
 558      72657574 
 559 0051 65205265 		.ascii	"e Realitaeten\\PSoCWorkspace\\VRProject\\SCB_I2cCom"
 559      616C6974 
 559      61657465 
 559      6E5C5053 
 559      6F43576F 
 560 0081 6D536C61 		.ascii	"mSlave01.cydsn\000"
 560      76653031 
 560      2E637964 
 560      736E00
 561              	.LASF25:
 562 0090 426F6F74 		.ascii	"Bootloadable_1_Load\000"
 562      6C6F6164 
ARM GAS  C:\Users\LUKASC~1\AppData\Local\Temp\ccmUmfUR.s 			page 16


 562      61626C65 
 562      5F315F4C 
 562      6F616400 
 563              	.LASF26:
 564 00a4 426F6F74 		.ascii	"Bootloadable_1_SetFlashByte\000"
 564      6C6F6164 
 564      61626C65 
 564      5F315F53 
 564      6574466C 
 565              	.LASF17:
 566 00c0 72756E54 		.ascii	"runType\000"
 566      79706500 
 567              	.LASF23:
 568 00c8 2E5C4765 		.ascii	".\\Generated_Source\\PSoC4\\Bootloadable_1.c\000"
 568      6E657261 
 568      7465645F 
 568      536F7572 
 568      63655C50 
 569              	.LASF9:
 570 00f2 75696E74 		.ascii	"uint8\000"
 570      3800
 571              	.LASF5:
 572 00f8 6C6F6E67 		.ascii	"long unsigned int\000"
 572      20756E73 
 572      69676E65 
 572      6420696E 
 572      7400
 573              	.LASF7:
 574 010a 6C6F6E67 		.ascii	"long long unsigned int\000"
 574      206C6F6E 
 574      6720756E 
 574      7369676E 
 574      65642069 
 575              	.LASF3:
 576 0121 73686F72 		.ascii	"short unsigned int\000"
 576      7420756E 
 576      7369676E 
 576      65642069 
 576      6E7400
 577              	.LASF16:
 578 0134 61646472 		.ascii	"address\000"
 578      65737300 
 579              	.LASF14:
 580 013c 63686172 		.ascii	"char\000"
 580      00
 581              	.LASF22:
 582 0141 474E5520 		.ascii	"GNU C 4.9.3 20150303 (release) [ARM/embedded-4_9-br"
 582      4320342E 
 582      392E3320 
 582      32303135 
 582      30333033 
 583 0174 616E6368 		.ascii	"anch revision 221220] -mcpu=cortex-m0 -mthumb -g -O"
 583      20726576 
 583      6973696F 
 583      6E203232 
 583      31323230 
 584 01a7 30202D66 		.ascii	"0 -ffunction-sections -ffat-lto-objects\000"
ARM GAS  C:\Users\LUKASC~1\AppData\Local\Temp\ccmUmfUR.s 			page 17


 584      66756E63 
 584      74696F6E 
 584      2D736563 
 584      74696F6E 
 585              	.LASF1:
 586 01cf 756E7369 		.ascii	"unsigned char\000"
 586      676E6564 
 586      20636861 
 586      7200
 587              	.LASF18:
 588 01dd 666C7341 		.ascii	"flsAddr\000"
 588      64647200 
 589              	.LASF4:
 590 01e5 6C6F6E67 		.ascii	"long int\000"
 590      20696E74 
 590      00
 591              	.LASF13:
 592 01ee 646F7562 		.ascii	"double\000"
 592      6C6500
 593              	.LASF21:
 594 01f5 62617365 		.ascii	"baseAddr\000"
 594      41646472 
 594      00
 595              	.LASF27:
 596 01fe 63794274 		.ascii	"cyBtldrRunType\000"
 596      6C647252 
 596      756E5479 
 596      706500
 597              	.LASF0:
 598 020d 7369676E 		.ascii	"signed char\000"
 598      65642063 
 598      68617200 
 599              	.LASF12:
 600 0219 666C6F61 		.ascii	"float\000"
 600      7400
 601              	.LASF2:
 602 021f 73686F72 		.ascii	"short int\000"
 602      7420696E 
 602      7400
 603              	.LASF10:
 604 0229 75696E74 		.ascii	"uint16\000"
 604      313600
 605              	.LASF20:
 606 0230 726F774E 		.ascii	"rowNum\000"
 606      756D00
 607              	.LASF19:
 608 0237 726F7744 		.ascii	"rowData\000"
 608      61746100 
 609              	.LASF15:
 610 023f 73697A65 		.ascii	"sizetype\000"
 610      74797065 
 610      00
 611              		.ident	"GCC: (GNU Tools for ARM Embedded Processors) 4.9.3 20150303 (release) [ARM/embedded-4_9-br
