ARM GAS  C:\Users\LUKASC~1\AppData\Local\Temp\ccF92SdE.s 			page 1


   1              		.syntax unified
   2              		.cpu cortex-m3
   3              		.fpu softvfp
   4              		.eabi_attribute 20, 1
   5              		.eabi_attribute 21, 1
   6              		.eabi_attribute 23, 3
   7              		.eabi_attribute 24, 1
   8              		.eabi_attribute 25, 1
   9              		.eabi_attribute 26, 1
  10              		.eabi_attribute 30, 6
  11              		.eabi_attribute 34, 1
  12              		.eabi_attribute 18, 4
  13              		.thumb
  14              		.file	"EzI2C.c"
  15              		.text
  16              	.Ltext0:
  17              		.cfi_sections	.debug_frame
  18              		.global	EZI2C_initVar
  19              		.bss
  20              		.type	EZI2C_initVar, %object
  21              		.size	EZI2C_initVar, 1
  22              	EZI2C_initVar:
  23 0000 00       		.space	1
  24              		.comm	EZI2C_curStatus,1,1
  25              		.comm	EZI2C_curState,1,1
  26              		.comm	EZI2C_dataPtrS1,4,4
  27              		.comm	EZI2C_bufSizeS1,2,2
  28              		.comm	EZI2C_wrProtectS1,2,2
  29              		.comm	EZI2C_rwOffsetS1,2,2
  30              		.comm	EZI2C_rwIndexS1,2,2
  31              		.section	.text.EZI2C_Init,"ax",%progbits
  32              		.align	2
  33              		.global	EZI2C_Init
  34              		.thumb
  35              		.thumb_func
  36              		.type	EZI2C_Init, %function
  37              	EZI2C_Init:
  38              	.LFB0:
  39              		.file 1 ".\\Generated_Source\\PSoC5\\EzI2C.c"
   1:.\Generated_Source\PSoC5/EzI2C.c **** /*******************************************************************************
   2:.\Generated_Source\PSoC5/EzI2C.c **** * File Name: EZI2C.c
   3:.\Generated_Source\PSoC5/EzI2C.c **** * Version 2.0
   4:.\Generated_Source\PSoC5/EzI2C.c **** *
   5:.\Generated_Source\PSoC5/EzI2C.c **** * Description:
   6:.\Generated_Source\PSoC5/EzI2C.c **** *  This file contains the setup, control and status commands for the EZI2C
   7:.\Generated_Source\PSoC5/EzI2C.c **** *  component. The actual protocol and operation code resides in the interrupt
   8:.\Generated_Source\PSoC5/EzI2C.c **** *  service routine file.
   9:.\Generated_Source\PSoC5/EzI2C.c **** *
  10:.\Generated_Source\PSoC5/EzI2C.c **** ********************************************************************************
  11:.\Generated_Source\PSoC5/EzI2C.c **** * Copyright 2008-2015, Cypress Semiconductor Corporation.  All rights reserved.
  12:.\Generated_Source\PSoC5/EzI2C.c **** * You may use this file only in accordance with the license, terms, conditions,
  13:.\Generated_Source\PSoC5/EzI2C.c **** * disclaimers, and limitations in the end user license agreement accompanying
  14:.\Generated_Source\PSoC5/EzI2C.c **** * the software package with which this file was provided.
  15:.\Generated_Source\PSoC5/EzI2C.c **** *******************************************************************************/
  16:.\Generated_Source\PSoC5/EzI2C.c **** 
  17:.\Generated_Source\PSoC5/EzI2C.c **** #include "EZI2C_PVT.h"
  18:.\Generated_Source\PSoC5/EzI2C.c **** 
ARM GAS  C:\Users\LUKASC~1\AppData\Local\Temp\ccF92SdE.s 			page 2


  19:.\Generated_Source\PSoC5/EzI2C.c **** /**********************************
  20:.\Generated_Source\PSoC5/EzI2C.c **** *      System variables
  21:.\Generated_Source\PSoC5/EzI2C.c **** **********************************/
  22:.\Generated_Source\PSoC5/EzI2C.c **** 
  23:.\Generated_Source\PSoC5/EzI2C.c **** uint8 EZI2C_initVar = 0u; /* Defines if component was initialized */
  24:.\Generated_Source\PSoC5/EzI2C.c **** 
  25:.\Generated_Source\PSoC5/EzI2C.c **** /* Status and state variables */
  26:.\Generated_Source\PSoC5/EzI2C.c **** volatile uint8 EZI2C_curStatus; /* Current status of the component */
  27:.\Generated_Source\PSoC5/EzI2C.c **** volatile uint8 EZI2C_curState;  /* Current state of state machine */
  28:.\Generated_Source\PSoC5/EzI2C.c **** 
  29:.\Generated_Source\PSoC5/EzI2C.c **** /* Primary slave address variables */
  30:.\Generated_Source\PSoC5/EzI2C.c **** volatile uint8* EZI2C_dataPtrS1; /* Pointer to data buffer 1 */
  31:.\Generated_Source\PSoC5/EzI2C.c **** volatile uint16 EZI2C_bufSizeS1; /* Size of buffer 1 in bytes */
  32:.\Generated_Source\PSoC5/EzI2C.c **** volatile uint16 EZI2C_wrProtectS1; /* Start index of write protected area in buffer 1 */
  33:.\Generated_Source\PSoC5/EzI2C.c **** volatile uint16  EZI2C_rwOffsetS1; /* Current offset within buffer 1 */
  34:.\Generated_Source\PSoC5/EzI2C.c **** volatile uint16  EZI2C_rwIndexS1;  /* Current index within buffer 1 */
  35:.\Generated_Source\PSoC5/EzI2C.c **** 
  36:.\Generated_Source\PSoC5/EzI2C.c **** /* Secondary slave address variables */
  37:.\Generated_Source\PSoC5/EzI2C.c **** #if(EZI2C_ADDRESSES == EZI2C_TWO_ADDRESSES)
  38:.\Generated_Source\PSoC5/EzI2C.c ****     volatile uint8  EZI2C_addrS1; /* Primary slave address: software comparison */
  39:.\Generated_Source\PSoC5/EzI2C.c ****     volatile uint8  EZI2C_addrS2; /* Secondary slave address: software comparison */
  40:.\Generated_Source\PSoC5/EzI2C.c ****     volatile uint8* EZI2C_dataPtrS2; /* Pointer to data buffer 1 */
  41:.\Generated_Source\PSoC5/EzI2C.c ****     volatile uint16 EZI2C_bufSizeS2; /* Size of buffer 2 in bytes */
  42:.\Generated_Source\PSoC5/EzI2C.c ****     volatile uint16 EZI2C_wrProtectS2; /* Start index of write protected area in buffer 2 */
  43:.\Generated_Source\PSoC5/EzI2C.c ****     volatile uint16 EZI2C_rwOffsetS2; /* Current offset within buffer 2 */
  44:.\Generated_Source\PSoC5/EzI2C.c ****     volatile uint16 EZI2C_rwIndexS2;  /* Current index within buffer 2 */
  45:.\Generated_Source\PSoC5/EzI2C.c **** #endif  /* (EZI2C_ADDRESSES == EZI2C_TWO_ADDRESSES) */
  46:.\Generated_Source\PSoC5/EzI2C.c **** 
  47:.\Generated_Source\PSoC5/EzI2C.c **** 
  48:.\Generated_Source\PSoC5/EzI2C.c **** /*******************************************************************************
  49:.\Generated_Source\PSoC5/EzI2C.c **** * Function Name: EZI2C_Init
  50:.\Generated_Source\PSoC5/EzI2C.c **** ********************************************************************************
  51:.\Generated_Source\PSoC5/EzI2C.c **** *
  52:.\Generated_Source\PSoC5/EzI2C.c **** * Summary:
  53:.\Generated_Source\PSoC5/EzI2C.c **** *  Initializes or restores the component according to the Configure dialog
  54:.\Generated_Source\PSoC5/EzI2C.c **** *  settings. It is not necessary to call EZI2C_Init() because the EZI2C_Start()
  55:.\Generated_Source\PSoC5/EzI2C.c **** *  API calls this function, which is the preferred method to begin component
  56:.\Generated_Source\PSoC5/EzI2C.c **** *  operation.
  57:.\Generated_Source\PSoC5/EzI2C.c **** *
  58:.\Generated_Source\PSoC5/EzI2C.c **** * Parameters:
  59:.\Generated_Source\PSoC5/EzI2C.c **** *  None.
  60:.\Generated_Source\PSoC5/EzI2C.c **** *
  61:.\Generated_Source\PSoC5/EzI2C.c **** * Return:
  62:.\Generated_Source\PSoC5/EzI2C.c **** *  None.
  63:.\Generated_Source\PSoC5/EzI2C.c **** *
  64:.\Generated_Source\PSoC5/EzI2C.c **** * Global variables:
  65:.\Generated_Source\PSoC5/EzI2C.c **** *  EZI2C_initVar - It is used to indicate the initial configuration
  66:.\Generated_Source\PSoC5/EzI2C.c **** *  of this component.  The variable is initialized to zero and set to 1
  67:.\Generated_Source\PSoC5/EzI2C.c **** *  the first time EZI2C_Start() is called. This allows component  !
  68:.\Generated_Source\PSoC5/EzI2C.c **** *  initialization without re-initialization in all subsequent calls
  69:.\Generated_Source\PSoC5/EzI2C.c **** *  to the EZI2C_Start() routine.
  70:.\Generated_Source\PSoC5/EzI2C.c **** *
  71:.\Generated_Source\PSoC5/EzI2C.c **** *  EZI2C_curStatus - Stores the current status of the component.
  72:.\Generated_Source\PSoC5/EzI2C.c **** *
  73:.\Generated_Source\PSoC5/EzI2C.c **** *  EZI2C_curState- Stores the current state of an I2C state machine.
  74:.\Generated_Source\PSoC5/EzI2C.c **** *
  75:.\Generated_Source\PSoC5/EzI2C.c **** *  EZI2C_rwOffsetS1 - The global variable which stores an offset for read
ARM GAS  C:\Users\LUKASC~1\AppData\Local\Temp\ccF92SdE.s 			page 3


  76:.\Generated_Source\PSoC5/EzI2C.c **** *  and write operations, is set at each write sequence of the first slave
  77:.\Generated_Source\PSoC5/EzI2C.c **** *  address is reset if EZI2C_initVar is 0, by
  78:.\Generated_Source\PSoC5/EzI2C.c **** *  EZI2C_initVar function call.
  79:.\Generated_Source\PSoC5/EzI2C.c **** *
  80:.\Generated_Source\PSoC5/EzI2C.c **** *  EZI2C_rwIndexS1 - The global variable which stores a pointer to the
  81:.\Generated_Source\PSoC5/EzI2C.c **** *  next value to be read or written for the first slave address is reset if
  82:.\Generated_Source\PSoC5/EzI2C.c **** *  EZI2C_initVar is 0, by EZI2C_initVar function call.
  83:.\Generated_Source\PSoC5/EzI2C.c **** *
  84:.\Generated_Source\PSoC5/EzI2C.c **** * EZI2C_wrProtectS1 - The global variable which stores an offset where data
  85:.\Generated_Source\PSoC5/EzI2C.c **** *  is read only for the first slave address is reset if
  86:.\Generated_Source\PSoC5/EzI2C.c **** *  EZI2C_initVar is 0, by EZI2C_initVar function call.
  87:.\Generated_Source\PSoC5/EzI2C.c **** *
  88:.\Generated_Source\PSoC5/EzI2C.c **** *  EZI2C_rwOffsetS2 - The global variable, which stores an offset for read
  89:.\Generated_Source\PSoC5/EzI2C.c **** *  and write operations, is set at each write sequence of the second slave
  90:.\Generated_Source\PSoC5/EzI2C.c **** *  device is reset if EZI2C_initVar is 0, by EZI2C_initVar
  91:.\Generated_Source\PSoC5/EzI2C.c **** *  function call.
  92:.\Generated_Source\PSoC5/EzI2C.c **** *
  93:.\Generated_Source\PSoC5/EzI2C.c **** *  EZI2C_rwIndexS2 - The global variable which stores a pointer to the
  94:.\Generated_Source\PSoC5/EzI2C.c **** *  next value to be read or written for the second slave address is reset if
  95:.\Generated_Source\PSoC5/EzI2C.c **** *  EZI2C_initVar is 0, by EZI2C_initVar function call.
  96:.\Generated_Source\PSoC5/EzI2C.c **** *
  97:.\Generated_Source\PSoC5/EzI2C.c **** * EZI2C_wrProtectS2 - The global variable which stores an offset where data
  98:.\Generated_Source\PSoC5/EzI2C.c **** *  is read only for the second slave address is reset if
  99:.\Generated_Source\PSoC5/EzI2C.c **** *  EZI2C_initVar is 0, by EZI2C_initVar function call.
 100:.\Generated_Source\PSoC5/EzI2C.c **** *
 101:.\Generated_Source\PSoC5/EzI2C.c **** * Reentrant:
 102:.\Generated_Source\PSoC5/EzI2C.c **** *  No.
 103:.\Generated_Source\PSoC5/EzI2C.c **** *
 104:.\Generated_Source\PSoC5/EzI2C.c **** *******************************************************************************/
 105:.\Generated_Source\PSoC5/EzI2C.c **** void EZI2C_Init(void) 
 106:.\Generated_Source\PSoC5/EzI2C.c **** {
  40              		.loc 1 106 0
  41              		.cfi_startproc
  42              		@ args = 0, pretend = 0, frame = 0
  43              		@ frame_needed = 1, uses_anonymous_args = 0
  44 0000 80B5     		push	{r7, lr}
  45              		.cfi_def_cfa_offset 8
  46              		.cfi_offset 7, -8
  47              		.cfi_offset 14, -4
  48 0002 00AF     		add	r7, sp, #0
  49              		.cfi_def_cfa_register 7
 107:.\Generated_Source\PSoC5/EzI2C.c ****     /* Configure fixed function block */
 108:.\Generated_Source\PSoC5/EzI2C.c ****     EZI2C_CFG_REG  = EZI2C_DEFAULT_CFG;
  50              		.loc 1 108 0
  51 0004 154B     		ldr	r3, .L2
  52 0006 0122     		movs	r2, #1
  53 0008 1A70     		strb	r2, [r3]
 109:.\Generated_Source\PSoC5/EzI2C.c ****     EZI2C_XCFG_REG = EZI2C_DEFAULT_XCFG;
  54              		.loc 1 109 0
  55 000a 154B     		ldr	r3, .L2+4
  56 000c 8122     		movs	r2, #129
  57 000e 1A70     		strb	r2, [r3]
 110:.\Generated_Source\PSoC5/EzI2C.c ****     EZI2C_ADDR_REG = EZI2C_DEFAULT_ADDR;
  58              		.loc 1 110 0
  59 0010 144B     		ldr	r3, .L2+8
  60 0012 0422     		movs	r2, #4
  61 0014 1A70     		strb	r2, [r3]
ARM GAS  C:\Users\LUKASC~1\AppData\Local\Temp\ccF92SdE.s 			page 4


 111:.\Generated_Source\PSoC5/EzI2C.c ****     EZI2C_CLKDIV1_REG = EZI2C_DEFAULT_CLKDIV1;
  62              		.loc 1 111 0
  63 0016 144B     		ldr	r3, .L2+12
  64 0018 0322     		movs	r2, #3
  65 001a 1A70     		strb	r2, [r3]
 112:.\Generated_Source\PSoC5/EzI2C.c ****     EZI2C_CLKDIV2_REG = EZI2C_DEFAULT_CLKDIV2;
  66              		.loc 1 112 0
  67 001c 134B     		ldr	r3, .L2+16
  68 001e 0022     		movs	r2, #0
  69 0020 1A70     		strb	r2, [r3]
 113:.\Generated_Source\PSoC5/EzI2C.c **** 
 114:.\Generated_Source\PSoC5/EzI2C.c **** #if (EZI2C_TWO_ADDRESSES == EZI2C_ADDRESSES)
 115:.\Generated_Source\PSoC5/EzI2C.c ****     /* Set address variables */
 116:.\Generated_Source\PSoC5/EzI2C.c ****     EZI2C_SetAddress1(EZI2C_DEFAULT_ADDR1);
 117:.\Generated_Source\PSoC5/EzI2C.c ****     EZI2C_SetAddress2(EZI2C_DEFAULT_ADDR2);
 118:.\Generated_Source\PSoC5/EzI2C.c **** #endif /* #if (EZI2C_TWO_ADDRESSES == EZI2C_ADDRESSES) */
 119:.\Generated_Source\PSoC5/EzI2C.c **** 
 120:.\Generated_Source\PSoC5/EzI2C.c ****     /* Configure interrupt */
 121:.\Generated_Source\PSoC5/EzI2C.c ****     CyIntDisable         (EZI2C_ISR_NUMBER);
  70              		.loc 1 121 0
  71 0022 134B     		ldr	r3, .L2+20
  72 0024 4FF40042 		mov	r2, #32768
  73 0028 1A60     		str	r2, [r3]
 122:.\Generated_Source\PSoC5/EzI2C.c ****     CyIntSetPriority     (EZI2C_ISR_NUMBER, EZI2C_ISR_PRIORITY);
  74              		.loc 1 122 0
  75 002a 0F20     		movs	r0, #15
  76 002c 0721     		movs	r1, #7
  77 002e FFF7FEFF 		bl	CyIntSetPriority
 123:.\Generated_Source\PSoC5/EzI2C.c ****     (void) CyIntSetVector(EZI2C_ISR_NUMBER, &EZI2C_ISR);
  78              		.loc 1 123 0
  79 0032 0F20     		movs	r0, #15
  80 0034 0F49     		ldr	r1, .L2+24
  81 0036 FFF7FEFF 		bl	CyIntSetVector
 124:.\Generated_Source\PSoC5/EzI2C.c **** 
 125:.\Generated_Source\PSoC5/EzI2C.c ****      /* Reset state and status to default */
 126:.\Generated_Source\PSoC5/EzI2C.c ****     EZI2C_curState  = EZI2C_SM_IDLE;
  82              		.loc 1 126 0
  83 003a 0F4B     		ldr	r3, .L2+28
  84 003c 0022     		movs	r2, #0
  85 003e 1A70     		strb	r2, [r3]
 127:.\Generated_Source\PSoC5/EzI2C.c ****     EZI2C_curStatus = 0u;
  86              		.loc 1 127 0
  87 0040 0E4B     		ldr	r3, .L2+32
  88 0042 0022     		movs	r2, #0
  89 0044 1A70     		strb	r2, [r3]
 128:.\Generated_Source\PSoC5/EzI2C.c **** 
 129:.\Generated_Source\PSoC5/EzI2C.c ****     /* Reset all buffer 1 indexes (primary address) */
 130:.\Generated_Source\PSoC5/EzI2C.c ****     EZI2C_rwOffsetS1  = 0u;
  90              		.loc 1 130 0
  91 0046 0E4B     		ldr	r3, .L2+36
  92 0048 0022     		movs	r2, #0
  93 004a 1A80     		strh	r2, [r3]	@ movhi
 131:.\Generated_Source\PSoC5/EzI2C.c ****     EZI2C_rwIndexS1   = 0u;
  94              		.loc 1 131 0
  95 004c 0D4B     		ldr	r3, .L2+40
  96 004e 0022     		movs	r2, #0
  97 0050 1A80     		strh	r2, [r3]	@ movhi
ARM GAS  C:\Users\LUKASC~1\AppData\Local\Temp\ccF92SdE.s 			page 5


 132:.\Generated_Source\PSoC5/EzI2C.c ****     EZI2C_wrProtectS1 = 0u;
  98              		.loc 1 132 0
  99 0052 0D4B     		ldr	r3, .L2+44
 100 0054 0022     		movs	r2, #0
 101 0056 1A80     		strh	r2, [r3]	@ movhi
 133:.\Generated_Source\PSoC5/EzI2C.c **** 
 134:.\Generated_Source\PSoC5/EzI2C.c **** #if (EZI2C_ADDRESSES == EZI2C_TWO_ADDRESSES)
 135:.\Generated_Source\PSoC5/EzI2C.c ****     /* Reset all buffer 2 indexes (secondary address) */
 136:.\Generated_Source\PSoC5/EzI2C.c ****     EZI2C_rwOffsetS2  = 0u;
 137:.\Generated_Source\PSoC5/EzI2C.c ****     EZI2C_rwIndexS2   = 0u;
 138:.\Generated_Source\PSoC5/EzI2C.c ****     EZI2C_wrProtectS2 = 0u;
 139:.\Generated_Source\PSoC5/EzI2C.c **** #endif  /* (EZI2C_ADDRESSES == EZI2C_TWO_ADDRESSES) */
 140:.\Generated_Source\PSoC5/EzI2C.c **** }
 102              		.loc 1 140 0
 103 0058 80BD     		pop	{r7, pc}
 104              	.L3:
 105 005a 00BF     		.align	2
 106              	.L2:
 107 005c D6490040 		.word	1073760726
 108 0060 C8490040 		.word	1073760712
 109 0064 CA490040 		.word	1073760714
 110 0068 DB490040 		.word	1073760731
 111 006c DC490040 		.word	1073760732
 112 0070 80E100E0 		.word	-536813184
 113 0074 00000000 		.word	EZI2C_ISR
 114 0078 00000000 		.word	EZI2C_curState
 115 007c 00000000 		.word	EZI2C_curStatus
 116 0080 00000000 		.word	EZI2C_rwOffsetS1
 117 0084 00000000 		.word	EZI2C_rwIndexS1
 118 0088 00000000 		.word	EZI2C_wrProtectS1
 119              		.cfi_endproc
 120              	.LFE0:
 121              		.size	EZI2C_Init, .-EZI2C_Init
 122              		.section	.text.EZI2C_Enable,"ax",%progbits
 123              		.align	2
 124              		.global	EZI2C_Enable
 125              		.thumb
 126              		.thumb_func
 127              		.type	EZI2C_Enable, %function
 128              	EZI2C_Enable:
 129              	.LFB1:
 141:.\Generated_Source\PSoC5/EzI2C.c **** 
 142:.\Generated_Source\PSoC5/EzI2C.c **** 
 143:.\Generated_Source\PSoC5/EzI2C.c **** /*******************************************************************************
 144:.\Generated_Source\PSoC5/EzI2C.c **** * Function Name: EZI2C_Enable
 145:.\Generated_Source\PSoC5/EzI2C.c **** ********************************************************************************
 146:.\Generated_Source\PSoC5/EzI2C.c **** *
 147:.\Generated_Source\PSoC5/EzI2C.c **** * Summary:
 148:.\Generated_Source\PSoC5/EzI2C.c **** *  Activates the hardware and begins component operation.Calls EZI2C_EnableInt()
 149:.\Generated_Source\PSoC5/EzI2C.c **** *  to enable the I2C component interrupt. It is not necessary to call
 150:.\Generated_Source\PSoC5/EzI2C.c **** *  EZI2C_Enable() because the EZI2C_Start() API calls this function, which is
 151:.\Generated_Source\PSoC5/EzI2C.c **** *  the preferred method to begin component operation.
 152:.\Generated_Source\PSoC5/EzI2C.c **** *
 153:.\Generated_Source\PSoC5/EzI2C.c **** * Parameters:
 154:.\Generated_Source\PSoC5/EzI2C.c **** *  None.
 155:.\Generated_Source\PSoC5/EzI2C.c **** *
 156:.\Generated_Source\PSoC5/EzI2C.c **** * Return:
ARM GAS  C:\Users\LUKASC~1\AppData\Local\Temp\ccF92SdE.s 			page 6


 157:.\Generated_Source\PSoC5/EzI2C.c **** *  None.
 158:.\Generated_Source\PSoC5/EzI2C.c **** *
 159:.\Generated_Source\PSoC5/EzI2C.c **** *******************************************************************************/
 160:.\Generated_Source\PSoC5/EzI2C.c **** void EZI2C_Enable(void) 
 161:.\Generated_Source\PSoC5/EzI2C.c **** {
 130              		.loc 1 161 0
 131              		.cfi_startproc
 132              		@ args = 0, pretend = 0, frame = 8
 133              		@ frame_needed = 1, uses_anonymous_args = 0
 134 0000 80B5     		push	{r7, lr}
 135              		.cfi_def_cfa_offset 8
 136              		.cfi_offset 7, -8
 137              		.cfi_offset 14, -4
 138 0002 82B0     		sub	sp, sp, #8
 139              		.cfi_def_cfa_offset 16
 140 0004 00AF     		add	r7, sp, #0
 141              		.cfi_def_cfa_register 7
 162:.\Generated_Source\PSoC5/EzI2C.c ****     uint8 intState;
 163:.\Generated_Source\PSoC5/EzI2C.c **** 
 164:.\Generated_Source\PSoC5/EzI2C.c ****     /* Enable power to block */
 165:.\Generated_Source\PSoC5/EzI2C.c ****     intState = CyEnterCriticalSection();
 142              		.loc 1 165 0
 143 0006 FFF7FEFF 		bl	CyEnterCriticalSection
 144 000a 0346     		mov	r3, r0
 145 000c FB71     		strb	r3, [r7, #7]
 166:.\Generated_Source\PSoC5/EzI2C.c ****     EZI2C_PM_ACT_CFG_REG  |= EZI2C_ACT_PWR_EN;
 146              		.loc 1 166 0
 147 000e 0D4A     		ldr	r2, .L5
 148 0010 0C4B     		ldr	r3, .L5
 149 0012 1B78     		ldrb	r3, [r3]
 150 0014 DBB2     		uxtb	r3, r3
 151 0016 43F00403 		orr	r3, r3, #4
 152 001a DBB2     		uxtb	r3, r3
 153 001c 1370     		strb	r3, [r2]
 167:.\Generated_Source\PSoC5/EzI2C.c ****     EZI2C_PM_STBY_CFG_REG |= EZI2C_STBY_PWR_EN;
 154              		.loc 1 167 0
 155 001e 0A4A     		ldr	r2, .L5+4
 156 0020 094B     		ldr	r3, .L5+4
 157 0022 1B78     		ldrb	r3, [r3]
 158 0024 DBB2     		uxtb	r3, r3
 159 0026 43F00403 		orr	r3, r3, #4
 160 002a DBB2     		uxtb	r3, r3
 161 002c 1370     		strb	r3, [r2]
 168:.\Generated_Source\PSoC5/EzI2C.c ****     CyExitCriticalSection(intState);
 162              		.loc 1 168 0
 163 002e FB79     		ldrb	r3, [r7, #7]	@ zero_extendqisi2
 164 0030 1846     		mov	r0, r3
 165 0032 FFF7FEFF 		bl	CyExitCriticalSection
 169:.\Generated_Source\PSoC5/EzI2C.c **** 
 170:.\Generated_Source\PSoC5/EzI2C.c ****     /* Enable interrupt to start operation */
 171:.\Generated_Source\PSoC5/EzI2C.c ****     EZI2C_EnableInt();
 166              		.loc 1 171 0
 167 0036 054B     		ldr	r3, .L5+8
 168 0038 4FF40042 		mov	r2, #32768
 169 003c 1A60     		str	r2, [r3]
 172:.\Generated_Source\PSoC5/EzI2C.c **** }
 170              		.loc 1 172 0
ARM GAS  C:\Users\LUKASC~1\AppData\Local\Temp\ccF92SdE.s 			page 7


 171 003e 0837     		adds	r7, r7, #8
 172              		.cfi_def_cfa_offset 8
 173 0040 BD46     		mov	sp, r7
 174              		.cfi_def_cfa_register 13
 175              		@ sp needed
 176 0042 80BD     		pop	{r7, pc}
 177              	.L6:
 178              		.align	2
 179              	.L5:
 180 0044 A5430040 		.word	1073759141
 181 0048 B5430040 		.word	1073759157
 182 004c 00E100E0 		.word	-536813312
 183              		.cfi_endproc
 184              	.LFE1:
 185              		.size	EZI2C_Enable, .-EZI2C_Enable
 186              		.section	.text.EZI2C_Start,"ax",%progbits
 187              		.align	2
 188              		.global	EZI2C_Start
 189              		.thumb
 190              		.thumb_func
 191              		.type	EZI2C_Start, %function
 192              	EZI2C_Start:
 193              	.LFB2:
 173:.\Generated_Source\PSoC5/EzI2C.c **** 
 174:.\Generated_Source\PSoC5/EzI2C.c **** 
 175:.\Generated_Source\PSoC5/EzI2C.c **** /*******************************************************************************
 176:.\Generated_Source\PSoC5/EzI2C.c **** * Function Name: EZI2C_Start
 177:.\Generated_Source\PSoC5/EzI2C.c **** ********************************************************************************
 178:.\Generated_Source\PSoC5/EzI2C.c **** *
 179:.\Generated_Source\PSoC5/EzI2C.c **** * Summary:
 180:.\Generated_Source\PSoC5/EzI2C.c **** *  This is the preferred method to begin component operation. EZI2C_Start(),
 181:.\Generated_Source\PSoC5/EzI2C.c **** *  calls the EZI2C_Init() function, and then calls the EZI2C_Enable() function.
 182:.\Generated_Source\PSoC5/EzI2C.c **** *  It must be executed before I2C bus operation.
 183:.\Generated_Source\PSoC5/EzI2C.c **** *  This function enables the component interrupt because interrupt is required
 184:.\Generated_Source\PSoC5/EzI2C.c **** *  for most component operations.
 185:.\Generated_Source\PSoC5/EzI2C.c **** *
 186:.\Generated_Source\PSoC5/EzI2C.c **** * Parameters:
 187:.\Generated_Source\PSoC5/EzI2C.c **** *  None.
 188:.\Generated_Source\PSoC5/EzI2C.c **** *
 189:.\Generated_Source\PSoC5/EzI2C.c **** * Return:
 190:.\Generated_Source\PSoC5/EzI2C.c **** *  None.
 191:.\Generated_Source\PSoC5/EzI2C.c **** *
 192:.\Generated_Source\PSoC5/EzI2C.c **** * Reentrant:
 193:.\Generated_Source\PSoC5/EzI2C.c **** *  No.
 194:.\Generated_Source\PSoC5/EzI2C.c **** *
 195:.\Generated_Source\PSoC5/EzI2C.c **** *******************************************************************************/
 196:.\Generated_Source\PSoC5/EzI2C.c **** void EZI2C_Start(void) 
 197:.\Generated_Source\PSoC5/EzI2C.c **** {
 194              		.loc 1 197 0
 195              		.cfi_startproc
 196              		@ args = 0, pretend = 0, frame = 0
 197              		@ frame_needed = 1, uses_anonymous_args = 0
 198 0000 80B5     		push	{r7, lr}
 199              		.cfi_def_cfa_offset 8
 200              		.cfi_offset 7, -8
 201              		.cfi_offset 14, -4
 202 0002 00AF     		add	r7, sp, #0
ARM GAS  C:\Users\LUKASC~1\AppData\Local\Temp\ccF92SdE.s 			page 8


 203              		.cfi_def_cfa_register 7
 198:.\Generated_Source\PSoC5/EzI2C.c ****     if (0u == EZI2C_initVar)
 204              		.loc 1 198 0
 205 0004 054B     		ldr	r3, .L9
 206 0006 1B78     		ldrb	r3, [r3]	@ zero_extendqisi2
 207 0008 002B     		cmp	r3, #0
 208 000a 04D1     		bne	.L8
 199:.\Generated_Source\PSoC5/EzI2C.c ****     {
 200:.\Generated_Source\PSoC5/EzI2C.c ****         EZI2C_Init();
 209              		.loc 1 200 0
 210 000c FFF7FEFF 		bl	EZI2C_Init
 201:.\Generated_Source\PSoC5/EzI2C.c ****         EZI2C_initVar = 1u; /* Component initialized */
 211              		.loc 1 201 0
 212 0010 024B     		ldr	r3, .L9
 213 0012 0122     		movs	r2, #1
 214 0014 1A70     		strb	r2, [r3]
 215              	.L8:
 202:.\Generated_Source\PSoC5/EzI2C.c ****     }
 203:.\Generated_Source\PSoC5/EzI2C.c **** 
 204:.\Generated_Source\PSoC5/EzI2C.c ****     EZI2C_Enable();
 216              		.loc 1 204 0
 217 0016 FFF7FEFF 		bl	EZI2C_Enable
 205:.\Generated_Source\PSoC5/EzI2C.c **** }
 218              		.loc 1 205 0
 219 001a 80BD     		pop	{r7, pc}
 220              	.L10:
 221              		.align	2
 222              	.L9:
 223 001c 00000000 		.word	EZI2C_initVar
 224              		.cfi_endproc
 225              	.LFE2:
 226              		.size	EZI2C_Start, .-EZI2C_Start
 227              		.section	.text.EZI2C_Stop,"ax",%progbits
 228              		.align	2
 229              		.global	EZI2C_Stop
 230              		.thumb
 231              		.thumb_func
 232              		.type	EZI2C_Stop, %function
 233              	EZI2C_Stop:
 234              	.LFB3:
 206:.\Generated_Source\PSoC5/EzI2C.c **** 
 207:.\Generated_Source\PSoC5/EzI2C.c **** 
 208:.\Generated_Source\PSoC5/EzI2C.c **** /*******************************************************************************
 209:.\Generated_Source\PSoC5/EzI2C.c **** * Function Name: EZI2C_Stop
 210:.\Generated_Source\PSoC5/EzI2C.c **** ********************************************************************************
 211:.\Generated_Source\PSoC5/EzI2C.c **** *
 212:.\Generated_Source\PSoC5/EzI2C.c **** * Summary:
 213:.\Generated_Source\PSoC5/EzI2C.c **** *  Disables I2C hardware and component interrupt. The I2C bus is released if it
 214:.\Generated_Source\PSoC5/EzI2C.c **** *  was locked up by the component.
 215:.\Generated_Source\PSoC5/EzI2C.c **** *
 216:.\Generated_Source\PSoC5/EzI2C.c **** * Parameters:
 217:.\Generated_Source\PSoC5/EzI2C.c **** *  None.
 218:.\Generated_Source\PSoC5/EzI2C.c **** *
 219:.\Generated_Source\PSoC5/EzI2C.c **** * Return:
 220:.\Generated_Source\PSoC5/EzI2C.c **** *  None.
 221:.\Generated_Source\PSoC5/EzI2C.c **** *
 222:.\Generated_Source\PSoC5/EzI2C.c **** *******************************************************************************/
ARM GAS  C:\Users\LUKASC~1\AppData\Local\Temp\ccF92SdE.s 			page 9


 223:.\Generated_Source\PSoC5/EzI2C.c **** void EZI2C_Stop(void) 
 224:.\Generated_Source\PSoC5/EzI2C.c **** {
 235              		.loc 1 224 0
 236              		.cfi_startproc
 237              		@ args = 0, pretend = 0, frame = 8
 238              		@ frame_needed = 1, uses_anonymous_args = 0
 239 0000 80B5     		push	{r7, lr}
 240              		.cfi_def_cfa_offset 8
 241              		.cfi_offset 7, -8
 242              		.cfi_offset 14, -4
 243 0002 82B0     		sub	sp, sp, #8
 244              		.cfi_def_cfa_offset 16
 245 0004 00AF     		add	r7, sp, #0
 246              		.cfi_def_cfa_register 7
 225:.\Generated_Source\PSoC5/EzI2C.c ****     uint8  intState;
 226:.\Generated_Source\PSoC5/EzI2C.c ****     uint16 blockResetCycles;
 227:.\Generated_Source\PSoC5/EzI2C.c **** 
 228:.\Generated_Source\PSoC5/EzI2C.c ****     EZI2C_DisableInt();
 247              		.loc 1 228 0
 248 0006 354B     		ldr	r3, .L12
 249 0008 4FF40042 		mov	r2, #32768
 250 000c 1A60     		str	r2, [r3]
 229:.\Generated_Source\PSoC5/EzI2C.c **** 
 230:.\Generated_Source\PSoC5/EzI2C.c ****     /* Store registers effected by block disable */
 231:.\Generated_Source\PSoC5/EzI2C.c ****     EZI2C_backup.adr     = EZI2C_ADDR_REG;
 251              		.loc 1 231 0
 252 000e 344B     		ldr	r3, .L12+4
 253 0010 1B78     		ldrb	r3, [r3]
 254 0012 DAB2     		uxtb	r2, r3
 255 0014 334B     		ldr	r3, .L12+8
 256 0016 9A70     		strb	r2, [r3, #2]
 232:.\Generated_Source\PSoC5/EzI2C.c ****     EZI2C_backup.clkDiv1 = EZI2C_CLKDIV1_REG;
 257              		.loc 1 232 0
 258 0018 334B     		ldr	r3, .L12+12
 259 001a 1B78     		ldrb	r3, [r3]
 260 001c DAB2     		uxtb	r2, r3
 261 001e 314B     		ldr	r3, .L12+8
 262 0020 1A71     		strb	r2, [r3, #4]
 233:.\Generated_Source\PSoC5/EzI2C.c ****     EZI2C_backup.clkDiv2 = EZI2C_CLKDIV2_REG;
 263              		.loc 1 233 0
 264 0022 324B     		ldr	r3, .L12+16
 265 0024 1B78     		ldrb	r3, [r3]
 266 0026 DAB2     		uxtb	r2, r3
 267 0028 2E4B     		ldr	r3, .L12+8
 268 002a 5A71     		strb	r2, [r3, #5]
 234:.\Generated_Source\PSoC5/EzI2C.c **** 
 235:.\Generated_Source\PSoC5/EzI2C.c ****     /* Calculate number of cycles to reset block */
 236:.\Generated_Source\PSoC5/EzI2C.c ****     blockResetCycles = ((uint16) ((uint16) EZI2C_CLKDIV2_REG << 8u) | EZI2C_CLKDIV1_REG) + 1u;
 269              		.loc 1 236 0
 270 002c 2F4B     		ldr	r3, .L12+16
 271 002e 1B78     		ldrb	r3, [r3]
 272 0030 DBB2     		uxtb	r3, r3
 273 0032 9BB2     		uxth	r3, r3
 274 0034 1B02     		lsls	r3, r3, #8
 275 0036 9AB2     		uxth	r2, r3
 276 0038 2B4B     		ldr	r3, .L12+12
 277 003a 1B78     		ldrb	r3, [r3]
ARM GAS  C:\Users\LUKASC~1\AppData\Local\Temp\ccF92SdE.s 			page 10


 278 003c DBB2     		uxtb	r3, r3
 279 003e 9BB2     		uxth	r3, r3
 280 0040 1343     		orrs	r3, r3, r2
 281 0042 9BB2     		uxth	r3, r3
 282 0044 0133     		adds	r3, r3, #1
 283 0046 FB80     		strh	r3, [r7, #6]	@ movhi
 237:.\Generated_Source\PSoC5/EzI2C.c **** 
 238:.\Generated_Source\PSoC5/EzI2C.c ****     /* Disable block */
 239:.\Generated_Source\PSoC5/EzI2C.c ****     EZI2C_CFG_REG &= (uint8) ~EZI2C_CFG_EN_SLAVE;
 284              		.loc 1 239 0
 285 0048 294A     		ldr	r2, .L12+20
 286 004a 294B     		ldr	r3, .L12+20
 287 004c 1B78     		ldrb	r3, [r3]
 288 004e DBB2     		uxtb	r3, r3
 289 0050 23F00103 		bic	r3, r3, #1
 290 0054 DBB2     		uxtb	r3, r3
 291 0056 1370     		strb	r3, [r2]
 240:.\Generated_Source\PSoC5/EzI2C.c ****     /* Wait for block reset before disable power */
 241:.\Generated_Source\PSoC5/EzI2C.c ****     CyDelayCycles((uint32) blockResetCycles);
 292              		.loc 1 241 0
 293 0058 FB88     		ldrh	r3, [r7, #6]
 294 005a 1846     		mov	r0, r3
 295 005c FFF7FEFF 		bl	CyDelayCycles
 242:.\Generated_Source\PSoC5/EzI2C.c **** 
 243:.\Generated_Source\PSoC5/EzI2C.c ****     /* Disable power to block */
 244:.\Generated_Source\PSoC5/EzI2C.c ****     intState = CyEnterCriticalSection();
 296              		.loc 1 244 0
 297 0060 FFF7FEFF 		bl	CyEnterCriticalSection
 298 0064 0346     		mov	r3, r0
 299 0066 7B71     		strb	r3, [r7, #5]
 245:.\Generated_Source\PSoC5/EzI2C.c ****     EZI2C_PM_ACT_CFG_REG  &= (uint8) ~EZI2C_ACT_PWR_EN;
 300              		.loc 1 245 0
 301 0068 224A     		ldr	r2, .L12+24
 302 006a 224B     		ldr	r3, .L12+24
 303 006c 1B78     		ldrb	r3, [r3]
 304 006e DBB2     		uxtb	r3, r3
 305 0070 23F00403 		bic	r3, r3, #4
 306 0074 DBB2     		uxtb	r3, r3
 307 0076 1370     		strb	r3, [r2]
 246:.\Generated_Source\PSoC5/EzI2C.c ****     EZI2C_PM_STBY_CFG_REG &= (uint8) ~EZI2C_STBY_PWR_EN;
 308              		.loc 1 246 0
 309 0078 1F4A     		ldr	r2, .L12+28
 310 007a 1F4B     		ldr	r3, .L12+28
 311 007c 1B78     		ldrb	r3, [r3]
 312 007e DBB2     		uxtb	r3, r3
 313 0080 23F00403 		bic	r3, r3, #4
 314 0084 DBB2     		uxtb	r3, r3
 315 0086 1370     		strb	r3, [r2]
 247:.\Generated_Source\PSoC5/EzI2C.c ****     CyExitCriticalSection(intState);
 316              		.loc 1 247 0
 317 0088 7B79     		ldrb	r3, [r7, #5]	@ zero_extendqisi2
 318 008a 1846     		mov	r0, r3
 319 008c FFF7FEFF 		bl	CyExitCriticalSection
 248:.\Generated_Source\PSoC5/EzI2C.c **** 
 249:.\Generated_Source\PSoC5/EzI2C.c ****     /* Enable block */
 250:.\Generated_Source\PSoC5/EzI2C.c ****     EZI2C_CFG_REG |= (uint8) EZI2C_CFG_EN_SLAVE;
 320              		.loc 1 250 0
ARM GAS  C:\Users\LUKASC~1\AppData\Local\Temp\ccF92SdE.s 			page 11


 321 0090 174A     		ldr	r2, .L12+20
 322 0092 174B     		ldr	r3, .L12+20
 323 0094 1B78     		ldrb	r3, [r3]
 324 0096 DBB2     		uxtb	r3, r3
 325 0098 43F00103 		orr	r3, r3, #1
 326 009c DBB2     		uxtb	r3, r3
 327 009e 1370     		strb	r3, [r2]
 251:.\Generated_Source\PSoC5/EzI2C.c **** 
 252:.\Generated_Source\PSoC5/EzI2C.c ****     /* Restore registers effected by block disable. Ticket ID#198004 */
 253:.\Generated_Source\PSoC5/EzI2C.c ****     EZI2C_ADDR_REG    = EZI2C_backup.adr;
 328              		.loc 1 253 0
 329 00a0 0F4B     		ldr	r3, .L12+4
 330 00a2 104A     		ldr	r2, .L12+8
 331 00a4 9278     		ldrb	r2, [r2, #2]	@ zero_extendqisi2
 332 00a6 1A70     		strb	r2, [r3]
 254:.\Generated_Source\PSoC5/EzI2C.c ****     EZI2C_ADDR_REG    = EZI2C_backup.adr;
 333              		.loc 1 254 0
 334 00a8 0D4B     		ldr	r3, .L12+4
 335 00aa 0E4A     		ldr	r2, .L12+8
 336 00ac 9278     		ldrb	r2, [r2, #2]	@ zero_extendqisi2
 337 00ae 1A70     		strb	r2, [r3]
 255:.\Generated_Source\PSoC5/EzI2C.c ****     EZI2C_CLKDIV1_REG = EZI2C_backup.clkDiv1;
 338              		.loc 1 255 0
 339 00b0 0D4B     		ldr	r3, .L12+12
 340 00b2 0C4A     		ldr	r2, .L12+8
 341 00b4 1279     		ldrb	r2, [r2, #4]	@ zero_extendqisi2
 342 00b6 1A70     		strb	r2, [r3]
 256:.\Generated_Source\PSoC5/EzI2C.c ****     EZI2C_CLKDIV2_REG = EZI2C_backup.clkDiv2;
 343              		.loc 1 256 0
 344 00b8 0C4B     		ldr	r3, .L12+16
 345 00ba 0A4A     		ldr	r2, .L12+8
 346 00bc 5279     		ldrb	r2, [r2, #5]	@ zero_extendqisi2
 347 00be 1A70     		strb	r2, [r3]
 257:.\Generated_Source\PSoC5/EzI2C.c **** 
 258:.\Generated_Source\PSoC5/EzI2C.c ****     EZI2C_ClearPendingInt();
 348              		.loc 1 258 0
 349 00c0 0E4B     		ldr	r3, .L12+32
 350 00c2 4FF40042 		mov	r2, #32768
 351 00c6 1A60     		str	r2, [r3]
 259:.\Generated_Source\PSoC5/EzI2C.c **** 
 260:.\Generated_Source\PSoC5/EzI2C.c ****     /* Reset state and status to default */
 261:.\Generated_Source\PSoC5/EzI2C.c ****     EZI2C_curState  = EZI2C_SM_IDLE;
 352              		.loc 1 261 0
 353 00c8 0D4B     		ldr	r3, .L12+36
 354 00ca 0022     		movs	r2, #0
 355 00cc 1A70     		strb	r2, [r3]
 262:.\Generated_Source\PSoC5/EzI2C.c ****     EZI2C_curStatus = 0u;
 356              		.loc 1 262 0
 357 00ce 0D4B     		ldr	r3, .L12+40
 358 00d0 0022     		movs	r2, #0
 359 00d2 1A70     		strb	r2, [r3]
 263:.\Generated_Source\PSoC5/EzI2C.c **** }
 360              		.loc 1 263 0
 361 00d4 0837     		adds	r7, r7, #8
 362              		.cfi_def_cfa_offset 8
 363 00d6 BD46     		mov	sp, r7
 364              		.cfi_def_cfa_register 13
ARM GAS  C:\Users\LUKASC~1\AppData\Local\Temp\ccF92SdE.s 			page 12


 365              		@ sp needed
 366 00d8 80BD     		pop	{r7, pc}
 367              	.L13:
 368 00da 00BF     		.align	2
 369              	.L12:
 370 00dc 80E100E0 		.word	-536813184
 371 00e0 CA490040 		.word	1073760714
 372 00e4 00000000 		.word	EZI2C_backup
 373 00e8 DB490040 		.word	1073760731
 374 00ec DC490040 		.word	1073760732
 375 00f0 D6490040 		.word	1073760726
 376 00f4 A5430040 		.word	1073759141
 377 00f8 B5430040 		.word	1073759157
 378 00fc 80E200E0 		.word	-536812928
 379 0100 00000000 		.word	EZI2C_curState
 380 0104 00000000 		.word	EZI2C_curStatus
 381              		.cfi_endproc
 382              	.LFE3:
 383              		.size	EZI2C_Stop, .-EZI2C_Stop
 384              		.section	.text.EZI2C_SetAddress1,"ax",%progbits
 385              		.align	2
 386              		.global	EZI2C_SetAddress1
 387              		.thumb
 388              		.thumb_func
 389              		.type	EZI2C_SetAddress1, %function
 390              	EZI2C_SetAddress1:
 391              	.LFB4:
 264:.\Generated_Source\PSoC5/EzI2C.c **** 
 265:.\Generated_Source\PSoC5/EzI2C.c **** 
 266:.\Generated_Source\PSoC5/EzI2C.c **** /*******************************************************************************
 267:.\Generated_Source\PSoC5/EzI2C.c **** * Function Name: EZI2C_SetAddress1
 268:.\Generated_Source\PSoC5/EzI2C.c **** ********************************************************************************
 269:.\Generated_Source\PSoC5/EzI2C.c **** *
 270:.\Generated_Source\PSoC5/EzI2C.c **** * Summary:
 271:.\Generated_Source\PSoC5/EzI2C.c **** *  Sets the primary I2C slave address. This address is used by the master to
 272:.\Generated_Source\PSoC5/EzI2C.c **** *  access the primary data buffer.
 273:.\Generated_Source\PSoC5/EzI2C.c **** *
 274:.\Generated_Source\PSoC5/EzI2C.c **** * Parameters:
 275:.\Generated_Source\PSoC5/EzI2C.c **** *  address: Primary I2C slave address.
 276:.\Generated_Source\PSoC5/EzI2C.c **** *           This address is the 7-bit right-justified slave address and does not
 277:.\Generated_Source\PSoC5/EzI2C.c **** *           include the R/W bit.
 278:.\Generated_Source\PSoC5/EzI2C.c **** *           This value can be any address between 0 and 127 (0x00 to 0x7F).
 279:.\Generated_Source\PSoC5/EzI2C.c **** *
 280:.\Generated_Source\PSoC5/EzI2C.c **** * Return:
 281:.\Generated_Source\PSoC5/EzI2C.c **** *  None.
 282:.\Generated_Source\PSoC5/EzI2C.c **** *
 283:.\Generated_Source\PSoC5/EzI2C.c **** * Global variables:
 284:.\Generated_Source\PSoC5/EzI2C.c **** *  EZI2C_addrS1 - A new slave address for the first slave device is
 285:.\Generated_Source\PSoC5/EzI2C.c **** *  saved in it, if the component is configured to act as two slave devices.
 286:.\Generated_Source\PSoC5/EzI2C.c **** *
 287:.\Generated_Source\PSoC5/EzI2C.c **** * Reentrant:
 288:.\Generated_Source\PSoC5/EzI2C.c **** *  No, if two addresses are used.
 289:.\Generated_Source\PSoC5/EzI2C.c **** *
 290:.\Generated_Source\PSoC5/EzI2C.c **** *******************************************************************************/
 291:.\Generated_Source\PSoC5/EzI2C.c **** void EZI2C_SetAddress1(uint8 address) 
 292:.\Generated_Source\PSoC5/EzI2C.c **** {
 392              		.loc 1 292 0
ARM GAS  C:\Users\LUKASC~1\AppData\Local\Temp\ccF92SdE.s 			page 13


 393              		.cfi_startproc
 394              		@ args = 0, pretend = 0, frame = 8
 395              		@ frame_needed = 1, uses_anonymous_args = 0
 396              		@ link register save eliminated.
 397 0000 80B4     		push	{r7}
 398              		.cfi_def_cfa_offset 4
 399              		.cfi_offset 7, -4
 400 0002 83B0     		sub	sp, sp, #12
 401              		.cfi_def_cfa_offset 16
 402 0004 00AF     		add	r7, sp, #0
 403              		.cfi_def_cfa_register 7
 404 0006 0346     		mov	r3, r0
 405 0008 FB71     		strb	r3, [r7, #7]
 293:.\Generated_Source\PSoC5/EzI2C.c **** #if (EZI2C_ONE_ADDRESS == EZI2C_ADDRESSES)
 294:.\Generated_Source\PSoC5/EzI2C.c ****     EZI2C_ADDR_REG = (address & EZI2C_SADDR_MASK);
 406              		.loc 1 294 0
 407 000a 054A     		ldr	r2, .L15
 408 000c FB79     		ldrb	r3, [r7, #7]
 409 000e 03F07F03 		and	r3, r3, #127
 410 0012 DBB2     		uxtb	r3, r3
 411 0014 1370     		strb	r3, [r2]
 295:.\Generated_Source\PSoC5/EzI2C.c **** #else
 296:.\Generated_Source\PSoC5/EzI2C.c ****     EZI2C_addrS1   = (address & EZI2C_SADDR_MASK);
 297:.\Generated_Source\PSoC5/EzI2C.c **** #endif /* (EZI2C_ONE_ADDRESS == EZI2C_ADDRESSES) */
 298:.\Generated_Source\PSoC5/EzI2C.c **** }
 412              		.loc 1 298 0
 413 0016 0C37     		adds	r7, r7, #12
 414              		.cfi_def_cfa_offset 4
 415 0018 BD46     		mov	sp, r7
 416              		.cfi_def_cfa_register 13
 417              		@ sp needed
 418 001a 5DF8047B 		ldr	r7, [sp], #4
 419              		.cfi_restore 7
 420              		.cfi_def_cfa_offset 0
 421 001e 7047     		bx	lr
 422              	.L16:
 423              		.align	2
 424              	.L15:
 425 0020 CA490040 		.word	1073760714
 426              		.cfi_endproc
 427              	.LFE4:
 428              		.size	EZI2C_SetAddress1, .-EZI2C_SetAddress1
 429              		.section	.text.EZI2C_GetAddress1,"ax",%progbits
 430              		.align	2
 431              		.global	EZI2C_GetAddress1
 432              		.thumb
 433              		.thumb_func
 434              		.type	EZI2C_GetAddress1, %function
 435              	EZI2C_GetAddress1:
 436              	.LFB5:
 299:.\Generated_Source\PSoC5/EzI2C.c **** 
 300:.\Generated_Source\PSoC5/EzI2C.c **** 
 301:.\Generated_Source\PSoC5/EzI2C.c **** /*******************************************************************************
 302:.\Generated_Source\PSoC5/EzI2C.c **** * Function Name: EZI2C_GetAddress1
 303:.\Generated_Source\PSoC5/EzI2C.c **** ********************************************************************************
 304:.\Generated_Source\PSoC5/EzI2C.c **** *
 305:.\Generated_Source\PSoC5/EzI2C.c **** * Summary:
ARM GAS  C:\Users\LUKASC~1\AppData\Local\Temp\ccF92SdE.s 			page 14


 306:.\Generated_Source\PSoC5/EzI2C.c **** *  Returns the primary I2C slave address.
 307:.\Generated_Source\PSoC5/EzI2C.c **** *  This address is the 7-bit right-justified slave address and does not include
 308:.\Generated_Source\PSoC5/EzI2C.c **** *  the R/W bit.
 309:.\Generated_Source\PSoC5/EzI2C.c **** *
 310:.\Generated_Source\PSoC5/EzI2C.c **** * Parameters:
 311:.\Generated_Source\PSoC5/EzI2C.c **** *  None.
 312:.\Generated_Source\PSoC5/EzI2C.c **** *
 313:.\Generated_Source\PSoC5/EzI2C.c **** * Return:
 314:.\Generated_Source\PSoC5/EzI2C.c **** *  Primary I2C slave address.
 315:.\Generated_Source\PSoC5/EzI2C.c **** *
 316:.\Generated_Source\PSoC5/EzI2C.c **** * Global variables:
 317:.\Generated_Source\PSoC5/EzI2C.c **** *  EZI2C_addrS1 - If component is configured to has two slave
 318:.\Generated_Source\PSoC5/EzI2C.c **** *  addresses than the primary address is saved here, otherwise the address is written to
 319:.\Generated_Source\PSoC5/EzI2C.c **** *  the register.
 320:.\Generated_Source\PSoC5/EzI2C.c **** *
 321:.\Generated_Source\PSoC5/EzI2C.c **** * Reentrant:
 322:.\Generated_Source\PSoC5/EzI2C.c **** *  No.
 323:.\Generated_Source\PSoC5/EzI2C.c **** *
 324:.\Generated_Source\PSoC5/EzI2C.c **** *******************************************************************************/
 325:.\Generated_Source\PSoC5/EzI2C.c **** uint8 EZI2C_GetAddress1(void) 
 326:.\Generated_Source\PSoC5/EzI2C.c **** {
 437              		.loc 1 326 0
 438              		.cfi_startproc
 439              		@ args = 0, pretend = 0, frame = 0
 440              		@ frame_needed = 1, uses_anonymous_args = 0
 441              		@ link register save eliminated.
 442 0000 80B4     		push	{r7}
 443              		.cfi_def_cfa_offset 4
 444              		.cfi_offset 7, -4
 445 0002 00AF     		add	r7, sp, #0
 446              		.cfi_def_cfa_register 7
 327:.\Generated_Source\PSoC5/EzI2C.c **** #if (EZI2C_ONE_ADDRESS == EZI2C_ADDRESSES)
 328:.\Generated_Source\PSoC5/EzI2C.c ****     return (EZI2C_ADDR_REG);
 447              		.loc 1 328 0
 448 0004 034B     		ldr	r3, .L19
 449 0006 1B78     		ldrb	r3, [r3]
 450 0008 DBB2     		uxtb	r3, r3
 329:.\Generated_Source\PSoC5/EzI2C.c **** #else
 330:.\Generated_Source\PSoC5/EzI2C.c ****     return (EZI2C_addrS1);
 331:.\Generated_Source\PSoC5/EzI2C.c **** #endif /* (EZI2C_ONE_ADDRESS == EZI2C_ADDRESSES) */
 332:.\Generated_Source\PSoC5/EzI2C.c **** }
 451              		.loc 1 332 0
 452 000a 1846     		mov	r0, r3
 453 000c BD46     		mov	sp, r7
 454              		.cfi_def_cfa_register 13
 455              		@ sp needed
 456 000e 5DF8047B 		ldr	r7, [sp], #4
 457              		.cfi_restore 7
 458              		.cfi_def_cfa_offset 0
 459 0012 7047     		bx	lr
 460              	.L20:
 461              		.align	2
 462              	.L19:
 463 0014 CA490040 		.word	1073760714
 464              		.cfi_endproc
 465              	.LFE5:
 466              		.size	EZI2C_GetAddress1, .-EZI2C_GetAddress1
ARM GAS  C:\Users\LUKASC~1\AppData\Local\Temp\ccF92SdE.s 			page 15


 467              		.section	.text.EZI2C_GetActivity,"ax",%progbits
 468              		.align	2
 469              		.global	EZI2C_GetActivity
 470              		.thumb
 471              		.thumb_func
 472              		.type	EZI2C_GetActivity, %function
 473              	EZI2C_GetActivity:
 474              	.LFB6:
 333:.\Generated_Source\PSoC5/EzI2C.c **** 
 334:.\Generated_Source\PSoC5/EzI2C.c **** 
 335:.\Generated_Source\PSoC5/EzI2C.c **** /*******************************************************************************
 336:.\Generated_Source\PSoC5/EzI2C.c **** * Function Name: EZI2C_GetActivity
 337:.\Generated_Source\PSoC5/EzI2C.c **** ********************************************************************************
 338:.\Generated_Source\PSoC5/EzI2C.c **** *
 339:.\Generated_Source\PSoC5/EzI2C.c **** * Summary:
 340:.\Generated_Source\PSoC5/EzI2C.c **** *  Returns a non-zero value if an I2C read or write cycle has occurred since
 341:.\Generated_Source\PSoC5/EzI2C.c **** *  the last time this function was called. The activity flag resets to zero at
 342:.\Generated_Source\PSoC5/EzI2C.c **** *  the end of this function call.
 343:.\Generated_Source\PSoC5/EzI2C.c **** *  The Read and Write busy flags are cleared when read, but the “BUSY” flag is
 344:.\Generated_Source\PSoC5/EzI2C.c **** *  only cleared when slave is free (i.e master finishes communication with
 345:.\Generated_Source\PSoC5/EzI2C.c **** *  slave generating Stop or repeated Start condition).
 346:.\Generated_Source\PSoC5/EzI2C.c **** *
 347:.\Generated_Source\PSoC5/EzI2C.c **** * Parameters:
 348:.\Generated_Source\PSoC5/EzI2C.c **** *  None
 349:.\Generated_Source\PSoC5/EzI2C.c **** *
 350:.\Generated_Source\PSoC5/EzI2C.c **** * Return:
 351:.\Generated_Source\PSoC5/EzI2C.c **** *  Status of I2C activity.
 352:.\Generated_Source\PSoC5/EzI2C.c **** *
 353:.\Generated_Source\PSoC5/EzI2C.c **** *   EZI2C_STATUS_READ1   Set if a Read sequence is detected for the first
 354:.\Generated_Source\PSoC5/EzI2C.c **** *                                   address. Cleared when the status is read.
 355:.\Generated_Source\PSoC5/EzI2C.c **** *
 356:.\Generated_Source\PSoC5/EzI2C.c **** *   EZI2C_STATUS_WRITE1  Set if a Write sequence is detected for the first
 357:.\Generated_Source\PSoC5/EzI2C.c **** *                                   address. Cleared when the status is  read.
 358:.\Generated_Source\PSoC5/EzI2C.c **** *
 359:.\Generated_Source\PSoC5/EzI2C.c **** *   EZI2C_STATUS_READ2   Set if a Read sequence is detected for the second
 360:.\Generated_Source\PSoC5/EzI2C.c **** *                                   address (if enabled). Cleared when the status
 361:.\Generated_Source\PSoC5/EzI2C.c **** *                                   read.
 362:.\Generated_Source\PSoC5/EzI2C.c **** *
 363:.\Generated_Source\PSoC5/EzI2C.c **** *   EZI2C_STATUS_WRITE2  Set if a Write sequence is detected for the second
 364:.\Generated_Source\PSoC5/EzI2C.c **** *                                   address (if enabled). Cleared when the status is
 365:.\Generated_Source\PSoC5/EzI2C.c **** *                                   read.
 366:.\Generated_Source\PSoC5/EzI2C.c **** *
 367:.\Generated_Source\PSoC5/EzI2C.c **** *   EZI2C_STATUS_BUSY    Set when the master starts communication with
 368:.\Generated_Source\PSoC5/EzI2C.c **** *                                   the slave (the slave is addressed with Start or
 369:.\Generated_Source\PSoC5/EzI2C.c **** *                                   repeated Start) and cleared when the master
 370:.\Generated_Source\PSoC5/EzI2C.c **** *                                   finishes communication (a Stop or repeated
 371:.\Generated_Source\PSoC5/EzI2C.c **** *                                   Start condition is generated).
 372:.\Generated_Source\PSoC5/EzI2C.c **** *
 373:.\Generated_Source\PSoC5/EzI2C.c **** *   EZI2C_STATUS_ERR     Set when the I2C hardware is detected, cleared
 374:.\Generated_Source\PSoC5/EzI2C.c **** *                                   when the status is read.
 375:.\Generated_Source\PSoC5/EzI2C.c **** *
 376:.\Generated_Source\PSoC5/EzI2C.c **** * Global variables:
 377:.\Generated_Source\PSoC5/EzI2C.c **** *  EZI2C_curStatus - The global variable which stores the current
 378:.\Generated_Source\PSoC5/EzI2C.c **** *  component status.
 379:.\Generated_Source\PSoC5/EzI2C.c **** *
 380:.\Generated_Source\PSoC5/EzI2C.c **** * Reentrant:
 381:.\Generated_Source\PSoC5/EzI2C.c **** *  No.
ARM GAS  C:\Users\LUKASC~1\AppData\Local\Temp\ccF92SdE.s 			page 16


 382:.\Generated_Source\PSoC5/EzI2C.c **** *
 383:.\Generated_Source\PSoC5/EzI2C.c **** *******************************************************************************/
 384:.\Generated_Source\PSoC5/EzI2C.c **** uint8 EZI2C_GetActivity(void) 
 385:.\Generated_Source\PSoC5/EzI2C.c **** {
 475              		.loc 1 385 0
 476              		.cfi_startproc
 477              		@ args = 0, pretend = 0, frame = 8
 478              		@ frame_needed = 1, uses_anonymous_args = 0
 479              		@ link register save eliminated.
 480 0000 80B4     		push	{r7}
 481              		.cfi_def_cfa_offset 4
 482              		.cfi_offset 7, -4
 483 0002 83B0     		sub	sp, sp, #12
 484              		.cfi_def_cfa_offset 16
 485 0004 00AF     		add	r7, sp, #0
 486              		.cfi_def_cfa_register 7
 386:.\Generated_Source\PSoC5/EzI2C.c ****     uint8 tmpStatus;
 387:.\Generated_Source\PSoC5/EzI2C.c **** 
 388:.\Generated_Source\PSoC5/EzI2C.c ****     EZI2C_DisableInt(); /* Lock from component interrupt */
 487              		.loc 1 388 0
 488 0006 0D4B     		ldr	r3, .L23
 489 0008 4FF40042 		mov	r2, #32768
 490 000c 1A60     		str	r2, [r3]
 389:.\Generated_Source\PSoC5/EzI2C.c **** 
 390:.\Generated_Source\PSoC5/EzI2C.c ****     tmpStatus = EZI2C_curStatus;
 491              		.loc 1 390 0
 492 000e 0C4B     		ldr	r3, .L23+4
 493 0010 1B78     		ldrb	r3, [r3]
 494 0012 FB71     		strb	r3, [r7, #7]
 391:.\Generated_Source\PSoC5/EzI2C.c ****     /* Clear status bits. Do not touch busy status */
 392:.\Generated_Source\PSoC5/EzI2C.c ****     EZI2C_curStatus &= EZI2C_STATUS_BUSY;
 495              		.loc 1 392 0
 496 0014 0A4B     		ldr	r3, .L23+4
 497 0016 1B78     		ldrb	r3, [r3]
 498 0018 DBB2     		uxtb	r3, r3
 499 001a 03F01003 		and	r3, r3, #16
 500 001e DAB2     		uxtb	r2, r3
 501 0020 074B     		ldr	r3, .L23+4
 502 0022 1A70     		strb	r2, [r3]
 393:.\Generated_Source\PSoC5/EzI2C.c **** 
 394:.\Generated_Source\PSoC5/EzI2C.c ****     EZI2C_EnableInt(); /* Release lock */
 503              		.loc 1 394 0
 504 0024 074B     		ldr	r3, .L23+8
 505 0026 4FF40042 		mov	r2, #32768
 506 002a 1A60     		str	r2, [r3]
 395:.\Generated_Source\PSoC5/EzI2C.c **** 
 396:.\Generated_Source\PSoC5/EzI2C.c ****     return (tmpStatus);
 507              		.loc 1 396 0
 508 002c FB79     		ldrb	r3, [r7, #7]	@ zero_extendqisi2
 397:.\Generated_Source\PSoC5/EzI2C.c **** }
 509              		.loc 1 397 0
 510 002e 1846     		mov	r0, r3
 511 0030 0C37     		adds	r7, r7, #12
 512              		.cfi_def_cfa_offset 4
 513 0032 BD46     		mov	sp, r7
 514              		.cfi_def_cfa_register 13
 515              		@ sp needed
ARM GAS  C:\Users\LUKASC~1\AppData\Local\Temp\ccF92SdE.s 			page 17


 516 0034 5DF8047B 		ldr	r7, [sp], #4
 517              		.cfi_restore 7
 518              		.cfi_def_cfa_offset 0
 519 0038 7047     		bx	lr
 520              	.L24:
 521 003a 00BF     		.align	2
 522              	.L23:
 523 003c 80E100E0 		.word	-536813184
 524 0040 00000000 		.word	EZI2C_curStatus
 525 0044 00E100E0 		.word	-536813312
 526              		.cfi_endproc
 527              	.LFE6:
 528              		.size	EZI2C_GetActivity, .-EZI2C_GetActivity
 529              		.section	.text.EZI2C_SetBuffer1,"ax",%progbits
 530              		.align	2
 531              		.global	EZI2C_SetBuffer1
 532              		.thumb
 533              		.thumb_func
 534              		.type	EZI2C_SetBuffer1, %function
 535              	EZI2C_SetBuffer1:
 536              	.LFB7:
 398:.\Generated_Source\PSoC5/EzI2C.c **** 
 399:.\Generated_Source\PSoC5/EzI2C.c **** 
 400:.\Generated_Source\PSoC5/EzI2C.c **** /*******************************************************************************
 401:.\Generated_Source\PSoC5/EzI2C.c **** * Function Name: EZI2C_SetBuffer1
 402:.\Generated_Source\PSoC5/EzI2C.c **** ********************************************************************************
 403:.\Generated_Source\PSoC5/EzI2C.c **** *
 404:.\Generated_Source\PSoC5/EzI2C.c **** * Summary:
 405:.\Generated_Source\PSoC5/EzI2C.c **** *  Sets up the data buffer to be exposed to the master on a primary slave
 406:.\Generated_Source\PSoC5/EzI2C.c **** *  address request.
 407:.\Generated_Source\PSoC5/EzI2C.c **** *
 408:.\Generated_Source\PSoC5/EzI2C.c **** * Parameters:
 409:.\Generated_Source\PSoC5/EzI2C.c **** *  bufSize:    Size of the buffer in bytes.
 410:.\Generated_Source\PSoC5/EzI2C.c **** *  rwBoundary: Number of data bytes starting from the beginning of the buffer
 411:.\Generated_Source\PSoC5/EzI2C.c **** *              with read and write access. Data bytes located at offset
 412:.\Generated_Source\PSoC5/EzI2C.c **** *              rwBoundary or greater are read only.
 413:.\Generated_Source\PSoC5/EzI2C.c **** *              This value must be less than or equal to the buffer size.
 414:.\Generated_Source\PSoC5/EzI2C.c **** *  dataPtr:    Pointer to the data buffer.
 415:.\Generated_Source\PSoC5/EzI2C.c **** *
 416:.\Generated_Source\PSoC5/EzI2C.c **** * Return:
 417:.\Generated_Source\PSoC5/EzI2C.c **** *  None.
 418:.\Generated_Source\PSoC5/EzI2C.c **** *
 419:.\Generated_Source\PSoC5/EzI2C.c **** * Global variables:
 420:.\Generated_Source\PSoC5/EzI2C.c **** *  EZI2C_dataPtrS1 - Stores the pointer to the data exposed to an I2C
 421:.\Generated_Source\PSoC5/EzI2C.c **** *  master for the first slave address, is modified with the the new pointer to    the    ?? no sens
 422:.\Generated_Source\PSoC5/EzI2C.c **** *  data passed by the function parameter.
 423:.\Generated_Source\PSoC5/EzI2C.c **** *
 424:.\Generated_Source\PSoC5/EzI2C.c **** *  EZI2C_rwOffsetS1 - Stores an offset for read and write operations, is
 425:.\Generated_Source\PSoC5/EzI2C.c **** *  modified at each write sequence of the first slave address is?? reset.   ?
 426:.\Generated_Source\PSoC5/EzI2C.c **** *
 427:.\Generated_Source\PSoC5/EzI2C.c **** *  EZI2C_rwIndexS1 - Stores the pointer to the next value to be read or
 428:.\Generated_Source\PSoC5/EzI2C.c **** *  written for the first slave address is?? set to 0.  ??
 429:.\Generated_Source\PSoC5/EzI2C.c **** *
 430:.\Generated_Source\PSoC5/EzI2C.c **** * Reentrant:
 431:.\Generated_Source\PSoC5/EzI2C.c **** *  No.
 432:.\Generated_Source\PSoC5/EzI2C.c **** *
 433:.\Generated_Source\PSoC5/EzI2C.c **** *******************************************************************************/
ARM GAS  C:\Users\LUKASC~1\AppData\Local\Temp\ccF92SdE.s 			page 18


 434:.\Generated_Source\PSoC5/EzI2C.c **** void EZI2C_SetBuffer1(uint16 bufSize, uint16 rwBoundary, volatile uint8 * dataPtr) 
 435:.\Generated_Source\PSoC5/EzI2C.c **** {
 537              		.loc 1 435 0
 538              		.cfi_startproc
 539              		@ args = 0, pretend = 0, frame = 8
 540              		@ frame_needed = 1, uses_anonymous_args = 0
 541              		@ link register save eliminated.
 542 0000 80B4     		push	{r7}
 543              		.cfi_def_cfa_offset 4
 544              		.cfi_offset 7, -4
 545 0002 83B0     		sub	sp, sp, #12
 546              		.cfi_def_cfa_offset 16
 547 0004 00AF     		add	r7, sp, #0
 548              		.cfi_def_cfa_register 7
 549 0006 0346     		mov	r3, r0
 550 0008 3A60     		str	r2, [r7]
 551 000a FB80     		strh	r3, [r7, #6]	@ movhi
 552 000c 0B46     		mov	r3, r1	@ movhi
 553 000e BB80     		strh	r3, [r7, #4]	@ movhi
 436:.\Generated_Source\PSoC5/EzI2C.c ****     EZI2C_DisableInt(); /* Lock from component interrupt */
 554              		.loc 1 436 0
 555 0010 0F4B     		ldr	r3, .L27
 556 0012 4FF40042 		mov	r2, #32768
 557 0016 1A60     		str	r2, [r3]
 437:.\Generated_Source\PSoC5/EzI2C.c **** 
 438:.\Generated_Source\PSoC5/EzI2C.c ****     if (NULL != dataPtr)
 558              		.loc 1 438 0
 559 0018 3B68     		ldr	r3, [r7]
 560 001a 002B     		cmp	r3, #0
 561 001c 08D0     		beq	.L26
 439:.\Generated_Source\PSoC5/EzI2C.c ****     {
 440:.\Generated_Source\PSoC5/EzI2C.c ****         /* Configure buffer 1 */
 441:.\Generated_Source\PSoC5/EzI2C.c ****         EZI2C_dataPtrS1   = dataPtr;
 562              		.loc 1 441 0
 563 001e 0D4A     		ldr	r2, .L27+4
 564 0020 3B68     		ldr	r3, [r7]
 565 0022 1360     		str	r3, [r2]
 442:.\Generated_Source\PSoC5/EzI2C.c ****         EZI2C_bufSizeS1   = bufSize;
 566              		.loc 1 442 0
 567 0024 0C4A     		ldr	r2, .L27+8
 568 0026 FB88     		ldrh	r3, [r7, #6]	@ movhi
 569 0028 1380     		strh	r3, [r2]	@ movhi
 443:.\Generated_Source\PSoC5/EzI2C.c ****         EZI2C_wrProtectS1 = rwBoundary;
 570              		.loc 1 443 0
 571 002a 0C4A     		ldr	r2, .L27+12
 572 002c BB88     		ldrh	r3, [r7, #4]	@ movhi
 573 002e 1380     		strh	r3, [r2]	@ movhi
 574              	.L26:
 444:.\Generated_Source\PSoC5/EzI2C.c ****     }
 445:.\Generated_Source\PSoC5/EzI2C.c **** 
 446:.\Generated_Source\PSoC5/EzI2C.c ****     /* Clear buffer offset and index */
 447:.\Generated_Source\PSoC5/EzI2C.c ****     EZI2C_rwOffsetS1 = 0u;
 575              		.loc 1 447 0
 576 0030 0B4B     		ldr	r3, .L27+16
 577 0032 0022     		movs	r2, #0
 578 0034 1A80     		strh	r2, [r3]	@ movhi
 448:.\Generated_Source\PSoC5/EzI2C.c ****     EZI2C_rwIndexS1  = 0u;
ARM GAS  C:\Users\LUKASC~1\AppData\Local\Temp\ccF92SdE.s 			page 19


 579              		.loc 1 448 0
 580 0036 0B4B     		ldr	r3, .L27+20
 581 0038 0022     		movs	r2, #0
 582 003a 1A80     		strh	r2, [r3]	@ movhi
 449:.\Generated_Source\PSoC5/EzI2C.c **** 
 450:.\Generated_Source\PSoC5/EzI2C.c ****     EZI2C_EnableInt(); /* Release lock */
 583              		.loc 1 450 0
 584 003c 0A4B     		ldr	r3, .L27+24
 585 003e 4FF40042 		mov	r2, #32768
 586 0042 1A60     		str	r2, [r3]
 451:.\Generated_Source\PSoC5/EzI2C.c **** }
 587              		.loc 1 451 0
 588 0044 0C37     		adds	r7, r7, #12
 589              		.cfi_def_cfa_offset 4
 590 0046 BD46     		mov	sp, r7
 591              		.cfi_def_cfa_register 13
 592              		@ sp needed
 593 0048 5DF8047B 		ldr	r7, [sp], #4
 594              		.cfi_restore 7
 595              		.cfi_def_cfa_offset 0
 596 004c 7047     		bx	lr
 597              	.L28:
 598 004e 00BF     		.align	2
 599              	.L27:
 600 0050 80E100E0 		.word	-536813184
 601 0054 00000000 		.word	EZI2C_dataPtrS1
 602 0058 00000000 		.word	EZI2C_bufSizeS1
 603 005c 00000000 		.word	EZI2C_wrProtectS1
 604 0060 00000000 		.word	EZI2C_rwOffsetS1
 605 0064 00000000 		.word	EZI2C_rwIndexS1
 606 0068 00E100E0 		.word	-536813312
 607              		.cfi_endproc
 608              	.LFE7:
 609              		.size	EZI2C_SetBuffer1, .-EZI2C_SetBuffer1
 610              		.text
 611              	.Letext0:
 612              		.file 2 ".\\Generated_Source\\PSoC5\\cytypes.h"
 613              		.file 3 ".\\Generated_Source\\PSoC5\\EZI2C.h"
 614              		.file 4 ".\\Generated_Source\\PSoC5\\EZI2C_PVT.h"
 615              		.section	.debug_info,"",%progbits
 616              	.Ldebug_info0:
 617 0000 E6020000 		.4byte	0x2e6
 618 0004 0400     		.2byte	0x4
 619 0006 00000000 		.4byte	.Ldebug_abbrev0
 620 000a 04       		.byte	0x4
 621 000b 01       		.uleb128 0x1
 622 000c 08010000 		.4byte	.LASF45
 623 0010 01       		.byte	0x1
 624 0011 D5020000 		.4byte	.LASF46
 625 0015 9D010000 		.4byte	.LASF47
 626 0019 00000000 		.4byte	.Ldebug_ranges0+0
 627 001d 00000000 		.4byte	0
 628 0021 00000000 		.4byte	.Ldebug_line0
 629 0025 02       		.uleb128 0x2
 630 0026 01       		.byte	0x1
 631 0027 06       		.byte	0x6
 632 0028 27030000 		.4byte	.LASF0
ARM GAS  C:\Users\LUKASC~1\AppData\Local\Temp\ccF92SdE.s 			page 20


 633 002c 02       		.uleb128 0x2
 634 002d 01       		.byte	0x1
 635 002e 08       		.byte	0x8
 636 002f A2000000 		.4byte	.LASF1
 637 0033 02       		.uleb128 0x2
 638 0034 02       		.byte	0x2
 639 0035 05       		.byte	0x5
 640 0036 F6020000 		.4byte	.LASF2
 641 003a 02       		.uleb128 0x2
 642 003b 02       		.byte	0x2
 643 003c 07       		.byte	0x7
 644 003d 5F000000 		.4byte	.LASF3
 645 0041 02       		.uleb128 0x2
 646 0042 04       		.byte	0x4
 647 0043 05       		.byte	0x5
 648 0044 14030000 		.4byte	.LASF4
 649 0048 02       		.uleb128 0x2
 650 0049 04       		.byte	0x4
 651 004a 07       		.byte	0x7
 652 004b CD000000 		.4byte	.LASF5
 653 004f 02       		.uleb128 0x2
 654 0050 08       		.byte	0x8
 655 0051 05       		.byte	0x5
 656 0052 A0020000 		.4byte	.LASF6
 657 0056 02       		.uleb128 0x2
 658 0057 08       		.byte	0x8
 659 0058 07       		.byte	0x7
 660 0059 4C020000 		.4byte	.LASF7
 661 005d 03       		.uleb128 0x3
 662 005e 04       		.byte	0x4
 663 005f 05       		.byte	0x5
 664 0060 696E7400 		.ascii	"int\000"
 665 0064 02       		.uleb128 0x2
 666 0065 04       		.byte	0x4
 667 0066 07       		.byte	0x7
 668 0067 37020000 		.4byte	.LASF8
 669 006b 04       		.uleb128 0x4
 670 006c F0000000 		.4byte	.LASF9
 671 0070 02       		.byte	0x2
 672 0071 9201     		.2byte	0x192
 673 0073 2C000000 		.4byte	0x2c
 674 0077 04       		.uleb128 0x4
 675 0078 05020000 		.4byte	.LASF10
 676 007c 02       		.byte	0x2
 677 007d 9301     		.2byte	0x193
 678 007f 3A000000 		.4byte	0x3a
 679 0083 04       		.uleb128 0x4
 680 0084 0C020000 		.4byte	.LASF11
 681 0088 02       		.byte	0x2
 682 0089 9401     		.2byte	0x194
 683 008b 48000000 		.4byte	0x48
 684 008f 02       		.uleb128 0x2
 685 0090 04       		.byte	0x4
 686 0091 04       		.byte	0x4
 687 0092 9C000000 		.4byte	.LASF12
 688 0096 02       		.uleb128 0x2
 689 0097 08       		.byte	0x8
ARM GAS  C:\Users\LUKASC~1\AppData\Local\Temp\ccF92SdE.s 			page 21


 690 0098 04       		.byte	0x4
 691 0099 96010000 		.4byte	.LASF13
 692 009d 02       		.uleb128 0x2
 693 009e 01       		.byte	0x1
 694 009f 08       		.byte	0x8
 695 00a0 AE020000 		.4byte	.LASF14
 696 00a4 04       		.uleb128 0x4
 697 00a5 C0000000 		.4byte	.LASF15
 698 00a9 02       		.byte	0x2
 699 00aa 3C02     		.2byte	0x23c
 700 00ac B0000000 		.4byte	0xb0
 701 00b0 05       		.uleb128 0x5
 702 00b1 6B000000 		.4byte	0x6b
 703 00b5 05       		.uleb128 0x5
 704 00b6 77000000 		.4byte	0x77
 705 00ba 04       		.uleb128 0x4
 706 00bb 12000000 		.4byte	.LASF16
 707 00bf 02       		.byte	0x2
 708 00c0 3E02     		.2byte	0x23e
 709 00c2 C6000000 		.4byte	0xc6
 710 00c6 05       		.uleb128 0x5
 711 00c7 83000000 		.4byte	0x83
 712 00cb 02       		.uleb128 0x2
 713 00cc 04       		.byte	0x4
 714 00cd 07       		.byte	0x7
 715 00ce 97020000 		.4byte	.LASF17
 716 00d2 06       		.uleb128 0x6
 717 00d3 06       		.byte	0x6
 718 00d4 03       		.byte	0x3
 719 00d5 42       		.byte	0x42
 720 00d6 23010000 		.4byte	0x123
 721 00da 07       		.uleb128 0x7
 722 00db 13020000 		.4byte	.LASF18
 723 00df 03       		.byte	0x3
 724 00e0 44       		.byte	0x44
 725 00e1 6B000000 		.4byte	0x6b
 726 00e5 00       		.byte	0
 727 00e6 07       		.uleb128 0x7
 728 00e7 B3020000 		.4byte	.LASF19
 729 00eb 03       		.byte	0x3
 730 00ec 45       		.byte	0x45
 731 00ed 6B000000 		.4byte	0x6b
 732 00f1 01       		.byte	0x1
 733 00f2 08       		.uleb128 0x8
 734 00f3 61647200 		.ascii	"adr\000"
 735 00f7 03       		.byte	0x3
 736 00f8 46       		.byte	0x46
 737 00f9 6B000000 		.4byte	0x6b
 738 00fd 02       		.byte	0x2
 739 00fe 08       		.uleb128 0x8
 740 00ff 63666700 		.ascii	"cfg\000"
 741 0103 03       		.byte	0x3
 742 0104 47       		.byte	0x47
 743 0105 6B000000 		.4byte	0x6b
 744 0109 03       		.byte	0x3
 745 010a 07       		.uleb128 0x7
 746 010b 63020000 		.4byte	.LASF20
ARM GAS  C:\Users\LUKASC~1\AppData\Local\Temp\ccF92SdE.s 			page 22


 747 010f 03       		.byte	0x3
 748 0110 48       		.byte	0x48
 749 0111 6B000000 		.4byte	0x6b
 750 0115 04       		.byte	0x4
 751 0116 07       		.uleb128 0x7
 752 0117 6B020000 		.4byte	.LASF21
 753 011b 03       		.byte	0x3
 754 011c 49       		.byte	0x49
 755 011d 6B000000 		.4byte	0x6b
 756 0121 05       		.byte	0x5
 757 0122 00       		.byte	0
 758 0123 09       		.uleb128 0x9
 759 0124 83020000 		.4byte	.LASF22
 760 0128 03       		.byte	0x3
 761 0129 4B       		.byte	0x4b
 762 012a D2000000 		.4byte	0xd2
 763 012e 0A       		.uleb128 0xa
 764 012f CA020000 		.4byte	.LASF23
 765 0133 01       		.byte	0x1
 766 0134 69       		.byte	0x69
 767 0135 00000000 		.4byte	.LFB0
 768 0139 8C000000 		.4byte	.LFE0-.LFB0
 769 013d 01       		.uleb128 0x1
 770 013e 9C       		.byte	0x9c
 771 013f 0B       		.uleb128 0xb
 772 0140 47000000 		.4byte	.LASF25
 773 0144 01       		.byte	0x1
 774 0145 A0       		.byte	0xa0
 775 0146 00000000 		.4byte	.LFB1
 776 014a 50000000 		.4byte	.LFE1-.LFB1
 777 014e 01       		.uleb128 0x1
 778 014f 9C       		.byte	0x9c
 779 0150 63010000 		.4byte	0x163
 780 0154 0C       		.uleb128 0xc
 781 0155 1F020000 		.4byte	.LASF27
 782 0159 01       		.byte	0x1
 783 015a A2       		.byte	0xa2
 784 015b 6B000000 		.4byte	0x6b
 785 015f 02       		.uleb128 0x2
 786 0160 91       		.byte	0x91
 787 0161 77       		.sleb128 -9
 788 0162 00       		.byte	0
 789 0163 0A       		.uleb128 0xa
 790 0164 08030000 		.4byte	.LASF24
 791 0168 01       		.byte	0x1
 792 0169 C4       		.byte	0xc4
 793 016a 00000000 		.4byte	.LFB2
 794 016e 20000000 		.4byte	.LFE2-.LFB2
 795 0172 01       		.uleb128 0x1
 796 0173 9C       		.byte	0x9c
 797 0174 0B       		.uleb128 0xb
 798 0175 54000000 		.4byte	.LASF26
 799 0179 01       		.byte	0x1
 800 017a DF       		.byte	0xdf
 801 017b 00000000 		.4byte	.LFB3
 802 017f 08010000 		.4byte	.LFE3-.LFB3
 803 0183 01       		.uleb128 0x1
ARM GAS  C:\Users\LUKASC~1\AppData\Local\Temp\ccF92SdE.s 			page 23


 804 0184 9C       		.byte	0x9c
 805 0185 A6010000 		.4byte	0x1a6
 806 0189 0C       		.uleb128 0xc
 807 018a 1F020000 		.4byte	.LASF27
 808 018e 01       		.byte	0x1
 809 018f E1       		.byte	0xe1
 810 0190 6B000000 		.4byte	0x6b
 811 0194 02       		.uleb128 0x2
 812 0195 91       		.byte	0x91
 813 0196 75       		.sleb128 -11
 814 0197 0C       		.uleb128 0xc
 815 0198 8B000000 		.4byte	.LASF28
 816 019c 01       		.byte	0x1
 817 019d E2       		.byte	0xe2
 818 019e 77000000 		.4byte	0x77
 819 01a2 02       		.uleb128 0x2
 820 01a3 91       		.byte	0x91
 821 01a4 76       		.sleb128 -10
 822 01a5 00       		.byte	0
 823 01a6 0D       		.uleb128 0xd
 824 01a7 18000000 		.4byte	.LASF29
 825 01ab 01       		.byte	0x1
 826 01ac 2301     		.2byte	0x123
 827 01ae 00000000 		.4byte	.LFB4
 828 01b2 24000000 		.4byte	.LFE4-.LFB4
 829 01b6 01       		.uleb128 0x1
 830 01b7 9C       		.byte	0x9c
 831 01b8 CC010000 		.4byte	0x1cc
 832 01bc 0E       		.uleb128 0xe
 833 01bd 44020000 		.4byte	.LASF32
 834 01c1 01       		.byte	0x1
 835 01c2 2301     		.2byte	0x123
 836 01c4 6B000000 		.4byte	0x6b
 837 01c8 02       		.uleb128 0x2
 838 01c9 91       		.byte	0x91
 839 01ca 77       		.sleb128 -9
 840 01cb 00       		.byte	0
 841 01cc 0F       		.uleb128 0xf
 842 01cd B8020000 		.4byte	.LASF48
 843 01d1 01       		.byte	0x1
 844 01d2 4501     		.2byte	0x145
 845 01d4 6B000000 		.4byte	0x6b
 846 01d8 00000000 		.4byte	.LFB5
 847 01dc 18000000 		.4byte	.LFE5-.LFB5
 848 01e0 01       		.uleb128 0x1
 849 01e1 9C       		.byte	0x9c
 850 01e2 10       		.uleb128 0x10
 851 01e3 F6000000 		.4byte	.LASF49
 852 01e7 01       		.byte	0x1
 853 01e8 8001     		.2byte	0x180
 854 01ea 6B000000 		.4byte	0x6b
 855 01ee 00000000 		.4byte	.LFB6
 856 01f2 48000000 		.4byte	.LFE6-.LFB6
 857 01f6 01       		.uleb128 0x1
 858 01f7 9C       		.byte	0x9c
 859 01f8 0C020000 		.4byte	0x20c
 860 01fc 11       		.uleb128 0x11
ARM GAS  C:\Users\LUKASC~1\AppData\Local\Temp\ccF92SdE.s 			page 24


 861 01fd 1D030000 		.4byte	.LASF30
 862 0201 01       		.byte	0x1
 863 0202 8201     		.2byte	0x182
 864 0204 6B000000 		.4byte	0x6b
 865 0208 02       		.uleb128 0x2
 866 0209 91       		.byte	0x91
 867 020a 77       		.sleb128 -9
 868 020b 00       		.byte	0
 869 020c 0D       		.uleb128 0xd
 870 020d F4010000 		.4byte	.LASF31
 871 0211 01       		.byte	0x1
 872 0212 B201     		.2byte	0x1b2
 873 0214 00000000 		.4byte	.LFB7
 874 0218 6C000000 		.4byte	.LFE7-.LFB7
 875 021c 01       		.uleb128 0x1
 876 021d 9C       		.byte	0x9c
 877 021e 50020000 		.4byte	0x250
 878 0222 0E       		.uleb128 0xe
 879 0223 00030000 		.4byte	.LASF33
 880 0227 01       		.byte	0x1
 881 0228 B201     		.2byte	0x1b2
 882 022a 77000000 		.4byte	0x77
 883 022e 02       		.uleb128 0x2
 884 022f 91       		.byte	0x91
 885 0230 76       		.sleb128 -10
 886 0231 0E       		.uleb128 0xe
 887 0232 72000000 		.4byte	.LASF34
 888 0236 01       		.byte	0x1
 889 0237 B201     		.2byte	0x1b2
 890 0239 77000000 		.4byte	0x77
 891 023d 02       		.uleb128 0x2
 892 023e 91       		.byte	0x91
 893 023f 74       		.sleb128 -12
 894 0240 0E       		.uleb128 0xe
 895 0241 C5000000 		.4byte	.LASF35
 896 0245 01       		.byte	0x1
 897 0246 B201     		.2byte	0x1b2
 898 0248 50020000 		.4byte	0x250
 899 024c 02       		.uleb128 0x2
 900 024d 91       		.byte	0x91
 901 024e 70       		.sleb128 -16
 902 024f 00       		.byte	0
 903 0250 12       		.uleb128 0x12
 904 0251 04       		.byte	0x4
 905 0252 B0000000 		.4byte	0xb0
 906 0256 13       		.uleb128 0x13
 907 0257 7D000000 		.4byte	.LASF36
 908 025b 01       		.byte	0x1
 909 025c 17       		.byte	0x17
 910 025d 6B000000 		.4byte	0x6b
 911 0261 05       		.uleb128 0x5
 912 0262 03       		.byte	0x3
 913 0263 00000000 		.4byte	EZI2C_initVar
 914 0267 14       		.uleb128 0x14
 915 0268 2A000000 		.4byte	.LASF37
 916 026c 04       		.byte	0x4
 917 026d 1A       		.byte	0x1a
ARM GAS  C:\Users\LUKASC~1\AppData\Local\Temp\ccF92SdE.s 			page 25


 918 026e 23010000 		.4byte	0x123
 919 0272 13       		.uleb128 0x13
 920 0273 37000000 		.4byte	.LASF38
 921 0277 01       		.byte	0x1
 922 0278 1A       		.byte	0x1a
 923 0279 B0000000 		.4byte	0xb0
 924 027d 05       		.uleb128 0x5
 925 027e 03       		.byte	0x3
 926 027f 00000000 		.4byte	EZI2C_curStatus
 927 0283 13       		.uleb128 0x13
 928 0284 28020000 		.4byte	.LASF39
 929 0288 01       		.byte	0x1
 930 0289 1B       		.byte	0x1b
 931 028a B0000000 		.4byte	0xb0
 932 028e 05       		.uleb128 0x5
 933 028f 03       		.byte	0x3
 934 0290 00000000 		.4byte	EZI2C_curState
 935 0294 13       		.uleb128 0x13
 936 0295 33030000 		.4byte	.LASF40
 937 0299 01       		.byte	0x1
 938 029a 1E       		.byte	0x1e
 939 029b 50020000 		.4byte	0x250
 940 029f 05       		.uleb128 0x5
 941 02a0 03       		.byte	0x3
 942 02a1 00000000 		.4byte	EZI2C_dataPtrS1
 943 02a5 13       		.uleb128 0x13
 944 02a6 73020000 		.4byte	.LASF41
 945 02aa 01       		.byte	0x1
 946 02ab 1F       		.byte	0x1f
 947 02ac B5000000 		.4byte	0xb5
 948 02b0 05       		.uleb128 0x5
 949 02b1 03       		.byte	0x3
 950 02b2 00000000 		.4byte	EZI2C_bufSizeS1
 951 02b6 13       		.uleb128 0x13
 952 02b7 00000000 		.4byte	.LASF42
 953 02bb 01       		.byte	0x1
 954 02bc 20       		.byte	0x20
 955 02bd B5000000 		.4byte	0xb5
 956 02c1 05       		.uleb128 0x5
 957 02c2 03       		.byte	0x3
 958 02c3 00000000 		.4byte	EZI2C_wrProtectS1
 959 02c7 13       		.uleb128 0x13
 960 02c8 DF000000 		.4byte	.LASF43
 961 02cc 01       		.byte	0x1
 962 02cd 21       		.byte	0x21
 963 02ce B5000000 		.4byte	0xb5
 964 02d2 05       		.uleb128 0x5
 965 02d3 03       		.byte	0x3
 966 02d4 00000000 		.4byte	EZI2C_rwOffsetS1
 967 02d8 13       		.uleb128 0x13
 968 02d9 B0000000 		.4byte	.LASF44
 969 02dd 01       		.byte	0x1
 970 02de 22       		.byte	0x22
 971 02df B5000000 		.4byte	0xb5
 972 02e3 05       		.uleb128 0x5
 973 02e4 03       		.byte	0x3
 974 02e5 00000000 		.4byte	EZI2C_rwIndexS1
ARM GAS  C:\Users\LUKASC~1\AppData\Local\Temp\ccF92SdE.s 			page 26


 975 02e9 00       		.byte	0
 976              		.section	.debug_abbrev,"",%progbits
 977              	.Ldebug_abbrev0:
 978 0000 01       		.uleb128 0x1
 979 0001 11       		.uleb128 0x11
 980 0002 01       		.byte	0x1
 981 0003 25       		.uleb128 0x25
 982 0004 0E       		.uleb128 0xe
 983 0005 13       		.uleb128 0x13
 984 0006 0B       		.uleb128 0xb
 985 0007 03       		.uleb128 0x3
 986 0008 0E       		.uleb128 0xe
 987 0009 1B       		.uleb128 0x1b
 988 000a 0E       		.uleb128 0xe
 989 000b 55       		.uleb128 0x55
 990 000c 17       		.uleb128 0x17
 991 000d 11       		.uleb128 0x11
 992 000e 01       		.uleb128 0x1
 993 000f 10       		.uleb128 0x10
 994 0010 17       		.uleb128 0x17
 995 0011 00       		.byte	0
 996 0012 00       		.byte	0
 997 0013 02       		.uleb128 0x2
 998 0014 24       		.uleb128 0x24
 999 0015 00       		.byte	0
 1000 0016 0B       		.uleb128 0xb
 1001 0017 0B       		.uleb128 0xb
 1002 0018 3E       		.uleb128 0x3e
 1003 0019 0B       		.uleb128 0xb
 1004 001a 03       		.uleb128 0x3
 1005 001b 0E       		.uleb128 0xe
 1006 001c 00       		.byte	0
 1007 001d 00       		.byte	0
 1008 001e 03       		.uleb128 0x3
 1009 001f 24       		.uleb128 0x24
 1010 0020 00       		.byte	0
 1011 0021 0B       		.uleb128 0xb
 1012 0022 0B       		.uleb128 0xb
 1013 0023 3E       		.uleb128 0x3e
 1014 0024 0B       		.uleb128 0xb
 1015 0025 03       		.uleb128 0x3
 1016 0026 08       		.uleb128 0x8
 1017 0027 00       		.byte	0
 1018 0028 00       		.byte	0
 1019 0029 04       		.uleb128 0x4
 1020 002a 16       		.uleb128 0x16
 1021 002b 00       		.byte	0
 1022 002c 03       		.uleb128 0x3
 1023 002d 0E       		.uleb128 0xe
 1024 002e 3A       		.uleb128 0x3a
 1025 002f 0B       		.uleb128 0xb
 1026 0030 3B       		.uleb128 0x3b
 1027 0031 05       		.uleb128 0x5
 1028 0032 49       		.uleb128 0x49
 1029 0033 13       		.uleb128 0x13
 1030 0034 00       		.byte	0
 1031 0035 00       		.byte	0
ARM GAS  C:\Users\LUKASC~1\AppData\Local\Temp\ccF92SdE.s 			page 27


 1032 0036 05       		.uleb128 0x5
 1033 0037 35       		.uleb128 0x35
 1034 0038 00       		.byte	0
 1035 0039 49       		.uleb128 0x49
 1036 003a 13       		.uleb128 0x13
 1037 003b 00       		.byte	0
 1038 003c 00       		.byte	0
 1039 003d 06       		.uleb128 0x6
 1040 003e 13       		.uleb128 0x13
 1041 003f 01       		.byte	0x1
 1042 0040 0B       		.uleb128 0xb
 1043 0041 0B       		.uleb128 0xb
 1044 0042 3A       		.uleb128 0x3a
 1045 0043 0B       		.uleb128 0xb
 1046 0044 3B       		.uleb128 0x3b
 1047 0045 0B       		.uleb128 0xb
 1048 0046 01       		.uleb128 0x1
 1049 0047 13       		.uleb128 0x13
 1050 0048 00       		.byte	0
 1051 0049 00       		.byte	0
 1052 004a 07       		.uleb128 0x7
 1053 004b 0D       		.uleb128 0xd
 1054 004c 00       		.byte	0
 1055 004d 03       		.uleb128 0x3
 1056 004e 0E       		.uleb128 0xe
 1057 004f 3A       		.uleb128 0x3a
 1058 0050 0B       		.uleb128 0xb
 1059 0051 3B       		.uleb128 0x3b
 1060 0052 0B       		.uleb128 0xb
 1061 0053 49       		.uleb128 0x49
 1062 0054 13       		.uleb128 0x13
 1063 0055 38       		.uleb128 0x38
 1064 0056 0B       		.uleb128 0xb
 1065 0057 00       		.byte	0
 1066 0058 00       		.byte	0
 1067 0059 08       		.uleb128 0x8
 1068 005a 0D       		.uleb128 0xd
 1069 005b 00       		.byte	0
 1070 005c 03       		.uleb128 0x3
 1071 005d 08       		.uleb128 0x8
 1072 005e 3A       		.uleb128 0x3a
 1073 005f 0B       		.uleb128 0xb
 1074 0060 3B       		.uleb128 0x3b
 1075 0061 0B       		.uleb128 0xb
 1076 0062 49       		.uleb128 0x49
 1077 0063 13       		.uleb128 0x13
 1078 0064 38       		.uleb128 0x38
 1079 0065 0B       		.uleb128 0xb
 1080 0066 00       		.byte	0
 1081 0067 00       		.byte	0
 1082 0068 09       		.uleb128 0x9
 1083 0069 16       		.uleb128 0x16
 1084 006a 00       		.byte	0
 1085 006b 03       		.uleb128 0x3
 1086 006c 0E       		.uleb128 0xe
 1087 006d 3A       		.uleb128 0x3a
 1088 006e 0B       		.uleb128 0xb
ARM GAS  C:\Users\LUKASC~1\AppData\Local\Temp\ccF92SdE.s 			page 28


 1089 006f 3B       		.uleb128 0x3b
 1090 0070 0B       		.uleb128 0xb
 1091 0071 49       		.uleb128 0x49
 1092 0072 13       		.uleb128 0x13
 1093 0073 00       		.byte	0
 1094 0074 00       		.byte	0
 1095 0075 0A       		.uleb128 0xa
 1096 0076 2E       		.uleb128 0x2e
 1097 0077 00       		.byte	0
 1098 0078 3F       		.uleb128 0x3f
 1099 0079 19       		.uleb128 0x19
 1100 007a 03       		.uleb128 0x3
 1101 007b 0E       		.uleb128 0xe
 1102 007c 3A       		.uleb128 0x3a
 1103 007d 0B       		.uleb128 0xb
 1104 007e 3B       		.uleb128 0x3b
 1105 007f 0B       		.uleb128 0xb
 1106 0080 27       		.uleb128 0x27
 1107 0081 19       		.uleb128 0x19
 1108 0082 11       		.uleb128 0x11
 1109 0083 01       		.uleb128 0x1
 1110 0084 12       		.uleb128 0x12
 1111 0085 06       		.uleb128 0x6
 1112 0086 40       		.uleb128 0x40
 1113 0087 18       		.uleb128 0x18
 1114 0088 9642     		.uleb128 0x2116
 1115 008a 19       		.uleb128 0x19
 1116 008b 00       		.byte	0
 1117 008c 00       		.byte	0
 1118 008d 0B       		.uleb128 0xb
 1119 008e 2E       		.uleb128 0x2e
 1120 008f 01       		.byte	0x1
 1121 0090 3F       		.uleb128 0x3f
 1122 0091 19       		.uleb128 0x19
 1123 0092 03       		.uleb128 0x3
 1124 0093 0E       		.uleb128 0xe
 1125 0094 3A       		.uleb128 0x3a
 1126 0095 0B       		.uleb128 0xb
 1127 0096 3B       		.uleb128 0x3b
 1128 0097 0B       		.uleb128 0xb
 1129 0098 27       		.uleb128 0x27
 1130 0099 19       		.uleb128 0x19
 1131 009a 11       		.uleb128 0x11
 1132 009b 01       		.uleb128 0x1
 1133 009c 12       		.uleb128 0x12
 1134 009d 06       		.uleb128 0x6
 1135 009e 40       		.uleb128 0x40
 1136 009f 18       		.uleb128 0x18
 1137 00a0 9642     		.uleb128 0x2116
 1138 00a2 19       		.uleb128 0x19
 1139 00a3 01       		.uleb128 0x1
 1140 00a4 13       		.uleb128 0x13
 1141 00a5 00       		.byte	0
 1142 00a6 00       		.byte	0
 1143 00a7 0C       		.uleb128 0xc
 1144 00a8 34       		.uleb128 0x34
 1145 00a9 00       		.byte	0
ARM GAS  C:\Users\LUKASC~1\AppData\Local\Temp\ccF92SdE.s 			page 29


 1146 00aa 03       		.uleb128 0x3
 1147 00ab 0E       		.uleb128 0xe
 1148 00ac 3A       		.uleb128 0x3a
 1149 00ad 0B       		.uleb128 0xb
 1150 00ae 3B       		.uleb128 0x3b
 1151 00af 0B       		.uleb128 0xb
 1152 00b0 49       		.uleb128 0x49
 1153 00b1 13       		.uleb128 0x13
 1154 00b2 02       		.uleb128 0x2
 1155 00b3 18       		.uleb128 0x18
 1156 00b4 00       		.byte	0
 1157 00b5 00       		.byte	0
 1158 00b6 0D       		.uleb128 0xd
 1159 00b7 2E       		.uleb128 0x2e
 1160 00b8 01       		.byte	0x1
 1161 00b9 3F       		.uleb128 0x3f
 1162 00ba 19       		.uleb128 0x19
 1163 00bb 03       		.uleb128 0x3
 1164 00bc 0E       		.uleb128 0xe
 1165 00bd 3A       		.uleb128 0x3a
 1166 00be 0B       		.uleb128 0xb
 1167 00bf 3B       		.uleb128 0x3b
 1168 00c0 05       		.uleb128 0x5
 1169 00c1 27       		.uleb128 0x27
 1170 00c2 19       		.uleb128 0x19
 1171 00c3 11       		.uleb128 0x11
 1172 00c4 01       		.uleb128 0x1
 1173 00c5 12       		.uleb128 0x12
 1174 00c6 06       		.uleb128 0x6
 1175 00c7 40       		.uleb128 0x40
 1176 00c8 18       		.uleb128 0x18
 1177 00c9 9742     		.uleb128 0x2117
 1178 00cb 19       		.uleb128 0x19
 1179 00cc 01       		.uleb128 0x1
 1180 00cd 13       		.uleb128 0x13
 1181 00ce 00       		.byte	0
 1182 00cf 00       		.byte	0
 1183 00d0 0E       		.uleb128 0xe
 1184 00d1 05       		.uleb128 0x5
 1185 00d2 00       		.byte	0
 1186 00d3 03       		.uleb128 0x3
 1187 00d4 0E       		.uleb128 0xe
 1188 00d5 3A       		.uleb128 0x3a
 1189 00d6 0B       		.uleb128 0xb
 1190 00d7 3B       		.uleb128 0x3b
 1191 00d8 05       		.uleb128 0x5
 1192 00d9 49       		.uleb128 0x49
 1193 00da 13       		.uleb128 0x13
 1194 00db 02       		.uleb128 0x2
 1195 00dc 18       		.uleb128 0x18
 1196 00dd 00       		.byte	0
 1197 00de 00       		.byte	0
 1198 00df 0F       		.uleb128 0xf
 1199 00e0 2E       		.uleb128 0x2e
 1200 00e1 00       		.byte	0
 1201 00e2 3F       		.uleb128 0x3f
 1202 00e3 19       		.uleb128 0x19
ARM GAS  C:\Users\LUKASC~1\AppData\Local\Temp\ccF92SdE.s 			page 30


 1203 00e4 03       		.uleb128 0x3
 1204 00e5 0E       		.uleb128 0xe
 1205 00e6 3A       		.uleb128 0x3a
 1206 00e7 0B       		.uleb128 0xb
 1207 00e8 3B       		.uleb128 0x3b
 1208 00e9 05       		.uleb128 0x5
 1209 00ea 27       		.uleb128 0x27
 1210 00eb 19       		.uleb128 0x19
 1211 00ec 49       		.uleb128 0x49
 1212 00ed 13       		.uleb128 0x13
 1213 00ee 11       		.uleb128 0x11
 1214 00ef 01       		.uleb128 0x1
 1215 00f0 12       		.uleb128 0x12
 1216 00f1 06       		.uleb128 0x6
 1217 00f2 40       		.uleb128 0x40
 1218 00f3 18       		.uleb128 0x18
 1219 00f4 9742     		.uleb128 0x2117
 1220 00f6 19       		.uleb128 0x19
 1221 00f7 00       		.byte	0
 1222 00f8 00       		.byte	0
 1223 00f9 10       		.uleb128 0x10
 1224 00fa 2E       		.uleb128 0x2e
 1225 00fb 01       		.byte	0x1
 1226 00fc 3F       		.uleb128 0x3f
 1227 00fd 19       		.uleb128 0x19
 1228 00fe 03       		.uleb128 0x3
 1229 00ff 0E       		.uleb128 0xe
 1230 0100 3A       		.uleb128 0x3a
 1231 0101 0B       		.uleb128 0xb
 1232 0102 3B       		.uleb128 0x3b
 1233 0103 05       		.uleb128 0x5
 1234 0104 27       		.uleb128 0x27
 1235 0105 19       		.uleb128 0x19
 1236 0106 49       		.uleb128 0x49
 1237 0107 13       		.uleb128 0x13
 1238 0108 11       		.uleb128 0x11
 1239 0109 01       		.uleb128 0x1
 1240 010a 12       		.uleb128 0x12
 1241 010b 06       		.uleb128 0x6
 1242 010c 40       		.uleb128 0x40
 1243 010d 18       		.uleb128 0x18
 1244 010e 9742     		.uleb128 0x2117
 1245 0110 19       		.uleb128 0x19
 1246 0111 01       		.uleb128 0x1
 1247 0112 13       		.uleb128 0x13
 1248 0113 00       		.byte	0
 1249 0114 00       		.byte	0
 1250 0115 11       		.uleb128 0x11
 1251 0116 34       		.uleb128 0x34
 1252 0117 00       		.byte	0
 1253 0118 03       		.uleb128 0x3
 1254 0119 0E       		.uleb128 0xe
 1255 011a 3A       		.uleb128 0x3a
 1256 011b 0B       		.uleb128 0xb
 1257 011c 3B       		.uleb128 0x3b
 1258 011d 05       		.uleb128 0x5
 1259 011e 49       		.uleb128 0x49
ARM GAS  C:\Users\LUKASC~1\AppData\Local\Temp\ccF92SdE.s 			page 31


 1260 011f 13       		.uleb128 0x13
 1261 0120 02       		.uleb128 0x2
 1262 0121 18       		.uleb128 0x18
 1263 0122 00       		.byte	0
 1264 0123 00       		.byte	0
 1265 0124 12       		.uleb128 0x12
 1266 0125 0F       		.uleb128 0xf
 1267 0126 00       		.byte	0
 1268 0127 0B       		.uleb128 0xb
 1269 0128 0B       		.uleb128 0xb
 1270 0129 49       		.uleb128 0x49
 1271 012a 13       		.uleb128 0x13
 1272 012b 00       		.byte	0
 1273 012c 00       		.byte	0
 1274 012d 13       		.uleb128 0x13
 1275 012e 34       		.uleb128 0x34
 1276 012f 00       		.byte	0
 1277 0130 03       		.uleb128 0x3
 1278 0131 0E       		.uleb128 0xe
 1279 0132 3A       		.uleb128 0x3a
 1280 0133 0B       		.uleb128 0xb
 1281 0134 3B       		.uleb128 0x3b
 1282 0135 0B       		.uleb128 0xb
 1283 0136 49       		.uleb128 0x49
 1284 0137 13       		.uleb128 0x13
 1285 0138 3F       		.uleb128 0x3f
 1286 0139 19       		.uleb128 0x19
 1287 013a 02       		.uleb128 0x2
 1288 013b 18       		.uleb128 0x18
 1289 013c 00       		.byte	0
 1290 013d 00       		.byte	0
 1291 013e 14       		.uleb128 0x14
 1292 013f 34       		.uleb128 0x34
 1293 0140 00       		.byte	0
 1294 0141 03       		.uleb128 0x3
 1295 0142 0E       		.uleb128 0xe
 1296 0143 3A       		.uleb128 0x3a
 1297 0144 0B       		.uleb128 0xb
 1298 0145 3B       		.uleb128 0x3b
 1299 0146 0B       		.uleb128 0xb
 1300 0147 49       		.uleb128 0x49
 1301 0148 13       		.uleb128 0x13
 1302 0149 3F       		.uleb128 0x3f
 1303 014a 19       		.uleb128 0x19
 1304 014b 3C       		.uleb128 0x3c
 1305 014c 19       		.uleb128 0x19
 1306 014d 00       		.byte	0
 1307 014e 00       		.byte	0
 1308 014f 00       		.byte	0
 1309              		.section	.debug_aranges,"",%progbits
 1310 0000 54000000 		.4byte	0x54
 1311 0004 0200     		.2byte	0x2
 1312 0006 00000000 		.4byte	.Ldebug_info0
 1313 000a 04       		.byte	0x4
 1314 000b 00       		.byte	0
 1315 000c 0000     		.2byte	0
 1316 000e 0000     		.2byte	0
ARM GAS  C:\Users\LUKASC~1\AppData\Local\Temp\ccF92SdE.s 			page 32


 1317 0010 00000000 		.4byte	.LFB0
 1318 0014 8C000000 		.4byte	.LFE0-.LFB0
 1319 0018 00000000 		.4byte	.LFB1
 1320 001c 50000000 		.4byte	.LFE1-.LFB1
 1321 0020 00000000 		.4byte	.LFB2
 1322 0024 20000000 		.4byte	.LFE2-.LFB2
 1323 0028 00000000 		.4byte	.LFB3
 1324 002c 08010000 		.4byte	.LFE3-.LFB3
 1325 0030 00000000 		.4byte	.LFB4
 1326 0034 24000000 		.4byte	.LFE4-.LFB4
 1327 0038 00000000 		.4byte	.LFB5
 1328 003c 18000000 		.4byte	.LFE5-.LFB5
 1329 0040 00000000 		.4byte	.LFB6
 1330 0044 48000000 		.4byte	.LFE6-.LFB6
 1331 0048 00000000 		.4byte	.LFB7
 1332 004c 6C000000 		.4byte	.LFE7-.LFB7
 1333 0050 00000000 		.4byte	0
 1334 0054 00000000 		.4byte	0
 1335              		.section	.debug_ranges,"",%progbits
 1336              	.Ldebug_ranges0:
 1337 0000 00000000 		.4byte	.LFB0
 1338 0004 8C000000 		.4byte	.LFE0
 1339 0008 00000000 		.4byte	.LFB1
 1340 000c 50000000 		.4byte	.LFE1
 1341 0010 00000000 		.4byte	.LFB2
 1342 0014 20000000 		.4byte	.LFE2
 1343 0018 00000000 		.4byte	.LFB3
 1344 001c 08010000 		.4byte	.LFE3
 1345 0020 00000000 		.4byte	.LFB4
 1346 0024 24000000 		.4byte	.LFE4
 1347 0028 00000000 		.4byte	.LFB5
 1348 002c 18000000 		.4byte	.LFE5
 1349 0030 00000000 		.4byte	.LFB6
 1350 0034 48000000 		.4byte	.LFE6
 1351 0038 00000000 		.4byte	.LFB7
 1352 003c 6C000000 		.4byte	.LFE7
 1353 0040 00000000 		.4byte	0
 1354 0044 00000000 		.4byte	0
 1355              		.section	.debug_line,"",%progbits
 1356              	.Ldebug_line0:
 1357 0000 26010000 		.section	.debug_str,"MS",%progbits,1
 1357      02005E00 
 1357      00000201 
 1357      FB0E0D00 
 1357      01010101 
 1358              	.LASF42:
 1359 0000 455A4932 		.ascii	"EZI2C_wrProtectS1\000"
 1359      435F7772 
 1359      50726F74 
 1359      65637453 
 1359      3100
 1360              	.LASF16:
 1361 0012 72656733 		.ascii	"reg32\000"
 1361      3200
 1362              	.LASF29:
 1363 0018 455A4932 		.ascii	"EZI2C_SetAddress1\000"
 1363      435F5365 
ARM GAS  C:\Users\LUKASC~1\AppData\Local\Temp\ccF92SdE.s 			page 33


 1363      74416464 
 1363      72657373 
 1363      3100
 1364              	.LASF37:
 1365 002a 455A4932 		.ascii	"EZI2C_backup\000"
 1365      435F6261 
 1365      636B7570 
 1365      00
 1366              	.LASF38:
 1367 0037 455A4932 		.ascii	"EZI2C_curStatus\000"
 1367      435F6375 
 1367      72537461 
 1367      74757300 
 1368              	.LASF25:
 1369 0047 455A4932 		.ascii	"EZI2C_Enable\000"
 1369      435F456E 
 1369      61626C65 
 1369      00
 1370              	.LASF26:
 1371 0054 455A4932 		.ascii	"EZI2C_Stop\000"
 1371      435F5374 
 1371      6F7000
 1372              	.LASF3:
 1373 005f 73686F72 		.ascii	"short unsigned int\000"
 1373      7420756E 
 1373      7369676E 
 1373      65642069 
 1373      6E7400
 1374              	.LASF34:
 1375 0072 7277426F 		.ascii	"rwBoundary\000"
 1375      756E6461 
 1375      727900
 1376              	.LASF36:
 1377 007d 455A4932 		.ascii	"EZI2C_initVar\000"
 1377      435F696E 
 1377      69745661 
 1377      7200
 1378              	.LASF28:
 1379 008b 626C6F63 		.ascii	"blockResetCycles\000"
 1379      6B526573 
 1379      65744379 
 1379      636C6573 
 1379      00
 1380              	.LASF12:
 1381 009c 666C6F61 		.ascii	"float\000"
 1381      7400
 1382              	.LASF1:
 1383 00a2 756E7369 		.ascii	"unsigned char\000"
 1383      676E6564 
 1383      20636861 
 1383      7200
 1384              	.LASF44:
 1385 00b0 455A4932 		.ascii	"EZI2C_rwIndexS1\000"
 1385      435F7277 
 1385      496E6465 
 1385      78533100 
 1386              	.LASF15:
ARM GAS  C:\Users\LUKASC~1\AppData\Local\Temp\ccF92SdE.s 			page 34


 1387 00c0 72656738 		.ascii	"reg8\000"
 1387      00
 1388              	.LASF35:
 1389 00c5 64617461 		.ascii	"dataPtr\000"
 1389      50747200 
 1390              	.LASF5:
 1391 00cd 6C6F6E67 		.ascii	"long unsigned int\000"
 1391      20756E73 
 1391      69676E65 
 1391      6420696E 
 1391      7400
 1392              	.LASF43:
 1393 00df 455A4932 		.ascii	"EZI2C_rwOffsetS1\000"
 1393      435F7277 
 1393      4F666673 
 1393      65745331 
 1393      00
 1394              	.LASF9:
 1395 00f0 75696E74 		.ascii	"uint8\000"
 1395      3800
 1396              	.LASF49:
 1397 00f6 455A4932 		.ascii	"EZI2C_GetActivity\000"
 1397      435F4765 
 1397      74416374 
 1397      69766974 
 1397      7900
 1398              	.LASF45:
 1399 0108 474E5520 		.ascii	"GNU C 4.9.3 20150303 (release) [ARM/embedded-4_9-br"
 1399      4320342E 
 1399      392E3320 
 1399      32303135 
 1399      30333033 
 1400 013b 616E6368 		.ascii	"anch revision 221220] -mcpu=cortex-m3 -mthumb -g -O"
 1400      20726576 
 1400      6973696F 
 1400      6E203232 
 1400      31323230 
 1401 016e 30202D66 		.ascii	"0 -ffunction-sections -ffat-lto-objects\000"
 1401      66756E63 
 1401      74696F6E 
 1401      2D736563 
 1401      74696F6E 
 1402              	.LASF13:
 1403 0196 646F7562 		.ascii	"double\000"
 1403      6C6500
 1404              	.LASF47:
 1405 019d 433A5C55 		.ascii	"C:\\Users\\Lukas Creutzburg\\Documents\\GitHub\\fre"
 1405      73657273 
 1405      5C4C756B 
 1405      61732043 
 1405      72657574 
 1406 01cb 65445350 		.ascii	"eDSPPSoC-I2C\\CapSense_CSD_Design02.cydsn\000"
 1406      50536F43 
 1406      2D493243 
 1406      5C436170 
 1406      53656E73 
 1407              	.LASF31:
ARM GAS  C:\Users\LUKASC~1\AppData\Local\Temp\ccF92SdE.s 			page 35


 1408 01f4 455A4932 		.ascii	"EZI2C_SetBuffer1\000"
 1408      435F5365 
 1408      74427566 
 1408      66657231 
 1408      00
 1409              	.LASF10:
 1410 0205 75696E74 		.ascii	"uint16\000"
 1410      313600
 1411              	.LASF11:
 1412 020c 75696E74 		.ascii	"uint32\000"
 1412      333200
 1413              	.LASF18:
 1414 0213 656E6162 		.ascii	"enableState\000"
 1414      6C655374 
 1414      61746500 
 1415              	.LASF27:
 1416 021f 696E7453 		.ascii	"intState\000"
 1416      74617465 
 1416      00
 1417              	.LASF39:
 1418 0228 455A4932 		.ascii	"EZI2C_curState\000"
 1418      435F6375 
 1418      72537461 
 1418      746500
 1419              	.LASF8:
 1420 0237 756E7369 		.ascii	"unsigned int\000"
 1420      676E6564 
 1420      20696E74 
 1420      00
 1421              	.LASF32:
 1422 0244 61646472 		.ascii	"address\000"
 1422      65737300 
 1423              	.LASF7:
 1424 024c 6C6F6E67 		.ascii	"long long unsigned int\000"
 1424      206C6F6E 
 1424      6720756E 
 1424      7369676E 
 1424      65642069 
 1425              	.LASF20:
 1426 0263 636C6B44 		.ascii	"clkDiv1\000"
 1426      69763100 
 1427              	.LASF21:
 1428 026b 636C6B44 		.ascii	"clkDiv2\000"
 1428      69763200 
 1429              	.LASF41:
 1430 0273 455A4932 		.ascii	"EZI2C_bufSizeS1\000"
 1430      435F6275 
 1430      6653697A 
 1430      65533100 
 1431              	.LASF22:
 1432 0283 455A4932 		.ascii	"EZI2C_BACKUP_STRUCT\000"
 1432      435F4241 
 1432      434B5550 
 1432      5F535452 
 1432      55435400 
 1433              	.LASF17:
 1434 0297 73697A65 		.ascii	"sizetype\000"
ARM GAS  C:\Users\LUKASC~1\AppData\Local\Temp\ccF92SdE.s 			page 36


 1434      74797065 
 1434      00
 1435              	.LASF6:
 1436 02a0 6C6F6E67 		.ascii	"long long int\000"
 1436      206C6F6E 
 1436      6720696E 
 1436      7400
 1437              	.LASF14:
 1438 02ae 63686172 		.ascii	"char\000"
 1438      00
 1439              	.LASF19:
 1440 02b3 78636667 		.ascii	"xcfg\000"
 1440      00
 1441              	.LASF48:
 1442 02b8 455A4932 		.ascii	"EZI2C_GetAddress1\000"
 1442      435F4765 
 1442      74416464 
 1442      72657373 
 1442      3100
 1443              	.LASF23:
 1444 02ca 455A4932 		.ascii	"EZI2C_Init\000"
 1444      435F496E 
 1444      697400
 1445              	.LASF46:
 1446 02d5 2E5C4765 		.ascii	".\\Generated_Source\\PSoC5\\EzI2C.c\000"
 1446      6E657261 
 1446      7465645F 
 1446      536F7572 
 1446      63655C50 
 1447              	.LASF2:
 1448 02f6 73686F72 		.ascii	"short int\000"
 1448      7420696E 
 1448      7400
 1449              	.LASF33:
 1450 0300 62756653 		.ascii	"bufSize\000"
 1450      697A6500 
 1451              	.LASF24:
 1452 0308 455A4932 		.ascii	"EZI2C_Start\000"
 1452      435F5374 
 1452      61727400 
 1453              	.LASF4:
 1454 0314 6C6F6E67 		.ascii	"long int\000"
 1454      20696E74 
 1454      00
 1455              	.LASF30:
 1456 031d 746D7053 		.ascii	"tmpStatus\000"
 1456      74617475 
 1456      7300
 1457              	.LASF0:
 1458 0327 7369676E 		.ascii	"signed char\000"
 1458      65642063 
 1458      68617200 
 1459              	.LASF40:
 1460 0333 455A4932 		.ascii	"EZI2C_dataPtrS1\000"
 1460      435F6461 
 1460      74615074 
 1460      72533100 
ARM GAS  C:\Users\LUKASC~1\AppData\Local\Temp\ccF92SdE.s 			page 37


 1461              		.ident	"GCC: (GNU Tools for ARM Embedded Processors) 4.9.3 20150303 (release) [ARM/embedded-4_9-br
