Loading plugins phase: Elapsed time ==> 1s.346ms
Initializing data phase: Elapsed time ==> 0s.000ms
<CYPRESSTAG name="CyDsfit arguments...">
cydsfit arguments: -.fdsnotice -.fdswarpdepfile=warp_dependencies.txt -.fdselabdepfile=elab_dependencies.txt -.fdsbldfile=generated_files.txt -p C:\Users\Lukas Creutzburg\Documents\GitHub\freeDSPPSoC-I2C\PSoC5_SPI_Master.cydsn\PSoC5_SPI_Master.cyprj -d CY8C5888LTI-LP097 -s C:\Users\Lukas Creutzburg\Documents\GitHub\freeDSPPSoC-I2C\PSoC5_SPI_Master.cydsn\Generated_Source\PSoC5 -- -yv2 -q10 -ygs -o2 -v3 -.fftcfgtype=LE</CYPRESSTAG>
<CYPRESSTAG name="Design elaboration results...">
</CYPRESSTAG>
Elaboration phase: Elapsed time ==> 5s.242ms
<CYPRESSTAG name="HDL generation results...">
</CYPRESSTAG>
HDL generation phase: Elapsed time ==> 0s.080ms
<CYPRESSTAG name="Synthesis results...">

     | | | | | | |
   _________________
  -|               |-
  -|               |-
  -|               |-
  -|    CYPRESS    |-
  -|               |-
  -|               |-   Warp Verilog Synthesis Compiler: Version 6.3 IR 41
  -|               |-   Copyright (C) 1991-2001 Cypress Semiconductor
   |_______________|
     | | | | | | |

======================================================================
Compiling:  PSoC5_SPI_Master.v
Program  :   C:\Program Files (x86)\Cypress\PSoC Creator\3.3\PSoC Creator\warp\bin/warp.exe
Options  :    -yv2 -q10 -ygs -o2 -v3 -.fftcfgtype=LE -ya -.fftprj=C:\Users\Lukas Creutzburg\Documents\GitHub\freeDSPPSoC-I2C\PSoC5_SPI_Master.cydsn\PSoC5_SPI_Master.cyprj -dcpsoc3 PSoC5_SPI_Master.v -verilog
======================================================================

======================================================================
Compiling:  PSoC5_SPI_Master.v
Program  :   C:\Program Files (x86)\Cypress\PSoC Creator\3.3\PSoC Creator\warp\bin/warp.exe
Options  :    -yv2 -q10 -ygs -o2 -v3 -.fftcfgtype=LE -ya -.fftprj=C:\Users\Lukas Creutzburg\Documents\GitHub\freeDSPPSoC-I2C\PSoC5_SPI_Master.cydsn\PSoC5_SPI_Master.cyprj -dcpsoc3 PSoC5_SPI_Master.v -verilog
======================================================================

======================================================================
Compiling:  PSoC5_SPI_Master.v
Program  :   vlogfe
Options  :    -yv2 -q10 -ygs -o2 -v3 -.fftcfgtype=LE -ya -.fftprj=C:\Users\Lukas Creutzburg\Documents\GitHub\freeDSPPSoC-I2C\PSoC5_SPI_Master.cydsn\PSoC5_SPI_Master.cyprj -dcpsoc3 -verilog PSoC5_SPI_Master.v
======================================================================

vlogfe V6.3 IR 41:  Verilog parser
Thu May 12 15:20:21 2016


======================================================================
Compiling:  PSoC5_SPI_Master.v
Program  :   vpp
Options  :    -yv2 -q10 PSoC5_SPI_Master.v
======================================================================

vpp V6.3 IR 41:  Verilog Pre-Processor
Thu May 12 15:20:21 2016

Flattening file 'C:\Program Files (x86)\Cypress\PSoC Creator\3.3\PSoC Creator\psoc\content\cyprimitives\CyPrimitives.cylib\cy_virtualmux_v1_0\cy_virtualmux_v1_0.v'
Flattening file 'C:\Program Files (x86)\Cypress\PSoC Creator\3.3\PSoC Creator\psoc\content\cycomponentlibrary\CyComponentLibrary.cylib\B_SPI_Master_v2_50\B_SPI_Master_v2_50.v'
Flattening file 'C:\Program Files (x86)\Cypress\PSoC Creator\3.3\PSoC Creator\warp\lib\common\cypress.v'
Flattening file 'C:\Program Files (x86)\Cypress\PSoC Creator\3.3\PSoC Creator\warp\lib\common\cy_psoc3_inc.v'
Flattening file 'C:\Program Files (x86)\Cypress\PSoC Creator\3.3\PSoC Creator\psoc\content\cyprimitives\CyPrimitives.cylib\ZeroTerminal\ZeroTerminal.v'

vpp:  No errors.

Library 'work' => directory 'lcpsoc3'
General_symbol_table
General_symbol_table
Linking 'C:\Program Files (x86)\Cypress\PSoC Creator\3.3\PSoC Creator\warp\lib\common\std.vhd'.
Linking 'C:\Program Files (x86)\Cypress\PSoC Creator\3.3\PSoC Creator\warp\lib\common\cypress.vhd'.
Linking 'C:\Program Files (x86)\Cypress\PSoC Creator\3.3\PSoC Creator\warp\lib\common\work\cypress.vif'.
Linking 'C:\Program Files (x86)\Cypress\PSoC Creator\3.3\PSoC Creator\warp\lib\ieee\work\stdlogic.vif'.
Linking 'C:\Program Files (x86)\Cypress\PSoC Creator\3.3\PSoC Creator\warp\lib\common\stdlogic\lpmpkg.vif'.
Linking 'C:\Program Files (x86)\Cypress\PSoC Creator\3.3\PSoC Creator\warp\lib\common\stdlogic\rtlpkg.vif'.
Linking 'C:\Program Files (x86)\Cypress\PSoC Creator\3.3\PSoC Creator\warp\lib\common\stdlogic\mod_cnst.vif'.
Linking 'C:\Program Files (x86)\Cypress\PSoC Creator\3.3\PSoC Creator\warp\lib\common\stdlogic\mod_mthv.vif'.
Linking 'C:\Program Files (x86)\Cypress\PSoC Creator\3.3\PSoC Creator\warp\lib\common\stdlogic\mod_genv.vif'.
Using control file 'PSoC5_SPI_Master.ctl'.
Linking 'C:\Program Files (x86)\Cypress\PSoC Creator\3.3\PSoC Creator\warp\lib\common\stdlogic\cy_psoc3pkg.vif'.
Linking 'C:\Program Files (x86)\Cypress\PSoC Creator\3.3\PSoC Creator\warp\lib\common\stdlogic\cy_psoc3.vif'.

vlogfe:  No errors.


======================================================================
Compiling:  PSoC5_SPI_Master.v
Program  :   tovif
Options  :    -yv2 -q10 -ygs -o2 -v3 -.fftcfgtype=LE -ya -.fftprj=C:\Users\Lukas Creutzburg\Documents\GitHub\freeDSPPSoC-I2C\PSoC5_SPI_Master.cydsn\PSoC5_SPI_Master.cyprj -dcpsoc3 -verilog PSoC5_SPI_Master.v
======================================================================

tovif V6.3 IR 41:  High-level synthesis
Thu May 12 15:20:21 2016

Linking 'C:\Program Files (x86)\Cypress\PSoC Creator\3.3\PSoC Creator\warp\lib\common\std.vhd'.
Linking 'C:\Program Files (x86)\Cypress\PSoC Creator\3.3\PSoC Creator\warp\lib\common\cypress.vhd'.
Linking 'C:\Program Files (x86)\Cypress\PSoC Creator\3.3\PSoC Creator\warp\lib\common\work\cypress.vif'.
Linking 'C:\Program Files (x86)\Cypress\PSoC Creator\3.3\PSoC Creator\warp\lib\ieee\work\stdlogic.vif'.
Linking 'C:\Program Files (x86)\Cypress\PSoC Creator\3.3\PSoC Creator\warp\lib\common\stdlogic\lpmpkg.vif'.
Linking 'C:\Program Files (x86)\Cypress\PSoC Creator\3.3\PSoC Creator\warp\lib\common\stdlogic\rtlpkg.vif'.
Linking 'C:\Program Files (x86)\Cypress\PSoC Creator\3.3\PSoC Creator\warp\lib\common\stdlogic\mod_cnst.vif'.
Linking 'C:\Program Files (x86)\Cypress\PSoC Creator\3.3\PSoC Creator\warp\lib\common\stdlogic\mod_mthv.vif'.
Linking 'C:\Program Files (x86)\Cypress\PSoC Creator\3.3\PSoC Creator\warp\lib\common\stdlogic\mod_genv.vif'.
Linking 'C:\Users\Lukas Creutzburg\Documents\GitHub\freeDSPPSoC-I2C\PSoC5_SPI_Master.cydsn\codegentemp\PSoC5_SPI_Master.ctl'.
Linking 'C:\Users\Lukas Creutzburg\Documents\GitHub\freeDSPPSoC-I2C\PSoC5_SPI_Master.cydsn\codegentemp\PSoC5_SPI_Master.v'.
Linking 'C:\Program Files (x86)\Cypress\PSoC Creator\3.3\PSoC Creator\psoc\content\cyprimitives\CyPrimitives.cylib\cy_virtualmux_v1_0\cy_virtualmux_v1_0.v'.
Linking 'C:\Program Files (x86)\Cypress\PSoC Creator\3.3\PSoC Creator\psoc\content\cycomponentlibrary\CyComponentLibrary.cylib\B_SPI_Master_v2_50\B_SPI_Master_v2_50.v'.
Linking 'C:\Program Files (x86)\Cypress\PSoC Creator\3.3\PSoC Creator\warp\lib\common\cypress.v'.
Linking 'C:\Program Files (x86)\Cypress\PSoC Creator\3.3\PSoC Creator\warp\lib\common\cy_psoc3_inc.v'.
Linking 'C:\Program Files (x86)\Cypress\PSoC Creator\3.3\PSoC Creator\psoc\content\cyprimitives\CyPrimitives.cylib\ZeroTerminal\ZeroTerminal.v'.
Linking 'C:\Program Files (x86)\Cypress\PSoC Creator\3.3\PSoC Creator\warp\lib\common\stdlogic\cy_psoc3pkg.vif'.
Linking 'C:\Program Files (x86)\Cypress\PSoC Creator\3.3\PSoC Creator\warp\lib\common\stdlogic\cy_psoc3.vif'.

tovif:  No errors.


======================================================================
Compiling:  PSoC5_SPI_Master.v
Program  :   topld
Options  :    -yv2 -q10 -ygs -o2 -v3 -.fftcfgtype=LE -ya -.fftprj=C:\Users\Lukas Creutzburg\Documents\GitHub\freeDSPPSoC-I2C\PSoC5_SPI_Master.cydsn\PSoC5_SPI_Master.cyprj -dcpsoc3 -verilog PSoC5_SPI_Master.v
======================================================================

topld V6.3 IR 41:  Synthesis and optimization
Thu May 12 15:20:22 2016

Linking 'C:\Program Files (x86)\Cypress\PSoC Creator\3.3\PSoC Creator\warp\lib\common\std.vhd'.
Linking 'C:\Program Files (x86)\Cypress\PSoC Creator\3.3\PSoC Creator\warp\lib\common\cypress.vhd'.
Linking 'C:\Program Files (x86)\Cypress\PSoC Creator\3.3\PSoC Creator\warp\lib\common\work\cypress.vif'.
Linking 'C:\Program Files (x86)\Cypress\PSoC Creator\3.3\PSoC Creator\warp\lib\ieee\work\stdlogic.vif'.
Linking 'C:\Program Files (x86)\Cypress\PSoC Creator\3.3\PSoC Creator\warp\lib\common\stdlogic\lpmpkg.vif'.
Linking 'C:\Program Files (x86)\Cypress\PSoC Creator\3.3\PSoC Creator\warp\lib\common\stdlogic\rtlpkg.vif'.
Linking 'C:\Program Files (x86)\Cypress\PSoC Creator\3.3\PSoC Creator\warp\lib\common\stdlogic\mod_cnst.vif'.
Linking 'C:\Program Files (x86)\Cypress\PSoC Creator\3.3\PSoC Creator\warp\lib\common\stdlogic\mod_mthv.vif'.
Linking 'C:\Program Files (x86)\Cypress\PSoC Creator\3.3\PSoC Creator\warp\lib\common\stdlogic\mod_genv.vif'.
Linking 'C:\Users\Lukas Creutzburg\Documents\GitHub\freeDSPPSoC-I2C\PSoC5_SPI_Master.cydsn\codegentemp\PSoC5_SPI_Master.ctl'.
Linking 'C:\Users\Lukas Creutzburg\Documents\GitHub\freeDSPPSoC-I2C\PSoC5_SPI_Master.cydsn\codegentemp\PSoC5_SPI_Master.v'.
Linking 'C:\Program Files (x86)\Cypress\PSoC Creator\3.3\PSoC Creator\psoc\content\cyprimitives\CyPrimitives.cylib\cy_virtualmux_v1_0\cy_virtualmux_v1_0.v'.
Linking 'C:\Program Files (x86)\Cypress\PSoC Creator\3.3\PSoC Creator\psoc\content\cycomponentlibrary\CyComponentLibrary.cylib\B_SPI_Master_v2_50\B_SPI_Master_v2_50.v'.
Linking 'C:\Program Files (x86)\Cypress\PSoC Creator\3.3\PSoC Creator\warp\lib\common\cypress.v'.
Linking 'C:\Program Files (x86)\Cypress\PSoC Creator\3.3\PSoC Creator\warp\lib\common\cy_psoc3_inc.v'.
Linking 'C:\Program Files (x86)\Cypress\PSoC Creator\3.3\PSoC Creator\psoc\content\cyprimitives\CyPrimitives.cylib\ZeroTerminal\ZeroTerminal.v'.
Linking 'C:\Program Files (x86)\Cypress\PSoC Creator\3.3\PSoC Creator\warp\lib\common\stdlogic\cy_psoc3pkg.vif'.
Linking 'C:\Program Files (x86)\Cypress\PSoC Creator\3.3\PSoC Creator\warp\lib\common\stdlogic\cy_psoc3.vif'.
Linking 'C:\Program Files (x86)\Cypress\PSoC Creator\3.3\PSoC Creator\warp\lib\lcpsoc3\stdlogic\cpsoc3.vif'.

----------------------------------------------------------
Detecting unused logic.
----------------------------------------------------------
    User names
	\SPIM:BSPIM:mosi_after_ld\
	\SPIM:BSPIM:so_send\
	\SPIM:BSPIM:mosi_fin\
	\SPIM:BSPIM:mosi_cpha_0\
	\SPIM:BSPIM:mosi_cpha_1\
	\SPIM:BSPIM:pre_mosi\
	\SPIM:BSPIM:dpcounter_zero\
	\SPIM:BSPIM:control_7\
	\SPIM:BSPIM:control_6\
	\SPIM:BSPIM:control_5\
	\SPIM:BSPIM:control_4\
	\SPIM:BSPIM:control_3\
	\SPIM:BSPIM:control_2\
	\SPIM:BSPIM:control_1\
	\SPIM:BSPIM:control_0\
	\SPIM:Net_294\
	\USBUART:dma_complete_0\
	\USBUART:Net_1922\
	\USBUART:dma_complete_1\
	\USBUART:Net_1921\
	\USBUART:dma_complete_2\
	\USBUART:Net_1920\
	\USBUART:dma_complete_3\
	\USBUART:Net_1919\
	\USBUART:dma_complete_4\
	\USBUART:Net_1918\
	\USBUART:dma_complete_5\
	\USBUART:Net_1917\
	\USBUART:dma_complete_6\
	\USBUART:Net_1916\
	\USBUART:dma_complete_7\
	\USBUART:Net_1915\


Deleted 32 User equations/components.
Deleted 0 Synthesized equations/components.

------------------------------------------------------
Alias Detection
------------------------------------------------------
Aliasing \LCD:tmpOE__LCDPort_net_5\ to \LCD:tmpOE__LCDPort_net_6\
Aliasing \LCD:tmpOE__LCDPort_net_4\ to \LCD:tmpOE__LCDPort_net_6\
Aliasing \LCD:tmpOE__LCDPort_net_3\ to \LCD:tmpOE__LCDPort_net_6\
Aliasing \LCD:tmpOE__LCDPort_net_2\ to \LCD:tmpOE__LCDPort_net_6\
Aliasing \LCD:tmpOE__LCDPort_net_1\ to \LCD:tmpOE__LCDPort_net_6\
Aliasing \LCD:tmpOE__LCDPort_net_0\ to \LCD:tmpOE__LCDPort_net_6\
Aliasing one to \LCD:tmpOE__LCDPort_net_6\
Aliasing tmpOE__ss_net_0 to \LCD:tmpOE__LCDPort_net_6\
Aliasing \SPIM:BSPIM:pol_supprt\ to zero
Aliasing \SPIM:BSPIM:tx_status_3\ to \SPIM:BSPIM:load_rx_data\
Aliasing \SPIM:BSPIM:tx_status_6\ to zero
Aliasing \SPIM:BSPIM:tx_status_5\ to zero
Aliasing \SPIM:BSPIM:rx_status_3\ to zero
Aliasing \SPIM:BSPIM:rx_status_2\ to zero
Aliasing \SPIM:BSPIM:rx_status_1\ to zero
Aliasing \SPIM:BSPIM:rx_status_0\ to zero
Aliasing \SPIM:Net_289\ to zero
Aliasing tmpOE__sclk_net_0 to \LCD:tmpOE__LCDPort_net_6\
Aliasing tmpOE__mosi_net_0 to \LCD:tmpOE__LCDPort_net_6\
Aliasing tmpOE__miso_net_0 to \LCD:tmpOE__LCDPort_net_6\
Aliasing \USBUART:tmpOE__Dm_net_0\ to \LCD:tmpOE__LCDPort_net_6\
Aliasing \USBUART:tmpOE__Dp_net_0\ to \LCD:tmpOE__LCDPort_net_6\
Aliasing \SPIM:BSPIM:so_send_reg\\D\ to zero
Aliasing \SPIM:BSPIM:mosi_pre_reg\\D\ to zero
Aliasing \SPIM:BSPIM:dpcounter_one_reg\\D\ to \SPIM:BSPIM:load_rx_data\
Removing Lhs of wire \LCD:tmpOE__LCDPort_net_5\[2] = \LCD:tmpOE__LCDPort_net_6\[1]
Removing Lhs of wire \LCD:tmpOE__LCDPort_net_4\[3] = \LCD:tmpOE__LCDPort_net_6\[1]
Removing Lhs of wire \LCD:tmpOE__LCDPort_net_3\[4] = \LCD:tmpOE__LCDPort_net_6\[1]
Removing Lhs of wire \LCD:tmpOE__LCDPort_net_2\[5] = \LCD:tmpOE__LCDPort_net_6\[1]
Removing Lhs of wire \LCD:tmpOE__LCDPort_net_1\[6] = \LCD:tmpOE__LCDPort_net_6\[1]
Removing Lhs of wire \LCD:tmpOE__LCDPort_net_0\[7] = \LCD:tmpOE__LCDPort_net_6\[1]
Removing Rhs of wire one[24] = \LCD:tmpOE__LCDPort_net_6\[1]
Removing Lhs of wire tmpOE__ss_net_0[27] = one[24]
Removing Lhs of wire \SPIM:Net_276\[36] = Net_11[37]
Removing Rhs of wire \SPIM:BSPIM:load_rx_data\[40] = \SPIM:BSPIM:dpcounter_one\[41]
Removing Lhs of wire \SPIM:BSPIM:pol_supprt\[42] = zero[8]
Removing Lhs of wire \SPIM:BSPIM:miso_to_dp\[43] = \SPIM:Net_244\[44]
Removing Lhs of wire \SPIM:Net_244\[44] = Net_13[135]
Removing Rhs of wire Net_30[48] = \SPIM:BSPIM:mosi_reg\[49]
Removing Rhs of wire \SPIM:BSPIM:tx_status_1\[70] = \SPIM:BSPIM:dpMOSI_fifo_empty\[71]
Removing Rhs of wire \SPIM:BSPIM:tx_status_2\[72] = \SPIM:BSPIM:dpMOSI_fifo_not_full\[73]
Removing Lhs of wire \SPIM:BSPIM:tx_status_3\[74] = \SPIM:BSPIM:load_rx_data\[40]
Removing Rhs of wire \SPIM:BSPIM:rx_status_4\[76] = \SPIM:BSPIM:dpMISO_fifo_full\[77]
Removing Rhs of wire \SPIM:BSPIM:rx_status_5\[78] = \SPIM:BSPIM:dpMISO_fifo_not_empty\[79]
Removing Lhs of wire \SPIM:BSPIM:tx_status_6\[81] = zero[8]
Removing Lhs of wire \SPIM:BSPIM:tx_status_5\[82] = zero[8]
Removing Lhs of wire \SPIM:BSPIM:rx_status_3\[83] = zero[8]
Removing Lhs of wire \SPIM:BSPIM:rx_status_2\[84] = zero[8]
Removing Lhs of wire \SPIM:BSPIM:rx_status_1\[85] = zero[8]
Removing Lhs of wire \SPIM:BSPIM:rx_status_0\[86] = zero[8]
Removing Lhs of wire \SPIM:Net_273\[96] = zero[8]
Removing Lhs of wire \SPIM:Net_289\[136] = zero[8]
Removing Lhs of wire tmpOE__sclk_net_0[140] = one[24]
Removing Lhs of wire tmpOE__mosi_net_0[146] = one[24]
Removing Lhs of wire tmpOE__miso_net_0[152] = one[24]
Removing Lhs of wire \USBUART:tmpOE__Dm_net_0\[160] = one[24]
Removing Lhs of wire \USBUART:tmpOE__Dp_net_0\[167] = one[24]
Removing Lhs of wire \SPIM:BSPIM:so_send_reg\\D\[219] = zero[8]
Removing Lhs of wire \SPIM:BSPIM:mosi_pre_reg\\D\[224] = zero[8]
Removing Lhs of wire \SPIM:BSPIM:dpcounter_one_reg\\D\[226] = \SPIM:BSPIM:load_rx_data\[40]
Removing Lhs of wire \SPIM:BSPIM:mosi_from_dp_reg\\D\[227] = \SPIM:BSPIM:mosi_from_dp\[55]

------------------------------------------------------
Aliased 0 equations, 36 wires.
------------------------------------------------------

----------------------------------------------------------
Circuit simplification
----------------------------------------------------------

Substituting virtuals - pass 1:

Note:  Expanding virtual equation for 'zero' (cost = 0):
zero <=  ('0') ;

Note:  Expanding virtual equation for '\SPIM:BSPIM:load_rx_data\' (cost = 1):
\SPIM:BSPIM:load_rx_data\ <= ((not \SPIM:BSPIM:count_4\ and not \SPIM:BSPIM:count_3\ and not \SPIM:BSPIM:count_2\ and not \SPIM:BSPIM:count_1\ and \SPIM:BSPIM:count_0\));


Substituting virtuals - pass 2:


----------------------------------------------------------
Circuit simplification results:

	Expanded 2 signals.
	Turned 0 signals into soft nodes.
	Maximum default expansion cost was set at 3.
----------------------------------------------------------

------------------------------------------------------
Alias Detection
------------------------------------------------------

------------------------------------------------------
Aliased 0 equations, 0 wires.
------------------------------------------------------

Last attempt to remove unused logic - pass 1:


Last attempt to remove unused logic - pass 2:


topld:  No errors.

CYPRESS_DIR    : C:\Program Files (x86)\Cypress\PSoC Creator\3.3\PSoC Creator\warp
Warp Program   : C:\Program Files (x86)\Cypress\PSoC Creator\3.3\PSoC Creator\warp\bin/warp.exe
Warp Arguments : -yv2 -q10 -ygs -o2 -v3 -.fftcfgtype=LE -ya "-.fftprj=C:\Users\Lukas Creutzburg\Documents\GitHub\freeDSPPSoC-I2C\PSoC5_SPI_Master.cydsn\PSoC5_SPI_Master.cyprj" -dcpsoc3 PSoC5_SPI_Master.v -verilog
</CYPRESSTAG>
Warp synthesis phase: Elapsed time ==> 0s.734ms
<CYPRESSTAG name="Fitter results...">
<CYPRESSTAG name="Fitter startup details...">
cyp3fit: V3.3.0.7343, Family: PSoC3, Started at: Thursday, 12 May 2016 15:20:22
Options: -yv2 -q10 -ygs -o2 -v3 -.fftcfgtype=LE -ya -.fftprj=C:\Users\Lukas Creutzburg\Documents\GitHub\freeDSPPSoC-I2C\PSoC5_SPI_Master.cydsn\PSoC5_SPI_Master.cyprj -d CY8C5888LTI-LP097 PSoC5_SPI_Master.v -verilog
</CYPRESSTAG>
<CYPRESSTAG name="Design parsing">
Design parsing phase: Elapsed time ==> 0s.016ms
</CYPRESSTAG>
<CYPRESSTAG name="Tech mapping">
<CYPRESSTAG name="Initial Mapping" icon="FILE_RPT_TECHM">
    Converted constant MacroCell: \SPIM:BSPIM:so_send_reg\ from registered to combinatorial
    Converted constant MacroCell: \SPIM:BSPIM:mosi_pre_reg\ from registered to combinatorial
<CYPRESSTAG name="Global Clock Selection" icon="FILE_RPT_TECHM">
    Digital Clock 0: Automatic-assigning  clock 'Clock'. Fanout=1, Signal=Net_11
</CYPRESSTAG>

Removing unused cells resulting from optimization
Done removing unused cells.
<CYPRESSTAG name="UDB Clock/Enable Remapping Results">
    UDB Clk/Enable \SPIM:BSPIM:ClkEn\: with output requested to be synchronous
        ClockIn: Clock was determined to be a global clock that is synchronous to BUS_CLK
        EnableIn: Constant 1 was determined to be synchronous to ClockIn
        ClockOut: Clock, EnableOut: Constant 1
</CYPRESSTAG>

Removing unused cells resulting from optimization
Done removing unused cells.
<CYPRESSTAG name="Duplicate Macrocell detection">
</CYPRESSTAG>
</CYPRESSTAG>
<CYPRESSTAG name="Duplicate Macrocell detection">
</CYPRESSTAG>
<CYPRESSTAG name="Design Equations" icon="FILE_RPT_EQUATION">

------------------------------------------------------------
Design Equations
------------------------------------------------------------
    <CYPRESSTAG name="Pin listing">

    ------------------------------------------------------------
    Pin listing
    ------------------------------------------------------------

    Pin : Name = \LCD:LCDPort(0)\
        Attributes:
            In Group/Port: True
            In Sync Option: AUTO
            Out Sync Option: NOSYNC
            Interrupt generated: False
            Interrupt mode: NONE
            Drive mode: CMOS_OUT
            VTrip: EITHER
            Slew: FAST
            Input Sync needed: False
            Output Sync needed: False
            SC shield enabled: False
            POR State: ANY
            LCD Mode: COMMON
            Register Mode: RegComb
            CaSense Mode: NEITHER
            Treat as pin: False
            Is OE Registered: False
            Uses Analog: False
            Can contain Digital: True
            Is SIO: False
            SIO Output Buf: NONREGULATED
            SIO Input Buf: SINGLE_ENDED
            SIO HiFreq: LOW
            SIO Hyst: DISABLED
            SIO Vtrip: MULTIPLIER_0_5
            SIO Multiplier Index: 0
            SIO RefSel: VCC_IO
            Required Capabilitites: DIGITAL
            Initial Value: 0
            IO Voltage: 0
        PORT MAP (
            pa_out => \LCD:LCDPort(0)\__PA ,
            pad => \LCD:LCDPort(0)_PAD\ );
        Properties:
        {
        }

    Pin : Name = \LCD:LCDPort(1)\
        Attributes:
            In Group/Port: True
            In Sync Option: AUTO
            Out Sync Option: NOSYNC
            Interrupt generated: False
            Interrupt mode: NONE
            Drive mode: CMOS_OUT
            VTrip: EITHER
            Slew: FAST
            Input Sync needed: False
            Output Sync needed: False
            SC shield enabled: False
            POR State: ANY
            LCD Mode: COMMON
            Register Mode: RegComb
            CaSense Mode: NEITHER
            Treat as pin: False
            Is OE Registered: False
            Uses Analog: False
            Can contain Digital: True
            Is SIO: False
            SIO Output Buf: NONREGULATED
            SIO Input Buf: SINGLE_ENDED
            SIO HiFreq: LOW
            SIO Hyst: DISABLED
            SIO Vtrip: MULTIPLIER_0_5
            SIO Multiplier Index: 0
            SIO RefSel: VCC_IO
            Required Capabilitites: DIGITAL
            Initial Value: 0
            IO Voltage: 0
        PORT MAP (
            pa_out => \LCD:LCDPort(1)\__PA ,
            pad => \LCD:LCDPort(1)_PAD\ );
        Properties:
        {
        }

    Pin : Name = \LCD:LCDPort(2)\
        Attributes:
            In Group/Port: True
            In Sync Option: AUTO
            Out Sync Option: NOSYNC
            Interrupt generated: False
            Interrupt mode: NONE
            Drive mode: CMOS_OUT
            VTrip: EITHER
            Slew: FAST
            Input Sync needed: False
            Output Sync needed: False
            SC shield enabled: False
            POR State: ANY
            LCD Mode: COMMON
            Register Mode: RegComb
            CaSense Mode: NEITHER
            Treat as pin: False
            Is OE Registered: False
            Uses Analog: False
            Can contain Digital: True
            Is SIO: False
            SIO Output Buf: NONREGULATED
            SIO Input Buf: SINGLE_ENDED
            SIO HiFreq: LOW
            SIO Hyst: DISABLED
            SIO Vtrip: MULTIPLIER_0_5
            SIO Multiplier Index: 0
            SIO RefSel: VCC_IO
            Required Capabilitites: DIGITAL
            Initial Value: 0
            IO Voltage: 0
        PORT MAP (
            pa_out => \LCD:LCDPort(2)\__PA ,
            pad => \LCD:LCDPort(2)_PAD\ );
        Properties:
        {
        }

    Pin : Name = \LCD:LCDPort(3)\
        Attributes:
            In Group/Port: True
            In Sync Option: AUTO
            Out Sync Option: NOSYNC
            Interrupt generated: False
            Interrupt mode: NONE
            Drive mode: CMOS_OUT
            VTrip: EITHER
            Slew: FAST
            Input Sync needed: False
            Output Sync needed: False
            SC shield enabled: False
            POR State: ANY
            LCD Mode: COMMON
            Register Mode: RegComb
            CaSense Mode: NEITHER
            Treat as pin: False
            Is OE Registered: False
            Uses Analog: False
            Can contain Digital: True
            Is SIO: False
            SIO Output Buf: NONREGULATED
            SIO Input Buf: SINGLE_ENDED
            SIO HiFreq: LOW
            SIO Hyst: DISABLED
            SIO Vtrip: MULTIPLIER_0_5
            SIO Multiplier Index: 0
            SIO RefSel: VCC_IO
            Required Capabilitites: DIGITAL
            Initial Value: 0
            IO Voltage: 0
        PORT MAP (
            pa_out => \LCD:LCDPort(3)\__PA ,
            pad => \LCD:LCDPort(3)_PAD\ );
        Properties:
        {
        }

    Pin : Name = \LCD:LCDPort(4)\
        Attributes:
            In Group/Port: True
            In Sync Option: AUTO
            Out Sync Option: NOSYNC
            Interrupt generated: False
            Interrupt mode: NONE
            Drive mode: CMOS_OUT
            VTrip: EITHER
            Slew: FAST
            Input Sync needed: False
            Output Sync needed: False
            SC shield enabled: False
            POR State: ANY
            LCD Mode: COMMON
            Register Mode: RegComb
            CaSense Mode: NEITHER
            Treat as pin: False
            Is OE Registered: False
            Uses Analog: False
            Can contain Digital: True
            Is SIO: False
            SIO Output Buf: NONREGULATED
            SIO Input Buf: SINGLE_ENDED
            SIO HiFreq: LOW
            SIO Hyst: DISABLED
            SIO Vtrip: MULTIPLIER_0_5
            SIO Multiplier Index: 0
            SIO RefSel: VCC_IO
            Required Capabilitites: DIGITAL
            Initial Value: 0
            IO Voltage: 0
        PORT MAP (
            pa_out => \LCD:LCDPort(4)\__PA ,
            pad => \LCD:LCDPort(4)_PAD\ );
        Properties:
        {
        }

    Pin : Name = \LCD:LCDPort(5)\
        Attributes:
            In Group/Port: True
            In Sync Option: AUTO
            Out Sync Option: NOSYNC
            Interrupt generated: False
            Interrupt mode: NONE
            Drive mode: CMOS_OUT
            VTrip: EITHER
            Slew: FAST
            Input Sync needed: False
            Output Sync needed: False
            SC shield enabled: False
            POR State: ANY
            LCD Mode: COMMON
            Register Mode: RegComb
            CaSense Mode: NEITHER
            Treat as pin: False
            Is OE Registered: False
            Uses Analog: False
            Can contain Digital: True
            Is SIO: False
            SIO Output Buf: NONREGULATED
            SIO Input Buf: SINGLE_ENDED
            SIO HiFreq: LOW
            SIO Hyst: DISABLED
            SIO Vtrip: MULTIPLIER_0_5
            SIO Multiplier Index: 0
            SIO RefSel: VCC_IO
            Required Capabilitites: DIGITAL
            Initial Value: 0
            IO Voltage: 0
        PORT MAP (
            pa_out => \LCD:LCDPort(5)\__PA ,
            pad => \LCD:LCDPort(5)_PAD\ );
        Properties:
        {
        }

    Pin : Name = \LCD:LCDPort(6)\
        Attributes:
            In Group/Port: True
            In Sync Option: AUTO
            Out Sync Option: NOSYNC
            Interrupt generated: False
            Interrupt mode: NONE
            Drive mode: CMOS_OUT
            VTrip: EITHER
            Slew: FAST
            Input Sync needed: False
            Output Sync needed: False
            SC shield enabled: False
            POR State: ANY
            LCD Mode: COMMON
            Register Mode: RegComb
            CaSense Mode: NEITHER
            Treat as pin: False
            Is OE Registered: False
            Uses Analog: False
            Can contain Digital: True
            Is SIO: False
            SIO Output Buf: NONREGULATED
            SIO Input Buf: SINGLE_ENDED
            SIO HiFreq: LOW
            SIO Hyst: DISABLED
            SIO Vtrip: MULTIPLIER_0_5
            SIO Multiplier Index: 0
            SIO RefSel: VCC_IO
            Required Capabilitites: DIGITAL
            Initial Value: 0
            IO Voltage: 0
        PORT MAP (
            pa_out => \LCD:LCDPort(6)\__PA ,
            pad => \LCD:LCDPort(6)_PAD\ );
        Properties:
        {
        }

    Pin : Name = ss(0)
        Attributes:
            In Group/Port: True
            In Sync Option: AUTO
            Out Sync Option: NOSYNC
            Interrupt generated: False
            Interrupt mode: NONE
            Drive mode: CMOS_OUT
            VTrip: EITHER
            Slew: FAST
            Input Sync needed: False
            Output Sync needed: False
            SC shield enabled: False
            POR State: ANY
            LCD Mode: COMMON
            Register Mode: RegComb
            CaSense Mode: NEITHER
            Treat as pin: True
            Is OE Registered: False
            Uses Analog: False
            Can contain Digital: True
            Is SIO: False
            SIO Output Buf: NONREGULATED
            SIO Input Buf: SINGLE_ENDED
            SIO HiFreq: LOW
            SIO Hyst: DISABLED
            SIO Vtrip: MULTIPLIER_0_5
            SIO Multiplier Index: 0
            SIO RefSel: VCC_IO
            Required Capabilitites: DIGITAL, ROUTABLE
            Initial Value: 0
            IO Voltage: 0
        PORT MAP (
            pa_out => ss(0)__PA ,
            input => Net_15 ,
            pad => ss(0)_PAD );
        Properties:
        {
        }

    Pin : Name = sclk(0)
        Attributes:
            In Group/Port: True
            In Sync Option: AUTO
            Out Sync Option: NOSYNC
            Interrupt generated: False
            Interrupt mode: NONE
            Drive mode: CMOS_OUT
            VTrip: EITHER
            Slew: FAST
            Input Sync needed: False
            Output Sync needed: False
            SC shield enabled: False
            POR State: ANY
            LCD Mode: COMMON
            Register Mode: RegComb
            CaSense Mode: NEITHER
            Treat as pin: True
            Is OE Registered: False
            Uses Analog: False
            Can contain Digital: True
            Is SIO: False
            SIO Output Buf: NONREGULATED
            SIO Input Buf: SINGLE_ENDED
            SIO HiFreq: LOW
            SIO Hyst: DISABLED
            SIO Vtrip: MULTIPLIER_0_5
            SIO Multiplier Index: 0
            SIO RefSel: VCC_IO
            Required Capabilitites: DIGITAL, ROUTABLE
            Initial Value: 0
            IO Voltage: 0
        PORT MAP (
            pa_out => sclk(0)__PA ,
            input => Net_31 ,
            pad => sclk(0)_PAD );
        Properties:
        {
        }

    Pin : Name = mosi(0)
        Attributes:
            In Group/Port: True
            In Sync Option: AUTO
            Out Sync Option: NOSYNC
            Interrupt generated: False
            Interrupt mode: NONE
            Drive mode: CMOS_OUT
            VTrip: EITHER
            Slew: FAST
            Input Sync needed: False
            Output Sync needed: False
            SC shield enabled: False
            POR State: ANY
            LCD Mode: COMMON
            Register Mode: RegComb
            CaSense Mode: NEITHER
            Treat as pin: True
            Is OE Registered: False
            Uses Analog: False
            Can contain Digital: True
            Is SIO: False
            SIO Output Buf: NONREGULATED
            SIO Input Buf: SINGLE_ENDED
            SIO HiFreq: LOW
            SIO Hyst: DISABLED
            SIO Vtrip: MULTIPLIER_0_5
            SIO Multiplier Index: 0
            SIO RefSel: VCC_IO
            Required Capabilitites: DIGITAL, ROUTABLE
            Initial Value: 0
            IO Voltage: 0
        PORT MAP (
            pa_out => mosi(0)__PA ,
            input => Net_30 ,
            pad => mosi(0)_PAD );
        Properties:
        {
        }

    Pin : Name = miso(0)
        Attributes:
            In Group/Port: True
            In Sync Option: NOSYNC
            Out Sync Option: AUTO
            Interrupt generated: False
            Interrupt mode: NONE
            Drive mode: HI_Z_DIGITAL
            VTrip: CMOS
            Slew: FAST
            Input Sync needed: False
            Output Sync needed: False
            SC shield enabled: False
            POR State: ANY
            LCD Mode: COMMON
            Register Mode: RegComb
            CaSense Mode: NEITHER
            Treat as pin: True
            Is OE Registered: False
            Uses Analog: False
            Can contain Digital: True
            Is SIO: False
            SIO Output Buf: NONREGULATED
            SIO Input Buf: SINGLE_ENDED
            SIO HiFreq: LOW
            SIO Hyst: DISABLED
            SIO Vtrip: MULTIPLIER_0_5
            SIO Multiplier Index: 0
            SIO RefSel: VCC_IO
            Required Capabilitites: DIGITAL, ROUTABLE
            Initial Value: 0
            IO Voltage: 0
        PORT MAP (
            pa_out => miso(0)__PA ,
            fb => Net_13 ,
            pad => miso(0)_PAD );
        Properties:
        {
        }

    Pin : Name = \USBUART:Dm(0)\
        Attributes:
            In Group/Port: True
            In Sync Option: AUTO
            Out Sync Option: AUTO
            Interrupt generated: False
            Interrupt mode: NONE
            Drive mode: HI_Z_ANALOG
            VTrip: EITHER
            Slew: FAST
            Input Sync needed: False
            Output Sync needed: False
            SC shield enabled: False
            POR State: ANY
            LCD Mode: COMMON
            Register Mode: RegComb
            CaSense Mode: NEITHER
            Treat as pin: True
            Is OE Registered: False
            Uses Analog: True
            Can contain Digital: False
            Is SIO: False
            SIO Output Buf: NONREGULATED
            SIO Input Buf: SINGLE_ENDED
            SIO HiFreq: LOW
            SIO Hyst: DISABLED
            SIO Vtrip: MULTIPLIER_0_5
            SIO Multiplier Index: 0
            SIO RefSel: VCC_IO
            Required Capabilitites: USB_D_MINUS
            Initial Value: 0
            IO Voltage: 0
        PORT MAP (
            pa_out => \USBUART:Dm(0)\__PA ,
            analog_term => \USBUART:Net_597\ ,
            pad => \USBUART:Dm(0)_PAD\ );
        Properties:
        {
        }

    Pin : Name = \USBUART:Dp(0)\
        Attributes:
            In Group/Port: True
            In Sync Option: SYNC
            Out Sync Option: AUTO
            Interrupt generated: True
            Interrupt mode: FALLING
            Drive mode: HI_Z_ANALOG
            VTrip: CMOS
            Slew: FAST
            Input Sync needed: True
            Output Sync needed: False
            SC shield enabled: False
            POR State: ANY
            LCD Mode: COMMON
            Register Mode: RegComb
            CaSense Mode: NEITHER
            Treat as pin: False
            Is OE Registered: False
            Uses Analog: True
            Can contain Digital: True
            Is SIO: False
            SIO Output Buf: NONREGULATED
            SIO Input Buf: SINGLE_ENDED
            SIO HiFreq: LOW
            SIO Hyst: DISABLED
            SIO Vtrip: MULTIPLIER_0_5
            SIO Multiplier Index: 0
            SIO RefSel: VCC_IO
            Required Capabilitites: USB_D_PLUS
            Initial Value: 1
            IO Voltage: 0
        PORT MAP (
            pa_out => \USBUART:Dp(0)\__PA ,
            analog_term => \USBUART:Net_1000\ ,
            pad => \USBUART:Dp(0)_PAD\ );
        Properties:
        {
        }
    </CYPRESSTAG>
    <CYPRESSTAG name="Macrocell listing" icon="FILE_RPT_EQUATION">

    ------------------------------------------------------------
    Macrocell listing
    ------------------------------------------------------------

    MacroCell: Name=\SPIM:BSPIM:load_rx_data\, Mode=(Combinatorial)
        Total # of inputs        : 5
        Total # of product terms : 1
            Clock Enable: True
        Main Equation            : 1 pterm
        (
              !\SPIM:BSPIM:count_4\ * !\SPIM:BSPIM:count_3\ * 
              !\SPIM:BSPIM:count_2\ * !\SPIM:BSPIM:count_1\ * 
              \SPIM:BSPIM:count_0\
        );
        Output = \SPIM:BSPIM:load_rx_data\ (fanout=2)

    MacroCell: Name=\SPIM:BSPIM:tx_status_0\, Mode=(Combinatorial)
        Total # of inputs        : 3
        Total # of product terms : 1
            Clock Enable: True
        Main Equation            : 1 pterm
        (
              \SPIM:BSPIM:state_2\ * !\SPIM:BSPIM:state_1\ * 
              \SPIM:BSPIM:state_0\
        );
        Output = \SPIM:BSPIM:tx_status_0\ (fanout=1)

    MacroCell: Name=\SPIM:BSPIM:tx_status_4\, Mode=(Combinatorial)
        Total # of inputs        : 3
        Total # of product terms : 1
            Clock Enable: True
        Main Equation            : 1 pterm
        (
              !\SPIM:BSPIM:state_2\ * !\SPIM:BSPIM:state_1\ * 
              !\SPIM:BSPIM:state_0\
        );
        Output = \SPIM:BSPIM:tx_status_4\ (fanout=1)

    MacroCell: Name=\SPIM:BSPIM:rx_status_6\, Mode=(Combinatorial)
        Total # of inputs        : 6
        Total # of product terms : 1
            Clock Enable: True
        Main Equation            : 1 pterm
        (
              !\SPIM:BSPIM:count_4\ * !\SPIM:BSPIM:count_3\ * 
              !\SPIM:BSPIM:count_2\ * !\SPIM:BSPIM:count_1\ * 
              \SPIM:BSPIM:count_0\ * \SPIM:BSPIM:rx_status_4\
        );
        Output = \SPIM:BSPIM:rx_status_6\ (fanout=1)

    MacroCell: Name=Net_15, Mode=(D-Register)
        Total # of inputs        : 4
        Total # of product terms : 4
        List of special equations: 
            Clock  = (Net_11) => Global
            Clock Enable: True
        Main Equation            : 4 pterms
        !(
              !Net_15 * !\SPIM:BSPIM:state_2\ * \SPIM:BSPIM:state_1\
            + !Net_15 * \SPIM:BSPIM:state_2\ * !\SPIM:BSPIM:state_1\ * 
              !\SPIM:BSPIM:state_0\
            + !Net_15 * \SPIM:BSPIM:state_1\ * \SPIM:BSPIM:state_0\
            + !\SPIM:BSPIM:state_2\ * !\SPIM:BSPIM:state_1\ * 
              \SPIM:BSPIM:state_0\
        );
        Output = Net_15 (fanout=2)

    MacroCell: Name=Net_30, Mode=(D-Register)
        Total # of inputs        : 11
        Total # of product terms : 7
        List of special equations: 
            Clock  = (Net_11) => Global
            Clock Enable: True
        Main Equation            : 7 pterms
        !(
              !Net_30 * !\SPIM:BSPIM:state_2\ * \SPIM:BSPIM:state_0\
            + !\SPIM:BSPIM:state_2\ * !\SPIM:BSPIM:state_1\ * 
              !\SPIM:BSPIM:state_0\
            + !\SPIM:BSPIM:state_2\ * !\SPIM:BSPIM:state_0\ * 
              !\SPIM:BSPIM:count_4\ * !\SPIM:BSPIM:count_3\ * 
              !\SPIM:BSPIM:count_2\ * \SPIM:BSPIM:count_1\ * 
              !\SPIM:BSPIM:count_0\ * !\SPIM:BSPIM:ld_ident\
            + \SPIM:BSPIM:state_2\ * !\SPIM:BSPIM:state_1\ * 
              \SPIM:BSPIM:state_0\
            + \SPIM:BSPIM:state_2\ * \SPIM:BSPIM:state_1\ * 
              !\SPIM:BSPIM:state_0\
            + \SPIM:BSPIM:state_2\ * !\SPIM:BSPIM:mosi_from_dp\
            + !\SPIM:BSPIM:state_0\ * !\SPIM:BSPIM:mosi_from_dp\
        );
        Output = Net_30 (fanout=2)

    MacroCell: Name=\SPIM:BSPIM:state_2\, Mode=(D-Register)
        Total # of inputs        : 10
        Total # of product terms : 3
        List of special equations: 
            Clock  = (Net_11) => Global
            Clock Enable: True
        Main Equation            : 3 pterms
        (
              !\SPIM:BSPIM:state_2\ * !\SPIM:BSPIM:state_1\ * 
              \SPIM:BSPIM:state_0\
            + !\SPIM:BSPIM:state_2\ * \SPIM:BSPIM:state_1\ * 
              !\SPIM:BSPIM:state_0\ * !\SPIM:BSPIM:count_4\ * 
              !\SPIM:BSPIM:count_3\ * !\SPIM:BSPIM:count_2\ * 
              \SPIM:BSPIM:count_1\ * !\SPIM:BSPIM:count_0\ * 
              !\SPIM:BSPIM:ld_ident\
            + !\SPIM:BSPIM:state_2\ * \SPIM:BSPIM:state_0\ * 
              !\SPIM:BSPIM:count_4\ * !\SPIM:BSPIM:count_3\ * 
              \SPIM:BSPIM:count_2\ * !\SPIM:BSPIM:count_1\ * 
              \SPIM:BSPIM:count_0\ * !\SPIM:BSPIM:tx_status_1\
        );
        Output = \SPIM:BSPIM:state_2\ (fanout=12)

    MacroCell: Name=\SPIM:BSPIM:state_1\, Mode=(T-Register)
        Total # of inputs        : 10
        Total # of product terms : 4
        List of special equations: 
            Clock  = (Net_11) => Global
            Clock Enable: True
        Main Equation            : 4 pterms
        (
              !\SPIM:BSPIM:state_2\ * !\SPIM:BSPIM:state_1\ * 
              \SPIM:BSPIM:state_0\
            + !\SPIM:BSPIM:state_2\ * \SPIM:BSPIM:state_0\ * 
              !\SPIM:BSPIM:count_4\ * !\SPIM:BSPIM:count_3\ * 
              \SPIM:BSPIM:count_2\ * !\SPIM:BSPIM:count_1\ * 
              \SPIM:BSPIM:count_0\ * !\SPIM:BSPIM:tx_status_1\
            + \SPIM:BSPIM:state_2\ * !\SPIM:BSPIM:state_0\
            + \SPIM:BSPIM:state_1\ * !\SPIM:BSPIM:state_0\ * 
              !\SPIM:BSPIM:count_4\ * !\SPIM:BSPIM:count_3\ * 
              !\SPIM:BSPIM:count_2\ * \SPIM:BSPIM:count_1\ * 
              !\SPIM:BSPIM:count_0\ * !\SPIM:BSPIM:ld_ident\
        );
        Output = \SPIM:BSPIM:state_1\ (fanout=12)

    MacroCell: Name=\SPIM:BSPIM:state_0\, Mode=(T-Register)
        Total # of inputs        : 4
        Total # of product terms : 3
        List of special equations: 
            Clock  = (Net_11) => Global
            Clock Enable: True
        Main Equation            : 3 pterms
        (
              !\SPIM:BSPIM:state_2\ * \SPIM:BSPIM:state_1\
            + \SPIM:BSPIM:state_2\ * !\SPIM:BSPIM:state_1\
            + !\SPIM:BSPIM:state_1\ * !\SPIM:BSPIM:state_0\ * 
              !\SPIM:BSPIM:tx_status_1\
        );
        Output = \SPIM:BSPIM:state_0\ (fanout=12)

    MacroCell: Name=\SPIM:BSPIM:load_cond\, Mode=(T-Register)
        Total # of inputs        : 9
        Total # of product terms : 4
        List of special equations: 
            Clock  = (Net_11) => Global
            Clock Enable: True
        Main Equation            : 4 pterms
        (
              !\SPIM:BSPIM:state_2\ * !\SPIM:BSPIM:count_4\ * 
              !\SPIM:BSPIM:count_3\ * !\SPIM:BSPIM:count_2\ * 
              !\SPIM:BSPIM:count_1\ * !\SPIM:BSPIM:count_0\ * 
              \SPIM:BSPIM:load_cond\
            + \SPIM:BSPIM:state_2\ * !\SPIM:BSPIM:state_1\ * 
              !\SPIM:BSPIM:state_0\ * !\SPIM:BSPIM:load_cond\
            + \SPIM:BSPIM:state_1\ * !\SPIM:BSPIM:count_4\ * 
              !\SPIM:BSPIM:count_3\ * !\SPIM:BSPIM:count_2\ * 
              !\SPIM:BSPIM:count_1\ * !\SPIM:BSPIM:count_0\ * 
              \SPIM:BSPIM:load_cond\
            + \SPIM:BSPIM:state_0\ * !\SPIM:BSPIM:count_4\ * 
              !\SPIM:BSPIM:count_3\ * !\SPIM:BSPIM:count_2\ * 
              !\SPIM:BSPIM:count_1\ * !\SPIM:BSPIM:count_0\ * 
              \SPIM:BSPIM:load_cond\
        );
        Output = \SPIM:BSPIM:load_cond\ (fanout=1)

    MacroCell: Name=\SPIM:BSPIM:ld_ident\, Mode=(T-Register)
        Total # of inputs        : 9
        Total # of product terms : 3
        List of special equations: 
            Clock  = (Net_11) => Global
            Clock Enable: True
        Main Equation            : 3 pterms
        (
              \SPIM:BSPIM:state_2\ * !\SPIM:BSPIM:state_1\ * 
              !\SPIM:BSPIM:state_0\ * !\SPIM:BSPIM:ld_ident\
            + \SPIM:BSPIM:state_2\ * \SPIM:BSPIM:state_1\ * 
              !\SPIM:BSPIM:state_0\ * \SPIM:BSPIM:ld_ident\
            + \SPIM:BSPIM:state_1\ * !\SPIM:BSPIM:state_0\ * 
              !\SPIM:BSPIM:count_4\ * !\SPIM:BSPIM:count_3\ * 
              !\SPIM:BSPIM:count_2\ * \SPIM:BSPIM:count_1\ * 
              !\SPIM:BSPIM:count_0\ * \SPIM:BSPIM:ld_ident\
        );
        Output = \SPIM:BSPIM:ld_ident\ (fanout=4)

    MacroCell: Name=\SPIM:BSPIM:cnt_enable\, Mode=(T-Register)
        Total # of inputs        : 4
        Total # of product terms : 4
        List of special equations: 
            Clock  = (Net_11) => Global
            Clock Enable: True
        Main Equation            : 4 pterms
        (
              !\SPIM:BSPIM:state_2\ * !\SPIM:BSPIM:state_1\ * 
              !\SPIM:BSPIM:state_0\ * \SPIM:BSPIM:cnt_enable\
            + !\SPIM:BSPIM:state_2\ * \SPIM:BSPIM:state_1\ * 
              \SPIM:BSPIM:state_0\ * !\SPIM:BSPIM:cnt_enable\
            + \SPIM:BSPIM:state_2\ * !\SPIM:BSPIM:state_1\ * 
              \SPIM:BSPIM:state_0\ * \SPIM:BSPIM:cnt_enable\
            + \SPIM:BSPIM:state_2\ * \SPIM:BSPIM:state_1\ * 
              !\SPIM:BSPIM:state_0\ * \SPIM:BSPIM:cnt_enable\
        );
        Output = \SPIM:BSPIM:cnt_enable\ (fanout=2)

    MacroCell: Name=Net_31, Mode=(D-Register)
        Total # of inputs        : 4
        Total # of product terms : 2
        List of special equations: 
            Clock  = (Net_11) => Global
            Clock Enable: True
        Main Equation            : 2 pterms
        (
              !\SPIM:BSPIM:state_2\ * \SPIM:BSPIM:state_1\ * 
              \SPIM:BSPIM:state_0\
            + \SPIM:BSPIM:state_1\ * \SPIM:BSPIM:state_0\ * Net_31
        );
        Output = Net_31 (fanout=2)
    </CYPRESSTAG>
    <CYPRESSTAG name="Datapath listing">

    ------------------------------------------------------------
    Datapath listing
    ------------------------------------------------------------

    datapathcell: Name =\SPIM:BSPIM:sR8:Dp:u0\
        PORT MAP (
            clock => Net_11 ,
            cs_addr_2 => \SPIM:BSPIM:state_2\ ,
            cs_addr_1 => \SPIM:BSPIM:state_1\ ,
            cs_addr_0 => \SPIM:BSPIM:state_0\ ,
            route_si => Net_13 ,
            f1_load => \SPIM:BSPIM:load_rx_data\ ,
            so_comb => \SPIM:BSPIM:mosi_from_dp\ ,
            f0_bus_stat_comb => \SPIM:BSPIM:tx_status_2\ ,
            f0_blk_stat_comb => \SPIM:BSPIM:tx_status_1\ ,
            f1_bus_stat_comb => \SPIM:BSPIM:rx_status_5\ ,
            f1_blk_stat_comb => \SPIM:BSPIM:rx_status_4\ );
        Properties:
        {
            a0_init = "00000000"
            a1_init = "00000000"
            ce0_sync = 1
            ce1_sync = 1
            cl0_sync = 1
            cl1_sync = 1
            cmsb_sync = 1
            co_msb_sync = 1
            cy_dpconfig = "0000000000000000000000001100000000000001010000000001000100010000000000011100000000010001000000000000000101000000000000010100000011111111000000001111111111111111000000000010001000001000111100000000000000000100"
            d0_init = "00000000"
            d1_init = "00000000"
            f0_blk_sync = 1
            f0_bus_sync = 1
            f1_blk_sync = 1
            f1_bus_sync = 1
            ff0_sync = 1
            ff1_sync = 1
            ov_msb_sync = 1
            so_sync = 1
            z0_sync = 1
            z1_sync = 1
        }
        Clock Polarity: Active High
        Clock Enable: True
    </CYPRESSTAG>
    <CYPRESSTAG name="Status register listing">
    </CYPRESSTAG>
    <CYPRESSTAG name="StatusI register listing">

    ------------------------------------------------------------
    StatusI register listing
    ------------------------------------------------------------

    statusicell: Name =\SPIM:BSPIM:TxStsReg\
        PORT MAP (
            clock => Net_11 ,
            status_4 => \SPIM:BSPIM:tx_status_4\ ,
            status_3 => \SPIM:BSPIM:load_rx_data\ ,
            status_2 => \SPIM:BSPIM:tx_status_2\ ,
            status_1 => \SPIM:BSPIM:tx_status_1\ ,
            status_0 => \SPIM:BSPIM:tx_status_0\ ,
            interrupt => Net_172 );
        Properties:
        {
            cy_force_order = 1
            cy_int_mask = "0000000"
            cy_md_select = "0001001"
        }
        Clock Polarity: Active High
        Clock Enable: True

    statusicell: Name =\SPIM:BSPIM:RxStsReg\
        PORT MAP (
            clock => Net_11 ,
            status_6 => \SPIM:BSPIM:rx_status_6\ ,
            status_5 => \SPIM:BSPIM:rx_status_5\ ,
            status_4 => \SPIM:BSPIM:rx_status_4\ ,
            interrupt => Net_137 );
        Properties:
        {
            cy_force_order = 1
            cy_int_mask = "0000000"
            cy_md_select = "1000000"
        }
        Clock Polarity: Active High
        Clock Enable: True
    </CYPRESSTAG>
    <CYPRESSTAG name="Sync listing">
    </CYPRESSTAG>
    <CYPRESSTAG name="Control register listing">
    </CYPRESSTAG>
    <CYPRESSTAG name="Count7 listing">

    ------------------------------------------------------------
    Count7 listing
    ------------------------------------------------------------

    count7cell: Name =\SPIM:BSPIM:BitCounter\
        PORT MAP (
            clock => Net_11 ,
            enable => \SPIM:BSPIM:cnt_enable\ ,
            count_6 => \SPIM:BSPIM:count_6\ ,
            count_5 => \SPIM:BSPIM:count_5\ ,
            count_4 => \SPIM:BSPIM:count_4\ ,
            count_3 => \SPIM:BSPIM:count_3\ ,
            count_2 => \SPIM:BSPIM:count_2\ ,
            count_1 => \SPIM:BSPIM:count_1\ ,
            count_0 => \SPIM:BSPIM:count_0\ ,
            tc => \SPIM:BSPIM:cnt_tc\ );
        Properties:
        {
            cy_alt_mode = 0
            cy_init_value = "0000000"
            cy_period = "0001111"
            cy_route_en = 1
            cy_route_ld = 0
        }
        Clock Polarity: Active High
        Clock Enable: True
    </CYPRESSTAG>
    <CYPRESSTAG name="DRQ listing">

    ------------------------------------------------------------
    DRQ listing
    ------------------------------------------------------------

    drqcell: Name =DMA_RX
        PORT MAP (
            dmareq => Net_137 ,
            termin => zero ,
            termout => Net_81 );
        Properties:
        {
            drq_type = "01"
            num_tds = 0
        }

    drqcell: Name =DMA_TX
        PORT MAP (
            dmareq => Net_172 ,
            termin => zero ,
            termout => Net_85 );
        Properties:
        {
            drq_type = "01"
            num_tds = 0
        }
    </CYPRESSTAG>
    <CYPRESSTAG name="Interrupt listing">

    ------------------------------------------------------------
    Interrupt listing
    ------------------------------------------------------------

    interrupt: Name =\USBUART:dp_int\
        PORT MAP (
            interrupt => \USBUART:Net_1010\ );
        Properties:
        {
            int_type = "10"
        }

    interrupt: Name =\USBUART:ep_3\
        PORT MAP (
            interrupt => \USBUART:ep_int_3\ );
        Properties:
        {
            int_type = "10"
        }

    interrupt: Name =\USBUART:ep_2\
        PORT MAP (
            interrupt => \USBUART:ep_int_2\ );
        Properties:
        {
            int_type = "10"
        }

    interrupt: Name =\USBUART:ep_1\
        PORT MAP (
            interrupt => \USBUART:ep_int_1\ );
        Properties:
        {
            int_type = "10"
        }

    interrupt: Name =\USBUART:ep_0\
        PORT MAP (
            interrupt => \USBUART:ep_int_0\ );
        Properties:
        {
            int_type = "10"
        }

    interrupt: Name =\USBUART:bus_reset\
        PORT MAP (
            interrupt => \USBUART:Net_1876\ );
        Properties:
        {
            int_type = "10"
        }

    interrupt: Name =\USBUART:arb_int\
        PORT MAP (
            interrupt => \USBUART:Net_1889\ );
        Properties:
        {
            int_type = "10"
        }

    interrupt: Name =\USBUART:sof_int\
        PORT MAP (
            interrupt => Net_89 );
        Properties:
        {
            int_type = "10"
        }
    </CYPRESSTAG>
</CYPRESSTAG>
<CYPRESSTAG name="Technology mapping summary" expanded>

------------------------------------------------------------
Technology mapping summary
------------------------------------------------------------

Resource Type                 : Used : Free :  Max :  % Used
============================================================
Digital Clocks                :    1 :    7 :    8 : 12.50 %
Analog Clocks                 :    0 :    4 :    4 :  0.00 %
CapSense Buffers              :    0 :    2 :    2 :  0.00 %
Digital Filter Block          :    0 :    1 :    1 :  0.00 %
Interrupts                    :    8 :   24 :   32 : 25.00 %
IO                            :   16 :   32 :   48 : 33.33 %
Segment LCD                   :    0 :    1 :    1 :  0.00 %
CAN 2.0b                      :    0 :    1 :    1 :  0.00 %
I2C                           :    0 :    1 :    1 :  0.00 %
USB                           :    1 :    0 :    1 : 100.00 %
DMA Channels                  :    2 :   22 :   24 :  8.33 %
Timer                         :    0 :    4 :    4 :  0.00 %
UDB                           :      :      :      :        
  Macrocells                  :   13 :  179 :  192 :  6.77 %
  Unique P-terms              :   33 :  351 :  384 :  8.59 %
  Total P-terms               :   38 :      :      :        
  Datapath Cells              :    1 :   23 :   24 :  4.17 %
  Status Cells                :    3 :   21 :   24 : 12.50 %
    StatusI Registers         :    2 :      :      :        
    Routed Count7 Load/Enable :    1 :      :      :        
  Control Cells               :    1 :   23 :   24 :  4.17 %
    Count7 Cells              :    1 :      :      :        
Opamp                         :    0 :    4 :    4 :  0.00 %
Comparator                    :    0 :    4 :    4 :  0.00 %
Delta-Sigma ADC               :    0 :    1 :    1 :  0.00 %
LPF                           :    0 :    2 :    2 :  0.00 %
SAR ADC                       :    0 :    2 :    2 :  0.00 %
Analog (SC/CT) Blocks         :    0 :    4 :    4 :  0.00 %
DAC                           :      :      :      :        
  VIDAC                       :    0 :    4 :    4 :  0.00 %
</CYPRESSTAG>
Technology Mapping: Elapsed time ==> 0s.075ms
Tech mapping phase: Elapsed time ==> 0s.161ms
</CYPRESSTAG>
<CYPRESSTAG name="Analog Placement">
Initial Analog Placement Results:
IO_0@[IOP=(2)][IoId=(0)] : \LCD:LCDPort(0)\ (fixed)
IO_1@[IOP=(2)][IoId=(1)] : \LCD:LCDPort(1)\ (fixed)
IO_2@[IOP=(2)][IoId=(2)] : \LCD:LCDPort(2)\ (fixed)
IO_3@[IOP=(2)][IoId=(3)] : \LCD:LCDPort(3)\ (fixed)
IO_4@[IOP=(2)][IoId=(4)] : \LCD:LCDPort(4)\ (fixed)
IO_5@[IOP=(2)][IoId=(5)] : \LCD:LCDPort(5)\ (fixed)
IO_6@[IOP=(2)][IoId=(6)] : \LCD:LCDPort(6)\ (fixed)
IO_7@[IOP=(15)][IoId=(7)] : \USBUART:Dm(0)\ (fixed)
IO_6@[IOP=(15)][IoId=(6)] : \USBUART:Dp(0)\ (fixed)
IO_0@[IOP=(0)][IoId=(0)] : miso(0) (fixed)
IO_1@[IOP=(0)][IoId=(1)] : mosi(0) (fixed)
IO_2@[IOP=(0)][IoId=(2)] : sclk(0) (fixed)
IO_3@[IOP=(0)][IoId=(3)] : ss(0) (fixed)
USB[0]@[FFB(USB,0)] : \USBUART:USB\
Analog Placement phase: Elapsed time ==> 0s.042ms
</CYPRESSTAG>
<CYPRESSTAG name="Analog Routing">
Analog Routing phase: Elapsed time ==> 0s.000ms
</CYPRESSTAG>
<CYPRESSTAG name="Analog Code Generation">
============ Analog Final Answer Routes ============
Dump of CyAnalogRoutingResultsDB
Map of net to items {
}
Map of item to net {
}
Mux Info {
}
Dump of CyP35AnalogRoutingResultsDB
IsVddaHalfUsedForComp = False
IsVddaHalfUsedForSar0 = False
IsVddaHalfUsedForSar1 = False
Analog Code Generation phase: Elapsed time ==> 0s.688ms
</CYPRESSTAG>
<CYPRESSTAG name="Digital Placement">
<CYPRESSTAG name="Detailed placement messages">
I2076: Total run-time: 0.8 sec.

</CYPRESSTAG>
<CYPRESSTAG name="PLD Packing">
<CYPRESSTAG name="PLD Packing Summary" expanded>

------------------------------------------------------------
PLD Packing Summary
------------------------------------------------------------
            Resource Type : Used : Free :  Max :  % Used
    ====================================================
                     PLDs :    5 :   43 :   48 :  10.42%

<CYPRESSTAG name="PLD Statistics">

        PLD Resource Type :     Average/LAB
    =======================================
                   Inputs :            8.20
                   Pterms :            7.20
               Macrocells :            2.60
</CYPRESSTAG>
<CYPRESSTAG name="Packed PLD Contents">
Packed PLD Contents not displayed at this verbose level.</CYPRESSTAG>
</CYPRESSTAG>
PLD Packing: Elapsed time ==> 0s.003ms
</CYPRESSTAG>
<CYPRESSTAG name="Partitioning">
<CYPRESSTAG name="Initial Partitioning Summary">
Initial Partitioning Summary not displayed at this verbose level.</CYPRESSTAG>
<CYPRESSTAG name="Final Partitioning Summary">
Final Partitioning Summary not displayed at this verbose level.</CYPRESSTAG>
Partitioning: Elapsed time ==> 0s.036ms
</CYPRESSTAG>
<CYPRESSTAG name="Simulated Annealing">
Annealing: Elapsed time ==> 0s.002ms
<CYPRESSTAG name="Simulated Annealing Results">
The seed used for moves was 114161200.
Inital cost was 267, final cost is 267 (0.00% improvement).</CYPRESSTAG>
</CYPRESSTAG>
<CYPRESSTAG name="Final Placement Summary">

------------------------------------------------------------
Final Placement Summary
------------------------------------------------------------

       Resource Type :      Count : Avg Inputs : Avg Outputs
    ========================================================
                 UDB :          3 :       9.67 :       4.33
<CYPRESSTAG name="Final Placement Details">
<CYPRESSTAG name="Component Details">

------------------------------------------------------------
Component Placement Details
------------------------------------------------------------
UDB [UDB=(0,0)] is empty.
UDB [UDB=(0,1)] is empty.
UDB [UDB=(0,2)] is empty.
UDB [UDB=(0,3)] is empty.
UDB [UDB=(0,4)] is empty.
UDB [UDB=(0,5)] is empty.
UDB [UDB=(1,0)] is empty.
UDB [UDB=(1,1)] is empty.
UDB [UDB=(1,2)] is empty.
UDB [UDB=(1,3)] is empty.
UDB [UDB=(1,4)] is empty.
UDB [UDB=(1,5)] is empty.
UDB [UDB=(2,0)] is empty.
UDB [UDB=(2,1)] is empty.
UDB [UDB=(2,2)] is empty.
UDB [UDB=(2,3)] is empty.
UDB [UDB=(2,4)] contents:
LAB@[UDB=(2,4)][LB=0] #macrocells=3, #inputs=4, #pterms=6
{
    [McSlotId=0]:     MacroCell: Name=\SPIM:BSPIM:cnt_enable\, Mode=(T-Register) @ [UDB=(2,4)][LB=0][MC=0]
        Total # of inputs        : 4
        Total # of product terms : 4
        List of special equations: 
            Clock  = (Net_11) => Global
            Clock Enable: True
        Main Equation            : 4 pterms
        (
              !\SPIM:BSPIM:state_2\ * !\SPIM:BSPIM:state_1\ * 
              !\SPIM:BSPIM:state_0\ * \SPIM:BSPIM:cnt_enable\
            + !\SPIM:BSPIM:state_2\ * \SPIM:BSPIM:state_1\ * 
              \SPIM:BSPIM:state_0\ * !\SPIM:BSPIM:cnt_enable\
            + \SPIM:BSPIM:state_2\ * !\SPIM:BSPIM:state_1\ * 
              \SPIM:BSPIM:state_0\ * \SPIM:BSPIM:cnt_enable\
            + \SPIM:BSPIM:state_2\ * \SPIM:BSPIM:state_1\ * 
              !\SPIM:BSPIM:state_0\ * \SPIM:BSPIM:cnt_enable\
        );
        Output = \SPIM:BSPIM:cnt_enable\ (fanout=3)
        Properties               : 
        {
        }

    [McSlotId=1]:     MacroCell: Name=\SPIM:BSPIM:tx_status_0\, Mode=(Combinatorial) @ [UDB=(2,4)][LB=0][MC=1]
        Total # of inputs        : 3
        Total # of product terms : 1
            Clock Enable: True
        Main Equation            : 1 pterm
        (
              \SPIM:BSPIM:state_2\ * !\SPIM:BSPIM:state_1\ * 
              \SPIM:BSPIM:state_0\
        );
        Output = \SPIM:BSPIM:tx_status_0\ (fanout=1)
        Properties               : 
        {
        }

    [McSlotId=2]:     MacroCell: Name=\SPIM:BSPIM:tx_status_4\, Mode=(Combinatorial) @ [UDB=(2,4)][LB=0][MC=2]
        Total # of inputs        : 3
        Total # of product terms : 1
            Clock Enable: True
        Main Equation            : 1 pterm
        (
              !\SPIM:BSPIM:state_2\ * !\SPIM:BSPIM:state_1\ * 
              !\SPIM:BSPIM:state_0\
        );
        Output = \SPIM:BSPIM:tx_status_4\ (fanout=1)
        Properties               : 
        {
        }

    [McSlotId=3]: (empty)
}

statusicell: Name =\SPIM:BSPIM:TxStsReg\
    PORT MAP (
        clock => Net_11 ,
        status_4 => \SPIM:BSPIM:tx_status_4\ ,
        status_3 => \SPIM:BSPIM:load_rx_data\ ,
        status_2 => \SPIM:BSPIM:tx_status_2\ ,
        status_1 => \SPIM:BSPIM:tx_status_1\ ,
        status_0 => \SPIM:BSPIM:tx_status_0\ ,
        interrupt => Net_172 );
    Properties:
    {
        cy_force_order = 1
        cy_int_mask = "0000000"
        cy_md_select = "0001001"
    }
    Clock Polarity: Active High
    Clock Enable: True

UDB [UDB=(2,5)] is empty.
UDB [UDB=(3,0)] is empty.
UDB [UDB=(3,1)] is empty.
UDB [UDB=(3,2)] is empty.
UDB [UDB=(3,3)] is empty.
UDB [UDB=(3,4)] contents:
LAB@[UDB=(3,4)][LB=0] #macrocells=3, #inputs=11, #pterms=8
{
    [McSlotId=0]:     MacroCell: Name=\SPIM:BSPIM:load_cond\, Mode=(T-Register) @ [UDB=(3,4)][LB=0][MC=0]
        Total # of inputs        : 9
        Total # of product terms : 4
        List of special equations: 
            Clock  = (Net_11) => Global
            Clock Enable: True
        Main Equation            : 4 pterms
        (
              !\SPIM:BSPIM:state_2\ * !\SPIM:BSPIM:count_4\ * 
              !\SPIM:BSPIM:count_3\ * !\SPIM:BSPIM:count_2\ * 
              !\SPIM:BSPIM:count_1\ * !\SPIM:BSPIM:count_0\ * 
              \SPIM:BSPIM:load_cond\
            + \SPIM:BSPIM:state_2\ * !\SPIM:BSPIM:state_1\ * 
              !\SPIM:BSPIM:state_0\ * !\SPIM:BSPIM:load_cond\
            + \SPIM:BSPIM:state_1\ * !\SPIM:BSPIM:count_4\ * 
              !\SPIM:BSPIM:count_3\ * !\SPIM:BSPIM:count_2\ * 
              !\SPIM:BSPIM:count_1\ * !\SPIM:BSPIM:count_0\ * 
              \SPIM:BSPIM:load_cond\
            + \SPIM:BSPIM:state_0\ * !\SPIM:BSPIM:count_4\ * 
              !\SPIM:BSPIM:count_3\ * !\SPIM:BSPIM:count_2\ * 
              !\SPIM:BSPIM:count_1\ * !\SPIM:BSPIM:count_0\ * 
              \SPIM:BSPIM:load_cond\
        );
        Output = \SPIM:BSPIM:load_cond\ (fanout=1)
        Properties               : 
        {
        }

    [McSlotId=1]:     MacroCell: Name=\SPIM:BSPIM:state_0\, Mode=(T-Register) @ [UDB=(3,4)][LB=0][MC=1]
        Total # of inputs        : 4
        Total # of product terms : 3
        List of special equations: 
            Clock  = (Net_11) => Global
            Clock Enable: True
        Main Equation            : 3 pterms
        (
              !\SPIM:BSPIM:state_2\ * \SPIM:BSPIM:state_1\
            + \SPIM:BSPIM:state_2\ * !\SPIM:BSPIM:state_1\
            + !\SPIM:BSPIM:state_1\ * !\SPIM:BSPIM:state_0\ * 
              !\SPIM:BSPIM:tx_status_1\
        );
        Output = \SPIM:BSPIM:state_0\ (fanout=12)
        Properties               : 
        {
        }

    [McSlotId=2]:     MacroCell: Name=\SPIM:BSPIM:rx_status_6\, Mode=(Combinatorial) @ [UDB=(3,4)][LB=0][MC=2]
        Total # of inputs        : 6
        Total # of product terms : 1
            Clock Enable: True
        Main Equation            : 1 pterm
        (
              !\SPIM:BSPIM:count_4\ * !\SPIM:BSPIM:count_3\ * 
              !\SPIM:BSPIM:count_2\ * !\SPIM:BSPIM:count_1\ * 
              \SPIM:BSPIM:count_0\ * \SPIM:BSPIM:rx_status_4\
        );
        Output = \SPIM:BSPIM:rx_status_6\ (fanout=1)
        Properties               : 
        {
        }

    [McSlotId=3]: (empty)
}

LAB@[UDB=(3,4)][LB=1] #macrocells=3, #inputs=10, #pterms=8
{
    [McSlotId=0]:     MacroCell: Name=\SPIM:BSPIM:state_1\, Mode=(T-Register) @ [UDB=(3,4)][LB=1][MC=0]
        Total # of inputs        : 10
        Total # of product terms : 4
        List of special equations: 
            Clock  = (Net_11) => Global
            Clock Enable: True
        Main Equation            : 4 pterms
        (
              !\SPIM:BSPIM:state_2\ * !\SPIM:BSPIM:state_1\ * 
              \SPIM:BSPIM:state_0\
            + !\SPIM:BSPIM:state_2\ * \SPIM:BSPIM:state_0\ * 
              !\SPIM:BSPIM:count_4\ * !\SPIM:BSPIM:count_3\ * 
              \SPIM:BSPIM:count_2\ * !\SPIM:BSPIM:count_1\ * 
              \SPIM:BSPIM:count_0\ * !\SPIM:BSPIM:tx_status_1\
            + \SPIM:BSPIM:state_2\ * !\SPIM:BSPIM:state_0\
            + \SPIM:BSPIM:state_1\ * !\SPIM:BSPIM:state_0\ * 
              !\SPIM:BSPIM:count_4\ * !\SPIM:BSPIM:count_3\ * 
              !\SPIM:BSPIM:count_2\ * \SPIM:BSPIM:count_1\ * 
              !\SPIM:BSPIM:count_0\ * !\SPIM:BSPIM:ld_ident\
        );
        Output = \SPIM:BSPIM:state_1\ (fanout=12)
        Properties               : 
        {
        }

    [McSlotId=1]:     MacroCell: Name=\SPIM:BSPIM:state_2\, Mode=(D-Register) @ [UDB=(3,4)][LB=1][MC=1]
        Total # of inputs        : 10
        Total # of product terms : 3
        List of special equations: 
            Clock  = (Net_11) => Global
            Clock Enable: True
        Main Equation            : 3 pterms
        (
              !\SPIM:BSPIM:state_2\ * !\SPIM:BSPIM:state_1\ * 
              \SPIM:BSPIM:state_0\
            + !\SPIM:BSPIM:state_2\ * \SPIM:BSPIM:state_1\ * 
              !\SPIM:BSPIM:state_0\ * !\SPIM:BSPIM:count_4\ * 
              !\SPIM:BSPIM:count_3\ * !\SPIM:BSPIM:count_2\ * 
              \SPIM:BSPIM:count_1\ * !\SPIM:BSPIM:count_0\ * 
              !\SPIM:BSPIM:ld_ident\
            + !\SPIM:BSPIM:state_2\ * \SPIM:BSPIM:state_0\ * 
              !\SPIM:BSPIM:count_4\ * !\SPIM:BSPIM:count_3\ * 
              \SPIM:BSPIM:count_2\ * !\SPIM:BSPIM:count_1\ * 
              \SPIM:BSPIM:count_0\ * !\SPIM:BSPIM:tx_status_1\
        );
        Output = \SPIM:BSPIM:state_2\ (fanout=12)
        Properties               : 
        {
        }

    [McSlotId=2]:     MacroCell: Name=\SPIM:BSPIM:ld_ident\, Mode=(T-Register) @ [UDB=(3,4)][LB=1][MC=2]
        Total # of inputs        : 9
        Total # of product terms : 3
        List of special equations: 
            Clock  = (Net_11) => Global
            Clock Enable: True
        Main Equation            : 3 pterms
        (
              \SPIM:BSPIM:state_2\ * !\SPIM:BSPIM:state_1\ * 
              !\SPIM:BSPIM:state_0\ * !\SPIM:BSPIM:ld_ident\
            + \SPIM:BSPIM:state_2\ * \SPIM:BSPIM:state_1\ * 
              !\SPIM:BSPIM:state_0\ * \SPIM:BSPIM:ld_ident\
            + \SPIM:BSPIM:state_1\ * !\SPIM:BSPIM:state_0\ * 
              !\SPIM:BSPIM:count_4\ * !\SPIM:BSPIM:count_3\ * 
              !\SPIM:BSPIM:count_2\ * \SPIM:BSPIM:count_1\ * 
              !\SPIM:BSPIM:count_0\ * \SPIM:BSPIM:ld_ident\
        );
        Output = \SPIM:BSPIM:ld_ident\ (fanout=4)
        Properties               : 
        {
        }

    [McSlotId=3]: (empty)
}

statusicell: Name =\SPIM:BSPIM:RxStsReg\
    PORT MAP (
        clock => Net_11 ,
        status_6 => \SPIM:BSPIM:rx_status_6\ ,
        status_5 => \SPIM:BSPIM:rx_status_5\ ,
        status_4 => \SPIM:BSPIM:rx_status_4\ ,
        interrupt => Net_137 );
    Properties:
    {
        cy_force_order = 1
        cy_int_mask = "0000000"
        cy_md_select = "1000000"
    }
    Clock Polarity: Active High
    Clock Enable: True

UDB [UDB=(3,5)] contents:
LAB@[UDB=(3,5)][LB=0] #macrocells=2, #inputs=11, #pterms=8
{
    [McSlotId=0]:     MacroCell: Name=Net_30, Mode=(D-Register) @ [UDB=(3,5)][LB=0][MC=0]
        Total # of inputs        : 11
        Total # of product terms : 7
        List of special equations: 
            Clock  = (Net_11) => Global
            Clock Enable: True
        Main Equation            : 7 pterms
        !(
              !Net_30 * !\SPIM:BSPIM:state_2\ * \SPIM:BSPIM:state_0\
            + !\SPIM:BSPIM:state_2\ * !\SPIM:BSPIM:state_1\ * 
              !\SPIM:BSPIM:state_0\
            + !\SPIM:BSPIM:state_2\ * !\SPIM:BSPIM:state_0\ * 
              !\SPIM:BSPIM:count_4\ * !\SPIM:BSPIM:count_3\ * 
              !\SPIM:BSPIM:count_2\ * \SPIM:BSPIM:count_1\ * 
              !\SPIM:BSPIM:count_0\ * !\SPIM:BSPIM:ld_ident\
            + \SPIM:BSPIM:state_2\ * !\SPIM:BSPIM:state_1\ * 
              \SPIM:BSPIM:state_0\
            + \SPIM:BSPIM:state_2\ * \SPIM:BSPIM:state_1\ * 
              !\SPIM:BSPIM:state_0\
            + \SPIM:BSPIM:state_2\ * !\SPIM:BSPIM:mosi_from_dp\
            + !\SPIM:BSPIM:state_0\ * !\SPIM:BSPIM:mosi_from_dp\
        );
        Output = Net_30 (fanout=2)
        Properties               : 
        {
        }

    [McSlotId=1]:     MacroCell: Name=\SPIM:BSPIM:load_rx_data\, Mode=(Combinatorial) @ [UDB=(3,5)][LB=0][MC=1]
        Total # of inputs        : 5
        Total # of product terms : 1
            Clock Enable: True
        Main Equation            : 1 pterm
        (
              !\SPIM:BSPIM:count_4\ * !\SPIM:BSPIM:count_3\ * 
              !\SPIM:BSPIM:count_2\ * !\SPIM:BSPIM:count_1\ * 
              \SPIM:BSPIM:count_0\
        );
        Output = \SPIM:BSPIM:load_rx_data\ (fanout=2)
        Properties               : 
        {
        }

    [McSlotId=2]: (empty)
    [McSlotId=3]: (empty)
}

LAB@[UDB=(3,5)][LB=1] #macrocells=2, #inputs=5, #pterms=6
{
    [McSlotId=0]:     MacroCell: Name=Net_15, Mode=(D-Register) @ [UDB=(3,5)][LB=1][MC=0]
        Total # of inputs        : 4
        Total # of product terms : 4
        List of special equations: 
            Clock  = (Net_11) => Global
            Clock Enable: True
        Main Equation            : 4 pterms
        !(
              !Net_15 * !\SPIM:BSPIM:state_2\ * \SPIM:BSPIM:state_1\
            + !Net_15 * \SPIM:BSPIM:state_2\ * !\SPIM:BSPIM:state_1\ * 
              !\SPIM:BSPIM:state_0\
            + !Net_15 * \SPIM:BSPIM:state_1\ * \SPIM:BSPIM:state_0\
            + !\SPIM:BSPIM:state_2\ * !\SPIM:BSPIM:state_1\ * 
              \SPIM:BSPIM:state_0\
        );
        Output = Net_15 (fanout=2)
        Properties               : 
        {
        }

    [McSlotId=1]:     MacroCell: Name=Net_31, Mode=(D-Register) @ [UDB=(3,5)][LB=1][MC=1]
        Total # of inputs        : 4
        Total # of product terms : 2
        List of special equations: 
            Clock  = (Net_11) => Global
            Clock Enable: True
        Main Equation            : 2 pterms
        (
              !\SPIM:BSPIM:state_2\ * \SPIM:BSPIM:state_1\ * 
              \SPIM:BSPIM:state_0\
            + \SPIM:BSPIM:state_1\ * \SPIM:BSPIM:state_0\ * Net_31
        );
        Output = Net_31 (fanout=2)
        Properties               : 
        {
        }

    [McSlotId=2]: (empty)
    [McSlotId=3]: (empty)
}

datapathcell: Name =\SPIM:BSPIM:sR8:Dp:u0\
    PORT MAP (
        clock => Net_11 ,
        cs_addr_2 => \SPIM:BSPIM:state_2\ ,
        cs_addr_1 => \SPIM:BSPIM:state_1\ ,
        cs_addr_0 => \SPIM:BSPIM:state_0\ ,
        route_si => Net_13 ,
        f1_load => \SPIM:BSPIM:load_rx_data\ ,
        so_comb => \SPIM:BSPIM:mosi_from_dp\ ,
        f0_bus_stat_comb => \SPIM:BSPIM:tx_status_2\ ,
        f0_blk_stat_comb => \SPIM:BSPIM:tx_status_1\ ,
        f1_bus_stat_comb => \SPIM:BSPIM:rx_status_5\ ,
        f1_blk_stat_comb => \SPIM:BSPIM:rx_status_4\ );
    Properties:
    {
        a0_init = "00000000"
        a1_init = "00000000"
        ce0_sync = 1
        ce1_sync = 1
        cl0_sync = 1
        cl1_sync = 1
        cmsb_sync = 1
        co_msb_sync = 1
        cy_dpconfig = "0000000000000000000000001100000000000001010000000001000100010000000000011100000000010001000000000000000101000000000000010100000011111111000000001111111111111111000000000010001000001000111100000000000000000100"
        d0_init = "00000000"
        d1_init = "00000000"
        f0_blk_sync = 1
        f0_bus_sync = 1
        f1_blk_sync = 1
        f1_bus_sync = 1
        ff0_sync = 1
        ff1_sync = 1
        ov_msb_sync = 1
        so_sync = 1
        z0_sync = 1
        z1_sync = 1
    }
    Clock Polarity: Active High
    Clock Enable: True

count7cell: Name =\SPIM:BSPIM:BitCounter\
    PORT MAP (
        clock => Net_11 ,
        enable => \SPIM:BSPIM:cnt_enable\ ,
        count_6 => \SPIM:BSPIM:count_6\ ,
        count_5 => \SPIM:BSPIM:count_5\ ,
        count_4 => \SPIM:BSPIM:count_4\ ,
        count_3 => \SPIM:BSPIM:count_3\ ,
        count_2 => \SPIM:BSPIM:count_2\ ,
        count_1 => \SPIM:BSPIM:count_1\ ,
        count_0 => \SPIM:BSPIM:count_0\ ,
        tc => \SPIM:BSPIM:cnt_tc\ );
    Properties:
    {
        cy_alt_mode = 0
        cy_init_value = "0000000"
        cy_period = "0001111"
        cy_route_en = 1
        cy_route_ld = 0
    }
    Clock Polarity: Active High
    Clock Enable: True

Intr container @ [IntrContainer=(0)]: 
  Intr@ [IntrContainer=(0)][IntrId=(0)] 
    interrupt: Name =\USBUART:ep_1\
        PORT MAP (
            interrupt => \USBUART:ep_int_1\ );
        Properties:
        {
            int_type = "10"
        }
  Intr@ [IntrContainer=(0)][IntrId=(1)] 
    interrupt: Name =\USBUART:ep_2\
        PORT MAP (
            interrupt => \USBUART:ep_int_2\ );
        Properties:
        {
            int_type = "10"
        }
  Intr@ [IntrContainer=(0)][IntrId=(2)] 
    interrupt: Name =\USBUART:ep_3\
        PORT MAP (
            interrupt => \USBUART:ep_int_3\ );
        Properties:
        {
            int_type = "10"
        }
  Intr@ [IntrContainer=(0)][IntrId=(12)] 
    interrupt: Name =\USBUART:dp_int\
        PORT MAP (
            interrupt => \USBUART:Net_1010\ );
        Properties:
        {
            int_type = "10"
        }
  Intr@ [IntrContainer=(0)][IntrId=(21)] 
    interrupt: Name =\USBUART:sof_int\
        PORT MAP (
            interrupt => Net_89 );
        Properties:
        {
            int_type = "10"
        }
  Intr@ [IntrContainer=(0)][IntrId=(22)] 
    interrupt: Name =\USBUART:arb_int\
        PORT MAP (
            interrupt => \USBUART:Net_1889\ );
        Properties:
        {
            int_type = "10"
        }
  Intr@ [IntrContainer=(0)][IntrId=(23)] 
    interrupt: Name =\USBUART:bus_reset\
        PORT MAP (
            interrupt => \USBUART:Net_1876\ );
        Properties:
        {
            int_type = "10"
        }
  Intr@ [IntrContainer=(0)][IntrId=(24)] 
    interrupt: Name =\USBUART:ep_0\
        PORT MAP (
            interrupt => \USBUART:ep_int_0\ );
        Properties:
        {
            int_type = "10"
        }
Drq container @ [DrqContainer=(0)]: 
  Dma@ [DrqContainer=(0)][DrqId=(0)] 
    drqcell: Name =DMA_RX
        PORT MAP (
            dmareq => Net_137 ,
            termin => zero ,
            termout => Net_81 );
        Properties:
        {
            drq_type = "01"
            num_tds = 0
        }
  Dma@ [DrqContainer=(0)][DrqId=(1)] 
    drqcell: Name =DMA_TX
        PORT MAP (
            dmareq => Net_172 ,
            termin => zero ,
            termout => Net_85 );
        Properties:
        {
            drq_type = "01"
            num_tds = 0
        }
Port 0 contains the following IO cells:
[IoId=0]: 
Pin : Name = miso(0)
    Attributes:
        In Group/Port: True
        In Sync Option: NOSYNC
        Out Sync Option: AUTO
        Interrupt generated: False
        Interrupt mode: NONE
        Drive mode: HI_Z_DIGITAL
        VTrip: CMOS
        Slew: FAST
        Input Sync needed: False
        Output Sync needed: False
        SC shield enabled: False
        POR State: ANY
        LCD Mode: COMMON
        Register Mode: RegComb
        CaSense Mode: NEITHER
        Treat as pin: True
        Is OE Registered: False
        Uses Analog: False
        Can contain Digital: True
        Is SIO: False
        SIO Output Buf: NONREGULATED
        SIO Input Buf: SINGLE_ENDED
        SIO HiFreq: LOW
        SIO Hyst: DISABLED
        SIO Vtrip: MULTIPLIER_0_5
        SIO Multiplier Index: 0
        SIO RefSel: VCC_IO
        Required Capabilitites: DIGITAL, ROUTABLE
        Initial Value: 0
        IO Voltage: 0
    PORT MAP (
        pa_out => miso(0)__PA ,
        fb => Net_13 ,
        pad => miso(0)_PAD );
    Properties:
    {
    }

[IoId=1]: 
Pin : Name = mosi(0)
    Attributes:
        In Group/Port: True
        In Sync Option: AUTO
        Out Sync Option: NOSYNC
        Interrupt generated: False
        Interrupt mode: NONE
        Drive mode: CMOS_OUT
        VTrip: EITHER
        Slew: FAST
        Input Sync needed: False
        Output Sync needed: False
        SC shield enabled: False
        POR State: ANY
        LCD Mode: COMMON
        Register Mode: RegComb
        CaSense Mode: NEITHER
        Treat as pin: True
        Is OE Registered: False
        Uses Analog: False
        Can contain Digital: True
        Is SIO: False
        SIO Output Buf: NONREGULATED
        SIO Input Buf: SINGLE_ENDED
        SIO HiFreq: LOW
        SIO Hyst: DISABLED
        SIO Vtrip: MULTIPLIER_0_5
        SIO Multiplier Index: 0
        SIO RefSel: VCC_IO
        Required Capabilitites: DIGITAL, ROUTABLE
        Initial Value: 0
        IO Voltage: 0
    PORT MAP (
        pa_out => mosi(0)__PA ,
        input => Net_30 ,
        pad => mosi(0)_PAD );
    Properties:
    {
    }

[IoId=2]: 
Pin : Name = sclk(0)
    Attributes:
        In Group/Port: True
        In Sync Option: AUTO
        Out Sync Option: NOSYNC
        Interrupt generated: False
        Interrupt mode: NONE
        Drive mode: CMOS_OUT
        VTrip: EITHER
        Slew: FAST
        Input Sync needed: False
        Output Sync needed: False
        SC shield enabled: False
        POR State: ANY
        LCD Mode: COMMON
        Register Mode: RegComb
        CaSense Mode: NEITHER
        Treat as pin: True
        Is OE Registered: False
        Uses Analog: False
        Can contain Digital: True
        Is SIO: False
        SIO Output Buf: NONREGULATED
        SIO Input Buf: SINGLE_ENDED
        SIO HiFreq: LOW
        SIO Hyst: DISABLED
        SIO Vtrip: MULTIPLIER_0_5
        SIO Multiplier Index: 0
        SIO RefSel: VCC_IO
        Required Capabilitites: DIGITAL, ROUTABLE
        Initial Value: 0
        IO Voltage: 0
    PORT MAP (
        pa_out => sclk(0)__PA ,
        input => Net_31 ,
        pad => sclk(0)_PAD );
    Properties:
    {
    }

[IoId=3]: 
Pin : Name = ss(0)
    Attributes:
        In Group/Port: True
        In Sync Option: AUTO
        Out Sync Option: NOSYNC
        Interrupt generated: False
        Interrupt mode: NONE
        Drive mode: CMOS_OUT
        VTrip: EITHER
        Slew: FAST
        Input Sync needed: False
        Output Sync needed: False
        SC shield enabled: False
        POR State: ANY
        LCD Mode: COMMON
        Register Mode: RegComb
        CaSense Mode: NEITHER
        Treat as pin: True
        Is OE Registered: False
        Uses Analog: False
        Can contain Digital: True
        Is SIO: False
        SIO Output Buf: NONREGULATED
        SIO Input Buf: SINGLE_ENDED
        SIO HiFreq: LOW
        SIO Hyst: DISABLED
        SIO Vtrip: MULTIPLIER_0_5
        SIO Multiplier Index: 0
        SIO RefSel: VCC_IO
        Required Capabilitites: DIGITAL, ROUTABLE
        Initial Value: 0
        IO Voltage: 0
    PORT MAP (
        pa_out => ss(0)__PA ,
        input => Net_15 ,
        pad => ss(0)_PAD );
    Properties:
    {
    }

Port 1 is empty
Port 2 contains the following IO cells:
[IoId=0]: 
Pin : Name = \LCD:LCDPort(0)\
    Attributes:
        In Group/Port: True
        In Sync Option: AUTO
        Out Sync Option: NOSYNC
        Interrupt generated: False
        Interrupt mode: NONE
        Drive mode: CMOS_OUT
        VTrip: EITHER
        Slew: FAST
        Input Sync needed: False
        Output Sync needed: False
        SC shield enabled: False
        POR State: ANY
        LCD Mode: COMMON
        Register Mode: RegComb
        CaSense Mode: NEITHER
        Treat as pin: False
        Is OE Registered: False
        Uses Analog: False
        Can contain Digital: True
        Is SIO: False
        SIO Output Buf: NONREGULATED
        SIO Input Buf: SINGLE_ENDED
        SIO HiFreq: LOW
        SIO Hyst: DISABLED
        SIO Vtrip: MULTIPLIER_0_5
        SIO Multiplier Index: 0
        SIO RefSel: VCC_IO
        Required Capabilitites: DIGITAL
        Initial Value: 0
        IO Voltage: 0
    PORT MAP (
        pa_out => \LCD:LCDPort(0)\__PA ,
        pad => \LCD:LCDPort(0)_PAD\ );
    Properties:
    {
    }

[IoId=1]: 
Pin : Name = \LCD:LCDPort(1)\
    Attributes:
        In Group/Port: True
        In Sync Option: AUTO
        Out Sync Option: NOSYNC
        Interrupt generated: False
        Interrupt mode: NONE
        Drive mode: CMOS_OUT
        VTrip: EITHER
        Slew: FAST
        Input Sync needed: False
        Output Sync needed: False
        SC shield enabled: False
        POR State: ANY
        LCD Mode: COMMON
        Register Mode: RegComb
        CaSense Mode: NEITHER
        Treat as pin: False
        Is OE Registered: False
        Uses Analog: False
        Can contain Digital: True
        Is SIO: False
        SIO Output Buf: NONREGULATED
        SIO Input Buf: SINGLE_ENDED
        SIO HiFreq: LOW
        SIO Hyst: DISABLED
        SIO Vtrip: MULTIPLIER_0_5
        SIO Multiplier Index: 0
        SIO RefSel: VCC_IO
        Required Capabilitites: DIGITAL
        Initial Value: 0
        IO Voltage: 0
    PORT MAP (
        pa_out => \LCD:LCDPort(1)\__PA ,
        pad => \LCD:LCDPort(1)_PAD\ );
    Properties:
    {
    }

[IoId=2]: 
Pin : Name = \LCD:LCDPort(2)\
    Attributes:
        In Group/Port: True
        In Sync Option: AUTO
        Out Sync Option: NOSYNC
        Interrupt generated: False
        Interrupt mode: NONE
        Drive mode: CMOS_OUT
        VTrip: EITHER
        Slew: FAST
        Input Sync needed: False
        Output Sync needed: False
        SC shield enabled: False
        POR State: ANY
        LCD Mode: COMMON
        Register Mode: RegComb
        CaSense Mode: NEITHER
        Treat as pin: False
        Is OE Registered: False
        Uses Analog: False
        Can contain Digital: True
        Is SIO: False
        SIO Output Buf: NONREGULATED
        SIO Input Buf: SINGLE_ENDED
        SIO HiFreq: LOW
        SIO Hyst: DISABLED
        SIO Vtrip: MULTIPLIER_0_5
        SIO Multiplier Index: 0
        SIO RefSel: VCC_IO
        Required Capabilitites: DIGITAL
        Initial Value: 0
        IO Voltage: 0
    PORT MAP (
        pa_out => \LCD:LCDPort(2)\__PA ,
        pad => \LCD:LCDPort(2)_PAD\ );
    Properties:
    {
    }

[IoId=3]: 
Pin : Name = \LCD:LCDPort(3)\
    Attributes:
        In Group/Port: True
        In Sync Option: AUTO
        Out Sync Option: NOSYNC
        Interrupt generated: False
        Interrupt mode: NONE
        Drive mode: CMOS_OUT
        VTrip: EITHER
        Slew: FAST
        Input Sync needed: False
        Output Sync needed: False
        SC shield enabled: False
        POR State: ANY
        LCD Mode: COMMON
        Register Mode: RegComb
        CaSense Mode: NEITHER
        Treat as pin: False
        Is OE Registered: False
        Uses Analog: False
        Can contain Digital: True
        Is SIO: False
        SIO Output Buf: NONREGULATED
        SIO Input Buf: SINGLE_ENDED
        SIO HiFreq: LOW
        SIO Hyst: DISABLED
        SIO Vtrip: MULTIPLIER_0_5
        SIO Multiplier Index: 0
        SIO RefSel: VCC_IO
        Required Capabilitites: DIGITAL
        Initial Value: 0
        IO Voltage: 0
    PORT MAP (
        pa_out => \LCD:LCDPort(3)\__PA ,
        pad => \LCD:LCDPort(3)_PAD\ );
    Properties:
    {
    }

[IoId=4]: 
Pin : Name = \LCD:LCDPort(4)\
    Attributes:
        In Group/Port: True
        In Sync Option: AUTO
        Out Sync Option: NOSYNC
        Interrupt generated: False
        Interrupt mode: NONE
        Drive mode: CMOS_OUT
        VTrip: EITHER
        Slew: FAST
        Input Sync needed: False
        Output Sync needed: False
        SC shield enabled: False
        POR State: ANY
        LCD Mode: COMMON
        Register Mode: RegComb
        CaSense Mode: NEITHER
        Treat as pin: False
        Is OE Registered: False
        Uses Analog: False
        Can contain Digital: True
        Is SIO: False
        SIO Output Buf: NONREGULATED
        SIO Input Buf: SINGLE_ENDED
        SIO HiFreq: LOW
        SIO Hyst: DISABLED
        SIO Vtrip: MULTIPLIER_0_5
        SIO Multiplier Index: 0
        SIO RefSel: VCC_IO
        Required Capabilitites: DIGITAL
        Initial Value: 0
        IO Voltage: 0
    PORT MAP (
        pa_out => \LCD:LCDPort(4)\__PA ,
        pad => \LCD:LCDPort(4)_PAD\ );
    Properties:
    {
    }

[IoId=5]: 
Pin : Name = \LCD:LCDPort(5)\
    Attributes:
        In Group/Port: True
        In Sync Option: AUTO
        Out Sync Option: NOSYNC
        Interrupt generated: False
        Interrupt mode: NONE
        Drive mode: CMOS_OUT
        VTrip: EITHER
        Slew: FAST
        Input Sync needed: False
        Output Sync needed: False
        SC shield enabled: False
        POR State: ANY
        LCD Mode: COMMON
        Register Mode: RegComb
        CaSense Mode: NEITHER
        Treat as pin: False
        Is OE Registered: False
        Uses Analog: False
        Can contain Digital: True
        Is SIO: False
        SIO Output Buf: NONREGULATED
        SIO Input Buf: SINGLE_ENDED
        SIO HiFreq: LOW
        SIO Hyst: DISABLED
        SIO Vtrip: MULTIPLIER_0_5
        SIO Multiplier Index: 0
        SIO RefSel: VCC_IO
        Required Capabilitites: DIGITAL
        Initial Value: 0
        IO Voltage: 0
    PORT MAP (
        pa_out => \LCD:LCDPort(5)\__PA ,
        pad => \LCD:LCDPort(5)_PAD\ );
    Properties:
    {
    }

[IoId=6]: 
Pin : Name = \LCD:LCDPort(6)\
    Attributes:
        In Group/Port: True
        In Sync Option: AUTO
        Out Sync Option: NOSYNC
        Interrupt generated: False
        Interrupt mode: NONE
        Drive mode: CMOS_OUT
        VTrip: EITHER
        Slew: FAST
        Input Sync needed: False
        Output Sync needed: False
        SC shield enabled: False
        POR State: ANY
        LCD Mode: COMMON
        Register Mode: RegComb
        CaSense Mode: NEITHER
        Treat as pin: False
        Is OE Registered: False
        Uses Analog: False
        Can contain Digital: True
        Is SIO: False
        SIO Output Buf: NONREGULATED
        SIO Input Buf: SINGLE_ENDED
        SIO HiFreq: LOW
        SIO Hyst: DISABLED
        SIO Vtrip: MULTIPLIER_0_5
        SIO Multiplier Index: 0
        SIO RefSel: VCC_IO
        Required Capabilitites: DIGITAL
        Initial Value: 0
        IO Voltage: 0
    PORT MAP (
        pa_out => \LCD:LCDPort(6)\__PA ,
        pad => \LCD:LCDPort(6)_PAD\ );
    Properties:
    {
    }

Port 3 is empty
Port 12 is empty
Port 15 generates interrupt for logical port:
    logicalport: Name =\USBUART:Dp\
        PORT MAP (
            in_clock_en => one ,
            in_reset => zero ,
            out_clock_en => one ,
            out_reset => zero ,
            interrupt => \USBUART:Net_1010\ ,
            in_clock => ClockBlock_BUS_CLK );
        Properties:
        {
            drive_mode = "000"
            ibuf_enabled = "0"
            id = "beca5e2d-f70f-4900-a4db-7eca1ed3126e/618a72fc-5ddd-4df5-958f-a3d55102db42"
            init_dr_st = "1"
            input_buffer_sel = "00"
            input_clk_en = 0
            input_sync = "1"
            input_sync_mode = "0"
            intr_mode = "10"
            invert_in_clock = 0
            invert_in_clock_en = 0
            invert_in_reset = 0
            invert_out_clock = 0
            invert_out_clock_en = 0
            invert_out_reset = 0
            io_voltage = ""
            layout_mode = "CONTIGUOUS"
            oe_conn = "0"
            oe_reset = 0
            oe_sync = "0"
            output_clk_en = 0
            output_clock_mode = "0"
            output_conn = "0"
            output_mode = "0"
            output_reset = 0
            output_sync = "0"
            ovt_hyst_trim = "0"
            ovt_needed = "0"
            ovt_slew_control = "00"
            pa_in_clock = -1
            pa_in_clock_en = -1
            pa_in_reset = -1
            pa_out_clock = -1
            pa_out_clock_en = -1
            pa_out_reset = -1
            pin_aliases = ""
            pin_mode = "I"
            por_state = 4
            port_alias_group = ""
            port_alias_required = 0
            sio_group_cnt = 0
            sio_hifreq = "00000000"
            sio_hyst = "1"
            sio_ibuf = "00000000"
            sio_info = "00"
            sio_obuf = "00000000"
            sio_refsel = "00000000"
            sio_vohsel = "00000000"
            sio_vtrip = "00000000"
            slew_rate = "0"
            spanning = 0
            sw_only = 0
            use_annotation = "0"
            vtrip = "00"
            width = 1
        }
    and contains the following IO cells:
[IoId=6]: 
Pin : Name = \USBUART:Dp(0)\
    Attributes:
        In Group/Port: True
        In Sync Option: SYNC
        Out Sync Option: AUTO
        Interrupt generated: True
        Interrupt mode: FALLING
        Drive mode: HI_Z_ANALOG
        VTrip: CMOS
        Slew: FAST
        Input Sync needed: True
        Output Sync needed: False
        SC shield enabled: False
        POR State: ANY
        LCD Mode: COMMON
        Register Mode: RegComb
        CaSense Mode: NEITHER
        Treat as pin: False
        Is OE Registered: False
        Uses Analog: True
        Can contain Digital: True
        Is SIO: False
        SIO Output Buf: NONREGULATED
        SIO Input Buf: SINGLE_ENDED
        SIO HiFreq: LOW
        SIO Hyst: DISABLED
        SIO Vtrip: MULTIPLIER_0_5
        SIO Multiplier Index: 0
        SIO RefSel: VCC_IO
        Required Capabilitites: USB_D_PLUS
        Initial Value: 1
        IO Voltage: 0
    PORT MAP (
        pa_out => \USBUART:Dp(0)\__PA ,
        analog_term => \USBUART:Net_1000\ ,
        pad => \USBUART:Dp(0)_PAD\ );
    Properties:
    {
    }

[IoId=7]: 
Pin : Name = \USBUART:Dm(0)\
    Attributes:
        In Group/Port: True
        In Sync Option: AUTO
        Out Sync Option: AUTO
        Interrupt generated: False
        Interrupt mode: NONE
        Drive mode: HI_Z_ANALOG
        VTrip: EITHER
        Slew: FAST
        Input Sync needed: False
        Output Sync needed: False
        SC shield enabled: False
        POR State: ANY
        LCD Mode: COMMON
        Register Mode: RegComb
        CaSense Mode: NEITHER
        Treat as pin: True
        Is OE Registered: False
        Uses Analog: True
        Can contain Digital: False
        Is SIO: False
        SIO Output Buf: NONREGULATED
        SIO Input Buf: SINGLE_ENDED
        SIO HiFreq: LOW
        SIO Hyst: DISABLED
        SIO Vtrip: MULTIPLIER_0_5
        SIO Multiplier Index: 0
        SIO RefSel: VCC_IO
        Required Capabilitites: USB_D_MINUS
        Initial Value: 0
        IO Voltage: 0
    PORT MAP (
        pa_out => \USBUART:Dm(0)\__PA ,
        analog_term => \USBUART:Net_597\ ,
        pad => \USBUART:Dm(0)_PAD\ );
    Properties:
    {
    }

CAN 2.0b group 0: empty
Cache group 0: empty
CapSense group 0: empty
Clock group 0: 
    Clock Block @ F(Clock,0): 
    clockblockcell: Name =ClockBlock
        PORT MAP (
            imo => ClockBlock_IMO ,
            pllout => ClockBlock_PLL_OUT ,
            ilo => ClockBlock_ILO ,
            clk_100k => ClockBlock_100k ,
            clk_1k => ClockBlock_1k ,
            clk_32k => ClockBlock_32k ,
            xtal => ClockBlock_XTAL ,
            clk_32k_xtal => ClockBlock_XTAL 32kHz ,
            clk_sync => ClockBlock_MASTER_CLK ,
            clk_bus_glb => ClockBlock_BUS_CLK ,
            clk_bus => ClockBlock_BUS_CLK_local ,
            dclk_glb_0 => Net_11 ,
            dclk_0 => Net_11_local );
        Properties:
        {
        }
Comparator group 0: empty
Digital Filter Block group 0: empty
Delta-Sigma ADC group 0: empty
Decimator group 0: empty
EMIF group 0: empty
I2C group 0: empty
Segment LCD group 0: empty
LVD group 0: empty
PM group 0: empty
Analog (SC/CT) Blocks group 0: empty
SPC group 0: empty
Timer group 0: empty
USB group 0: 
    USB Block @ F(USB,0): 
    usbcell: Name =\USBUART:USB\
        PORT MAP (
            dp => \USBUART:Net_1000\ ,
            dm => \USBUART:Net_597\ ,
            sof_int => Net_89 ,
            arb_int => \USBUART:Net_1889\ ,
            usb_int => \USBUART:Net_1876\ ,
            ept_int_8 => \USBUART:ep_int_8\ ,
            ept_int_7 => \USBUART:ep_int_7\ ,
            ept_int_6 => \USBUART:ep_int_6\ ,
            ept_int_5 => \USBUART:ep_int_5\ ,
            ept_int_4 => \USBUART:ep_int_4\ ,
            ept_int_3 => \USBUART:ep_int_3\ ,
            ept_int_2 => \USBUART:ep_int_2\ ,
            ept_int_1 => \USBUART:ep_int_1\ ,
            ept_int_0 => \USBUART:ep_int_0\ ,
            ord_int => \USBUART:Net_95\ ,
            dma_req_7 => \USBUART:dma_request_7\ ,
            dma_req_6 => \USBUART:dma_request_6\ ,
            dma_req_5 => \USBUART:dma_request_5\ ,
            dma_req_4 => \USBUART:dma_request_4\ ,
            dma_req_3 => \USBUART:dma_request_3\ ,
            dma_req_2 => \USBUART:dma_request_2\ ,
            dma_req_1 => \USBUART:dma_request_1\ ,
            dma_req_0 => \USBUART:dma_request_0\ ,
            dma_termin => \USBUART:dma_terminate\ );
        Properties:
        {
            cy_registers = ""
        }
VIDAC group 0: empty
Opamp group 0: empty
CapSense Buffers group 0: empty
Vref group 0: empty
LPF group 0: empty
SAR ADC group 0: empty
</CYPRESSTAG>
<CYPRESSTAG name="Port Configuration Details">

------------------------------------------------------------
Port Configuration report
------------------------------------------------------------
     |     |       | Interrupt |                  |                  | 
Port | Pin | Fixed |      Type |       Drive Mode |             Name | Connections
-----+-----+-------+-----------+------------------+------------------+---------------------------
   0 |   0 |     * |      NONE |     HI_Z_DIGITAL |          miso(0) | FB(Net_13)
     |   1 |     * |      NONE |         CMOS_OUT |          mosi(0) | In(Net_30)
     |   2 |     * |      NONE |         CMOS_OUT |          sclk(0) | In(Net_31)
     |   3 |     * |      NONE |         CMOS_OUT |            ss(0) | In(Net_15)
-----+-----+-------+-----------+------------------+------------------+---------------------------
   2 |   0 |     * |      NONE |         CMOS_OUT | \LCD:LCDPort(0)\ | 
     |   1 |     * |      NONE |         CMOS_OUT | \LCD:LCDPort(1)\ | 
     |   2 |     * |      NONE |         CMOS_OUT | \LCD:LCDPort(2)\ | 
     |   3 |     * |      NONE |         CMOS_OUT | \LCD:LCDPort(3)\ | 
     |   4 |     * |      NONE |         CMOS_OUT | \LCD:LCDPort(4)\ | 
     |   5 |     * |      NONE |         CMOS_OUT | \LCD:LCDPort(5)\ | 
     |   6 |     * |      NONE |         CMOS_OUT | \LCD:LCDPort(6)\ | 
-----+-----+-------+-----------+------------------+------------------+---------------------------
  15 |   6 |     * |   FALLING |      HI_Z_ANALOG |  \USBUART:Dp(0)\ | Analog(\USBUART:Net_1000\)
     |   7 |     * |      NONE |      HI_Z_ANALOG |  \USBUART:Dm(0)\ | Analog(\USBUART:Net_597\)
-------------------------------------------------------------------------------------------------
</CYPRESSTAG>
</CYPRESSTAG>
</CYPRESSTAG>
Digital component placer commit/Report: Elapsed time ==> 0s.001ms
Digital Placement phase: Elapsed time ==> 1s.440ms
</CYPRESSTAG>
<CYPRESSTAG name="Digital Routing">
Routing successful.
Digital Routing phase: Elapsed time ==> 1s.930ms
</CYPRESSTAG>
<CYPRESSTAG name="Bitstream and API generation">
Bitstream and API generation phase: Elapsed time ==> 0s.301ms
</CYPRESSTAG>
<CYPRESSTAG name="Bitstream verification">
Bitstream verification phase: Elapsed time ==> 0s.044ms
</CYPRESSTAG>
<CYPRESSTAG name="Static timing analysis">
Timing report is in PSoC5_SPI_Master_timing.html.
Static timing analysis phase: Elapsed time ==> 0s.661ms
</CYPRESSTAG>
<CYPRESSTAG name="Data reporting">
Data reporting phase: Elapsed time ==> 0s.000ms
</CYPRESSTAG>
<CYPRESSTAG name="Database update...">
Design database save phase: Elapsed time ==> 0s.357ms
</CYPRESSTAG>
cydsfit: Elapsed time ==> 5s.756ms
</CYPRESSTAG>
Fitter phase: Elapsed time ==> 5s.814ms
API generation phase: Elapsed time ==> 5s.708ms
Dependency generation phase: Elapsed time ==> 0s.028ms
Cleanup phase: Elapsed time ==> 0s.001ms
