ARM GAS  C:\Users\LUKASC~1\AppData\Local\Temp\cco7HWdB.s 			page 1


   1              		.syntax unified
   2              		.cpu cortex-m3
   3              		.fpu softvfp
   4              		.eabi_attribute 20, 1
   5              		.eabi_attribute 21, 1
   6              		.eabi_attribute 23, 3
   7              		.eabi_attribute 24, 1
   8              		.eabi_attribute 25, 1
   9              		.eabi_attribute 26, 1
  10              		.eabi_attribute 30, 6
  11              		.eabi_attribute 34, 1
  12              		.eabi_attribute 18, 4
  13              		.thumb
  14              		.file	"main.c"
  15              		.text
  16              	.Ltext0:
  17              		.cfi_sections	.debug_frame
  18              		.global _printf_float
  19              		.thumb
  20              		.global	parity
  21              		.section	.rodata
  22              		.align	2
  23              	.LC0:
  24 0000 4E6F6E65 		.ascii	"None\000"
  24      00
  25 0005 000000   		.align	2
  26              	.LC1:
  27 0008 4F646400 		.ascii	"Odd\000"
  28              		.align	2
  29              	.LC2:
  30 000c 4576656E 		.ascii	"Even\000"
  30      00
  31 0011 000000   		.align	2
  32              	.LC3:
  33 0014 4D61726B 		.ascii	"Mark\000"
  33      00
  34 0019 000000   		.align	2
  35              	.LC4:
  36 001c 53706163 		.ascii	"Space\000"
  36      6500
  37              		.data
  38              		.align	2
  39              		.type	parity, %object
  40              		.size	parity, 20
  41              	parity:
  42 0000 00000000 		.word	.LC0
  43 0004 08000000 		.word	.LC1
  44 0008 0C000000 		.word	.LC2
  45 000c 14000000 		.word	.LC3
  46 0010 1C000000 		.word	.LC4
  47              		.global	stop
  48              		.section	.rodata
  49 0022 0000     		.align	2
  50              	.LC5:
  51 0024 3100     		.ascii	"1\000"
  52 0026 0000     		.align	2
  53              	.LC6:
ARM GAS  C:\Users\LUKASC~1\AppData\Local\Temp\cco7HWdB.s 			page 2


  54 0028 312E3500 		.ascii	"1.5\000"
  55              		.align	2
  56              	.LC7:
  57 002c 3200     		.ascii	"2\000"
  58              		.data
  59              		.align	2
  60              		.type	stop, %object
  61              		.size	stop, 12
  62              	stop:
  63 0014 24000000 		.word	.LC5
  64 0018 28000000 		.word	.LC6
  65 001c 2C000000 		.word	.LC7
  66              		.section	.rodata
  67 002e 0000     		.align	2
  68              	.LC8:
  69 0030 42523A25 		.ascii	"BR:%4ld %d%c%s\000"
  69      346C6420 
  69      25642563 
  69      257300
  70 003f 00       		.align	2
  71              	.LC9:
  72 0040 20202020 		.ascii	"                    \000"
  72      20202020 
  72      20202020 
  72      20202020 
  72      20202020 
  73 0055 000000   		.align	2
  74              	.LC10:
  75 0058 4F4E00   		.ascii	"ON\000"
  76 005b 00       		.align	2
  77              	.LC11:
  78 005c 4F464600 		.ascii	"OFF\000"
  79              		.align	2
  80              	.LC12:
  81 0060 4454523A 		.ascii	"DTR:%s,RTS:%s\000"
  81      25732C52 
  81      54533A25 
  81      7300
  82 006e 0000     		.section	.text.main,"ax",%progbits
  83              		.align	2
  84              		.global	main
  85              		.thumb
  86              		.thumb_func
  87              		.type	main, %function
  88              	main:
  89              	.LFB63:
  90              		.file 1 ".\\main.c"
   1:.\main.c      **** /*******************************************************************************
   2:.\main.c      **** * File Name: main.c
   3:.\main.c      **** *
   4:.\main.c      **** * Version: 2.0
   5:.\main.c      **** *
   6:.\main.c      **** * Description:
   7:.\main.c      **** *   The component is enumerated as a Virtual Com port. Receives data from the 
   8:.\main.c      **** *   hyper terminal, then sends back the received data.
   9:.\main.c      **** *   For PSoC3/PSoC5LP, the LCD shows the line settings.
  10:.\main.c      **** *
ARM GAS  C:\Users\LUKASC~1\AppData\Local\Temp\cco7HWdB.s 			page 3


  11:.\main.c      **** * Related Document:
  12:.\main.c      **** *  Universal Serial Bus Specification Revision 2.0
  13:.\main.c      **** *  Universal Serial Bus Class Definitions for Communications Devices
  14:.\main.c      **** *  Revision 1.2
  15:.\main.c      **** *
  16:.\main.c      **** ********************************************************************************
  17:.\main.c      **** * Copyright 2015, Cypress Semiconductor Corporation. All rights reserved.
  18:.\main.c      **** * This software is owned by Cypress Semiconductor Corporation and is protected
  19:.\main.c      **** * by and subject to worldwide patent and copyright laws and treaties.
  20:.\main.c      **** * Therefore, you may use this software only as provided in the license agreement
  21:.\main.c      **** * accompanying the software package from which you obtained this software.
  22:.\main.c      **** * CYPRESS AND ITS SUPPLIERS MAKE NO WARRANTY OF ANY KIND, EXPRESS OR IMPLIED,
  23:.\main.c      **** * WITH REGARD TO THIS SOFTWARE, INCLUDING, BUT NOT LIMITED TO, NONINFRINGEMENT,
  24:.\main.c      **** * IMPLIED WARRANTIES OF MERCHANTABILITY AND FITNESS FOR A PARTICULAR PURPOSE.
  25:.\main.c      **** *******************************************************************************/
  26:.\main.c      **** 
  27:.\main.c      **** #include <project.h>
  28:.\main.c      **** #include "stdio.h"
  29:.\main.c      **** 
  30:.\main.c      **** #if defined (__GNUC__)
  31:.\main.c      ****     /* Add an explicit reference to the floating point printf library */
  32:.\main.c      ****     /* to allow usage of the floating point conversion specifiers. */
  33:.\main.c      ****     /* This is not linked in by default with the newlib-nano library. */
  34:.\main.c      ****     asm (".global _printf_float");
  35:.\main.c      **** #endif
  36:.\main.c      **** 
  37:.\main.c      **** #define USBFS_DEVICE    (0u)
  38:.\main.c      **** 
  39:.\main.c      **** /* The buffer size is equal to the maximum packet size of the IN and OUT bulk
  40:.\main.c      **** * endpoints.
  41:.\main.c      **** */
  42:.\main.c      **** #define USBUART_BUFFER_SIZE (64u)
  43:.\main.c      **** #define LINE_STR_LENGTH     (20u)
  44:.\main.c      **** 
  45:.\main.c      **** char8* parity[] = {"None", "Odd", "Even", "Mark", "Space"};
  46:.\main.c      **** char8* stop[]   = {"1", "1.5", "2"};
  47:.\main.c      **** 
  48:.\main.c      **** 
  49:.\main.c      **** /*******************************************************************************
  50:.\main.c      **** * Function Name: main
  51:.\main.c      **** ********************************************************************************
  52:.\main.c      **** *
  53:.\main.c      **** * Summary:
  54:.\main.c      **** *  The main function performs the following actions:
  55:.\main.c      **** *   1. Waits until VBUS becomes valid and starts the USBFS component which is
  56:.\main.c      **** *      enumerated as virtual Com port.
  57:.\main.c      **** *   2. Waits until the device is enumerated by the host.
  58:.\main.c      **** *   3. Waits for data coming from the hyper terminal and sends it back.
  59:.\main.c      **** *   4. PSoC3/PSoC5LP: the LCD shows the line settings.
  60:.\main.c      **** *
  61:.\main.c      **** * Parameters:
  62:.\main.c      **** *  None.
  63:.\main.c      **** *
  64:.\main.c      **** * Return:
  65:.\main.c      **** *  None.
  66:.\main.c      **** *
  67:.\main.c      **** *******************************************************************************/
ARM GAS  C:\Users\LUKASC~1\AppData\Local\Temp\cco7HWdB.s 			page 4


  68:.\main.c      **** int main()
  69:.\main.c      **** {
  91              		.loc 1 69 0
  92              		.cfi_startproc
  93              		@ args = 0, pretend = 0, frame = 88
  94              		@ frame_needed = 1, uses_anonymous_args = 0
  95 0000 F0B5     		push	{r4, r5, r6, r7, lr}
  96              		.cfi_def_cfa_offset 20
  97              		.cfi_offset 4, -20
  98              		.cfi_offset 5, -16
  99              		.cfi_offset 6, -12
 100              		.cfi_offset 7, -8
 101              		.cfi_offset 14, -4
 102 0002 99B0     		sub	sp, sp, #100
 103              		.cfi_def_cfa_offset 120
 104 0004 02AF     		add	r7, sp, #8
 105              		.cfi_def_cfa 7, 112
  70:.\main.c      ****     uint16 count;
  71:.\main.c      ****     uint8 buffer[USBUART_BUFFER_SIZE];
  72:.\main.c      ****     
  73:.\main.c      **** #if (CY_PSOC3 || CY_PSOC5LP)
  74:.\main.c      ****     uint8 state;
  75:.\main.c      ****     char8 lineStr[LINE_STR_LENGTH];
  76:.\main.c      ****     
  77:.\main.c      ****     LCD_Start();
 106              		.loc 1 77 0
 107 0006 FFF7FEFF 		bl	LCD_Start
  78:.\main.c      **** #endif /* (CY_PSOC3 || CY_PSOC5LP) */
  79:.\main.c      ****     
  80:.\main.c      ****     CyGlobalIntEnable;
 108              		.loc 1 80 0
 109              	@ 80 ".\main.c" 1
 110 000a 62B6     		CPSIE   i
 111              	@ 0 "" 2
  81:.\main.c      **** 
  82:.\main.c      ****     /* Start USBFS operation with 5-V operation. */
  83:.\main.c      ****     USBUART_Start(USBFS_DEVICE, USBUART_5V_OPERATION);
 112              		.loc 1 83 0
 113              		.thumb
 114 000c 0020     		movs	r0, #0
 115 000e 0121     		movs	r1, #1
 116 0010 FFF7FEFF 		bl	USBUART_Start
 117              	.L12:
  84:.\main.c      ****     
  85:.\main.c      ****     for(;;)
  86:.\main.c      ****     {
  87:.\main.c      ****         /* Host can send double SET_INTERFACE request. */
  88:.\main.c      ****         if (0u != USBUART_IsConfigurationChanged())
 118              		.loc 1 88 0
 119 0014 FFF7FEFF 		bl	USBUART_IsConfigurationChanged
 120 0018 0346     		mov	r3, r0
 121 001a 002B     		cmp	r3, #0
 122 001c 06D0     		beq	.L2
  89:.\main.c      ****         {
  90:.\main.c      ****             /* Initialize IN endpoints when device is configured. */
  91:.\main.c      ****             if (0u != USBUART_GetConfiguration())
 123              		.loc 1 91 0
ARM GAS  C:\Users\LUKASC~1\AppData\Local\Temp\cco7HWdB.s 			page 5


 124 001e FFF7FEFF 		bl	USBUART_GetConfiguration
 125 0022 0346     		mov	r3, r0
 126 0024 002B     		cmp	r3, #0
 127 0026 01D0     		beq	.L2
  92:.\main.c      ****             {
  93:.\main.c      ****                 /* Enumeration is done, enable OUT endpoint to receive data 
  94:.\main.c      ****                  * from host. */
  95:.\main.c      ****                 USBUART_CDC_Init();
 128              		.loc 1 95 0
 129 0028 FFF7FEFF 		bl	USBUART_CDC_Init
 130              	.L2:
  96:.\main.c      ****             }
  97:.\main.c      ****         }
  98:.\main.c      **** 
  99:.\main.c      ****         /* Service USB CDC when device is configured. */
 100:.\main.c      ****         if (0u != USBUART_GetConfiguration())
 131              		.loc 1 100 0
 132 002c FFF7FEFF 		bl	USBUART_GetConfiguration
 133 0030 0346     		mov	r3, r0
 134 0032 002B     		cmp	r3, #0
 135 0034 00F09C80 		beq	.L3
 101:.\main.c      ****         {
 102:.\main.c      ****             /* Check for input data from host. */
 103:.\main.c      ****             if (0u != USBUART_DataIsReady())
 136              		.loc 1 103 0
 137 0038 FFF7FEFF 		bl	USBUART_DataIsReady
 138 003c 0346     		mov	r3, r0
 139 003e 002B     		cmp	r3, #0
 140 0040 27D0     		beq	.L4
 104:.\main.c      ****             {
 105:.\main.c      ****                 /* Read received data and re-enable OUT endpoint. */
 106:.\main.c      ****                 count = USBUART_GetAll(buffer);
 141              		.loc 1 106 0
 142 0042 07F11403 		add	r3, r7, #20
 143 0046 1846     		mov	r0, r3
 144 0048 FFF7FEFF 		bl	USBUART_GetAll
 145 004c 0346     		mov	r3, r0
 146 004e A7F85430 		strh	r3, [r7, #84]	@ movhi
 107:.\main.c      **** 
 108:.\main.c      ****                 if (0u != count)
 147              		.loc 1 108 0
 148 0052 B7F85430 		ldrh	r3, [r7, #84]
 149 0056 002B     		cmp	r3, #0
 150 0058 1BD0     		beq	.L4
 109:.\main.c      ****                 {
 110:.\main.c      ****                     /* Wait until component is ready to send data to host. */
 111:.\main.c      ****                     while (0u == USBUART_CDCIsReady())
 151              		.loc 1 111 0
 152 005a 00BF     		nop
 153              	.L5:
 154              		.loc 1 111 0 is_stmt 0 discriminator 1
 155 005c FFF7FEFF 		bl	USBUART_CDCIsReady
 156 0060 0346     		mov	r3, r0
 157 0062 002B     		cmp	r3, #0
 158 0064 FAD0     		beq	.L5
 112:.\main.c      ****                     {
 113:.\main.c      ****                     }
ARM GAS  C:\Users\LUKASC~1\AppData\Local\Temp\cco7HWdB.s 			page 6


 114:.\main.c      **** 
 115:.\main.c      ****                     /* Send data back to host. */
 116:.\main.c      ****                     USBUART_PutData(buffer, count);
 159              		.loc 1 116 0 is_stmt 1
 160 0066 07F11402 		add	r2, r7, #20
 161 006a B7F85430 		ldrh	r3, [r7, #84]
 162 006e 1046     		mov	r0, r2
 163 0070 1946     		mov	r1, r3
 164 0072 FFF7FEFF 		bl	USBUART_PutData
 117:.\main.c      **** 
 118:.\main.c      ****                     /* If the last sent packet is exactly the maximum packet 
 119:.\main.c      ****                     *  size, it is followed by a zero-length packet to assure
 120:.\main.c      ****                     *  that the end of the segment is properly identified by 
 121:.\main.c      ****                     *  the terminal.
 122:.\main.c      ****                     */
 123:.\main.c      ****                     if (USBUART_BUFFER_SIZE == count)
 165              		.loc 1 123 0
 166 0076 B7F85430 		ldrh	r3, [r7, #84]
 167 007a 402B     		cmp	r3, #64
 168 007c 09D1     		bne	.L4
 124:.\main.c      ****                     {
 125:.\main.c      ****                         /* Wait until component is ready to send data to PC. */
 126:.\main.c      ****                         while (0u == USBUART_CDCIsReady())
 169              		.loc 1 126 0
 170 007e 00BF     		nop
 171              	.L6:
 172              		.loc 1 126 0 is_stmt 0 discriminator 1
 173 0080 FFF7FEFF 		bl	USBUART_CDCIsReady
 174 0084 0346     		mov	r3, r0
 175 0086 002B     		cmp	r3, #0
 176 0088 FAD0     		beq	.L6
 127:.\main.c      ****                         {
 128:.\main.c      ****                         }
 129:.\main.c      **** 
 130:.\main.c      ****                         /* Send zero-length packet to PC. */
 131:.\main.c      ****                         USBUART_PutData(NULL, 0u);
 177              		.loc 1 131 0 is_stmt 1
 178 008a 0020     		movs	r0, #0
 179 008c 0021     		movs	r1, #0
 180 008e FFF7FEFF 		bl	USBUART_PutData
 181              	.L4:
 132:.\main.c      ****                     }
 133:.\main.c      ****                 }
 134:.\main.c      ****             }
 135:.\main.c      **** 
 136:.\main.c      **** 
 137:.\main.c      ****         #if (CY_PSOC3 || CY_PSOC5LP)
 138:.\main.c      ****             /* Check for Line settings change. */
 139:.\main.c      ****             state = USBUART_IsLineChanged();
 182              		.loc 1 139 0
 183 0092 FFF7FEFF 		bl	USBUART_IsLineChanged
 184 0096 0346     		mov	r3, r0
 185 0098 87F85730 		strb	r3, [r7, #87]
 140:.\main.c      ****             if (0u != state)
 186              		.loc 1 140 0
 187 009c 97F85730 		ldrb	r3, [r7, #87]	@ zero_extendqisi2
 188 00a0 002B     		cmp	r3, #0
ARM GAS  C:\Users\LUKASC~1\AppData\Local\Temp\cco7HWdB.s 			page 7


 189 00a2 65D0     		beq	.L3
 141:.\main.c      ****             {
 142:.\main.c      ****                 /* Output on LCD Line Coding settings. */
 143:.\main.c      ****                 if (0u != (state & USBUART_LINE_CODING_CHANGED))
 190              		.loc 1 143 0
 191 00a4 97F85730 		ldrb	r3, [r7, #87]	@ zero_extendqisi2
 192 00a8 03F00103 		and	r3, r3, #1
 193 00ac 002B     		cmp	r3, #0
 194 00ae 2ED0     		beq	.L7
 144:.\main.c      ****                 {                  
 145:.\main.c      ****                     /* Get string to output. */
 146:.\main.c      ****                     sprintf(lineStr,"BR:%4ld %d%c%s", USBUART_GetDTERate(),\
 195              		.loc 1 146 0
 196 00b0 FFF7FEFF 		bl	USBUART_GetDTERate
 197 00b4 0646     		mov	r6, r0
 147:.\main.c      ****                                    (uint16) USBUART_GetDataBits(),\
 198              		.loc 1 147 0
 199 00b6 FFF7FEFF 		bl	USBUART_GetDataBits
 200 00ba 0346     		mov	r3, r0
 146:.\main.c      ****                                    (uint16) USBUART_GetDataBits(),\
 201              		.loc 1 146 0
 202 00bc 1D46     		mov	r5, r3
 148:.\main.c      ****                                    parity[(uint16) USBUART_GetParityType()][0],\
 203              		.loc 1 148 0
 204 00be FFF7FEFF 		bl	USBUART_GetParityType
 205 00c2 0346     		mov	r3, r0
 206 00c4 1A46     		mov	r2, r3
 207 00c6 2B4B     		ldr	r3, .L13
 208 00c8 53F82230 		ldr	r3, [r3, r2, lsl #2]
 209 00cc 1B78     		ldrb	r3, [r3]	@ zero_extendqisi2
 146:.\main.c      ****                                    (uint16) USBUART_GetDataBits(),\
 210              		.loc 1 146 0
 211 00ce 1C46     		mov	r4, r3
 149:.\main.c      ****                                    stop[(uint16) USBUART_GetCharFormat()]);
 212              		.loc 1 149 0
 213 00d0 FFF7FEFF 		bl	USBUART_GetCharFormat
 214 00d4 0346     		mov	r3, r0
 146:.\main.c      ****                                    (uint16) USBUART_GetDataBits(),\
 215              		.loc 1 146 0
 216 00d6 1A46     		mov	r2, r3
 217 00d8 274B     		ldr	r3, .L13+4
 218 00da 53F82230 		ldr	r3, [r3, r2, lsl #2]
 219 00de 3A46     		mov	r2, r7
 220 00e0 0094     		str	r4, [sp]
 221 00e2 0193     		str	r3, [sp, #4]
 222 00e4 1046     		mov	r0, r2
 223 00e6 2549     		ldr	r1, .L13+8
 224 00e8 3246     		mov	r2, r6
 225 00ea 2B46     		mov	r3, r5
 226 00ec FFF7FEFF 		bl	sprintf
 150:.\main.c      **** 
 151:.\main.c      ****                     /* Clear LCD line. */
 152:.\main.c      ****                     LCD_Position(0u, 0u);
 227              		.loc 1 152 0
 228 00f0 0020     		movs	r0, #0
 229 00f2 0021     		movs	r1, #0
 230 00f4 FFF7FEFF 		bl	LCD_Position
ARM GAS  C:\Users\LUKASC~1\AppData\Local\Temp\cco7HWdB.s 			page 8


 153:.\main.c      ****                     LCD_PrintString("                    ");
 231              		.loc 1 153 0
 232 00f8 2148     		ldr	r0, .L13+12
 233 00fa FFF7FEFF 		bl	LCD_PrintString
 154:.\main.c      **** 
 155:.\main.c      ****                     /* Output string on LCD. */
 156:.\main.c      ****                     LCD_Position(0u, 0u);
 234              		.loc 1 156 0
 235 00fe 0020     		movs	r0, #0
 236 0100 0021     		movs	r1, #0
 237 0102 FFF7FEFF 		bl	LCD_Position
 157:.\main.c      ****                     LCD_PrintString(lineStr);
 238              		.loc 1 157 0
 239 0106 3B46     		mov	r3, r7
 240 0108 1846     		mov	r0, r3
 241 010a FFF7FEFF 		bl	LCD_PrintString
 242              	.L7:
 158:.\main.c      ****                 }
 159:.\main.c      **** 
 160:.\main.c      ****                 /* Output on LCD Line Control settings. */
 161:.\main.c      ****                 if (0u != (state & USBUART_LINE_CONTROL_CHANGED))
 243              		.loc 1 161 0
 244 010e 97F85730 		ldrb	r3, [r7, #87]	@ zero_extendqisi2
 245 0112 03F00203 		and	r3, r3, #2
 246 0116 002B     		cmp	r3, #0
 247 0118 2AD0     		beq	.L3
 162:.\main.c      ****                 {                   
 163:.\main.c      ****                     /* Get string to output. */
 164:.\main.c      ****                     state = USBUART_GetLineControl();
 248              		.loc 1 164 0
 249 011a FFF7FEFF 		bl	USBUART_GetLineControl
 250 011e 0346     		mov	r3, r0
 251 0120 87F85730 		strb	r3, [r7, #87]
 165:.\main.c      ****                     sprintf(lineStr,"DTR:%s,RTS:%s",  (0u != (state & USBUART_LINE_CONTROL_DTR)) ? 
 252              		.loc 1 165 0
 253 0124 97F85730 		ldrb	r3, [r7, #87]	@ zero_extendqisi2
 254 0128 03F00103 		and	r3, r3, #1
 255 012c 002B     		cmp	r3, #0
 256 012e 01D0     		beq	.L8
 257              		.loc 1 165 0 is_stmt 0 discriminator 1
 258 0130 144A     		ldr	r2, .L13+16
 259 0132 00E0     		b	.L9
 260              	.L8:
 261              		.loc 1 165 0 discriminator 2
 262 0134 144A     		ldr	r2, .L13+20
 263              	.L9:
 166:.\main.c      ****                                                       (0u != (state & USBUART_LINE_CONTROL_RTS)) ? 
 264              		.loc 1 166 0 is_stmt 1 discriminator 4
 265 0136 97F85730 		ldrb	r3, [r7, #87]	@ zero_extendqisi2
 266 013a 03F00203 		and	r3, r3, #2
 165:.\main.c      ****                     sprintf(lineStr,"DTR:%s,RTS:%s",  (0u != (state & USBUART_LINE_CONTROL_DTR)) ? 
 267              		.loc 1 165 0 discriminator 4
 268 013e 002B     		cmp	r3, #0
 269 0140 01D0     		beq	.L10
 165:.\main.c      ****                     sprintf(lineStr,"DTR:%s,RTS:%s",  (0u != (state & USBUART_LINE_CONTROL_DTR)) ? 
 270              		.loc 1 165 0 is_stmt 0 discriminator 5
 271 0142 104B     		ldr	r3, .L13+16
ARM GAS  C:\Users\LUKASC~1\AppData\Local\Temp\cco7HWdB.s 			page 9


 272 0144 00E0     		b	.L11
 273              	.L10:
 165:.\main.c      ****                     sprintf(lineStr,"DTR:%s,RTS:%s",  (0u != (state & USBUART_LINE_CONTROL_DTR)) ? 
 274              		.loc 1 165 0 discriminator 6
 275 0146 104B     		ldr	r3, .L13+20
 276              	.L11:
 165:.\main.c      ****                     sprintf(lineStr,"DTR:%s,RTS:%s",  (0u != (state & USBUART_LINE_CONTROL_DTR)) ? 
 277              		.loc 1 165 0 discriminator 8
 278 0148 3946     		mov	r1, r7
 279 014a 0846     		mov	r0, r1
 280 014c 0F49     		ldr	r1, .L13+24
 281 014e FFF7FEFF 		bl	sprintf
 167:.\main.c      **** 
 168:.\main.c      ****                     /* Clear LCD line. */
 169:.\main.c      ****                     LCD_Position(1u, 0u);
 282              		.loc 1 169 0 is_stmt 1 discriminator 8
 283 0152 0120     		movs	r0, #1
 284 0154 0021     		movs	r1, #0
 285 0156 FFF7FEFF 		bl	LCD_Position
 170:.\main.c      ****                     LCD_PrintString("                    ");
 286              		.loc 1 170 0 discriminator 8
 287 015a 0948     		ldr	r0, .L13+12
 288 015c FFF7FEFF 		bl	LCD_PrintString
 171:.\main.c      **** 
 172:.\main.c      ****                     /* Output string on LCD. */
 173:.\main.c      ****                     LCD_Position(1u, 0u);
 289              		.loc 1 173 0 discriminator 8
 290 0160 0120     		movs	r0, #1
 291 0162 0021     		movs	r1, #0
 292 0164 FFF7FEFF 		bl	LCD_Position
 174:.\main.c      ****                     LCD_PrintString(lineStr);
 293              		.loc 1 174 0 discriminator 8
 294 0168 3B46     		mov	r3, r7
 295 016a 1846     		mov	r0, r3
 296 016c FFF7FEFF 		bl	LCD_PrintString
 297              	.L3:
 175:.\main.c      ****                 }
 176:.\main.c      ****             }
 177:.\main.c      ****         #endif /* (CY_PSOC3 || CY_PSOC5LP) */
 178:.\main.c      ****         }
 179:.\main.c      ****     }
 298              		.loc 1 179 0
 299 0170 50E7     		b	.L12
 300              	.L14:
 301 0172 00BF     		.align	2
 302              	.L13:
 303 0174 00000000 		.word	parity
 304 0178 00000000 		.word	stop
 305 017c 30000000 		.word	.LC8
 306 0180 40000000 		.word	.LC9
 307 0184 58000000 		.word	.LC10
 308 0188 5C000000 		.word	.LC11
 309 018c 60000000 		.word	.LC12
 310              		.cfi_endproc
 311              	.LFE63:
 312              		.size	main, .-main
 313              		.text
ARM GAS  C:\Users\LUKASC~1\AppData\Local\Temp\cco7HWdB.s 			page 10


 314              	.Letext0:
 315              		.file 2 "c:\\program files (x86)\\cypress\\psoc creator\\3.3\\psoc creator\\import\\gnu\\arm\\4.9.
 316              		.file 3 "c:\\program files (x86)\\cypress\\psoc creator\\3.3\\psoc creator\\import\\gnu\\arm\\4.9.
 317              		.file 4 "Generated_Source\\PSoC5/cytypes.h"
 318              		.file 5 "Generated_Source\\PSoC5/core_cm3.h"
 319              		.section	.debug_info,"",%progbits
 320              	.Ldebug_info0:
 321 0000 8B010000 		.4byte	0x18b
 322 0004 0400     		.2byte	0x4
 323 0006 00000000 		.4byte	.Ldebug_abbrev0
 324 000a 04       		.byte	0x4
 325 000b 01       		.uleb128 0x1
 326 000c ED000000 		.4byte	.LASF25
 327 0010 01       		.byte	0x1
 328 0011 7B010000 		.4byte	.LASF26
 329 0015 27000000 		.4byte	.LASF27
 330 0019 00000000 		.4byte	.Ldebug_ranges0+0
 331 001d 00000000 		.4byte	0
 332 0021 00000000 		.4byte	.Ldebug_line0
 333 0025 02       		.uleb128 0x2
 334 0026 01       		.byte	0x1
 335 0027 06       		.byte	0x6
 336 0028 9D010000 		.4byte	.LASF0
 337 002c 02       		.uleb128 0x2
 338 002d 01       		.byte	0x1
 339 002e 08       		.byte	0x8
 340 002f CB000000 		.4byte	.LASF1
 341 0033 02       		.uleb128 0x2
 342 0034 02       		.byte	0x2
 343 0035 05       		.byte	0x5
 344 0036 B9010000 		.4byte	.LASF2
 345 003a 02       		.uleb128 0x2
 346 003b 02       		.byte	0x2
 347 003c 07       		.byte	0x7
 348 003d B2000000 		.4byte	.LASF3
 349 0041 03       		.uleb128 0x3
 350 0042 A9010000 		.4byte	.LASF9
 351 0046 02       		.byte	0x2
 352 0047 3F       		.byte	0x3f
 353 0048 4C000000 		.4byte	0x4c
 354 004c 02       		.uleb128 0x2
 355 004d 04       		.byte	0x4
 356 004e 05       		.byte	0x5
 357 004f E4000000 		.4byte	.LASF4
 358 0053 02       		.uleb128 0x2
 359 0054 04       		.byte	0x4
 360 0055 07       		.byte	0x7
 361 0056 89000000 		.4byte	.LASF5
 362 005a 02       		.uleb128 0x2
 363 005b 08       		.byte	0x8
 364 005c 05       		.byte	0x5
 365 005d 00000000 		.4byte	.LASF6
 366 0061 02       		.uleb128 0x2
 367 0062 08       		.byte	0x8
 368 0063 07       		.byte	0x7
 369 0064 9B000000 		.4byte	.LASF7
 370 0068 04       		.uleb128 0x4
ARM GAS  C:\Users\LUKASC~1\AppData\Local\Temp\cco7HWdB.s 			page 11


 371 0069 04       		.byte	0x4
 372 006a 05       		.byte	0x5
 373 006b 696E7400 		.ascii	"int\000"
 374 006f 02       		.uleb128 0x2
 375 0070 04       		.byte	0x4
 376 0071 07       		.byte	0x7
 377 0072 15000000 		.4byte	.LASF8
 378 0076 03       		.uleb128 0x3
 379 0077 CA010000 		.4byte	.LASF10
 380 007b 03       		.byte	0x3
 381 007c 2C       		.byte	0x2c
 382 007d 41000000 		.4byte	0x41
 383 0081 05       		.uleb128 0x5
 384 0082 83000000 		.4byte	.LASF11
 385 0086 04       		.byte	0x4
 386 0087 3801     		.2byte	0x138
 387 0089 2C000000 		.4byte	0x2c
 388 008d 05       		.uleb128 0x5
 389 008e C3010000 		.4byte	.LASF12
 390 0092 04       		.byte	0x4
 391 0093 3901     		.2byte	0x139
 392 0095 3A000000 		.4byte	0x3a
 393 0099 02       		.uleb128 0x2
 394 009a 04       		.byte	0x4
 395 009b 04       		.byte	0x4
 396 009c B3010000 		.4byte	.LASF13
 397 00a0 02       		.uleb128 0x2
 398 00a1 08       		.byte	0x8
 399 00a2 04       		.byte	0x4
 400 00a3 84010000 		.4byte	.LASF14
 401 00a7 05       		.uleb128 0x5
 402 00a8 C5000000 		.4byte	.LASF15
 403 00ac 04       		.byte	0x4
 404 00ad 4901     		.2byte	0x149
 405 00af B3000000 		.4byte	0xb3
 406 00b3 02       		.uleb128 0x2
 407 00b4 01       		.byte	0x1
 408 00b5 08       		.byte	0x8
 409 00b6 D9000000 		.4byte	.LASF16
 410 00ba 02       		.uleb128 0x2
 411 00bb 04       		.byte	0x4
 412 00bc 07       		.byte	0x7
 413 00bd D9010000 		.4byte	.LASF17
 414 00c1 06       		.uleb128 0x6
 415 00c2 22000000 		.4byte	.LASF28
 416 00c6 01       		.byte	0x1
 417 00c7 44       		.byte	0x44
 418 00c8 68000000 		.4byte	0x68
 419 00cc 00000000 		.4byte	.LFB63
 420 00d0 90010000 		.4byte	.LFE63-.LFB63
 421 00d4 01       		.uleb128 0x1
 422 00d5 9C       		.byte	0x9c
 423 00d6 15010000 		.4byte	0x115
 424 00da 07       		.uleb128 0x7
 425 00db DE000000 		.4byte	.LASF18
 426 00df 01       		.byte	0x1
 427 00e0 46       		.byte	0x46
ARM GAS  C:\Users\LUKASC~1\AppData\Local\Temp\cco7HWdB.s 			page 12


 428 00e1 8D000000 		.4byte	0x8d
 429 00e5 02       		.uleb128 0x2
 430 00e6 91       		.byte	0x91
 431 00e7 64       		.sleb128 -28
 432 00e8 07       		.uleb128 0x7
 433 00e9 D2010000 		.4byte	.LASF19
 434 00ed 01       		.byte	0x1
 435 00ee 47       		.byte	0x47
 436 00ef 15010000 		.4byte	0x115
 437 00f3 03       		.uleb128 0x3
 438 00f4 91       		.byte	0x91
 439 00f5 A47F     		.sleb128 -92
 440 00f7 07       		.uleb128 0x7
 441 00f8 75000000 		.4byte	.LASF20
 442 00fc 01       		.byte	0x1
 443 00fd 4A       		.byte	0x4a
 444 00fe 81000000 		.4byte	0x81
 445 0102 02       		.uleb128 0x2
 446 0103 91       		.byte	0x91
 447 0104 67       		.sleb128 -25
 448 0105 07       		.uleb128 0x7
 449 0106 7B000000 		.4byte	.LASF21
 450 010a 01       		.byte	0x1
 451 010b 4B       		.byte	0x4b
 452 010c 25010000 		.4byte	0x125
 453 0110 03       		.uleb128 0x3
 454 0111 91       		.byte	0x91
 455 0112 907F     		.sleb128 -112
 456 0114 00       		.byte	0
 457 0115 08       		.uleb128 0x8
 458 0116 81000000 		.4byte	0x81
 459 011a 25010000 		.4byte	0x125
 460 011e 09       		.uleb128 0x9
 461 011f BA000000 		.4byte	0xba
 462 0123 3F       		.byte	0x3f
 463 0124 00       		.byte	0
 464 0125 08       		.uleb128 0x8
 465 0126 A7000000 		.4byte	0xa7
 466 012a 35010000 		.4byte	0x135
 467 012e 09       		.uleb128 0x9
 468 012f BA000000 		.4byte	0xba
 469 0133 13       		.byte	0x13
 470 0134 00       		.byte	0
 471 0135 0A       		.uleb128 0xa
 472 0136 90010000 		.4byte	.LASF22
 473 013a 05       		.byte	0x5
 474 013b 5506     		.2byte	0x655
 475 013d 41010000 		.4byte	0x141
 476 0141 0B       		.uleb128 0xb
 477 0142 76000000 		.4byte	0x76
 478 0146 08       		.uleb128 0x8
 479 0147 56010000 		.4byte	0x156
 480 014b 56010000 		.4byte	0x156
 481 014f 09       		.uleb128 0x9
 482 0150 BA000000 		.4byte	0xba
 483 0154 04       		.byte	0x4
 484 0155 00       		.byte	0
ARM GAS  C:\Users\LUKASC~1\AppData\Local\Temp\cco7HWdB.s 			page 13


 485 0156 0C       		.uleb128 0xc
 486 0157 04       		.byte	0x4
 487 0158 A7000000 		.4byte	0xa7
 488 015c 0D       		.uleb128 0xd
 489 015d 0E000000 		.4byte	.LASF23
 490 0161 01       		.byte	0x1
 491 0162 2D       		.byte	0x2d
 492 0163 46010000 		.4byte	0x146
 493 0167 05       		.uleb128 0x5
 494 0168 03       		.byte	0x3
 495 0169 00000000 		.4byte	parity
 496 016d 08       		.uleb128 0x8
 497 016e 56010000 		.4byte	0x156
 498 0172 7D010000 		.4byte	0x17d
 499 0176 09       		.uleb128 0x9
 500 0177 BA000000 		.4byte	0xba
 501 017b 02       		.byte	0x2
 502 017c 00       		.byte	0
 503 017d 0D       		.uleb128 0xd
 504 017e 8B010000 		.4byte	.LASF24
 505 0182 01       		.byte	0x1
 506 0183 2E       		.byte	0x2e
 507 0184 6D010000 		.4byte	0x16d
 508 0188 05       		.uleb128 0x5
 509 0189 03       		.byte	0x3
 510 018a 00000000 		.4byte	stop
 511 018e 00       		.byte	0
 512              		.section	.debug_abbrev,"",%progbits
 513              	.Ldebug_abbrev0:
 514 0000 01       		.uleb128 0x1
 515 0001 11       		.uleb128 0x11
 516 0002 01       		.byte	0x1
 517 0003 25       		.uleb128 0x25
 518 0004 0E       		.uleb128 0xe
 519 0005 13       		.uleb128 0x13
 520 0006 0B       		.uleb128 0xb
 521 0007 03       		.uleb128 0x3
 522 0008 0E       		.uleb128 0xe
 523 0009 1B       		.uleb128 0x1b
 524 000a 0E       		.uleb128 0xe
 525 000b 55       		.uleb128 0x55
 526 000c 17       		.uleb128 0x17
 527 000d 11       		.uleb128 0x11
 528 000e 01       		.uleb128 0x1
 529 000f 10       		.uleb128 0x10
 530 0010 17       		.uleb128 0x17
 531 0011 00       		.byte	0
 532 0012 00       		.byte	0
 533 0013 02       		.uleb128 0x2
 534 0014 24       		.uleb128 0x24
 535 0015 00       		.byte	0
 536 0016 0B       		.uleb128 0xb
 537 0017 0B       		.uleb128 0xb
 538 0018 3E       		.uleb128 0x3e
 539 0019 0B       		.uleb128 0xb
 540 001a 03       		.uleb128 0x3
 541 001b 0E       		.uleb128 0xe
ARM GAS  C:\Users\LUKASC~1\AppData\Local\Temp\cco7HWdB.s 			page 14


 542 001c 00       		.byte	0
 543 001d 00       		.byte	0
 544 001e 03       		.uleb128 0x3
 545 001f 16       		.uleb128 0x16
 546 0020 00       		.byte	0
 547 0021 03       		.uleb128 0x3
 548 0022 0E       		.uleb128 0xe
 549 0023 3A       		.uleb128 0x3a
 550 0024 0B       		.uleb128 0xb
 551 0025 3B       		.uleb128 0x3b
 552 0026 0B       		.uleb128 0xb
 553 0027 49       		.uleb128 0x49
 554 0028 13       		.uleb128 0x13
 555 0029 00       		.byte	0
 556 002a 00       		.byte	0
 557 002b 04       		.uleb128 0x4
 558 002c 24       		.uleb128 0x24
 559 002d 00       		.byte	0
 560 002e 0B       		.uleb128 0xb
 561 002f 0B       		.uleb128 0xb
 562 0030 3E       		.uleb128 0x3e
 563 0031 0B       		.uleb128 0xb
 564 0032 03       		.uleb128 0x3
 565 0033 08       		.uleb128 0x8
 566 0034 00       		.byte	0
 567 0035 00       		.byte	0
 568 0036 05       		.uleb128 0x5
 569 0037 16       		.uleb128 0x16
 570 0038 00       		.byte	0
 571 0039 03       		.uleb128 0x3
 572 003a 0E       		.uleb128 0xe
 573 003b 3A       		.uleb128 0x3a
 574 003c 0B       		.uleb128 0xb
 575 003d 3B       		.uleb128 0x3b
 576 003e 05       		.uleb128 0x5
 577 003f 49       		.uleb128 0x49
 578 0040 13       		.uleb128 0x13
 579 0041 00       		.byte	0
 580 0042 00       		.byte	0
 581 0043 06       		.uleb128 0x6
 582 0044 2E       		.uleb128 0x2e
 583 0045 01       		.byte	0x1
 584 0046 3F       		.uleb128 0x3f
 585 0047 19       		.uleb128 0x19
 586 0048 03       		.uleb128 0x3
 587 0049 0E       		.uleb128 0xe
 588 004a 3A       		.uleb128 0x3a
 589 004b 0B       		.uleb128 0xb
 590 004c 3B       		.uleb128 0x3b
 591 004d 0B       		.uleb128 0xb
 592 004e 49       		.uleb128 0x49
 593 004f 13       		.uleb128 0x13
 594 0050 11       		.uleb128 0x11
 595 0051 01       		.uleb128 0x1
 596 0052 12       		.uleb128 0x12
 597 0053 06       		.uleb128 0x6
 598 0054 40       		.uleb128 0x40
ARM GAS  C:\Users\LUKASC~1\AppData\Local\Temp\cco7HWdB.s 			page 15


 599 0055 18       		.uleb128 0x18
 600 0056 9642     		.uleb128 0x2116
 601 0058 19       		.uleb128 0x19
 602 0059 01       		.uleb128 0x1
 603 005a 13       		.uleb128 0x13
 604 005b 00       		.byte	0
 605 005c 00       		.byte	0
 606 005d 07       		.uleb128 0x7
 607 005e 34       		.uleb128 0x34
 608 005f 00       		.byte	0
 609 0060 03       		.uleb128 0x3
 610 0061 0E       		.uleb128 0xe
 611 0062 3A       		.uleb128 0x3a
 612 0063 0B       		.uleb128 0xb
 613 0064 3B       		.uleb128 0x3b
 614 0065 0B       		.uleb128 0xb
 615 0066 49       		.uleb128 0x49
 616 0067 13       		.uleb128 0x13
 617 0068 02       		.uleb128 0x2
 618 0069 18       		.uleb128 0x18
 619 006a 00       		.byte	0
 620 006b 00       		.byte	0
 621 006c 08       		.uleb128 0x8
 622 006d 01       		.uleb128 0x1
 623 006e 01       		.byte	0x1
 624 006f 49       		.uleb128 0x49
 625 0070 13       		.uleb128 0x13
 626 0071 01       		.uleb128 0x1
 627 0072 13       		.uleb128 0x13
 628 0073 00       		.byte	0
 629 0074 00       		.byte	0
 630 0075 09       		.uleb128 0x9
 631 0076 21       		.uleb128 0x21
 632 0077 00       		.byte	0
 633 0078 49       		.uleb128 0x49
 634 0079 13       		.uleb128 0x13
 635 007a 2F       		.uleb128 0x2f
 636 007b 0B       		.uleb128 0xb
 637 007c 00       		.byte	0
 638 007d 00       		.byte	0
 639 007e 0A       		.uleb128 0xa
 640 007f 34       		.uleb128 0x34
 641 0080 00       		.byte	0
 642 0081 03       		.uleb128 0x3
 643 0082 0E       		.uleb128 0xe
 644 0083 3A       		.uleb128 0x3a
 645 0084 0B       		.uleb128 0xb
 646 0085 3B       		.uleb128 0x3b
 647 0086 05       		.uleb128 0x5
 648 0087 49       		.uleb128 0x49
 649 0088 13       		.uleb128 0x13
 650 0089 3F       		.uleb128 0x3f
 651 008a 19       		.uleb128 0x19
 652 008b 3C       		.uleb128 0x3c
 653 008c 19       		.uleb128 0x19
 654 008d 00       		.byte	0
 655 008e 00       		.byte	0
ARM GAS  C:\Users\LUKASC~1\AppData\Local\Temp\cco7HWdB.s 			page 16


 656 008f 0B       		.uleb128 0xb
 657 0090 35       		.uleb128 0x35
 658 0091 00       		.byte	0
 659 0092 49       		.uleb128 0x49
 660 0093 13       		.uleb128 0x13
 661 0094 00       		.byte	0
 662 0095 00       		.byte	0
 663 0096 0C       		.uleb128 0xc
 664 0097 0F       		.uleb128 0xf
 665 0098 00       		.byte	0
 666 0099 0B       		.uleb128 0xb
 667 009a 0B       		.uleb128 0xb
 668 009b 49       		.uleb128 0x49
 669 009c 13       		.uleb128 0x13
 670 009d 00       		.byte	0
 671 009e 00       		.byte	0
 672 009f 0D       		.uleb128 0xd
 673 00a0 34       		.uleb128 0x34
 674 00a1 00       		.byte	0
 675 00a2 03       		.uleb128 0x3
 676 00a3 0E       		.uleb128 0xe
 677 00a4 3A       		.uleb128 0x3a
 678 00a5 0B       		.uleb128 0xb
 679 00a6 3B       		.uleb128 0x3b
 680 00a7 0B       		.uleb128 0xb
 681 00a8 49       		.uleb128 0x49
 682 00a9 13       		.uleb128 0x13
 683 00aa 3F       		.uleb128 0x3f
 684 00ab 19       		.uleb128 0x19
 685 00ac 02       		.uleb128 0x2
 686 00ad 18       		.uleb128 0x18
 687 00ae 00       		.byte	0
 688 00af 00       		.byte	0
 689 00b0 00       		.byte	0
 690              		.section	.debug_aranges,"",%progbits
 691 0000 1C000000 		.4byte	0x1c
 692 0004 0200     		.2byte	0x2
 693 0006 00000000 		.4byte	.Ldebug_info0
 694 000a 04       		.byte	0x4
 695 000b 00       		.byte	0
 696 000c 0000     		.2byte	0
 697 000e 0000     		.2byte	0
 698 0010 00000000 		.4byte	.LFB63
 699 0014 90010000 		.4byte	.LFE63-.LFB63
 700 0018 00000000 		.4byte	0
 701 001c 00000000 		.4byte	0
 702              		.section	.debug_ranges,"",%progbits
 703              	.Ldebug_ranges0:
 704 0000 00000000 		.4byte	.LFB63
 705 0004 90010000 		.4byte	.LFE63
 706 0008 00000000 		.4byte	0
 707 000c 00000000 		.4byte	0
 708              		.section	.debug_line,"",%progbits
 709              	.Ldebug_line0:
 710 0000 C9010000 		.section	.debug_str,"MS",%progbits,1
 710      02004901 
 710      00000201 
ARM GAS  C:\Users\LUKASC~1\AppData\Local\Temp\cco7HWdB.s 			page 17


 710      FB0E0D00 
 710      01010101 
 711              	.LASF6:
 712 0000 6C6F6E67 		.ascii	"long long int\000"
 712      206C6F6E 
 712      6720696E 
 712      7400
 713              	.LASF23:
 714 000e 70617269 		.ascii	"parity\000"
 714      747900
 715              	.LASF8:
 716 0015 756E7369 		.ascii	"unsigned int\000"
 716      676E6564 
 716      20696E74 
 716      00
 717              	.LASF28:
 718 0022 6D61696E 		.ascii	"main\000"
 718      00
 719              	.LASF27:
 720 0027 433A5C55 		.ascii	"C:\\Users\\Lukas Creutzburg\\Documents\\GitHub\\fre"
 720      73657273 
 720      5C4C756B 
 720      61732043 
 720      72657574 
 721 0055 65445350 		.ascii	"eDSPPSoC-I2C\\USBFS_UART01.cydsn\000"
 721      50536F43 
 721      2D493243 
 721      5C555342 
 721      46535F55 
 722              	.LASF20:
 723 0075 73746174 		.ascii	"state\000"
 723      6500
 724              	.LASF21:
 725 007b 6C696E65 		.ascii	"lineStr\000"
 725      53747200 
 726              	.LASF11:
 727 0083 75696E74 		.ascii	"uint8\000"
 727      3800
 728              	.LASF5:
 729 0089 6C6F6E67 		.ascii	"long unsigned int\000"
 729      20756E73 
 729      69676E65 
 729      6420696E 
 729      7400
 730              	.LASF7:
 731 009b 6C6F6E67 		.ascii	"long long unsigned int\000"
 731      206C6F6E 
 731      6720756E 
 731      7369676E 
 731      65642069 
 732              	.LASF3:
 733 00b2 73686F72 		.ascii	"short unsigned int\000"
 733      7420756E 
 733      7369676E 
 733      65642069 
 733      6E7400
 734              	.LASF15:
ARM GAS  C:\Users\LUKASC~1\AppData\Local\Temp\cco7HWdB.s 			page 18


 735 00c5 63686172 		.ascii	"char8\000"
 735      3800
 736              	.LASF1:
 737 00cb 756E7369 		.ascii	"unsigned char\000"
 737      676E6564 
 737      20636861 
 737      7200
 738              	.LASF16:
 739 00d9 63686172 		.ascii	"char\000"
 739      00
 740              	.LASF18:
 741 00de 636F756E 		.ascii	"count\000"
 741      7400
 742              	.LASF4:
 743 00e4 6C6F6E67 		.ascii	"long int\000"
 743      20696E74 
 743      00
 744              	.LASF25:
 745 00ed 474E5520 		.ascii	"GNU C 4.9.3 20150303 (release) [ARM/embedded-4_9-br"
 745      4320342E 
 745      392E3320 
 745      32303135 
 745      30333033 
 746 0120 616E6368 		.ascii	"anch revision 221220] -mcpu=cortex-m3 -mthumb -g -O"
 746      20726576 
 746      6973696F 
 746      6E203232 
 746      31323230 
 747 0153 30202D66 		.ascii	"0 -ffunction-sections -ffat-lto-objects\000"
 747      66756E63 
 747      74696F6E 
 747      2D736563 
 747      74696F6E 
 748              	.LASF26:
 749 017b 2E5C6D61 		.ascii	".\\main.c\000"
 749      696E2E63 
 749      00
 750              	.LASF14:
 751 0184 646F7562 		.ascii	"double\000"
 751      6C6500
 752              	.LASF24:
 753 018b 73746F70 		.ascii	"stop\000"
 753      00
 754              	.LASF22:
 755 0190 49544D5F 		.ascii	"ITM_RxBuffer\000"
 755      52784275 
 755      66666572 
 755      00
 756              	.LASF0:
 757 019d 7369676E 		.ascii	"signed char\000"
 757      65642063 
 757      68617200 
 758              	.LASF9:
 759 01a9 5F5F696E 		.ascii	"__int32_t\000"
 759      7433325F 
 759      7400
 760              	.LASF13:
ARM GAS  C:\Users\LUKASC~1\AppData\Local\Temp\cco7HWdB.s 			page 19


 761 01b3 666C6F61 		.ascii	"float\000"
 761      7400
 762              	.LASF2:
 763 01b9 73686F72 		.ascii	"short int\000"
 763      7420696E 
 763      7400
 764              	.LASF12:
 765 01c3 75696E74 		.ascii	"uint16\000"
 765      313600
 766              	.LASF10:
 767 01ca 696E7433 		.ascii	"int32_t\000"
 767      325F7400 
 768              	.LASF19:
 769 01d2 62756666 		.ascii	"buffer\000"
 769      657200
 770              	.LASF17:
 771 01d9 73697A65 		.ascii	"sizetype\000"
 771      74797065 
 771      00
 772              		.ident	"GCC: (GNU Tools for ARM Embedded Processors) 4.9.3 20150303 (release) [ARM/embedded-4_9-br
