ARM GAS  C:\Users\LUKASC~1\AppData\Local\Temp\ccc5s7e6.s 			page 1


   1              		.cpu cortex-m0
   2              		.fpu softvfp
   3              		.eabi_attribute 20, 1
   4              		.eabi_attribute 21, 1
   5              		.eabi_attribute 23, 3
   6              		.eabi_attribute 24, 1
   7              		.eabi_attribute 25, 1
   8              		.eabi_attribute 26, 1
   9              		.eabi_attribute 30, 6
  10              		.eabi_attribute 34, 0
  11              		.eabi_attribute 18, 4
  12              		.code	16
  13              		.file	"CapSense_CSD_PM.c"
  14              		.text
  15              	.Ltext0:
  16              		.cfi_sections	.debug_frame
  17              		.bss
  18              		.align	2
  19              	CapSense_CSD_backup:
  20 0000 00       		.space	1
  21 0001 000000   		.section	.text.CapSense_CSD_SaveConfig,"ax",%progbits
  22              		.align	2
  23              		.global	CapSense_CSD_SaveConfig
  24              		.code	16
  25              		.thumb_func
  26              		.type	CapSense_CSD_SaveConfig, %function
  27              	CapSense_CSD_SaveConfig:
  28              	.LFB34:
  29              		.file 1 ".\\Generated_Source\\PSoC4\\CapSense_CSD_PM.c"
   1:.\Generated_Source\PSoC4/CapSense_CSD_PM.c **** /*******************************************************************************
   2:.\Generated_Source\PSoC4/CapSense_CSD_PM.c **** * File Name: CapSense_CSD_PM.c
   3:.\Generated_Source\PSoC4/CapSense_CSD_PM.c **** * Version 2.40
   4:.\Generated_Source\PSoC4/CapSense_CSD_PM.c **** *
   5:.\Generated_Source\PSoC4/CapSense_CSD_PM.c **** * Description:
   6:.\Generated_Source\PSoC4/CapSense_CSD_PM.c **** *  This file provides Sleep APIs for CapSense CSD Component.
   7:.\Generated_Source\PSoC4/CapSense_CSD_PM.c **** *
   8:.\Generated_Source\PSoC4/CapSense_CSD_PM.c **** * Note:
   9:.\Generated_Source\PSoC4/CapSense_CSD_PM.c **** *
  10:.\Generated_Source\PSoC4/CapSense_CSD_PM.c **** ********************************************************************************
  11:.\Generated_Source\PSoC4/CapSense_CSD_PM.c **** * Copyright 2013-2015, Cypress Semiconductor Corporation.  All rights reserved.
  12:.\Generated_Source\PSoC4/CapSense_CSD_PM.c **** * You may use this file only in accordance with the license, terms, conditions,
  13:.\Generated_Source\PSoC4/CapSense_CSD_PM.c **** * disclaimers, and limitations in the end user license agreement accompanying
  14:.\Generated_Source\PSoC4/CapSense_CSD_PM.c **** * the software package with which this file was provided.
  15:.\Generated_Source\PSoC4/CapSense_CSD_PM.c **** *******************************************************************************/
  16:.\Generated_Source\PSoC4/CapSense_CSD_PM.c **** 
  17:.\Generated_Source\PSoC4/CapSense_CSD_PM.c **** #include "CapSense_CSD.h"
  18:.\Generated_Source\PSoC4/CapSense_CSD_PM.c **** 
  19:.\Generated_Source\PSoC4/CapSense_CSD_PM.c **** static CapSense_CSD_BACKUP_STRUCT CapSense_CSD_backup =
  20:.\Generated_Source\PSoC4/CapSense_CSD_PM.c **** {
  21:.\Generated_Source\PSoC4/CapSense_CSD_PM.c ****     0x00u, /* enableState; */
  22:.\Generated_Source\PSoC4/CapSense_CSD_PM.c **** };
  23:.\Generated_Source\PSoC4/CapSense_CSD_PM.c **** 
  24:.\Generated_Source\PSoC4/CapSense_CSD_PM.c **** 
  25:.\Generated_Source\PSoC4/CapSense_CSD_PM.c **** /*******************************************************************************
  26:.\Generated_Source\PSoC4/CapSense_CSD_PM.c **** * Function Name: CapSense_CSD_SaveConfig
  27:.\Generated_Source\PSoC4/CapSense_CSD_PM.c **** ********************************************************************************
  28:.\Generated_Source\PSoC4/CapSense_CSD_PM.c **** *
ARM GAS  C:\Users\LUKASC~1\AppData\Local\Temp\ccc5s7e6.s 			page 2


  29:.\Generated_Source\PSoC4/CapSense_CSD_PM.c **** * Summary:
  30:.\Generated_Source\PSoC4/CapSense_CSD_PM.c **** *  Saves the customer configuration of CapSense.
  31:.\Generated_Source\PSoC4/CapSense_CSD_PM.c **** *
  32:.\Generated_Source\PSoC4/CapSense_CSD_PM.c **** * Parameters:
  33:.\Generated_Source\PSoC4/CapSense_CSD_PM.c **** *  None
  34:.\Generated_Source\PSoC4/CapSense_CSD_PM.c **** *
  35:.\Generated_Source\PSoC4/CapSense_CSD_PM.c **** * Return:
  36:.\Generated_Source\PSoC4/CapSense_CSD_PM.c **** *  None
  37:.\Generated_Source\PSoC4/CapSense_CSD_PM.c **** *
  38:.\Generated_Source\PSoC4/CapSense_CSD_PM.c **** * Global Variables:
  39:.\Generated_Source\PSoC4/CapSense_CSD_PM.c **** *  CapSense_CSD_backup - used to save the component state before entering the  sleep
  40:.\Generated_Source\PSoC4/CapSense_CSD_PM.c **** *  mode and none-retention registers.
  41:.\Generated_Source\PSoC4/CapSense_CSD_PM.c **** *
  42:.\Generated_Source\PSoC4/CapSense_CSD_PM.c **** * Side Effects:
  43:.\Generated_Source\PSoC4/CapSense_CSD_PM.c **** *  None
  44:.\Generated_Source\PSoC4/CapSense_CSD_PM.c **** *
  45:.\Generated_Source\PSoC4/CapSense_CSD_PM.c **** *******************************************************************************/
  46:.\Generated_Source\PSoC4/CapSense_CSD_PM.c **** void CapSense_CSD_SaveConfig(void)
  47:.\Generated_Source\PSoC4/CapSense_CSD_PM.c **** {
  30              		.loc 1 47 0
  31              		.cfi_startproc
  32 0000 80B5     		push	{r7, lr}
  33              		.cfi_def_cfa_offset 8
  34              		.cfi_offset 7, -8
  35              		.cfi_offset 14, -4
  36 0002 00AF     		add	r7, sp, #0
  37              		.cfi_def_cfa_register 7
  48:.\Generated_Source\PSoC4/CapSense_CSD_PM.c ****     if ((CapSense_CSD_CSD_CFG_REG & CapSense_CSD_CSD_CFG_ENABLE) != 0u)
  38              		.loc 1 48 0
  39 0004 044B     		ldr	r3, .L3
  40 0006 1B68     		ldr	r3, [r3]
  41 0008 002B     		cmp	r3, #0
  42 000a 02DA     		bge	.L1
  49:.\Generated_Source\PSoC4/CapSense_CSD_PM.c ****     {
  50:.\Generated_Source\PSoC4/CapSense_CSD_PM.c ****         CapSense_CSD_backup.enableState = 1u;
  43              		.loc 1 50 0
  44 000c 034B     		ldr	r3, .L3+4
  45 000e 0122     		mov	r2, #1
  46 0010 1A70     		strb	r2, [r3]
  47              	.L1:
  51:.\Generated_Source\PSoC4/CapSense_CSD_PM.c ****     }
  52:.\Generated_Source\PSoC4/CapSense_CSD_PM.c **** }
  48              		.loc 1 52 0
  49 0012 BD46     		mov	sp, r7
  50              		@ sp needed
  51 0014 80BD     		pop	{r7, pc}
  52              	.L4:
  53 0016 C046     		.align	2
  54              	.L3:
  55 0018 04000840 		.word	1074266116
  56 001c 00000000 		.word	CapSense_CSD_backup
  57              		.cfi_endproc
  58              	.LFE34:
  59              		.size	CapSense_CSD_SaveConfig, .-CapSense_CSD_SaveConfig
  60              		.section	.text.CapSense_CSD_Sleep,"ax",%progbits
  61              		.align	2
  62              		.global	CapSense_CSD_Sleep
ARM GAS  C:\Users\LUKASC~1\AppData\Local\Temp\ccc5s7e6.s 			page 3


  63              		.code	16
  64              		.thumb_func
  65              		.type	CapSense_CSD_Sleep, %function
  66              	CapSense_CSD_Sleep:
  67              	.LFB35:
  53:.\Generated_Source\PSoC4/CapSense_CSD_PM.c **** 
  54:.\Generated_Source\PSoC4/CapSense_CSD_PM.c **** 
  55:.\Generated_Source\PSoC4/CapSense_CSD_PM.c **** /*******************************************************************************
  56:.\Generated_Source\PSoC4/CapSense_CSD_PM.c **** * Function Name: CapSense_CSD_Sleep
  57:.\Generated_Source\PSoC4/CapSense_CSD_PM.c **** ********************************************************************************
  58:.\Generated_Source\PSoC4/CapSense_CSD_PM.c **** *
  59:.\Generated_Source\PSoC4/CapSense_CSD_PM.c **** * Summary:
  60:.\Generated_Source\PSoC4/CapSense_CSD_PM.c **** *  Disables the Active mode power.
  61:.\Generated_Source\PSoC4/CapSense_CSD_PM.c **** *
  62:.\Generated_Source\PSoC4/CapSense_CSD_PM.c **** * Parameters:
  63:.\Generated_Source\PSoC4/CapSense_CSD_PM.c **** *  None
  64:.\Generated_Source\PSoC4/CapSense_CSD_PM.c **** *
  65:.\Generated_Source\PSoC4/CapSense_CSD_PM.c **** * Return:
  66:.\Generated_Source\PSoC4/CapSense_CSD_PM.c **** *  None
  67:.\Generated_Source\PSoC4/CapSense_CSD_PM.c **** *
  68:.\Generated_Source\PSoC4/CapSense_CSD_PM.c **** * Global Variables:
  69:.\Generated_Source\PSoC4/CapSense_CSD_PM.c **** *  CapSense_CSD_backup - used to save the component state before entering the sleep
  70:.\Generated_Source\PSoC4/CapSense_CSD_PM.c **** *  mode.
  71:.\Generated_Source\PSoC4/CapSense_CSD_PM.c **** *
  72:.\Generated_Source\PSoC4/CapSense_CSD_PM.c **** *******************************************************************************/
  73:.\Generated_Source\PSoC4/CapSense_CSD_PM.c **** void CapSense_CSD_Sleep(void)
  74:.\Generated_Source\PSoC4/CapSense_CSD_PM.c **** {
  68              		.loc 1 74 0
  69              		.cfi_startproc
  70 0000 80B5     		push	{r7, lr}
  71              		.cfi_def_cfa_offset 8
  72              		.cfi_offset 7, -8
  73              		.cfi_offset 14, -4
  74 0002 00AF     		add	r7, sp, #0
  75              		.cfi_def_cfa_register 7
  75:.\Generated_Source\PSoC4/CapSense_CSD_PM.c ****     CapSense_CSD_SaveConfig();
  76              		.loc 1 75 0
  77 0004 FFF7FEFF 		bl	CapSense_CSD_SaveConfig
  76:.\Generated_Source\PSoC4/CapSense_CSD_PM.c **** 
  77:.\Generated_Source\PSoC4/CapSense_CSD_PM.c ****     /* Disable interrupt */
  78:.\Generated_Source\PSoC4/CapSense_CSD_PM.c ****     CyIntDisable(CapSense_CSD_ISR_NUMBER);
  78              		.loc 1 78 0
  79 0008 0F20     		mov	r0, #15
  80 000a FFF7FEFF 		bl	CyIntDisable
  79:.\Generated_Source\PSoC4/CapSense_CSD_PM.c **** 
  80:.\Generated_Source\PSoC4/CapSense_CSD_PM.c ****     CapSense_CSD_CSD_CFG_REG &= ~(CapSense_CSD_CSD_CFG_SENSE_COMP_EN | CapSense_CSD_CSD_CFG_SENSE_E
  81              		.loc 1 80 0
  82 000e 094B     		ldr	r3, .L6
  83 0010 084A     		ldr	r2, .L6
  84 0012 1268     		ldr	r2, [r2]
  85 0014 0849     		ldr	r1, .L6+4
  86 0016 0A40     		and	r2, r1
  87 0018 1A60     		str	r2, [r3]
  81:.\Generated_Source\PSoC4/CapSense_CSD_PM.c **** 
  82:.\Generated_Source\PSoC4/CapSense_CSD_PM.c ****     #if(CapSense_CSD_IDAC_CNT == 2u)
  83:.\Generated_Source\PSoC4/CapSense_CSD_PM.c ****         CapSense_CSD_CSD_CFG_REG &= ~(CapSense_CSD_CSD_CFG_ENABLE);
  88              		.loc 1 83 0
ARM GAS  C:\Users\LUKASC~1\AppData\Local\Temp\ccc5s7e6.s 			page 4


  89 001a 064B     		ldr	r3, .L6
  90 001c 054A     		ldr	r2, .L6
  91 001e 1268     		ldr	r2, [r2]
  92 0020 5200     		lsl	r2, r2, #1
  93 0022 5208     		lsr	r2, r2, #1
  94 0024 1A60     		str	r2, [r3]
  84:.\Generated_Source\PSoC4/CapSense_CSD_PM.c ****     #endif /* (CapSense_CSD_IDAC_CNT == 2u) */
  85:.\Generated_Source\PSoC4/CapSense_CSD_PM.c **** 
  86:.\Generated_Source\PSoC4/CapSense_CSD_PM.c ****     /* Disable Clocks */
  87:.\Generated_Source\PSoC4/CapSense_CSD_PM.c ****     CapSense_CSD_SenseClk_Stop();
  95              		.loc 1 87 0
  96 0026 FFF7FEFF 		bl	CapSense_CSD_SenseClk_Stop
  88:.\Generated_Source\PSoC4/CapSense_CSD_PM.c ****     CapSense_CSD_SampleClk_Stop();
  97              		.loc 1 88 0
  98 002a FFF7FEFF 		bl	CapSense_CSD_SampleClk_Stop
  89:.\Generated_Source\PSoC4/CapSense_CSD_PM.c **** }
  99              		.loc 1 89 0
 100 002e BD46     		mov	sp, r7
 101              		@ sp needed
 102 0030 80BD     		pop	{r7, pc}
 103              	.L7:
 104 0032 C046     		.align	2
 105              	.L6:
 106 0034 04000840 		.word	1074266116
 107 0038 FFEFF7FF 		.word	-528385
 108              		.cfi_endproc
 109              	.LFE35:
 110              		.size	CapSense_CSD_Sleep, .-CapSense_CSD_Sleep
 111              		.section	.text.CapSense_CSD_RestoreConfig,"ax",%progbits
 112              		.align	2
 113              		.global	CapSense_CSD_RestoreConfig
 114              		.code	16
 115              		.thumb_func
 116              		.type	CapSense_CSD_RestoreConfig, %function
 117              	CapSense_CSD_RestoreConfig:
 118              	.LFB36:
  90:.\Generated_Source\PSoC4/CapSense_CSD_PM.c **** 
  91:.\Generated_Source\PSoC4/CapSense_CSD_PM.c **** 
  92:.\Generated_Source\PSoC4/CapSense_CSD_PM.c **** /*******************************************************************************
  93:.\Generated_Source\PSoC4/CapSense_CSD_PM.c **** * Function Name: CapSense_CSD_RestoreConfig
  94:.\Generated_Source\PSoC4/CapSense_CSD_PM.c **** ********************************************************************************
  95:.\Generated_Source\PSoC4/CapSense_CSD_PM.c **** *
  96:.\Generated_Source\PSoC4/CapSense_CSD_PM.c **** * Summary:
  97:.\Generated_Source\PSoC4/CapSense_CSD_PM.c **** *  Restores the CapSense configuration.
  98:.\Generated_Source\PSoC4/CapSense_CSD_PM.c **** *
  99:.\Generated_Source\PSoC4/CapSense_CSD_PM.c **** * Parameters:
 100:.\Generated_Source\PSoC4/CapSense_CSD_PM.c **** *  None
 101:.\Generated_Source\PSoC4/CapSense_CSD_PM.c **** *
 102:.\Generated_Source\PSoC4/CapSense_CSD_PM.c **** * Return:
 103:.\Generated_Source\PSoC4/CapSense_CSD_PM.c **** *  None
 104:.\Generated_Source\PSoC4/CapSense_CSD_PM.c **** *
 105:.\Generated_Source\PSoC4/CapSense_CSD_PM.c **** * Side Effects:
 106:.\Generated_Source\PSoC4/CapSense_CSD_PM.c **** *  Must be called only after CapSense_CSD_SaveConfig() routine. Otherwise
 107:.\Generated_Source\PSoC4/CapSense_CSD_PM.c **** *  the component configuration will be overwritten with its initial setting.
 108:.\Generated_Source\PSoC4/CapSense_CSD_PM.c **** *
 109:.\Generated_Source\PSoC4/CapSense_CSD_PM.c **** * Global Variables:
 110:.\Generated_Source\PSoC4/CapSense_CSD_PM.c **** *  CapSense_CSD_backup - used to save the component state before entering the sleep
ARM GAS  C:\Users\LUKASC~1\AppData\Local\Temp\ccc5s7e6.s 			page 5


 111:.\Generated_Source\PSoC4/CapSense_CSD_PM.c **** *  mode and none-retention registers.
 112:.\Generated_Source\PSoC4/CapSense_CSD_PM.c **** *
 113:.\Generated_Source\PSoC4/CapSense_CSD_PM.c **** *******************************************************************************/
 114:.\Generated_Source\PSoC4/CapSense_CSD_PM.c **** void CapSense_CSD_RestoreConfig(void)
 115:.\Generated_Source\PSoC4/CapSense_CSD_PM.c **** {
 119              		.loc 1 115 0
 120              		.cfi_startproc
 121 0000 80B5     		push	{r7, lr}
 122              		.cfi_def_cfa_offset 8
 123              		.cfi_offset 7, -8
 124              		.cfi_offset 14, -4
 125 0002 00AF     		add	r7, sp, #0
 126              		.cfi_def_cfa_register 7
 116:.\Generated_Source\PSoC4/CapSense_CSD_PM.c **** 
 117:.\Generated_Source\PSoC4/CapSense_CSD_PM.c **** }
 127              		.loc 1 117 0
 128 0004 BD46     		mov	sp, r7
 129              		@ sp needed
 130 0006 80BD     		pop	{r7, pc}
 131              		.cfi_endproc
 132              	.LFE36:
 133              		.size	CapSense_CSD_RestoreConfig, .-CapSense_CSD_RestoreConfig
 134              		.section	.text.CapSense_CSD_Wakeup,"ax",%progbits
 135              		.align	2
 136              		.global	CapSense_CSD_Wakeup
 137              		.code	16
 138              		.thumb_func
 139              		.type	CapSense_CSD_Wakeup, %function
 140              	CapSense_CSD_Wakeup:
 141              	.LFB37:
 118:.\Generated_Source\PSoC4/CapSense_CSD_PM.c **** 
 119:.\Generated_Source\PSoC4/CapSense_CSD_PM.c **** 
 120:.\Generated_Source\PSoC4/CapSense_CSD_PM.c **** /*******************************************************************************
 121:.\Generated_Source\PSoC4/CapSense_CSD_PM.c **** * Function Name: CapSense_CSD_Wakeup
 122:.\Generated_Source\PSoC4/CapSense_CSD_PM.c **** ********************************************************************************
 123:.\Generated_Source\PSoC4/CapSense_CSD_PM.c **** *
 124:.\Generated_Source\PSoC4/CapSense_CSD_PM.c **** * Summary:
 125:.\Generated_Source\PSoC4/CapSense_CSD_PM.c **** *  Restores the CapSense configuration and non-retention register values.
 126:.\Generated_Source\PSoC4/CapSense_CSD_PM.c **** *  Restores the enabled state of the component by setting the Active mode power template
 127:.\Generated_Source\PSoC4/CapSense_CSD_PM.c **** *  bits for a number of components used within CapSense.
 128:.\Generated_Source\PSoC4/CapSense_CSD_PM.c **** *
 129:.\Generated_Source\PSoC4/CapSense_CSD_PM.c **** * Parameters:
 130:.\Generated_Source\PSoC4/CapSense_CSD_PM.c **** *  None
 131:.\Generated_Source\PSoC4/CapSense_CSD_PM.c **** *
 132:.\Generated_Source\PSoC4/CapSense_CSD_PM.c **** * Return:
 133:.\Generated_Source\PSoC4/CapSense_CSD_PM.c **** *  None
 134:.\Generated_Source\PSoC4/CapSense_CSD_PM.c **** *
 135:.\Generated_Source\PSoC4/CapSense_CSD_PM.c **** * Global Variables:
 136:.\Generated_Source\PSoC4/CapSense_CSD_PM.c **** *  CapSense_CSD_backup - used to save the component state before entering the sleep
 137:.\Generated_Source\PSoC4/CapSense_CSD_PM.c **** *  mode and none-retention registers.
 138:.\Generated_Source\PSoC4/CapSense_CSD_PM.c **** *
 139:.\Generated_Source\PSoC4/CapSense_CSD_PM.c **** *******************************************************************************/
 140:.\Generated_Source\PSoC4/CapSense_CSD_PM.c **** void CapSense_CSD_Wakeup(void)
 141:.\Generated_Source\PSoC4/CapSense_CSD_PM.c **** {
 142              		.loc 1 141 0
 143              		.cfi_startproc
 144 0000 80B5     		push	{r7, lr}
ARM GAS  C:\Users\LUKASC~1\AppData\Local\Temp\ccc5s7e6.s 			page 6


 145              		.cfi_def_cfa_offset 8
 146              		.cfi_offset 7, -8
 147              		.cfi_offset 14, -4
 148 0002 00AF     		add	r7, sp, #0
 149              		.cfi_def_cfa_register 7
 142:.\Generated_Source\PSoC4/CapSense_CSD_PM.c ****     /* Enable the Clocks */
 143:.\Generated_Source\PSoC4/CapSense_CSD_PM.c ****     CapSense_CSD_SenseClk_Start();
 150              		.loc 1 143 0
 151 0004 FFF7FEFF 		bl	CapSense_CSD_SenseClk_Start
 144:.\Generated_Source\PSoC4/CapSense_CSD_PM.c ****     CapSense_CSD_SampleClk_Start();
 152              		.loc 1 144 0
 153 0008 FFF7FEFF 		bl	CapSense_CSD_SampleClk_Start
 145:.\Generated_Source\PSoC4/CapSense_CSD_PM.c **** 
 146:.\Generated_Source\PSoC4/CapSense_CSD_PM.c ****     /* Restore CapSense Enable state */
 147:.\Generated_Source\PSoC4/CapSense_CSD_PM.c ****     if (CapSense_CSD_backup.enableState != 0u)
 154              		.loc 1 147 0
 155 000c 034B     		ldr	r3, .L11
 156 000e 1B78     		ldrb	r3, [r3]
 157 0010 002B     		cmp	r3, #0
 158 0012 01D0     		beq	.L9
 148:.\Generated_Source\PSoC4/CapSense_CSD_PM.c ****     {
 149:.\Generated_Source\PSoC4/CapSense_CSD_PM.c ****         CapSense_CSD_Enable();
 159              		.loc 1 149 0
 160 0014 FFF7FEFF 		bl	CapSense_CSD_Enable
 161              	.L9:
 150:.\Generated_Source\PSoC4/CapSense_CSD_PM.c ****     }
 151:.\Generated_Source\PSoC4/CapSense_CSD_PM.c **** }
 162              		.loc 1 151 0
 163 0018 BD46     		mov	sp, r7
 164              		@ sp needed
 165 001a 80BD     		pop	{r7, pc}
 166              	.L12:
 167              		.align	2
 168              	.L11:
 169 001c 00000000 		.word	CapSense_CSD_backup
 170              		.cfi_endproc
 171              	.LFE37:
 172              		.size	CapSense_CSD_Wakeup, .-CapSense_CSD_Wakeup
 173              		.text
 174              	.Letext0:
 175              		.file 2 ".\\Generated_Source\\PSoC4\\cytypes.h"
 176              		.file 3 ".\\Generated_Source\\PSoC4\\CapSense_CSD.h"
 177              		.section	.debug_info,"",%progbits
 178              	.Ldebug_info0:
 179 0000 22010000 		.4byte	0x122
 180 0004 0400     		.2byte	0x4
 181 0006 00000000 		.4byte	.Ldebug_abbrev0
 182 000a 04       		.byte	0x4
 183 000b 01       		.uleb128 0x1
 184 000c 3A010000 		.4byte	.LASF21
 185 0010 01       		.byte	0x1
 186 0011 F4000000 		.4byte	.LASF22
 187 0015 90000000 		.4byte	.LASF23
 188 0019 00000000 		.4byte	.Ldebug_ranges0+0
 189 001d 00000000 		.4byte	0
 190 0021 00000000 		.4byte	.Ldebug_line0
 191 0025 02       		.uleb128 0x2
ARM GAS  C:\Users\LUKASC~1\AppData\Local\Temp\ccc5s7e6.s 			page 7


 192 0026 01       		.byte	0x1
 193 0027 06       		.byte	0x6
 194 0028 18020000 		.4byte	.LASF0
 195 002c 02       		.uleb128 0x2
 196 002d 01       		.byte	0x1
 197 002e 08       		.byte	0x8
 198 002f C8010000 		.4byte	.LASF1
 199 0033 02       		.uleb128 0x2
 200 0034 02       		.byte	0x2
 201 0035 05       		.byte	0x5
 202 0036 51020000 		.4byte	.LASF2
 203 003a 02       		.uleb128 0x2
 204 003b 02       		.byte	0x2
 205 003c 07       		.byte	0x7
 206 003d 05020000 		.4byte	.LASF3
 207 0041 02       		.uleb128 0x2
 208 0042 04       		.byte	0x4
 209 0043 05       		.byte	0x5
 210 0044 EF010000 		.4byte	.LASF4
 211 0048 02       		.uleb128 0x2
 212 0049 04       		.byte	0x4
 213 004a 07       		.byte	0x7
 214 004b 34000000 		.4byte	.LASF5
 215 004f 02       		.uleb128 0x2
 216 0050 08       		.byte	0x8
 217 0051 05       		.byte	0x5
 218 0052 00000000 		.4byte	.LASF6
 219 0056 02       		.uleb128 0x2
 220 0057 08       		.byte	0x8
 221 0058 07       		.byte	0x7
 222 0059 46000000 		.4byte	.LASF7
 223 005d 03       		.uleb128 0x3
 224 005e 04       		.byte	0x4
 225 005f 05       		.byte	0x5
 226 0060 696E7400 		.ascii	"int\000"
 227 0064 02       		.uleb128 0x2
 228 0065 04       		.byte	0x4
 229 0066 07       		.byte	0x7
 230 0067 21000000 		.4byte	.LASF8
 231 006b 04       		.uleb128 0x4
 232 006c 2E000000 		.4byte	.LASF9
 233 0070 02       		.byte	0x2
 234 0071 3801     		.2byte	0x138
 235 0073 2C000000 		.4byte	0x2c
 236 0077 04       		.uleb128 0x4
 237 0078 0E000000 		.4byte	.LASF10
 238 007c 02       		.byte	0x2
 239 007d 3A01     		.2byte	0x13a
 240 007f 48000000 		.4byte	0x48
 241 0083 02       		.uleb128 0x2
 242 0084 04       		.byte	0x4
 243 0085 04       		.byte	0x4
 244 0086 37020000 		.4byte	.LASF11
 245 008a 02       		.uleb128 0x2
 246 008b 08       		.byte	0x8
 247 008c 04       		.byte	0x4
 248 008d F8010000 		.4byte	.LASF12
ARM GAS  C:\Users\LUKASC~1\AppData\Local\Temp\ccc5s7e6.s 			page 8


 249 0091 02       		.uleb128 0x2
 250 0092 01       		.byte	0x1
 251 0093 08       		.byte	0x8
 252 0094 EA010000 		.4byte	.LASF13
 253 0098 04       		.uleb128 0x4
 254 0099 FF010000 		.4byte	.LASF14
 255 009d 02       		.byte	0x2
 256 009e E401     		.2byte	0x1e4
 257 00a0 A4000000 		.4byte	0xa4
 258 00a4 05       		.uleb128 0x5
 259 00a5 77000000 		.4byte	0x77
 260 00a9 02       		.uleb128 0x2
 261 00aa 04       		.byte	0x4
 262 00ab 07       		.byte	0x7
 263 00ac 5B020000 		.4byte	.LASF15
 264 00b0 06       		.uleb128 0x6
 265 00b1 01       		.byte	0x1
 266 00b2 03       		.byte	0x3
 267 00b3 94       		.byte	0x94
 268 00b4 C5000000 		.4byte	0xc5
 269 00b8 07       		.uleb128 0x7
 270 00b9 15000000 		.4byte	.LASF24
 271 00bd 03       		.byte	0x3
 272 00be 96       		.byte	0x96
 273 00bf 6B000000 		.4byte	0x6b
 274 00c3 00       		.byte	0
 275 00c4 00       		.byte	0
 276 00c5 08       		.uleb128 0x8
 277 00c6 1F010000 		.4byte	.LASF16
 278 00ca 03       		.byte	0x3
 279 00cb 97       		.byte	0x97
 280 00cc B0000000 		.4byte	0xb0
 281 00d0 09       		.uleb128 0x9
 282 00d1 78000000 		.4byte	.LASF17
 283 00d5 01       		.byte	0x1
 284 00d6 2E       		.byte	0x2e
 285 00d7 00000000 		.4byte	.LFB34
 286 00db 20000000 		.4byte	.LFE34-.LFB34
 287 00df 01       		.uleb128 0x1
 288 00e0 9C       		.byte	0x9c
 289 00e1 0A       		.uleb128 0xa
 290 00e2 24020000 		.4byte	.LASF18
 291 00e6 01       		.byte	0x1
 292 00e7 49       		.byte	0x49
 293 00e8 00000000 		.4byte	.LFB35
 294 00ec 3C000000 		.4byte	.LFE35-.LFB35
 295 00f0 01       		.uleb128 0x1
 296 00f1 9C       		.byte	0x9c
 297 00f2 09       		.uleb128 0x9
 298 00f3 5D000000 		.4byte	.LASF19
 299 00f7 01       		.byte	0x1
 300 00f8 72       		.byte	0x72
 301 00f9 00000000 		.4byte	.LFB36
 302 00fd 08000000 		.4byte	.LFE36-.LFB36
 303 0101 01       		.uleb128 0x1
 304 0102 9C       		.byte	0x9c
 305 0103 0A       		.uleb128 0xa
ARM GAS  C:\Users\LUKASC~1\AppData\Local\Temp\ccc5s7e6.s 			page 9


 306 0104 3D020000 		.4byte	.LASF20
 307 0108 01       		.byte	0x1
 308 0109 8C       		.byte	0x8c
 309 010a 00000000 		.4byte	.LFB37
 310 010e 20000000 		.4byte	.LFE37-.LFB37
 311 0112 01       		.uleb128 0x1
 312 0113 9C       		.byte	0x9c
 313 0114 0B       		.uleb128 0xb
 314 0115 D6010000 		.4byte	.LASF25
 315 0119 01       		.byte	0x1
 316 011a 13       		.byte	0x13
 317 011b C5000000 		.4byte	0xc5
 318 011f 05       		.uleb128 0x5
 319 0120 03       		.byte	0x3
 320 0121 00000000 		.4byte	CapSense_CSD_backup
 321 0125 00       		.byte	0
 322              		.section	.debug_abbrev,"",%progbits
 323              	.Ldebug_abbrev0:
 324 0000 01       		.uleb128 0x1
 325 0001 11       		.uleb128 0x11
 326 0002 01       		.byte	0x1
 327 0003 25       		.uleb128 0x25
 328 0004 0E       		.uleb128 0xe
 329 0005 13       		.uleb128 0x13
 330 0006 0B       		.uleb128 0xb
 331 0007 03       		.uleb128 0x3
 332 0008 0E       		.uleb128 0xe
 333 0009 1B       		.uleb128 0x1b
 334 000a 0E       		.uleb128 0xe
 335 000b 55       		.uleb128 0x55
 336 000c 17       		.uleb128 0x17
 337 000d 11       		.uleb128 0x11
 338 000e 01       		.uleb128 0x1
 339 000f 10       		.uleb128 0x10
 340 0010 17       		.uleb128 0x17
 341 0011 00       		.byte	0
 342 0012 00       		.byte	0
 343 0013 02       		.uleb128 0x2
 344 0014 24       		.uleb128 0x24
 345 0015 00       		.byte	0
 346 0016 0B       		.uleb128 0xb
 347 0017 0B       		.uleb128 0xb
 348 0018 3E       		.uleb128 0x3e
 349 0019 0B       		.uleb128 0xb
 350 001a 03       		.uleb128 0x3
 351 001b 0E       		.uleb128 0xe
 352 001c 00       		.byte	0
 353 001d 00       		.byte	0
 354 001e 03       		.uleb128 0x3
 355 001f 24       		.uleb128 0x24
 356 0020 00       		.byte	0
 357 0021 0B       		.uleb128 0xb
 358 0022 0B       		.uleb128 0xb
 359 0023 3E       		.uleb128 0x3e
 360 0024 0B       		.uleb128 0xb
 361 0025 03       		.uleb128 0x3
 362 0026 08       		.uleb128 0x8
ARM GAS  C:\Users\LUKASC~1\AppData\Local\Temp\ccc5s7e6.s 			page 10


 363 0027 00       		.byte	0
 364 0028 00       		.byte	0
 365 0029 04       		.uleb128 0x4
 366 002a 16       		.uleb128 0x16
 367 002b 00       		.byte	0
 368 002c 03       		.uleb128 0x3
 369 002d 0E       		.uleb128 0xe
 370 002e 3A       		.uleb128 0x3a
 371 002f 0B       		.uleb128 0xb
 372 0030 3B       		.uleb128 0x3b
 373 0031 05       		.uleb128 0x5
 374 0032 49       		.uleb128 0x49
 375 0033 13       		.uleb128 0x13
 376 0034 00       		.byte	0
 377 0035 00       		.byte	0
 378 0036 05       		.uleb128 0x5
 379 0037 35       		.uleb128 0x35
 380 0038 00       		.byte	0
 381 0039 49       		.uleb128 0x49
 382 003a 13       		.uleb128 0x13
 383 003b 00       		.byte	0
 384 003c 00       		.byte	0
 385 003d 06       		.uleb128 0x6
 386 003e 13       		.uleb128 0x13
 387 003f 01       		.byte	0x1
 388 0040 0B       		.uleb128 0xb
 389 0041 0B       		.uleb128 0xb
 390 0042 3A       		.uleb128 0x3a
 391 0043 0B       		.uleb128 0xb
 392 0044 3B       		.uleb128 0x3b
 393 0045 0B       		.uleb128 0xb
 394 0046 01       		.uleb128 0x1
 395 0047 13       		.uleb128 0x13
 396 0048 00       		.byte	0
 397 0049 00       		.byte	0
 398 004a 07       		.uleb128 0x7
 399 004b 0D       		.uleb128 0xd
 400 004c 00       		.byte	0
 401 004d 03       		.uleb128 0x3
 402 004e 0E       		.uleb128 0xe
 403 004f 3A       		.uleb128 0x3a
 404 0050 0B       		.uleb128 0xb
 405 0051 3B       		.uleb128 0x3b
 406 0052 0B       		.uleb128 0xb
 407 0053 49       		.uleb128 0x49
 408 0054 13       		.uleb128 0x13
 409 0055 38       		.uleb128 0x38
 410 0056 0B       		.uleb128 0xb
 411 0057 00       		.byte	0
 412 0058 00       		.byte	0
 413 0059 08       		.uleb128 0x8
 414 005a 16       		.uleb128 0x16
 415 005b 00       		.byte	0
 416 005c 03       		.uleb128 0x3
 417 005d 0E       		.uleb128 0xe
 418 005e 3A       		.uleb128 0x3a
 419 005f 0B       		.uleb128 0xb
ARM GAS  C:\Users\LUKASC~1\AppData\Local\Temp\ccc5s7e6.s 			page 11


 420 0060 3B       		.uleb128 0x3b
 421 0061 0B       		.uleb128 0xb
 422 0062 49       		.uleb128 0x49
 423 0063 13       		.uleb128 0x13
 424 0064 00       		.byte	0
 425 0065 00       		.byte	0
 426 0066 09       		.uleb128 0x9
 427 0067 2E       		.uleb128 0x2e
 428 0068 00       		.byte	0
 429 0069 3F       		.uleb128 0x3f
 430 006a 19       		.uleb128 0x19
 431 006b 03       		.uleb128 0x3
 432 006c 0E       		.uleb128 0xe
 433 006d 3A       		.uleb128 0x3a
 434 006e 0B       		.uleb128 0xb
 435 006f 3B       		.uleb128 0x3b
 436 0070 0B       		.uleb128 0xb
 437 0071 27       		.uleb128 0x27
 438 0072 19       		.uleb128 0x19
 439 0073 11       		.uleb128 0x11
 440 0074 01       		.uleb128 0x1
 441 0075 12       		.uleb128 0x12
 442 0076 06       		.uleb128 0x6
 443 0077 40       		.uleb128 0x40
 444 0078 18       		.uleb128 0x18
 445 0079 9742     		.uleb128 0x2117
 446 007b 19       		.uleb128 0x19
 447 007c 00       		.byte	0
 448 007d 00       		.byte	0
 449 007e 0A       		.uleb128 0xa
 450 007f 2E       		.uleb128 0x2e
 451 0080 00       		.byte	0
 452 0081 3F       		.uleb128 0x3f
 453 0082 19       		.uleb128 0x19
 454 0083 03       		.uleb128 0x3
 455 0084 0E       		.uleb128 0xe
 456 0085 3A       		.uleb128 0x3a
 457 0086 0B       		.uleb128 0xb
 458 0087 3B       		.uleb128 0x3b
 459 0088 0B       		.uleb128 0xb
 460 0089 27       		.uleb128 0x27
 461 008a 19       		.uleb128 0x19
 462 008b 11       		.uleb128 0x11
 463 008c 01       		.uleb128 0x1
 464 008d 12       		.uleb128 0x12
 465 008e 06       		.uleb128 0x6
 466 008f 40       		.uleb128 0x40
 467 0090 18       		.uleb128 0x18
 468 0091 9642     		.uleb128 0x2116
 469 0093 19       		.uleb128 0x19
 470 0094 00       		.byte	0
 471 0095 00       		.byte	0
 472 0096 0B       		.uleb128 0xb
 473 0097 34       		.uleb128 0x34
 474 0098 00       		.byte	0
 475 0099 03       		.uleb128 0x3
 476 009a 0E       		.uleb128 0xe
ARM GAS  C:\Users\LUKASC~1\AppData\Local\Temp\ccc5s7e6.s 			page 12


 477 009b 3A       		.uleb128 0x3a
 478 009c 0B       		.uleb128 0xb
 479 009d 3B       		.uleb128 0x3b
 480 009e 0B       		.uleb128 0xb
 481 009f 49       		.uleb128 0x49
 482 00a0 13       		.uleb128 0x13
 483 00a1 02       		.uleb128 0x2
 484 00a2 18       		.uleb128 0x18
 485 00a3 00       		.byte	0
 486 00a4 00       		.byte	0
 487 00a5 00       		.byte	0
 488              		.section	.debug_aranges,"",%progbits
 489 0000 34000000 		.4byte	0x34
 490 0004 0200     		.2byte	0x2
 491 0006 00000000 		.4byte	.Ldebug_info0
 492 000a 04       		.byte	0x4
 493 000b 00       		.byte	0
 494 000c 0000     		.2byte	0
 495 000e 0000     		.2byte	0
 496 0010 00000000 		.4byte	.LFB34
 497 0014 20000000 		.4byte	.LFE34-.LFB34
 498 0018 00000000 		.4byte	.LFB35
 499 001c 3C000000 		.4byte	.LFE35-.LFB35
 500 0020 00000000 		.4byte	.LFB36
 501 0024 08000000 		.4byte	.LFE36-.LFB36
 502 0028 00000000 		.4byte	.LFB37
 503 002c 20000000 		.4byte	.LFE37-.LFB37
 504 0030 00000000 		.4byte	0
 505 0034 00000000 		.4byte	0
 506              		.section	.debug_ranges,"",%progbits
 507              	.Ldebug_ranges0:
 508 0000 00000000 		.4byte	.LFB34
 509 0004 20000000 		.4byte	.LFE34
 510 0008 00000000 		.4byte	.LFB35
 511 000c 3C000000 		.4byte	.LFE35
 512 0010 00000000 		.4byte	.LFB36
 513 0014 08000000 		.4byte	.LFE36
 514 0018 00000000 		.4byte	.LFB37
 515 001c 20000000 		.4byte	.LFE37
 516 0020 00000000 		.4byte	0
 517 0024 00000000 		.4byte	0
 518              		.section	.debug_line,"",%progbits
 519              	.Ldebug_line0:
 520 0000 B5000000 		.section	.debug_str,"MS",%progbits,1
 520      02006000 
 520      00000201 
 520      FB0E0D00 
 520      01010101 
 521              	.LASF6:
 522 0000 6C6F6E67 		.ascii	"long long int\000"
 522      206C6F6E 
 522      6720696E 
 522      7400
 523              	.LASF10:
 524 000e 75696E74 		.ascii	"uint32\000"
 524      333200
 525              	.LASF24:
ARM GAS  C:\Users\LUKASC~1\AppData\Local\Temp\ccc5s7e6.s 			page 13


 526 0015 656E6162 		.ascii	"enableState\000"
 526      6C655374 
 526      61746500 
 527              	.LASF8:
 528 0021 756E7369 		.ascii	"unsigned int\000"
 528      676E6564 
 528      20696E74 
 528      00
 529              	.LASF9:
 530 002e 75696E74 		.ascii	"uint8\000"
 530      3800
 531              	.LASF5:
 532 0034 6C6F6E67 		.ascii	"long unsigned int\000"
 532      20756E73 
 532      69676E65 
 532      6420696E 
 532      7400
 533              	.LASF7:
 534 0046 6C6F6E67 		.ascii	"long long unsigned int\000"
 534      206C6F6E 
 534      6720756E 
 534      7369676E 
 534      65642069 
 535              	.LASF19:
 536 005d 43617053 		.ascii	"CapSense_CSD_RestoreConfig\000"
 536      656E7365 
 536      5F435344 
 536      5F526573 
 536      746F7265 
 537              	.LASF17:
 538 0078 43617053 		.ascii	"CapSense_CSD_SaveConfig\000"
 538      656E7365 
 538      5F435344 
 538      5F536176 
 538      65436F6E 
 539              	.LASF23:
 540 0090 433A5C55 		.ascii	"C:\\Users\\Lukas Creutzburg\\Documents\\Daten\\Prog"
 540      73657273 
 540      5C4C756B 
 540      61732043 
 540      72657574 
 541 00be 72616D6D 		.ascii	"rammierprojekte\\GitHub\\freeDSPPSoC-I2C\\CapSense."
 541      69657270 
 541      726F6A65 
 541      6B74655C 
 541      47697448 
 542 00ee 63796473 		.ascii	"cydsn\000"
 542      6E00
 543              	.LASF22:
 544 00f4 2E5C4765 		.ascii	".\\Generated_Source\\PSoC4\\CapSense_CSD_PM.c\000"
 544      6E657261 
 544      7465645F 
 544      536F7572 
 544      63655C50 
 545              	.LASF16:
 546 011f 43617053 		.ascii	"CapSense_CSD_BACKUP_STRUCT\000"
 546      656E7365 
ARM GAS  C:\Users\LUKASC~1\AppData\Local\Temp\ccc5s7e6.s 			page 14


 546      5F435344 
 546      5F424143 
 546      4B55505F 
 547              	.LASF21:
 548 013a 474E5520 		.ascii	"GNU C 4.9.3 20150303 (release) [ARM/embedded-4_9-br"
 548      4320342E 
 548      392E3320 
 548      32303135 
 548      30333033 
 549 016d 616E6368 		.ascii	"anch revision 221220] -mcpu=cortex-m0 -mthumb -g -O"
 549      20726576 
 549      6973696F 
 549      6E203232 
 549      31323230 
 550 01a0 30202D66 		.ascii	"0 -ffunction-sections -ffat-lto-objects\000"
 550      66756E63 
 550      74696F6E 
 550      2D736563 
 550      74696F6E 
 551              	.LASF1:
 552 01c8 756E7369 		.ascii	"unsigned char\000"
 552      676E6564 
 552      20636861 
 552      7200
 553              	.LASF25:
 554 01d6 43617053 		.ascii	"CapSense_CSD_backup\000"
 554      656E7365 
 554      5F435344 
 554      5F626163 
 554      6B757000 
 555              	.LASF13:
 556 01ea 63686172 		.ascii	"char\000"
 556      00
 557              	.LASF4:
 558 01ef 6C6F6E67 		.ascii	"long int\000"
 558      20696E74 
 558      00
 559              	.LASF12:
 560 01f8 646F7562 		.ascii	"double\000"
 560      6C6500
 561              	.LASF14:
 562 01ff 72656733 		.ascii	"reg32\000"
 562      3200
 563              	.LASF3:
 564 0205 73686F72 		.ascii	"short unsigned int\000"
 564      7420756E 
 564      7369676E 
 564      65642069 
 564      6E7400
 565              	.LASF0:
 566 0218 7369676E 		.ascii	"signed char\000"
 566      65642063 
 566      68617200 
 567              	.LASF18:
 568 0224 43617053 		.ascii	"CapSense_CSD_Sleep\000"
 568      656E7365 
 568      5F435344 
ARM GAS  C:\Users\LUKASC~1\AppData\Local\Temp\ccc5s7e6.s 			page 15


 568      5F536C65 
 568      657000
 569              	.LASF11:
 570 0237 666C6F61 		.ascii	"float\000"
 570      7400
 571              	.LASF20:
 572 023d 43617053 		.ascii	"CapSense_CSD_Wakeup\000"
 572      656E7365 
 572      5F435344 
 572      5F57616B 
 572      65757000 
 573              	.LASF2:
 574 0251 73686F72 		.ascii	"short int\000"
 574      7420696E 
 574      7400
 575              	.LASF15:
 576 025b 73697A65 		.ascii	"sizetype\000"
 576      74797065 
 576      00
 577              		.ident	"GCC: (GNU Tools for ARM Embedded Processors) 4.9.3 20150303 (release) [ARM/embedded-4_9-br
