ARM GAS  C:\Users\LUKASC~1\AppData\Local\Temp\ccyW2NHi.s 			page 1


   1              		.cpu cortex-m0
   2              		.fpu softvfp
   3              		.eabi_attribute 20, 1
   4              		.eabi_attribute 21, 1
   5              		.eabi_attribute 23, 3
   6              		.eabi_attribute 24, 1
   7              		.eabi_attribute 25, 1
   8              		.eabi_attribute 26, 1
   9              		.eabi_attribute 30, 6
  10              		.eabi_attribute 34, 0
  11              		.eabi_attribute 18, 4
  12              		.code	16
  13              		.file	"CapSense_CSD_INT.c"
  14              		.text
  15              	.Ltext0:
  16              		.cfi_sections	.debug_frame
  17              		.section	.text.CapSense_CSD_ISR,"ax",%progbits
  18              		.align	2
  19              		.global	CapSense_CSD_ISR
  20              		.code	16
  21              		.thumb_func
  22              		.type	CapSense_CSD_ISR, %function
  23              	CapSense_CSD_ISR:
  24              	.LFB34:
  25              		.file 1 ".\\Generated_Source\\PSoC4\\CapSense_CSD_INT.c"
   1:.\Generated_Source\PSoC4/CapSense_CSD_INT.c **** /*******************************************************************************
   2:.\Generated_Source\PSoC4/CapSense_CSD_INT.c **** * File Name: CapSense_CSD_INT.c
   3:.\Generated_Source\PSoC4/CapSense_CSD_INT.c **** * Version 2.40
   4:.\Generated_Source\PSoC4/CapSense_CSD_INT.c **** *
   5:.\Generated_Source\PSoC4/CapSense_CSD_INT.c **** * Description:
   6:.\Generated_Source\PSoC4/CapSense_CSD_INT.c **** *  This file provides the source code of the  Interrupt Service Routine (ISR)
   7:.\Generated_Source\PSoC4/CapSense_CSD_INT.c **** *  for the CapSense CSD component.
   8:.\Generated_Source\PSoC4/CapSense_CSD_INT.c **** *
   9:.\Generated_Source\PSoC4/CapSense_CSD_INT.c **** * Note:
  10:.\Generated_Source\PSoC4/CapSense_CSD_INT.c **** *
  11:.\Generated_Source\PSoC4/CapSense_CSD_INT.c **** ********************************************************************************
  12:.\Generated_Source\PSoC4/CapSense_CSD_INT.c **** * Copyright 2013-2015, Cypress Semiconductor Corporation.  All rights reserved.
  13:.\Generated_Source\PSoC4/CapSense_CSD_INT.c **** * You may use this file only in accordance with the license, terms, conditions,
  14:.\Generated_Source\PSoC4/CapSense_CSD_INT.c **** * disclaimers, and limitations in the end user license agreement accompanying
  15:.\Generated_Source\PSoC4/CapSense_CSD_INT.c **** * the software package with which this file was provided.
  16:.\Generated_Source\PSoC4/CapSense_CSD_INT.c **** *******************************************************************************/
  17:.\Generated_Source\PSoC4/CapSense_CSD_INT.c **** 
  18:.\Generated_Source\PSoC4/CapSense_CSD_INT.c **** #include "CapSense_CSD.h"
  19:.\Generated_Source\PSoC4/CapSense_CSD_INT.c **** #include "CapSense_CSD_PVT.h"
  20:.\Generated_Source\PSoC4/CapSense_CSD_INT.c **** #include "cyapicallbacks.h"
  21:.\Generated_Source\PSoC4/CapSense_CSD_INT.c **** 
  22:.\Generated_Source\PSoC4/CapSense_CSD_INT.c **** 
  23:.\Generated_Source\PSoC4/CapSense_CSD_INT.c **** /*******************************************************************************
  24:.\Generated_Source\PSoC4/CapSense_CSD_INT.c **** *  Place your includes, defines and code here
  25:.\Generated_Source\PSoC4/CapSense_CSD_INT.c **** ********************************************************************************/
  26:.\Generated_Source\PSoC4/CapSense_CSD_INT.c **** /* `#START CapSense_CSD_ISR_INTC` */
  27:.\Generated_Source\PSoC4/CapSense_CSD_INT.c **** 
  28:.\Generated_Source\PSoC4/CapSense_CSD_INT.c **** /* `#END` */
  29:.\Generated_Source\PSoC4/CapSense_CSD_INT.c **** 
  30:.\Generated_Source\PSoC4/CapSense_CSD_INT.c **** 
  31:.\Generated_Source\PSoC4/CapSense_CSD_INT.c **** /*******************************************************************************
  32:.\Generated_Source\PSoC4/CapSense_CSD_INT.c **** * Function Name: CapSense_CSD_ISR
ARM GAS  C:\Users\LUKASC~1\AppData\Local\Temp\ccyW2NHi.s 			page 2


  33:.\Generated_Source\PSoC4/CapSense_CSD_INT.c **** ********************************************************************************
  34:.\Generated_Source\PSoC4/CapSense_CSD_INT.c **** *
  35:.\Generated_Source\PSoC4/CapSense_CSD_INT.c **** * Summary:
  36:.\Generated_Source\PSoC4/CapSense_CSD_INT.c **** *  This ISR is executed when the measure window is closed. The measure window
  37:.\Generated_Source\PSoC4/CapSense_CSD_INT.c **** *  depends on the sensor scan resolution parameter.
  38:.\Generated_Source\PSoC4/CapSense_CSD_INT.c **** *  The ISR has two modes:
  39:.\Generated_Source\PSoC4/CapSense_CSD_INT.c **** *   1. Scans a single sensor and stores the measure result.
  40:.\Generated_Source\PSoC4/CapSense_CSD_INT.c **** *   2. Stores the result of the current measure and starts the next scan till all
  41:.\Generated_Source\PSoC4/CapSense_CSD_INT.c **** *      the enabled sensors are scanned.
  42:.\Generated_Source\PSoC4/CapSense_CSD_INT.c **** *  This interrupt handler is only used in one channel designs.
  43:.\Generated_Source\PSoC4/CapSense_CSD_INT.c **** *
  44:.\Generated_Source\PSoC4/CapSense_CSD_INT.c **** * Parameters:
  45:.\Generated_Source\PSoC4/CapSense_CSD_INT.c **** *  None
  46:.\Generated_Source\PSoC4/CapSense_CSD_INT.c **** *
  47:.\Generated_Source\PSoC4/CapSense_CSD_INT.c **** * Return:
  48:.\Generated_Source\PSoC4/CapSense_CSD_INT.c **** *  None
  49:.\Generated_Source\PSoC4/CapSense_CSD_INT.c **** *
  50:.\Generated_Source\PSoC4/CapSense_CSD_INT.c **** * Global Variables:
  51:.\Generated_Source\PSoC4/CapSense_CSD_INT.c **** *  CapSense_CSD_csv - used to provide the status and mode of the scanning process.
  52:.\Generated_Source\PSoC4/CapSense_CSD_INT.c **** *   Mode - a single scan or scan of all the enabled sensors.
  53:.\Generated_Source\PSoC4/CapSense_CSD_INT.c **** *   Status - scan is in progress or ready for new scan.
  54:.\Generated_Source\PSoC4/CapSense_CSD_INT.c **** *  CapSense_CSD_sensorIndex - used to store a sensor scanning sensor number.
  55:.\Generated_Source\PSoC4/CapSense_CSD_INT.c **** *
  56:.\Generated_Source\PSoC4/CapSense_CSD_INT.c **** * Reentrant:
  57:.\Generated_Source\PSoC4/CapSense_CSD_INT.c **** *  No
  58:.\Generated_Source\PSoC4/CapSense_CSD_INT.c **** *
  59:.\Generated_Source\PSoC4/CapSense_CSD_INT.c **** *******************************************************************************/
  60:.\Generated_Source\PSoC4/CapSense_CSD_INT.c **** CY_ISR(CapSense_CSD_ISR)
  61:.\Generated_Source\PSoC4/CapSense_CSD_INT.c **** {
  26              		.loc 1 61 0
  27              		.cfi_startproc
  28 0000 80B5     		push	{r7, lr}
  29              		.cfi_def_cfa_offset 8
  30              		.cfi_offset 7, -8
  31              		.cfi_offset 14, -4
  32 0002 00AF     		add	r7, sp, #0
  33              		.cfi_def_cfa_register 7
  62:.\Generated_Source\PSoC4/CapSense_CSD_INT.c ****     static uint8 CapSense_CSD_snsIndexTmp;
  63:.\Generated_Source\PSoC4/CapSense_CSD_INT.c **** 
  64:.\Generated_Source\PSoC4/CapSense_CSD_INT.c ****     #ifdef CapSense_CSD_ISR_ENTRY_CALLBACK
  65:.\Generated_Source\PSoC4/CapSense_CSD_INT.c ****         CapSense_CSD_ISR_EntryCallback();
  66:.\Generated_Source\PSoC4/CapSense_CSD_INT.c ****     #endif /* CapSense_CSD_ISR_ENTRY_CALLBACK */
  67:.\Generated_Source\PSoC4/CapSense_CSD_INT.c **** 
  68:.\Generated_Source\PSoC4/CapSense_CSD_INT.c ****     /*  Place your Interrupt code here. */
  69:.\Generated_Source\PSoC4/CapSense_CSD_INT.c ****     /* `#START CapSense_CSD_ISR_ENTER` */
  70:.\Generated_Source\PSoC4/CapSense_CSD_INT.c **** 
  71:.\Generated_Source\PSoC4/CapSense_CSD_INT.c ****     /* `#END` */
  72:.\Generated_Source\PSoC4/CapSense_CSD_INT.c **** 
  73:.\Generated_Source\PSoC4/CapSense_CSD_INT.c ****     CyIntDisable(CapSense_CSD_ISR_NUMBER);
  34              		.loc 1 73 0
  35 0004 0F20     		mov	r0, #15
  36 0006 FFF7FEFF 		bl	CyIntDisable
  74:.\Generated_Source\PSoC4/CapSense_CSD_INT.c **** 
  75:.\Generated_Source\PSoC4/CapSense_CSD_INT.c ****     CapSense_CSD_CSD_INTR_REG = 1u;
  37              		.loc 1 75 0
  38 000a 2D4B     		ldr	r3, .L7
  39 000c 0122     		mov	r2, #1
ARM GAS  C:\Users\LUKASC~1\AppData\Local\Temp\ccyW2NHi.s 			page 3


  40 000e 1A60     		str	r2, [r3]
  76:.\Generated_Source\PSoC4/CapSense_CSD_INT.c **** 
  77:.\Generated_Source\PSoC4/CapSense_CSD_INT.c ****     CapSense_CSD_PostScan((uint32)CapSense_CSD_sensorIndex);
  41              		.loc 1 77 0
  42 0010 2C4B     		ldr	r3, .L7+4
  43 0012 1B78     		ldrb	r3, [r3]
  44 0014 DBB2     		uxtb	r3, r3
  45 0016 181C     		mov	r0, r3
  46 0018 FFF7FEFF 		bl	CapSense_CSD_PostScan
  78:.\Generated_Source\PSoC4/CapSense_CSD_INT.c **** 
  79:.\Generated_Source\PSoC4/CapSense_CSD_INT.c ****     if ((CapSense_CSD_csdStatusVar & CapSense_CSD_SW_CTRL_SINGLE_SCAN) != 0u)
  47              		.loc 1 79 0
  48 001c 2A4B     		ldr	r3, .L7+8
  49 001e 1B78     		ldrb	r3, [r3]
  50 0020 DBB2     		uxtb	r3, r3
  51 0022 DBB2     		uxtb	r3, r3
  52 0024 5BB2     		sxtb	r3, r3
  53 0026 002B     		cmp	r3, #0
  54 0028 08DA     		bge	.L2
  80:.\Generated_Source\PSoC4/CapSense_CSD_INT.c ****     {
  81:.\Generated_Source\PSoC4/CapSense_CSD_INT.c ****         CapSense_CSD_csdStatusVar &= (uint8)~CapSense_CSD_SW_STS_BUSY;
  55              		.loc 1 81 0
  56 002a 274B     		ldr	r3, .L7+8
  57 002c 1B78     		ldrb	r3, [r3]
  58 002e DBB2     		uxtb	r3, r3
  59 0030 0122     		mov	r2, #1
  60 0032 9343     		bic	r3, r2
  61 0034 DAB2     		uxtb	r2, r3
  62 0036 244B     		ldr	r3, .L7+8
  63 0038 1A70     		strb	r2, [r3]
  64 003a 3CE0     		b	.L3
  65              	.L2:
  82:.\Generated_Source\PSoC4/CapSense_CSD_INT.c ****     }
  83:.\Generated_Source\PSoC4/CapSense_CSD_INT.c ****     else
  84:.\Generated_Source\PSoC4/CapSense_CSD_INT.c ****     {
  85:.\Generated_Source\PSoC4/CapSense_CSD_INT.c ****         /* Proceed scanning */
  86:.\Generated_Source\PSoC4/CapSense_CSD_INT.c ****         CapSense_CSD_sensorIndex = CapSense_CSD_FindNextSensor(CapSense_CSD_sensorIndex);
  66              		.loc 1 86 0
  67 003c 214B     		ldr	r3, .L7+4
  68 003e 1B78     		ldrb	r3, [r3]
  69 0040 DBB2     		uxtb	r3, r3
  70 0042 181C     		mov	r0, r3
  71 0044 FFF7FEFF 		bl	CapSense_CSD_FindNextSensor
  72 0048 031C     		mov	r3, r0
  73 004a 1A1C     		mov	r2, r3
  74 004c 1D4B     		ldr	r3, .L7+4
  75 004e 1A70     		strb	r2, [r3]
  87:.\Generated_Source\PSoC4/CapSense_CSD_INT.c **** 
  88:.\Generated_Source\PSoC4/CapSense_CSD_INT.c ****         /* Check end of scan */
  89:.\Generated_Source\PSoC4/CapSense_CSD_INT.c ****         if(CapSense_CSD_sensorIndex < CapSense_CSD_TOTAL_SENSOR_COUNT)
  76              		.loc 1 89 0
  77 0050 1C4B     		ldr	r3, .L7+4
  78 0052 1B78     		ldrb	r3, [r3]
  79 0054 DBB2     		uxtb	r3, r3
  80 0056 0B2B     		cmp	r3, #11
  81 0058 06D8     		bhi	.L4
  90:.\Generated_Source\PSoC4/CapSense_CSD_INT.c ****         {
ARM GAS  C:\Users\LUKASC~1\AppData\Local\Temp\ccyW2NHi.s 			page 4


  91:.\Generated_Source\PSoC4/CapSense_CSD_INT.c ****             CapSense_CSD_PreScan((uint32)CapSense_CSD_sensorIndex);
  82              		.loc 1 91 0
  83 005a 1A4B     		ldr	r3, .L7+4
  84 005c 1B78     		ldrb	r3, [r3]
  85 005e DBB2     		uxtb	r3, r3
  86 0060 181C     		mov	r0, r3
  87 0062 FFF7FEFF 		bl	CapSense_CSD_PreScan
  88 0066 26E0     		b	.L3
  89              	.L4:
  92:.\Generated_Source\PSoC4/CapSense_CSD_INT.c ****         }
  93:.\Generated_Source\PSoC4/CapSense_CSD_INT.c ****         else
  94:.\Generated_Source\PSoC4/CapSense_CSD_INT.c ****         {
  95:.\Generated_Source\PSoC4/CapSense_CSD_INT.c ****             CapSense_CSD_csdStatusVar &= (uint8)~CapSense_CSD_SW_STS_BUSY;
  90              		.loc 1 95 0
  91 0068 174B     		ldr	r3, .L7+8
  92 006a 1B78     		ldrb	r3, [r3]
  93 006c DBB2     		uxtb	r3, r3
  94 006e 0122     		mov	r2, #1
  95 0070 9343     		bic	r3, r2
  96 0072 DAB2     		uxtb	r2, r3
  97 0074 144B     		ldr	r3, .L7+8
  98 0076 1A70     		strb	r2, [r3]
  96:.\Generated_Source\PSoC4/CapSense_CSD_INT.c **** 
  97:.\Generated_Source\PSoC4/CapSense_CSD_INT.c ****              /* Check if widget has been scanned */
  98:.\Generated_Source\PSoC4/CapSense_CSD_INT.c ****             if((CapSense_CSD_csdStatusVar & CapSense_CSD_SW_CTRL_WIDGET_SCAN) != 0u)
  99              		.loc 1 98 0
 100 0078 134B     		ldr	r3, .L7+8
 101 007a 1B78     		ldrb	r3, [r3]
 102 007c DBB2     		uxtb	r3, r3
 103 007e 1A1C     		mov	r2, r3
 104 0080 4023     		mov	r3, #64
 105 0082 1340     		and	r3, r2
 106 0084 17D0     		beq	.L3
  99:.\Generated_Source\PSoC4/CapSense_CSD_INT.c ****             {
 100:.\Generated_Source\PSoC4/CapSense_CSD_INT.c ****                 /* Restore sensorEnableMask array */
 101:.\Generated_Source\PSoC4/CapSense_CSD_INT.c ****                 for(CapSense_CSD_snsIndexTmp = 0u;
 107              		.loc 1 101 0
 108 0086 114B     		ldr	r3, .L7+12
 109 0088 0022     		mov	r2, #0
 110 008a 1A70     		strb	r2, [r3]
 111 008c 0FE0     		b	.L5
 112              	.L6:
 102:.\Generated_Source\PSoC4/CapSense_CSD_INT.c ****                     CapSense_CSD_snsIndexTmp < CapSense_CSD_TOTAL_SENSOR_MASK;
 103:.\Generated_Source\PSoC4/CapSense_CSD_INT.c ****                     CapSense_CSD_snsIndexTmp++)
 104:.\Generated_Source\PSoC4/CapSense_CSD_INT.c ****                 {
 105:.\Generated_Source\PSoC4/CapSense_CSD_INT.c ****                     /* Backup sensorEnableMask array */
 106:.\Generated_Source\PSoC4/CapSense_CSD_INT.c ****                     CapSense_CSD_sensorEnableMask[CapSense_CSD_snsIndexTmp] = CapSense_CSD_sensorEn
 113              		.loc 1 106 0
 114 008e 0F4B     		ldr	r3, .L7+12
 115 0090 1B78     		ldrb	r3, [r3]
 116 0092 1A1C     		mov	r2, r3
 117 0094 0D4B     		ldr	r3, .L7+12
 118 0096 1B78     		ldrb	r3, [r3]
 119 0098 191C     		mov	r1, r3
 120 009a 0D4B     		ldr	r3, .L7+16
 121 009c 595C     		ldrb	r1, [r3, r1]
 122 009e 0D4B     		ldr	r3, .L7+20
ARM GAS  C:\Users\LUKASC~1\AppData\Local\Temp\ccyW2NHi.s 			page 5


 123 00a0 9954     		strb	r1, [r3, r2]
 103:.\Generated_Source\PSoC4/CapSense_CSD_INT.c ****                 {
 124              		.loc 1 103 0
 125 00a2 0A4B     		ldr	r3, .L7+12
 126 00a4 1B78     		ldrb	r3, [r3]
 127 00a6 0133     		add	r3, r3, #1
 128 00a8 DAB2     		uxtb	r2, r3
 129 00aa 084B     		ldr	r3, .L7+12
 130 00ac 1A70     		strb	r2, [r3]
 131              	.L5:
 102:.\Generated_Source\PSoC4/CapSense_CSD_INT.c ****                     CapSense_CSD_snsIndexTmp < CapSense_CSD_TOTAL_SENSOR_MASK;
 132              		.loc 1 102 0 discriminator 1
 133 00ae 074B     		ldr	r3, .L7+12
 134 00b0 1B78     		ldrb	r3, [r3]
 101:.\Generated_Source\PSoC4/CapSense_CSD_INT.c ****                     CapSense_CSD_snsIndexTmp < CapSense_CSD_TOTAL_SENSOR_MASK;
 135              		.loc 1 101 0 discriminator 1
 136 00b2 012B     		cmp	r3, #1
 137 00b4 EBD9     		bls	.L6
 138              	.L3:
 107:.\Generated_Source\PSoC4/CapSense_CSD_INT.c ****                 }
 108:.\Generated_Source\PSoC4/CapSense_CSD_INT.c ****             }
 109:.\Generated_Source\PSoC4/CapSense_CSD_INT.c ****         }
 110:.\Generated_Source\PSoC4/CapSense_CSD_INT.c ****     }
 111:.\Generated_Source\PSoC4/CapSense_CSD_INT.c ****     CyIntEnable(CapSense_CSD_ISR_NUMBER);
 139              		.loc 1 111 0
 140 00b6 0F20     		mov	r0, #15
 141 00b8 FFF7FEFF 		bl	CyIntEnable
 112:.\Generated_Source\PSoC4/CapSense_CSD_INT.c **** 
 113:.\Generated_Source\PSoC4/CapSense_CSD_INT.c ****     /*  Place your Interrupt code here. */
 114:.\Generated_Source\PSoC4/CapSense_CSD_INT.c ****     /* `#START CapSense_CSD_ISR_EXIT` */
 115:.\Generated_Source\PSoC4/CapSense_CSD_INT.c **** 
 116:.\Generated_Source\PSoC4/CapSense_CSD_INT.c ****     /* `#END` */
 117:.\Generated_Source\PSoC4/CapSense_CSD_INT.c **** 
 118:.\Generated_Source\PSoC4/CapSense_CSD_INT.c ****     #ifdef CapSense_CSD_ISR_EXIT_CALLBACK
 119:.\Generated_Source\PSoC4/CapSense_CSD_INT.c ****         CapSense_CSD_ISR_ExitCallback();
 120:.\Generated_Source\PSoC4/CapSense_CSD_INT.c ****     #endif /* CapSense_CSD_ISR_EXIT_CALLBACK */
 121:.\Generated_Source\PSoC4/CapSense_CSD_INT.c **** }
 142              		.loc 1 121 0
 143 00bc BD46     		mov	sp, r7
 144              		@ sp needed
 145 00be 80BD     		pop	{r7, pc}
 146              	.L8:
 147              		.align	2
 148              	.L7:
 149 00c0 14000840 		.word	1074266132
 150 00c4 00000000 		.word	CapSense_CSD_sensorIndex
 151 00c8 00000000 		.word	CapSense_CSD_csdStatusVar
 152 00cc 00000000 		.word	CapSense_CSD_snsIndexTmp.5235
 153 00d0 00000000 		.word	CapSense_CSD_sensorEnableMaskBackup
 154 00d4 00000000 		.word	CapSense_CSD_sensorEnableMask
 155              		.cfi_endproc
 156              	.LFE34:
 157              		.size	CapSense_CSD_ISR, .-CapSense_CSD_ISR
 158              		.bss
 159              	CapSense_CSD_snsIndexTmp.5235:
 160 0000 00       		.space	1
 161              		.text
ARM GAS  C:\Users\LUKASC~1\AppData\Local\Temp\ccyW2NHi.s 			page 6


 162              	.Letext0:
 163              		.file 2 ".\\Generated_Source\\PSoC4\\cytypes.h"
 164              		.file 3 ".\\Generated_Source\\PSoC4\\CapSense_CSD.h"
 165              		.section	.debug_info,"",%progbits
 166              	.Ldebug_info0:
 167 0000 19010000 		.4byte	0x119
 168 0004 0400     		.2byte	0x4
 169 0006 00000000 		.4byte	.Ldebug_abbrev0
 170 000a 04       		.byte	0x4
 171 000b 01       		.uleb128 0x1
 172 000c C7000000 		.4byte	.LASF20
 173 0010 01       		.byte	0x1
 174 0011 81000000 		.4byte	.LASF21
 175 0015 B6010000 		.4byte	.LASF22
 176 0019 00000000 		.4byte	.Ldebug_ranges0+0
 177 001d 00000000 		.4byte	0
 178 0021 00000000 		.4byte	.Ldebug_line0
 179 0025 02       		.uleb128 0x2
 180 0026 01       		.byte	0x1
 181 0027 06       		.byte	0x6
 182 0028 AA010000 		.4byte	.LASF0
 183 002c 02       		.uleb128 0x2
 184 002d 01       		.byte	0x1
 185 002e 08       		.byte	0x8
 186 002f 55010000 		.4byte	.LASF1
 187 0033 02       		.uleb128 0x2
 188 0034 02       		.byte	0x2
 189 0035 05       		.byte	0x5
 190 0036 49020000 		.4byte	.LASF2
 191 003a 02       		.uleb128 0x2
 192 003b 02       		.byte	0x2
 193 003c 07       		.byte	0x7
 194 003d 97010000 		.4byte	.LASF3
 195 0041 02       		.uleb128 0x2
 196 0042 04       		.byte	0x4
 197 0043 05       		.byte	0x5
 198 0044 81010000 		.4byte	.LASF4
 199 0048 02       		.uleb128 0x2
 200 0049 04       		.byte	0x4
 201 004a 07       		.byte	0x7
 202 004b 41000000 		.4byte	.LASF5
 203 004f 02       		.uleb128 0x2
 204 0050 08       		.byte	0x8
 205 0051 05       		.byte	0x5
 206 0052 00000000 		.4byte	.LASF6
 207 0056 02       		.uleb128 0x2
 208 0057 08       		.byte	0x8
 209 0058 07       		.byte	0x7
 210 0059 53000000 		.4byte	.LASF7
 211 005d 03       		.uleb128 0x3
 212 005e 04       		.byte	0x4
 213 005f 05       		.byte	0x5
 214 0060 696E7400 		.ascii	"int\000"
 215 0064 02       		.uleb128 0x2
 216 0065 04       		.byte	0x4
 217 0066 07       		.byte	0x7
 218 0067 15000000 		.4byte	.LASF8
ARM GAS  C:\Users\LUKASC~1\AppData\Local\Temp\ccyW2NHi.s 			page 7


 219 006b 04       		.uleb128 0x4
 220 006c 3B000000 		.4byte	.LASF9
 221 0070 02       		.byte	0x2
 222 0071 9801     		.2byte	0x198
 223 0073 2C000000 		.4byte	0x2c
 224 0077 04       		.uleb128 0x4
 225 0078 0E000000 		.4byte	.LASF10
 226 007c 02       		.byte	0x2
 227 007d 9A01     		.2byte	0x19a
 228 007f 48000000 		.4byte	0x48
 229 0083 02       		.uleb128 0x2
 230 0084 04       		.byte	0x4
 231 0085 04       		.byte	0x4
 232 0086 6A000000 		.4byte	.LASF11
 233 008a 02       		.uleb128 0x2
 234 008b 08       		.byte	0x8
 235 008c 04       		.byte	0x4
 236 008d 8A010000 		.4byte	.LASF12
 237 0091 02       		.uleb128 0x2
 238 0092 01       		.byte	0x1
 239 0093 08       		.byte	0x8
 240 0094 63010000 		.4byte	.LASF13
 241 0098 05       		.uleb128 0x5
 242 0099 6B000000 		.4byte	0x6b
 243 009d 04       		.uleb128 0x4
 244 009e 91010000 		.4byte	.LASF14
 245 00a2 02       		.byte	0x2
 246 00a3 4402     		.2byte	0x244
 247 00a5 A9000000 		.4byte	0xa9
 248 00a9 05       		.uleb128 0x5
 249 00aa 77000000 		.4byte	0x77
 250 00ae 02       		.uleb128 0x2
 251 00af 04       		.byte	0x4
 252 00b0 07       		.byte	0x7
 253 00b1 53020000 		.4byte	.LASF15
 254 00b5 06       		.uleb128 0x6
 255 00b6 70000000 		.4byte	.LASF23
 256 00ba 01       		.byte	0x1
 257 00bb 3C       		.byte	0x3c
 258 00bc 00000000 		.4byte	.LFB34
 259 00c0 D8000000 		.4byte	.LFE34-.LFB34
 260 00c4 01       		.uleb128 0x1
 261 00c5 9C       		.byte	0x9c
 262 00c6 DC000000 		.4byte	0xdc
 263 00ca 07       		.uleb128 0x7
 264 00cb 68010000 		.4byte	.LASF24
 265 00cf 01       		.byte	0x1
 266 00d0 3E       		.byte	0x3e
 267 00d1 6B000000 		.4byte	0x6b
 268 00d5 05       		.uleb128 0x5
 269 00d6 03       		.byte	0x3
 270 00d7 00000000 		.4byte	CapSense_CSD_snsIndexTmp.5235
 271 00db 00       		.byte	0
 272 00dc 08       		.uleb128 0x8
 273 00dd AD000000 		.4byte	.LASF16
 274 00e1 03       		.byte	0x3
 275 00e2 CC02     		.2byte	0x2cc
ARM GAS  C:\Users\LUKASC~1\AppData\Local\Temp\ccyW2NHi.s 			page 8


 276 00e4 98000000 		.4byte	0x98
 277 00e8 08       		.uleb128 0x8
 278 00e9 22000000 		.4byte	.LASF17
 279 00ed 03       		.byte	0x3
 280 00ee CD02     		.2byte	0x2cd
 281 00f0 98000000 		.4byte	0x98
 282 00f4 09       		.uleb128 0x9
 283 00f5 6B000000 		.4byte	0x6b
 284 00f9 04010000 		.4byte	0x104
 285 00fd 0A       		.uleb128 0xa
 286 00fe AE000000 		.4byte	0xae
 287 0102 01       		.byte	0x1
 288 0103 00       		.byte	0
 289 0104 08       		.uleb128 0x8
 290 0105 25020000 		.4byte	.LASF18
 291 0109 03       		.byte	0x3
 292 010a D002     		.2byte	0x2d0
 293 010c F4000000 		.4byte	0xf4
 294 0110 08       		.uleb128 0x8
 295 0111 07020000 		.4byte	.LASF19
 296 0115 03       		.byte	0x3
 297 0116 D102     		.2byte	0x2d1
 298 0118 F4000000 		.4byte	0xf4
 299 011c 00       		.byte	0
 300              		.section	.debug_abbrev,"",%progbits
 301              	.Ldebug_abbrev0:
 302 0000 01       		.uleb128 0x1
 303 0001 11       		.uleb128 0x11
 304 0002 01       		.byte	0x1
 305 0003 25       		.uleb128 0x25
 306 0004 0E       		.uleb128 0xe
 307 0005 13       		.uleb128 0x13
 308 0006 0B       		.uleb128 0xb
 309 0007 03       		.uleb128 0x3
 310 0008 0E       		.uleb128 0xe
 311 0009 1B       		.uleb128 0x1b
 312 000a 0E       		.uleb128 0xe
 313 000b 55       		.uleb128 0x55
 314 000c 17       		.uleb128 0x17
 315 000d 11       		.uleb128 0x11
 316 000e 01       		.uleb128 0x1
 317 000f 10       		.uleb128 0x10
 318 0010 17       		.uleb128 0x17
 319 0011 00       		.byte	0
 320 0012 00       		.byte	0
 321 0013 02       		.uleb128 0x2
 322 0014 24       		.uleb128 0x24
 323 0015 00       		.byte	0
 324 0016 0B       		.uleb128 0xb
 325 0017 0B       		.uleb128 0xb
 326 0018 3E       		.uleb128 0x3e
 327 0019 0B       		.uleb128 0xb
 328 001a 03       		.uleb128 0x3
 329 001b 0E       		.uleb128 0xe
 330 001c 00       		.byte	0
 331 001d 00       		.byte	0
 332 001e 03       		.uleb128 0x3
ARM GAS  C:\Users\LUKASC~1\AppData\Local\Temp\ccyW2NHi.s 			page 9


 333 001f 24       		.uleb128 0x24
 334 0020 00       		.byte	0
 335 0021 0B       		.uleb128 0xb
 336 0022 0B       		.uleb128 0xb
 337 0023 3E       		.uleb128 0x3e
 338 0024 0B       		.uleb128 0xb
 339 0025 03       		.uleb128 0x3
 340 0026 08       		.uleb128 0x8
 341 0027 00       		.byte	0
 342 0028 00       		.byte	0
 343 0029 04       		.uleb128 0x4
 344 002a 16       		.uleb128 0x16
 345 002b 00       		.byte	0
 346 002c 03       		.uleb128 0x3
 347 002d 0E       		.uleb128 0xe
 348 002e 3A       		.uleb128 0x3a
 349 002f 0B       		.uleb128 0xb
 350 0030 3B       		.uleb128 0x3b
 351 0031 05       		.uleb128 0x5
 352 0032 49       		.uleb128 0x49
 353 0033 13       		.uleb128 0x13
 354 0034 00       		.byte	0
 355 0035 00       		.byte	0
 356 0036 05       		.uleb128 0x5
 357 0037 35       		.uleb128 0x35
 358 0038 00       		.byte	0
 359 0039 49       		.uleb128 0x49
 360 003a 13       		.uleb128 0x13
 361 003b 00       		.byte	0
 362 003c 00       		.byte	0
 363 003d 06       		.uleb128 0x6
 364 003e 2E       		.uleb128 0x2e
 365 003f 01       		.byte	0x1
 366 0040 3F       		.uleb128 0x3f
 367 0041 19       		.uleb128 0x19
 368 0042 03       		.uleb128 0x3
 369 0043 0E       		.uleb128 0xe
 370 0044 3A       		.uleb128 0x3a
 371 0045 0B       		.uleb128 0xb
 372 0046 3B       		.uleb128 0x3b
 373 0047 0B       		.uleb128 0xb
 374 0048 27       		.uleb128 0x27
 375 0049 19       		.uleb128 0x19
 376 004a 11       		.uleb128 0x11
 377 004b 01       		.uleb128 0x1
 378 004c 12       		.uleb128 0x12
 379 004d 06       		.uleb128 0x6
 380 004e 40       		.uleb128 0x40
 381 004f 18       		.uleb128 0x18
 382 0050 9642     		.uleb128 0x2116
 383 0052 19       		.uleb128 0x19
 384 0053 01       		.uleb128 0x1
 385 0054 13       		.uleb128 0x13
 386 0055 00       		.byte	0
 387 0056 00       		.byte	0
 388 0057 07       		.uleb128 0x7
 389 0058 34       		.uleb128 0x34
ARM GAS  C:\Users\LUKASC~1\AppData\Local\Temp\ccyW2NHi.s 			page 10


 390 0059 00       		.byte	0
 391 005a 03       		.uleb128 0x3
 392 005b 0E       		.uleb128 0xe
 393 005c 3A       		.uleb128 0x3a
 394 005d 0B       		.uleb128 0xb
 395 005e 3B       		.uleb128 0x3b
 396 005f 0B       		.uleb128 0xb
 397 0060 49       		.uleb128 0x49
 398 0061 13       		.uleb128 0x13
 399 0062 02       		.uleb128 0x2
 400 0063 18       		.uleb128 0x18
 401 0064 00       		.byte	0
 402 0065 00       		.byte	0
 403 0066 08       		.uleb128 0x8
 404 0067 34       		.uleb128 0x34
 405 0068 00       		.byte	0
 406 0069 03       		.uleb128 0x3
 407 006a 0E       		.uleb128 0xe
 408 006b 3A       		.uleb128 0x3a
 409 006c 0B       		.uleb128 0xb
 410 006d 3B       		.uleb128 0x3b
 411 006e 05       		.uleb128 0x5
 412 006f 49       		.uleb128 0x49
 413 0070 13       		.uleb128 0x13
 414 0071 3F       		.uleb128 0x3f
 415 0072 19       		.uleb128 0x19
 416 0073 3C       		.uleb128 0x3c
 417 0074 19       		.uleb128 0x19
 418 0075 00       		.byte	0
 419 0076 00       		.byte	0
 420 0077 09       		.uleb128 0x9
 421 0078 01       		.uleb128 0x1
 422 0079 01       		.byte	0x1
 423 007a 49       		.uleb128 0x49
 424 007b 13       		.uleb128 0x13
 425 007c 01       		.uleb128 0x1
 426 007d 13       		.uleb128 0x13
 427 007e 00       		.byte	0
 428 007f 00       		.byte	0
 429 0080 0A       		.uleb128 0xa
 430 0081 21       		.uleb128 0x21
 431 0082 00       		.byte	0
 432 0083 49       		.uleb128 0x49
 433 0084 13       		.uleb128 0x13
 434 0085 2F       		.uleb128 0x2f
 435 0086 0B       		.uleb128 0xb
 436 0087 00       		.byte	0
 437 0088 00       		.byte	0
 438 0089 00       		.byte	0
 439              		.section	.debug_aranges,"",%progbits
 440 0000 1C000000 		.4byte	0x1c
 441 0004 0200     		.2byte	0x2
 442 0006 00000000 		.4byte	.Ldebug_info0
 443 000a 04       		.byte	0x4
 444 000b 00       		.byte	0
 445 000c 0000     		.2byte	0
 446 000e 0000     		.2byte	0
ARM GAS  C:\Users\LUKASC~1\AppData\Local\Temp\ccyW2NHi.s 			page 11


 447 0010 00000000 		.4byte	.LFB34
 448 0014 D8000000 		.4byte	.LFE34-.LFB34
 449 0018 00000000 		.4byte	0
 450 001c 00000000 		.4byte	0
 451              		.section	.debug_ranges,"",%progbits
 452              	.Ldebug_ranges0:
 453 0000 00000000 		.4byte	.LFB34
 454 0004 D8000000 		.4byte	.LFE34
 455 0008 00000000 		.4byte	0
 456 000c 00000000 		.4byte	0
 457              		.section	.debug_line,"",%progbits
 458              	.Ldebug_line0:
 459 0000 95000000 		.section	.debug_str,"MS",%progbits,1
 459      02006100 
 459      00000201 
 459      FB0E0D00 
 459      01010101 
 460              	.LASF6:
 461 0000 6C6F6E67 		.ascii	"long long int\000"
 461      206C6F6E 
 461      6720696E 
 461      7400
 462              	.LASF10:
 463 000e 75696E74 		.ascii	"uint32\000"
 463      333200
 464              	.LASF8:
 465 0015 756E7369 		.ascii	"unsigned int\000"
 465      676E6564 
 465      20696E74 
 465      00
 466              	.LASF17:
 467 0022 43617053 		.ascii	"CapSense_CSD_sensorIndex\000"
 467      656E7365 
 467      5F435344 
 467      5F73656E 
 467      736F7249 
 468              	.LASF9:
 469 003b 75696E74 		.ascii	"uint8\000"
 469      3800
 470              	.LASF5:
 471 0041 6C6F6E67 		.ascii	"long unsigned int\000"
 471      20756E73 
 471      69676E65 
 471      6420696E 
 471      7400
 472              	.LASF7:
 473 0053 6C6F6E67 		.ascii	"long long unsigned int\000"
 473      206C6F6E 
 473      6720756E 
 473      7369676E 
 473      65642069 
 474              	.LASF11:
 475 006a 666C6F61 		.ascii	"float\000"
 475      7400
 476              	.LASF23:
 477 0070 43617053 		.ascii	"CapSense_CSD_ISR\000"
 477      656E7365 
ARM GAS  C:\Users\LUKASC~1\AppData\Local\Temp\ccyW2NHi.s 			page 12


 477      5F435344 
 477      5F495352 
 477      00
 478              	.LASF21:
 479 0081 2E5C4765 		.ascii	".\\Generated_Source\\PSoC4\\CapSense_CSD_INT.c\000"
 479      6E657261 
 479      7465645F 
 479      536F7572 
 479      63655C50 
 480              	.LASF16:
 481 00ad 43617053 		.ascii	"CapSense_CSD_csdStatusVar\000"
 481      656E7365 
 481      5F435344 
 481      5F637364 
 481      53746174 
 482              	.LASF20:
 483 00c7 474E5520 		.ascii	"GNU C 4.9.3 20150303 (release) [ARM/embedded-4_9-br"
 483      4320342E 
 483      392E3320 
 483      32303135 
 483      30333033 
 484 00fa 616E6368 		.ascii	"anch revision 221220] -mcpu=cortex-m0 -mthumb -g -O"
 484      20726576 
 484      6973696F 
 484      6E203232 
 484      31323230 
 485 012d 30202D66 		.ascii	"0 -ffunction-sections -ffat-lto-objects\000"
 485      66756E63 
 485      74696F6E 
 485      2D736563 
 485      74696F6E 
 486              	.LASF1:
 487 0155 756E7369 		.ascii	"unsigned char\000"
 487      676E6564 
 487      20636861 
 487      7200
 488              	.LASF13:
 489 0163 63686172 		.ascii	"char\000"
 489      00
 490              	.LASF24:
 491 0168 43617053 		.ascii	"CapSense_CSD_snsIndexTmp\000"
 491      656E7365 
 491      5F435344 
 491      5F736E73 
 491      496E6465 
 492              	.LASF4:
 493 0181 6C6F6E67 		.ascii	"long int\000"
 493      20696E74 
 493      00
 494              	.LASF12:
 495 018a 646F7562 		.ascii	"double\000"
 495      6C6500
 496              	.LASF14:
 497 0191 72656733 		.ascii	"reg32\000"
 497      3200
 498              	.LASF3:
 499 0197 73686F72 		.ascii	"short unsigned int\000"
ARM GAS  C:\Users\LUKASC~1\AppData\Local\Temp\ccyW2NHi.s 			page 13


 499      7420756E 
 499      7369676E 
 499      65642069 
 499      6E7400
 500              	.LASF0:
 501 01aa 7369676E 		.ascii	"signed char\000"
 501      65642063 
 501      68617200 
 502              	.LASF22:
 503 01b6 433A5C55 		.ascii	"C:\\Users\\Lukas Creutzburg\\Documents\\GitHub\\fre"
 503      73657273 
 503      5C4C756B 
 503      61732043 
 503      72657574 
 504 01e4 65445350 		.ascii	"eDSPPSoC-I2C\\PSoC_4_CapSense.cydsn\000"
 504      50536F43 
 504      2D493243 
 504      5C50536F 
 504      435F345F 
 505              	.LASF19:
 506 0207 43617053 		.ascii	"CapSense_CSD_sensorEnableMask\000"
 506      656E7365 
 506      5F435344 
 506      5F73656E 
 506      736F7245 
 507              	.LASF18:
 508 0225 43617053 		.ascii	"CapSense_CSD_sensorEnableMaskBackup\000"
 508      656E7365 
 508      5F435344 
 508      5F73656E 
 508      736F7245 
 509              	.LASF2:
 510 0249 73686F72 		.ascii	"short int\000"
 510      7420696E 
 510      7400
 511              	.LASF15:
 512 0253 73697A65 		.ascii	"sizetype\000"
 512      74797065 
 512      00
 513              		.ident	"GCC: (GNU Tools for ARM Embedded Processors) 4.9.3 20150303 (release) [ARM/embedded-4_9-br
