ARM GAS  C:\Users\LUKASC~1\AppData\Local\Temp\ccuNETA7.s 			page 1


   1              		.cpu cortex-m0
   2              		.fpu softvfp
   3              		.eabi_attribute 20, 1
   4              		.eabi_attribute 21, 1
   5              		.eabi_attribute 23, 3
   6              		.eabi_attribute 24, 1
   7              		.eabi_attribute 25, 1
   8              		.eabi_attribute 26, 1
   9              		.eabi_attribute 30, 6
  10              		.eabi_attribute 34, 0
  11              		.eabi_attribute 18, 4
  12              		.code	16
  13              		.file	"UART_1_SPI_UART.c"
  14              		.text
  15              	.Ltext0:
  16              		.cfi_sections	.debug_frame
  17              		.section	.text.UART_1_SpiUartReadRxData,"ax",%progbits
  18              		.align	2
  19              		.global	UART_1_SpiUartReadRxData
  20              		.code	16
  21              		.thumb_func
  22              		.type	UART_1_SpiUartReadRxData, %function
  23              	UART_1_SpiUartReadRxData:
  24              	.LFB0:
  25              		.file 1 ".\\Generated_Source\\PSoC4\\UART_1_SPI_UART.c"
   1:.\Generated_Source\PSoC4/UART_1_SPI_UART.c **** /*******************************************************************************
   2:.\Generated_Source\PSoC4/UART_1_SPI_UART.c **** * File Name: UART_1_SPI_UART.c
   3:.\Generated_Source\PSoC4/UART_1_SPI_UART.c **** * Version 3.10
   4:.\Generated_Source\PSoC4/UART_1_SPI_UART.c **** *
   5:.\Generated_Source\PSoC4/UART_1_SPI_UART.c **** * Description:
   6:.\Generated_Source\PSoC4/UART_1_SPI_UART.c **** *  This file provides the source code to the API for the SCB Component in
   7:.\Generated_Source\PSoC4/UART_1_SPI_UART.c **** *  SPI and UART modes.
   8:.\Generated_Source\PSoC4/UART_1_SPI_UART.c **** *
   9:.\Generated_Source\PSoC4/UART_1_SPI_UART.c **** * Note:
  10:.\Generated_Source\PSoC4/UART_1_SPI_UART.c **** *
  11:.\Generated_Source\PSoC4/UART_1_SPI_UART.c **** *******************************************************************************
  12:.\Generated_Source\PSoC4/UART_1_SPI_UART.c **** * Copyright 2013-2015, Cypress Semiconductor Corporation.  All rights reserved.
  13:.\Generated_Source\PSoC4/UART_1_SPI_UART.c **** * You may use this file only in accordance with the license, terms, conditions,
  14:.\Generated_Source\PSoC4/UART_1_SPI_UART.c **** * disclaimers, and limitations in the end user license agreement accompanying
  15:.\Generated_Source\PSoC4/UART_1_SPI_UART.c **** * the software package with which this file was provided.
  16:.\Generated_Source\PSoC4/UART_1_SPI_UART.c **** *******************************************************************************/
  17:.\Generated_Source\PSoC4/UART_1_SPI_UART.c **** 
  18:.\Generated_Source\PSoC4/UART_1_SPI_UART.c **** #include "UART_1_PVT.h"
  19:.\Generated_Source\PSoC4/UART_1_SPI_UART.c **** #include "UART_1_SPI_UART_PVT.h"
  20:.\Generated_Source\PSoC4/UART_1_SPI_UART.c **** 
  21:.\Generated_Source\PSoC4/UART_1_SPI_UART.c **** /***************************************
  22:.\Generated_Source\PSoC4/UART_1_SPI_UART.c **** *        SPI/UART Private Vars
  23:.\Generated_Source\PSoC4/UART_1_SPI_UART.c **** ***************************************/
  24:.\Generated_Source\PSoC4/UART_1_SPI_UART.c **** 
  25:.\Generated_Source\PSoC4/UART_1_SPI_UART.c **** #if(UART_1_INTERNAL_RX_SW_BUFFER_CONST)
  26:.\Generated_Source\PSoC4/UART_1_SPI_UART.c ****     volatile uint32 UART_1_rxBufferHead;
  27:.\Generated_Source\PSoC4/UART_1_SPI_UART.c ****     volatile uint32 UART_1_rxBufferTail;
  28:.\Generated_Source\PSoC4/UART_1_SPI_UART.c ****     volatile uint8  UART_1_rxBufferOverflow;
  29:.\Generated_Source\PSoC4/UART_1_SPI_UART.c **** #endif /* (UART_1_INTERNAL_RX_SW_BUFFER_CONST) */
  30:.\Generated_Source\PSoC4/UART_1_SPI_UART.c **** 
  31:.\Generated_Source\PSoC4/UART_1_SPI_UART.c **** #if(UART_1_INTERNAL_TX_SW_BUFFER_CONST)
  32:.\Generated_Source\PSoC4/UART_1_SPI_UART.c ****     volatile uint32 UART_1_txBufferHead;
ARM GAS  C:\Users\LUKASC~1\AppData\Local\Temp\ccuNETA7.s 			page 2


  33:.\Generated_Source\PSoC4/UART_1_SPI_UART.c ****     volatile uint32 UART_1_txBufferTail;
  34:.\Generated_Source\PSoC4/UART_1_SPI_UART.c **** #endif /* (UART_1_INTERNAL_TX_SW_BUFFER_CONST) */
  35:.\Generated_Source\PSoC4/UART_1_SPI_UART.c **** 
  36:.\Generated_Source\PSoC4/UART_1_SPI_UART.c **** #if(UART_1_INTERNAL_RX_SW_BUFFER)
  37:.\Generated_Source\PSoC4/UART_1_SPI_UART.c ****     /* Add one element to the buffer to receive full packet. One byte in receive buffer is always e
  38:.\Generated_Source\PSoC4/UART_1_SPI_UART.c ****     volatile uint8 UART_1_rxBufferInternal[UART_1_INTERNAL_RX_BUFFER_SIZE];
  39:.\Generated_Source\PSoC4/UART_1_SPI_UART.c **** #endif /* (UART_1_INTERNAL_RX_SW_BUFFER) */
  40:.\Generated_Source\PSoC4/UART_1_SPI_UART.c **** 
  41:.\Generated_Source\PSoC4/UART_1_SPI_UART.c **** #if(UART_1_INTERNAL_TX_SW_BUFFER)
  42:.\Generated_Source\PSoC4/UART_1_SPI_UART.c ****     volatile uint8 UART_1_txBufferInternal[UART_1_TX_BUFFER_SIZE];
  43:.\Generated_Source\PSoC4/UART_1_SPI_UART.c **** #endif /* (UART_1_INTERNAL_TX_SW_BUFFER) */
  44:.\Generated_Source\PSoC4/UART_1_SPI_UART.c **** 
  45:.\Generated_Source\PSoC4/UART_1_SPI_UART.c **** 
  46:.\Generated_Source\PSoC4/UART_1_SPI_UART.c **** #if(UART_1_RX_DIRECTION)
  47:.\Generated_Source\PSoC4/UART_1_SPI_UART.c ****     /*******************************************************************************
  48:.\Generated_Source\PSoC4/UART_1_SPI_UART.c ****     * Function Name: UART_1_SpiUartReadRxData
  49:.\Generated_Source\PSoC4/UART_1_SPI_UART.c ****     ********************************************************************************
  50:.\Generated_Source\PSoC4/UART_1_SPI_UART.c ****     *
  51:.\Generated_Source\PSoC4/UART_1_SPI_UART.c ****     * Summary:
  52:.\Generated_Source\PSoC4/UART_1_SPI_UART.c ****     *  Retrieves the next data element from the receive buffer.
  53:.\Generated_Source\PSoC4/UART_1_SPI_UART.c ****     *   - RX software buffer is disabled: Returns data element retrieved from
  54:.\Generated_Source\PSoC4/UART_1_SPI_UART.c ****     *     RX FIFO. Undefined data will be returned if the RX FIFO is empty.
  55:.\Generated_Source\PSoC4/UART_1_SPI_UART.c ****     *   - RX software buffer is enabled: Returns data element from the software
  56:.\Generated_Source\PSoC4/UART_1_SPI_UART.c ****     *     receive buffer. Zero value is returned if the software receive buffer
  57:.\Generated_Source\PSoC4/UART_1_SPI_UART.c ****     *     is empty.
  58:.\Generated_Source\PSoC4/UART_1_SPI_UART.c ****     *
  59:.\Generated_Source\PSoC4/UART_1_SPI_UART.c ****     * Parameters:
  60:.\Generated_Source\PSoC4/UART_1_SPI_UART.c ****     *  None
  61:.\Generated_Source\PSoC4/UART_1_SPI_UART.c ****     *
  62:.\Generated_Source\PSoC4/UART_1_SPI_UART.c ****     * Return:
  63:.\Generated_Source\PSoC4/UART_1_SPI_UART.c ****     *  Next data element from the receive buffer.
  64:.\Generated_Source\PSoC4/UART_1_SPI_UART.c ****     *
  65:.\Generated_Source\PSoC4/UART_1_SPI_UART.c ****     * Global Variables:
  66:.\Generated_Source\PSoC4/UART_1_SPI_UART.c ****     *  Look into UART_1_SpiInit for description.
  67:.\Generated_Source\PSoC4/UART_1_SPI_UART.c ****     *
  68:.\Generated_Source\PSoC4/UART_1_SPI_UART.c ****     *******************************************************************************/
  69:.\Generated_Source\PSoC4/UART_1_SPI_UART.c ****     uint32 UART_1_SpiUartReadRxData(void)
  70:.\Generated_Source\PSoC4/UART_1_SPI_UART.c ****     {
  26              		.loc 1 70 0
  27              		.cfi_startproc
  28 0000 80B5     		push	{r7, lr}
  29              		.cfi_def_cfa_offset 8
  30              		.cfi_offset 7, -8
  31              		.cfi_offset 14, -4
  32 0002 82B0     		sub	sp, sp, #8
  33              		.cfi_def_cfa_offset 16
  34 0004 00AF     		add	r7, sp, #0
  35              		.cfi_def_cfa_register 7
  71:.\Generated_Source\PSoC4/UART_1_SPI_UART.c ****         uint32 rxData = 0u;
  36              		.loc 1 71 0
  37 0006 0023     		mov	r3, #0
  38 0008 7B60     		str	r3, [r7, #4]
  72:.\Generated_Source\PSoC4/UART_1_SPI_UART.c **** 
  73:.\Generated_Source\PSoC4/UART_1_SPI_UART.c ****     #if (UART_1_INTERNAL_RX_SW_BUFFER_CONST)
  74:.\Generated_Source\PSoC4/UART_1_SPI_UART.c ****         uint32 locTail;
  75:.\Generated_Source\PSoC4/UART_1_SPI_UART.c ****     #endif /* (UART_1_INTERNAL_RX_SW_BUFFER_CONST) */
  76:.\Generated_Source\PSoC4/UART_1_SPI_UART.c **** 
ARM GAS  C:\Users\LUKASC~1\AppData\Local\Temp\ccuNETA7.s 			page 3


  77:.\Generated_Source\PSoC4/UART_1_SPI_UART.c ****         #if (UART_1_CHECK_RX_SW_BUFFER)
  78:.\Generated_Source\PSoC4/UART_1_SPI_UART.c ****         {
  79:.\Generated_Source\PSoC4/UART_1_SPI_UART.c ****             if (UART_1_rxBufferHead != UART_1_rxBufferTail)
  80:.\Generated_Source\PSoC4/UART_1_SPI_UART.c ****             {
  81:.\Generated_Source\PSoC4/UART_1_SPI_UART.c ****                 /* There is data in RX software buffer */
  82:.\Generated_Source\PSoC4/UART_1_SPI_UART.c **** 
  83:.\Generated_Source\PSoC4/UART_1_SPI_UART.c ****                 /* Calculate index to read from */
  84:.\Generated_Source\PSoC4/UART_1_SPI_UART.c ****                 locTail = (UART_1_rxBufferTail + 1u);
  85:.\Generated_Source\PSoC4/UART_1_SPI_UART.c **** 
  86:.\Generated_Source\PSoC4/UART_1_SPI_UART.c ****                 if (UART_1_INTERNAL_RX_BUFFER_SIZE == locTail)
  87:.\Generated_Source\PSoC4/UART_1_SPI_UART.c ****                 {
  88:.\Generated_Source\PSoC4/UART_1_SPI_UART.c ****                     locTail = 0u;
  89:.\Generated_Source\PSoC4/UART_1_SPI_UART.c ****                 }
  90:.\Generated_Source\PSoC4/UART_1_SPI_UART.c **** 
  91:.\Generated_Source\PSoC4/UART_1_SPI_UART.c ****                 /* Get data from RX software buffer */
  92:.\Generated_Source\PSoC4/UART_1_SPI_UART.c ****                 rxData = UART_1_GetWordFromRxBuffer(locTail);
  93:.\Generated_Source\PSoC4/UART_1_SPI_UART.c **** 
  94:.\Generated_Source\PSoC4/UART_1_SPI_UART.c ****                 /* Change index in the buffer */
  95:.\Generated_Source\PSoC4/UART_1_SPI_UART.c ****                 UART_1_rxBufferTail = locTail;
  96:.\Generated_Source\PSoC4/UART_1_SPI_UART.c **** 
  97:.\Generated_Source\PSoC4/UART_1_SPI_UART.c ****                 #if (UART_1_CHECK_UART_RTS_CONTROL_FLOW)
  98:.\Generated_Source\PSoC4/UART_1_SPI_UART.c ****                 {
  99:.\Generated_Source\PSoC4/UART_1_SPI_UART.c ****                     /* Check if RX Not Empty is disabled in the interrupt */
 100:.\Generated_Source\PSoC4/UART_1_SPI_UART.c ****                     if (0u == (UART_1_INTR_RX_MASK_REG & UART_1_INTR_RX_NOT_EMPTY))
 101:.\Generated_Source\PSoC4/UART_1_SPI_UART.c ****                     {
 102:.\Generated_Source\PSoC4/UART_1_SPI_UART.c ****                         /* Enable RX Not Empty interrupt source to continue
 103:.\Generated_Source\PSoC4/UART_1_SPI_UART.c ****                         * receiving data into software buffer.
 104:.\Generated_Source\PSoC4/UART_1_SPI_UART.c ****                         */
 105:.\Generated_Source\PSoC4/UART_1_SPI_UART.c ****                         UART_1_INTR_RX_MASK_REG |= UART_1_INTR_RX_NOT_EMPTY;
 106:.\Generated_Source\PSoC4/UART_1_SPI_UART.c ****                     }
 107:.\Generated_Source\PSoC4/UART_1_SPI_UART.c ****                 }
 108:.\Generated_Source\PSoC4/UART_1_SPI_UART.c ****                 #endif
 109:.\Generated_Source\PSoC4/UART_1_SPI_UART.c **** 
 110:.\Generated_Source\PSoC4/UART_1_SPI_UART.c ****             }
 111:.\Generated_Source\PSoC4/UART_1_SPI_UART.c ****         }
 112:.\Generated_Source\PSoC4/UART_1_SPI_UART.c ****         #else
 113:.\Generated_Source\PSoC4/UART_1_SPI_UART.c ****         {
 114:.\Generated_Source\PSoC4/UART_1_SPI_UART.c ****             /* Read data from RX FIFO */
 115:.\Generated_Source\PSoC4/UART_1_SPI_UART.c ****             rxData = UART_1_RX_FIFO_RD_REG;
  39              		.loc 1 115 0
  40 000a 044B     		ldr	r3, .L3
  41 000c 1B68     		ldr	r3, [r3]
  42 000e 7B60     		str	r3, [r7, #4]
 116:.\Generated_Source\PSoC4/UART_1_SPI_UART.c ****         }
 117:.\Generated_Source\PSoC4/UART_1_SPI_UART.c ****         #endif
 118:.\Generated_Source\PSoC4/UART_1_SPI_UART.c **** 
 119:.\Generated_Source\PSoC4/UART_1_SPI_UART.c ****         return (rxData);
  43              		.loc 1 119 0
  44 0010 7B68     		ldr	r3, [r7, #4]
 120:.\Generated_Source\PSoC4/UART_1_SPI_UART.c ****     }
  45              		.loc 1 120 0
  46 0012 181C     		mov	r0, r3
  47 0014 BD46     		mov	sp, r7
  48 0016 02B0     		add	sp, sp, #8
  49              		@ sp needed
  50 0018 80BD     		pop	{r7, pc}
  51              	.L4:
ARM GAS  C:\Users\LUKASC~1\AppData\Local\Temp\ccuNETA7.s 			page 4


  52 001a C046     		.align	2
  53              	.L3:
  54 001c 40030640 		.word	1074135872
  55              		.cfi_endproc
  56              	.LFE0:
  57              		.size	UART_1_SpiUartReadRxData, .-UART_1_SpiUartReadRxData
  58              		.section	.text.UART_1_SpiUartGetRxBufferSize,"ax",%progbits
  59              		.align	2
  60              		.global	UART_1_SpiUartGetRxBufferSize
  61              		.code	16
  62              		.thumb_func
  63              		.type	UART_1_SpiUartGetRxBufferSize, %function
  64              	UART_1_SpiUartGetRxBufferSize:
  65              	.LFB1:
 121:.\Generated_Source\PSoC4/UART_1_SPI_UART.c **** 
 122:.\Generated_Source\PSoC4/UART_1_SPI_UART.c **** 
 123:.\Generated_Source\PSoC4/UART_1_SPI_UART.c ****     /*******************************************************************************
 124:.\Generated_Source\PSoC4/UART_1_SPI_UART.c ****     * Function Name: UART_1_SpiUartGetRxBufferSize
 125:.\Generated_Source\PSoC4/UART_1_SPI_UART.c ****     ********************************************************************************
 126:.\Generated_Source\PSoC4/UART_1_SPI_UART.c ****     *
 127:.\Generated_Source\PSoC4/UART_1_SPI_UART.c ****     * Summary:
 128:.\Generated_Source\PSoC4/UART_1_SPI_UART.c ****     *  Returns the number of received data elements in the receive buffer.
 129:.\Generated_Source\PSoC4/UART_1_SPI_UART.c ****     *   - RX software buffer disabled: returns the number of used entries in
 130:.\Generated_Source\PSoC4/UART_1_SPI_UART.c ****     *     RX FIFO.
 131:.\Generated_Source\PSoC4/UART_1_SPI_UART.c ****     *   - RX software buffer enabled: returns the number of elements which were
 132:.\Generated_Source\PSoC4/UART_1_SPI_UART.c ****     *     placed in the receive buffer. This does not include the hardware RX FIFO.
 133:.\Generated_Source\PSoC4/UART_1_SPI_UART.c ****     *
 134:.\Generated_Source\PSoC4/UART_1_SPI_UART.c ****     * Parameters:
 135:.\Generated_Source\PSoC4/UART_1_SPI_UART.c ****     *  None
 136:.\Generated_Source\PSoC4/UART_1_SPI_UART.c ****     *
 137:.\Generated_Source\PSoC4/UART_1_SPI_UART.c ****     * Return:
 138:.\Generated_Source\PSoC4/UART_1_SPI_UART.c ****     *  Number of received data elements
 139:.\Generated_Source\PSoC4/UART_1_SPI_UART.c ****     *
 140:.\Generated_Source\PSoC4/UART_1_SPI_UART.c ****     *******************************************************************************/
 141:.\Generated_Source\PSoC4/UART_1_SPI_UART.c ****     uint32 UART_1_SpiUartGetRxBufferSize(void)
 142:.\Generated_Source\PSoC4/UART_1_SPI_UART.c ****     {
  66              		.loc 1 142 0
  67              		.cfi_startproc
  68 0000 80B5     		push	{r7, lr}
  69              		.cfi_def_cfa_offset 8
  70              		.cfi_offset 7, -8
  71              		.cfi_offset 14, -4
  72 0002 82B0     		sub	sp, sp, #8
  73              		.cfi_def_cfa_offset 16
  74 0004 00AF     		add	r7, sp, #0
  75              		.cfi_def_cfa_register 7
 143:.\Generated_Source\PSoC4/UART_1_SPI_UART.c ****         uint32 size;
 144:.\Generated_Source\PSoC4/UART_1_SPI_UART.c ****     #if (UART_1_INTERNAL_RX_SW_BUFFER_CONST)
 145:.\Generated_Source\PSoC4/UART_1_SPI_UART.c ****         uint32 locHead;
 146:.\Generated_Source\PSoC4/UART_1_SPI_UART.c ****     #endif /* (UART_1_INTERNAL_RX_SW_BUFFER_CONST) */
 147:.\Generated_Source\PSoC4/UART_1_SPI_UART.c **** 
 148:.\Generated_Source\PSoC4/UART_1_SPI_UART.c ****         #if (UART_1_CHECK_RX_SW_BUFFER)
 149:.\Generated_Source\PSoC4/UART_1_SPI_UART.c ****         {
 150:.\Generated_Source\PSoC4/UART_1_SPI_UART.c ****             locHead = UART_1_rxBufferHead;
 151:.\Generated_Source\PSoC4/UART_1_SPI_UART.c **** 
 152:.\Generated_Source\PSoC4/UART_1_SPI_UART.c ****             if(locHead >= UART_1_rxBufferTail)
 153:.\Generated_Source\PSoC4/UART_1_SPI_UART.c ****             {
ARM GAS  C:\Users\LUKASC~1\AppData\Local\Temp\ccuNETA7.s 			page 5


 154:.\Generated_Source\PSoC4/UART_1_SPI_UART.c ****                 size = (locHead - UART_1_rxBufferTail);
 155:.\Generated_Source\PSoC4/UART_1_SPI_UART.c ****             }
 156:.\Generated_Source\PSoC4/UART_1_SPI_UART.c ****             else
 157:.\Generated_Source\PSoC4/UART_1_SPI_UART.c ****             {
 158:.\Generated_Source\PSoC4/UART_1_SPI_UART.c ****                 size = (locHead + (UART_1_INTERNAL_RX_BUFFER_SIZE - UART_1_rxBufferTail));
 159:.\Generated_Source\PSoC4/UART_1_SPI_UART.c ****             }
 160:.\Generated_Source\PSoC4/UART_1_SPI_UART.c ****         }
 161:.\Generated_Source\PSoC4/UART_1_SPI_UART.c ****         #else
 162:.\Generated_Source\PSoC4/UART_1_SPI_UART.c ****         {
 163:.\Generated_Source\PSoC4/UART_1_SPI_UART.c ****             size = UART_1_GET_RX_FIFO_ENTRIES;
  76              		.loc 1 163 0
  77 0006 054B     		ldr	r3, .L7
  78 0008 1B68     		ldr	r3, [r3]
  79 000a 0F22     		mov	r2, #15
  80 000c 1340     		and	r3, r2
  81 000e 7B60     		str	r3, [r7, #4]
 164:.\Generated_Source\PSoC4/UART_1_SPI_UART.c ****         }
 165:.\Generated_Source\PSoC4/UART_1_SPI_UART.c ****         #endif
 166:.\Generated_Source\PSoC4/UART_1_SPI_UART.c **** 
 167:.\Generated_Source\PSoC4/UART_1_SPI_UART.c ****         return (size);
  82              		.loc 1 167 0
  83 0010 7B68     		ldr	r3, [r7, #4]
 168:.\Generated_Source\PSoC4/UART_1_SPI_UART.c ****     }
  84              		.loc 1 168 0
  85 0012 181C     		mov	r0, r3
  86 0014 BD46     		mov	sp, r7
  87 0016 02B0     		add	sp, sp, #8
  88              		@ sp needed
  89 0018 80BD     		pop	{r7, pc}
  90              	.L8:
  91 001a C046     		.align	2
  92              	.L7:
  93 001c 08030640 		.word	1074135816
  94              		.cfi_endproc
  95              	.LFE1:
  96              		.size	UART_1_SpiUartGetRxBufferSize, .-UART_1_SpiUartGetRxBufferSize
  97              		.section	.text.UART_1_SpiUartClearRxBuffer,"ax",%progbits
  98              		.align	2
  99              		.global	UART_1_SpiUartClearRxBuffer
 100              		.code	16
 101              		.thumb_func
 102              		.type	UART_1_SpiUartClearRxBuffer, %function
 103              	UART_1_SpiUartClearRxBuffer:
 104              	.LFB2:
 169:.\Generated_Source\PSoC4/UART_1_SPI_UART.c **** 
 170:.\Generated_Source\PSoC4/UART_1_SPI_UART.c **** 
 171:.\Generated_Source\PSoC4/UART_1_SPI_UART.c ****     /*******************************************************************************
 172:.\Generated_Source\PSoC4/UART_1_SPI_UART.c ****     * Function Name: UART_1_SpiUartClearRxBuffer
 173:.\Generated_Source\PSoC4/UART_1_SPI_UART.c ****     ********************************************************************************
 174:.\Generated_Source\PSoC4/UART_1_SPI_UART.c ****     *
 175:.\Generated_Source\PSoC4/UART_1_SPI_UART.c ****     * Summary:
 176:.\Generated_Source\PSoC4/UART_1_SPI_UART.c ****     *  Clears the receive buffer and RX FIFO.
 177:.\Generated_Source\PSoC4/UART_1_SPI_UART.c ****     *
 178:.\Generated_Source\PSoC4/UART_1_SPI_UART.c ****     * Parameters:
 179:.\Generated_Source\PSoC4/UART_1_SPI_UART.c ****     *  None
 180:.\Generated_Source\PSoC4/UART_1_SPI_UART.c ****     *
 181:.\Generated_Source\PSoC4/UART_1_SPI_UART.c ****     * Return:
ARM GAS  C:\Users\LUKASC~1\AppData\Local\Temp\ccuNETA7.s 			page 6


 182:.\Generated_Source\PSoC4/UART_1_SPI_UART.c ****     *  None
 183:.\Generated_Source\PSoC4/UART_1_SPI_UART.c ****     *
 184:.\Generated_Source\PSoC4/UART_1_SPI_UART.c ****     *******************************************************************************/
 185:.\Generated_Source\PSoC4/UART_1_SPI_UART.c ****     void UART_1_SpiUartClearRxBuffer(void)
 186:.\Generated_Source\PSoC4/UART_1_SPI_UART.c ****     {
 105              		.loc 1 186 0
 106              		.cfi_startproc
 107 0000 80B5     		push	{r7, lr}
 108              		.cfi_def_cfa_offset 8
 109              		.cfi_offset 7, -8
 110              		.cfi_offset 14, -4
 111 0002 00AF     		add	r7, sp, #0
 112              		.cfi_def_cfa_register 7
 187:.\Generated_Source\PSoC4/UART_1_SPI_UART.c ****         #if (UART_1_CHECK_RX_SW_BUFFER)
 188:.\Generated_Source\PSoC4/UART_1_SPI_UART.c ****         {
 189:.\Generated_Source\PSoC4/UART_1_SPI_UART.c ****             /* Lock from component interruption */
 190:.\Generated_Source\PSoC4/UART_1_SPI_UART.c ****             UART_1_DisableInt();
 191:.\Generated_Source\PSoC4/UART_1_SPI_UART.c **** 
 192:.\Generated_Source\PSoC4/UART_1_SPI_UART.c ****             /* Flush RX software buffer */
 193:.\Generated_Source\PSoC4/UART_1_SPI_UART.c ****             UART_1_rxBufferHead = UART_1_rxBufferTail;
 194:.\Generated_Source\PSoC4/UART_1_SPI_UART.c ****             UART_1_rxBufferOverflow = 0u;
 195:.\Generated_Source\PSoC4/UART_1_SPI_UART.c **** 
 196:.\Generated_Source\PSoC4/UART_1_SPI_UART.c ****             UART_1_CLEAR_RX_FIFO;
 197:.\Generated_Source\PSoC4/UART_1_SPI_UART.c ****             UART_1_ClearRxInterruptSource(UART_1_INTR_RX_ALL);
 198:.\Generated_Source\PSoC4/UART_1_SPI_UART.c **** 
 199:.\Generated_Source\PSoC4/UART_1_SPI_UART.c ****             #if (UART_1_CHECK_UART_RTS_CONTROL_FLOW)
 200:.\Generated_Source\PSoC4/UART_1_SPI_UART.c ****             {
 201:.\Generated_Source\PSoC4/UART_1_SPI_UART.c ****                 /* Enable RX Not Empty interrupt source to continue receiving
 202:.\Generated_Source\PSoC4/UART_1_SPI_UART.c ****                 * data into software buffer.
 203:.\Generated_Source\PSoC4/UART_1_SPI_UART.c ****                 */
 204:.\Generated_Source\PSoC4/UART_1_SPI_UART.c ****                 UART_1_INTR_RX_MASK_REG |= UART_1_INTR_RX_NOT_EMPTY;
 205:.\Generated_Source\PSoC4/UART_1_SPI_UART.c ****             }
 206:.\Generated_Source\PSoC4/UART_1_SPI_UART.c ****             #endif
 207:.\Generated_Source\PSoC4/UART_1_SPI_UART.c **** 
 208:.\Generated_Source\PSoC4/UART_1_SPI_UART.c ****             /* Release lock */
 209:.\Generated_Source\PSoC4/UART_1_SPI_UART.c ****             UART_1_EnableInt();
 210:.\Generated_Source\PSoC4/UART_1_SPI_UART.c ****         }
 211:.\Generated_Source\PSoC4/UART_1_SPI_UART.c ****         #else
 212:.\Generated_Source\PSoC4/UART_1_SPI_UART.c ****         {
 213:.\Generated_Source\PSoC4/UART_1_SPI_UART.c ****             UART_1_CLEAR_RX_FIFO;
 113              		.loc 1 213 0
 114 0004 074B     		ldr	r3, .L10
 115 0006 074A     		ldr	r2, .L10
 116 0008 1268     		ldr	r2, [r2]
 117 000a 8021     		mov	r1, #128
 118 000c 4902     		lsl	r1, r1, #9
 119 000e 0A43     		orr	r2, r1
 120 0010 1A60     		str	r2, [r3]
 121 0012 044B     		ldr	r3, .L10
 122 0014 034A     		ldr	r2, .L10
 123 0016 1268     		ldr	r2, [r2]
 124 0018 0349     		ldr	r1, .L10+4
 125 001a 0A40     		and	r2, r1
 126 001c 1A60     		str	r2, [r3]
 214:.\Generated_Source\PSoC4/UART_1_SPI_UART.c ****         }
 215:.\Generated_Source\PSoC4/UART_1_SPI_UART.c ****         #endif
 216:.\Generated_Source\PSoC4/UART_1_SPI_UART.c ****     }
ARM GAS  C:\Users\LUKASC~1\AppData\Local\Temp\ccuNETA7.s 			page 7


 127              		.loc 1 216 0
 128 001e BD46     		mov	sp, r7
 129              		@ sp needed
 130 0020 80BD     		pop	{r7, pc}
 131              	.L11:
 132 0022 C046     		.align	2
 133              	.L10:
 134 0024 04030640 		.word	1074135812
 135 0028 FFFFFEFF 		.word	-65537
 136              		.cfi_endproc
 137              	.LFE2:
 138              		.size	UART_1_SpiUartClearRxBuffer, .-UART_1_SpiUartClearRxBuffer
 139              		.section	.text.UART_1_SpiUartWriteTxData,"ax",%progbits
 140              		.align	2
 141              		.global	UART_1_SpiUartWriteTxData
 142              		.code	16
 143              		.thumb_func
 144              		.type	UART_1_SpiUartWriteTxData, %function
 145              	UART_1_SpiUartWriteTxData:
 146              	.LFB3:
 217:.\Generated_Source\PSoC4/UART_1_SPI_UART.c **** 
 218:.\Generated_Source\PSoC4/UART_1_SPI_UART.c **** #endif /* (UART_1_RX_DIRECTION) */
 219:.\Generated_Source\PSoC4/UART_1_SPI_UART.c **** 
 220:.\Generated_Source\PSoC4/UART_1_SPI_UART.c **** 
 221:.\Generated_Source\PSoC4/UART_1_SPI_UART.c **** #if(UART_1_TX_DIRECTION)
 222:.\Generated_Source\PSoC4/UART_1_SPI_UART.c ****     /*******************************************************************************
 223:.\Generated_Source\PSoC4/UART_1_SPI_UART.c ****     * Function Name: UART_1_SpiUartWriteTxData
 224:.\Generated_Source\PSoC4/UART_1_SPI_UART.c ****     ********************************************************************************
 225:.\Generated_Source\PSoC4/UART_1_SPI_UART.c ****     *
 226:.\Generated_Source\PSoC4/UART_1_SPI_UART.c ****     * Summary:
 227:.\Generated_Source\PSoC4/UART_1_SPI_UART.c ****     *  Places a data entry into the transmit buffer to be sent at the next available
 228:.\Generated_Source\PSoC4/UART_1_SPI_UART.c ****     *  bus time.
 229:.\Generated_Source\PSoC4/UART_1_SPI_UART.c ****     *  This function is blocking and waits until there is space available to put the
 230:.\Generated_Source\PSoC4/UART_1_SPI_UART.c ****     *  requested data in the transmit buffer.
 231:.\Generated_Source\PSoC4/UART_1_SPI_UART.c ****     *
 232:.\Generated_Source\PSoC4/UART_1_SPI_UART.c ****     * Parameters:
 233:.\Generated_Source\PSoC4/UART_1_SPI_UART.c ****     *  txDataByte: the data to be transmitted.
 234:.\Generated_Source\PSoC4/UART_1_SPI_UART.c ****     *
 235:.\Generated_Source\PSoC4/UART_1_SPI_UART.c ****     * Return:
 236:.\Generated_Source\PSoC4/UART_1_SPI_UART.c ****     *  None
 237:.\Generated_Source\PSoC4/UART_1_SPI_UART.c ****     *
 238:.\Generated_Source\PSoC4/UART_1_SPI_UART.c ****     *******************************************************************************/
 239:.\Generated_Source\PSoC4/UART_1_SPI_UART.c ****     void UART_1_SpiUartWriteTxData(uint32 txData)
 240:.\Generated_Source\PSoC4/UART_1_SPI_UART.c ****     {
 147              		.loc 1 240 0
 148              		.cfi_startproc
 149 0000 80B5     		push	{r7, lr}
 150              		.cfi_def_cfa_offset 8
 151              		.cfi_offset 7, -8
 152              		.cfi_offset 14, -4
 153 0002 82B0     		sub	sp, sp, #8
 154              		.cfi_def_cfa_offset 16
 155 0004 00AF     		add	r7, sp, #0
 156              		.cfi_def_cfa_register 7
 157 0006 7860     		str	r0, [r7, #4]
 241:.\Generated_Source\PSoC4/UART_1_SPI_UART.c ****     #if (UART_1_INTERNAL_TX_SW_BUFFER_CONST)
 242:.\Generated_Source\PSoC4/UART_1_SPI_UART.c ****         uint32 locHead;
ARM GAS  C:\Users\LUKASC~1\AppData\Local\Temp\ccuNETA7.s 			page 8


 243:.\Generated_Source\PSoC4/UART_1_SPI_UART.c ****     #endif /* (UART_1_INTERNAL_TX_SW_BUFFER_CONST) */
 244:.\Generated_Source\PSoC4/UART_1_SPI_UART.c **** 
 245:.\Generated_Source\PSoC4/UART_1_SPI_UART.c ****         #if (UART_1_CHECK_TX_SW_BUFFER)
 246:.\Generated_Source\PSoC4/UART_1_SPI_UART.c ****         {
 247:.\Generated_Source\PSoC4/UART_1_SPI_UART.c ****             /* Put data directly into the TX FIFO */
 248:.\Generated_Source\PSoC4/UART_1_SPI_UART.c ****             if ((UART_1_txBufferHead == UART_1_txBufferTail) &&
 249:.\Generated_Source\PSoC4/UART_1_SPI_UART.c ****                 (UART_1_SPI_UART_FIFO_SIZE != UART_1_GET_TX_FIFO_ENTRIES))
 250:.\Generated_Source\PSoC4/UART_1_SPI_UART.c ****             {
 251:.\Generated_Source\PSoC4/UART_1_SPI_UART.c ****                 /* TX software buffer is empty: put data directly in TX FIFO */
 252:.\Generated_Source\PSoC4/UART_1_SPI_UART.c ****                 UART_1_TX_FIFO_WR_REG = txData;
 253:.\Generated_Source\PSoC4/UART_1_SPI_UART.c ****             }
 254:.\Generated_Source\PSoC4/UART_1_SPI_UART.c ****             /* Put data into TX software buffer */
 255:.\Generated_Source\PSoC4/UART_1_SPI_UART.c ****             else
 256:.\Generated_Source\PSoC4/UART_1_SPI_UART.c ****             {
 257:.\Generated_Source\PSoC4/UART_1_SPI_UART.c ****                 /* Head index to put data */
 258:.\Generated_Source\PSoC4/UART_1_SPI_UART.c ****                 locHead = (UART_1_txBufferHead + 1u);
 259:.\Generated_Source\PSoC4/UART_1_SPI_UART.c **** 
 260:.\Generated_Source\PSoC4/UART_1_SPI_UART.c ****                 /* Adjust TX software buffer index */
 261:.\Generated_Source\PSoC4/UART_1_SPI_UART.c ****                 if (UART_1_TX_BUFFER_SIZE == locHead)
 262:.\Generated_Source\PSoC4/UART_1_SPI_UART.c ****                 {
 263:.\Generated_Source\PSoC4/UART_1_SPI_UART.c ****                     locHead = 0u;
 264:.\Generated_Source\PSoC4/UART_1_SPI_UART.c ****                 }
 265:.\Generated_Source\PSoC4/UART_1_SPI_UART.c **** 
 266:.\Generated_Source\PSoC4/UART_1_SPI_UART.c ****                 /* Wait for space in TX software buffer */
 267:.\Generated_Source\PSoC4/UART_1_SPI_UART.c ****                 while (locHead == UART_1_txBufferTail)
 268:.\Generated_Source\PSoC4/UART_1_SPI_UART.c ****                 {
 269:.\Generated_Source\PSoC4/UART_1_SPI_UART.c ****                 }
 270:.\Generated_Source\PSoC4/UART_1_SPI_UART.c **** 
 271:.\Generated_Source\PSoC4/UART_1_SPI_UART.c ****                 /* TX software buffer has at least one room */
 272:.\Generated_Source\PSoC4/UART_1_SPI_UART.c **** 
 273:.\Generated_Source\PSoC4/UART_1_SPI_UART.c ****                 /* Clear old status of INTR_TX_NOT_FULL. It sets at the end of transfer when TX FIF
 274:.\Generated_Source\PSoC4/UART_1_SPI_UART.c ****                 UART_1_ClearTxInterruptSource(UART_1_INTR_TX_NOT_FULL);
 275:.\Generated_Source\PSoC4/UART_1_SPI_UART.c **** 
 276:.\Generated_Source\PSoC4/UART_1_SPI_UART.c ****                 UART_1_PutWordInTxBuffer(locHead, txData);
 277:.\Generated_Source\PSoC4/UART_1_SPI_UART.c **** 
 278:.\Generated_Source\PSoC4/UART_1_SPI_UART.c ****                 UART_1_txBufferHead = locHead;
 279:.\Generated_Source\PSoC4/UART_1_SPI_UART.c **** 
 280:.\Generated_Source\PSoC4/UART_1_SPI_UART.c ****                 /* Check if TX Not Full is disabled in interrupt */
 281:.\Generated_Source\PSoC4/UART_1_SPI_UART.c ****                 if (0u == (UART_1_INTR_TX_MASK_REG & UART_1_INTR_TX_NOT_FULL))
 282:.\Generated_Source\PSoC4/UART_1_SPI_UART.c ****                 {
 283:.\Generated_Source\PSoC4/UART_1_SPI_UART.c ****                     /* Enable TX Not Full interrupt source to transmit from software buffer */
 284:.\Generated_Source\PSoC4/UART_1_SPI_UART.c ****                     UART_1_INTR_TX_MASK_REG |= (uint32) UART_1_INTR_TX_NOT_FULL;
 285:.\Generated_Source\PSoC4/UART_1_SPI_UART.c ****                 }
 286:.\Generated_Source\PSoC4/UART_1_SPI_UART.c ****             }
 287:.\Generated_Source\PSoC4/UART_1_SPI_UART.c ****         }
 288:.\Generated_Source\PSoC4/UART_1_SPI_UART.c ****         #else
 289:.\Generated_Source\PSoC4/UART_1_SPI_UART.c ****         {
 290:.\Generated_Source\PSoC4/UART_1_SPI_UART.c ****             /* Wait until TX FIFO has space to put data element */
 291:.\Generated_Source\PSoC4/UART_1_SPI_UART.c ****             while (UART_1_SPI_UART_FIFO_SIZE == UART_1_GET_TX_FIFO_ENTRIES)
 158              		.loc 1 291 0
 159 0008 C046     		mov	r8, r8
 160              	.L13:
 161              		.loc 1 291 0 is_stmt 0 discriminator 1
 162 000a 064B     		ldr	r3, .L14
 163 000c 1B68     		ldr	r3, [r3]
 164 000e 0F22     		mov	r2, #15
 165 0010 1340     		and	r3, r2
ARM GAS  C:\Users\LUKASC~1\AppData\Local\Temp\ccuNETA7.s 			page 9


 166 0012 082B     		cmp	r3, #8
 167 0014 F9D0     		beq	.L13
 292:.\Generated_Source\PSoC4/UART_1_SPI_UART.c ****             {
 293:.\Generated_Source\PSoC4/UART_1_SPI_UART.c ****             }
 294:.\Generated_Source\PSoC4/UART_1_SPI_UART.c **** 
 295:.\Generated_Source\PSoC4/UART_1_SPI_UART.c ****             UART_1_TX_FIFO_WR_REG = txData;
 168              		.loc 1 295 0 is_stmt 1
 169 0016 044B     		ldr	r3, .L14+4
 170 0018 7A68     		ldr	r2, [r7, #4]
 171 001a 1A60     		str	r2, [r3]
 296:.\Generated_Source\PSoC4/UART_1_SPI_UART.c ****         }
 297:.\Generated_Source\PSoC4/UART_1_SPI_UART.c ****         #endif
 298:.\Generated_Source\PSoC4/UART_1_SPI_UART.c ****     }
 172              		.loc 1 298 0
 173 001c BD46     		mov	sp, r7
 174 001e 02B0     		add	sp, sp, #8
 175              		@ sp needed
 176 0020 80BD     		pop	{r7, pc}
 177              	.L15:
 178 0022 C046     		.align	2
 179              	.L14:
 180 0024 08020640 		.word	1074135560
 181 0028 40020640 		.word	1074135616
 182              		.cfi_endproc
 183              	.LFE3:
 184              		.size	UART_1_SpiUartWriteTxData, .-UART_1_SpiUartWriteTxData
 185              		.section	.text.UART_1_SpiUartPutArray,"ax",%progbits
 186              		.align	2
 187              		.global	UART_1_SpiUartPutArray
 188              		.code	16
 189              		.thumb_func
 190              		.type	UART_1_SpiUartPutArray, %function
 191              	UART_1_SpiUartPutArray:
 192              	.LFB4:
 299:.\Generated_Source\PSoC4/UART_1_SPI_UART.c **** 
 300:.\Generated_Source\PSoC4/UART_1_SPI_UART.c **** 
 301:.\Generated_Source\PSoC4/UART_1_SPI_UART.c ****     /*******************************************************************************
 302:.\Generated_Source\PSoC4/UART_1_SPI_UART.c ****     * Function Name: UART_1_SpiUartPutArray
 303:.\Generated_Source\PSoC4/UART_1_SPI_UART.c ****     ********************************************************************************
 304:.\Generated_Source\PSoC4/UART_1_SPI_UART.c ****     *
 305:.\Generated_Source\PSoC4/UART_1_SPI_UART.c ****     * Summary:
 306:.\Generated_Source\PSoC4/UART_1_SPI_UART.c ****     *  Places an array of data into the transmit buffer to be sent.
 307:.\Generated_Source\PSoC4/UART_1_SPI_UART.c ****     *  This function is blocking and waits until there is a space available to put
 308:.\Generated_Source\PSoC4/UART_1_SPI_UART.c ****     *  all the requested data in the transmit buffer. The array size can be greater
 309:.\Generated_Source\PSoC4/UART_1_SPI_UART.c ****     *  than transmit buffer size.
 310:.\Generated_Source\PSoC4/UART_1_SPI_UART.c ****     *
 311:.\Generated_Source\PSoC4/UART_1_SPI_UART.c ****     * Parameters:
 312:.\Generated_Source\PSoC4/UART_1_SPI_UART.c ****     *  wrBuf:  pointer to an array with data to be placed in transmit buffer.
 313:.\Generated_Source\PSoC4/UART_1_SPI_UART.c ****     *  count:  number of data elements to be placed in the transmit buffer.
 314:.\Generated_Source\PSoC4/UART_1_SPI_UART.c ****     *
 315:.\Generated_Source\PSoC4/UART_1_SPI_UART.c ****     * Return:
 316:.\Generated_Source\PSoC4/UART_1_SPI_UART.c ****     *  None
 317:.\Generated_Source\PSoC4/UART_1_SPI_UART.c ****     *
 318:.\Generated_Source\PSoC4/UART_1_SPI_UART.c ****     *******************************************************************************/
 319:.\Generated_Source\PSoC4/UART_1_SPI_UART.c ****     void UART_1_SpiUartPutArray(const uint8 wrBuf[], uint32 count)
 320:.\Generated_Source\PSoC4/UART_1_SPI_UART.c ****     {
 193              		.loc 1 320 0
ARM GAS  C:\Users\LUKASC~1\AppData\Local\Temp\ccuNETA7.s 			page 10


 194              		.cfi_startproc
 195 0000 80B5     		push	{r7, lr}
 196              		.cfi_def_cfa_offset 8
 197              		.cfi_offset 7, -8
 198              		.cfi_offset 14, -4
 199 0002 84B0     		sub	sp, sp, #16
 200              		.cfi_def_cfa_offset 24
 201 0004 00AF     		add	r7, sp, #0
 202              		.cfi_def_cfa_register 7
 203 0006 7860     		str	r0, [r7, #4]
 204 0008 3960     		str	r1, [r7]
 321:.\Generated_Source\PSoC4/UART_1_SPI_UART.c ****         uint32 i;
 322:.\Generated_Source\PSoC4/UART_1_SPI_UART.c **** 
 323:.\Generated_Source\PSoC4/UART_1_SPI_UART.c ****         for (i=0u; i < count; i++)
 205              		.loc 1 323 0
 206 000a 0023     		mov	r3, #0
 207 000c FB60     		str	r3, [r7, #12]
 208 000e 09E0     		b	.L17
 209              	.L18:
 324:.\Generated_Source\PSoC4/UART_1_SPI_UART.c ****         {
 325:.\Generated_Source\PSoC4/UART_1_SPI_UART.c ****             UART_1_SpiUartWriteTxData((uint32) wrBuf[i]);
 210              		.loc 1 325 0 discriminator 3
 211 0010 7A68     		ldr	r2, [r7, #4]
 212 0012 FB68     		ldr	r3, [r7, #12]
 213 0014 D318     		add	r3, r2, r3
 214 0016 1B78     		ldrb	r3, [r3]
 215 0018 181C     		mov	r0, r3
 216 001a FFF7FEFF 		bl	UART_1_SpiUartWriteTxData
 323:.\Generated_Source\PSoC4/UART_1_SPI_UART.c ****         {
 217              		.loc 1 323 0 discriminator 3
 218 001e FB68     		ldr	r3, [r7, #12]
 219 0020 0133     		add	r3, r3, #1
 220 0022 FB60     		str	r3, [r7, #12]
 221              	.L17:
 323:.\Generated_Source\PSoC4/UART_1_SPI_UART.c ****         {
 222              		.loc 1 323 0 is_stmt 0 discriminator 1
 223 0024 FA68     		ldr	r2, [r7, #12]
 224 0026 3B68     		ldr	r3, [r7]
 225 0028 9A42     		cmp	r2, r3
 226 002a F1D3     		bcc	.L18
 326:.\Generated_Source\PSoC4/UART_1_SPI_UART.c ****         }
 327:.\Generated_Source\PSoC4/UART_1_SPI_UART.c ****     }
 227              		.loc 1 327 0 is_stmt 1
 228 002c BD46     		mov	sp, r7
 229 002e 04B0     		add	sp, sp, #16
 230              		@ sp needed
 231 0030 80BD     		pop	{r7, pc}
 232              		.cfi_endproc
 233              	.LFE4:
 234              		.size	UART_1_SpiUartPutArray, .-UART_1_SpiUartPutArray
 235 0032 C046     		.section	.text.UART_1_SpiUartGetTxBufferSize,"ax",%progbits
 236              		.align	2
 237              		.global	UART_1_SpiUartGetTxBufferSize
 238              		.code	16
 239              		.thumb_func
 240              		.type	UART_1_SpiUartGetTxBufferSize, %function
 241              	UART_1_SpiUartGetTxBufferSize:
ARM GAS  C:\Users\LUKASC~1\AppData\Local\Temp\ccuNETA7.s 			page 11


 242              	.LFB5:
 328:.\Generated_Source\PSoC4/UART_1_SPI_UART.c **** 
 329:.\Generated_Source\PSoC4/UART_1_SPI_UART.c **** 
 330:.\Generated_Source\PSoC4/UART_1_SPI_UART.c ****     /*******************************************************************************
 331:.\Generated_Source\PSoC4/UART_1_SPI_UART.c ****     * Function Name: UART_1_SpiUartGetTxBufferSize
 332:.\Generated_Source\PSoC4/UART_1_SPI_UART.c ****     ********************************************************************************
 333:.\Generated_Source\PSoC4/UART_1_SPI_UART.c ****     *
 334:.\Generated_Source\PSoC4/UART_1_SPI_UART.c ****     * Summary:
 335:.\Generated_Source\PSoC4/UART_1_SPI_UART.c ****     * Returns the number of elements currently in the transmit buffer.
 336:.\Generated_Source\PSoC4/UART_1_SPI_UART.c ****     *  - TX software buffer is disabled: returns the number of used entries in
 337:.\Generated_Source\PSoC4/UART_1_SPI_UART.c ****     *    TX FIFO.
 338:.\Generated_Source\PSoC4/UART_1_SPI_UART.c ****     *  - TX software buffer is enabled: returns the number of elements currently
 339:.\Generated_Source\PSoC4/UART_1_SPI_UART.c ****     *    used in the transmit buffer. This number does not include used entries in
 340:.\Generated_Source\PSoC4/UART_1_SPI_UART.c ****     *    the TX FIFO. The transmit buffer size is zero until the TX FIFO is
 341:.\Generated_Source\PSoC4/UART_1_SPI_UART.c ****     *    not full.
 342:.\Generated_Source\PSoC4/UART_1_SPI_UART.c ****     *
 343:.\Generated_Source\PSoC4/UART_1_SPI_UART.c ****     * Parameters:
 344:.\Generated_Source\PSoC4/UART_1_SPI_UART.c ****     *  None
 345:.\Generated_Source\PSoC4/UART_1_SPI_UART.c ****     *
 346:.\Generated_Source\PSoC4/UART_1_SPI_UART.c ****     * Return:
 347:.\Generated_Source\PSoC4/UART_1_SPI_UART.c ****     *  Number of data elements ready to transmit.
 348:.\Generated_Source\PSoC4/UART_1_SPI_UART.c ****     *
 349:.\Generated_Source\PSoC4/UART_1_SPI_UART.c ****     *******************************************************************************/
 350:.\Generated_Source\PSoC4/UART_1_SPI_UART.c ****     uint32 UART_1_SpiUartGetTxBufferSize(void)
 351:.\Generated_Source\PSoC4/UART_1_SPI_UART.c ****     {
 243              		.loc 1 351 0
 244              		.cfi_startproc
 245 0000 80B5     		push	{r7, lr}
 246              		.cfi_def_cfa_offset 8
 247              		.cfi_offset 7, -8
 248              		.cfi_offset 14, -4
 249 0002 82B0     		sub	sp, sp, #8
 250              		.cfi_def_cfa_offset 16
 251 0004 00AF     		add	r7, sp, #0
 252              		.cfi_def_cfa_register 7
 352:.\Generated_Source\PSoC4/UART_1_SPI_UART.c ****         uint32 size;
 353:.\Generated_Source\PSoC4/UART_1_SPI_UART.c ****     #if (UART_1_INTERNAL_TX_SW_BUFFER_CONST)
 354:.\Generated_Source\PSoC4/UART_1_SPI_UART.c ****         uint32 locTail;
 355:.\Generated_Source\PSoC4/UART_1_SPI_UART.c ****     #endif /* (UART_1_INTERNAL_TX_SW_BUFFER_CONST) */
 356:.\Generated_Source\PSoC4/UART_1_SPI_UART.c **** 
 357:.\Generated_Source\PSoC4/UART_1_SPI_UART.c ****         #if (UART_1_CHECK_TX_SW_BUFFER)
 358:.\Generated_Source\PSoC4/UART_1_SPI_UART.c ****         {
 359:.\Generated_Source\PSoC4/UART_1_SPI_UART.c ****             /* Get current Tail index */
 360:.\Generated_Source\PSoC4/UART_1_SPI_UART.c ****             locTail = UART_1_txBufferTail;
 361:.\Generated_Source\PSoC4/UART_1_SPI_UART.c **** 
 362:.\Generated_Source\PSoC4/UART_1_SPI_UART.c ****             if (UART_1_txBufferHead >= locTail)
 363:.\Generated_Source\PSoC4/UART_1_SPI_UART.c ****             {
 364:.\Generated_Source\PSoC4/UART_1_SPI_UART.c ****                 size = (UART_1_txBufferHead - locTail);
 365:.\Generated_Source\PSoC4/UART_1_SPI_UART.c ****             }
 366:.\Generated_Source\PSoC4/UART_1_SPI_UART.c ****             else
 367:.\Generated_Source\PSoC4/UART_1_SPI_UART.c ****             {
 368:.\Generated_Source\PSoC4/UART_1_SPI_UART.c ****                 size = (UART_1_txBufferHead + (UART_1_TX_BUFFER_SIZE - locTail));
 369:.\Generated_Source\PSoC4/UART_1_SPI_UART.c ****             }
 370:.\Generated_Source\PSoC4/UART_1_SPI_UART.c ****         }
 371:.\Generated_Source\PSoC4/UART_1_SPI_UART.c ****         #else
 372:.\Generated_Source\PSoC4/UART_1_SPI_UART.c ****         {
 373:.\Generated_Source\PSoC4/UART_1_SPI_UART.c ****             size = UART_1_GET_TX_FIFO_ENTRIES;
ARM GAS  C:\Users\LUKASC~1\AppData\Local\Temp\ccuNETA7.s 			page 12


 253              		.loc 1 373 0
 254 0006 054B     		ldr	r3, .L21
 255 0008 1B68     		ldr	r3, [r3]
 256 000a 0F22     		mov	r2, #15
 257 000c 1340     		and	r3, r2
 258 000e 7B60     		str	r3, [r7, #4]
 374:.\Generated_Source\PSoC4/UART_1_SPI_UART.c ****         }
 375:.\Generated_Source\PSoC4/UART_1_SPI_UART.c ****         #endif
 376:.\Generated_Source\PSoC4/UART_1_SPI_UART.c **** 
 377:.\Generated_Source\PSoC4/UART_1_SPI_UART.c ****         return (size);
 259              		.loc 1 377 0
 260 0010 7B68     		ldr	r3, [r7, #4]
 378:.\Generated_Source\PSoC4/UART_1_SPI_UART.c ****     }
 261              		.loc 1 378 0
 262 0012 181C     		mov	r0, r3
 263 0014 BD46     		mov	sp, r7
 264 0016 02B0     		add	sp, sp, #8
 265              		@ sp needed
 266 0018 80BD     		pop	{r7, pc}
 267              	.L22:
 268 001a C046     		.align	2
 269              	.L21:
 270 001c 08020640 		.word	1074135560
 271              		.cfi_endproc
 272              	.LFE5:
 273              		.size	UART_1_SpiUartGetTxBufferSize, .-UART_1_SpiUartGetTxBufferSize
 274              		.section	.text.UART_1_SpiUartClearTxBuffer,"ax",%progbits
 275              		.align	2
 276              		.global	UART_1_SpiUartClearTxBuffer
 277              		.code	16
 278              		.thumb_func
 279              		.type	UART_1_SpiUartClearTxBuffer, %function
 280              	UART_1_SpiUartClearTxBuffer:
 281              	.LFB6:
 379:.\Generated_Source\PSoC4/UART_1_SPI_UART.c **** 
 380:.\Generated_Source\PSoC4/UART_1_SPI_UART.c **** 
 381:.\Generated_Source\PSoC4/UART_1_SPI_UART.c ****     /*******************************************************************************
 382:.\Generated_Source\PSoC4/UART_1_SPI_UART.c ****     * Function Name: UART_1_SpiUartClearTxBuffer
 383:.\Generated_Source\PSoC4/UART_1_SPI_UART.c ****     ********************************************************************************
 384:.\Generated_Source\PSoC4/UART_1_SPI_UART.c ****     *
 385:.\Generated_Source\PSoC4/UART_1_SPI_UART.c ****     * Summary:
 386:.\Generated_Source\PSoC4/UART_1_SPI_UART.c ****     *  Clears the transmit buffer and TX FIFO.
 387:.\Generated_Source\PSoC4/UART_1_SPI_UART.c ****     *
 388:.\Generated_Source\PSoC4/UART_1_SPI_UART.c ****     * Parameters:
 389:.\Generated_Source\PSoC4/UART_1_SPI_UART.c ****     *  None
 390:.\Generated_Source\PSoC4/UART_1_SPI_UART.c ****     *
 391:.\Generated_Source\PSoC4/UART_1_SPI_UART.c ****     * Return:
 392:.\Generated_Source\PSoC4/UART_1_SPI_UART.c ****     *  None
 393:.\Generated_Source\PSoC4/UART_1_SPI_UART.c ****     *
 394:.\Generated_Source\PSoC4/UART_1_SPI_UART.c ****     *******************************************************************************/
 395:.\Generated_Source\PSoC4/UART_1_SPI_UART.c ****     void UART_1_SpiUartClearTxBuffer(void)
 396:.\Generated_Source\PSoC4/UART_1_SPI_UART.c ****     {
 282              		.loc 1 396 0
 283              		.cfi_startproc
 284 0000 80B5     		push	{r7, lr}
 285              		.cfi_def_cfa_offset 8
 286              		.cfi_offset 7, -8
ARM GAS  C:\Users\LUKASC~1\AppData\Local\Temp\ccuNETA7.s 			page 13


 287              		.cfi_offset 14, -4
 288 0002 00AF     		add	r7, sp, #0
 289              		.cfi_def_cfa_register 7
 397:.\Generated_Source\PSoC4/UART_1_SPI_UART.c ****         #if (UART_1_CHECK_TX_SW_BUFFER)
 398:.\Generated_Source\PSoC4/UART_1_SPI_UART.c ****         {
 399:.\Generated_Source\PSoC4/UART_1_SPI_UART.c ****             /* Lock from component interruption */
 400:.\Generated_Source\PSoC4/UART_1_SPI_UART.c ****             UART_1_DisableInt();
 401:.\Generated_Source\PSoC4/UART_1_SPI_UART.c **** 
 402:.\Generated_Source\PSoC4/UART_1_SPI_UART.c ****             /* Flush TX software buffer */
 403:.\Generated_Source\PSoC4/UART_1_SPI_UART.c ****             UART_1_txBufferHead = UART_1_txBufferTail;
 404:.\Generated_Source\PSoC4/UART_1_SPI_UART.c **** 
 405:.\Generated_Source\PSoC4/UART_1_SPI_UART.c ****             UART_1_INTR_TX_MASK_REG &= (uint32) ~UART_1_INTR_TX_NOT_FULL;
 406:.\Generated_Source\PSoC4/UART_1_SPI_UART.c ****             UART_1_CLEAR_TX_FIFO;
 407:.\Generated_Source\PSoC4/UART_1_SPI_UART.c ****             UART_1_ClearTxInterruptSource(UART_1_INTR_TX_ALL);
 408:.\Generated_Source\PSoC4/UART_1_SPI_UART.c **** 
 409:.\Generated_Source\PSoC4/UART_1_SPI_UART.c ****             /* Release lock */
 410:.\Generated_Source\PSoC4/UART_1_SPI_UART.c ****             UART_1_EnableInt();
 411:.\Generated_Source\PSoC4/UART_1_SPI_UART.c ****         }
 412:.\Generated_Source\PSoC4/UART_1_SPI_UART.c ****         #else
 413:.\Generated_Source\PSoC4/UART_1_SPI_UART.c ****         {
 414:.\Generated_Source\PSoC4/UART_1_SPI_UART.c ****             UART_1_CLEAR_TX_FIFO;
 290              		.loc 1 414 0
 291 0004 074B     		ldr	r3, .L24
 292 0006 074A     		ldr	r2, .L24
 293 0008 1268     		ldr	r2, [r2]
 294 000a 8021     		mov	r1, #128
 295 000c 4902     		lsl	r1, r1, #9
 296 000e 0A43     		orr	r2, r1
 297 0010 1A60     		str	r2, [r3]
 298 0012 044B     		ldr	r3, .L24
 299 0014 034A     		ldr	r2, .L24
 300 0016 1268     		ldr	r2, [r2]
 301 0018 0349     		ldr	r1, .L24+4
 302 001a 0A40     		and	r2, r1
 303 001c 1A60     		str	r2, [r3]
 415:.\Generated_Source\PSoC4/UART_1_SPI_UART.c ****         }
 416:.\Generated_Source\PSoC4/UART_1_SPI_UART.c ****         #endif
 417:.\Generated_Source\PSoC4/UART_1_SPI_UART.c ****     }
 304              		.loc 1 417 0
 305 001e BD46     		mov	sp, r7
 306              		@ sp needed
 307 0020 80BD     		pop	{r7, pc}
 308              	.L25:
 309 0022 C046     		.align	2
 310              	.L24:
 311 0024 04020640 		.word	1074135556
 312 0028 FFFFFEFF 		.word	-65537
 313              		.cfi_endproc
 314              	.LFE6:
 315              		.size	UART_1_SpiUartClearTxBuffer, .-UART_1_SpiUartClearTxBuffer
 316              		.section	.text.UART_1_SpiUartDisableIntRx,"ax",%progbits
 317              		.align	2
 318              		.global	UART_1_SpiUartDisableIntRx
 319              		.code	16
 320              		.thumb_func
 321              		.type	UART_1_SpiUartDisableIntRx, %function
 322              	UART_1_SpiUartDisableIntRx:
ARM GAS  C:\Users\LUKASC~1\AppData\Local\Temp\ccuNETA7.s 			page 14


 323              	.LFB7:
 418:.\Generated_Source\PSoC4/UART_1_SPI_UART.c **** 
 419:.\Generated_Source\PSoC4/UART_1_SPI_UART.c **** #endif /* (UART_1_TX_DIRECTION) */
 420:.\Generated_Source\PSoC4/UART_1_SPI_UART.c **** 
 421:.\Generated_Source\PSoC4/UART_1_SPI_UART.c **** 
 422:.\Generated_Source\PSoC4/UART_1_SPI_UART.c **** /*******************************************************************************
 423:.\Generated_Source\PSoC4/UART_1_SPI_UART.c **** * Function Name: UART_1_SpiUartDisableIntRx
 424:.\Generated_Source\PSoC4/UART_1_SPI_UART.c **** ********************************************************************************
 425:.\Generated_Source\PSoC4/UART_1_SPI_UART.c **** *
 426:.\Generated_Source\PSoC4/UART_1_SPI_UART.c **** * Summary:
 427:.\Generated_Source\PSoC4/UART_1_SPI_UART.c **** *  Disables the RX interrupt sources.
 428:.\Generated_Source\PSoC4/UART_1_SPI_UART.c **** *
 429:.\Generated_Source\PSoC4/UART_1_SPI_UART.c **** * Parameters:
 430:.\Generated_Source\PSoC4/UART_1_SPI_UART.c **** *  None
 431:.\Generated_Source\PSoC4/UART_1_SPI_UART.c **** *
 432:.\Generated_Source\PSoC4/UART_1_SPI_UART.c **** * Return:
 433:.\Generated_Source\PSoC4/UART_1_SPI_UART.c **** *  Returns the RX interrupt sources enabled before the function call.
 434:.\Generated_Source\PSoC4/UART_1_SPI_UART.c **** *
 435:.\Generated_Source\PSoC4/UART_1_SPI_UART.c **** *******************************************************************************/
 436:.\Generated_Source\PSoC4/UART_1_SPI_UART.c **** uint32 UART_1_SpiUartDisableIntRx(void)
 437:.\Generated_Source\PSoC4/UART_1_SPI_UART.c **** {
 324              		.loc 1 437 0
 325              		.cfi_startproc
 326 0000 80B5     		push	{r7, lr}
 327              		.cfi_def_cfa_offset 8
 328              		.cfi_offset 7, -8
 329              		.cfi_offset 14, -4
 330 0002 82B0     		sub	sp, sp, #8
 331              		.cfi_def_cfa_offset 16
 332 0004 00AF     		add	r7, sp, #0
 333              		.cfi_def_cfa_register 7
 438:.\Generated_Source\PSoC4/UART_1_SPI_UART.c ****     uint32 intSource;
 439:.\Generated_Source\PSoC4/UART_1_SPI_UART.c **** 
 440:.\Generated_Source\PSoC4/UART_1_SPI_UART.c ****     intSource = UART_1_GetRxInterruptMode();
 334              		.loc 1 440 0
 335 0006 054B     		ldr	r3, .L28
 336 0008 1B68     		ldr	r3, [r3]
 337 000a 7B60     		str	r3, [r7, #4]
 441:.\Generated_Source\PSoC4/UART_1_SPI_UART.c **** 
 442:.\Generated_Source\PSoC4/UART_1_SPI_UART.c ****     UART_1_SetRxInterruptMode(UART_1_NO_INTR_SOURCES);
 338              		.loc 1 442 0
 339 000c 034B     		ldr	r3, .L28
 340 000e 0022     		mov	r2, #0
 341 0010 1A60     		str	r2, [r3]
 443:.\Generated_Source\PSoC4/UART_1_SPI_UART.c **** 
 444:.\Generated_Source\PSoC4/UART_1_SPI_UART.c ****     return (intSource);
 342              		.loc 1 444 0
 343 0012 7B68     		ldr	r3, [r7, #4]
 445:.\Generated_Source\PSoC4/UART_1_SPI_UART.c **** }
 344              		.loc 1 445 0
 345 0014 181C     		mov	r0, r3
 346 0016 BD46     		mov	sp, r7
 347 0018 02B0     		add	sp, sp, #8
 348              		@ sp needed
 349 001a 80BD     		pop	{r7, pc}
 350              	.L29:
 351              		.align	2
ARM GAS  C:\Users\LUKASC~1\AppData\Local\Temp\ccuNETA7.s 			page 15


 352              	.L28:
 353 001c C80F0640 		.word	1074139080
 354              		.cfi_endproc
 355              	.LFE7:
 356              		.size	UART_1_SpiUartDisableIntRx, .-UART_1_SpiUartDisableIntRx
 357              		.section	.text.UART_1_SpiUartDisableIntTx,"ax",%progbits
 358              		.align	2
 359              		.global	UART_1_SpiUartDisableIntTx
 360              		.code	16
 361              		.thumb_func
 362              		.type	UART_1_SpiUartDisableIntTx, %function
 363              	UART_1_SpiUartDisableIntTx:
 364              	.LFB8:
 446:.\Generated_Source\PSoC4/UART_1_SPI_UART.c **** 
 447:.\Generated_Source\PSoC4/UART_1_SPI_UART.c **** 
 448:.\Generated_Source\PSoC4/UART_1_SPI_UART.c **** /*******************************************************************************
 449:.\Generated_Source\PSoC4/UART_1_SPI_UART.c **** * Function Name: UART_1_SpiUartDisableIntTx
 450:.\Generated_Source\PSoC4/UART_1_SPI_UART.c **** ********************************************************************************
 451:.\Generated_Source\PSoC4/UART_1_SPI_UART.c **** *
 452:.\Generated_Source\PSoC4/UART_1_SPI_UART.c **** * Summary:
 453:.\Generated_Source\PSoC4/UART_1_SPI_UART.c **** *  Disables TX interrupt sources.
 454:.\Generated_Source\PSoC4/UART_1_SPI_UART.c **** *
 455:.\Generated_Source\PSoC4/UART_1_SPI_UART.c **** * Parameters:
 456:.\Generated_Source\PSoC4/UART_1_SPI_UART.c **** *  None
 457:.\Generated_Source\PSoC4/UART_1_SPI_UART.c **** *
 458:.\Generated_Source\PSoC4/UART_1_SPI_UART.c **** * Return:
 459:.\Generated_Source\PSoC4/UART_1_SPI_UART.c **** *  Returns TX interrupt sources enabled before function call.
 460:.\Generated_Source\PSoC4/UART_1_SPI_UART.c **** *
 461:.\Generated_Source\PSoC4/UART_1_SPI_UART.c **** *******************************************************************************/
 462:.\Generated_Source\PSoC4/UART_1_SPI_UART.c **** uint32 UART_1_SpiUartDisableIntTx(void)
 463:.\Generated_Source\PSoC4/UART_1_SPI_UART.c **** {
 365              		.loc 1 463 0
 366              		.cfi_startproc
 367 0000 80B5     		push	{r7, lr}
 368              		.cfi_def_cfa_offset 8
 369              		.cfi_offset 7, -8
 370              		.cfi_offset 14, -4
 371 0002 82B0     		sub	sp, sp, #8
 372              		.cfi_def_cfa_offset 16
 373 0004 00AF     		add	r7, sp, #0
 374              		.cfi_def_cfa_register 7
 464:.\Generated_Source\PSoC4/UART_1_SPI_UART.c ****     uint32 intSourceMask;
 465:.\Generated_Source\PSoC4/UART_1_SPI_UART.c **** 
 466:.\Generated_Source\PSoC4/UART_1_SPI_UART.c ****     intSourceMask = UART_1_GetTxInterruptMode();
 375              		.loc 1 466 0
 376 0006 054B     		ldr	r3, .L32
 377 0008 1B68     		ldr	r3, [r3]
 378 000a 7B60     		str	r3, [r7, #4]
 467:.\Generated_Source\PSoC4/UART_1_SPI_UART.c **** 
 468:.\Generated_Source\PSoC4/UART_1_SPI_UART.c ****     UART_1_SetTxInterruptMode(UART_1_NO_INTR_SOURCES);
 379              		.loc 1 468 0
 380 000c 034B     		ldr	r3, .L32
 381 000e 0022     		mov	r2, #0
 382 0010 1A60     		str	r2, [r3]
 469:.\Generated_Source\PSoC4/UART_1_SPI_UART.c **** 
 470:.\Generated_Source\PSoC4/UART_1_SPI_UART.c ****     return (intSourceMask);
 383              		.loc 1 470 0
ARM GAS  C:\Users\LUKASC~1\AppData\Local\Temp\ccuNETA7.s 			page 16


 384 0012 7B68     		ldr	r3, [r7, #4]
 471:.\Generated_Source\PSoC4/UART_1_SPI_UART.c **** }
 385              		.loc 1 471 0
 386 0014 181C     		mov	r0, r3
 387 0016 BD46     		mov	sp, r7
 388 0018 02B0     		add	sp, sp, #8
 389              		@ sp needed
 390 001a 80BD     		pop	{r7, pc}
 391              	.L33:
 392              		.align	2
 393              	.L32:
 394 001c 880F0640 		.word	1074139016
 395              		.cfi_endproc
 396              	.LFE8:
 397              		.size	UART_1_SpiUartDisableIntTx, .-UART_1_SpiUartDisableIntTx
 398              		.text
 399              	.Letext0:
 400              		.file 2 "Generated_Source\\PSoC4/cytypes.h"
 401              		.section	.debug_info,"",%progbits
 402              	.Ldebug_info0:
 403 0000 0B020000 		.4byte	0x20b
 404 0004 0400     		.2byte	0x4
 405 0006 00000000 		.4byte	.Ldebug_abbrev0
 406 000a 04       		.byte	0x4
 407 000b 01       		.uleb128 0x1
 408 000c 01010000 		.4byte	.LASF32
 409 0010 01       		.byte	0x1
 410 0011 BA020000 		.4byte	.LASF33
 411 0015 96010000 		.4byte	.LASF34
 412 0019 00000000 		.4byte	.Ldebug_ranges0+0
 413 001d 00000000 		.4byte	0
 414 0021 00000000 		.4byte	.Ldebug_line0
 415 0025 02       		.uleb128 0x2
 416 0026 01       		.byte	0x1
 417 0027 06       		.byte	0x6
 418 0028 EE020000 		.4byte	.LASF0
 419 002c 02       		.uleb128 0x2
 420 002d 01       		.byte	0x1
 421 002e 08       		.byte	0x8
 422 002f D2000000 		.4byte	.LASF1
 423 0033 02       		.uleb128 0x2
 424 0034 02       		.byte	0x2
 425 0035 05       		.byte	0x5
 426 0036 95020000 		.4byte	.LASF2
 427 003a 02       		.uleb128 0x2
 428 003b 02       		.byte	0x2
 429 003c 07       		.byte	0x7
 430 003d 31000000 		.4byte	.LASF3
 431 0041 02       		.uleb128 0x2
 432 0042 04       		.byte	0x4
 433 0043 05       		.byte	0x5
 434 0044 E5020000 		.4byte	.LASF4
 435 0048 02       		.uleb128 0x2
 436 0049 04       		.byte	0x4
 437 004a 07       		.byte	0x7
 438 004b 91000000 		.4byte	.LASF5
 439 004f 02       		.uleb128 0x2
ARM GAS  C:\Users\LUKASC~1\AppData\Local\Temp\ccuNETA7.s 			page 17


 440 0050 08       		.byte	0x8
 441 0051 05       		.byte	0x5
 442 0052 67020000 		.4byte	.LASF6
 443 0056 02       		.uleb128 0x2
 444 0057 08       		.byte	0x8
 445 0058 07       		.byte	0x7
 446 0059 12020000 		.4byte	.LASF7
 447 005d 03       		.uleb128 0x3
 448 005e 04       		.byte	0x4
 449 005f 05       		.byte	0x5
 450 0060 696E7400 		.ascii	"int\000"
 451 0064 02       		.uleb128 0x2
 452 0065 04       		.byte	0x4
 453 0066 07       		.byte	0x7
 454 0067 44000000 		.4byte	.LASF8
 455 006b 04       		.uleb128 0x4
 456 006c BF000000 		.4byte	.LASF9
 457 0070 02       		.byte	0x2
 458 0071 3801     		.2byte	0x138
 459 0073 2C000000 		.4byte	0x2c
 460 0077 04       		.uleb128 0x4
 461 0078 8F010000 		.4byte	.LASF10
 462 007c 02       		.byte	0x2
 463 007d 3A01     		.2byte	0x13a
 464 007f 48000000 		.4byte	0x48
 465 0083 02       		.uleb128 0x2
 466 0084 04       		.byte	0x4
 467 0085 04       		.byte	0x4
 468 0086 6F000000 		.4byte	.LASF11
 469 008a 02       		.uleb128 0x2
 470 008b 08       		.byte	0x8
 471 008c 04       		.byte	0x4
 472 008d E0000000 		.4byte	.LASF12
 473 0091 02       		.uleb128 0x2
 474 0092 01       		.byte	0x1
 475 0093 08       		.byte	0x8
 476 0094 75020000 		.4byte	.LASF13
 477 0098 04       		.uleb128 0x4
 478 0099 1E000000 		.4byte	.LASF14
 479 009d 02       		.byte	0x2
 480 009e E401     		.2byte	0x1e4
 481 00a0 A4000000 		.4byte	0xa4
 482 00a4 05       		.uleb128 0x5
 483 00a5 77000000 		.4byte	0x77
 484 00a9 02       		.uleb128 0x2
 485 00aa 04       		.byte	0x4
 486 00ab 07       		.byte	0x7
 487 00ac 5E020000 		.4byte	.LASF15
 488 00b0 06       		.uleb128 0x6
 489 00b1 45020000 		.4byte	.LASF16
 490 00b5 01       		.byte	0x1
 491 00b6 45       		.byte	0x45
 492 00b7 77000000 		.4byte	0x77
 493 00bb 00000000 		.4byte	.LFB0
 494 00bf 20000000 		.4byte	.LFE0-.LFB0
 495 00c3 01       		.uleb128 0x1
 496 00c4 9C       		.byte	0x9c
ARM GAS  C:\Users\LUKASC~1\AppData\Local\Temp\ccuNETA7.s 			page 18


 497 00c5 D8000000 		.4byte	0xd8
 498 00c9 07       		.uleb128 0x7
 499 00ca C5000000 		.4byte	.LASF18
 500 00ce 01       		.byte	0x1
 501 00cf 47       		.byte	0x47
 502 00d0 77000000 		.4byte	0x77
 503 00d4 02       		.uleb128 0x2
 504 00d5 91       		.byte	0x91
 505 00d6 74       		.sleb128 -12
 506 00d7 00       		.byte	0
 507 00d8 06       		.uleb128 0x6
 508 00d9 51000000 		.4byte	.LASF17
 509 00dd 01       		.byte	0x1
 510 00de 8D       		.byte	0x8d
 511 00df 77000000 		.4byte	0x77
 512 00e3 00000000 		.4byte	.LFB1
 513 00e7 20000000 		.4byte	.LFE1-.LFB1
 514 00eb 01       		.uleb128 0x1
 515 00ec 9C       		.byte	0x9c
 516 00ed 00010000 		.4byte	0x100
 517 00f1 07       		.uleb128 0x7
 518 00f2 8C000000 		.4byte	.LASF19
 519 00f6 01       		.byte	0x1
 520 00f7 8F       		.byte	0x8f
 521 00f8 77000000 		.4byte	0x77
 522 00fc 02       		.uleb128 0x2
 523 00fd 91       		.byte	0x91
 524 00fe 74       		.sleb128 -12
 525 00ff 00       		.byte	0
 526 0100 08       		.uleb128 0x8
 527 0101 29020000 		.4byte	.LASF26
 528 0105 01       		.byte	0x1
 529 0106 B9       		.byte	0xb9
 530 0107 00000000 		.4byte	.LFB2
 531 010b 2C000000 		.4byte	.LFE2-.LFB2
 532 010f 01       		.uleb128 0x1
 533 0110 9C       		.byte	0x9c
 534 0111 09       		.uleb128 0x9
 535 0112 E7000000 		.4byte	.LASF20
 536 0116 01       		.byte	0x1
 537 0117 EF       		.byte	0xef
 538 0118 00000000 		.4byte	.LFB3
 539 011c 2C000000 		.4byte	.LFE3-.LFB3
 540 0120 01       		.uleb128 0x1
 541 0121 9C       		.byte	0x9c
 542 0122 35010000 		.4byte	0x135
 543 0126 0A       		.uleb128 0xa
 544 0127 2A000000 		.4byte	.LASF22
 545 012b 01       		.byte	0x1
 546 012c EF       		.byte	0xef
 547 012d 77000000 		.4byte	0x77
 548 0131 02       		.uleb128 0x2
 549 0132 91       		.byte	0x91
 550 0133 74       		.sleb128 -12
 551 0134 00       		.byte	0
 552 0135 0B       		.uleb128 0xb
 553 0136 75000000 		.4byte	.LASF21
ARM GAS  C:\Users\LUKASC~1\AppData\Local\Temp\ccuNETA7.s 			page 19


 554 013a 01       		.byte	0x1
 555 013b 3F01     		.2byte	0x13f
 556 013d 00000000 		.4byte	.LFB4
 557 0141 32000000 		.4byte	.LFE4-.LFB4
 558 0145 01       		.uleb128 0x1
 559 0146 9C       		.byte	0x9c
 560 0147 77010000 		.4byte	0x177
 561 014b 0C       		.uleb128 0xc
 562 014c CC000000 		.4byte	.LASF23
 563 0150 01       		.byte	0x1
 564 0151 3F01     		.2byte	0x13f
 565 0153 77010000 		.4byte	0x177
 566 0157 02       		.uleb128 0x2
 567 0158 91       		.byte	0x91
 568 0159 6C       		.sleb128 -20
 569 015a 0C       		.uleb128 0xc
 570 015b 24000000 		.4byte	.LASF24
 571 015f 01       		.byte	0x1
 572 0160 3F01     		.2byte	0x13f
 573 0162 77000000 		.4byte	0x77
 574 0166 02       		.uleb128 0x2
 575 0167 91       		.byte	0x91
 576 0168 68       		.sleb128 -24
 577 0169 0D       		.uleb128 0xd
 578 016a 6900     		.ascii	"i\000"
 579 016c 01       		.byte	0x1
 580 016d 4101     		.2byte	0x141
 581 016f 77000000 		.4byte	0x77
 582 0173 02       		.uleb128 0x2
 583 0174 91       		.byte	0x91
 584 0175 74       		.sleb128 -12
 585 0176 00       		.byte	0
 586 0177 0E       		.uleb128 0xe
 587 0178 04       		.byte	0x4
 588 0179 7D010000 		.4byte	0x17d
 589 017d 0F       		.uleb128 0xf
 590 017e 6B000000 		.4byte	0x6b
 591 0182 10       		.uleb128 0x10
 592 0183 00000000 		.4byte	.LASF25
 593 0187 01       		.byte	0x1
 594 0188 5E01     		.2byte	0x15e
 595 018a 77000000 		.4byte	0x77
 596 018e 00000000 		.4byte	.LFB5
 597 0192 20000000 		.4byte	.LFE5-.LFB5
 598 0196 01       		.uleb128 0x1
 599 0197 9C       		.byte	0x9c
 600 0198 AC010000 		.4byte	0x1ac
 601 019c 11       		.uleb128 0x11
 602 019d 8C000000 		.4byte	.LASF19
 603 01a1 01       		.byte	0x1
 604 01a2 6001     		.2byte	0x160
 605 01a4 77000000 		.4byte	0x77
 606 01a8 02       		.uleb128 0x2
 607 01a9 91       		.byte	0x91
 608 01aa 74       		.sleb128 -12
 609 01ab 00       		.byte	0
 610 01ac 12       		.uleb128 0x12
ARM GAS  C:\Users\LUKASC~1\AppData\Local\Temp\ccuNETA7.s 			page 20


 611 01ad A3000000 		.4byte	.LASF27
 612 01b1 01       		.byte	0x1
 613 01b2 8B01     		.2byte	0x18b
 614 01b4 00000000 		.4byte	.LFB6
 615 01b8 2C000000 		.4byte	.LFE6-.LFB6
 616 01bc 01       		.uleb128 0x1
 617 01bd 9C       		.byte	0x9c
 618 01be 10       		.uleb128 0x10
 619 01bf 7A020000 		.4byte	.LASF28
 620 01c3 01       		.byte	0x1
 621 01c4 B401     		.2byte	0x1b4
 622 01c6 77000000 		.4byte	0x77
 623 01ca 00000000 		.4byte	.LFB7
 624 01ce 20000000 		.4byte	.LFE7-.LFB7
 625 01d2 01       		.uleb128 0x1
 626 01d3 9C       		.byte	0x9c
 627 01d4 E8010000 		.4byte	0x1e8
 628 01d8 11       		.uleb128 0x11
 629 01d9 08020000 		.4byte	.LASF29
 630 01dd 01       		.byte	0x1
 631 01de B601     		.2byte	0x1b6
 632 01e0 77000000 		.4byte	0x77
 633 01e4 02       		.uleb128 0x2
 634 01e5 91       		.byte	0x91
 635 01e6 74       		.sleb128 -12
 636 01e7 00       		.byte	0
 637 01e8 13       		.uleb128 0x13
 638 01e9 9F020000 		.4byte	.LASF30
 639 01ed 01       		.byte	0x1
 640 01ee CE01     		.2byte	0x1ce
 641 01f0 77000000 		.4byte	0x77
 642 01f4 00000000 		.4byte	.LFB8
 643 01f8 20000000 		.4byte	.LFE8-.LFB8
 644 01fc 01       		.uleb128 0x1
 645 01fd 9C       		.byte	0x9c
 646 01fe 11       		.uleb128 0x11
 647 01ff FA010000 		.4byte	.LASF31
 648 0203 01       		.byte	0x1
 649 0204 D001     		.2byte	0x1d0
 650 0206 77000000 		.4byte	0x77
 651 020a 02       		.uleb128 0x2
 652 020b 91       		.byte	0x91
 653 020c 74       		.sleb128 -12
 654 020d 00       		.byte	0
 655 020e 00       		.byte	0
 656              		.section	.debug_abbrev,"",%progbits
 657              	.Ldebug_abbrev0:
 658 0000 01       		.uleb128 0x1
 659 0001 11       		.uleb128 0x11
 660 0002 01       		.byte	0x1
 661 0003 25       		.uleb128 0x25
 662 0004 0E       		.uleb128 0xe
 663 0005 13       		.uleb128 0x13
 664 0006 0B       		.uleb128 0xb
 665 0007 03       		.uleb128 0x3
 666 0008 0E       		.uleb128 0xe
 667 0009 1B       		.uleb128 0x1b
ARM GAS  C:\Users\LUKASC~1\AppData\Local\Temp\ccuNETA7.s 			page 21


 668 000a 0E       		.uleb128 0xe
 669 000b 55       		.uleb128 0x55
 670 000c 17       		.uleb128 0x17
 671 000d 11       		.uleb128 0x11
 672 000e 01       		.uleb128 0x1
 673 000f 10       		.uleb128 0x10
 674 0010 17       		.uleb128 0x17
 675 0011 00       		.byte	0
 676 0012 00       		.byte	0
 677 0013 02       		.uleb128 0x2
 678 0014 24       		.uleb128 0x24
 679 0015 00       		.byte	0
 680 0016 0B       		.uleb128 0xb
 681 0017 0B       		.uleb128 0xb
 682 0018 3E       		.uleb128 0x3e
 683 0019 0B       		.uleb128 0xb
 684 001a 03       		.uleb128 0x3
 685 001b 0E       		.uleb128 0xe
 686 001c 00       		.byte	0
 687 001d 00       		.byte	0
 688 001e 03       		.uleb128 0x3
 689 001f 24       		.uleb128 0x24
 690 0020 00       		.byte	0
 691 0021 0B       		.uleb128 0xb
 692 0022 0B       		.uleb128 0xb
 693 0023 3E       		.uleb128 0x3e
 694 0024 0B       		.uleb128 0xb
 695 0025 03       		.uleb128 0x3
 696 0026 08       		.uleb128 0x8
 697 0027 00       		.byte	0
 698 0028 00       		.byte	0
 699 0029 04       		.uleb128 0x4
 700 002a 16       		.uleb128 0x16
 701 002b 00       		.byte	0
 702 002c 03       		.uleb128 0x3
 703 002d 0E       		.uleb128 0xe
 704 002e 3A       		.uleb128 0x3a
 705 002f 0B       		.uleb128 0xb
 706 0030 3B       		.uleb128 0x3b
 707 0031 05       		.uleb128 0x5
 708 0032 49       		.uleb128 0x49
 709 0033 13       		.uleb128 0x13
 710 0034 00       		.byte	0
 711 0035 00       		.byte	0
 712 0036 05       		.uleb128 0x5
 713 0037 35       		.uleb128 0x35
 714 0038 00       		.byte	0
 715 0039 49       		.uleb128 0x49
 716 003a 13       		.uleb128 0x13
 717 003b 00       		.byte	0
 718 003c 00       		.byte	0
 719 003d 06       		.uleb128 0x6
 720 003e 2E       		.uleb128 0x2e
 721 003f 01       		.byte	0x1
 722 0040 3F       		.uleb128 0x3f
 723 0041 19       		.uleb128 0x19
 724 0042 03       		.uleb128 0x3
ARM GAS  C:\Users\LUKASC~1\AppData\Local\Temp\ccuNETA7.s 			page 22


 725 0043 0E       		.uleb128 0xe
 726 0044 3A       		.uleb128 0x3a
 727 0045 0B       		.uleb128 0xb
 728 0046 3B       		.uleb128 0x3b
 729 0047 0B       		.uleb128 0xb
 730 0048 27       		.uleb128 0x27
 731 0049 19       		.uleb128 0x19
 732 004a 49       		.uleb128 0x49
 733 004b 13       		.uleb128 0x13
 734 004c 11       		.uleb128 0x11
 735 004d 01       		.uleb128 0x1
 736 004e 12       		.uleb128 0x12
 737 004f 06       		.uleb128 0x6
 738 0050 40       		.uleb128 0x40
 739 0051 18       		.uleb128 0x18
 740 0052 9742     		.uleb128 0x2117
 741 0054 19       		.uleb128 0x19
 742 0055 01       		.uleb128 0x1
 743 0056 13       		.uleb128 0x13
 744 0057 00       		.byte	0
 745 0058 00       		.byte	0
 746 0059 07       		.uleb128 0x7
 747 005a 34       		.uleb128 0x34
 748 005b 00       		.byte	0
 749 005c 03       		.uleb128 0x3
 750 005d 0E       		.uleb128 0xe
 751 005e 3A       		.uleb128 0x3a
 752 005f 0B       		.uleb128 0xb
 753 0060 3B       		.uleb128 0x3b
 754 0061 0B       		.uleb128 0xb
 755 0062 49       		.uleb128 0x49
 756 0063 13       		.uleb128 0x13
 757 0064 02       		.uleb128 0x2
 758 0065 18       		.uleb128 0x18
 759 0066 00       		.byte	0
 760 0067 00       		.byte	0
 761 0068 08       		.uleb128 0x8
 762 0069 2E       		.uleb128 0x2e
 763 006a 00       		.byte	0
 764 006b 3F       		.uleb128 0x3f
 765 006c 19       		.uleb128 0x19
 766 006d 03       		.uleb128 0x3
 767 006e 0E       		.uleb128 0xe
 768 006f 3A       		.uleb128 0x3a
 769 0070 0B       		.uleb128 0xb
 770 0071 3B       		.uleb128 0x3b
 771 0072 0B       		.uleb128 0xb
 772 0073 27       		.uleb128 0x27
 773 0074 19       		.uleb128 0x19
 774 0075 11       		.uleb128 0x11
 775 0076 01       		.uleb128 0x1
 776 0077 12       		.uleb128 0x12
 777 0078 06       		.uleb128 0x6
 778 0079 40       		.uleb128 0x40
 779 007a 18       		.uleb128 0x18
 780 007b 9742     		.uleb128 0x2117
 781 007d 19       		.uleb128 0x19
ARM GAS  C:\Users\LUKASC~1\AppData\Local\Temp\ccuNETA7.s 			page 23


 782 007e 00       		.byte	0
 783 007f 00       		.byte	0
 784 0080 09       		.uleb128 0x9
 785 0081 2E       		.uleb128 0x2e
 786 0082 01       		.byte	0x1
 787 0083 3F       		.uleb128 0x3f
 788 0084 19       		.uleb128 0x19
 789 0085 03       		.uleb128 0x3
 790 0086 0E       		.uleb128 0xe
 791 0087 3A       		.uleb128 0x3a
 792 0088 0B       		.uleb128 0xb
 793 0089 3B       		.uleb128 0x3b
 794 008a 0B       		.uleb128 0xb
 795 008b 27       		.uleb128 0x27
 796 008c 19       		.uleb128 0x19
 797 008d 11       		.uleb128 0x11
 798 008e 01       		.uleb128 0x1
 799 008f 12       		.uleb128 0x12
 800 0090 06       		.uleb128 0x6
 801 0091 40       		.uleb128 0x40
 802 0092 18       		.uleb128 0x18
 803 0093 9742     		.uleb128 0x2117
 804 0095 19       		.uleb128 0x19
 805 0096 01       		.uleb128 0x1
 806 0097 13       		.uleb128 0x13
 807 0098 00       		.byte	0
 808 0099 00       		.byte	0
 809 009a 0A       		.uleb128 0xa
 810 009b 05       		.uleb128 0x5
 811 009c 00       		.byte	0
 812 009d 03       		.uleb128 0x3
 813 009e 0E       		.uleb128 0xe
 814 009f 3A       		.uleb128 0x3a
 815 00a0 0B       		.uleb128 0xb
 816 00a1 3B       		.uleb128 0x3b
 817 00a2 0B       		.uleb128 0xb
 818 00a3 49       		.uleb128 0x49
 819 00a4 13       		.uleb128 0x13
 820 00a5 02       		.uleb128 0x2
 821 00a6 18       		.uleb128 0x18
 822 00a7 00       		.byte	0
 823 00a8 00       		.byte	0
 824 00a9 0B       		.uleb128 0xb
 825 00aa 2E       		.uleb128 0x2e
 826 00ab 01       		.byte	0x1
 827 00ac 3F       		.uleb128 0x3f
 828 00ad 19       		.uleb128 0x19
 829 00ae 03       		.uleb128 0x3
 830 00af 0E       		.uleb128 0xe
 831 00b0 3A       		.uleb128 0x3a
 832 00b1 0B       		.uleb128 0xb
 833 00b2 3B       		.uleb128 0x3b
 834 00b3 05       		.uleb128 0x5
 835 00b4 27       		.uleb128 0x27
 836 00b5 19       		.uleb128 0x19
 837 00b6 11       		.uleb128 0x11
 838 00b7 01       		.uleb128 0x1
ARM GAS  C:\Users\LUKASC~1\AppData\Local\Temp\ccuNETA7.s 			page 24


 839 00b8 12       		.uleb128 0x12
 840 00b9 06       		.uleb128 0x6
 841 00ba 40       		.uleb128 0x40
 842 00bb 18       		.uleb128 0x18
 843 00bc 9642     		.uleb128 0x2116
 844 00be 19       		.uleb128 0x19
 845 00bf 01       		.uleb128 0x1
 846 00c0 13       		.uleb128 0x13
 847 00c1 00       		.byte	0
 848 00c2 00       		.byte	0
 849 00c3 0C       		.uleb128 0xc
 850 00c4 05       		.uleb128 0x5
 851 00c5 00       		.byte	0
 852 00c6 03       		.uleb128 0x3
 853 00c7 0E       		.uleb128 0xe
 854 00c8 3A       		.uleb128 0x3a
 855 00c9 0B       		.uleb128 0xb
 856 00ca 3B       		.uleb128 0x3b
 857 00cb 05       		.uleb128 0x5
 858 00cc 49       		.uleb128 0x49
 859 00cd 13       		.uleb128 0x13
 860 00ce 02       		.uleb128 0x2
 861 00cf 18       		.uleb128 0x18
 862 00d0 00       		.byte	0
 863 00d1 00       		.byte	0
 864 00d2 0D       		.uleb128 0xd
 865 00d3 34       		.uleb128 0x34
 866 00d4 00       		.byte	0
 867 00d5 03       		.uleb128 0x3
 868 00d6 08       		.uleb128 0x8
 869 00d7 3A       		.uleb128 0x3a
 870 00d8 0B       		.uleb128 0xb
 871 00d9 3B       		.uleb128 0x3b
 872 00da 05       		.uleb128 0x5
 873 00db 49       		.uleb128 0x49
 874 00dc 13       		.uleb128 0x13
 875 00dd 02       		.uleb128 0x2
 876 00de 18       		.uleb128 0x18
 877 00df 00       		.byte	0
 878 00e0 00       		.byte	0
 879 00e1 0E       		.uleb128 0xe
 880 00e2 0F       		.uleb128 0xf
 881 00e3 00       		.byte	0
 882 00e4 0B       		.uleb128 0xb
 883 00e5 0B       		.uleb128 0xb
 884 00e6 49       		.uleb128 0x49
 885 00e7 13       		.uleb128 0x13
 886 00e8 00       		.byte	0
 887 00e9 00       		.byte	0
 888 00ea 0F       		.uleb128 0xf
 889 00eb 26       		.uleb128 0x26
 890 00ec 00       		.byte	0
 891 00ed 49       		.uleb128 0x49
 892 00ee 13       		.uleb128 0x13
 893 00ef 00       		.byte	0
 894 00f0 00       		.byte	0
 895 00f1 10       		.uleb128 0x10
ARM GAS  C:\Users\LUKASC~1\AppData\Local\Temp\ccuNETA7.s 			page 25


 896 00f2 2E       		.uleb128 0x2e
 897 00f3 01       		.byte	0x1
 898 00f4 3F       		.uleb128 0x3f
 899 00f5 19       		.uleb128 0x19
 900 00f6 03       		.uleb128 0x3
 901 00f7 0E       		.uleb128 0xe
 902 00f8 3A       		.uleb128 0x3a
 903 00f9 0B       		.uleb128 0xb
 904 00fa 3B       		.uleb128 0x3b
 905 00fb 05       		.uleb128 0x5
 906 00fc 27       		.uleb128 0x27
 907 00fd 19       		.uleb128 0x19
 908 00fe 49       		.uleb128 0x49
 909 00ff 13       		.uleb128 0x13
 910 0100 11       		.uleb128 0x11
 911 0101 01       		.uleb128 0x1
 912 0102 12       		.uleb128 0x12
 913 0103 06       		.uleb128 0x6
 914 0104 40       		.uleb128 0x40
 915 0105 18       		.uleb128 0x18
 916 0106 9742     		.uleb128 0x2117
 917 0108 19       		.uleb128 0x19
 918 0109 01       		.uleb128 0x1
 919 010a 13       		.uleb128 0x13
 920 010b 00       		.byte	0
 921 010c 00       		.byte	0
 922 010d 11       		.uleb128 0x11
 923 010e 34       		.uleb128 0x34
 924 010f 00       		.byte	0
 925 0110 03       		.uleb128 0x3
 926 0111 0E       		.uleb128 0xe
 927 0112 3A       		.uleb128 0x3a
 928 0113 0B       		.uleb128 0xb
 929 0114 3B       		.uleb128 0x3b
 930 0115 05       		.uleb128 0x5
 931 0116 49       		.uleb128 0x49
 932 0117 13       		.uleb128 0x13
 933 0118 02       		.uleb128 0x2
 934 0119 18       		.uleb128 0x18
 935 011a 00       		.byte	0
 936 011b 00       		.byte	0
 937 011c 12       		.uleb128 0x12
 938 011d 2E       		.uleb128 0x2e
 939 011e 00       		.byte	0
 940 011f 3F       		.uleb128 0x3f
 941 0120 19       		.uleb128 0x19
 942 0121 03       		.uleb128 0x3
 943 0122 0E       		.uleb128 0xe
 944 0123 3A       		.uleb128 0x3a
 945 0124 0B       		.uleb128 0xb
 946 0125 3B       		.uleb128 0x3b
 947 0126 05       		.uleb128 0x5
 948 0127 27       		.uleb128 0x27
 949 0128 19       		.uleb128 0x19
 950 0129 11       		.uleb128 0x11
 951 012a 01       		.uleb128 0x1
 952 012b 12       		.uleb128 0x12
ARM GAS  C:\Users\LUKASC~1\AppData\Local\Temp\ccuNETA7.s 			page 26


 953 012c 06       		.uleb128 0x6
 954 012d 40       		.uleb128 0x40
 955 012e 18       		.uleb128 0x18
 956 012f 9742     		.uleb128 0x2117
 957 0131 19       		.uleb128 0x19
 958 0132 00       		.byte	0
 959 0133 00       		.byte	0
 960 0134 13       		.uleb128 0x13
 961 0135 2E       		.uleb128 0x2e
 962 0136 01       		.byte	0x1
 963 0137 3F       		.uleb128 0x3f
 964 0138 19       		.uleb128 0x19
 965 0139 03       		.uleb128 0x3
 966 013a 0E       		.uleb128 0xe
 967 013b 3A       		.uleb128 0x3a
 968 013c 0B       		.uleb128 0xb
 969 013d 3B       		.uleb128 0x3b
 970 013e 05       		.uleb128 0x5
 971 013f 27       		.uleb128 0x27
 972 0140 19       		.uleb128 0x19
 973 0141 49       		.uleb128 0x49
 974 0142 13       		.uleb128 0x13
 975 0143 11       		.uleb128 0x11
 976 0144 01       		.uleb128 0x1
 977 0145 12       		.uleb128 0x12
 978 0146 06       		.uleb128 0x6
 979 0147 40       		.uleb128 0x40
 980 0148 18       		.uleb128 0x18
 981 0149 9742     		.uleb128 0x2117
 982 014b 19       		.uleb128 0x19
 983 014c 00       		.byte	0
 984 014d 00       		.byte	0
 985 014e 00       		.byte	0
 986              		.section	.debug_aranges,"",%progbits
 987 0000 5C000000 		.4byte	0x5c
 988 0004 0200     		.2byte	0x2
 989 0006 00000000 		.4byte	.Ldebug_info0
 990 000a 04       		.byte	0x4
 991 000b 00       		.byte	0
 992 000c 0000     		.2byte	0
 993 000e 0000     		.2byte	0
 994 0010 00000000 		.4byte	.LFB0
 995 0014 20000000 		.4byte	.LFE0-.LFB0
 996 0018 00000000 		.4byte	.LFB1
 997 001c 20000000 		.4byte	.LFE1-.LFB1
 998 0020 00000000 		.4byte	.LFB2
 999 0024 2C000000 		.4byte	.LFE2-.LFB2
 1000 0028 00000000 		.4byte	.LFB3
 1001 002c 2C000000 		.4byte	.LFE3-.LFB3
 1002 0030 00000000 		.4byte	.LFB4
 1003 0034 32000000 		.4byte	.LFE4-.LFB4
 1004 0038 00000000 		.4byte	.LFB5
 1005 003c 20000000 		.4byte	.LFE5-.LFB5
 1006 0040 00000000 		.4byte	.LFB6
 1007 0044 2C000000 		.4byte	.LFE6-.LFB6
 1008 0048 00000000 		.4byte	.LFB7
 1009 004c 20000000 		.4byte	.LFE7-.LFB7
ARM GAS  C:\Users\LUKASC~1\AppData\Local\Temp\ccuNETA7.s 			page 27


 1010 0050 00000000 		.4byte	.LFB8
 1011 0054 20000000 		.4byte	.LFE8-.LFB8
 1012 0058 00000000 		.4byte	0
 1013 005c 00000000 		.4byte	0
 1014              		.section	.debug_ranges,"",%progbits
 1015              	.Ldebug_ranges0:
 1016 0000 00000000 		.4byte	.LFB0
 1017 0004 20000000 		.4byte	.LFE0
 1018 0008 00000000 		.4byte	.LFB1
 1019 000c 20000000 		.4byte	.LFE1
 1020 0010 00000000 		.4byte	.LFB2
 1021 0014 2C000000 		.4byte	.LFE2
 1022 0018 00000000 		.4byte	.LFB3
 1023 001c 2C000000 		.4byte	.LFE3
 1024 0020 00000000 		.4byte	.LFB4
 1025 0024 32000000 		.4byte	.LFE4
 1026 0028 00000000 		.4byte	.LFB5
 1027 002c 20000000 		.4byte	.LFE5
 1028 0030 00000000 		.4byte	.LFB6
 1029 0034 2C000000 		.4byte	.LFE6
 1030 0038 00000000 		.4byte	.LFB7
 1031 003c 20000000 		.4byte	.LFE7
 1032 0040 00000000 		.4byte	.LFB8
 1033 0044 20000000 		.4byte	.LFE8
 1034 0048 00000000 		.4byte	0
 1035 004c 00000000 		.4byte	0
 1036              		.section	.debug_line,"",%progbits
 1037              	.Ldebug_line0:
 1038 0000 3A010000 		.section	.debug_str,"MS",%progbits,1
 1038      02006500 
 1038      00000201 
 1038      FB0E0D00 
 1038      01010101 
 1039              	.LASF25:
 1040 0000 55415254 		.ascii	"UART_1_SpiUartGetTxBufferSize\000"
 1040      5F315F53 
 1040      70695561 
 1040      72744765 
 1040      74547842 
 1041              	.LASF14:
 1042 001e 72656733 		.ascii	"reg32\000"
 1042      3200
 1043              	.LASF24:
 1044 0024 636F756E 		.ascii	"count\000"
 1044      7400
 1045              	.LASF22:
 1046 002a 74784461 		.ascii	"txData\000"
 1046      746100
 1047              	.LASF3:
 1048 0031 73686F72 		.ascii	"short unsigned int\000"
 1048      7420756E 
 1048      7369676E 
 1048      65642069 
 1048      6E7400
 1049              	.LASF8:
 1050 0044 756E7369 		.ascii	"unsigned int\000"
 1050      676E6564 
ARM GAS  C:\Users\LUKASC~1\AppData\Local\Temp\ccuNETA7.s 			page 28


 1050      20696E74 
 1050      00
 1051              	.LASF17:
 1052 0051 55415254 		.ascii	"UART_1_SpiUartGetRxBufferSize\000"
 1052      5F315F53 
 1052      70695561 
 1052      72744765 
 1052      74527842 
 1053              	.LASF11:
 1054 006f 666C6F61 		.ascii	"float\000"
 1054      7400
 1055              	.LASF21:
 1056 0075 55415254 		.ascii	"UART_1_SpiUartPutArray\000"
 1056      5F315F53 
 1056      70695561 
 1056      72745075 
 1056      74417272 
 1057              	.LASF19:
 1058 008c 73697A65 		.ascii	"size\000"
 1058      00
 1059              	.LASF5:
 1060 0091 6C6F6E67 		.ascii	"long unsigned int\000"
 1060      20756E73 
 1060      69676E65 
 1060      6420696E 
 1060      7400
 1061              	.LASF27:
 1062 00a3 55415254 		.ascii	"UART_1_SpiUartClearTxBuffer\000"
 1062      5F315F53 
 1062      70695561 
 1062      7274436C 
 1062      65617254 
 1063              	.LASF9:
 1064 00bf 75696E74 		.ascii	"uint8\000"
 1064      3800
 1065              	.LASF18:
 1066 00c5 72784461 		.ascii	"rxData\000"
 1066      746100
 1067              	.LASF23:
 1068 00cc 77724275 		.ascii	"wrBuf\000"
 1068      6600
 1069              	.LASF1:
 1070 00d2 756E7369 		.ascii	"unsigned char\000"
 1070      676E6564 
 1070      20636861 
 1070      7200
 1071              	.LASF12:
 1072 00e0 646F7562 		.ascii	"double\000"
 1072      6C6500
 1073              	.LASF20:
 1074 00e7 55415254 		.ascii	"UART_1_SpiUartWriteTxData\000"
 1074      5F315F53 
 1074      70695561 
 1074      72745772 
 1074      69746554 
 1075              	.LASF32:
 1076 0101 474E5520 		.ascii	"GNU C 4.9.3 20150303 (release) [ARM/embedded-4_9-br"
ARM GAS  C:\Users\LUKASC~1\AppData\Local\Temp\ccuNETA7.s 			page 29


 1076      4320342E 
 1076      392E3320 
 1076      32303135 
 1076      30333033 
 1077 0134 616E6368 		.ascii	"anch revision 221220] -mcpu=cortex-m0 -mthumb -g -O"
 1077      20726576 
 1077      6973696F 
 1077      6E203232 
 1077      31323230 
 1078 0167 30202D66 		.ascii	"0 -ffunction-sections -ffat-lto-objects\000"
 1078      66756E63 
 1078      74696F6E 
 1078      2D736563 
 1078      74696F6E 
 1079              	.LASF10:
 1080 018f 75696E74 		.ascii	"uint32\000"
 1080      333200
 1081              	.LASF34:
 1082 0196 433A5C55 		.ascii	"C:\\Users\\Lukas Creutzburg\\Documents\\Daten\\Prog"
 1082      73657273 
 1082      5C4C756B 
 1082      61732043 
 1082      72657574 
 1083 01c4 72616D6D 		.ascii	"rammierprojekte\\GitHub\\freeDSPPSoC-I2C\\CapSense."
 1083      69657270 
 1083      726F6A65 
 1083      6B74655C 
 1083      47697448 
 1084 01f4 63796473 		.ascii	"cydsn\000"
 1084      6E00
 1085              	.LASF31:
 1086 01fa 696E7453 		.ascii	"intSourceMask\000"
 1086      6F757263 
 1086      654D6173 
 1086      6B00
 1087              	.LASF29:
 1088 0208 696E7453 		.ascii	"intSource\000"
 1088      6F757263 
 1088      6500
 1089              	.LASF7:
 1090 0212 6C6F6E67 		.ascii	"long long unsigned int\000"
 1090      206C6F6E 
 1090      6720756E 
 1090      7369676E 
 1090      65642069 
 1091              	.LASF26:
 1092 0229 55415254 		.ascii	"UART_1_SpiUartClearRxBuffer\000"
 1092      5F315F53 
 1092      70695561 
 1092      7274436C 
 1092      65617252 
 1093              	.LASF16:
 1094 0245 55415254 		.ascii	"UART_1_SpiUartReadRxData\000"
 1094      5F315F53 
 1094      70695561 
 1094      72745265 
 1094      61645278 
ARM GAS  C:\Users\LUKASC~1\AppData\Local\Temp\ccuNETA7.s 			page 30


 1095              	.LASF15:
 1096 025e 73697A65 		.ascii	"sizetype\000"
 1096      74797065 
 1096      00
 1097              	.LASF6:
 1098 0267 6C6F6E67 		.ascii	"long long int\000"
 1098      206C6F6E 
 1098      6720696E 
 1098      7400
 1099              	.LASF13:
 1100 0275 63686172 		.ascii	"char\000"
 1100      00
 1101              	.LASF28:
 1102 027a 55415254 		.ascii	"UART_1_SpiUartDisableIntRx\000"
 1102      5F315F53 
 1102      70695561 
 1102      72744469 
 1102      7361626C 
 1103              	.LASF2:
 1104 0295 73686F72 		.ascii	"short int\000"
 1104      7420696E 
 1104      7400
 1105              	.LASF30:
 1106 029f 55415254 		.ascii	"UART_1_SpiUartDisableIntTx\000"
 1106      5F315F53 
 1106      70695561 
 1106      72744469 
 1106      7361626C 
 1107              	.LASF33:
 1108 02ba 2E5C4765 		.ascii	".\\Generated_Source\\PSoC4\\UART_1_SPI_UART.c\000"
 1108      6E657261 
 1108      7465645F 
 1108      536F7572 
 1108      63655C50 
 1109              	.LASF4:
 1110 02e5 6C6F6E67 		.ascii	"long int\000"
 1110      20696E74 
 1110      00
 1111              	.LASF0:
 1112 02ee 7369676E 		.ascii	"signed char\000"
 1112      65642063 
 1112      68617200 
 1113              		.ident	"GCC: (GNU Tools for ARM Embedded Processors) 4.9.3 20150303 (release) [ARM/embedded-4_9-br
