ARM GAS  C:\Users\LUKASC~1\AppData\Local\Temp\cckkPwlx.s 			page 1


   1              		.syntax unified
   2              		.cpu cortex-m3
   3              		.fpu softvfp
   4              		.eabi_attribute 20, 1
   5              		.eabi_attribute 21, 1
   6              		.eabi_attribute 23, 3
   7              		.eabi_attribute 24, 1
   8              		.eabi_attribute 25, 1
   9              		.eabi_attribute 26, 1
  10              		.eabi_attribute 30, 6
  11              		.eabi_attribute 34, 1
  12              		.eabi_attribute 18, 4
  13              		.thumb
  14              		.file	"AMuxSeq.c"
  15              		.text
  16              	.Ltext0:
  17              		.cfi_sections	.debug_frame
  18              		.global	AMuxSeq_initVar
  19              		.bss
  20              		.type	AMuxSeq_initVar, %object
  21              		.size	AMuxSeq_initVar, 1
  22              	AMuxSeq_initVar:
  23 0000 00       		.space	1
  24              		.section	.text.AMuxSeq_Start,"ax",%progbits
  25              		.align	2
  26              		.global	AMuxSeq_Start
  27              		.thumb
  28              		.thumb_func
  29              		.type	AMuxSeq_Start, %function
  30              	AMuxSeq_Start:
  31              	.LFB0:
  32              		.file 1 ".\\Generated_Source\\PSoC5\\AMuxSeq.c"
   1:.\Generated_Source\PSoC5/AMuxSeq.c **** /*******************************************************************************
   2:.\Generated_Source\PSoC5/AMuxSeq.c **** * File Name: AMuxSeq.c
   3:.\Generated_Source\PSoC5/AMuxSeq.c **** * Version 1.80
   4:.\Generated_Source\PSoC5/AMuxSeq.c **** *
   5:.\Generated_Source\PSoC5/AMuxSeq.c **** *  Description:
   6:.\Generated_Source\PSoC5/AMuxSeq.c **** *    This file contains functions for the AMuxSeq.
   7:.\Generated_Source\PSoC5/AMuxSeq.c **** *
   8:.\Generated_Source\PSoC5/AMuxSeq.c **** *   Note:
   9:.\Generated_Source\PSoC5/AMuxSeq.c **** *
  10:.\Generated_Source\PSoC5/AMuxSeq.c **** *******************************************************************************
  11:.\Generated_Source\PSoC5/AMuxSeq.c **** * Copyright 2008-2010, Cypress Semiconductor Corporation.  All rights reserved.
  12:.\Generated_Source\PSoC5/AMuxSeq.c **** * You may use this file only in accordance with the license, terms, conditions, 
  13:.\Generated_Source\PSoC5/AMuxSeq.c **** * disclaimers, and limitations in the end user license agreement accompanying 
  14:.\Generated_Source\PSoC5/AMuxSeq.c **** * the software package with which this file was provided.
  15:.\Generated_Source\PSoC5/AMuxSeq.c **** ********************************************************************************/
  16:.\Generated_Source\PSoC5/AMuxSeq.c **** 
  17:.\Generated_Source\PSoC5/AMuxSeq.c **** #include "AMuxSeq.h"
  18:.\Generated_Source\PSoC5/AMuxSeq.c **** 
  19:.\Generated_Source\PSoC5/AMuxSeq.c **** uint8 AMuxSeq_initVar = 0u;
  20:.\Generated_Source\PSoC5/AMuxSeq.c **** 
  21:.\Generated_Source\PSoC5/AMuxSeq.c **** 
  22:.\Generated_Source\PSoC5/AMuxSeq.c **** /*******************************************************************************
  23:.\Generated_Source\PSoC5/AMuxSeq.c **** * Function Name: AMuxSeq_Start
  24:.\Generated_Source\PSoC5/AMuxSeq.c **** ********************************************************************************
  25:.\Generated_Source\PSoC5/AMuxSeq.c **** * Summary:
ARM GAS  C:\Users\LUKASC~1\AppData\Local\Temp\cckkPwlx.s 			page 2


  26:.\Generated_Source\PSoC5/AMuxSeq.c **** *  Disconnect all channels. The next time Next is called, channel 0 will be
  27:.\Generated_Source\PSoC5/AMuxSeq.c **** *  connected.
  28:.\Generated_Source\PSoC5/AMuxSeq.c **** *
  29:.\Generated_Source\PSoC5/AMuxSeq.c **** * Parameters:
  30:.\Generated_Source\PSoC5/AMuxSeq.c **** *  void
  31:.\Generated_Source\PSoC5/AMuxSeq.c **** *
  32:.\Generated_Source\PSoC5/AMuxSeq.c **** * Return:
  33:.\Generated_Source\PSoC5/AMuxSeq.c **** *  void
  34:.\Generated_Source\PSoC5/AMuxSeq.c **** *
  35:.\Generated_Source\PSoC5/AMuxSeq.c **** *******************************************************************************/
  36:.\Generated_Source\PSoC5/AMuxSeq.c **** void AMuxSeq_Start(void)
  37:.\Generated_Source\PSoC5/AMuxSeq.c **** {
  33              		.loc 1 37 0
  34              		.cfi_startproc
  35              		@ args = 0, pretend = 0, frame = 0
  36              		@ frame_needed = 1, uses_anonymous_args = 0
  37 0000 80B5     		push	{r7, lr}
  38              		.cfi_def_cfa_offset 8
  39              		.cfi_offset 7, -8
  40              		.cfi_offset 14, -4
  41 0002 00AF     		add	r7, sp, #0
  42              		.cfi_def_cfa_register 7
  38:.\Generated_Source\PSoC5/AMuxSeq.c ****     AMuxSeq_DisconnectAll();
  43              		.loc 1 38 0
  44 0004 FFF7FEFF 		bl	AMuxSeq_DisconnectAll
  39:.\Generated_Source\PSoC5/AMuxSeq.c ****     AMuxSeq_initVar = 1u;
  45              		.loc 1 39 0
  46 0008 014B     		ldr	r3, .L2
  47 000a 0122     		movs	r2, #1
  48 000c 1A70     		strb	r2, [r3]
  40:.\Generated_Source\PSoC5/AMuxSeq.c **** }
  49              		.loc 1 40 0
  50 000e 80BD     		pop	{r7, pc}
  51              	.L3:
  52              		.align	2
  53              	.L2:
  54 0010 00000000 		.word	AMuxSeq_initVar
  55              		.cfi_endproc
  56              	.LFE0:
  57              		.size	AMuxSeq_Start, .-AMuxSeq_Start
  58              		.section	.text.AMuxSeq_Init,"ax",%progbits
  59              		.align	2
  60              		.global	AMuxSeq_Init
  61              		.thumb
  62              		.thumb_func
  63              		.type	AMuxSeq_Init, %function
  64              	AMuxSeq_Init:
  65              	.LFB1:
  41:.\Generated_Source\PSoC5/AMuxSeq.c **** 
  42:.\Generated_Source\PSoC5/AMuxSeq.c **** 
  43:.\Generated_Source\PSoC5/AMuxSeq.c **** /*******************************************************************************
  44:.\Generated_Source\PSoC5/AMuxSeq.c **** * Function Name: AMuxSeq_Init
  45:.\Generated_Source\PSoC5/AMuxSeq.c **** ********************************************************************************
  46:.\Generated_Source\PSoC5/AMuxSeq.c **** * Summary:
  47:.\Generated_Source\PSoC5/AMuxSeq.c **** *  Disconnect all channels. The next time Next is called, channel 0 will be
  48:.\Generated_Source\PSoC5/AMuxSeq.c **** *  connected.
  49:.\Generated_Source\PSoC5/AMuxSeq.c **** *
ARM GAS  C:\Users\LUKASC~1\AppData\Local\Temp\cckkPwlx.s 			page 3


  50:.\Generated_Source\PSoC5/AMuxSeq.c **** * Parameters:
  51:.\Generated_Source\PSoC5/AMuxSeq.c **** *  void
  52:.\Generated_Source\PSoC5/AMuxSeq.c **** *
  53:.\Generated_Source\PSoC5/AMuxSeq.c **** * Return:
  54:.\Generated_Source\PSoC5/AMuxSeq.c **** *  void
  55:.\Generated_Source\PSoC5/AMuxSeq.c **** *
  56:.\Generated_Source\PSoC5/AMuxSeq.c **** *******************************************************************************/
  57:.\Generated_Source\PSoC5/AMuxSeq.c **** void AMuxSeq_Init(void)
  58:.\Generated_Source\PSoC5/AMuxSeq.c **** {
  66              		.loc 1 58 0
  67              		.cfi_startproc
  68              		@ args = 0, pretend = 0, frame = 0
  69              		@ frame_needed = 1, uses_anonymous_args = 0
  70 0000 80B5     		push	{r7, lr}
  71              		.cfi_def_cfa_offset 8
  72              		.cfi_offset 7, -8
  73              		.cfi_offset 14, -4
  74 0002 00AF     		add	r7, sp, #0
  75              		.cfi_def_cfa_register 7
  59:.\Generated_Source\PSoC5/AMuxSeq.c ****     AMuxSeq_DisconnectAll();
  76              		.loc 1 59 0
  77 0004 FFF7FEFF 		bl	AMuxSeq_DisconnectAll
  60:.\Generated_Source\PSoC5/AMuxSeq.c **** }
  78              		.loc 1 60 0
  79 0008 80BD     		pop	{r7, pc}
  80              		.cfi_endproc
  81              	.LFE1:
  82              		.size	AMuxSeq_Init, .-AMuxSeq_Init
  83 000a 00BF     		.section	.text.AMuxSeq_Stop,"ax",%progbits
  84              		.align	2
  85              		.global	AMuxSeq_Stop
  86              		.thumb
  87              		.thumb_func
  88              		.type	AMuxSeq_Stop, %function
  89              	AMuxSeq_Stop:
  90              	.LFB2:
  61:.\Generated_Source\PSoC5/AMuxSeq.c **** 
  62:.\Generated_Source\PSoC5/AMuxSeq.c **** 
  63:.\Generated_Source\PSoC5/AMuxSeq.c **** /*******************************************************************************
  64:.\Generated_Source\PSoC5/AMuxSeq.c **** * Function Name: AMuxSeq_Stop
  65:.\Generated_Source\PSoC5/AMuxSeq.c **** ********************************************************************************
  66:.\Generated_Source\PSoC5/AMuxSeq.c **** * Summary:
  67:.\Generated_Source\PSoC5/AMuxSeq.c **** *  Disconnect all channels. The next time Next is called, channel 0 will be
  68:.\Generated_Source\PSoC5/AMuxSeq.c **** *  connected.
  69:.\Generated_Source\PSoC5/AMuxSeq.c **** *
  70:.\Generated_Source\PSoC5/AMuxSeq.c **** * Parameters:
  71:.\Generated_Source\PSoC5/AMuxSeq.c **** *  void
  72:.\Generated_Source\PSoC5/AMuxSeq.c **** *
  73:.\Generated_Source\PSoC5/AMuxSeq.c **** * Return:
  74:.\Generated_Source\PSoC5/AMuxSeq.c **** *  void
  75:.\Generated_Source\PSoC5/AMuxSeq.c **** *
  76:.\Generated_Source\PSoC5/AMuxSeq.c **** *******************************************************************************/
  77:.\Generated_Source\PSoC5/AMuxSeq.c **** void AMuxSeq_Stop(void)
  78:.\Generated_Source\PSoC5/AMuxSeq.c **** {
  91              		.loc 1 78 0
  92              		.cfi_startproc
  93              		@ args = 0, pretend = 0, frame = 0
ARM GAS  C:\Users\LUKASC~1\AppData\Local\Temp\cckkPwlx.s 			page 4


  94              		@ frame_needed = 1, uses_anonymous_args = 0
  95 0000 80B5     		push	{r7, lr}
  96              		.cfi_def_cfa_offset 8
  97              		.cfi_offset 7, -8
  98              		.cfi_offset 14, -4
  99 0002 00AF     		add	r7, sp, #0
 100              		.cfi_def_cfa_register 7
  79:.\Generated_Source\PSoC5/AMuxSeq.c ****     AMuxSeq_DisconnectAll();
 101              		.loc 1 79 0
 102 0004 FFF7FEFF 		bl	AMuxSeq_DisconnectAll
  80:.\Generated_Source\PSoC5/AMuxSeq.c **** }
 103              		.loc 1 80 0
 104 0008 80BD     		pop	{r7, pc}
 105              		.cfi_endproc
 106              	.LFE2:
 107              		.size	AMuxSeq_Stop, .-AMuxSeq_Stop
 108 000a 00BF     		.section	.text.AMuxSeq_Next,"ax",%progbits
 109              		.align	2
 110              		.global	AMuxSeq_Next
 111              		.thumb
 112              		.thumb_func
 113              		.type	AMuxSeq_Next, %function
 114              	AMuxSeq_Next:
 115              	.LFB3:
  81:.\Generated_Source\PSoC5/AMuxSeq.c **** 
  82:.\Generated_Source\PSoC5/AMuxSeq.c **** #if (AMuxSeq_MUXTYPE == AMuxSeq_MUX_DIFF)
  83:.\Generated_Source\PSoC5/AMuxSeq.c **** 
  84:.\Generated_Source\PSoC5/AMuxSeq.c **** /*******************************************************************************
  85:.\Generated_Source\PSoC5/AMuxSeq.c **** * Function Name: AMuxSeq_Next
  86:.\Generated_Source\PSoC5/AMuxSeq.c **** ********************************************************************************
  87:.\Generated_Source\PSoC5/AMuxSeq.c **** * Summary:
  88:.\Generated_Source\PSoC5/AMuxSeq.c **** *  Disconnects the previous channel and connects the next one in the sequence.
  89:.\Generated_Source\PSoC5/AMuxSeq.c **** *  When Next is called for the first time after Init, Start, Enable, Stop, or
  90:.\Generated_Source\PSoC5/AMuxSeq.c **** *  DisconnectAll, it connects channel 0.
  91:.\Generated_Source\PSoC5/AMuxSeq.c **** *
  92:.\Generated_Source\PSoC5/AMuxSeq.c **** * Parameters:
  93:.\Generated_Source\PSoC5/AMuxSeq.c **** *  void
  94:.\Generated_Source\PSoC5/AMuxSeq.c **** *
  95:.\Generated_Source\PSoC5/AMuxSeq.c **** * Return:
  96:.\Generated_Source\PSoC5/AMuxSeq.c **** *  void
  97:.\Generated_Source\PSoC5/AMuxSeq.c **** *
  98:.\Generated_Source\PSoC5/AMuxSeq.c **** *******************************************************************************/
  99:.\Generated_Source\PSoC5/AMuxSeq.c **** void AMuxSeq_Next(void)
 100:.\Generated_Source\PSoC5/AMuxSeq.c **** {
 116              		.loc 1 100 0
 117              		.cfi_startproc
 118              		@ args = 0, pretend = 0, frame = 0
 119              		@ frame_needed = 1, uses_anonymous_args = 0
 120 0000 80B5     		push	{r7, lr}
 121              		.cfi_def_cfa_offset 8
 122              		.cfi_offset 7, -8
 123              		.cfi_offset 14, -4
 124 0002 00AF     		add	r7, sp, #0
 125              		.cfi_def_cfa_register 7
 101:.\Generated_Source\PSoC5/AMuxSeq.c ****     AMuxSeq_CYAMUXSIDE_A_Next();
 126              		.loc 1 101 0
 127 0004 FFF7FEFF 		bl	AMuxSeq_CYAMUXSIDE_A_Next
ARM GAS  C:\Users\LUKASC~1\AppData\Local\Temp\cckkPwlx.s 			page 5


 102:.\Generated_Source\PSoC5/AMuxSeq.c ****     AMuxSeq_CYAMUXSIDE_B_Next();
 128              		.loc 1 102 0
 129 0008 FFF7FEFF 		bl	AMuxSeq_CYAMUXSIDE_B_Next
 103:.\Generated_Source\PSoC5/AMuxSeq.c **** }
 130              		.loc 1 103 0
 131 000c 80BD     		pop	{r7, pc}
 132              		.cfi_endproc
 133              	.LFE3:
 134              		.size	AMuxSeq_Next, .-AMuxSeq_Next
 135 000e 00BF     		.section	.text.AMuxSeq_DisconnectAll,"ax",%progbits
 136              		.align	2
 137              		.global	AMuxSeq_DisconnectAll
 138              		.thumb
 139              		.thumb_func
 140              		.type	AMuxSeq_DisconnectAll, %function
 141              	AMuxSeq_DisconnectAll:
 142              	.LFB4:
 104:.\Generated_Source\PSoC5/AMuxSeq.c **** 
 105:.\Generated_Source\PSoC5/AMuxSeq.c **** 
 106:.\Generated_Source\PSoC5/AMuxSeq.c **** /*******************************************************************************
 107:.\Generated_Source\PSoC5/AMuxSeq.c **** * Function Name: AMuxSeq_DisconnectAll
 108:.\Generated_Source\PSoC5/AMuxSeq.c **** ********************************************************************************
 109:.\Generated_Source\PSoC5/AMuxSeq.c **** * Summary:
 110:.\Generated_Source\PSoC5/AMuxSeq.c **** *  This function disconnects all channels. The next time Next is called, channel
 111:.\Generated_Source\PSoC5/AMuxSeq.c **** *  0 will be connected.
 112:.\Generated_Source\PSoC5/AMuxSeq.c **** *
 113:.\Generated_Source\PSoC5/AMuxSeq.c **** * Parameters:
 114:.\Generated_Source\PSoC5/AMuxSeq.c **** *  void
 115:.\Generated_Source\PSoC5/AMuxSeq.c **** *
 116:.\Generated_Source\PSoC5/AMuxSeq.c **** * Return:
 117:.\Generated_Source\PSoC5/AMuxSeq.c **** *  void
 118:.\Generated_Source\PSoC5/AMuxSeq.c **** *
 119:.\Generated_Source\PSoC5/AMuxSeq.c **** *******************************************************************************/
 120:.\Generated_Source\PSoC5/AMuxSeq.c **** void AMuxSeq_DisconnectAll(void)
 121:.\Generated_Source\PSoC5/AMuxSeq.c **** {
 143              		.loc 1 121 0
 144              		.cfi_startproc
 145              		@ args = 0, pretend = 0, frame = 0
 146              		@ frame_needed = 1, uses_anonymous_args = 0
 147 0000 80B5     		push	{r7, lr}
 148              		.cfi_def_cfa_offset 8
 149              		.cfi_offset 7, -8
 150              		.cfi_offset 14, -4
 151 0002 00AF     		add	r7, sp, #0
 152              		.cfi_def_cfa_register 7
 122:.\Generated_Source\PSoC5/AMuxSeq.c ****     AMuxSeq_CYAMUXSIDE_A_DisconnectAll();
 153              		.loc 1 122 0
 154 0004 FFF7FEFF 		bl	AMuxSeq_CYAMUXSIDE_A_DisconnectAll
 123:.\Generated_Source\PSoC5/AMuxSeq.c ****     AMuxSeq_CYAMUXSIDE_B_DisconnectAll();
 155              		.loc 1 123 0
 156 0008 FFF7FEFF 		bl	AMuxSeq_CYAMUXSIDE_B_DisconnectAll
 124:.\Generated_Source\PSoC5/AMuxSeq.c **** }
 157              		.loc 1 124 0
 158 000c 80BD     		pop	{r7, pc}
 159              		.cfi_endproc
 160              	.LFE4:
 161              		.size	AMuxSeq_DisconnectAll, .-AMuxSeq_DisconnectAll
ARM GAS  C:\Users\LUKASC~1\AppData\Local\Temp\cckkPwlx.s 			page 6


 162 000e 00BF     		.section	.text.AMuxSeq_GetChannel,"ax",%progbits
 163              		.align	2
 164              		.global	AMuxSeq_GetChannel
 165              		.thumb
 166              		.thumb_func
 167              		.type	AMuxSeq_GetChannel, %function
 168              	AMuxSeq_GetChannel:
 169              	.LFB5:
 125:.\Generated_Source\PSoC5/AMuxSeq.c **** 
 126:.\Generated_Source\PSoC5/AMuxSeq.c **** 
 127:.\Generated_Source\PSoC5/AMuxSeq.c **** /*******************************************************************************
 128:.\Generated_Source\PSoC5/AMuxSeq.c **** * Function Name: AMuxSeq_GetChannel
 129:.\Generated_Source\PSoC5/AMuxSeq.c **** ********************************************************************************
 130:.\Generated_Source\PSoC5/AMuxSeq.c **** * Summary:
 131:.\Generated_Source\PSoC5/AMuxSeq.c **** *  The currently connected channel is retuned. If no channel is connected
 132:.\Generated_Source\PSoC5/AMuxSeq.c **** *  returns -1.
 133:.\Generated_Source\PSoC5/AMuxSeq.c **** *
 134:.\Generated_Source\PSoC5/AMuxSeq.c **** * Parameters:
 135:.\Generated_Source\PSoC5/AMuxSeq.c **** *  void
 136:.\Generated_Source\PSoC5/AMuxSeq.c **** *
 137:.\Generated_Source\PSoC5/AMuxSeq.c **** * Return:
 138:.\Generated_Source\PSoC5/AMuxSeq.c **** *  The current channel or -1.
 139:.\Generated_Source\PSoC5/AMuxSeq.c **** *
 140:.\Generated_Source\PSoC5/AMuxSeq.c **** *******************************************************************************/
 141:.\Generated_Source\PSoC5/AMuxSeq.c **** int8 AMuxSeq_GetChannel(void)
 142:.\Generated_Source\PSoC5/AMuxSeq.c **** {
 170              		.loc 1 142 0
 171              		.cfi_startproc
 172              		@ args = 0, pretend = 0, frame = 0
 173              		@ frame_needed = 1, uses_anonymous_args = 0
 174              		@ link register save eliminated.
 175 0000 80B4     		push	{r7}
 176              		.cfi_def_cfa_offset 4
 177              		.cfi_offset 7, -4
 178 0002 00AF     		add	r7, sp, #0
 179              		.cfi_def_cfa_register 7
 143:.\Generated_Source\PSoC5/AMuxSeq.c ****     return AMuxSeq_CYAMUXSIDE_A_curChannel;
 180              		.loc 1 143 0
 181 0004 034B     		ldr	r3, .L10
 182 0006 1B78     		ldrb	r3, [r3]	@ zero_extendqisi2
 183 0008 5BB2     		sxtb	r3, r3
 144:.\Generated_Source\PSoC5/AMuxSeq.c **** }
 184              		.loc 1 144 0
 185 000a 1846     		mov	r0, r3
 186 000c BD46     		mov	sp, r7
 187              		.cfi_def_cfa_register 13
 188              		@ sp needed
 189 000e 5DF8047B 		ldr	r7, [sp], #4
 190              		.cfi_restore 7
 191              		.cfi_def_cfa_offset 0
 192 0012 7047     		bx	lr
 193              	.L11:
 194              		.align	2
 195              	.L10:
 196 0014 00000000 		.word	AMuxSeq_CYAMUXSIDE_A_curChannel
 197              		.cfi_endproc
 198              	.LFE5:
ARM GAS  C:\Users\LUKASC~1\AppData\Local\Temp\cckkPwlx.s 			page 7


 199              		.size	AMuxSeq_GetChannel, .-AMuxSeq_GetChannel
 200              		.text
 201              	.Letext0:
 202              		.file 2 ".\\Generated_Source\\PSoC5\\cytypes.h"
 203              		.file 3 ".\\Generated_Source\\PSoC5\\cyfitter_cfg.h"
 204              		.section	.debug_info,"",%progbits
 205              	.Ldebug_info0:
 206 0000 1B010000 		.4byte	0x11b
 207 0004 0400     		.2byte	0x4
 208 0006 00000000 		.4byte	.Ldebug_abbrev0
 209 000a 04       		.byte	0x4
 210 000b 01       		.uleb128 0x1
 211 000c 13000000 		.4byte	.LASF21
 212 0010 01       		.byte	0x1
 213 0011 14020000 		.4byte	.LASF22
 214 0015 C4000000 		.4byte	.LASF23
 215 0019 00000000 		.4byte	.Ldebug_ranges0+0
 216 001d 00000000 		.4byte	0
 217 0021 00000000 		.4byte	.Ldebug_line0
 218 0025 02       		.uleb128 0x2
 219 0026 01       		.byte	0x1
 220 0027 06       		.byte	0x6
 221 0028 F8010000 		.4byte	.LASF0
 222 002c 02       		.uleb128 0x2
 223 002d 01       		.byte	0x1
 224 002e 08       		.byte	0x8
 225 002f 41010000 		.4byte	.LASF1
 226 0033 02       		.uleb128 0x2
 227 0034 02       		.byte	0x2
 228 0035 05       		.byte	0x5
 229 0036 D2010000 		.4byte	.LASF2
 230 003a 02       		.uleb128 0x2
 231 003b 02       		.byte	0x2
 232 003c 07       		.byte	0x7
 233 003d 61010000 		.4byte	.LASF3
 234 0041 02       		.uleb128 0x2
 235 0042 04       		.byte	0x4
 236 0043 05       		.byte	0x5
 237 0044 EF010000 		.4byte	.LASF4
 238 0048 02       		.uleb128 0x2
 239 0049 04       		.byte	0x4
 240 004a 07       		.byte	0x7
 241 004b 4F010000 		.4byte	.LASF5
 242 004f 02       		.uleb128 0x2
 243 0050 08       		.byte	0x8
 244 0051 05       		.byte	0x5
 245 0052 BF010000 		.4byte	.LASF6
 246 0056 02       		.uleb128 0x2
 247 0057 08       		.byte	0x8
 248 0058 07       		.byte	0x7
 249 0059 9A010000 		.4byte	.LASF7
 250 005d 03       		.uleb128 0x3
 251 005e 04       		.byte	0x4
 252 005f 05       		.byte	0x5
 253 0060 696E7400 		.ascii	"int\000"
 254 0064 02       		.uleb128 0x2
 255 0065 04       		.byte	0x4
ARM GAS  C:\Users\LUKASC~1\AppData\Local\Temp\cckkPwlx.s 			page 8


 256 0066 07       		.byte	0x7
 257 0067 8D010000 		.4byte	.LASF8
 258 006b 04       		.uleb128 0x4
 259 006c DC010000 		.4byte	.LASF9
 260 0070 02       		.byte	0x2
 261 0071 3801     		.2byte	0x138
 262 0073 2C000000 		.4byte	0x2c
 263 0077 04       		.uleb128 0x4
 264 0078 88010000 		.4byte	.LASF10
 265 007c 02       		.byte	0x2
 266 007d 3B01     		.2byte	0x13b
 267 007f 25000000 		.4byte	0x25
 268 0083 02       		.uleb128 0x2
 269 0084 04       		.byte	0x4
 270 0085 04       		.byte	0x4
 271 0086 3B010000 		.4byte	.LASF11
 272 008a 02       		.uleb128 0x2
 273 008b 08       		.byte	0x8
 274 008c 04       		.byte	0x4
 275 008d 81010000 		.4byte	.LASF12
 276 0091 02       		.uleb128 0x2
 277 0092 01       		.byte	0x1
 278 0093 08       		.byte	0x8
 279 0094 CD010000 		.4byte	.LASF13
 280 0098 05       		.uleb128 0x5
 281 0099 B1010000 		.4byte	.LASF14
 282 009d 01       		.byte	0x1
 283 009e 24       		.byte	0x24
 284 009f 00000000 		.4byte	.LFB0
 285 00a3 14000000 		.4byte	.LFE0-.LFB0
 286 00a7 01       		.uleb128 0x1
 287 00a8 9C       		.byte	0x9c
 288 00a9 05       		.uleb128 0x5
 289 00aa A1000000 		.4byte	.LASF15
 290 00ae 01       		.byte	0x1
 291 00af 39       		.byte	0x39
 292 00b0 00000000 		.4byte	.LFB1
 293 00b4 0A000000 		.4byte	.LFE1-.LFB1
 294 00b8 01       		.uleb128 0x1
 295 00b9 9C       		.byte	0x9c
 296 00ba 05       		.uleb128 0x5
 297 00bb E2010000 		.4byte	.LASF16
 298 00bf 01       		.byte	0x1
 299 00c0 4D       		.byte	0x4d
 300 00c1 00000000 		.4byte	.LFB2
 301 00c5 0A000000 		.4byte	.LFE2-.LFB2
 302 00c9 01       		.uleb128 0x1
 303 00ca 9C       		.byte	0x9c
 304 00cb 05       		.uleb128 0x5
 305 00cc 74010000 		.4byte	.LASF17
 306 00d0 01       		.byte	0x1
 307 00d1 63       		.byte	0x63
 308 00d2 00000000 		.4byte	.LFB3
 309 00d6 0E000000 		.4byte	.LFE3-.LFB3
 310 00da 01       		.uleb128 0x1
 311 00db 9C       		.byte	0x9c
 312 00dc 05       		.uleb128 0x5
ARM GAS  C:\Users\LUKASC~1\AppData\Local\Temp\cckkPwlx.s 			page 9


 313 00dd AE000000 		.4byte	.LASF18
 314 00e1 01       		.byte	0x1
 315 00e2 78       		.byte	0x78
 316 00e3 00000000 		.4byte	.LFB4
 317 00e7 0E000000 		.4byte	.LFE4-.LFB4
 318 00eb 01       		.uleb128 0x1
 319 00ec 9C       		.byte	0x9c
 320 00ed 06       		.uleb128 0x6
 321 00ee 00000000 		.4byte	.LASF24
 322 00f2 01       		.byte	0x1
 323 00f3 8D       		.byte	0x8d
 324 00f4 77000000 		.4byte	0x77
 325 00f8 00000000 		.4byte	.LFB5
 326 00fc 18000000 		.4byte	.LFE5-.LFB5
 327 0100 01       		.uleb128 0x1
 328 0101 9C       		.byte	0x9c
 329 0102 07       		.uleb128 0x7
 330 0103 1B010000 		.4byte	.LASF19
 331 0107 03       		.byte	0x3
 332 0108 1C       		.byte	0x1c
 333 0109 77000000 		.4byte	0x77
 334 010d 08       		.uleb128 0x8
 335 010e 04020000 		.4byte	.LASF20
 336 0112 01       		.byte	0x1
 337 0113 13       		.byte	0x13
 338 0114 6B000000 		.4byte	0x6b
 339 0118 05       		.uleb128 0x5
 340 0119 03       		.byte	0x3
 341 011a 00000000 		.4byte	AMuxSeq_initVar
 342 011e 00       		.byte	0
 343              		.section	.debug_abbrev,"",%progbits
 344              	.Ldebug_abbrev0:
 345 0000 01       		.uleb128 0x1
 346 0001 11       		.uleb128 0x11
 347 0002 01       		.byte	0x1
 348 0003 25       		.uleb128 0x25
 349 0004 0E       		.uleb128 0xe
 350 0005 13       		.uleb128 0x13
 351 0006 0B       		.uleb128 0xb
 352 0007 03       		.uleb128 0x3
 353 0008 0E       		.uleb128 0xe
 354 0009 1B       		.uleb128 0x1b
 355 000a 0E       		.uleb128 0xe
 356 000b 55       		.uleb128 0x55
 357 000c 17       		.uleb128 0x17
 358 000d 11       		.uleb128 0x11
 359 000e 01       		.uleb128 0x1
 360 000f 10       		.uleb128 0x10
 361 0010 17       		.uleb128 0x17
 362 0011 00       		.byte	0
 363 0012 00       		.byte	0
 364 0013 02       		.uleb128 0x2
 365 0014 24       		.uleb128 0x24
 366 0015 00       		.byte	0
 367 0016 0B       		.uleb128 0xb
 368 0017 0B       		.uleb128 0xb
 369 0018 3E       		.uleb128 0x3e
ARM GAS  C:\Users\LUKASC~1\AppData\Local\Temp\cckkPwlx.s 			page 10


 370 0019 0B       		.uleb128 0xb
 371 001a 03       		.uleb128 0x3
 372 001b 0E       		.uleb128 0xe
 373 001c 00       		.byte	0
 374 001d 00       		.byte	0
 375 001e 03       		.uleb128 0x3
 376 001f 24       		.uleb128 0x24
 377 0020 00       		.byte	0
 378 0021 0B       		.uleb128 0xb
 379 0022 0B       		.uleb128 0xb
 380 0023 3E       		.uleb128 0x3e
 381 0024 0B       		.uleb128 0xb
 382 0025 03       		.uleb128 0x3
 383 0026 08       		.uleb128 0x8
 384 0027 00       		.byte	0
 385 0028 00       		.byte	0
 386 0029 04       		.uleb128 0x4
 387 002a 16       		.uleb128 0x16
 388 002b 00       		.byte	0
 389 002c 03       		.uleb128 0x3
 390 002d 0E       		.uleb128 0xe
 391 002e 3A       		.uleb128 0x3a
 392 002f 0B       		.uleb128 0xb
 393 0030 3B       		.uleb128 0x3b
 394 0031 05       		.uleb128 0x5
 395 0032 49       		.uleb128 0x49
 396 0033 13       		.uleb128 0x13
 397 0034 00       		.byte	0
 398 0035 00       		.byte	0
 399 0036 05       		.uleb128 0x5
 400 0037 2E       		.uleb128 0x2e
 401 0038 00       		.byte	0
 402 0039 3F       		.uleb128 0x3f
 403 003a 19       		.uleb128 0x19
 404 003b 03       		.uleb128 0x3
 405 003c 0E       		.uleb128 0xe
 406 003d 3A       		.uleb128 0x3a
 407 003e 0B       		.uleb128 0xb
 408 003f 3B       		.uleb128 0x3b
 409 0040 0B       		.uleb128 0xb
 410 0041 27       		.uleb128 0x27
 411 0042 19       		.uleb128 0x19
 412 0043 11       		.uleb128 0x11
 413 0044 01       		.uleb128 0x1
 414 0045 12       		.uleb128 0x12
 415 0046 06       		.uleb128 0x6
 416 0047 40       		.uleb128 0x40
 417 0048 18       		.uleb128 0x18
 418 0049 9642     		.uleb128 0x2116
 419 004b 19       		.uleb128 0x19
 420 004c 00       		.byte	0
 421 004d 00       		.byte	0
 422 004e 06       		.uleb128 0x6
 423 004f 2E       		.uleb128 0x2e
 424 0050 00       		.byte	0
 425 0051 3F       		.uleb128 0x3f
 426 0052 19       		.uleb128 0x19
ARM GAS  C:\Users\LUKASC~1\AppData\Local\Temp\cckkPwlx.s 			page 11


 427 0053 03       		.uleb128 0x3
 428 0054 0E       		.uleb128 0xe
 429 0055 3A       		.uleb128 0x3a
 430 0056 0B       		.uleb128 0xb
 431 0057 3B       		.uleb128 0x3b
 432 0058 0B       		.uleb128 0xb
 433 0059 27       		.uleb128 0x27
 434 005a 19       		.uleb128 0x19
 435 005b 49       		.uleb128 0x49
 436 005c 13       		.uleb128 0x13
 437 005d 11       		.uleb128 0x11
 438 005e 01       		.uleb128 0x1
 439 005f 12       		.uleb128 0x12
 440 0060 06       		.uleb128 0x6
 441 0061 40       		.uleb128 0x40
 442 0062 18       		.uleb128 0x18
 443 0063 9742     		.uleb128 0x2117
 444 0065 19       		.uleb128 0x19
 445 0066 00       		.byte	0
 446 0067 00       		.byte	0
 447 0068 07       		.uleb128 0x7
 448 0069 34       		.uleb128 0x34
 449 006a 00       		.byte	0
 450 006b 03       		.uleb128 0x3
 451 006c 0E       		.uleb128 0xe
 452 006d 3A       		.uleb128 0x3a
 453 006e 0B       		.uleb128 0xb
 454 006f 3B       		.uleb128 0x3b
 455 0070 0B       		.uleb128 0xb
 456 0071 49       		.uleb128 0x49
 457 0072 13       		.uleb128 0x13
 458 0073 3F       		.uleb128 0x3f
 459 0074 19       		.uleb128 0x19
 460 0075 3C       		.uleb128 0x3c
 461 0076 19       		.uleb128 0x19
 462 0077 00       		.byte	0
 463 0078 00       		.byte	0
 464 0079 08       		.uleb128 0x8
 465 007a 34       		.uleb128 0x34
 466 007b 00       		.byte	0
 467 007c 03       		.uleb128 0x3
 468 007d 0E       		.uleb128 0xe
 469 007e 3A       		.uleb128 0x3a
 470 007f 0B       		.uleb128 0xb
 471 0080 3B       		.uleb128 0x3b
 472 0081 0B       		.uleb128 0xb
 473 0082 49       		.uleb128 0x49
 474 0083 13       		.uleb128 0x13
 475 0084 3F       		.uleb128 0x3f
 476 0085 19       		.uleb128 0x19
 477 0086 02       		.uleb128 0x2
 478 0087 18       		.uleb128 0x18
 479 0088 00       		.byte	0
 480 0089 00       		.byte	0
 481 008a 00       		.byte	0
 482              		.section	.debug_aranges,"",%progbits
 483 0000 44000000 		.4byte	0x44
ARM GAS  C:\Users\LUKASC~1\AppData\Local\Temp\cckkPwlx.s 			page 12


 484 0004 0200     		.2byte	0x2
 485 0006 00000000 		.4byte	.Ldebug_info0
 486 000a 04       		.byte	0x4
 487 000b 00       		.byte	0
 488 000c 0000     		.2byte	0
 489 000e 0000     		.2byte	0
 490 0010 00000000 		.4byte	.LFB0
 491 0014 14000000 		.4byte	.LFE0-.LFB0
 492 0018 00000000 		.4byte	.LFB1
 493 001c 0A000000 		.4byte	.LFE1-.LFB1
 494 0020 00000000 		.4byte	.LFB2
 495 0024 0A000000 		.4byte	.LFE2-.LFB2
 496 0028 00000000 		.4byte	.LFB3
 497 002c 0E000000 		.4byte	.LFE3-.LFB3
 498 0030 00000000 		.4byte	.LFB4
 499 0034 0E000000 		.4byte	.LFE4-.LFB4
 500 0038 00000000 		.4byte	.LFB5
 501 003c 18000000 		.4byte	.LFE5-.LFB5
 502 0040 00000000 		.4byte	0
 503 0044 00000000 		.4byte	0
 504              		.section	.debug_ranges,"",%progbits
 505              	.Ldebug_ranges0:
 506 0000 00000000 		.4byte	.LFB0
 507 0004 14000000 		.4byte	.LFE0
 508 0008 00000000 		.4byte	.LFB1
 509 000c 0A000000 		.4byte	.LFE1
 510 0010 00000000 		.4byte	.LFB2
 511 0014 0A000000 		.4byte	.LFE2
 512 0018 00000000 		.4byte	.LFB3
 513 001c 0E000000 		.4byte	.LFE3
 514 0020 00000000 		.4byte	.LFB4
 515 0024 0E000000 		.4byte	.LFE4
 516 0028 00000000 		.4byte	.LFB5
 517 002c 18000000 		.4byte	.LFE5
 518 0030 00000000 		.4byte	0
 519 0034 00000000 		.4byte	0
 520              		.section	.debug_line,"",%progbits
 521              	.Ldebug_line0:
 522 0000 CB000000 		.section	.debug_str,"MS",%progbits,1
 522      02005800 
 522      00000201 
 522      FB0E0D00 
 522      01010101 
 523              	.LASF24:
 524 0000 414D7578 		.ascii	"AMuxSeq_GetChannel\000"
 524      5365715F 
 524      47657443 
 524      68616E6E 
 524      656C00
 525              	.LASF21:
 526 0013 474E5520 		.ascii	"GNU C 4.9.3 20150303 (release) [ARM/embedded-4_9-br"
 526      4320342E 
 526      392E3320 
 526      32303135 
 526      30333033 
 527 0046 616E6368 		.ascii	"anch revision 221220] -mcpu=cortex-m3 -mthumb -g -O"
 527      20726576 
ARM GAS  C:\Users\LUKASC~1\AppData\Local\Temp\cckkPwlx.s 			page 13


 527      6973696F 
 527      6E203232 
 527      31323230 
 528 0079 30202D66 		.ascii	"0 -ffunction-sections -ffat-lto-objects\000"
 528      66756E63 
 528      74696F6E 
 528      2D736563 
 528      74696F6E 
 529              	.LASF15:
 530 00a1 414D7578 		.ascii	"AMuxSeq_Init\000"
 530      5365715F 
 530      496E6974 
 530      00
 531              	.LASF18:
 532 00ae 414D7578 		.ascii	"AMuxSeq_DisconnectAll\000"
 532      5365715F 
 532      44697363 
 532      6F6E6E65 
 532      6374416C 
 533              	.LASF23:
 534 00c4 433A5C55 		.ascii	"C:\\Users\\Lukas Creutzburg\\Documents\\GitHub\\fre"
 534      73657273 
 534      5C4C756B 
 534      61732043 
 534      72657574 
 535 00f2 65445350 		.ascii	"eDSPPSoC-I2C\\DelSig_I2CS01_Example.cydsn\000"
 535      50536F43 
 535      2D493243 
 535      5C44656C 
 535      5369675F 
 536              	.LASF19:
 537 011b 414D7578 		.ascii	"AMuxSeq_CYAMUXSIDE_A_curChannel\000"
 537      5365715F 
 537      4359414D 
 537      55585349 
 537      44455F41 
 538              	.LASF11:
 539 013b 666C6F61 		.ascii	"float\000"
 539      7400
 540              	.LASF1:
 541 0141 756E7369 		.ascii	"unsigned char\000"
 541      676E6564 
 541      20636861 
 541      7200
 542              	.LASF5:
 543 014f 6C6F6E67 		.ascii	"long unsigned int\000"
 543      20756E73 
 543      69676E65 
 543      6420696E 
 543      7400
 544              	.LASF3:
 545 0161 73686F72 		.ascii	"short unsigned int\000"
 545      7420756E 
 545      7369676E 
 545      65642069 
 545      6E7400
 546              	.LASF17:
ARM GAS  C:\Users\LUKASC~1\AppData\Local\Temp\cckkPwlx.s 			page 14


 547 0174 414D7578 		.ascii	"AMuxSeq_Next\000"
 547      5365715F 
 547      4E657874 
 547      00
 548              	.LASF12:
 549 0181 646F7562 		.ascii	"double\000"
 549      6C6500
 550              	.LASF10:
 551 0188 696E7438 		.ascii	"int8\000"
 551      00
 552              	.LASF8:
 553 018d 756E7369 		.ascii	"unsigned int\000"
 553      676E6564 
 553      20696E74 
 553      00
 554              	.LASF7:
 555 019a 6C6F6E67 		.ascii	"long long unsigned int\000"
 555      206C6F6E 
 555      6720756E 
 555      7369676E 
 555      65642069 
 556              	.LASF14:
 557 01b1 414D7578 		.ascii	"AMuxSeq_Start\000"
 557      5365715F 
 557      53746172 
 557      7400
 558              	.LASF6:
 559 01bf 6C6F6E67 		.ascii	"long long int\000"
 559      206C6F6E 
 559      6720696E 
 559      7400
 560              	.LASF13:
 561 01cd 63686172 		.ascii	"char\000"
 561      00
 562              	.LASF2:
 563 01d2 73686F72 		.ascii	"short int\000"
 563      7420696E 
 563      7400
 564              	.LASF9:
 565 01dc 75696E74 		.ascii	"uint8\000"
 565      3800
 566              	.LASF16:
 567 01e2 414D7578 		.ascii	"AMuxSeq_Stop\000"
 567      5365715F 
 567      53746F70 
 567      00
 568              	.LASF4:
 569 01ef 6C6F6E67 		.ascii	"long int\000"
 569      20696E74 
 569      00
 570              	.LASF0:
 571 01f8 7369676E 		.ascii	"signed char\000"
 571      65642063 
 571      68617200 
 572              	.LASF20:
 573 0204 414D7578 		.ascii	"AMuxSeq_initVar\000"
 573      5365715F 
ARM GAS  C:\Users\LUKASC~1\AppData\Local\Temp\cckkPwlx.s 			page 15


 573      696E6974 
 573      56617200 
 574              	.LASF22:
 575 0214 2E5C4765 		.ascii	".\\Generated_Source\\PSoC5\\AMuxSeq.c\000"
 575      6E657261 
 575      7465645F 
 575      536F7572 
 575      63655C50 
 576              		.ident	"GCC: (GNU Tools for ARM Embedded Processors) 4.9.3 20150303 (release) [ARM/embedded-4_9-br
