ARM GAS  C:\Users\Andreas\AppData\Local\Temp\ccy4Li5z.s 			page 1


   1              		.syntax unified
   2              		.cpu cortex-m3
   3              		.fpu softvfp
   4              		.eabi_attribute 20, 1
   5              		.eabi_attribute 21, 1
   6              		.eabi_attribute 23, 3
   7              		.eabi_attribute 24, 1
   8              		.eabi_attribute 25, 1
   9              		.eabi_attribute 26, 1
  10              		.eabi_attribute 30, 6
  11              		.eabi_attribute 34, 1
  12              		.eabi_attribute 18, 4
  13              		.thumb
  14              		.file	"dsp.c"
  15              		.text
  16              	.Ltext0:
  17              		.cfi_sections	.debug_frame
  18              		.global _printf_float
  19              		.thumb
  20              		.comm	wrBuffer,64,4
  21              		.comm	temp,1,1
  22              		.global _printf_float
  23              		.thumb
  24              		.global	e2prom_hex
  25              		.data
  26              		.align	2
  27              		.type	e2prom_hex, %object
  28              		.size	e2prom_hex, 544
  29              	e2prom_hex:
  30 0000 01       		.byte	1
  31 0001 00       		.byte	0
  32 0002 05       		.byte	5
  33 0003 00       		.byte	0
  34 0004 08       		.byte	8
  35 0005 1C       		.byte	28
  36 0006 00       		.byte	0
  37 0007 58       		.byte	88
  38 0008 03       		.byte	3
  39 0009 03       		.byte	3
  40 000a 03       		.byte	3
  41 000b 03       		.byte	3
  42 000c 03       		.byte	3
  43 000d 03       		.byte	3
  44 000e 03       		.byte	3
  45 000f 03       		.byte	3
  46 0010 03       		.byte	3
  47 0011 03       		.byte	3
  48 0012 03       		.byte	3
  49 0013 03       		.byte	3
  50 0014 03       		.byte	3
  51 0015 03       		.byte	3
  52 0016 03       		.byte	3
  53 0017 03       		.byte	3
  54 0018 03       		.byte	3
  55 0019 03       		.byte	3
  56 001a 01       		.byte	1
  57 001b 00       		.byte	0
ARM GAS  C:\Users\Andreas\AppData\Local\Temp\ccy4Li5z.s 			page 2


  58 001c 23       		.byte	35
  59 001d 00       		.byte	0
  60 001e 08       		.byte	8
  61 001f 00       		.byte	0
  62 0020 00       		.byte	0
  63 0021 00       		.byte	0
  64 0022 00       		.byte	0
  65 0023 00       		.byte	0
  66 0024 00       		.byte	0
  67 0025 00       		.byte	0
  68 0026 00       		.byte	0
  69 0027 00       		.byte	0
  70 0028 00       		.byte	0
  71 0029 00       		.byte	0
  72 002a 00       		.byte	0
  73 002b 00       		.byte	0
  74 002c 00       		.byte	0
  75 002d 00       		.byte	0
  76 002e 00       		.byte	0
  77 002f 00       		.byte	0
  78 0030 00       		.byte	0
  79 0031 00       		.byte	0
  80 0032 00       		.byte	0
  81 0033 00       		.byte	0
  82 0034 00       		.byte	0
  83 0035 00       		.byte	0
  84 0036 00       		.byte	0
  85 0037 00       		.byte	0
  86 0038 00       		.byte	0
  87 0039 00       		.byte	0
  88 003a 00       		.byte	0
  89 003b 00       		.byte	0
  90 003c 00       		.byte	0
  91 003d 00       		.byte	0
  92 003e 00       		.byte	0
  93 003f 00       		.byte	0
  94 0040 01       		.byte	1
  95 0041 00       		.byte	0
  96 0042 0B       		.byte	11
  97 0043 00       		.byte	0
  98 0044 00       		.byte	0
  99 0045 00       		.byte	0
 100 0046 00       		.byte	0
 101 0047 80       		.byte	-128
 102 0048 00       		.byte	0
 103 0049 00       		.byte	0
 104 004a 00       		.byte	0
 105 004b 80       		.byte	-128
 106 004c 00       		.byte	0
 107 004d 00       		.byte	0
 108 004e 01       		.byte	1
 109 004f 01       		.byte	1
 110 0050 43       		.byte	67
 111 0051 00       		.byte	0
 112 0052 04       		.byte	4
 113 0053 00       		.byte	0
 114 0054 00       		.byte	0
ARM GAS  C:\Users\Andreas\AppData\Local\Temp\ccy4Li5z.s 			page 3


 115 0055 00       		.byte	0
 116 0056 00       		.byte	0
 117 0057 00       		.byte	0
 118 0058 01       		.byte	1
 119 0059 00       		.byte	0
 120 005a 00       		.byte	0
 121 005b 00       		.byte	0
 122 005c E8       		.byte	-24
 123 005d 01       		.byte	1
 124 005e 00       		.byte	0
 125 005f 00       		.byte	0
 126 0060 00       		.byte	0
 127 0061 00       		.byte	0
 128 0062 01       		.byte	1
 129 0063 00       		.byte	0
 130 0064 08       		.byte	8
 131 0065 00       		.byte	0
 132 0066 E8       		.byte	-24
 133 0067 01       		.byte	1
 134 0068 00       		.byte	0
 135 0069 02       		.byte	2
 136 006a 00       		.byte	0
 137 006b 20       		.byte	32
 138 006c 01       		.byte	1
 139 006d 00       		.byte	0
 140 006e 10       		.byte	16
 141 006f 00       		.byte	0
 142 0070 E2       		.byte	-30
 143 0071 01       		.byte	1
 144 0072 00       		.byte	0
 145 0073 00       		.byte	0
 146 0074 00       		.byte	0
 147 0075 00       		.byte	0
 148 0076 01       		.byte	1
 149 0077 00       		.byte	0
 150 0078 0A       		.byte	10
 151 0079 01       		.byte	1
 152 007a 20       		.byte	32
 153 007b 01       		.byte	1
 154 007c 00       		.byte	0
 155 007d 18       		.byte	24
 156 007e 00       		.byte	0
 157 007f E2       		.byte	-30
 158 0080 01       		.byte	1
 159 0081 00       		.byte	0
 160 0082 00       		.byte	0
 161 0083 00       		.byte	0
 162 0084 00       		.byte	0
 163 0085 01       		.byte	1
 164 0086 00       		.byte	0
 165 0087 11       		.byte	17
 166 0088 08       		.byte	8
 167 0089 20       		.byte	32
 168 008a 01       		.byte	1
 169 008b FF       		.byte	-1
 170 008c 68       		.byte	104
 171 008d 00       		.byte	0
ARM GAS  C:\Users\Andreas\AppData\Local\Temp\ccy4Li5z.s 			page 4


 172 008e 02       		.byte	2
 173 008f 01       		.byte	1
 174 0090 00       		.byte	0
 175 0091 19       		.byte	25
 176 0092 08       		.byte	8
 177 0093 20       		.byte	32
 178 0094 01       		.byte	1
 179 0095 FF       		.byte	-1
 180 0096 70       		.byte	112
 181 0097 00       		.byte	0
 182 0098 02       		.byte	2
 183 0099 01       		.byte	1
 184 009a 00       		.byte	0
 185 009b 00       		.byte	0
 186 009c 00       		.byte	0
 187 009d 00       		.byte	0
 188 009e 01       		.byte	1
 189 009f 00       		.byte	0
 190 00a0 00       		.byte	0
 191 00a1 00       		.byte	0
 192 00a2 00       		.byte	0
 193 00a3 01       		.byte	1
 194 00a4 00       		.byte	0
 195 00a5 00       		.byte	0
 196 00a6 00       		.byte	0
 197 00a7 00       		.byte	0
 198 00a8 01       		.byte	1
 199 00a9 00       		.byte	0
 200 00aa 00       		.byte	0
 201 00ab 00       		.byte	0
 202 00ac 00       		.byte	0
 203 00ad 01       		.byte	1
 204 00ae 00       		.byte	0
 205 00af 00       		.byte	0
 206 00b0 00       		.byte	0
 207 00b1 00       		.byte	0
 208 00b2 01       		.byte	1
 209 00b3 00       		.byte	0
 210 00b4 00       		.byte	0
 211 00b5 00       		.byte	0
 212 00b6 00       		.byte	0
 213 00b7 01       		.byte	1
 214 00b8 00       		.byte	0
 215 00b9 00       		.byte	0
 216 00ba 00       		.byte	0
 217 00bb 00       		.byte	0
 218 00bc 01       		.byte	1
 219 00bd 00       		.byte	0
 220 00be 00       		.byte	0
 221 00bf 00       		.byte	0
 222 00c0 00       		.byte	0
 223 00c1 01       		.byte	1
 224 00c2 00       		.byte	0
 225 00c3 00       		.byte	0
 226 00c4 00       		.byte	0
 227 00c5 00       		.byte	0
 228 00c6 01       		.byte	1
ARM GAS  C:\Users\Andreas\AppData\Local\Temp\ccy4Li5z.s 			page 5


 229 00c7 00       		.byte	0
 230 00c8 00       		.byte	0
 231 00c9 00       		.byte	0
 232 00ca 00       		.byte	0
 233 00cb 01       		.byte	1
 234 00cc 00       		.byte	0
 235 00cd 00       		.byte	0
 236 00ce 00       		.byte	0
 237 00cf 00       		.byte	0
 238 00d0 01       		.byte	1
 239 00d1 00       		.byte	0
 240 00d2 00       		.byte	0
 241 00d3 00       		.byte	0
 242 00d4 00       		.byte	0
 243 00d5 01       		.byte	1
 244 00d6 00       		.byte	0
 245 00d7 00       		.byte	0
 246 00d8 00       		.byte	0
 247 00d9 00       		.byte	0
 248 00da 01       		.byte	1
 249 00db 00       		.byte	0
 250 00dc 00       		.byte	0
 251 00dd 00       		.byte	0
 252 00de 00       		.byte	0
 253 00df 01       		.byte	1
 254 00e0 00       		.byte	0
 255 00e1 00       		.byte	0
 256 00e2 00       		.byte	0
 257 00e3 00       		.byte	0
 258 00e4 01       		.byte	1
 259 00e5 00       		.byte	0
 260 00e6 00       		.byte	0
 261 00e7 00       		.byte	0
 262 00e8 00       		.byte	0
 263 00e9 01       		.byte	1
 264 00ea 00       		.byte	0
 265 00eb 00       		.byte	0
 266 00ec 00       		.byte	0
 267 00ed 00       		.byte	0
 268 00ee 01       		.byte	1
 269 00ef 00       		.byte	0
 270 00f0 00       		.byte	0
 271 00f1 00       		.byte	0
 272 00f2 00       		.byte	0
 273 00f3 01       		.byte	1
 274 00f4 00       		.byte	0
 275 00f5 00       		.byte	0
 276 00f6 00       		.byte	0
 277 00f7 00       		.byte	0
 278 00f8 01       		.byte	1
 279 00f9 00       		.byte	0
 280 00fa 00       		.byte	0
 281 00fb 00       		.byte	0
 282 00fc 00       		.byte	0
 283 00fd 01       		.byte	1
 284 00fe 00       		.byte	0
 285 00ff 00       		.byte	0
ARM GAS  C:\Users\Andreas\AppData\Local\Temp\ccy4Li5z.s 			page 6


 286 0100 00       		.byte	0
 287 0101 00       		.byte	0
 288 0102 01       		.byte	1
 289 0103 00       		.byte	0
 290 0104 00       		.byte	0
 291 0105 00       		.byte	0
 292 0106 00       		.byte	0
 293 0107 01       		.byte	1
 294 0108 00       		.byte	0
 295 0109 00       		.byte	0
 296 010a 00       		.byte	0
 297 010b 00       		.byte	0
 298 010c 01       		.byte	1
 299 010d 00       		.byte	0
 300 010e 00       		.byte	0
 301 010f 00       		.byte	0
 302 0110 00       		.byte	0
 303 0111 01       		.byte	1
 304 0112 00       		.byte	0
 305 0113 00       		.byte	0
 306 0114 00       		.byte	0
 307 0115 00       		.byte	0
 308 0116 01       		.byte	1
 309 0117 00       		.byte	0
 310 0118 00       		.byte	0
 311 0119 00       		.byte	0
 312 011a 00       		.byte	0
 313 011b 01       		.byte	1
 314 011c 00       		.byte	0
 315 011d 00       		.byte	0
 316 011e 00       		.byte	0
 317 011f 00       		.byte	0
 318 0120 01       		.byte	1
 319 0121 00       		.byte	0
 320 0122 00       		.byte	0
 321 0123 00       		.byte	0
 322 0124 00       		.byte	0
 323 0125 01       		.byte	1
 324 0126 00       		.byte	0
 325 0127 00       		.byte	0
 326 0128 00       		.byte	0
 327 0129 00       		.byte	0
 328 012a 01       		.byte	1
 329 012b 00       		.byte	0
 330 012c 00       		.byte	0
 331 012d 00       		.byte	0
 332 012e 00       		.byte	0
 333 012f 01       		.byte	1
 334 0130 00       		.byte	0
 335 0131 00       		.byte	0
 336 0132 00       		.byte	0
 337 0133 00       		.byte	0
 338 0134 01       		.byte	1
 339 0135 00       		.byte	0
 340 0136 00       		.byte	0
 341 0137 00       		.byte	0
 342 0138 00       		.byte	0
ARM GAS  C:\Users\Andreas\AppData\Local\Temp\ccy4Li5z.s 			page 7


 343 0139 01       		.byte	1
 344 013a 00       		.byte	0
 345 013b 00       		.byte	0
 346 013c 00       		.byte	0
 347 013d 00       		.byte	0
 348 013e 01       		.byte	1
 349 013f 00       		.byte	0
 350 0140 00       		.byte	0
 351 0141 00       		.byte	0
 352 0142 00       		.byte	0
 353 0143 01       		.byte	1
 354 0144 00       		.byte	0
 355 0145 00       		.byte	0
 356 0146 00       		.byte	0
 357 0147 00       		.byte	0
 358 0148 01       		.byte	1
 359 0149 00       		.byte	0
 360 014a 00       		.byte	0
 361 014b 00       		.byte	0
 362 014c 00       		.byte	0
 363 014d 01       		.byte	1
 364 014e 00       		.byte	0
 365 014f 00       		.byte	0
 366 0150 00       		.byte	0
 367 0151 00       		.byte	0
 368 0152 01       		.byte	1
 369 0153 00       		.byte	0
 370 0154 00       		.byte	0
 371 0155 00       		.byte	0
 372 0156 00       		.byte	0
 373 0157 01       		.byte	1
 374 0158 00       		.byte	0
 375 0159 00       		.byte	0
 376 015a 00       		.byte	0
 377 015b 00       		.byte	0
 378 015c 01       		.byte	1
 379 015d 00       		.byte	0
 380 015e 00       		.byte	0
 381 015f 00       		.byte	0
 382 0160 00       		.byte	0
 383 0161 01       		.byte	1
 384 0162 00       		.byte	0
 385 0163 00       		.byte	0
 386 0164 00       		.byte	0
 387 0165 00       		.byte	0
 388 0166 01       		.byte	1
 389 0167 00       		.byte	0
 390 0168 00       		.byte	0
 391 0169 00       		.byte	0
 392 016a 00       		.byte	0
 393 016b 01       		.byte	1
 394 016c 00       		.byte	0
 395 016d 00       		.byte	0
 396 016e 00       		.byte	0
 397 016f 00       		.byte	0
 398 0170 01       		.byte	1
 399 0171 00       		.byte	0
ARM GAS  C:\Users\Andreas\AppData\Local\Temp\ccy4Li5z.s 			page 8


 400 0172 00       		.byte	0
 401 0173 00       		.byte	0
 402 0174 00       		.byte	0
 403 0175 01       		.byte	1
 404 0176 00       		.byte	0
 405 0177 00       		.byte	0
 406 0178 00       		.byte	0
 407 0179 00       		.byte	0
 408 017a 01       		.byte	1
 409 017b 00       		.byte	0
 410 017c 00       		.byte	0
 411 017d 00       		.byte	0
 412 017e 00       		.byte	0
 413 017f 01       		.byte	1
 414 0180 00       		.byte	0
 415 0181 00       		.byte	0
 416 0182 00       		.byte	0
 417 0183 00       		.byte	0
 418 0184 01       		.byte	1
 419 0185 00       		.byte	0
 420 0186 00       		.byte	0
 421 0187 00       		.byte	0
 422 0188 00       		.byte	0
 423 0189 01       		.byte	1
 424 018a 00       		.byte	0
 425 018b 00       		.byte	0
 426 018c 00       		.byte	0
 427 018d 00       		.byte	0
 428 018e 01       		.byte	1
 429 018f 00       		.byte	0
 430 0190 00       		.byte	0
 431 0191 00       		.byte	0
 432 0192 00       		.byte	0
 433 0193 01       		.byte	1
 434 0194 01       		.byte	1
 435 0195 00       		.byte	0
 436 0196 05       		.byte	5
 437 0197 00       		.byte	0
 438 0198 08       		.byte	8
 439 0199 1C       		.byte	28
 440 019a 00       		.byte	0
 441 019b 1C       		.byte	28
 442 019c 01       		.byte	1
 443 019d 00       		.byte	0
 444 019e 04       		.byte	4
 445 019f 00       		.byte	0
 446 01a0 08       		.byte	8
 447 01a1 1D       		.byte	29
 448 01a2 08       		.byte	8
 449 01a3 01       		.byte	1
 450 01a4 00       		.byte	0
 451 01a5 05       		.byte	5
 452 01a6 00       		.byte	0
 453 01a7 08       		.byte	8
 454 01a8 1E       		.byte	30
 455 01a9 00       		.byte	0
 456 01aa 00       		.byte	0
ARM GAS  C:\Users\Andreas\AppData\Local\Temp\ccy4Li5z.s 			page 9


 457 01ab 01       		.byte	1
 458 01ac 00       		.byte	0
 459 01ad 04       		.byte	4
 460 01ae 00       		.byte	0
 461 01af 08       		.byte	8
 462 01b0 1F       		.byte	31
 463 01b1 00       		.byte	0
 464 01b2 01       		.byte	1
 465 01b3 00       		.byte	0
 466 01b4 06       		.byte	6
 467 01b5 00       		.byte	0
 468 01b6 08       		.byte	8
 469 01b7 20       		.byte	32
 470 01b8 00       		.byte	0
 471 01b9 00       		.byte	0
 472 01ba 00       		.byte	0
 473 01bb 01       		.byte	1
 474 01bc 00       		.byte	0
 475 01bd 06       		.byte	6
 476 01be 00       		.byte	0
 477 01bf 08       		.byte	8
 478 01c0 21       		.byte	33
 479 01c1 00       		.byte	0
 480 01c2 00       		.byte	0
 481 01c3 00       		.byte	0
 482 01c4 01       		.byte	1
 483 01c5 00       		.byte	0
 484 01c6 05       		.byte	5
 485 01c7 00       		.byte	0
 486 01c8 08       		.byte	8
 487 01c9 22       		.byte	34
 488 01ca 00       		.byte	0
 489 01cb 00       		.byte	0
 490 01cc 01       		.byte	1
 491 01cd 00       		.byte	0
 492 01ce 05       		.byte	5
 493 01cf 00       		.byte	0
 494 01d0 08       		.byte	8
 495 01d1 23       		.byte	35
 496 01d2 00       		.byte	0
 497 01d3 00       		.byte	0
 498 01d4 01       		.byte	1
 499 01d5 00       		.byte	0
 500 01d6 05       		.byte	5
 501 01d7 00       		.byte	0
 502 01d8 08       		.byte	8
 503 01d9 24       		.byte	36
 504 01da 80       		.byte	-128
 505 01db 00       		.byte	0
 506 01dc 01       		.byte	1
 507 01dd 00       		.byte	0
 508 01de 05       		.byte	5
 509 01df 00       		.byte	0
 510 01e0 08       		.byte	8
 511 01e1 25       		.byte	37
 512 01e2 00       		.byte	0
 513 01e3 00       		.byte	0
ARM GAS  C:\Users\Andreas\AppData\Local\Temp\ccy4Li5z.s 			page 10


 514 01e4 01       		.byte	1
 515 01e5 00       		.byte	0
 516 01e6 05       		.byte	5
 517 01e7 00       		.byte	0
 518 01e8 08       		.byte	8
 519 01e9 26       		.byte	38
 520 01ea 00       		.byte	0
 521 01eb 00       		.byte	0
 522 01ec 01       		.byte	1
 523 01ed 00       		.byte	0
 524 01ee 05       		.byte	5
 525 01ef 00       		.byte	0
 526 01f0 08       		.byte	8
 527 01f1 27       		.byte	39
 528 01f2 00       		.byte	0
 529 01f3 01       		.byte	1
 530 01f4 01       		.byte	1
 531 01f5 00       		.byte	0
 532 01f6 05       		.byte	5
 533 01f7 00       		.byte	0
 534 01f8 08       		.byte	8
 535 01f9 1C       		.byte	28
 536 01fa 00       		.byte	0
 537 01fb 1C       		.byte	28
 538 01fc 06       		.byte	6
 539 01fd 00       		.byte	0
 540 01fe 00       		.byte	0
 541 01ff 00       		.byte	0
 542 0200 00       		.byte	0
 543 0201 00       		.byte	0
 544 0202 00       		.byte	0
 545 0203 00       		.byte	0
 546 0204 00       		.byte	0
 547 0205 00       		.byte	0
 548 0206 00       		.byte	0
 549 0207 00       		.byte	0
 550 0208 00       		.byte	0
 551 0209 00       		.byte	0
 552 020a 00       		.byte	0
 553 020b 00       		.byte	0
 554 020c 00       		.byte	0
 555 020d 00       		.byte	0
 556 020e 00       		.byte	0
 557 020f 00       		.byte	0
 558 0210 00       		.byte	0
 559 0211 00       		.byte	0
 560 0212 00       		.byte	0
 561 0213 00       		.byte	0
 562 0214 00       		.byte	0
 563 0215 00       		.byte	0
 564 0216 00       		.byte	0
 565 0217 00       		.byte	0
 566 0218 00       		.byte	0
 567 0219 00       		.byte	0
 568 021a 00       		.byte	0
 569 021b 00       		.byte	0
 570 021c 00       		.byte	0
ARM GAS  C:\Users\Andreas\AppData\Local\Temp\ccy4Li5z.s 			page 11


 571 021d 00       		.byte	0
 572 021e 00       		.byte	0
 573 021f 00       		.byte	0
 574              		.section	.text.DSPinit,"ax",%progbits
 575              		.align	2
 576              		.global	DSPinit
 577              		.thumb
 578              		.thumb_func
 579              		.type	DSPinit, %function
 580              	DSPinit:
 581              	.LFB63:
 582              		.file 1 ".\\dsp.c"
   1:.\dsp.c       **** /*******************************************************************************
   2:.\dsp.c       **** * File Name: dsp.c
   3:.\dsp.c       **** *
   4:.\dsp.c       **** * Version: 1.0
   5:.\dsp.c       **** * Author: Lukas Creutzburg
   6:.\dsp.c       **** *
   7:.\dsp.c       **** * Description:
   8:.\dsp.c       **** *   Component sends data via SPI as Master
   9:.\dsp.c       **** *   Can send arrays
  10:.\dsp.c       **** *
  11:.\dsp.c       **** *******************************************************************************/
  12:.\dsp.c       **** 
  13:.\dsp.c       **** #include "dsp.h"
  14:.\dsp.c       **** 
  15:.\dsp.c       **** uint8 e2prom_hex[E2PROM_HEX_SIZE] = { 0x01 , 0x00 , 0x05 , 0x00 , 0x08 , 0x1C , 0x00 , 0x58 ,
  16:.\dsp.c       ****                                       0x03 , 0x03 , 0x03 , 0x03 , 0x03 , 0x03 , 0x03 , 0x03 ,
  17:.\dsp.c       ****                                       0x03 , 0x03 , 0x03 , 0x03 , 0x03 , 0x03 , 0x03 , 0x03 ,
  18:.\dsp.c       ****                                       0x03 , 0x03 , 0x01 , 0x00 , 0x23 , 0x00 , 0x08 , 0x00 ,
  19:.\dsp.c       ****                                       0x00 , 0x00 , 0x00 , 0x00 , 0x00 , 0x00 , 0x00 , 0x00 ,
  20:.\dsp.c       ****                                       0x00 , 0x00 , 0x00 , 0x00 , 0x00 , 0x00 , 0x00 , 0x00 ,
  21:.\dsp.c       ****                                       0x00 , 0x00 , 0x00 , 0x00 , 0x00 , 0x00 , 0x00 , 0x00 ,
  22:.\dsp.c       ****                                       0x00 , 0x00 , 0x00 , 0x00 , 0x00 , 0x00 , 0x00 , 0x00 ,
  23:.\dsp.c       ****                                       0x01 , 0x00 , 0x0B , 0x00 , 0x00 , 0x00 , 0x00 , 0x80 ,
  24:.\dsp.c       ****                                       0x00 , 0x00 , 0x00 , 0x80 , 0x00 , 0x00 , 0x01 , 0x01 ,
  25:.\dsp.c       ****                                       0x43 , 0x00 , 0x04 , 0x00 , 0x00 , 0x00 , 0x00 , 0x00 ,
  26:.\dsp.c       ****                                       0x01 , 0x00 , 0x00 , 0x00 , 0xE8 , 0x01 , 0x00 , 0x00 ,
  27:.\dsp.c       ****                                       0x00 , 0x00 , 0x01 , 0x00 , 0x08 , 0x00 , 0xE8 , 0x01 ,
  28:.\dsp.c       ****                                       0x00 , 0x02 , 0x00 , 0x20 , 0x01 , 0x00 , 0x10 , 0x00 ,
  29:.\dsp.c       ****                                       0xE2 , 0x01 , 0x00 , 0x00 , 0x00 , 0x00 , 0x01 , 0x00 ,
  30:.\dsp.c       ****                                       0x0A , 0x01 , 0x20 , 0x01 , 0x00 , 0x18 , 0x00 , 0xE2 ,
  31:.\dsp.c       ****                                       0x01 , 0x00 , 0x00 , 0x00 , 0x00 , 0x01 , 0x00 , 0x11 ,
  32:.\dsp.c       ****                                       0x08 , 0x20 , 0x01 , 0xFF , 0x68 , 0x00 , 0x02 , 0x01 ,
  33:.\dsp.c       ****                                       0x00 , 0x19 , 0x08 , 0x20 , 0x01 , 0xFF , 0x70 , 0x00 ,
  34:.\dsp.c       ****                                       0x02 , 0x01 , 0x00 , 0x00 , 0x00 , 0x00 , 0x01 , 0x00 ,
  35:.\dsp.c       ****                                       0x00 , 0x00 , 0x00 , 0x01 , 0x00 , 0x00 , 0x00 , 0x00 ,
  36:.\dsp.c       ****                                       0x01 , 0x00 , 0x00 , 0x00 , 0x00 , 0x01 , 0x00 , 0x00 ,
  37:.\dsp.c       ****                                       0x00 , 0x00 , 0x01 , 0x00 , 0x00 , 0x00 , 0x00 , 0x01 ,
  38:.\dsp.c       ****                                       0x00 , 0x00 , 0x00 , 0x00 , 0x01 , 0x00 , 0x00 , 0x00 ,
  39:.\dsp.c       ****                                       0x00 , 0x01 , 0x00 , 0x00 , 0x00 , 0x00 , 0x01 , 0x00 ,
  40:.\dsp.c       ****                                       0x00 , 0x00 , 0x00 , 0x01 , 0x00 , 0x00 , 0x00 , 0x00 ,
  41:.\dsp.c       ****                                       0x01 , 0x00 , 0x00 , 0x00 , 0x00 , 0x01 , 0x00 , 0x00 ,
  42:.\dsp.c       ****                                       0x00 , 0x00 , 0x01 , 0x00 , 0x00 , 0x00 , 0x00 , 0x01 ,
  43:.\dsp.c       ****                                       0x00 , 0x00 , 0x00 , 0x00 , 0x01 , 0x00 , 0x00 , 0x00 ,
  44:.\dsp.c       ****                                       0x00 , 0x01 , 0x00 , 0x00 , 0x00 , 0x00 , 0x01 , 0x00 ,
  45:.\dsp.c       ****                                       0x00 , 0x00 , 0x00 , 0x01 , 0x00 , 0x00 , 0x00 , 0x00 ,
ARM GAS  C:\Users\Andreas\AppData\Local\Temp\ccy4Li5z.s 			page 12


  46:.\dsp.c       ****                                       0x01 , 0x00 , 0x00 , 0x00 , 0x00 , 0x01 , 0x00 , 0x00 ,
  47:.\dsp.c       ****                                       0x00 , 0x00 , 0x01 , 0x00 , 0x00 , 0x00 , 0x00 , 0x01 ,
  48:.\dsp.c       ****                                       0x00 , 0x00 , 0x00 , 0x00 , 0x01 , 0x00 , 0x00 , 0x00 ,
  49:.\dsp.c       ****                                       0x00 , 0x01 , 0x00 , 0x00 , 0x00 , 0x00 , 0x01 , 0x00 ,
  50:.\dsp.c       ****                                       0x00 , 0x00 , 0x00 , 0x01 , 0x00 , 0x00 , 0x00 , 0x00 ,
  51:.\dsp.c       ****                                       0x01 , 0x00 , 0x00 , 0x00 , 0x00 , 0x01 , 0x00 , 0x00 ,
  52:.\dsp.c       ****                                       0x00 , 0x00 , 0x01 , 0x00 , 0x00 , 0x00 , 0x00 , 0x01 ,
  53:.\dsp.c       ****                                       0x00 , 0x00 , 0x00 , 0x00 , 0x01 , 0x00 , 0x00 , 0x00 ,
  54:.\dsp.c       ****                                       0x00 , 0x01 , 0x00 , 0x00 , 0x00 , 0x00 , 0x01 , 0x00 ,
  55:.\dsp.c       ****                                       0x00 , 0x00 , 0x00 , 0x01 , 0x00 , 0x00 , 0x00 , 0x00 ,
  56:.\dsp.c       ****                                       0x01 , 0x00 , 0x00 , 0x00 , 0x00 , 0x01 , 0x00 , 0x00 ,
  57:.\dsp.c       ****                                       0x00 , 0x00 , 0x01 , 0x00 , 0x00 , 0x00 , 0x00 , 0x01 ,
  58:.\dsp.c       ****                                       0x00 , 0x00 , 0x00 , 0x00 , 0x01 , 0x00 , 0x00 , 0x00 ,
  59:.\dsp.c       ****                                       0x00 , 0x01 , 0x00 , 0x00 , 0x00 , 0x00 , 0x01 , 0x00 ,
  60:.\dsp.c       ****                                       0x00 , 0x00 , 0x00 , 0x01 , 0x00 , 0x00 , 0x00 , 0x00 ,
  61:.\dsp.c       ****                                       0x01 , 0x00 , 0x00 , 0x00 , 0x00 , 0x01 , 0x00 , 0x00 ,
  62:.\dsp.c       ****                                       0x00 , 0x00 , 0x01 , 0x00 , 0x00 , 0x00 , 0x00 , 0x01 ,
  63:.\dsp.c       ****                                       0x00 , 0x00 , 0x00 , 0x00 , 0x01 , 0x00 , 0x00 , 0x00 ,
  64:.\dsp.c       ****                                       0x00 , 0x01 , 0x00 , 0x00 , 0x00 , 0x00 , 0x01 , 0x00 ,
  65:.\dsp.c       ****                                       0x00 , 0x00 , 0x00 , 0x01 , 0x01 , 0x00 , 0x05 , 0x00 ,
  66:.\dsp.c       ****                                       0x08 , 0x1C , 0x00 , 0x1C , 0x01 , 0x00 , 0x04 , 0x00 ,
  67:.\dsp.c       ****                                       0x08 , 0x1D , 0x08 , 0x01 , 0x00 , 0x05 , 0x00 , 0x08 ,
  68:.\dsp.c       ****                                       0x1E , 0x00 , 0x00 , 0x01 , 0x00 , 0x04 , 0x00 , 0x08 ,
  69:.\dsp.c       ****                                       0x1F , 0x00 , 0x01 , 0x00 , 0x06 , 0x00 , 0x08 , 0x20 ,
  70:.\dsp.c       ****                                       0x00 , 0x00 , 0x00 , 0x01 , 0x00 , 0x06 , 0x00 , 0x08 ,
  71:.\dsp.c       ****                                       0x21 , 0x00 , 0x00 , 0x00 , 0x01 , 0x00 , 0x05 , 0x00 ,
  72:.\dsp.c       ****                                       0x08 , 0x22 , 0x00 , 0x00 , 0x01 , 0x00 , 0x05 , 0x00 ,
  73:.\dsp.c       ****                                       0x08 , 0x23 , 0x00 , 0x00 , 0x01 , 0x00 , 0x05 , 0x00 ,
  74:.\dsp.c       ****                                       0x08 , 0x24 , 0x80 , 0x00 , 0x01 , 0x00 , 0x05 , 0x00 ,
  75:.\dsp.c       ****                                       0x08 , 0x25 , 0x00 , 0x00 , 0x01 , 0x00 , 0x05 , 0x00 ,
  76:.\dsp.c       ****                                       0x08 , 0x26 , 0x00 , 0x00 , 0x01 , 0x00 , 0x05 , 0x00 ,
  77:.\dsp.c       ****                                       0x08 , 0x27 , 0x00 , 0x01 , 0x01 , 0x00 , 0x05 , 0x00 ,
  78:.\dsp.c       ****                                       0x08 , 0x1C , 0x00 , 0x1C , 0x06 , 0x00 , 0x00 , 0x00 ,
  79:.\dsp.c       ****                                       0x00 , 0x00 , 0x00 , 0x00 , 0x00 , 0x00 , 0x00 , 0x00 ,
  80:.\dsp.c       ****                                       0x00 , 0x00 , 0x00 , 0x00 , 0x00 , 0x00 , 0x00 , 0x00 ,
  81:.\dsp.c       ****                                       0x00 , 0x00 , 0x00 , 0x00 , 0x00 , 0x00 , 0x00 , 0x00 ,
  82:.\dsp.c       ****                                       0x00 , 0x00 , 0x00 , 0x00 , 0x00 , 0x00 , 0x00 , 0x00
  83:.\dsp.c       ****                                     };
  84:.\dsp.c       **** 
  85:.\dsp.c       **** /*******************************************************************************
  86:.\dsp.c       **** * Function Name: DSPinit
  87:.\dsp.c       **** ********************************************************************************
  88:.\dsp.c       **** *
  89:.\dsp.c       **** * Summary:
  90:.\dsp.c       **** *  Initialize communication
  91:.\dsp.c       **** *
  92:.\dsp.c       **** * Parameters:
  93:.\dsp.c       **** *  None.
  94:.\dsp.c       **** *
  95:.\dsp.c       **** * Return:
  96:.\dsp.c       **** *  None.
  97:.\dsp.c       **** *
  98:.\dsp.c       **** *******************************************************************************/
  99:.\dsp.c       **** void DSPinit()
 100:.\dsp.c       **** {
 583              		.loc 1 100 0
 584              		.cfi_startproc
ARM GAS  C:\Users\Andreas\AppData\Local\Temp\ccy4Li5z.s 			page 13


 585              		@ args = 0, pretend = 0, frame = 16
 586              		@ frame_needed = 1, uses_anonymous_args = 0
 587 0000 80B5     		push	{r7, lr}
 588              		.cfi_def_cfa_offset 8
 589              		.cfi_offset 7, -8
 590              		.cfi_offset 14, -4
 591 0002 84B0     		sub	sp, sp, #16
 592              		.cfi_def_cfa_offset 24
 593 0004 00AF     		add	r7, sp, #0
 594              		.cfi_def_cfa_register 7
 101:.\dsp.c       ****     
 102:.\dsp.c       ****     /* SPI intialisieren */
 103:.\dsp.c       ****     SPIinit();
 595              		.loc 1 103 0
 596 0006 FFF7FEFF 		bl	SPIinit
 104:.\dsp.c       ****     CyDelay(22); /* warte auf Start des DSPs*/
 597              		.loc 1 104 0
 598 000a 1620     		movs	r0, #22
 599 000c FFF7FEFF 		bl	CyDelay
 105:.\dsp.c       ****     /* Umschalten des DSP von I2C auf SPI (3 mal dummy senden) */
 106:.\dsp.c       ****     SPIsendNumber((uint16)0x01);
 600              		.loc 1 106 0
 601 0010 0120     		movs	r0, #1
 602 0012 FFF7FEFF 		bl	SPIsendNumber
 107:.\dsp.c       ****     SPIsendNumber((uint16)0x01);
 603              		.loc 1 107 0
 604 0016 0120     		movs	r0, #1
 605 0018 FFF7FEFF 		bl	SPIsendNumber
 108:.\dsp.c       ****     SPIsendNumber((uint16)0x01);
 606              		.loc 1 108 0
 607 001c 0120     		movs	r0, #1
 608 001e FFF7FEFF 		bl	SPIsendNumber
 109:.\dsp.c       ****     CyDelay(10);    /* Warte auf DSP SPI Initialisierung*/
 609              		.loc 1 109 0
 610 0022 0A20     		movs	r0, #10
 611 0024 FFF7FEFF 		bl	CyDelay
 110:.\dsp.c       ****     
 111:.\dsp.c       ****     /* Schreiben des EEPROM zu Beginn */
 112:.\dsp.c       ****     uint16 sendArray[2];
 113:.\dsp.c       ****     uint16 address = 0;
 612              		.loc 1 113 0
 613 0028 0023     		movs	r3, #0
 614 002a FB81     		strh	r3, [r7, #14]	@ movhi
 114:.\dsp.c       ****     int i;
 115:.\dsp.c       ****     for(i=0;i<E2PROM_HEX_SIZE;i++)  /* Schreibe Programm in E2PROM */
 615              		.loc 1 115 0
 616 002c 0023     		movs	r3, #0
 617 002e BB60     		str	r3, [r7, #8]
 618 0030 1AE0     		b	.L2
 619              	.L3:
 116:.\dsp.c       ****     {
 117:.\dsp.c       ****         sendArray[0] = (CHIPADDRESS << 8) | (address >> 8);
 620              		.loc 1 117 0 discriminator 3
 621 0032 FB89     		ldrh	r3, [r7, #14]
 622 0034 1B0A     		lsrs	r3, r3, #8
 623 0036 9BB2     		uxth	r3, r3
 624 0038 BB80     		strh	r3, [r7, #4]	@ movhi
ARM GAS  C:\Users\Andreas\AppData\Local\Temp\ccy4Li5z.s 			page 14


 118:.\dsp.c       ****         sendArray[1] = (address << 8) | (e2prom_hex[i]);
 625              		.loc 1 118 0 discriminator 3
 626 003a FB89     		ldrh	r3, [r7, #14]
 627 003c 1B02     		lsls	r3, r3, #8
 628 003e 99B2     		uxth	r1, r3
 629 0040 134A     		ldr	r2, .L4
 630 0042 BB68     		ldr	r3, [r7, #8]
 631 0044 1344     		add	r3, r3, r2
 632 0046 1B78     		ldrb	r3, [r3]	@ zero_extendqisi2
 633 0048 9BB2     		uxth	r3, r3
 634 004a 0A46     		mov	r2, r1	@ movhi
 635 004c 1343     		orrs	r3, r3, r2
 636 004e 9BB2     		uxth	r3, r3
 637 0050 9BB2     		uxth	r3, r3
 638 0052 FB80     		strh	r3, [r7, #6]	@ movhi
 119:.\dsp.c       ****         SPIsendArray(sendArray);
 639              		.loc 1 119 0 discriminator 3
 640 0054 3B1D     		adds	r3, r7, #4
 641 0056 1846     		mov	r0, r3
 642 0058 FFF7FEFF 		bl	SPIsendArray
 120:.\dsp.c       ****         ++address;
 643              		.loc 1 120 0 discriminator 3
 644 005c FB89     		ldrh	r3, [r7, #14]	@ movhi
 645 005e 0133     		adds	r3, r3, #1
 646 0060 FB81     		strh	r3, [r7, #14]	@ movhi
 115:.\dsp.c       ****     {
 647              		.loc 1 115 0 discriminator 3
 648 0062 BB68     		ldr	r3, [r7, #8]
 649 0064 0133     		adds	r3, r3, #1
 650 0066 BB60     		str	r3, [r7, #8]
 651              	.L2:
 115:.\dsp.c       ****     {
 652              		.loc 1 115 0 is_stmt 0 discriminator 1
 653 0068 BB68     		ldr	r3, [r7, #8]
 654 006a B3F5087F 		cmp	r3, #544
 655 006e E0DB     		blt	.L3
 121:.\dsp.c       ****     }
 122:.\dsp.c       ****     
 123:.\dsp.c       ****     /*Starte DSP neu*/
 124:.\dsp.c       ****     DSP_reset_Write(1u);
 656              		.loc 1 124 0 is_stmt 1
 657 0070 0120     		movs	r0, #1
 658 0072 FFF7FEFF 		bl	DSP_reset_Write
 125:.\dsp.c       ****     CyDelay(1000);
 659              		.loc 1 125 0
 660 0076 4FF47A70 		mov	r0, #1000
 661 007a FFF7FEFF 		bl	CyDelay
 126:.\dsp.c       ****     DSP_reset_Write(0u);
 662              		.loc 1 126 0
 663 007e 0020     		movs	r0, #0
 664 0080 FFF7FEFF 		bl	DSP_reset_Write
 127:.\dsp.c       ****     
 128:.\dsp.c       ****     CyDelay(22); /*Warte auf Start des DSPs*/
 665              		.loc 1 128 0
 666 0084 1620     		movs	r0, #22
 667 0086 FFF7FEFF 		bl	CyDelay
 129:.\dsp.c       **** 
ARM GAS  C:\Users\Andreas\AppData\Local\Temp\ccy4Li5z.s 			page 15


 130:.\dsp.c       **** }
 668              		.loc 1 130 0
 669 008a 1037     		adds	r7, r7, #16
 670              		.cfi_def_cfa_offset 8
 671 008c BD46     		mov	sp, r7
 672              		.cfi_def_cfa_register 13
 673              		@ sp needed
 674 008e 80BD     		pop	{r7, pc}
 675              	.L5:
 676              		.align	2
 677              	.L4:
 678 0090 00000000 		.word	e2prom_hex
 679              		.cfi_endproc
 680              	.LFE63:
 681              		.size	DSPinit, .-DSPinit
 682              		.text
 683              	.Letext0:
 684              		.file 2 "c:\\program files (x86)\\cypress\\psoc creator\\3.3\\psoc creator\\import\\gnu\\arm\\4.9.
 685              		.file 3 "c:\\program files (x86)\\cypress\\psoc creator\\3.3\\psoc creator\\import\\gnu\\arm\\4.9.
 686              		.file 4 "Generated_Source\\PSoC5/cytypes.h"
 687              		.file 5 "Generated_Source\\PSoC5/core_cm3.h"
 688              		.file 6 ".\\spimaster.h"
 689              		.section	.debug_info,"",%progbits
 690              	.Ldebug_info0:
 691 0000 65010000 		.4byte	0x165
 692 0004 0400     		.2byte	0x4
 693 0006 00000000 		.4byte	.Ldebug_abbrev0
 694 000a 04       		.byte	0x4
 695 000b 01       		.uleb128 0x1
 696 000c E8000000 		.4byte	.LASF23
 697 0010 01       		.byte	0x1
 698 0011 73000000 		.4byte	.LASF24
 699 0015 89000000 		.4byte	.LASF25
 700 0019 00000000 		.4byte	.Ldebug_ranges0+0
 701 001d 00000000 		.4byte	0
 702 0021 00000000 		.4byte	.Ldebug_line0
 703 0025 02       		.uleb128 0x2
 704 0026 01       		.byte	0x1
 705 0027 06       		.byte	0x6
 706 0028 9C010000 		.4byte	.LASF0
 707 002c 02       		.uleb128 0x2
 708 002d 01       		.byte	0x1
 709 002e 08       		.byte	0x8
 710 002f 7B000000 		.4byte	.LASF1
 711 0033 02       		.uleb128 0x2
 712 0034 02       		.byte	0x2
 713 0035 05       		.byte	0x5
 714 0036 C3010000 		.4byte	.LASF2
 715 003a 02       		.uleb128 0x2
 716 003b 02       		.byte	0x2
 717 003c 07       		.byte	0x7
 718 003d 0E000000 		.4byte	.LASF3
 719 0041 03       		.uleb128 0x3
 720 0042 A8010000 		.4byte	.LASF9
 721 0046 02       		.byte	0x2
 722 0047 3F       		.byte	0x3f
 723 0048 4C000000 		.4byte	0x4c
ARM GAS  C:\Users\Andreas\AppData\Local\Temp\ccy4Li5z.s 			page 16


 724 004c 02       		.uleb128 0x2
 725 004d 04       		.byte	0x4
 726 004e 05       		.byte	0x5
 727 004f DF000000 		.4byte	.LASF4
 728 0053 02       		.uleb128 0x2
 729 0054 04       		.byte	0x4
 730 0055 07       		.byte	0x7
 731 0056 4A000000 		.4byte	.LASF5
 732 005a 02       		.uleb128 0x2
 733 005b 08       		.byte	0x8
 734 005c 05       		.byte	0x5
 735 005d 00000000 		.4byte	.LASF6
 736 0061 02       		.uleb128 0x2
 737 0062 08       		.byte	0x8
 738 0063 07       		.byte	0x7
 739 0064 5C000000 		.4byte	.LASF7
 740 0068 04       		.uleb128 0x4
 741 0069 04       		.byte	0x4
 742 006a 05       		.byte	0x5
 743 006b 696E7400 		.ascii	"int\000"
 744 006f 02       		.uleb128 0x2
 745 0070 04       		.byte	0x4
 746 0071 07       		.byte	0x7
 747 0072 21000000 		.4byte	.LASF8
 748 0076 03       		.uleb128 0x3
 749 0077 D4010000 		.4byte	.LASF10
 750 007b 03       		.byte	0x3
 751 007c 2C       		.byte	0x2c
 752 007d 41000000 		.4byte	0x41
 753 0081 05       		.uleb128 0x5
 754 0082 33000000 		.4byte	.LASF11
 755 0086 04       		.byte	0x4
 756 0087 3801     		.2byte	0x138
 757 0089 2C000000 		.4byte	0x2c
 758 008d 05       		.uleb128 0x5
 759 008e CD010000 		.4byte	.LASF12
 760 0092 04       		.byte	0x4
 761 0093 3901     		.2byte	0x139
 762 0095 3A000000 		.4byte	0x3a
 763 0099 02       		.uleb128 0x2
 764 009a 04       		.byte	0x4
 765 009b 04       		.byte	0x4
 766 009c B2010000 		.4byte	.LASF13
 767 00a0 02       		.uleb128 0x2
 768 00a1 08       		.byte	0x8
 769 00a2 04       		.byte	0x4
 770 00a3 7E010000 		.4byte	.LASF14
 771 00a7 02       		.uleb128 0x2
 772 00a8 01       		.byte	0x1
 773 00a9 08       		.byte	0x8
 774 00aa DA000000 		.4byte	.LASF15
 775 00ae 02       		.uleb128 0x2
 776 00af 04       		.byte	0x4
 777 00b0 07       		.byte	0x7
 778 00b1 DC010000 		.4byte	.LASF16
 779 00b5 06       		.uleb128 0x6
 780 00b6 76010000 		.4byte	.LASF26
ARM GAS  C:\Users\Andreas\AppData\Local\Temp\ccy4Li5z.s 			page 17


 781 00ba 01       		.byte	0x1
 782 00bb 63       		.byte	0x63
 783 00bc 00000000 		.4byte	.LFB63
 784 00c0 94000000 		.4byte	.LFE63-.LFB63
 785 00c4 01       		.uleb128 0x1
 786 00c5 9C       		.byte	0x9c
 787 00c6 F3000000 		.4byte	0xf3
 788 00ca 07       		.uleb128 0x7
 789 00cb 85010000 		.4byte	.LASF17
 790 00cf 01       		.byte	0x1
 791 00d0 70       		.byte	0x70
 792 00d1 F3000000 		.4byte	0xf3
 793 00d5 02       		.uleb128 0x2
 794 00d6 91       		.byte	0x91
 795 00d7 6C       		.sleb128 -20
 796 00d8 07       		.uleb128 0x7
 797 00d9 42000000 		.4byte	.LASF18
 798 00dd 01       		.byte	0x1
 799 00de 71       		.byte	0x71
 800 00df 8D000000 		.4byte	0x8d
 801 00e3 02       		.uleb128 0x2
 802 00e4 91       		.byte	0x91
 803 00e5 76       		.sleb128 -10
 804 00e6 08       		.uleb128 0x8
 805 00e7 6900     		.ascii	"i\000"
 806 00e9 01       		.byte	0x1
 807 00ea 72       		.byte	0x72
 808 00eb 68000000 		.4byte	0x68
 809 00ef 02       		.uleb128 0x2
 810 00f0 91       		.byte	0x91
 811 00f1 70       		.sleb128 -16
 812 00f2 00       		.byte	0
 813 00f3 09       		.uleb128 0x9
 814 00f4 8D000000 		.4byte	0x8d
 815 00f8 03010000 		.4byte	0x103
 816 00fc 0A       		.uleb128 0xa
 817 00fd AE000000 		.4byte	0xae
 818 0101 01       		.byte	0x1
 819 0102 00       		.byte	0
 820 0103 0B       		.uleb128 0xb
 821 0104 8F010000 		.4byte	.LASF19
 822 0108 05       		.byte	0x5
 823 0109 5506     		.2byte	0x655
 824 010b 0F010000 		.4byte	0x10f
 825 010f 0C       		.uleb128 0xc
 826 0110 76000000 		.4byte	0x76
 827 0114 09       		.uleb128 0x9
 828 0115 81000000 		.4byte	0x81
 829 0119 24010000 		.4byte	0x124
 830 011d 0A       		.uleb128 0xa
 831 011e AE000000 		.4byte	0xae
 832 0122 3F       		.byte	0x3f
 833 0123 00       		.byte	0
 834 0124 0D       		.uleb128 0xd
 835 0125 39000000 		.4byte	.LASF20
 836 0129 06       		.byte	0x6
 837 012a 24       		.byte	0x24
ARM GAS  C:\Users\Andreas\AppData\Local\Temp\ccy4Li5z.s 			page 18


 838 012b 14010000 		.4byte	0x114
 839 012f 05       		.uleb128 0x5
 840 0130 03       		.byte	0x3
 841 0131 00000000 		.4byte	wrBuffer
 842 0135 0D       		.uleb128 0xd
 843 0136 2E000000 		.4byte	.LASF21
 844 013a 06       		.byte	0x6
 845 013b 25       		.byte	0x25
 846 013c 81000000 		.4byte	0x81
 847 0140 05       		.uleb128 0x5
 848 0141 03       		.byte	0x3
 849 0142 00000000 		.4byte	temp
 850 0146 09       		.uleb128 0x9
 851 0147 81000000 		.4byte	0x81
 852 014b 57010000 		.4byte	0x157
 853 014f 0E       		.uleb128 0xe
 854 0150 AE000000 		.4byte	0xae
 855 0154 1F02     		.2byte	0x21f
 856 0156 00       		.byte	0
 857 0157 0D       		.uleb128 0xd
 858 0158 B8010000 		.4byte	.LASF22
 859 015c 01       		.byte	0x1
 860 015d 0F       		.byte	0xf
 861 015e 46010000 		.4byte	0x146
 862 0162 05       		.uleb128 0x5
 863 0163 03       		.byte	0x3
 864 0164 00000000 		.4byte	e2prom_hex
 865 0168 00       		.byte	0
 866              		.section	.debug_abbrev,"",%progbits
 867              	.Ldebug_abbrev0:
 868 0000 01       		.uleb128 0x1
 869 0001 11       		.uleb128 0x11
 870 0002 01       		.byte	0x1
 871 0003 25       		.uleb128 0x25
 872 0004 0E       		.uleb128 0xe
 873 0005 13       		.uleb128 0x13
 874 0006 0B       		.uleb128 0xb
 875 0007 03       		.uleb128 0x3
 876 0008 0E       		.uleb128 0xe
 877 0009 1B       		.uleb128 0x1b
 878 000a 0E       		.uleb128 0xe
 879 000b 55       		.uleb128 0x55
 880 000c 17       		.uleb128 0x17
 881 000d 11       		.uleb128 0x11
 882 000e 01       		.uleb128 0x1
 883 000f 10       		.uleb128 0x10
 884 0010 17       		.uleb128 0x17
 885 0011 00       		.byte	0
 886 0012 00       		.byte	0
 887 0013 02       		.uleb128 0x2
 888 0014 24       		.uleb128 0x24
 889 0015 00       		.byte	0
 890 0016 0B       		.uleb128 0xb
 891 0017 0B       		.uleb128 0xb
 892 0018 3E       		.uleb128 0x3e
 893 0019 0B       		.uleb128 0xb
 894 001a 03       		.uleb128 0x3
ARM GAS  C:\Users\Andreas\AppData\Local\Temp\ccy4Li5z.s 			page 19


 895 001b 0E       		.uleb128 0xe
 896 001c 00       		.byte	0
 897 001d 00       		.byte	0
 898 001e 03       		.uleb128 0x3
 899 001f 16       		.uleb128 0x16
 900 0020 00       		.byte	0
 901 0021 03       		.uleb128 0x3
 902 0022 0E       		.uleb128 0xe
 903 0023 3A       		.uleb128 0x3a
 904 0024 0B       		.uleb128 0xb
 905 0025 3B       		.uleb128 0x3b
 906 0026 0B       		.uleb128 0xb
 907 0027 49       		.uleb128 0x49
 908 0028 13       		.uleb128 0x13
 909 0029 00       		.byte	0
 910 002a 00       		.byte	0
 911 002b 04       		.uleb128 0x4
 912 002c 24       		.uleb128 0x24
 913 002d 00       		.byte	0
 914 002e 0B       		.uleb128 0xb
 915 002f 0B       		.uleb128 0xb
 916 0030 3E       		.uleb128 0x3e
 917 0031 0B       		.uleb128 0xb
 918 0032 03       		.uleb128 0x3
 919 0033 08       		.uleb128 0x8
 920 0034 00       		.byte	0
 921 0035 00       		.byte	0
 922 0036 05       		.uleb128 0x5
 923 0037 16       		.uleb128 0x16
 924 0038 00       		.byte	0
 925 0039 03       		.uleb128 0x3
 926 003a 0E       		.uleb128 0xe
 927 003b 3A       		.uleb128 0x3a
 928 003c 0B       		.uleb128 0xb
 929 003d 3B       		.uleb128 0x3b
 930 003e 05       		.uleb128 0x5
 931 003f 49       		.uleb128 0x49
 932 0040 13       		.uleb128 0x13
 933 0041 00       		.byte	0
 934 0042 00       		.byte	0
 935 0043 06       		.uleb128 0x6
 936 0044 2E       		.uleb128 0x2e
 937 0045 01       		.byte	0x1
 938 0046 3F       		.uleb128 0x3f
 939 0047 19       		.uleb128 0x19
 940 0048 03       		.uleb128 0x3
 941 0049 0E       		.uleb128 0xe
 942 004a 3A       		.uleb128 0x3a
 943 004b 0B       		.uleb128 0xb
 944 004c 3B       		.uleb128 0x3b
 945 004d 0B       		.uleb128 0xb
 946 004e 11       		.uleb128 0x11
 947 004f 01       		.uleb128 0x1
 948 0050 12       		.uleb128 0x12
 949 0051 06       		.uleb128 0x6
 950 0052 40       		.uleb128 0x40
 951 0053 18       		.uleb128 0x18
ARM GAS  C:\Users\Andreas\AppData\Local\Temp\ccy4Li5z.s 			page 20


 952 0054 9642     		.uleb128 0x2116
 953 0056 19       		.uleb128 0x19
 954 0057 01       		.uleb128 0x1
 955 0058 13       		.uleb128 0x13
 956 0059 00       		.byte	0
 957 005a 00       		.byte	0
 958 005b 07       		.uleb128 0x7
 959 005c 34       		.uleb128 0x34
 960 005d 00       		.byte	0
 961 005e 03       		.uleb128 0x3
 962 005f 0E       		.uleb128 0xe
 963 0060 3A       		.uleb128 0x3a
 964 0061 0B       		.uleb128 0xb
 965 0062 3B       		.uleb128 0x3b
 966 0063 0B       		.uleb128 0xb
 967 0064 49       		.uleb128 0x49
 968 0065 13       		.uleb128 0x13
 969 0066 02       		.uleb128 0x2
 970 0067 18       		.uleb128 0x18
 971 0068 00       		.byte	0
 972 0069 00       		.byte	0
 973 006a 08       		.uleb128 0x8
 974 006b 34       		.uleb128 0x34
 975 006c 00       		.byte	0
 976 006d 03       		.uleb128 0x3
 977 006e 08       		.uleb128 0x8
 978 006f 3A       		.uleb128 0x3a
 979 0070 0B       		.uleb128 0xb
 980 0071 3B       		.uleb128 0x3b
 981 0072 0B       		.uleb128 0xb
 982 0073 49       		.uleb128 0x49
 983 0074 13       		.uleb128 0x13
 984 0075 02       		.uleb128 0x2
 985 0076 18       		.uleb128 0x18
 986 0077 00       		.byte	0
 987 0078 00       		.byte	0
 988 0079 09       		.uleb128 0x9
 989 007a 01       		.uleb128 0x1
 990 007b 01       		.byte	0x1
 991 007c 49       		.uleb128 0x49
 992 007d 13       		.uleb128 0x13
 993 007e 01       		.uleb128 0x1
 994 007f 13       		.uleb128 0x13
 995 0080 00       		.byte	0
 996 0081 00       		.byte	0
 997 0082 0A       		.uleb128 0xa
 998 0083 21       		.uleb128 0x21
 999 0084 00       		.byte	0
 1000 0085 49       		.uleb128 0x49
 1001 0086 13       		.uleb128 0x13
 1002 0087 2F       		.uleb128 0x2f
 1003 0088 0B       		.uleb128 0xb
 1004 0089 00       		.byte	0
 1005 008a 00       		.byte	0
 1006 008b 0B       		.uleb128 0xb
 1007 008c 34       		.uleb128 0x34
 1008 008d 00       		.byte	0
ARM GAS  C:\Users\Andreas\AppData\Local\Temp\ccy4Li5z.s 			page 21


 1009 008e 03       		.uleb128 0x3
 1010 008f 0E       		.uleb128 0xe
 1011 0090 3A       		.uleb128 0x3a
 1012 0091 0B       		.uleb128 0xb
 1013 0092 3B       		.uleb128 0x3b
 1014 0093 05       		.uleb128 0x5
 1015 0094 49       		.uleb128 0x49
 1016 0095 13       		.uleb128 0x13
 1017 0096 3F       		.uleb128 0x3f
 1018 0097 19       		.uleb128 0x19
 1019 0098 3C       		.uleb128 0x3c
 1020 0099 19       		.uleb128 0x19
 1021 009a 00       		.byte	0
 1022 009b 00       		.byte	0
 1023 009c 0C       		.uleb128 0xc
 1024 009d 35       		.uleb128 0x35
 1025 009e 00       		.byte	0
 1026 009f 49       		.uleb128 0x49
 1027 00a0 13       		.uleb128 0x13
 1028 00a1 00       		.byte	0
 1029 00a2 00       		.byte	0
 1030 00a3 0D       		.uleb128 0xd
 1031 00a4 34       		.uleb128 0x34
 1032 00a5 00       		.byte	0
 1033 00a6 03       		.uleb128 0x3
 1034 00a7 0E       		.uleb128 0xe
 1035 00a8 3A       		.uleb128 0x3a
 1036 00a9 0B       		.uleb128 0xb
 1037 00aa 3B       		.uleb128 0x3b
 1038 00ab 0B       		.uleb128 0xb
 1039 00ac 49       		.uleb128 0x49
 1040 00ad 13       		.uleb128 0x13
 1041 00ae 3F       		.uleb128 0x3f
 1042 00af 19       		.uleb128 0x19
 1043 00b0 02       		.uleb128 0x2
 1044 00b1 18       		.uleb128 0x18
 1045 00b2 00       		.byte	0
 1046 00b3 00       		.byte	0
 1047 00b4 0E       		.uleb128 0xe
 1048 00b5 21       		.uleb128 0x21
 1049 00b6 00       		.byte	0
 1050 00b7 49       		.uleb128 0x49
 1051 00b8 13       		.uleb128 0x13
 1052 00b9 2F       		.uleb128 0x2f
 1053 00ba 05       		.uleb128 0x5
 1054 00bb 00       		.byte	0
 1055 00bc 00       		.byte	0
 1056 00bd 00       		.byte	0
 1057              		.section	.debug_aranges,"",%progbits
 1058 0000 1C000000 		.4byte	0x1c
 1059 0004 0200     		.2byte	0x2
 1060 0006 00000000 		.4byte	.Ldebug_info0
 1061 000a 04       		.byte	0x4
 1062 000b 00       		.byte	0
 1063 000c 0000     		.2byte	0
 1064 000e 0000     		.2byte	0
 1065 0010 00000000 		.4byte	.LFB63
ARM GAS  C:\Users\Andreas\AppData\Local\Temp\ccy4Li5z.s 			page 22


 1066 0014 94000000 		.4byte	.LFE63-.LFB63
 1067 0018 00000000 		.4byte	0
 1068 001c 00000000 		.4byte	0
 1069              		.section	.debug_ranges,"",%progbits
 1070              	.Ldebug_ranges0:
 1071 0000 00000000 		.4byte	.LFB63
 1072 0004 94000000 		.4byte	.LFE63
 1073 0008 00000000 		.4byte	0
 1074 000c 00000000 		.4byte	0
 1075              		.section	.debug_line,"",%progbits
 1076              	.Ldebug_line0:
 1077 0000 9E010000 		.section	.debug_str,"MS",%progbits,1
 1077      02005901 
 1077      00000201 
 1077      FB0E0D00 
 1077      01010101 
 1078              	.LASF6:
 1079 0000 6C6F6E67 		.ascii	"long long int\000"
 1079      206C6F6E 
 1079      6720696E 
 1079      7400
 1080              	.LASF3:
 1081 000e 73686F72 		.ascii	"short unsigned int\000"
 1081      7420756E 
 1081      7369676E 
 1081      65642069 
 1081      6E7400
 1082              	.LASF8:
 1083 0021 756E7369 		.ascii	"unsigned int\000"
 1083      676E6564 
 1083      20696E74 
 1083      00
 1084              	.LASF21:
 1085 002e 74656D70 		.ascii	"temp\000"
 1085      00
 1086              	.LASF11:
 1087 0033 75696E74 		.ascii	"uint8\000"
 1087      3800
 1088              	.LASF20:
 1089 0039 77724275 		.ascii	"wrBuffer\000"
 1089      66666572 
 1089      00
 1090              	.LASF18:
 1091 0042 61646472 		.ascii	"address\000"
 1091      65737300 
 1092              	.LASF5:
 1093 004a 6C6F6E67 		.ascii	"long unsigned int\000"
 1093      20756E73 
 1093      69676E65 
 1093      6420696E 
 1093      7400
 1094              	.LASF7:
 1095 005c 6C6F6E67 		.ascii	"long long unsigned int\000"
 1095      206C6F6E 
 1095      6720756E 
 1095      7369676E 
 1095      65642069 
ARM GAS  C:\Users\Andreas\AppData\Local\Temp\ccy4Li5z.s 			page 23


 1096              	.LASF24:
 1097 0073 2E5C6473 		.ascii	".\\dsp.c\000"
 1097      702E6300 
 1098              	.LASF1:
 1099 007b 756E7369 		.ascii	"unsigned char\000"
 1099      676E6564 
 1099      20636861 
 1099      7200
 1100              	.LASF25:
 1101 0089 433A5C55 		.ascii	"C:\\Users\\Andreas\\Documents\\VR Projekt\\freeDSPP"
 1101      73657273 
 1101      5C416E64 
 1101      72656173 
 1101      5C446F63 
 1102 00b7 536F432D 		.ascii	"SoC-I2C\\PSoC5_SPI_Master_DSP.cydsn\000"
 1102      4932435C 
 1102      50536F43 
 1102      355F5350 
 1102      495F4D61 
 1103              	.LASF15:
 1104 00da 63686172 		.ascii	"char\000"
 1104      00
 1105              	.LASF4:
 1106 00df 6C6F6E67 		.ascii	"long int\000"
 1106      20696E74 
 1106      00
 1107              	.LASF23:
 1108 00e8 474E5520 		.ascii	"GNU C 4.9.3 20150303 (release) [ARM/embedded-4_9-br"
 1108      4320342E 
 1108      392E3320 
 1108      32303135 
 1108      30333033 
 1109 011b 616E6368 		.ascii	"anch revision 221220] -mcpu=cortex-m3 -mthumb -g -O"
 1109      20726576 
 1109      6973696F 
 1109      6E203232 
 1109      31323230 
 1110 014e 30202D66 		.ascii	"0 -ffunction-sections -ffat-lto-objects\000"
 1110      66756E63 
 1110      74696F6E 
 1110      2D736563 
 1110      74696F6E 
 1111              	.LASF26:
 1112 0176 44535069 		.ascii	"DSPinit\000"
 1112      6E697400 
 1113              	.LASF14:
 1114 017e 646F7562 		.ascii	"double\000"
 1114      6C6500
 1115              	.LASF17:
 1116 0185 73656E64 		.ascii	"sendArray\000"
 1116      41727261 
 1116      7900
 1117              	.LASF19:
 1118 018f 49544D5F 		.ascii	"ITM_RxBuffer\000"
 1118      52784275 
 1118      66666572 
 1118      00
ARM GAS  C:\Users\Andreas\AppData\Local\Temp\ccy4Li5z.s 			page 24


 1119              	.LASF0:
 1120 019c 7369676E 		.ascii	"signed char\000"
 1120      65642063 
 1120      68617200 
 1121              	.LASF9:
 1122 01a8 5F5F696E 		.ascii	"__int32_t\000"
 1122      7433325F 
 1122      7400
 1123              	.LASF13:
 1124 01b2 666C6F61 		.ascii	"float\000"
 1124      7400
 1125              	.LASF22:
 1126 01b8 65327072 		.ascii	"e2prom_hex\000"
 1126      6F6D5F68 
 1126      657800
 1127              	.LASF2:
 1128 01c3 73686F72 		.ascii	"short int\000"
 1128      7420696E 
 1128      7400
 1129              	.LASF12:
 1130 01cd 75696E74 		.ascii	"uint16\000"
 1130      313600
 1131              	.LASF10:
 1132 01d4 696E7433 		.ascii	"int32_t\000"
 1132      325F7400 
 1133              	.LASF16:
 1134 01dc 73697A65 		.ascii	"sizetype\000"
 1134      74797065 
 1134      00
 1135              		.ident	"GCC: (GNU Tools for ARM Embedded Processors) 4.9.3 20150303 (release) [ARM/embedded-4_9-br
