ARM GAS  C:\Users\LUKASC~1\AppData\Local\Temp\ccyN5Vyn.s 			page 1


   1              		.syntax unified
   2              		.cpu cortex-m3
   3              		.fpu softvfp
   4              		.eabi_attribute 20, 1
   5              		.eabi_attribute 21, 1
   6              		.eabi_attribute 23, 3
   7              		.eabi_attribute 24, 1
   8              		.eabi_attribute 25, 1
   9              		.eabi_attribute 26, 1
  10              		.eabi_attribute 30, 6
  11              		.eabi_attribute 34, 1
  12              		.eabi_attribute 18, 4
  13              		.thumb
  14              		.file	"uart.c"
  15              		.text
  16              	.Ltext0:
  17              		.cfi_sections	.debug_frame
  18              		.global _printf_float
  19              		.thumb
  20              		.global	parity
  21              		.section	.rodata
  22              		.align	2
  23              	.LC0:
  24 0000 4E6F6E65 		.ascii	"None\000"
  24      00
  25 0005 000000   		.align	2
  26              	.LC1:
  27 0008 4F646400 		.ascii	"Odd\000"
  28              		.align	2
  29              	.LC2:
  30 000c 4576656E 		.ascii	"Even\000"
  30      00
  31 0011 000000   		.align	2
  32              	.LC3:
  33 0014 4D61726B 		.ascii	"Mark\000"
  33      00
  34 0019 000000   		.align	2
  35              	.LC4:
  36 001c 53706163 		.ascii	"Space\000"
  36      6500
  37              		.data
  38              		.align	2
  39              		.type	parity, %object
  40              		.size	parity, 20
  41              	parity:
  42 0000 00000000 		.word	.LC0
  43 0004 08000000 		.word	.LC1
  44 0008 0C000000 		.word	.LC2
  45 000c 14000000 		.word	.LC3
  46 0010 1C000000 		.word	.LC4
  47              		.global	stop
  48              		.section	.rodata
  49 0022 0000     		.align	2
  50              	.LC5:
  51 0024 3100     		.ascii	"1\000"
  52 0026 0000     		.align	2
  53              	.LC6:
ARM GAS  C:\Users\LUKASC~1\AppData\Local\Temp\ccyN5Vyn.s 			page 2


  54 0028 312E3500 		.ascii	"1.5\000"
  55              		.align	2
  56              	.LC7:
  57 002c 3200     		.ascii	"2\000"
  58              		.data
  59              		.align	2
  60              		.type	stop, %object
  61              		.size	stop, 12
  62              	stop:
  63 0014 24000000 		.word	.LC5
  64 0018 28000000 		.word	.LC6
  65 001c 2C000000 		.word	.LC7
  66              		.section	.text.UARTinit,"ax",%progbits
  67              		.align	2
  68              		.global	UARTinit
  69              		.thumb
  70              		.thumb_func
  71              		.type	UARTinit, %function
  72              	UARTinit:
  73              	.LFB63:
  74              		.file 1 ".\\uart.c"
   1:.\uart.c      **** /*******************************************************************************
   2:.\uart.c      **** * File Name: uart.c
   3:.\uart.c      **** *
   4:.\uart.c      **** * Version: 1.0
   5:.\uart.c      **** * Author: Lukas Creutzburg
   6:.\uart.c      **** *
   7:.\uart.c      **** * Description:
   8:.\uart.c      **** *   Component sends data via UART
   9:.\uart.c      **** *
  10:.\uart.c      **** *******************************************************************************/
  11:.\uart.c      **** 
  12:.\uart.c      **** #include "uart.h"
  13:.\uart.c      **** 
  14:.\uart.c      **** char8* parity[] = {"None", "Odd", "Even", "Mark", "Space"};
  15:.\uart.c      **** char8* stop[]   = {"1", "1.5", "2"};
  16:.\uart.c      **** 
  17:.\uart.c      **** /*******************************************************************************
  18:.\uart.c      **** * Function Name: main
  19:.\uart.c      **** ********************************************************************************
  20:.\uart.c      **** *
  21:.\uart.c      **** * Summary:
  22:.\uart.c      **** *  Initialize communication
  23:.\uart.c      **** *
  24:.\uart.c      **** * Parameters:
  25:.\uart.c      **** *  None.
  26:.\uart.c      **** *
  27:.\uart.c      **** * Return:
  28:.\uart.c      **** *  None.
  29:.\uart.c      **** *
  30:.\uart.c      **** *******************************************************************************/
  31:.\uart.c      **** void UARTinit()
  32:.\uart.c      **** {
  75              		.loc 1 32 0
  76              		.cfi_startproc
  77              		@ args = 0, pretend = 0, frame = 0
  78              		@ frame_needed = 1, uses_anonymous_args = 0
ARM GAS  C:\Users\LUKASC~1\AppData\Local\Temp\ccyN5Vyn.s 			page 3


  79 0000 80B5     		push	{r7, lr}
  80              		.cfi_def_cfa_offset 8
  81              		.cfi_offset 7, -8
  82              		.cfi_offset 14, -4
  83 0002 00AF     		add	r7, sp, #0
  84              		.cfi_def_cfa_register 7
  33:.\uart.c      ****     /* Start USBFS operation with 5-V operation. */
  34:.\uart.c      ****     USBUART_Start(USBFS_DEVICE, USBUART_5V_OPERATION); 
  85              		.loc 1 34 0
  86 0004 0020     		movs	r0, #0
  87 0006 0121     		movs	r1, #1
  88 0008 FFF7FEFF 		bl	USBUART_Start
  35:.\uart.c      **** }
  89              		.loc 1 35 0
  90 000c 80BD     		pop	{r7, pc}
  91              		.cfi_endproc
  92              	.LFE63:
  93              		.size	UARTinit, .-UARTinit
  94 000e 00BF     		.section	.text.UARTsendString,"ax",%progbits
  95              		.align	2
  96              		.global	UARTsendString
  97              		.thumb
  98              		.thumb_func
  99              		.type	UARTsendString, %function
 100              	UARTsendString:
 101              	.LFB64:
  36:.\uart.c      **** 
  37:.\uart.c      **** /*******************************************************************************
  38:.\uart.c      **** * Function Name: UARTsendString
  39:.\uart.c      **** ********************************************************************************
  40:.\uart.c      **** *
  41:.\uart.c      **** * Summary:
  42:.\uart.c      **** *  Sending a string via UART
  43:.\uart.c      **** *
  44:.\uart.c      **** * Parameters:
  45:.\uart.c      **** *  char string[]
  46:.\uart.c      **** *
  47:.\uart.c      **** * Return:
  48:.\uart.c      **** *  None.
  49:.\uart.c      **** *
  50:.\uart.c      **** *******************************************************************************/
  51:.\uart.c      **** void UARTsendString(char string[])
  52:.\uart.c      **** {
 102              		.loc 1 52 0
 103              		.cfi_startproc
 104              		@ args = 0, pretend = 0, frame = 8
 105              		@ frame_needed = 1, uses_anonymous_args = 0
 106 0000 80B5     		push	{r7, lr}
 107              		.cfi_def_cfa_offset 8
 108              		.cfi_offset 7, -8
 109              		.cfi_offset 14, -4
 110 0002 82B0     		sub	sp, sp, #8
 111              		.cfi_def_cfa_offset 16
 112 0004 00AF     		add	r7, sp, #0
 113              		.cfi_def_cfa_register 7
 114 0006 7860     		str	r0, [r7, #4]
  53:.\uart.c      ****     /* Host can send double SET_INTERFACE request. */
ARM GAS  C:\Users\LUKASC~1\AppData\Local\Temp\ccyN5Vyn.s 			page 4


  54:.\uart.c      ****     if (0u != USBUART_IsConfigurationChanged())
 115              		.loc 1 54 0
 116 0008 FFF7FEFF 		bl	USBUART_IsConfigurationChanged
 117 000c 0346     		mov	r3, r0
 118 000e 002B     		cmp	r3, #0
 119 0010 06D0     		beq	.L3
  55:.\uart.c      ****     {
  56:.\uart.c      ****         /* Initialize IN endpoints when device is configured. */
  57:.\uart.c      ****         if (0u != USBUART_GetConfiguration())
 120              		.loc 1 57 0
 121 0012 FFF7FEFF 		bl	USBUART_GetConfiguration
 122 0016 0346     		mov	r3, r0
 123 0018 002B     		cmp	r3, #0
 124 001a 01D0     		beq	.L3
  58:.\uart.c      ****         {
  59:.\uart.c      ****             /* Enumeration is done, enable OUT endpoint to receive data 
  60:.\uart.c      ****              * from host. */
  61:.\uart.c      ****             USBUART_CDC_Init();
 125              		.loc 1 61 0
 126 001c FFF7FEFF 		bl	USBUART_CDC_Init
 127              	.L3:
  62:.\uart.c      ****         }
  63:.\uart.c      ****     }
  64:.\uart.c      **** 
  65:.\uart.c      ****     /* Service USB CDC when device is configured. */
  66:.\uart.c      ****     if (0u != USBUART_GetConfiguration())
 128              		.loc 1 66 0
 129 0020 FFF7FEFF 		bl	USBUART_GetConfiguration
 130 0024 0346     		mov	r3, r0
 131 0026 002B     		cmp	r3, #0
 132 0028 08D0     		beq	.L2
  67:.\uart.c      ****     {
  68:.\uart.c      ****         /* Wait until component is ready to send data to host. */
  69:.\uart.c      ****         while (0u == USBUART_CDCIsReady())
 133              		.loc 1 69 0
 134 002a 00BF     		nop
 135              	.L5:
 136              		.loc 1 69 0 is_stmt 0 discriminator 1
 137 002c FFF7FEFF 		bl	USBUART_CDCIsReady
 138 0030 0346     		mov	r3, r0
 139 0032 002B     		cmp	r3, #0
 140 0034 FAD0     		beq	.L5
  70:.\uart.c      ****         {
  71:.\uart.c      ****         }
  72:.\uart.c      **** 
  73:.\uart.c      ****         /* Send data back to host. */
  74:.\uart.c      ****         //USBUART_PutData(buffer, count);
  75:.\uart.c      ****         USBUART_PutString(string);       
 141              		.loc 1 75 0 is_stmt 1
 142 0036 7868     		ldr	r0, [r7, #4]
 143 0038 FFF7FEFF 		bl	USBUART_PutString
 144              	.L2:
  76:.\uart.c      ****     }
  77:.\uart.c      **** }
 145              		.loc 1 77 0
 146 003c 0837     		adds	r7, r7, #8
 147              		.cfi_def_cfa_offset 8
ARM GAS  C:\Users\LUKASC~1\AppData\Local\Temp\ccyN5Vyn.s 			page 5


 148 003e BD46     		mov	sp, r7
 149              		.cfi_def_cfa_register 13
 150              		@ sp needed
 151 0040 80BD     		pop	{r7, pc}
 152              		.cfi_endproc
 153              	.LFE64:
 154              		.size	UARTsendString, .-UARTsendString
 155 0042 00BF     		.section	.rodata
 156 002e 0000     		.align	2
 157              	.LC8:
 158 0030 256C7500 		.ascii	"%lu\000"
 159              		.section	.text.UARTsendNumber,"ax",%progbits
 160              		.align	2
 161              		.global	UARTsendNumber
 162              		.thumb
 163              		.thumb_func
 164              		.type	UARTsendNumber, %function
 165              	UARTsendNumber:
 166              	.LFB65:
  78:.\uart.c      **** 
  79:.\uart.c      **** /*******************************************************************************
  80:.\uart.c      **** * Function Name: UARTsendNumber
  81:.\uart.c      **** ********************************************************************************
  82:.\uart.c      **** *
  83:.\uart.c      **** * Summary:
  84:.\uart.c      **** *  Sending a number via UART
  85:.\uart.c      **** *
  86:.\uart.c      **** * Parameters:
  87:.\uart.c      **** *  char string[]
  88:.\uart.c      **** *
  89:.\uart.c      **** * Return:
  90:.\uart.c      **** *  None.
  91:.\uart.c      **** *
  92:.\uart.c      **** *******************************************************************************/
  93:.\uart.c      **** void UARTsendNumber(uint32 number)
  94:.\uart.c      **** {
 167              		.loc 1 94 0
 168              		.cfi_startproc
 169              		@ args = 0, pretend = 0, frame = 64
 170              		@ frame_needed = 1, uses_anonymous_args = 0
 171 0000 80B5     		push	{r7, lr}
 172              		.cfi_def_cfa_offset 8
 173              		.cfi_offset 7, -8
 174              		.cfi_offset 14, -4
 175 0002 90B0     		sub	sp, sp, #64
 176              		.cfi_def_cfa_offset 72
 177 0004 00AF     		add	r7, sp, #0
 178              		.cfi_def_cfa_register 7
 179 0006 7860     		str	r0, [r7, #4]
  95:.\uart.c      ****     /* Host can send double SET_INTERFACE request. */
  96:.\uart.c      ****     if (0u != USBUART_IsConfigurationChanged())
 180              		.loc 1 96 0
 181 0008 FFF7FEFF 		bl	USBUART_IsConfigurationChanged
 182 000c 0346     		mov	r3, r0
 183 000e 002B     		cmp	r3, #0
 184 0010 06D0     		beq	.L7
  97:.\uart.c      ****     {
ARM GAS  C:\Users\LUKASC~1\AppData\Local\Temp\ccyN5Vyn.s 			page 6


  98:.\uart.c      ****         /* Initialize IN endpoints when device is configured. */
  99:.\uart.c      ****         if (0u != USBUART_GetConfiguration())
 185              		.loc 1 99 0
 186 0012 FFF7FEFF 		bl	USBUART_GetConfiguration
 187 0016 0346     		mov	r3, r0
 188 0018 002B     		cmp	r3, #0
 189 001a 01D0     		beq	.L7
 100:.\uart.c      ****         {
 101:.\uart.c      ****             /* Enumeration is done, enable OUT endpoint to receive data 
 102:.\uart.c      ****              * from host. */
 103:.\uart.c      ****             USBUART_CDC_Init();
 190              		.loc 1 103 0
 191 001c FFF7FEFF 		bl	USBUART_CDC_Init
 192              	.L7:
 104:.\uart.c      ****         }
 105:.\uart.c      ****     }
 106:.\uart.c      **** 
 107:.\uart.c      ****     /* Service USB CDC when device is configured. */
 108:.\uart.c      ****     if (0u != USBUART_GetConfiguration())
 193              		.loc 1 108 0
 194 0020 FFF7FEFF 		bl	USBUART_GetConfiguration
 195 0024 0346     		mov	r3, r0
 196 0026 002B     		cmp	r3, #0
 197 0028 28D0     		beq	.L6
 198              	.LBB2:
 109:.\uart.c      ****     {
 110:.\uart.c      ****         /* Wait until component is ready to send data to host. */
 111:.\uart.c      ****         while (0u == USBUART_CDCIsReady())
 199              		.loc 1 111 0
 200 002a 00BF     		nop
 201              	.L9:
 202              		.loc 1 111 0 is_stmt 0 discriminator 1
 203 002c FFF7FEFF 		bl	USBUART_CDCIsReady
 204 0030 0346     		mov	r3, r0
 205 0032 002B     		cmp	r3, #0
 206 0034 FAD0     		beq	.L9
 112:.\uart.c      ****         {
 113:.\uart.c      ****         }
 114:.\uart.c      **** 
 115:.\uart.c      ****         /* Send data back to host. */
 116:.\uart.c      ****         //USBUART_PutData(buffer, count);
 117:.\uart.c      ****         int bytesWritten; 
 118:.\uart.c      ****         char myString[50]; 
 119:.\uart.c      ****         bytesWritten = sprintf(myString, "%lu", number); 
 207              		.loc 1 119 0 is_stmt 1
 208 0036 07F10803 		add	r3, r7, #8
 209 003a 1846     		mov	r0, r3
 210 003c 1149     		ldr	r1, .L10
 211 003e 7A68     		ldr	r2, [r7, #4]
 212 0040 FFF7FEFF 		bl	sprintf
 213 0044 F863     		str	r0, [r7, #60]
 120:.\uart.c      ****         myString[bytesWritten]='\r';
 214              		.loc 1 120 0
 215 0046 07F10802 		add	r2, r7, #8
 216 004a FB6B     		ldr	r3, [r7, #60]
 217 004c 1344     		add	r3, r3, r2
 218 004e 0D22     		movs	r2, #13
ARM GAS  C:\Users\LUKASC~1\AppData\Local\Temp\ccyN5Vyn.s 			page 7


 219 0050 1A70     		strb	r2, [r3]
 121:.\uart.c      ****         myString[bytesWritten+1]='\n';
 220              		.loc 1 121 0
 221 0052 FB6B     		ldr	r3, [r7, #60]
 222 0054 0133     		adds	r3, r3, #1
 223 0056 07F14002 		add	r2, r7, #64
 224 005a 1344     		add	r3, r3, r2
 225 005c 0A22     		movs	r2, #10
 226 005e 03F8382C 		strb	r2, [r3, #-56]
 122:.\uart.c      ****         myString[bytesWritten+2]='\0';
 227              		.loc 1 122 0
 228 0062 FB6B     		ldr	r3, [r7, #60]
 229 0064 0233     		adds	r3, r3, #2
 230 0066 07F14002 		add	r2, r7, #64
 231 006a 1344     		add	r3, r3, r2
 232 006c 0022     		movs	r2, #0
 233 006e 03F8382C 		strb	r2, [r3, #-56]
 123:.\uart.c      ****         USBUART_PutString(myString);       
 234              		.loc 1 123 0
 235 0072 07F10803 		add	r3, r7, #8
 236 0076 1846     		mov	r0, r3
 237 0078 FFF7FEFF 		bl	USBUART_PutString
 238              	.L6:
 239              	.LBE2:
 124:.\uart.c      ****     }
 125:.\uart.c      **** }
 240              		.loc 1 125 0
 241 007c 4037     		adds	r7, r7, #64
 242              		.cfi_def_cfa_offset 8
 243 007e BD46     		mov	sp, r7
 244              		.cfi_def_cfa_register 13
 245              		@ sp needed
 246 0080 80BD     		pop	{r7, pc}
 247              	.L11:
 248 0082 00BF     		.align	2
 249              	.L10:
 250 0084 30000000 		.word	.LC8
 251              		.cfi_endproc
 252              	.LFE65:
 253              		.size	UARTsendNumber, .-UARTsendNumber
 254              		.text
 255              	.Letext0:
 256              		.file 2 "c:\\program files (x86)\\cypress\\psoc creator\\3.3\\psoc creator\\import\\gnu\\arm\\4.9.
 257              		.file 3 "c:\\program files (x86)\\cypress\\psoc creator\\3.3\\psoc creator\\import\\gnu\\arm\\4.9.
 258              		.file 4 "Generated_Source\\PSoC5/cytypes.h"
 259              		.file 5 "Generated_Source\\PSoC5/core_cm3.h"
 260              		.section	.debug_info,"",%progbits
 261              	.Ldebug_info0:
 262 0000 A1010000 		.4byte	0x1a1
 263 0004 0400     		.2byte	0x4
 264 0006 00000000 		.4byte	.Ldebug_abbrev0
 265 000a 04       		.byte	0x4
 266 000b 01       		.uleb128 0x1
 267 000c 78000000 		.4byte	.LASF26
 268 0010 01       		.byte	0x1
 269 0011 00000000 		.4byte	.LASF27
 270 0015 09000000 		.4byte	.LASF28
ARM GAS  C:\Users\LUKASC~1\AppData\Local\Temp\ccyN5Vyn.s 			page 8


 271 0019 00000000 		.4byte	.Ldebug_ranges0+0
 272 001d 00000000 		.4byte	0
 273 0021 00000000 		.4byte	.Ldebug_line0
 274 0025 02       		.uleb128 0x2
 275 0026 01       		.byte	0x1
 276 0027 06       		.byte	0x6
 277 0028 EF010000 		.4byte	.LASF0
 278 002c 02       		.uleb128 0x2
 279 002d 01       		.byte	0x1
 280 002e 08       		.byte	0x8
 281 002f 1A010000 		.4byte	.LASF1
 282 0033 02       		.uleb128 0x2
 283 0034 02       		.byte	0x2
 284 0035 05       		.byte	0x5
 285 0036 DC010000 		.4byte	.LASF2
 286 003a 02       		.uleb128 0x2
 287 003b 02       		.byte	0x2
 288 003c 07       		.byte	0x7
 289 003d 40010000 		.4byte	.LASF3
 290 0041 03       		.uleb128 0x3
 291 0042 5F000000 		.4byte	.LASF9
 292 0046 02       		.byte	0x2
 293 0047 3F       		.byte	0x3f
 294 0048 4C000000 		.4byte	0x4c
 295 004c 02       		.uleb128 0x2
 296 004d 04       		.byte	0x4
 297 004e 05       		.byte	0x5
 298 004f E6010000 		.4byte	.LASF4
 299 0053 02       		.uleb128 0x2
 300 0054 04       		.byte	0x4
 301 0055 07       		.byte	0x7
 302 0056 2E010000 		.4byte	.LASF5
 303 005a 02       		.uleb128 0x2
 304 005b 08       		.byte	0x8
 305 005c 05       		.byte	0x5
 306 005d C9010000 		.4byte	.LASF6
 307 0061 02       		.uleb128 0x2
 308 0062 08       		.byte	0x8
 309 0063 07       		.byte	0x7
 310 0064 8B010000 		.4byte	.LASF7
 311 0068 04       		.uleb128 0x4
 312 0069 04       		.byte	0x4
 313 006a 05       		.byte	0x5
 314 006b 696E7400 		.ascii	"int\000"
 315 006f 02       		.uleb128 0x2
 316 0070 04       		.byte	0x4
 317 0071 07       		.byte	0x7
 318 0072 75010000 		.4byte	.LASF8
 319 0076 03       		.uleb128 0x3
 320 0077 A9010000 		.4byte	.LASF10
 321 007b 03       		.byte	0x3
 322 007c 2C       		.byte	0x2c
 323 007d 41000000 		.4byte	0x41
 324 0081 05       		.uleb128 0x5
 325 0082 6E010000 		.4byte	.LASF11
 326 0086 04       		.byte	0x4
 327 0087 3A01     		.2byte	0x13a
ARM GAS  C:\Users\LUKASC~1\AppData\Local\Temp\ccyN5Vyn.s 			page 9


 328 0089 53000000 		.4byte	0x53
 329 008d 02       		.uleb128 0x2
 330 008e 04       		.byte	0x4
 331 008f 04       		.byte	0x4
 332 0090 14010000 		.4byte	.LASF12
 333 0094 02       		.uleb128 0x2
 334 0095 08       		.byte	0x8
 335 0096 04       		.byte	0x4
 336 0097 06010000 		.4byte	.LASF13
 337 009b 05       		.uleb128 0x5
 338 009c 28010000 		.4byte	.LASF14
 339 00a0 04       		.byte	0x4
 340 00a1 4901     		.2byte	0x149
 341 00a3 A7000000 		.4byte	0xa7
 342 00a7 02       		.uleb128 0x2
 343 00a8 01       		.byte	0x1
 344 00a9 08       		.byte	0x8
 345 00aa D7010000 		.4byte	.LASF15
 346 00ae 02       		.uleb128 0x2
 347 00af 04       		.byte	0x4
 348 00b0 07       		.byte	0x7
 349 00b1 C0010000 		.4byte	.LASF16
 350 00b5 06       		.uleb128 0x6
 351 00b6 04       		.byte	0x4
 352 00b7 A7000000 		.4byte	0xa7
 353 00bb 07       		.uleb128 0x7
 354 00bc 65010000 		.4byte	.LASF29
 355 00c0 01       		.byte	0x1
 356 00c1 1F       		.byte	0x1f
 357 00c2 00000000 		.4byte	.LFB63
 358 00c6 0E000000 		.4byte	.LFE63-.LFB63
 359 00ca 01       		.uleb128 0x1
 360 00cb 9C       		.byte	0x9c
 361 00cc 08       		.uleb128 0x8
 362 00cd 69000000 		.4byte	.LASF17
 363 00d1 01       		.byte	0x1
 364 00d2 33       		.byte	0x33
 365 00d3 00000000 		.4byte	.LFB64
 366 00d7 42000000 		.4byte	.LFE64-.LFB64
 367 00db 01       		.uleb128 0x1
 368 00dc 9C       		.byte	0x9c
 369 00dd F0000000 		.4byte	0xf0
 370 00e1 09       		.uleb128 0x9
 371 00e2 0D010000 		.4byte	.LASF19
 372 00e6 01       		.byte	0x1
 373 00e7 33       		.byte	0x33
 374 00e8 B5000000 		.4byte	0xb5
 375 00ec 02       		.uleb128 0x2
 376 00ed 91       		.byte	0x91
 377 00ee 74       		.sleb128 -12
 378 00ef 00       		.byte	0
 379 00f0 08       		.uleb128 0x8
 380 00f1 B1010000 		.4byte	.LASF18
 381 00f5 01       		.byte	0x1
 382 00f6 5D       		.byte	0x5d
 383 00f7 00000000 		.4byte	.LFB65
 384 00fb 88000000 		.4byte	.LFE65-.LFB65
ARM GAS  C:\Users\LUKASC~1\AppData\Local\Temp\ccyN5Vyn.s 			page 10


 385 00ff 01       		.uleb128 0x1
 386 0100 9C       		.byte	0x9c
 387 0101 3B010000 		.4byte	0x13b
 388 0105 09       		.uleb128 0x9
 389 0106 A2010000 		.4byte	.LASF20
 390 010a 01       		.byte	0x1
 391 010b 5D       		.byte	0x5d
 392 010c 81000000 		.4byte	0x81
 393 0110 03       		.uleb128 0x3
 394 0111 91       		.byte	0x91
 395 0112 BC7F     		.sleb128 -68
 396 0114 0A       		.uleb128 0xa
 397 0115 2A000000 		.4byte	.LBB2
 398 0119 52000000 		.4byte	.LBE2-.LBB2
 399 011d 0B       		.uleb128 0xb
 400 011e FB010000 		.4byte	.LASF21
 401 0122 01       		.byte	0x1
 402 0123 75       		.byte	0x75
 403 0124 68000000 		.4byte	0x68
 404 0128 02       		.uleb128 0x2
 405 0129 91       		.byte	0x91
 406 012a 74       		.sleb128 -12
 407 012b 0B       		.uleb128 0xb
 408 012c 82010000 		.4byte	.LASF22
 409 0130 01       		.byte	0x1
 410 0131 76       		.byte	0x76
 411 0132 3B010000 		.4byte	0x13b
 412 0136 02       		.uleb128 0x2
 413 0137 91       		.byte	0x91
 414 0138 40       		.sleb128 -64
 415 0139 00       		.byte	0
 416 013a 00       		.byte	0
 417 013b 0C       		.uleb128 0xc
 418 013c A7000000 		.4byte	0xa7
 419 0140 4B010000 		.4byte	0x14b
 420 0144 0D       		.uleb128 0xd
 421 0145 AE000000 		.4byte	0xae
 422 0149 31       		.byte	0x31
 423 014a 00       		.byte	0
 424 014b 0E       		.uleb128 0xe
 425 014c 58010000 		.4byte	.LASF23
 426 0150 05       		.byte	0x5
 427 0151 5506     		.2byte	0x655
 428 0153 57010000 		.4byte	0x157
 429 0157 0F       		.uleb128 0xf
 430 0158 76000000 		.4byte	0x76
 431 015c 0C       		.uleb128 0xc
 432 015d 6C010000 		.4byte	0x16c
 433 0161 6C010000 		.4byte	0x16c
 434 0165 0D       		.uleb128 0xd
 435 0166 AE000000 		.4byte	0xae
 436 016a 04       		.byte	0x4
 437 016b 00       		.byte	0
 438 016c 06       		.uleb128 0x6
 439 016d 04       		.byte	0x4
 440 016e 9B000000 		.4byte	0x9b
 441 0172 10       		.uleb128 0x10
ARM GAS  C:\Users\LUKASC~1\AppData\Local\Temp\ccyN5Vyn.s 			page 11


 442 0173 08020000 		.4byte	.LASF24
 443 0177 01       		.byte	0x1
 444 0178 0E       		.byte	0xe
 445 0179 5C010000 		.4byte	0x15c
 446 017d 05       		.uleb128 0x5
 447 017e 03       		.byte	0x3
 448 017f 00000000 		.4byte	parity
 449 0183 0C       		.uleb128 0xc
 450 0184 6C010000 		.4byte	0x16c
 451 0188 93010000 		.4byte	0x193
 452 018c 0D       		.uleb128 0xd
 453 018d AE000000 		.4byte	0xae
 454 0191 02       		.byte	0x2
 455 0192 00       		.byte	0
 456 0193 10       		.uleb128 0x10
 457 0194 53010000 		.4byte	.LASF25
 458 0198 01       		.byte	0x1
 459 0199 0F       		.byte	0xf
 460 019a 83010000 		.4byte	0x183
 461 019e 05       		.uleb128 0x5
 462 019f 03       		.byte	0x3
 463 01a0 00000000 		.4byte	stop
 464 01a4 00       		.byte	0
 465              		.section	.debug_abbrev,"",%progbits
 466              	.Ldebug_abbrev0:
 467 0000 01       		.uleb128 0x1
 468 0001 11       		.uleb128 0x11
 469 0002 01       		.byte	0x1
 470 0003 25       		.uleb128 0x25
 471 0004 0E       		.uleb128 0xe
 472 0005 13       		.uleb128 0x13
 473 0006 0B       		.uleb128 0xb
 474 0007 03       		.uleb128 0x3
 475 0008 0E       		.uleb128 0xe
 476 0009 1B       		.uleb128 0x1b
 477 000a 0E       		.uleb128 0xe
 478 000b 55       		.uleb128 0x55
 479 000c 17       		.uleb128 0x17
 480 000d 11       		.uleb128 0x11
 481 000e 01       		.uleb128 0x1
 482 000f 10       		.uleb128 0x10
 483 0010 17       		.uleb128 0x17
 484 0011 00       		.byte	0
 485 0012 00       		.byte	0
 486 0013 02       		.uleb128 0x2
 487 0014 24       		.uleb128 0x24
 488 0015 00       		.byte	0
 489 0016 0B       		.uleb128 0xb
 490 0017 0B       		.uleb128 0xb
 491 0018 3E       		.uleb128 0x3e
 492 0019 0B       		.uleb128 0xb
 493 001a 03       		.uleb128 0x3
 494 001b 0E       		.uleb128 0xe
 495 001c 00       		.byte	0
 496 001d 00       		.byte	0
 497 001e 03       		.uleb128 0x3
 498 001f 16       		.uleb128 0x16
ARM GAS  C:\Users\LUKASC~1\AppData\Local\Temp\ccyN5Vyn.s 			page 12


 499 0020 00       		.byte	0
 500 0021 03       		.uleb128 0x3
 501 0022 0E       		.uleb128 0xe
 502 0023 3A       		.uleb128 0x3a
 503 0024 0B       		.uleb128 0xb
 504 0025 3B       		.uleb128 0x3b
 505 0026 0B       		.uleb128 0xb
 506 0027 49       		.uleb128 0x49
 507 0028 13       		.uleb128 0x13
 508 0029 00       		.byte	0
 509 002a 00       		.byte	0
 510 002b 04       		.uleb128 0x4
 511 002c 24       		.uleb128 0x24
 512 002d 00       		.byte	0
 513 002e 0B       		.uleb128 0xb
 514 002f 0B       		.uleb128 0xb
 515 0030 3E       		.uleb128 0x3e
 516 0031 0B       		.uleb128 0xb
 517 0032 03       		.uleb128 0x3
 518 0033 08       		.uleb128 0x8
 519 0034 00       		.byte	0
 520 0035 00       		.byte	0
 521 0036 05       		.uleb128 0x5
 522 0037 16       		.uleb128 0x16
 523 0038 00       		.byte	0
 524 0039 03       		.uleb128 0x3
 525 003a 0E       		.uleb128 0xe
 526 003b 3A       		.uleb128 0x3a
 527 003c 0B       		.uleb128 0xb
 528 003d 3B       		.uleb128 0x3b
 529 003e 05       		.uleb128 0x5
 530 003f 49       		.uleb128 0x49
 531 0040 13       		.uleb128 0x13
 532 0041 00       		.byte	0
 533 0042 00       		.byte	0
 534 0043 06       		.uleb128 0x6
 535 0044 0F       		.uleb128 0xf
 536 0045 00       		.byte	0
 537 0046 0B       		.uleb128 0xb
 538 0047 0B       		.uleb128 0xb
 539 0048 49       		.uleb128 0x49
 540 0049 13       		.uleb128 0x13
 541 004a 00       		.byte	0
 542 004b 00       		.byte	0
 543 004c 07       		.uleb128 0x7
 544 004d 2E       		.uleb128 0x2e
 545 004e 00       		.byte	0
 546 004f 3F       		.uleb128 0x3f
 547 0050 19       		.uleb128 0x19
 548 0051 03       		.uleb128 0x3
 549 0052 0E       		.uleb128 0xe
 550 0053 3A       		.uleb128 0x3a
 551 0054 0B       		.uleb128 0xb
 552 0055 3B       		.uleb128 0x3b
 553 0056 0B       		.uleb128 0xb
 554 0057 11       		.uleb128 0x11
 555 0058 01       		.uleb128 0x1
ARM GAS  C:\Users\LUKASC~1\AppData\Local\Temp\ccyN5Vyn.s 			page 13


 556 0059 12       		.uleb128 0x12
 557 005a 06       		.uleb128 0x6
 558 005b 40       		.uleb128 0x40
 559 005c 18       		.uleb128 0x18
 560 005d 9642     		.uleb128 0x2116
 561 005f 19       		.uleb128 0x19
 562 0060 00       		.byte	0
 563 0061 00       		.byte	0
 564 0062 08       		.uleb128 0x8
 565 0063 2E       		.uleb128 0x2e
 566 0064 01       		.byte	0x1
 567 0065 3F       		.uleb128 0x3f
 568 0066 19       		.uleb128 0x19
 569 0067 03       		.uleb128 0x3
 570 0068 0E       		.uleb128 0xe
 571 0069 3A       		.uleb128 0x3a
 572 006a 0B       		.uleb128 0xb
 573 006b 3B       		.uleb128 0x3b
 574 006c 0B       		.uleb128 0xb
 575 006d 27       		.uleb128 0x27
 576 006e 19       		.uleb128 0x19
 577 006f 11       		.uleb128 0x11
 578 0070 01       		.uleb128 0x1
 579 0071 12       		.uleb128 0x12
 580 0072 06       		.uleb128 0x6
 581 0073 40       		.uleb128 0x40
 582 0074 18       		.uleb128 0x18
 583 0075 9642     		.uleb128 0x2116
 584 0077 19       		.uleb128 0x19
 585 0078 01       		.uleb128 0x1
 586 0079 13       		.uleb128 0x13
 587 007a 00       		.byte	0
 588 007b 00       		.byte	0
 589 007c 09       		.uleb128 0x9
 590 007d 05       		.uleb128 0x5
 591 007e 00       		.byte	0
 592 007f 03       		.uleb128 0x3
 593 0080 0E       		.uleb128 0xe
 594 0081 3A       		.uleb128 0x3a
 595 0082 0B       		.uleb128 0xb
 596 0083 3B       		.uleb128 0x3b
 597 0084 0B       		.uleb128 0xb
 598 0085 49       		.uleb128 0x49
 599 0086 13       		.uleb128 0x13
 600 0087 02       		.uleb128 0x2
 601 0088 18       		.uleb128 0x18
 602 0089 00       		.byte	0
 603 008a 00       		.byte	0
 604 008b 0A       		.uleb128 0xa
 605 008c 0B       		.uleb128 0xb
 606 008d 01       		.byte	0x1
 607 008e 11       		.uleb128 0x11
 608 008f 01       		.uleb128 0x1
 609 0090 12       		.uleb128 0x12
 610 0091 06       		.uleb128 0x6
 611 0092 00       		.byte	0
 612 0093 00       		.byte	0
ARM GAS  C:\Users\LUKASC~1\AppData\Local\Temp\ccyN5Vyn.s 			page 14


 613 0094 0B       		.uleb128 0xb
 614 0095 34       		.uleb128 0x34
 615 0096 00       		.byte	0
 616 0097 03       		.uleb128 0x3
 617 0098 0E       		.uleb128 0xe
 618 0099 3A       		.uleb128 0x3a
 619 009a 0B       		.uleb128 0xb
 620 009b 3B       		.uleb128 0x3b
 621 009c 0B       		.uleb128 0xb
 622 009d 49       		.uleb128 0x49
 623 009e 13       		.uleb128 0x13
 624 009f 02       		.uleb128 0x2
 625 00a0 18       		.uleb128 0x18
 626 00a1 00       		.byte	0
 627 00a2 00       		.byte	0
 628 00a3 0C       		.uleb128 0xc
 629 00a4 01       		.uleb128 0x1
 630 00a5 01       		.byte	0x1
 631 00a6 49       		.uleb128 0x49
 632 00a7 13       		.uleb128 0x13
 633 00a8 01       		.uleb128 0x1
 634 00a9 13       		.uleb128 0x13
 635 00aa 00       		.byte	0
 636 00ab 00       		.byte	0
 637 00ac 0D       		.uleb128 0xd
 638 00ad 21       		.uleb128 0x21
 639 00ae 00       		.byte	0
 640 00af 49       		.uleb128 0x49
 641 00b0 13       		.uleb128 0x13
 642 00b1 2F       		.uleb128 0x2f
 643 00b2 0B       		.uleb128 0xb
 644 00b3 00       		.byte	0
 645 00b4 00       		.byte	0
 646 00b5 0E       		.uleb128 0xe
 647 00b6 34       		.uleb128 0x34
 648 00b7 00       		.byte	0
 649 00b8 03       		.uleb128 0x3
 650 00b9 0E       		.uleb128 0xe
 651 00ba 3A       		.uleb128 0x3a
 652 00bb 0B       		.uleb128 0xb
 653 00bc 3B       		.uleb128 0x3b
 654 00bd 05       		.uleb128 0x5
 655 00be 49       		.uleb128 0x49
 656 00bf 13       		.uleb128 0x13
 657 00c0 3F       		.uleb128 0x3f
 658 00c1 19       		.uleb128 0x19
 659 00c2 3C       		.uleb128 0x3c
 660 00c3 19       		.uleb128 0x19
 661 00c4 00       		.byte	0
 662 00c5 00       		.byte	0
 663 00c6 0F       		.uleb128 0xf
 664 00c7 35       		.uleb128 0x35
 665 00c8 00       		.byte	0
 666 00c9 49       		.uleb128 0x49
 667 00ca 13       		.uleb128 0x13
 668 00cb 00       		.byte	0
 669 00cc 00       		.byte	0
ARM GAS  C:\Users\LUKASC~1\AppData\Local\Temp\ccyN5Vyn.s 			page 15


 670 00cd 10       		.uleb128 0x10
 671 00ce 34       		.uleb128 0x34
 672 00cf 00       		.byte	0
 673 00d0 03       		.uleb128 0x3
 674 00d1 0E       		.uleb128 0xe
 675 00d2 3A       		.uleb128 0x3a
 676 00d3 0B       		.uleb128 0xb
 677 00d4 3B       		.uleb128 0x3b
 678 00d5 0B       		.uleb128 0xb
 679 00d6 49       		.uleb128 0x49
 680 00d7 13       		.uleb128 0x13
 681 00d8 3F       		.uleb128 0x3f
 682 00d9 19       		.uleb128 0x19
 683 00da 02       		.uleb128 0x2
 684 00db 18       		.uleb128 0x18
 685 00dc 00       		.byte	0
 686 00dd 00       		.byte	0
 687 00de 00       		.byte	0
 688              		.section	.debug_aranges,"",%progbits
 689 0000 2C000000 		.4byte	0x2c
 690 0004 0200     		.2byte	0x2
 691 0006 00000000 		.4byte	.Ldebug_info0
 692 000a 04       		.byte	0x4
 693 000b 00       		.byte	0
 694 000c 0000     		.2byte	0
 695 000e 0000     		.2byte	0
 696 0010 00000000 		.4byte	.LFB63
 697 0014 0E000000 		.4byte	.LFE63-.LFB63
 698 0018 00000000 		.4byte	.LFB64
 699 001c 42000000 		.4byte	.LFE64-.LFB64
 700 0020 00000000 		.4byte	.LFB65
 701 0024 88000000 		.4byte	.LFE65-.LFB65
 702 0028 00000000 		.4byte	0
 703 002c 00000000 		.4byte	0
 704              		.section	.debug_ranges,"",%progbits
 705              	.Ldebug_ranges0:
 706 0000 00000000 		.4byte	.LFB63
 707 0004 0E000000 		.4byte	.LFE63
 708 0008 00000000 		.4byte	.LFB64
 709 000c 42000000 		.4byte	.LFE64
 710 0010 00000000 		.4byte	.LFB65
 711 0014 88000000 		.4byte	.LFE65
 712 0018 00000000 		.4byte	0
 713 001c 00000000 		.4byte	0
 714              		.section	.debug_line,"",%progbits
 715              	.Ldebug_line0:
 716 0000 9F010000 		.section	.debug_str,"MS",%progbits,1
 716      02004901 
 716      00000201 
 716      FB0E0D00 
 716      01010101 
 717              	.LASF27:
 718 0000 2E5C7561 		.ascii	".\\uart.c\000"
 718      72742E63 
 718      00
 719              	.LASF28:
 720 0009 433A5C55 		.ascii	"C:\\Users\\Lukas Creutzburg\\Documents\\GitHub\\fre"
ARM GAS  C:\Users\LUKASC~1\AppData\Local\Temp\ccyN5Vyn.s 			page 16


 720      73657273 
 720      5C4C756B 
 720      61732043 
 720      72657574 
 721 0037 65445350 		.ascii	"eDSPPSoC-I2C\\PSoC5_SPI_Master_DSP.cydsn\000"
 721      50536F43 
 721      2D493243 
 721      5C50536F 
 721      43355F53 
 722              	.LASF9:
 723 005f 5F5F696E 		.ascii	"__int32_t\000"
 723      7433325F 
 723      7400
 724              	.LASF17:
 725 0069 55415254 		.ascii	"UARTsendString\000"
 725      73656E64 
 725      53747269 
 725      6E6700
 726              	.LASF26:
 727 0078 474E5520 		.ascii	"GNU C 4.9.3 20150303 (release) [ARM/embedded-4_9-br"
 727      4320342E 
 727      392E3320 
 727      32303135 
 727      30333033 
 728 00ab 616E6368 		.ascii	"anch revision 221220] -mcpu=cortex-m3 -mthumb -g -O"
 728      20726576 
 728      6973696F 
 728      6E203232 
 728      31323230 
 729 00de 30202D66 		.ascii	"0 -ffunction-sections -ffat-lto-objects\000"
 729      66756E63 
 729      74696F6E 
 729      2D736563 
 729      74696F6E 
 730              	.LASF13:
 731 0106 646F7562 		.ascii	"double\000"
 731      6C6500
 732              	.LASF19:
 733 010d 73747269 		.ascii	"string\000"
 733      6E6700
 734              	.LASF12:
 735 0114 666C6F61 		.ascii	"float\000"
 735      7400
 736              	.LASF1:
 737 011a 756E7369 		.ascii	"unsigned char\000"
 737      676E6564 
 737      20636861 
 737      7200
 738              	.LASF14:
 739 0128 63686172 		.ascii	"char8\000"
 739      3800
 740              	.LASF5:
 741 012e 6C6F6E67 		.ascii	"long unsigned int\000"
 741      20756E73 
 741      69676E65 
 741      6420696E 
 741      7400
ARM GAS  C:\Users\LUKASC~1\AppData\Local\Temp\ccyN5Vyn.s 			page 17


 742              	.LASF3:
 743 0140 73686F72 		.ascii	"short unsigned int\000"
 743      7420756E 
 743      7369676E 
 743      65642069 
 743      6E7400
 744              	.LASF25:
 745 0153 73746F70 		.ascii	"stop\000"
 745      00
 746              	.LASF23:
 747 0158 49544D5F 		.ascii	"ITM_RxBuffer\000"
 747      52784275 
 747      66666572 
 747      00
 748              	.LASF29:
 749 0165 55415254 		.ascii	"UARTinit\000"
 749      696E6974 
 749      00
 750              	.LASF11:
 751 016e 75696E74 		.ascii	"uint32\000"
 751      333200
 752              	.LASF8:
 753 0175 756E7369 		.ascii	"unsigned int\000"
 753      676E6564 
 753      20696E74 
 753      00
 754              	.LASF22:
 755 0182 6D795374 		.ascii	"myString\000"
 755      72696E67 
 755      00
 756              	.LASF7:
 757 018b 6C6F6E67 		.ascii	"long long unsigned int\000"
 757      206C6F6E 
 757      6720756E 
 757      7369676E 
 757      65642069 
 758              	.LASF20:
 759 01a2 6E756D62 		.ascii	"number\000"
 759      657200
 760              	.LASF10:
 761 01a9 696E7433 		.ascii	"int32_t\000"
 761      325F7400 
 762              	.LASF18:
 763 01b1 55415254 		.ascii	"UARTsendNumber\000"
 763      73656E64 
 763      4E756D62 
 763      657200
 764              	.LASF16:
 765 01c0 73697A65 		.ascii	"sizetype\000"
 765      74797065 
 765      00
 766              	.LASF6:
 767 01c9 6C6F6E67 		.ascii	"long long int\000"
 767      206C6F6E 
 767      6720696E 
 767      7400
 768              	.LASF15:
ARM GAS  C:\Users\LUKASC~1\AppData\Local\Temp\ccyN5Vyn.s 			page 18


 769 01d7 63686172 		.ascii	"char\000"
 769      00
 770              	.LASF2:
 771 01dc 73686F72 		.ascii	"short int\000"
 771      7420696E 
 771      7400
 772              	.LASF4:
 773 01e6 6C6F6E67 		.ascii	"long int\000"
 773      20696E74 
 773      00
 774              	.LASF0:
 775 01ef 7369676E 		.ascii	"signed char\000"
 775      65642063 
 775      68617200 
 776              	.LASF21:
 777 01fb 62797465 		.ascii	"bytesWritten\000"
 777      73577269 
 777      7474656E 
 777      00
 778              	.LASF24:
 779 0208 70617269 		.ascii	"parity\000"
 779      747900
 780              		.ident	"GCC: (GNU Tools for ARM Embedded Processors) 4.9.3 20150303 (release) [ARM/embedded-4_9-br
