ARM GAS  C:\Users\LUKASC~1\AppData\Local\Temp\ccay9Fwu.s 			page 1


   1              		.syntax unified
   2              		.cpu cortex-m3
   3              		.fpu softvfp
   4              		.eabi_attribute 20, 1
   5              		.eabi_attribute 21, 1
   6              		.eabi_attribute 23, 3
   7              		.eabi_attribute 24, 1
   8              		.eabi_attribute 25, 1
   9              		.eabi_attribute 26, 1
  10              		.eabi_attribute 30, 6
  11              		.eabi_attribute 34, 1
  12              		.eabi_attribute 18, 4
  13              		.thumb
  14              		.file	"USBFS_1_descr.c"
  15              		.text
  16              	.Ltext0:
  17              		.cfi_sections	.debug_frame
  18              		.global	USBFS_1_DEVICE0_DESCR
  19              		.section	.rodata
  20              		.align	2
  21              		.type	USBFS_1_DEVICE0_DESCR, %object
  22              		.size	USBFS_1_DEVICE0_DESCR, 18
  23              	USBFS_1_DEVICE0_DESCR:
  24 0000 12       		.byte	18
  25 0001 01       		.byte	1
  26 0002 00       		.byte	0
  27 0003 02       		.byte	2
  28 0004 00       		.byte	0
  29 0005 00       		.byte	0
  30 0006 00       		.byte	0
  31 0007 08       		.byte	8
  32 0008 B4       		.byte	-76
  33 0009 04       		.byte	4
  34 000a 51       		.byte	81
  35 000b 80       		.byte	-128
  36 000c 00       		.byte	0
  37 000d 00       		.byte	0
  38 000e 01       		.byte	1
  39 000f 02       		.byte	2
  40 0010 00       		.byte	0
  41 0011 01       		.byte	1
  42              		.global	USBFS_1_DEVICE0_CONFIGURATION0_DESCR
  43 0012 0000     		.align	2
  44              		.type	USBFS_1_DEVICE0_CONFIGURATION0_DESCR, %object
  45              		.size	USBFS_1_DEVICE0_CONFIGURATION0_DESCR, 123
  46              	USBFS_1_DEVICE0_CONFIGURATION0_DESCR:
  47 0014 09       		.byte	9
  48 0015 02       		.byte	2
  49 0016 7B       		.byte	123
  50 0017 00       		.byte	0
  51 0018 02       		.byte	2
  52 0019 01       		.byte	1
  53 001a 00       		.byte	0
  54 001b 80       		.byte	-128
  55 001c 19       		.byte	25
  56 001d 09       		.byte	9
  57 001e 04       		.byte	4
ARM GAS  C:\Users\LUKASC~1\AppData\Local\Temp\ccay9Fwu.s 			page 2


  58 001f 00       		.byte	0
  59 0020 00       		.byte	0
  60 0021 01       		.byte	1
  61 0022 01       		.byte	1
  62 0023 01       		.byte	1
  63 0024 00       		.byte	0
  64 0025 03       		.byte	3
  65 0026 09       		.byte	9
  66 0027 24       		.byte	36
  67 0028 01       		.byte	1
  68 0029 00       		.byte	0
  69 002a 01       		.byte	1
  70 002b 26       		.byte	38
  71 002c 00       		.byte	0
  72 002d 01       		.byte	1
  73 002e 01       		.byte	1
  74 002f 0C       		.byte	12
  75 0030 24       		.byte	36
  76 0031 02       		.byte	2
  77 0032 04       		.byte	4
  78 0033 01       		.byte	1
  79 0034 02       		.byte	2
  80 0035 00       		.byte	0
  81 0036 02       		.byte	2
  82 0037 03       		.byte	3
  83 0038 00       		.byte	0
  84 0039 00       		.byte	0
  85 003a 04       		.byte	4
  86 003b 09       		.byte	9
  87 003c 24       		.byte	36
  88 003d 03       		.byte	3
  89 003e 05       		.byte	5
  90 003f 01       		.byte	1
  91 0040 01       		.byte	1
  92 0041 00       		.byte	0
  93 0042 06       		.byte	6
  94 0043 05       		.byte	5
  95 0044 08       		.byte	8
  96 0045 24       		.byte	36
  97 0046 06       		.byte	6
  98 0047 06       		.byte	6
  99 0048 04       		.byte	4
 100 0049 01       		.byte	1
 101 004a 03       		.byte	3
 102 004b 00       		.byte	0
 103 004c 09       		.byte	9
 104 004d 05       		.byte	5
 105 004e 86       		.byte	-122
 106 004f 03       		.byte	3
 107 0050 02       		.byte	2
 108 0051 00       		.byte	0
 109 0052 1E       		.byte	30
 110 0053 00       		.byte	0
 111 0054 00       		.byte	0
 112 0055 09       		.byte	9
 113 0056 04       		.byte	4
 114 0057 01       		.byte	1
ARM GAS  C:\Users\LUKASC~1\AppData\Local\Temp\ccay9Fwu.s 			page 3


 115 0058 00       		.byte	0
 116 0059 00       		.byte	0
 117 005a 01       		.byte	1
 118 005b 02       		.byte	2
 119 005c 00       		.byte	0
 120 005d 03       		.byte	3
 121 005e 09       		.byte	9
 122 005f 04       		.byte	4
 123 0060 01       		.byte	1
 124 0061 01       		.byte	1
 125 0062 01       		.byte	1
 126 0063 01       		.byte	1
 127 0064 02       		.byte	2
 128 0065 00       		.byte	0
 129 0066 06       		.byte	6
 130 0067 07       		.byte	7
 131 0068 24       		.byte	36
 132 0069 01       		.byte	1
 133 006a 05       		.byte	5
 134 006b 01       		.byte	1
 135 006c 01       		.byte	1
 136 006d 00       		.byte	0
 137 006e 11       		.byte	17
 138 006f 24       		.byte	36
 139 0070 02       		.byte	2
 140 0071 01       		.byte	1
 141 0072 02       		.byte	2
 142 0073 03       		.byte	3
 143 0074 18       		.byte	24
 144 0075 03       		.byte	3
 145 0076 00       		.byte	0
 146 0077 7D       		.byte	125
 147 0078 00       		.byte	0
 148 0079 44       		.byte	68
 149 007a AC       		.byte	-84
 150 007b 00       		.byte	0
 151 007c 80       		.byte	-128
 152 007d BB       		.byte	-69
 153 007e 00       		.byte	0
 154 007f 09       		.byte	9
 155 0080 05       		.byte	5
 156 0081 82       		.byte	-126
 157 0082 0D       		.byte	13
 158 0083 20       		.byte	32
 159 0084 01       		.byte	1
 160 0085 01       		.byte	1
 161 0086 00       		.byte	0
 162 0087 00       		.byte	0
 163 0088 07       		.byte	7
 164 0089 25       		.byte	37
 165 008a 01       		.byte	1
 166 008b 01       		.byte	1
 167 008c 01       		.byte	1
 168 008d 01       		.byte	1
 169 008e 00       		.byte	0
 170              		.global	USBFS_1_STRING_DESCRIPTORS
 171 008f 00       		.align	2
ARM GAS  C:\Users\LUKASC~1\AppData\Local\Temp\ccay9Fwu.s 			page 4


 172              		.type	USBFS_1_STRING_DESCRIPTORS, %object
 173              		.size	USBFS_1_STRING_DESCRIPTORS, 161
 174              	USBFS_1_STRING_DESCRIPTORS:
 175 0090 04       		.byte	4
 176 0091 03       		.byte	3
 177 0092 09       		.byte	9
 178 0093 04       		.byte	4
 179 0094 10       		.byte	16
 180 0095 03       		.byte	3
 181 0096 46       		.byte	70
 182 0097 00       		.byte	0
 183 0098 72       		.byte	114
 184 0099 00       		.byte	0
 185 009a 65       		.byte	101
 186 009b 00       		.byte	0
 187 009c 65       		.byte	101
 188 009d 00       		.byte	0
 189 009e 44       		.byte	68
 190 009f 00       		.byte	0
 191 00a0 53       		.byte	83
 192 00a1 00       		.byte	0
 193 00a2 50       		.byte	80
 194 00a3 00       		.byte	0
 195 00a4 12       		.byte	18
 196 00a5 03       		.byte	3
 197 00a6 49       		.byte	73
 198 00a7 00       		.byte	0
 199 00a8 6E       		.byte	110
 200 00a9 00       		.byte	0
 201 00aa 73       		.byte	115
 202 00ab 00       		.byte	0
 203 00ac 61       		.byte	97
 204 00ad 00       		.byte	0
 205 00ae 6E       		.byte	110
 206 00af 00       		.byte	0
 207 00b0 69       		.byte	105
 208 00b1 00       		.byte	0
 209 00b2 74       		.byte	116
 210 00b3 00       		.byte	0
 211 00b4 79       		.byte	121
 212 00b5 00       		.byte	0
 213 00b6 2C       		.byte	44
 214 00b7 03       		.byte	3
 215 00b8 43       		.byte	67
 216 00b9 00       		.byte	0
 217 00ba 79       		.byte	121
 218 00bb 00       		.byte	0
 219 00bc 70       		.byte	112
 220 00bd 00       		.byte	0
 221 00be 72       		.byte	114
 222 00bf 00       		.byte	0
 223 00c0 65       		.byte	101
 224 00c1 00       		.byte	0
 225 00c2 73       		.byte	115
 226 00c3 00       		.byte	0
 227 00c4 73       		.byte	115
 228 00c5 00       		.byte	0
ARM GAS  C:\Users\LUKASC~1\AppData\Local\Temp\ccay9Fwu.s 			page 5


 229 00c6 20       		.byte	32
 230 00c7 00       		.byte	0
 231 00c8 44       		.byte	68
 232 00c9 00       		.byte	0
 233 00ca 69       		.byte	105
 234 00cb 00       		.byte	0
 235 00cc 67       		.byte	103
 236 00cd 00       		.byte	0
 237 00ce 69       		.byte	105
 238 00cf 00       		.byte	0
 239 00d0 74       		.byte	116
 240 00d1 00       		.byte	0
 241 00d2 61       		.byte	97
 242 00d3 00       		.byte	0
 243 00d4 6C       		.byte	108
 244 00d5 00       		.byte	0
 245 00d6 20       		.byte	32
 246 00d7 00       		.byte	0
 247 00d8 41       		.byte	65
 248 00d9 00       		.byte	0
 249 00da 75       		.byte	117
 250 00db 00       		.byte	0
 251 00dc 64       		.byte	100
 252 00dd 00       		.byte	0
 253 00de 69       		.byte	105
 254 00df 00       		.byte	0
 255 00e0 6F       		.byte	111
 256 00e1 00       		.byte	0
 257 00e2 16       		.byte	22
 258 00e3 03       		.byte	3
 259 00e4 4D       		.byte	77
 260 00e5 00       		.byte	0
 261 00e6 69       		.byte	105
 262 00e7 00       		.byte	0
 263 00e8 63       		.byte	99
 264 00e9 00       		.byte	0
 265 00ea 72       		.byte	114
 266 00eb 00       		.byte	0
 267 00ec 6F       		.byte	111
 268 00ed 00       		.byte	0
 269 00ee 70       		.byte	112
 270 00ef 00       		.byte	0
 271 00f0 68       		.byte	104
 272 00f1 00       		.byte	0
 273 00f2 6F       		.byte	111
 274 00f3 00       		.byte	0
 275 00f4 6E       		.byte	110
 276 00f5 00       		.byte	0
 277 00f6 65       		.byte	101
 278 00f7 00       		.byte	0
 279 00f8 1C       		.byte	28
 280 00f9 03       		.byte	3
 281 00fa 55       		.byte	85
 282 00fb 00       		.byte	0
 283 00fc 53       		.byte	83
 284 00fd 00       		.byte	0
 285 00fe 42       		.byte	66
ARM GAS  C:\Users\LUKASC~1\AppData\Local\Temp\ccay9Fwu.s 			page 6


 286 00ff 00       		.byte	0
 287 0100 20       		.byte	32
 288 0101 00       		.byte	0
 289 0102 53       		.byte	83
 290 0103 00       		.byte	0
 291 0104 74       		.byte	116
 292 0105 00       		.byte	0
 293 0106 72       		.byte	114
 294 0107 00       		.byte	0
 295 0108 65       		.byte	101
 296 0109 00       		.byte	0
 297 010a 61       		.byte	97
 298 010b 00       		.byte	0
 299 010c 6D       		.byte	109
 300 010d 00       		.byte	0
 301 010e 69       		.byte	105
 302 010f 00       		.byte	0
 303 0110 6E       		.byte	110
 304 0111 00       		.byte	0
 305 0112 67       		.byte	103
 306 0113 00       		.byte	0
 307 0114 1C       		.byte	28
 308 0115 03       		.byte	3
 309 0116 41       		.byte	65
 310 0117 00       		.byte	0
 311 0118 63       		.byte	99
 312 0119 00       		.byte	0
 313 011a 74       		.byte	116
 314 011b 00       		.byte	0
 315 011c 69       		.byte	105
 316 011d 00       		.byte	0
 317 011e 76       		.byte	118
 318 011f 00       		.byte	0
 319 0120 65       		.byte	101
 320 0121 00       		.byte	0
 321 0122 20       		.byte	32
 322 0123 00       		.byte	0
 323 0124 32       		.byte	50
 324 0125 00       		.byte	0
 325 0126 34       		.byte	52
 326 0127 00       		.byte	0
 327 0128 20       		.byte	32
 328 0129 00       		.byte	0
 329 012a 62       		.byte	98
 330 012b 00       		.byte	0
 331 012c 69       		.byte	105
 332 012d 00       		.byte	0
 333 012e 74       		.byte	116
 334 012f 00       		.byte	0
 335 0130 00       		.byte	0
 336              		.global	USBFS_1_DEVICE0_CONFIGURATION0_EP_SETTINGS_TABLE
 337 0131 000000   		.align	2
 338              		.type	USBFS_1_DEVICE0_CONFIGURATION0_EP_SETTINGS_TABLE, %object
 339              		.size	USBFS_1_DEVICE0_CONFIGURATION0_EP_SETTINGS_TABLE, 16
 340              	USBFS_1_DEVICE0_CONFIGURATION0_EP_SETTINGS_TABLE:
 341 0134 00       		.byte	0
 342 0135 00       		.byte	0
ARM GAS  C:\Users\LUKASC~1\AppData\Local\Temp\ccay9Fwu.s 			page 7


 343 0136 86       		.byte	-122
 344 0137 03       		.byte	3
 345 0138 0200     		.short	2
 346 013a 01       		.byte	1
 347 013b 00       		.space	1
 348 013c 01       		.byte	1
 349 013d 01       		.byte	1
 350 013e 82       		.byte	-126
 351 013f 0D       		.byte	13
 352 0140 2001     		.short	288
 353 0142 01       		.byte	1
 354 0143 00       		.space	1
 355              		.global	USBFS_1_DEVICE0_CONFIGURATION0_INTERFACE_CLASS
 356              		.align	2
 357              		.type	USBFS_1_DEVICE0_CONFIGURATION0_INTERFACE_CLASS, %object
 358              		.size	USBFS_1_DEVICE0_CONFIGURATION0_INTERFACE_CLASS, 2
 359              	USBFS_1_DEVICE0_CONFIGURATION0_INTERFACE_CLASS:
 360 0144 01       		.byte	1
 361 0145 01       		.byte	1
 362              		.global	USBFS_1_DEVICE0_CONFIGURATION0_TABLE
 363 0146 0000     		.align	2
 364              		.type	USBFS_1_DEVICE0_CONFIGURATION0_TABLE, %object
 365              		.size	USBFS_1_DEVICE0_CONFIGURATION0_TABLE, 40
 366              	USBFS_1_DEVICE0_CONFIGURATION0_TABLE:
 367 0148 01       		.byte	1
 368 0149 000000   		.space	3
 369 014c 00000000 		.word	USBFS_1_DEVICE0_CONFIGURATION0_DESCR
 370 0150 02       		.byte	2
 371 0151 000000   		.space	3
 372 0154 00000000 		.word	USBFS_1_DEVICE0_CONFIGURATION0_EP_SETTINGS_TABLE
 373 0158 00       		.byte	0
 374 0159 000000   		.space	3
 375 015c 00000000 		.word	0
 376 0160 00       		.byte	0
 377 0161 000000   		.space	3
 378 0164 00000000 		.word	0
 379 0168 00       		.byte	0
 380 0169 000000   		.space	3
 381 016c 00000000 		.word	USBFS_1_DEVICE0_CONFIGURATION0_INTERFACE_CLASS
 382              		.global	USBFS_1_DEVICE0_TABLE
 383              		.align	2
 384              		.type	USBFS_1_DEVICE0_TABLE, %object
 385              		.size	USBFS_1_DEVICE0_TABLE, 24
 386              	USBFS_1_DEVICE0_TABLE:
 387 0170 01       		.byte	1
 388 0171 000000   		.space	3
 389 0174 00000000 		.word	USBFS_1_DEVICE0_DESCR
 390 0178 00       		.byte	0
 391 0179 000000   		.space	3
 392 017c 00000000 		.word	0
 393 0180 01       		.byte	1
 394 0181 000000   		.space	3
 395 0184 00000000 		.word	USBFS_1_DEVICE0_CONFIGURATION0_TABLE
 396              		.global	USBFS_1_TABLE
 397              		.align	2
 398              		.type	USBFS_1_TABLE, %object
 399              		.size	USBFS_1_TABLE, 8
ARM GAS  C:\Users\LUKASC~1\AppData\Local\Temp\ccay9Fwu.s 			page 8


 400              	USBFS_1_TABLE:
 401 0188 01       		.byte	1
 402 0189 000000   		.space	3
 403 018c 00000000 		.word	USBFS_1_DEVICE0_TABLE
 404              		.text
 405              	.Letext0:
 406              		.file 1 ".\\Generated_Source\\PSoC5\\cytypes.h"
 407              		.file 2 ".\\Generated_Source\\PSoC5\\USBFS_1.h"
 408              		.file 3 ".\\Generated_Source\\PSoC5\\USBFS_1_descr.c"
 409              		.section	.debug_info,"",%progbits
 410              	.Ldebug_info0:
 411 0000 56020000 		.4byte	0x256
 412 0004 0400     		.2byte	0x4
 413 0006 00000000 		.4byte	.Ldebug_abbrev0
 414 000a 04       		.byte	0x4
 415 000b 01       		.uleb128 0x1
 416 000c 24010000 		.4byte	.LASF32
 417 0010 01       		.byte	0x1
 418 0011 CB020000 		.4byte	.LASF33
 419 0015 00000000 		.4byte	.LASF34
 420 0019 00000000 		.4byte	.Ldebug_line0
 421 001d 02       		.uleb128 0x2
 422 001e 01       		.byte	0x1
 423 001f 06       		.byte	0x6
 424 0020 A8000000 		.4byte	.LASF0
 425 0024 02       		.uleb128 0x2
 426 0025 01       		.byte	0x1
 427 0026 08       		.byte	0x8
 428 0027 C2000000 		.4byte	.LASF1
 429 002b 02       		.uleb128 0x2
 430 002c 02       		.byte	0x2
 431 002d 05       		.byte	0x5
 432 002e 67020000 		.4byte	.LASF2
 433 0032 02       		.uleb128 0x2
 434 0033 02       		.byte	0x2
 435 0034 07       		.byte	0x7
 436 0035 5F000000 		.4byte	.LASF3
 437 0039 02       		.uleb128 0x2
 438 003a 04       		.byte	0x4
 439 003b 05       		.byte	0x5
 440 003c 56000000 		.4byte	.LASF4
 441 0040 02       		.uleb128 0x2
 442 0041 04       		.byte	0x4
 443 0042 07       		.byte	0x7
 444 0043 DB000000 		.4byte	.LASF5
 445 0047 02       		.uleb128 0x2
 446 0048 08       		.byte	0x8
 447 0049 05       		.byte	0x5
 448 004a 49020000 		.4byte	.LASF6
 449 004e 02       		.uleb128 0x2
 450 004f 08       		.byte	0x8
 451 0050 07       		.byte	0x7
 452 0051 22020000 		.4byte	.LASF7
 453 0055 03       		.uleb128 0x3
 454 0056 04       		.byte	0x4
 455 0057 05       		.byte	0x5
 456 0058 696E7400 		.ascii	"int\000"
ARM GAS  C:\Users\LUKASC~1\AppData\Local\Temp\ccay9Fwu.s 			page 9


 457 005c 02       		.uleb128 0x2
 458 005d 04       		.byte	0x4
 459 005e 07       		.byte	0x7
 460 005f F1010000 		.4byte	.LASF8
 461 0063 04       		.uleb128 0x4
 462 0064 71020000 		.4byte	.LASF9
 463 0068 01       		.byte	0x1
 464 0069 9201     		.2byte	0x192
 465 006b 24000000 		.4byte	0x24
 466 006f 04       		.uleb128 0x4
 467 0070 B9010000 		.4byte	.LASF10
 468 0074 01       		.byte	0x1
 469 0075 9301     		.2byte	0x193
 470 0077 32000000 		.4byte	0x32
 471 007b 02       		.uleb128 0x2
 472 007c 04       		.byte	0x4
 473 007d 04       		.byte	0x4
 474 007e 97000000 		.4byte	.LASF11
 475 0082 02       		.uleb128 0x2
 476 0083 08       		.byte	0x8
 477 0084 04       		.byte	0x4
 478 0085 B2010000 		.4byte	.LASF12
 479 0089 02       		.uleb128 0x2
 480 008a 01       		.byte	0x1
 481 008b 08       		.byte	0x8
 482 008c 57020000 		.4byte	.LASF13
 483 0090 02       		.uleb128 0x2
 484 0091 04       		.byte	0x4
 485 0092 07       		.byte	0x7
 486 0093 40020000 		.4byte	.LASF14
 487 0097 05       		.uleb128 0x5
 488 0098 08       		.byte	0x8
 489 0099 02       		.byte	0x2
 490 009a 99       		.byte	0x99
 491 009b E8000000 		.4byte	0xe8
 492 009f 06       		.uleb128 0x6
 493 00a0 77020000 		.4byte	.LASF15
 494 00a4 02       		.byte	0x2
 495 00a5 9B       		.byte	0x9b
 496 00a6 63000000 		.4byte	0x63
 497 00aa 00       		.byte	0
 498 00ab 06       		.uleb128 0x6
 499 00ac 9D000000 		.4byte	.LASF16
 500 00b0 02       		.byte	0x2
 501 00b1 9C       		.byte	0x9c
 502 00b2 63000000 		.4byte	0x63
 503 00b6 01       		.byte	0x1
 504 00b7 06       		.uleb128 0x6
 505 00b8 ED000000 		.4byte	.LASF17
 506 00bc 02       		.byte	0x2
 507 00bd 9D       		.byte	0x9d
 508 00be 63000000 		.4byte	0x63
 509 00c2 02       		.byte	0x2
 510 00c3 06       		.uleb128 0x6
 511 00c4 D0000000 		.4byte	.LASF18
 512 00c8 02       		.byte	0x2
 513 00c9 9E       		.byte	0x9e
ARM GAS  C:\Users\LUKASC~1\AppData\Local\Temp\ccay9Fwu.s 			page 10


 514 00ca 63000000 		.4byte	0x63
 515 00ce 03       		.byte	0x3
 516 00cf 06       		.uleb128 0x6
 517 00d0 5C020000 		.4byte	.LASF19
 518 00d4 02       		.byte	0x2
 519 00d5 9F       		.byte	0x9f
 520 00d6 6F000000 		.4byte	0x6f
 521 00da 04       		.byte	0x4
 522 00db 06       		.uleb128 0x6
 523 00dc 19030000 		.4byte	.LASF20
 524 00e0 02       		.byte	0x2
 525 00e1 A0       		.byte	0xa0
 526 00e2 63000000 		.4byte	0x63
 527 00e6 06       		.byte	0x6
 528 00e7 00       		.byte	0
 529 00e8 07       		.uleb128 0x7
 530 00e9 08010000 		.4byte	.LASF21
 531 00ed 02       		.byte	0x2
 532 00ee A1       		.byte	0xa1
 533 00ef 97000000 		.4byte	0x97
 534 00f3 05       		.uleb128 0x5
 535 00f4 08       		.byte	0x8
 536 00f5 02       		.byte	0x2
 537 00f6 B0       		.byte	0xb0
 538 00f7 12010000 		.4byte	0x112
 539 00fb 08       		.uleb128 0x8
 540 00fc 6300     		.ascii	"c\000"
 541 00fe 02       		.byte	0x2
 542 00ff B2       		.byte	0xb2
 543 0100 63000000 		.4byte	0x63
 544 0104 00       		.byte	0
 545 0105 06       		.uleb128 0x6
 546 0106 39020000 		.4byte	.LASF22
 547 010a 02       		.byte	0x2
 548 010b B3       		.byte	0xb3
 549 010c 12010000 		.4byte	0x112
 550 0110 04       		.byte	0x4
 551 0111 00       		.byte	0
 552 0112 09       		.uleb128 0x9
 553 0113 04       		.byte	0x4
 554 0114 18010000 		.4byte	0x118
 555 0118 0A       		.uleb128 0xa
 556 0119 07       		.uleb128 0x7
 557 011a FE010000 		.4byte	.LASF23
 558 011e 02       		.byte	0x2
 559 011f B4       		.byte	0xb4
 560 0120 F3000000 		.4byte	0xf3
 561 0124 0B       		.uleb128 0xb
 562 0125 63000000 		.4byte	0x63
 563 0129 34010000 		.4byte	0x134
 564 012d 0C       		.uleb128 0xc
 565 012e 90000000 		.4byte	0x90
 566 0132 11       		.byte	0x11
 567 0133 00       		.byte	0
 568 0134 0D       		.uleb128 0xd
 569 0135 0C020000 		.4byte	.LASF24
 570 0139 03       		.byte	0x3
ARM GAS  C:\Users\LUKASC~1\AppData\Local\Temp\ccay9Fwu.s 			page 11


 571 013a 24       		.byte	0x24
 572 013b 45010000 		.4byte	0x145
 573 013f 05       		.uleb128 0x5
 574 0140 03       		.byte	0x3
 575 0141 00000000 		.4byte	USBFS_1_DEVICE0_DESCR
 576 0145 0E       		.uleb128 0xe
 577 0146 24010000 		.4byte	0x124
 578 014a 0B       		.uleb128 0xb
 579 014b 63000000 		.4byte	0x63
 580 014f 5A010000 		.4byte	0x15a
 581 0153 0C       		.uleb128 0xc
 582 0154 90000000 		.4byte	0x90
 583 0158 7A       		.byte	0x7a
 584 0159 00       		.byte	0
 585 015a 0D       		.uleb128 0xd
 586 015b 72000000 		.4byte	.LASF25
 587 015f 03       		.byte	0x3
 588 0160 37       		.byte	0x37
 589 0161 6B010000 		.4byte	0x16b
 590 0165 05       		.uleb128 0x5
 591 0166 03       		.byte	0x3
 592 0167 00000000 		.4byte	USBFS_1_DEVICE0_CONFIGURATION0_DESCR
 593 016b 0E       		.uleb128 0xe
 594 016c 4A010000 		.4byte	0x14a
 595 0170 0B       		.uleb128 0xb
 596 0171 E8000000 		.4byte	0xe8
 597 0175 80010000 		.4byte	0x180
 598 0179 0C       		.uleb128 0xc
 599 017a 90000000 		.4byte	0x90
 600 017e 01       		.byte	0x1
 601 017f 00       		.byte	0
 602 0180 0F       		.uleb128 0xf
 603 0181 C0010000 		.4byte	.LASF26
 604 0185 03       		.byte	0x3
 605 0186 1001     		.2byte	0x110
 606 0188 92010000 		.4byte	0x192
 607 018c 05       		.uleb128 0x5
 608 018d 03       		.byte	0x3
 609 018e 00000000 		.4byte	USBFS_1_DEVICE0_CONFIGURATION0_EP_SETTINGS_TABLE
 610 0192 0E       		.uleb128 0xe
 611 0193 70010000 		.4byte	0x170
 612 0197 0B       		.uleb128 0xb
 613 0198 63000000 		.4byte	0x63
 614 019c A7010000 		.4byte	0x1a7
 615 01a0 0C       		.uleb128 0xc
 616 01a1 90000000 		.4byte	0x90
 617 01a5 01       		.byte	0x1
 618 01a6 00       		.byte	0
 619 01a7 0F       		.uleb128 0xf
 620 01a8 9C020000 		.4byte	.LASF27
 621 01ac 03       		.byte	0x3
 622 01ad 1501     		.2byte	0x115
 623 01af B9010000 		.4byte	0x1b9
 624 01b3 05       		.uleb128 0x5
 625 01b4 03       		.byte	0x3
 626 01b5 00000000 		.4byte	USBFS_1_DEVICE0_CONFIGURATION0_INTERFACE_CLASS
 627 01b9 0E       		.uleb128 0xe
ARM GAS  C:\Users\LUKASC~1\AppData\Local\Temp\ccay9Fwu.s 			page 12


 628 01ba 97010000 		.4byte	0x197
 629 01be 0B       		.uleb128 0xb
 630 01bf 19010000 		.4byte	0x119
 631 01c3 CE010000 		.4byte	0x1ce
 632 01c7 0C       		.uleb128 0xc
 633 01c8 90000000 		.4byte	0x90
 634 01cc 04       		.byte	0x4
 635 01cd 00       		.byte	0
 636 01ce 0F       		.uleb128 0xf
 637 01cf F4020000 		.4byte	.LASF28
 638 01d3 03       		.byte	0x3
 639 01d4 1D01     		.2byte	0x11d
 640 01d6 E0010000 		.4byte	0x1e0
 641 01da 05       		.uleb128 0x5
 642 01db 03       		.byte	0x3
 643 01dc 00000000 		.4byte	USBFS_1_DEVICE0_CONFIGURATION0_TABLE
 644 01e0 0E       		.uleb128 0xe
 645 01e1 BE010000 		.4byte	0x1be
 646 01e5 0B       		.uleb128 0xb
 647 01e6 19010000 		.4byte	0x119
 648 01ea F5010000 		.4byte	0x1f5
 649 01ee 0C       		.uleb128 0xc
 650 01ef 90000000 		.4byte	0x90
 651 01f3 02       		.byte	0x2
 652 01f4 00       		.byte	0
 653 01f5 0F       		.uleb128 0xf
 654 01f6 F2000000 		.4byte	.LASF29
 655 01fa 03       		.byte	0x3
 656 01fb 2801     		.2byte	0x128
 657 01fd 07020000 		.4byte	0x207
 658 0201 05       		.uleb128 0x5
 659 0202 03       		.byte	0x3
 660 0203 00000000 		.4byte	USBFS_1_DEVICE0_TABLE
 661 0207 0E       		.uleb128 0xe
 662 0208 E5010000 		.4byte	0x1e5
 663 020c 0B       		.uleb128 0xb
 664 020d 19010000 		.4byte	0x119
 665 0211 1C020000 		.4byte	0x21c
 666 0215 0C       		.uleb128 0xc
 667 0216 90000000 		.4byte	0x90
 668 021a 00       		.byte	0
 669 021b 00       		.byte	0
 670 021c 0F       		.uleb128 0xf
 671 021d B4000000 		.4byte	.LASF30
 672 0221 03       		.byte	0x3
 673 0222 3001     		.2byte	0x130
 674 0224 2E020000 		.4byte	0x22e
 675 0228 05       		.uleb128 0x5
 676 0229 03       		.byte	0x3
 677 022a 00000000 		.4byte	USBFS_1_TABLE
 678 022e 0E       		.uleb128 0xe
 679 022f 0C020000 		.4byte	0x20c
 680 0233 0B       		.uleb128 0xb
 681 0234 63000000 		.4byte	0x63
 682 0238 43020000 		.4byte	0x243
 683 023c 0C       		.uleb128 0xc
 684 023d 90000000 		.4byte	0x90
ARM GAS  C:\Users\LUKASC~1\AppData\Local\Temp\ccay9Fwu.s 			page 13


 685 0241 A0       		.byte	0xa0
 686 0242 00       		.byte	0
 687 0243 0D       		.uleb128 0xd
 688 0244 81020000 		.4byte	.LASF31
 689 0248 03       		.byte	0x3
 690 0249 CC       		.byte	0xcc
 691 024a 54020000 		.4byte	0x254
 692 024e 05       		.uleb128 0x5
 693 024f 03       		.byte	0x3
 694 0250 00000000 		.4byte	USBFS_1_STRING_DESCRIPTORS
 695 0254 0E       		.uleb128 0xe
 696 0255 33020000 		.4byte	0x233
 697 0259 00       		.byte	0
 698              		.section	.debug_abbrev,"",%progbits
 699              	.Ldebug_abbrev0:
 700 0000 01       		.uleb128 0x1
 701 0001 11       		.uleb128 0x11
 702 0002 01       		.byte	0x1
 703 0003 25       		.uleb128 0x25
 704 0004 0E       		.uleb128 0xe
 705 0005 13       		.uleb128 0x13
 706 0006 0B       		.uleb128 0xb
 707 0007 03       		.uleb128 0x3
 708 0008 0E       		.uleb128 0xe
 709 0009 1B       		.uleb128 0x1b
 710 000a 0E       		.uleb128 0xe
 711 000b 10       		.uleb128 0x10
 712 000c 17       		.uleb128 0x17
 713 000d 00       		.byte	0
 714 000e 00       		.byte	0
 715 000f 02       		.uleb128 0x2
 716 0010 24       		.uleb128 0x24
 717 0011 00       		.byte	0
 718 0012 0B       		.uleb128 0xb
 719 0013 0B       		.uleb128 0xb
 720 0014 3E       		.uleb128 0x3e
 721 0015 0B       		.uleb128 0xb
 722 0016 03       		.uleb128 0x3
 723 0017 0E       		.uleb128 0xe
 724 0018 00       		.byte	0
 725 0019 00       		.byte	0
 726 001a 03       		.uleb128 0x3
 727 001b 24       		.uleb128 0x24
 728 001c 00       		.byte	0
 729 001d 0B       		.uleb128 0xb
 730 001e 0B       		.uleb128 0xb
 731 001f 3E       		.uleb128 0x3e
 732 0020 0B       		.uleb128 0xb
 733 0021 03       		.uleb128 0x3
 734 0022 08       		.uleb128 0x8
 735 0023 00       		.byte	0
 736 0024 00       		.byte	0
 737 0025 04       		.uleb128 0x4
 738 0026 16       		.uleb128 0x16
 739 0027 00       		.byte	0
 740 0028 03       		.uleb128 0x3
 741 0029 0E       		.uleb128 0xe
ARM GAS  C:\Users\LUKASC~1\AppData\Local\Temp\ccay9Fwu.s 			page 14


 742 002a 3A       		.uleb128 0x3a
 743 002b 0B       		.uleb128 0xb
 744 002c 3B       		.uleb128 0x3b
 745 002d 05       		.uleb128 0x5
 746 002e 49       		.uleb128 0x49
 747 002f 13       		.uleb128 0x13
 748 0030 00       		.byte	0
 749 0031 00       		.byte	0
 750 0032 05       		.uleb128 0x5
 751 0033 13       		.uleb128 0x13
 752 0034 01       		.byte	0x1
 753 0035 0B       		.uleb128 0xb
 754 0036 0B       		.uleb128 0xb
 755 0037 3A       		.uleb128 0x3a
 756 0038 0B       		.uleb128 0xb
 757 0039 3B       		.uleb128 0x3b
 758 003a 0B       		.uleb128 0xb
 759 003b 01       		.uleb128 0x1
 760 003c 13       		.uleb128 0x13
 761 003d 00       		.byte	0
 762 003e 00       		.byte	0
 763 003f 06       		.uleb128 0x6
 764 0040 0D       		.uleb128 0xd
 765 0041 00       		.byte	0
 766 0042 03       		.uleb128 0x3
 767 0043 0E       		.uleb128 0xe
 768 0044 3A       		.uleb128 0x3a
 769 0045 0B       		.uleb128 0xb
 770 0046 3B       		.uleb128 0x3b
 771 0047 0B       		.uleb128 0xb
 772 0048 49       		.uleb128 0x49
 773 0049 13       		.uleb128 0x13
 774 004a 38       		.uleb128 0x38
 775 004b 0B       		.uleb128 0xb
 776 004c 00       		.byte	0
 777 004d 00       		.byte	0
 778 004e 07       		.uleb128 0x7
 779 004f 16       		.uleb128 0x16
 780 0050 00       		.byte	0
 781 0051 03       		.uleb128 0x3
 782 0052 0E       		.uleb128 0xe
 783 0053 3A       		.uleb128 0x3a
 784 0054 0B       		.uleb128 0xb
 785 0055 3B       		.uleb128 0x3b
 786 0056 0B       		.uleb128 0xb
 787 0057 49       		.uleb128 0x49
 788 0058 13       		.uleb128 0x13
 789 0059 00       		.byte	0
 790 005a 00       		.byte	0
 791 005b 08       		.uleb128 0x8
 792 005c 0D       		.uleb128 0xd
 793 005d 00       		.byte	0
 794 005e 03       		.uleb128 0x3
 795 005f 08       		.uleb128 0x8
 796 0060 3A       		.uleb128 0x3a
 797 0061 0B       		.uleb128 0xb
 798 0062 3B       		.uleb128 0x3b
ARM GAS  C:\Users\LUKASC~1\AppData\Local\Temp\ccay9Fwu.s 			page 15


 799 0063 0B       		.uleb128 0xb
 800 0064 49       		.uleb128 0x49
 801 0065 13       		.uleb128 0x13
 802 0066 38       		.uleb128 0x38
 803 0067 0B       		.uleb128 0xb
 804 0068 00       		.byte	0
 805 0069 00       		.byte	0
 806 006a 09       		.uleb128 0x9
 807 006b 0F       		.uleb128 0xf
 808 006c 00       		.byte	0
 809 006d 0B       		.uleb128 0xb
 810 006e 0B       		.uleb128 0xb
 811 006f 49       		.uleb128 0x49
 812 0070 13       		.uleb128 0x13
 813 0071 00       		.byte	0
 814 0072 00       		.byte	0
 815 0073 0A       		.uleb128 0xa
 816 0074 26       		.uleb128 0x26
 817 0075 00       		.byte	0
 818 0076 00       		.byte	0
 819 0077 00       		.byte	0
 820 0078 0B       		.uleb128 0xb
 821 0079 01       		.uleb128 0x1
 822 007a 01       		.byte	0x1
 823 007b 49       		.uleb128 0x49
 824 007c 13       		.uleb128 0x13
 825 007d 01       		.uleb128 0x1
 826 007e 13       		.uleb128 0x13
 827 007f 00       		.byte	0
 828 0080 00       		.byte	0
 829 0081 0C       		.uleb128 0xc
 830 0082 21       		.uleb128 0x21
 831 0083 00       		.byte	0
 832 0084 49       		.uleb128 0x49
 833 0085 13       		.uleb128 0x13
 834 0086 2F       		.uleb128 0x2f
 835 0087 0B       		.uleb128 0xb
 836 0088 00       		.byte	0
 837 0089 00       		.byte	0
 838 008a 0D       		.uleb128 0xd
 839 008b 34       		.uleb128 0x34
 840 008c 00       		.byte	0
 841 008d 03       		.uleb128 0x3
 842 008e 0E       		.uleb128 0xe
 843 008f 3A       		.uleb128 0x3a
 844 0090 0B       		.uleb128 0xb
 845 0091 3B       		.uleb128 0x3b
 846 0092 0B       		.uleb128 0xb
 847 0093 49       		.uleb128 0x49
 848 0094 13       		.uleb128 0x13
 849 0095 3F       		.uleb128 0x3f
 850 0096 19       		.uleb128 0x19
 851 0097 02       		.uleb128 0x2
 852 0098 18       		.uleb128 0x18
 853 0099 00       		.byte	0
 854 009a 00       		.byte	0
 855 009b 0E       		.uleb128 0xe
ARM GAS  C:\Users\LUKASC~1\AppData\Local\Temp\ccay9Fwu.s 			page 16


 856 009c 26       		.uleb128 0x26
 857 009d 00       		.byte	0
 858 009e 49       		.uleb128 0x49
 859 009f 13       		.uleb128 0x13
 860 00a0 00       		.byte	0
 861 00a1 00       		.byte	0
 862 00a2 0F       		.uleb128 0xf
 863 00a3 34       		.uleb128 0x34
 864 00a4 00       		.byte	0
 865 00a5 03       		.uleb128 0x3
 866 00a6 0E       		.uleb128 0xe
 867 00a7 3A       		.uleb128 0x3a
 868 00a8 0B       		.uleb128 0xb
 869 00a9 3B       		.uleb128 0x3b
 870 00aa 05       		.uleb128 0x5
 871 00ab 49       		.uleb128 0x49
 872 00ac 13       		.uleb128 0x13
 873 00ad 3F       		.uleb128 0x3f
 874 00ae 19       		.uleb128 0x19
 875 00af 02       		.uleb128 0x2
 876 00b0 18       		.uleb128 0x18
 877 00b1 00       		.byte	0
 878 00b2 00       		.byte	0
 879 00b3 00       		.byte	0
 880              		.section	.debug_aranges,"",%progbits
 881 0000 14000000 		.4byte	0x14
 882 0004 0200     		.2byte	0x2
 883 0006 00000000 		.4byte	.Ldebug_info0
 884 000a 04       		.byte	0x4
 885 000b 00       		.byte	0
 886 000c 0000     		.2byte	0
 887 000e 0000     		.2byte	0
 888 0010 00000000 		.4byte	0
 889 0014 00000000 		.4byte	0
 890              		.section	.debug_line,"",%progbits
 891              	.Ldebug_line0:
 892 0000 5F000000 		.section	.debug_str,"MS",%progbits,1
 892      02005900 
 892      00000201 
 892      FB0E0D00 
 892      01010101 
 893              	.LASF34:
 894 0000 433A5C55 		.ascii	"C:\\Users\\Lukas Creutzburg\\Documents\\GitHub\\fre"
 894      73657273 
 894      5C4C756B 
 894      61732043 
 894      72657574 
 895 002e 65445350 		.ascii	"eDSPPSoC-I2C\\PSoC5_SPI_Master_DSP.cydsn\000"
 895      50536F43 
 895      2D493243 
 895      5C50536F 
 895      43355F53 
 896              	.LASF4:
 897 0056 6C6F6E67 		.ascii	"long int\000"
 897      20696E74 
 897      00
 898              	.LASF3:
ARM GAS  C:\Users\LUKASC~1\AppData\Local\Temp\ccay9Fwu.s 			page 17


 899 005f 73686F72 		.ascii	"short unsigned int\000"
 899      7420756E 
 899      7369676E 
 899      65642069 
 899      6E7400
 900              	.LASF25:
 901 0072 55534246 		.ascii	"USBFS_1_DEVICE0_CONFIGURATION0_DESCR\000"
 901      535F315F 
 901      44455649 
 901      4345305F 
 901      434F4E46 
 902              	.LASF11:
 903 0097 666C6F61 		.ascii	"float\000"
 903      7400
 904              	.LASF16:
 905 009d 616C7453 		.ascii	"altSetting\000"
 905      65747469 
 905      6E6700
 906              	.LASF0:
 907 00a8 7369676E 		.ascii	"signed char\000"
 907      65642063 
 907      68617200 
 908              	.LASF30:
 909 00b4 55534246 		.ascii	"USBFS_1_TABLE\000"
 909      535F315F 
 909      5441424C 
 909      4500
 910              	.LASF1:
 911 00c2 756E7369 		.ascii	"unsigned char\000"
 911      676E6564 
 911      20636861 
 911      7200
 912              	.LASF18:
 913 00d0 61747472 		.ascii	"attributes\000"
 913      69627574 
 913      657300
 914              	.LASF5:
 915 00db 6C6F6E67 		.ascii	"long unsigned int\000"
 915      20756E73 
 915      69676E65 
 915      6420696E 
 915      7400
 916              	.LASF17:
 917 00ed 61646472 		.ascii	"addr\000"
 917      00
 918              	.LASF29:
 919 00f2 55534246 		.ascii	"USBFS_1_DEVICE0_TABLE\000"
 919      535F315F 
 919      44455649 
 919      4345305F 
 919      5441424C 
 920              	.LASF21:
 921 0108 545F5553 		.ascii	"T_USBFS_1_EP_SETTINGS_BLOCK\000"
 921      4246535F 
 921      315F4550 
 921      5F534554 
 921      54494E47 
ARM GAS  C:\Users\LUKASC~1\AppData\Local\Temp\ccay9Fwu.s 			page 18


 922              	.LASF32:
 923 0124 474E5520 		.ascii	"GNU C 4.9.3 20150303 (release) [ARM/embedded-4_9-br"
 923      4320342E 
 923      392E3320 
 923      32303135 
 923      30333033 
 924 0157 616E6368 		.ascii	"anch revision 221220] -mcpu=cortex-m3 -mthumb -g -O"
 924      20726576 
 924      6973696F 
 924      6E203232 
 924      31323230 
 925 018a 30202D66 		.ascii	"0 -ffunction-sections -ffat-lto-objects\000"
 925      66756E63 
 925      74696F6E 
 925      2D736563 
 925      74696F6E 
 926              	.LASF12:
 927 01b2 646F7562 		.ascii	"double\000"
 927      6C6500
 928              	.LASF10:
 929 01b9 75696E74 		.ascii	"uint16\000"
 929      313600
 930              	.LASF26:
 931 01c0 55534246 		.ascii	"USBFS_1_DEVICE0_CONFIGURATION0_EP_SETTINGS_TABLE\000"
 931      535F315F 
 931      44455649 
 931      4345305F 
 931      434F4E46 
 932              	.LASF8:
 933 01f1 756E7369 		.ascii	"unsigned int\000"
 933      676E6564 
 933      20696E74 
 933      00
 934              	.LASF23:
 935 01fe 545F5553 		.ascii	"T_USBFS_1_LUT\000"
 935      4246535F 
 935      315F4C55 
 935      5400
 936              	.LASF24:
 937 020c 55534246 		.ascii	"USBFS_1_DEVICE0_DESCR\000"
 937      535F315F 
 937      44455649 
 937      4345305F 
 937      44455343 
 938              	.LASF7:
 939 0222 6C6F6E67 		.ascii	"long long unsigned int\000"
 939      206C6F6E 
 939      6720756E 
 939      7369676E 
 939      65642069 
 940              	.LASF22:
 941 0239 705F6C69 		.ascii	"p_list\000"
 941      737400
 942              	.LASF14:
 943 0240 73697A65 		.ascii	"sizetype\000"
 943      74797065 
 943      00
ARM GAS  C:\Users\LUKASC~1\AppData\Local\Temp\ccay9Fwu.s 			page 19


 944              	.LASF6:
 945 0249 6C6F6E67 		.ascii	"long long int\000"
 945      206C6F6E 
 945      6720696E 
 945      7400
 946              	.LASF13:
 947 0257 63686172 		.ascii	"char\000"
 947      00
 948              	.LASF19:
 949 025c 62756666 		.ascii	"bufferSize\000"
 949      65725369 
 949      7A6500
 950              	.LASF2:
 951 0267 73686F72 		.ascii	"short int\000"
 951      7420696E 
 951      7400
 952              	.LASF9:
 953 0271 75696E74 		.ascii	"uint8\000"
 953      3800
 954              	.LASF15:
 955 0277 696E7465 		.ascii	"interface\000"
 955      72666163 
 955      6500
 956              	.LASF31:
 957 0281 55534246 		.ascii	"USBFS_1_STRING_DESCRIPTORS\000"
 957      535F315F 
 957      53545249 
 957      4E475F44 
 957      45534352 
 958              	.LASF27:
 959 029c 55534246 		.ascii	"USBFS_1_DEVICE0_CONFIGURATION0_INTERFACE_CLASS\000"
 959      535F315F 
 959      44455649 
 959      4345305F 
 959      434F4E46 
 960              	.LASF33:
 961 02cb 2E5C4765 		.ascii	".\\Generated_Source\\PSoC5\\USBFS_1_descr.c\000"
 961      6E657261 
 961      7465645F 
 961      536F7572 
 961      63655C50 
 962              	.LASF28:
 963 02f4 55534246 		.ascii	"USBFS_1_DEVICE0_CONFIGURATION0_TABLE\000"
 963      535F315F 
 963      44455649 
 963      4345305F 
 963      434F4E46 
 964              	.LASF20:
 965 0319 624D6973 		.ascii	"bMisc\000"
 965      6300
 966              		.ident	"GCC: (GNU Tools for ARM Embedded Processors) 4.9.3 20150303 (release) [ARM/embedded-4_9-br
