ARM GAS  C:\Users\LUKASC~1\AppData\Local\Temp\ccbVjCQm.s 			page 1


   1              		.syntax unified
   2              		.cpu cortex-m3
   3              		.fpu softvfp
   4              		.eabi_attribute 20, 1
   5              		.eabi_attribute 21, 1
   6              		.eabi_attribute 23, 3
   7              		.eabi_attribute 24, 1
   8              		.eabi_attribute 25, 1
   9              		.eabi_attribute 26, 1
  10              		.eabi_attribute 30, 6
  11              		.eabi_attribute 34, 1
  12              		.eabi_attribute 18, 4
  13              		.thumb
  14              		.file	"USBFS_descr.c"
  15              		.text
  16              	.Ltext0:
  17              		.cfi_sections	.debug_frame
  18              		.global	USBFS_DEVICE0_DESCR
  19              		.section	.rodata
  20              		.align	2
  21              		.type	USBFS_DEVICE0_DESCR, %object
  22              		.size	USBFS_DEVICE0_DESCR, 18
  23              	USBFS_DEVICE0_DESCR:
  24 0000 12       		.byte	18
  25 0001 01       		.byte	1
  26 0002 00       		.byte	0
  27 0003 02       		.byte	2
  28 0004 00       		.byte	0
  29 0005 00       		.byte	0
  30 0006 00       		.byte	0
  31 0007 08       		.byte	8
  32 0008 B4       		.byte	-76
  33 0009 04       		.byte	4
  34 000a 51       		.byte	81
  35 000b 80       		.byte	-128
  36 000c 00       		.byte	0
  37 000d 00       		.byte	0
  38 000e 01       		.byte	1
  39 000f 02       		.byte	2
  40 0010 00       		.byte	0
  41 0011 01       		.byte	1
  42              		.global	USBFS_DEVICE0_CONFIGURATION0_DESCR
  43 0012 0000     		.align	2
  44              		.type	USBFS_DEVICE0_CONFIGURATION0_DESCR, %object
  45              		.size	USBFS_DEVICE0_CONFIGURATION0_DESCR, 172
  46              	USBFS_DEVICE0_CONFIGURATION0_DESCR:
  47 0014 09       		.byte	9
  48 0015 02       		.byte	2
  49 0016 AC       		.byte	-84
  50 0017 00       		.byte	0
  51 0018 02       		.byte	2
  52 0019 01       		.byte	1
  53 001a 00       		.byte	0
  54 001b 80       		.byte	-128
  55 001c 19       		.byte	25
  56 001d 09       		.byte	9
  57 001e 04       		.byte	4
ARM GAS  C:\Users\LUKASC~1\AppData\Local\Temp\ccbVjCQm.s 			page 2


  58 001f 00       		.byte	0
  59 0020 00       		.byte	0
  60 0021 01       		.byte	1
  61 0022 01       		.byte	1
  62 0023 01       		.byte	1
  63 0024 00       		.byte	0
  64 0025 01       		.byte	1
  65 0026 09       		.byte	9
  66 0027 24       		.byte	36
  67 0028 01       		.byte	1
  68 0029 00       		.byte	0
  69 002a 01       		.byte	1
  70 002b 26       		.byte	38
  71 002c 00       		.byte	0
  72 002d 01       		.byte	1
  73 002e 01       		.byte	1
  74 002f 08       		.byte	8
  75 0030 24       		.byte	36
  76 0031 06       		.byte	6
  77 0032 02       		.byte	2
  78 0033 01       		.byte	1
  79 0034 01       		.byte	1
  80 0035 03       		.byte	3
  81 0036 00       		.byte	0
  82 0037 0C       		.byte	12
  83 0038 24       		.byte	36
  84 0039 02       		.byte	2
  85 003a 01       		.byte	1
  86 003b 01       		.byte	1
  87 003c 01       		.byte	1
  88 003d 00       		.byte	0
  89 003e 02       		.byte	2
  90 003f 03       		.byte	3
  91 0040 00       		.byte	0
  92 0041 00       		.byte	0
  93 0042 05       		.byte	5
  94 0043 09       		.byte	9
  95 0044 24       		.byte	36
  96 0045 03       		.byte	3
  97 0046 03       		.byte	3
  98 0047 01       		.byte	1
  99 0048 03       		.byte	3
 100 0049 00       		.byte	0
 101 004a 02       		.byte	2
 102 004b 07       		.byte	7
 103 004c 09       		.byte	9
 104 004d 05       		.byte	5
 105 004e 86       		.byte	-122
 106 004f 03       		.byte	3
 107 0050 02       		.byte	2
 108 0051 00       		.byte	0
 109 0052 1E       		.byte	30
 110 0053 00       		.byte	0
 111 0054 00       		.byte	0
 112 0055 09       		.byte	9
 113 0056 04       		.byte	4
 114 0057 01       		.byte	1
ARM GAS  C:\Users\LUKASC~1\AppData\Local\Temp\ccbVjCQm.s 			page 3


 115 0058 00       		.byte	0
 116 0059 00       		.byte	0
 117 005a 01       		.byte	1
 118 005b 02       		.byte	2
 119 005c 00       		.byte	0
 120 005d 01       		.byte	1
 121 005e 09       		.byte	9
 122 005f 04       		.byte	4
 123 0060 01       		.byte	1
 124 0061 01       		.byte	1
 125 0062 01       		.byte	1
 126 0063 01       		.byte	1
 127 0064 02       		.byte	2
 128 0065 00       		.byte	0
 129 0066 08       		.byte	8
 130 0067 07       		.byte	7
 131 0068 24       		.byte	36
 132 0069 01       		.byte	1
 133 006a 01       		.byte	1
 134 006b 01       		.byte	1
 135 006c 01       		.byte	1
 136 006d 00       		.byte	0
 137 006e 11       		.byte	17
 138 006f 24       		.byte	36
 139 0070 02       		.byte	2
 140 0071 01       		.byte	1
 141 0072 02       		.byte	2
 142 0073 02       		.byte	2
 143 0074 10       		.byte	16
 144 0075 03       		.byte	3
 145 0076 00       		.byte	0
 146 0077 7D       		.byte	125
 147 0078 00       		.byte	0
 148 0079 44       		.byte	68
 149 007a AC       		.byte	-84
 150 007b 00       		.byte	0
 151 007c 80       		.byte	-128
 152 007d BB       		.byte	-69
 153 007e 00       		.byte	0
 154 007f 09       		.byte	9
 155 0080 05       		.byte	5
 156 0081 01       		.byte	1
 157 0082 0D       		.byte	13
 158 0083 C0       		.byte	-64
 159 0084 00       		.byte	0
 160 0085 01       		.byte	1
 161 0086 00       		.byte	0
 162 0087 00       		.byte	0
 163 0088 07       		.byte	7
 164 0089 25       		.byte	37
 165 008a 01       		.byte	1
 166 008b 01       		.byte	1
 167 008c 01       		.byte	1
 168 008d 01       		.byte	1
 169 008e 00       		.byte	0
 170 008f 09       		.byte	9
 171 0090 04       		.byte	4
ARM GAS  C:\Users\LUKASC~1\AppData\Local\Temp\ccbVjCQm.s 			page 4


 172 0091 01       		.byte	1
 173 0092 02       		.byte	2
 174 0093 01       		.byte	1
 175 0094 01       		.byte	1
 176 0095 02       		.byte	2
 177 0096 00       		.byte	0
 178 0097 06       		.byte	6
 179 0098 07       		.byte	7
 180 0099 24       		.byte	36
 181 009a 01       		.byte	1
 182 009b 01       		.byte	1
 183 009c 01       		.byte	1
 184 009d 01       		.byte	1
 185 009e 00       		.byte	0
 186 009f 11       		.byte	17
 187 00a0 24       		.byte	36
 188 00a1 02       		.byte	2
 189 00a2 01       		.byte	1
 190 00a3 02       		.byte	2
 191 00a4 03       		.byte	3
 192 00a5 18       		.byte	24
 193 00a6 03       		.byte	3
 194 00a7 00       		.byte	0
 195 00a8 7D       		.byte	125
 196 00a9 00       		.byte	0
 197 00aa 44       		.byte	68
 198 00ab AC       		.byte	-84
 199 00ac 00       		.byte	0
 200 00ad 80       		.byte	-128
 201 00ae BB       		.byte	-69
 202 00af 00       		.byte	0
 203 00b0 09       		.byte	9
 204 00b1 05       		.byte	5
 205 00b2 01       		.byte	1
 206 00b3 0D       		.byte	13
 207 00b4 20       		.byte	32
 208 00b5 01       		.byte	1
 209 00b6 01       		.byte	1
 210 00b7 00       		.byte	0
 211 00b8 00       		.byte	0
 212 00b9 07       		.byte	7
 213 00ba 25       		.byte	37
 214 00bb 01       		.byte	1
 215 00bc 01       		.byte	1
 216 00bd 01       		.byte	1
 217 00be 01       		.byte	1
 218 00bf 00       		.byte	0
 219              		.global	USBFS_STRING_DESCRIPTORS
 220              		.align	2
 221              		.type	USBFS_STRING_DESCRIPTORS, %object
 222              		.size	USBFS_STRING_DESCRIPTORS, 249
 223              	USBFS_STRING_DESCRIPTORS:
 224 00c0 04       		.byte	4
 225 00c1 03       		.byte	3
 226 00c2 09       		.byte	9
 227 00c3 04       		.byte	4
 228 00c4 10       		.byte	16
ARM GAS  C:\Users\LUKASC~1\AppData\Local\Temp\ccbVjCQm.s 			page 5


 229 00c5 03       		.byte	3
 230 00c6 46       		.byte	70
 231 00c7 00       		.byte	0
 232 00c8 72       		.byte	114
 233 00c9 00       		.byte	0
 234 00ca 65       		.byte	101
 235 00cb 00       		.byte	0
 236 00cc 65       		.byte	101
 237 00cd 00       		.byte	0
 238 00ce 44       		.byte	68
 239 00cf 00       		.byte	0
 240 00d0 53       		.byte	83
 241 00d1 00       		.byte	0
 242 00d2 50       		.byte	80
 243 00d3 00       		.byte	0
 244 00d4 12       		.byte	18
 245 00d5 03       		.byte	3
 246 00d6 49       		.byte	73
 247 00d7 00       		.byte	0
 248 00d8 6E       		.byte	110
 249 00d9 00       		.byte	0
 250 00da 73       		.byte	115
 251 00db 00       		.byte	0
 252 00dc 61       		.byte	97
 253 00dd 00       		.byte	0
 254 00de 6E       		.byte	110
 255 00df 00       		.byte	0
 256 00e0 69       		.byte	105
 257 00e1 00       		.byte	0
 258 00e2 74       		.byte	116
 259 00e3 00       		.byte	0
 260 00e4 79       		.byte	121
 261 00e5 00       		.byte	0
 262 00e6 2C       		.byte	44
 263 00e7 03       		.byte	3
 264 00e8 43       		.byte	67
 265 00e9 00       		.byte	0
 266 00ea 79       		.byte	121
 267 00eb 00       		.byte	0
 268 00ec 70       		.byte	112
 269 00ed 00       		.byte	0
 270 00ee 72       		.byte	114
 271 00ef 00       		.byte	0
 272 00f0 65       		.byte	101
 273 00f1 00       		.byte	0
 274 00f2 73       		.byte	115
 275 00f3 00       		.byte	0
 276 00f4 73       		.byte	115
 277 00f5 00       		.byte	0
 278 00f6 20       		.byte	32
 279 00f7 00       		.byte	0
 280 00f8 44       		.byte	68
 281 00f9 00       		.byte	0
 282 00fa 69       		.byte	105
 283 00fb 00       		.byte	0
 284 00fc 67       		.byte	103
 285 00fd 00       		.byte	0
ARM GAS  C:\Users\LUKASC~1\AppData\Local\Temp\ccbVjCQm.s 			page 6


 286 00fe 69       		.byte	105
 287 00ff 00       		.byte	0
 288 0100 74       		.byte	116
 289 0101 00       		.byte	0
 290 0102 61       		.byte	97
 291 0103 00       		.byte	0
 292 0104 6C       		.byte	108
 293 0105 00       		.byte	0
 294 0106 20       		.byte	32
 295 0107 00       		.byte	0
 296 0108 41       		.byte	65
 297 0109 00       		.byte	0
 298 010a 75       		.byte	117
 299 010b 00       		.byte	0
 300 010c 64       		.byte	100
 301 010d 00       		.byte	0
 302 010e 69       		.byte	105
 303 010f 00       		.byte	0
 304 0110 6F       		.byte	111
 305 0111 00       		.byte	0
 306 0112 16       		.byte	22
 307 0113 03       		.byte	3
 308 0114 4D       		.byte	77
 309 0115 00       		.byte	0
 310 0116 69       		.byte	105
 311 0117 00       		.byte	0
 312 0118 63       		.byte	99
 313 0119 00       		.byte	0
 314 011a 72       		.byte	114
 315 011b 00       		.byte	0
 316 011c 6F       		.byte	111
 317 011d 00       		.byte	0
 318 011e 70       		.byte	112
 319 011f 00       		.byte	0
 320 0120 68       		.byte	104
 321 0121 00       		.byte	0
 322 0122 6F       		.byte	111
 323 0123 00       		.byte	0
 324 0124 6E       		.byte	110
 325 0125 00       		.byte	0
 326 0126 65       		.byte	101
 327 0127 00       		.byte	0
 328 0128 1C       		.byte	28
 329 0129 03       		.byte	3
 330 012a 55       		.byte	85
 331 012b 00       		.byte	0
 332 012c 53       		.byte	83
 333 012d 00       		.byte	0
 334 012e 42       		.byte	66
 335 012f 00       		.byte	0
 336 0130 20       		.byte	32
 337 0131 00       		.byte	0
 338 0132 53       		.byte	83
 339 0133 00       		.byte	0
 340 0134 74       		.byte	116
 341 0135 00       		.byte	0
 342 0136 72       		.byte	114
ARM GAS  C:\Users\LUKASC~1\AppData\Local\Temp\ccbVjCQm.s 			page 7


 343 0137 00       		.byte	0
 344 0138 65       		.byte	101
 345 0139 00       		.byte	0
 346 013a 61       		.byte	97
 347 013b 00       		.byte	0
 348 013c 6D       		.byte	109
 349 013d 00       		.byte	0
 350 013e 69       		.byte	105
 351 013f 00       		.byte	0
 352 0140 6E       		.byte	110
 353 0141 00       		.byte	0
 354 0142 67       		.byte	103
 355 0143 00       		.byte	0
 356 0144 1C       		.byte	28
 357 0145 03       		.byte	3
 358 0146 41       		.byte	65
 359 0147 00       		.byte	0
 360 0148 63       		.byte	99
 361 0149 00       		.byte	0
 362 014a 74       		.byte	116
 363 014b 00       		.byte	0
 364 014c 69       		.byte	105
 365 014d 00       		.byte	0
 366 014e 76       		.byte	118
 367 014f 00       		.byte	0
 368 0150 65       		.byte	101
 369 0151 00       		.byte	0
 370 0152 20       		.byte	32
 371 0153 00       		.byte	0
 372 0154 32       		.byte	50
 373 0155 00       		.byte	0
 374 0156 34       		.byte	52
 375 0157 00       		.byte	0
 376 0158 20       		.byte	32
 377 0159 00       		.byte	0
 378 015a 62       		.byte	98
 379 015b 00       		.byte	0
 380 015c 69       		.byte	105
 381 015d 00       		.byte	0
 382 015e 74       		.byte	116
 383 015f 00       		.byte	0
 384 0160 10       		.byte	16
 385 0161 03       		.byte	3
 386 0162 53       		.byte	83
 387 0163 00       		.byte	0
 388 0164 70       		.byte	112
 389 0165 00       		.byte	0
 390 0166 65       		.byte	101
 391 0167 00       		.byte	0
 392 0168 61       		.byte	97
 393 0169 00       		.byte	0
 394 016a 6B       		.byte	107
 395 016b 00       		.byte	0
 396 016c 65       		.byte	101
 397 016d 00       		.byte	0
 398 016e 72       		.byte	114
 399 016f 00       		.byte	0
ARM GAS  C:\Users\LUKASC~1\AppData\Local\Temp\ccbVjCQm.s 			page 8


 400 0170 1C       		.byte	28
 401 0171 03       		.byte	3
 402 0172 41       		.byte	65
 403 0173 00       		.byte	0
 404 0174 63       		.byte	99
 405 0175 00       		.byte	0
 406 0176 74       		.byte	116
 407 0177 00       		.byte	0
 408 0178 69       		.byte	105
 409 0179 00       		.byte	0
 410 017a 76       		.byte	118
 411 017b 00       		.byte	0
 412 017c 65       		.byte	101
 413 017d 00       		.byte	0
 414 017e 20       		.byte	32
 415 017f 00       		.byte	0
 416 0180 31       		.byte	49
 417 0181 00       		.byte	0
 418 0182 36       		.byte	54
 419 0183 00       		.byte	0
 420 0184 20       		.byte	32
 421 0185 00       		.byte	0
 422 0186 62       		.byte	98
 423 0187 00       		.byte	0
 424 0188 69       		.byte	105
 425 0189 00       		.byte	0
 426 018a 74       		.byte	116
 427 018b 00       		.byte	0
 428 018c 2C       		.byte	44
 429 018d 03       		.byte	3
 430 018e 46       		.byte	70
 431 018f 00       		.byte	0
 432 0190 72       		.byte	114
 433 0191 00       		.byte	0
 434 0192 65       		.byte	101
 435 0193 00       		.byte	0
 436 0194 65       		.byte	101
 437 0195 00       		.byte	0
 438 0196 44       		.byte	68
 439 0197 00       		.byte	0
 440 0198 53       		.byte	83
 441 0199 00       		.byte	0
 442 019a 50       		.byte	80
 443 019b 00       		.byte	0
 444 019c 20       		.byte	32
 445 019d 00       		.byte	0
 446 019e 55       		.byte	85
 447 019f 00       		.byte	0
 448 01a0 53       		.byte	83
 449 01a1 00       		.byte	0
 450 01a2 42       		.byte	66
 451 01a3 00       		.byte	0
 452 01a4 20       		.byte	32
 453 01a5 00       		.byte	0
 454 01a6 49       		.byte	73
 455 01a7 00       		.byte	0
 456 01a8 6E       		.byte	110
ARM GAS  C:\Users\LUKASC~1\AppData\Local\Temp\ccbVjCQm.s 			page 9


 457 01a9 00       		.byte	0
 458 01aa 74       		.byte	116
 459 01ab 00       		.byte	0
 460 01ac 65       		.byte	101
 461 01ad 00       		.byte	0
 462 01ae 72       		.byte	114
 463 01af 00       		.byte	0
 464 01b0 66       		.byte	102
 465 01b1 00       		.byte	0
 466 01b2 61       		.byte	97
 467 01b3 00       		.byte	0
 468 01b4 63       		.byte	99
 469 01b5 00       		.byte	0
 470 01b6 65       		.byte	101
 471 01b7 00       		.byte	0
 472 01b8 00       		.byte	0
 473              		.global	USBFS_DEVICE0_CONFIGURATION0_EP_SETTINGS_TABLE
 474 01b9 000000   		.align	2
 475              		.type	USBFS_DEVICE0_CONFIGURATION0_EP_SETTINGS_TABLE, %object
 476              		.size	USBFS_DEVICE0_CONFIGURATION0_EP_SETTINGS_TABLE, 24
 477              	USBFS_DEVICE0_CONFIGURATION0_EP_SETTINGS_TABLE:
 478 01bc 00       		.byte	0
 479 01bd 00       		.byte	0
 480 01be 86       		.byte	-122
 481 01bf 03       		.byte	3
 482 01c0 0200     		.short	2
 483 01c2 01       		.byte	1
 484 01c3 00       		.space	1
 485 01c4 01       		.byte	1
 486 01c5 01       		.byte	1
 487 01c6 01       		.byte	1
 488 01c7 0D       		.byte	13
 489 01c8 C000     		.short	192
 490 01ca 01       		.byte	1
 491 01cb 00       		.space	1
 492 01cc 01       		.byte	1
 493 01cd 02       		.byte	2
 494 01ce 01       		.byte	1
 495 01cf 0D       		.byte	13
 496 01d0 2001     		.short	288
 497 01d2 01       		.byte	1
 498 01d3 00       		.space	1
 499              		.global	USBFS_DEVICE0_CONFIGURATION0_INTERFACE_CLASS
 500              		.align	2
 501              		.type	USBFS_DEVICE0_CONFIGURATION0_INTERFACE_CLASS, %object
 502              		.size	USBFS_DEVICE0_CONFIGURATION0_INTERFACE_CLASS, 2
 503              	USBFS_DEVICE0_CONFIGURATION0_INTERFACE_CLASS:
 504 01d4 01       		.byte	1
 505 01d5 01       		.byte	1
 506              		.global	USBFS_DEVICE0_CONFIGURATION0_TABLE
 507 01d6 0000     		.align	2
 508              		.type	USBFS_DEVICE0_CONFIGURATION0_TABLE, %object
 509              		.size	USBFS_DEVICE0_CONFIGURATION0_TABLE, 40
 510              	USBFS_DEVICE0_CONFIGURATION0_TABLE:
 511 01d8 01       		.byte	1
 512 01d9 000000   		.space	3
 513 01dc 00000000 		.word	USBFS_DEVICE0_CONFIGURATION0_DESCR
ARM GAS  C:\Users\LUKASC~1\AppData\Local\Temp\ccbVjCQm.s 			page 10


 514 01e0 03       		.byte	3
 515 01e1 000000   		.space	3
 516 01e4 00000000 		.word	USBFS_DEVICE0_CONFIGURATION0_EP_SETTINGS_TABLE
 517 01e8 00       		.byte	0
 518 01e9 000000   		.space	3
 519 01ec 00000000 		.word	0
 520 01f0 00       		.byte	0
 521 01f1 000000   		.space	3
 522 01f4 00000000 		.word	0
 523 01f8 00       		.byte	0
 524 01f9 000000   		.space	3
 525 01fc 00000000 		.word	USBFS_DEVICE0_CONFIGURATION0_INTERFACE_CLASS
 526              		.global	USBFS_DEVICE0_TABLE
 527              		.align	2
 528              		.type	USBFS_DEVICE0_TABLE, %object
 529              		.size	USBFS_DEVICE0_TABLE, 24
 530              	USBFS_DEVICE0_TABLE:
 531 0200 01       		.byte	1
 532 0201 000000   		.space	3
 533 0204 00000000 		.word	USBFS_DEVICE0_DESCR
 534 0208 00       		.byte	0
 535 0209 000000   		.space	3
 536 020c 00000000 		.word	0
 537 0210 01       		.byte	1
 538 0211 000000   		.space	3
 539 0214 00000000 		.word	USBFS_DEVICE0_CONFIGURATION0_TABLE
 540              		.global	USBFS_TABLE
 541              		.align	2
 542              		.type	USBFS_TABLE, %object
 543              		.size	USBFS_TABLE, 8
 544              	USBFS_TABLE:
 545 0218 01       		.byte	1
 546 0219 000000   		.space	3
 547 021c 00000000 		.word	USBFS_DEVICE0_TABLE
 548              		.text
 549              	.Letext0:
 550              		.file 1 ".\\Generated_Source\\PSoC5\\cytypes.h"
 551              		.file 2 ".\\Generated_Source\\PSoC5\\USBFS.h"
 552              		.file 3 ".\\Generated_Source\\PSoC5\\USBFS_descr.c"
 553              		.section	.debug_info,"",%progbits
 554              	.Ldebug_info0:
 555 0000 57020000 		.4byte	0x257
 556 0004 0400     		.2byte	0x4
 557 0006 00000000 		.4byte	.Ldebug_abbrev0
 558 000a 04       		.byte	0x4
 559 000b 01       		.uleb128 0x1
 560 000c 35010000 		.4byte	.LASF32
 561 0010 01       		.byte	0x1
 562 0011 A2020000 		.4byte	.LASF33
 563 0015 41000000 		.4byte	.LASF34
 564 0019 00000000 		.4byte	.Ldebug_line0
 565 001d 02       		.uleb128 0x2
 566 001e 01       		.byte	0x1
 567 001f 06       		.byte	0x6
 568 0020 F7020000 		.4byte	.LASF0
 569 0024 02       		.uleb128 0x2
 570 0025 01       		.byte	0x1
ARM GAS  C:\Users\LUKASC~1\AppData\Local\Temp\ccbVjCQm.s 			page 11


 571 0026 08       		.byte	0x8
 572 0027 27010000 		.4byte	.LASF1
 573 002b 02       		.uleb128 0x2
 574 002c 02       		.byte	0x2
 575 002d 05       		.byte	0x5
 576 002e D4020000 		.4byte	.LASF2
 577 0032 02       		.uleb128 0x2
 578 0033 02       		.byte	0x2
 579 0034 07       		.byte	0x7
 580 0035 A3000000 		.4byte	.LASF3
 581 0039 02       		.uleb128 0x2
 582 003a 04       		.byte	0x4
 583 003b 05       		.byte	0x5
 584 003c EE020000 		.4byte	.LASF4
 585 0040 02       		.uleb128 0x2
 586 0041 04       		.byte	0x4
 587 0042 07       		.byte	0x7
 588 0043 23020000 		.4byte	.LASF5
 589 0047 02       		.uleb128 0x2
 590 0048 08       		.byte	0x8
 591 0049 05       		.byte	0x5
 592 004a 83020000 		.4byte	.LASF6
 593 004e 02       		.uleb128 0x2
 594 004f 08       		.byte	0x8
 595 0050 07       		.byte	0x7
 596 0051 42020000 		.4byte	.LASF7
 597 0055 03       		.uleb128 0x3
 598 0056 04       		.byte	0x4
 599 0057 05       		.byte	0x5
 600 0058 696E7400 		.ascii	"int\000"
 601 005c 02       		.uleb128 0x2
 602 005d 04       		.byte	0x4
 603 005e 07       		.byte	0x7
 604 005f 35020000 		.4byte	.LASF8
 605 0063 04       		.uleb128 0x4
 606 0064 DE020000 		.4byte	.LASF9
 607 0068 01       		.byte	0x1
 608 0069 9201     		.2byte	0x192
 609 006b 24000000 		.4byte	0x24
 610 006f 04       		.uleb128 0x4
 611 0070 CA010000 		.4byte	.LASF10
 612 0074 01       		.byte	0x1
 613 0075 9301     		.2byte	0x193
 614 0077 32000000 		.4byte	0x32
 615 007b 02       		.uleb128 0x2
 616 007c 04       		.byte	0x4
 617 007d 04       		.byte	0x4
 618 007e B6000000 		.4byte	.LASF11
 619 0082 02       		.uleb128 0x2
 620 0083 08       		.byte	0x8
 621 0084 04       		.byte	0x4
 622 0085 C3010000 		.4byte	.LASF12
 623 0089 02       		.uleb128 0x2
 624 008a 01       		.byte	0x1
 625 008b 08       		.byte	0x8
 626 008c 9D020000 		.4byte	.LASF13
 627 0090 02       		.uleb128 0x2
ARM GAS  C:\Users\LUKASC~1\AppData\Local\Temp\ccbVjCQm.s 			page 12


 628 0091 04       		.byte	0x4
 629 0092 07       		.byte	0x7
 630 0093 7A020000 		.4byte	.LASF14
 631 0097 05       		.uleb128 0x5
 632 0098 08       		.byte	0x8
 633 0099 02       		.byte	0x2
 634 009a 99       		.byte	0x99
 635 009b E8000000 		.4byte	0xe8
 636 009f 06       		.uleb128 0x6
 637 00a0 E4020000 		.4byte	.LASF15
 638 00a4 02       		.byte	0x2
 639 00a5 9B       		.byte	0x9b
 640 00a6 63000000 		.4byte	0x63
 641 00aa 00       		.byte	0
 642 00ab 06       		.uleb128 0x6
 643 00ac BC000000 		.4byte	.LASF16
 644 00b0 02       		.byte	0x2
 645 00b1 9C       		.byte	0x9c
 646 00b2 63000000 		.4byte	0x63
 647 00b6 01       		.byte	0x1
 648 00b7 06       		.uleb128 0x6
 649 00b8 0E010000 		.4byte	.LASF17
 650 00bc 02       		.byte	0x2
 651 00bd 9D       		.byte	0x9d
 652 00be 63000000 		.4byte	0x63
 653 00c2 02       		.byte	0x2
 654 00c3 06       		.uleb128 0x6
 655 00c4 E0000000 		.4byte	.LASF18
 656 00c8 02       		.byte	0x2
 657 00c9 9E       		.byte	0x9e
 658 00ca 63000000 		.4byte	0x63
 659 00ce 03       		.byte	0x3
 660 00cf 06       		.uleb128 0x6
 661 00d0 C9020000 		.4byte	.LASF19
 662 00d4 02       		.byte	0x2
 663 00d5 9F       		.byte	0x9f
 664 00d6 6F000000 		.4byte	0x6f
 665 00da 04       		.byte	0x4
 666 00db 06       		.uleb128 0x6
 667 00dc 03030000 		.4byte	.LASF20
 668 00e0 02       		.byte	0x2
 669 00e1 A0       		.byte	0xa0
 670 00e2 63000000 		.4byte	0x63
 671 00e6 06       		.byte	0x6
 672 00e7 00       		.byte	0
 673 00e8 07       		.uleb128 0x7
 674 00e9 60020000 		.4byte	.LASF21
 675 00ed 02       		.byte	0x2
 676 00ee A1       		.byte	0xa1
 677 00ef 97000000 		.4byte	0x97
 678 00f3 05       		.uleb128 0x5
 679 00f4 08       		.byte	0x8
 680 00f5 02       		.byte	0x2
 681 00f6 B0       		.byte	0xb0
 682 00f7 12010000 		.4byte	0x112
 683 00fb 08       		.uleb128 0x8
 684 00fc 6300     		.ascii	"c\000"
ARM GAS  C:\Users\LUKASC~1\AppData\Local\Temp\ccbVjCQm.s 			page 13


 685 00fe 02       		.byte	0x2
 686 00ff B2       		.byte	0xb2
 687 0100 63000000 		.4byte	0x63
 688 0104 00       		.byte	0
 689 0105 06       		.uleb128 0x6
 690 0106 59020000 		.4byte	.LASF22
 691 010a 02       		.byte	0x2
 692 010b B3       		.byte	0xb3
 693 010c 12010000 		.4byte	0x112
 694 0110 04       		.byte	0x4
 695 0111 00       		.byte	0
 696 0112 09       		.uleb128 0x9
 697 0113 04       		.byte	0x4
 698 0114 18010000 		.4byte	0x118
 699 0118 0A       		.uleb128 0xa
 700 0119 07       		.uleb128 0x7
 701 011a 91020000 		.4byte	.LASF23
 702 011e 02       		.byte	0x2
 703 011f B4       		.byte	0xb4
 704 0120 F3000000 		.4byte	0xf3
 705 0124 0B       		.uleb128 0xb
 706 0125 63000000 		.4byte	0x63
 707 0129 34010000 		.4byte	0x134
 708 012d 0C       		.uleb128 0xc
 709 012e 90000000 		.4byte	0x90
 710 0132 11       		.byte	0x11
 711 0133 00       		.byte	0
 712 0134 0D       		.uleb128 0xd
 713 0135 00000000 		.4byte	.LASF24
 714 0139 03       		.byte	0x3
 715 013a 24       		.byte	0x24
 716 013b 45010000 		.4byte	0x145
 717 013f 05       		.uleb128 0x5
 718 0140 03       		.byte	0x3
 719 0141 00000000 		.4byte	USBFS_DEVICE0_DESCR
 720 0145 0E       		.uleb128 0xe
 721 0146 24010000 		.4byte	0x124
 722 014a 0B       		.uleb128 0xb
 723 014b 63000000 		.4byte	0x63
 724 014f 5A010000 		.4byte	0x15a
 725 0153 0C       		.uleb128 0xc
 726 0154 90000000 		.4byte	0x90
 727 0158 AB       		.byte	0xab
 728 0159 00       		.byte	0
 729 015a 0D       		.uleb128 0xd
 730 015b 00020000 		.4byte	.LASF25
 731 015f 03       		.byte	0x3
 732 0160 37       		.byte	0x37
 733 0161 6B010000 		.4byte	0x16b
 734 0165 05       		.uleb128 0x5
 735 0166 03       		.byte	0x3
 736 0167 00000000 		.4byte	USBFS_DEVICE0_CONFIGURATION0_DESCR
 737 016b 0E       		.uleb128 0xe
 738 016c 4A010000 		.4byte	0x14a
 739 0170 0B       		.uleb128 0xb
 740 0171 E8000000 		.4byte	0xe8
 741 0175 80010000 		.4byte	0x180
ARM GAS  C:\Users\LUKASC~1\AppData\Local\Temp\ccbVjCQm.s 			page 14


 742 0179 0C       		.uleb128 0xc
 743 017a 90000000 		.4byte	0x90
 744 017e 02       		.byte	0x2
 745 017f 00       		.byte	0
 746 0180 0F       		.uleb128 0xf
 747 0181 D1010000 		.4byte	.LASF26
 748 0185 03       		.byte	0x3
 749 0186 6001     		.2byte	0x160
 750 0188 92010000 		.4byte	0x192
 751 018c 05       		.uleb128 0x5
 752 018d 03       		.byte	0x3
 753 018e 00000000 		.4byte	USBFS_DEVICE0_CONFIGURATION0_EP_SETTINGS_TABLE
 754 0192 0E       		.uleb128 0xe
 755 0193 70010000 		.4byte	0x170
 756 0197 0B       		.uleb128 0xb
 757 0198 63000000 		.4byte	0x63
 758 019c A7010000 		.4byte	0x1a7
 759 01a0 0C       		.uleb128 0xc
 760 01a1 90000000 		.4byte	0x90
 761 01a5 01       		.byte	0x1
 762 01a6 00       		.byte	0
 763 01a7 0F       		.uleb128 0xf
 764 01a8 14000000 		.4byte	.LASF27
 765 01ac 03       		.byte	0x3
 766 01ad 6601     		.2byte	0x166
 767 01af B9010000 		.4byte	0x1b9
 768 01b3 05       		.uleb128 0x5
 769 01b4 03       		.byte	0x3
 770 01b5 00000000 		.4byte	USBFS_DEVICE0_CONFIGURATION0_INTERFACE_CLASS
 771 01b9 0E       		.uleb128 0xe
 772 01ba 97010000 		.4byte	0x197
 773 01be 0B       		.uleb128 0xb
 774 01bf 19010000 		.4byte	0x119
 775 01c3 CE010000 		.4byte	0x1ce
 776 01c7 0C       		.uleb128 0xc
 777 01c8 90000000 		.4byte	0x90
 778 01cc 04       		.byte	0x4
 779 01cd 00       		.byte	0
 780 01ce 0F       		.uleb128 0xf
 781 01cf EB000000 		.4byte	.LASF28
 782 01d3 03       		.byte	0x3
 783 01d4 6E01     		.2byte	0x16e
 784 01d6 E0010000 		.4byte	0x1e0
 785 01da 05       		.uleb128 0x5
 786 01db 03       		.byte	0x3
 787 01dc 00000000 		.4byte	USBFS_DEVICE0_CONFIGURATION0_TABLE
 788 01e0 0E       		.uleb128 0xe
 789 01e1 BE010000 		.4byte	0x1be
 790 01e5 0B       		.uleb128 0xb
 791 01e6 19010000 		.4byte	0x119
 792 01ea F5010000 		.4byte	0x1f5
 793 01ee 0C       		.uleb128 0xc
 794 01ef 90000000 		.4byte	0x90
 795 01f3 02       		.byte	0x2
 796 01f4 00       		.byte	0
 797 01f5 0F       		.uleb128 0xf
 798 01f6 13010000 		.4byte	.LASF29
ARM GAS  C:\Users\LUKASC~1\AppData\Local\Temp\ccbVjCQm.s 			page 15


 799 01fa 03       		.byte	0x3
 800 01fb 7901     		.2byte	0x179
 801 01fd 07020000 		.4byte	0x207
 802 0201 05       		.uleb128 0x5
 803 0202 03       		.byte	0x3
 804 0203 00000000 		.4byte	USBFS_DEVICE0_TABLE
 805 0207 0E       		.uleb128 0xe
 806 0208 E5010000 		.4byte	0x1e5
 807 020c 0B       		.uleb128 0xb
 808 020d 19010000 		.4byte	0x119
 809 0211 1C020000 		.4byte	0x21c
 810 0215 0C       		.uleb128 0xc
 811 0216 90000000 		.4byte	0x90
 812 021a 00       		.byte	0
 813 021b 00       		.byte	0
 814 021c 0F       		.uleb128 0xf
 815 021d 97000000 		.4byte	.LASF30
 816 0221 03       		.byte	0x3
 817 0222 8101     		.2byte	0x181
 818 0224 2E020000 		.4byte	0x22e
 819 0228 05       		.uleb128 0x5
 820 0229 03       		.byte	0x3
 821 022a 00000000 		.4byte	USBFS_TABLE
 822 022e 0E       		.uleb128 0xe
 823 022f 0C020000 		.4byte	0x20c
 824 0233 0B       		.uleb128 0xb
 825 0234 63000000 		.4byte	0x63
 826 0238 43020000 		.4byte	0x243
 827 023c 0C       		.uleb128 0xc
 828 023d 90000000 		.4byte	0x90
 829 0241 F8       		.byte	0xf8
 830 0242 00       		.byte	0
 831 0243 0F       		.uleb128 0xf
 832 0244 C7000000 		.4byte	.LASF31
 833 0248 03       		.byte	0x3
 834 0249 0301     		.2byte	0x103
 835 024b 55020000 		.4byte	0x255
 836 024f 05       		.uleb128 0x5
 837 0250 03       		.byte	0x3
 838 0251 00000000 		.4byte	USBFS_STRING_DESCRIPTORS
 839 0255 0E       		.uleb128 0xe
 840 0256 33020000 		.4byte	0x233
 841 025a 00       		.byte	0
 842              		.section	.debug_abbrev,"",%progbits
 843              	.Ldebug_abbrev0:
 844 0000 01       		.uleb128 0x1
 845 0001 11       		.uleb128 0x11
 846 0002 01       		.byte	0x1
 847 0003 25       		.uleb128 0x25
 848 0004 0E       		.uleb128 0xe
 849 0005 13       		.uleb128 0x13
 850 0006 0B       		.uleb128 0xb
 851 0007 03       		.uleb128 0x3
 852 0008 0E       		.uleb128 0xe
 853 0009 1B       		.uleb128 0x1b
 854 000a 0E       		.uleb128 0xe
 855 000b 10       		.uleb128 0x10
ARM GAS  C:\Users\LUKASC~1\AppData\Local\Temp\ccbVjCQm.s 			page 16


 856 000c 17       		.uleb128 0x17
 857 000d 00       		.byte	0
 858 000e 00       		.byte	0
 859 000f 02       		.uleb128 0x2
 860 0010 24       		.uleb128 0x24
 861 0011 00       		.byte	0
 862 0012 0B       		.uleb128 0xb
 863 0013 0B       		.uleb128 0xb
 864 0014 3E       		.uleb128 0x3e
 865 0015 0B       		.uleb128 0xb
 866 0016 03       		.uleb128 0x3
 867 0017 0E       		.uleb128 0xe
 868 0018 00       		.byte	0
 869 0019 00       		.byte	0
 870 001a 03       		.uleb128 0x3
 871 001b 24       		.uleb128 0x24
 872 001c 00       		.byte	0
 873 001d 0B       		.uleb128 0xb
 874 001e 0B       		.uleb128 0xb
 875 001f 3E       		.uleb128 0x3e
 876 0020 0B       		.uleb128 0xb
 877 0021 03       		.uleb128 0x3
 878 0022 08       		.uleb128 0x8
 879 0023 00       		.byte	0
 880 0024 00       		.byte	0
 881 0025 04       		.uleb128 0x4
 882 0026 16       		.uleb128 0x16
 883 0027 00       		.byte	0
 884 0028 03       		.uleb128 0x3
 885 0029 0E       		.uleb128 0xe
 886 002a 3A       		.uleb128 0x3a
 887 002b 0B       		.uleb128 0xb
 888 002c 3B       		.uleb128 0x3b
 889 002d 05       		.uleb128 0x5
 890 002e 49       		.uleb128 0x49
 891 002f 13       		.uleb128 0x13
 892 0030 00       		.byte	0
 893 0031 00       		.byte	0
 894 0032 05       		.uleb128 0x5
 895 0033 13       		.uleb128 0x13
 896 0034 01       		.byte	0x1
 897 0035 0B       		.uleb128 0xb
 898 0036 0B       		.uleb128 0xb
 899 0037 3A       		.uleb128 0x3a
 900 0038 0B       		.uleb128 0xb
 901 0039 3B       		.uleb128 0x3b
 902 003a 0B       		.uleb128 0xb
 903 003b 01       		.uleb128 0x1
 904 003c 13       		.uleb128 0x13
 905 003d 00       		.byte	0
 906 003e 00       		.byte	0
 907 003f 06       		.uleb128 0x6
 908 0040 0D       		.uleb128 0xd
 909 0041 00       		.byte	0
 910 0042 03       		.uleb128 0x3
 911 0043 0E       		.uleb128 0xe
 912 0044 3A       		.uleb128 0x3a
ARM GAS  C:\Users\LUKASC~1\AppData\Local\Temp\ccbVjCQm.s 			page 17


 913 0045 0B       		.uleb128 0xb
 914 0046 3B       		.uleb128 0x3b
 915 0047 0B       		.uleb128 0xb
 916 0048 49       		.uleb128 0x49
 917 0049 13       		.uleb128 0x13
 918 004a 38       		.uleb128 0x38
 919 004b 0B       		.uleb128 0xb
 920 004c 00       		.byte	0
 921 004d 00       		.byte	0
 922 004e 07       		.uleb128 0x7
 923 004f 16       		.uleb128 0x16
 924 0050 00       		.byte	0
 925 0051 03       		.uleb128 0x3
 926 0052 0E       		.uleb128 0xe
 927 0053 3A       		.uleb128 0x3a
 928 0054 0B       		.uleb128 0xb
 929 0055 3B       		.uleb128 0x3b
 930 0056 0B       		.uleb128 0xb
 931 0057 49       		.uleb128 0x49
 932 0058 13       		.uleb128 0x13
 933 0059 00       		.byte	0
 934 005a 00       		.byte	0
 935 005b 08       		.uleb128 0x8
 936 005c 0D       		.uleb128 0xd
 937 005d 00       		.byte	0
 938 005e 03       		.uleb128 0x3
 939 005f 08       		.uleb128 0x8
 940 0060 3A       		.uleb128 0x3a
 941 0061 0B       		.uleb128 0xb
 942 0062 3B       		.uleb128 0x3b
 943 0063 0B       		.uleb128 0xb
 944 0064 49       		.uleb128 0x49
 945 0065 13       		.uleb128 0x13
 946 0066 38       		.uleb128 0x38
 947 0067 0B       		.uleb128 0xb
 948 0068 00       		.byte	0
 949 0069 00       		.byte	0
 950 006a 09       		.uleb128 0x9
 951 006b 0F       		.uleb128 0xf
 952 006c 00       		.byte	0
 953 006d 0B       		.uleb128 0xb
 954 006e 0B       		.uleb128 0xb
 955 006f 49       		.uleb128 0x49
 956 0070 13       		.uleb128 0x13
 957 0071 00       		.byte	0
 958 0072 00       		.byte	0
 959 0073 0A       		.uleb128 0xa
 960 0074 26       		.uleb128 0x26
 961 0075 00       		.byte	0
 962 0076 00       		.byte	0
 963 0077 00       		.byte	0
 964 0078 0B       		.uleb128 0xb
 965 0079 01       		.uleb128 0x1
 966 007a 01       		.byte	0x1
 967 007b 49       		.uleb128 0x49
 968 007c 13       		.uleb128 0x13
 969 007d 01       		.uleb128 0x1
ARM GAS  C:\Users\LUKASC~1\AppData\Local\Temp\ccbVjCQm.s 			page 18


 970 007e 13       		.uleb128 0x13
 971 007f 00       		.byte	0
 972 0080 00       		.byte	0
 973 0081 0C       		.uleb128 0xc
 974 0082 21       		.uleb128 0x21
 975 0083 00       		.byte	0
 976 0084 49       		.uleb128 0x49
 977 0085 13       		.uleb128 0x13
 978 0086 2F       		.uleb128 0x2f
 979 0087 0B       		.uleb128 0xb
 980 0088 00       		.byte	0
 981 0089 00       		.byte	0
 982 008a 0D       		.uleb128 0xd
 983 008b 34       		.uleb128 0x34
 984 008c 00       		.byte	0
 985 008d 03       		.uleb128 0x3
 986 008e 0E       		.uleb128 0xe
 987 008f 3A       		.uleb128 0x3a
 988 0090 0B       		.uleb128 0xb
 989 0091 3B       		.uleb128 0x3b
 990 0092 0B       		.uleb128 0xb
 991 0093 49       		.uleb128 0x49
 992 0094 13       		.uleb128 0x13
 993 0095 3F       		.uleb128 0x3f
 994 0096 19       		.uleb128 0x19
 995 0097 02       		.uleb128 0x2
 996 0098 18       		.uleb128 0x18
 997 0099 00       		.byte	0
 998 009a 00       		.byte	0
 999 009b 0E       		.uleb128 0xe
 1000 009c 26       		.uleb128 0x26
 1001 009d 00       		.byte	0
 1002 009e 49       		.uleb128 0x49
 1003 009f 13       		.uleb128 0x13
 1004 00a0 00       		.byte	0
 1005 00a1 00       		.byte	0
 1006 00a2 0F       		.uleb128 0xf
 1007 00a3 34       		.uleb128 0x34
 1008 00a4 00       		.byte	0
 1009 00a5 03       		.uleb128 0x3
 1010 00a6 0E       		.uleb128 0xe
 1011 00a7 3A       		.uleb128 0x3a
 1012 00a8 0B       		.uleb128 0xb
 1013 00a9 3B       		.uleb128 0x3b
 1014 00aa 05       		.uleb128 0x5
 1015 00ab 49       		.uleb128 0x49
 1016 00ac 13       		.uleb128 0x13
 1017 00ad 3F       		.uleb128 0x3f
 1018 00ae 19       		.uleb128 0x19
 1019 00af 02       		.uleb128 0x2
 1020 00b0 18       		.uleb128 0x18
 1021 00b1 00       		.byte	0
 1022 00b2 00       		.byte	0
 1023 00b3 00       		.byte	0
 1024              		.section	.debug_aranges,"",%progbits
 1025 0000 14000000 		.4byte	0x14
 1026 0004 0200     		.2byte	0x2
ARM GAS  C:\Users\LUKASC~1\AppData\Local\Temp\ccbVjCQm.s 			page 19


 1027 0006 00000000 		.4byte	.Ldebug_info0
 1028 000a 04       		.byte	0x4
 1029 000b 00       		.byte	0
 1030 000c 0000     		.2byte	0
 1031 000e 0000     		.2byte	0
 1032 0010 00000000 		.4byte	0
 1033 0014 00000000 		.4byte	0
 1034              		.section	.debug_line,"",%progbits
 1035              	.Ldebug_line0:
 1036 0000 5B000000 		.section	.debug_str,"MS",%progbits,1
 1036      02005500 
 1036      00000201 
 1036      FB0E0D00 
 1036      01010101 
 1037              	.LASF24:
 1038 0000 55534246 		.ascii	"USBFS_DEVICE0_DESCR\000"
 1038      535F4445 
 1038      56494345 
 1038      305F4445 
 1038      53435200 
 1039              	.LASF27:
 1040 0014 55534246 		.ascii	"USBFS_DEVICE0_CONFIGURATION0_INTERFACE_CLASS\000"
 1040      535F4445 
 1040      56494345 
 1040      305F434F 
 1040      4E464947 
 1041              	.LASF34:
 1042 0041 433A5C55 		.ascii	"C:\\Users\\Lukas Creutzburg\\Documents\\GitHub\\fre"
 1042      73657273 
 1042      5C4C756B 
 1042      61732043 
 1042      72657574 
 1043 006f 65445350 		.ascii	"eDSPPSoC-I2C\\PSoC5_SPI_Master_DSP.cydsn\000"
 1043      50536F43 
 1043      2D493243 
 1043      5C50536F 
 1043      43355F53 
 1044              	.LASF30:
 1045 0097 55534246 		.ascii	"USBFS_TABLE\000"
 1045      535F5441 
 1045      424C4500 
 1046              	.LASF3:
 1047 00a3 73686F72 		.ascii	"short unsigned int\000"
 1047      7420756E 
 1047      7369676E 
 1047      65642069 
 1047      6E7400
 1048              	.LASF11:
 1049 00b6 666C6F61 		.ascii	"float\000"
 1049      7400
 1050              	.LASF16:
 1051 00bc 616C7453 		.ascii	"altSetting\000"
 1051      65747469 
 1051      6E6700
 1052              	.LASF31:
 1053 00c7 55534246 		.ascii	"USBFS_STRING_DESCRIPTORS\000"
 1053      535F5354 
ARM GAS  C:\Users\LUKASC~1\AppData\Local\Temp\ccbVjCQm.s 			page 20


 1053      52494E47 
 1053      5F444553 
 1053      43524950 
 1054              	.LASF18:
 1055 00e0 61747472 		.ascii	"attributes\000"
 1055      69627574 
 1055      657300
 1056              	.LASF28:
 1057 00eb 55534246 		.ascii	"USBFS_DEVICE0_CONFIGURATION0_TABLE\000"
 1057      535F4445 
 1057      56494345 
 1057      305F434F 
 1057      4E464947 
 1058              	.LASF17:
 1059 010e 61646472 		.ascii	"addr\000"
 1059      00
 1060              	.LASF29:
 1061 0113 55534246 		.ascii	"USBFS_DEVICE0_TABLE\000"
 1061      535F4445 
 1061      56494345 
 1061      305F5441 
 1061      424C4500 
 1062              	.LASF1:
 1063 0127 756E7369 		.ascii	"unsigned char\000"
 1063      676E6564 
 1063      20636861 
 1063      7200
 1064              	.LASF32:
 1065 0135 474E5520 		.ascii	"GNU C 4.9.3 20150303 (release) [ARM/embedded-4_9-br"
 1065      4320342E 
 1065      392E3320 
 1065      32303135 
 1065      30333033 
 1066 0168 616E6368 		.ascii	"anch revision 221220] -mcpu=cortex-m3 -mthumb -g -O"
 1066      20726576 
 1066      6973696F 
 1066      6E203232 
 1066      31323230 
 1067 019b 30202D66 		.ascii	"0 -ffunction-sections -ffat-lto-objects\000"
 1067      66756E63 
 1067      74696F6E 
 1067      2D736563 
 1067      74696F6E 
 1068              	.LASF12:
 1069 01c3 646F7562 		.ascii	"double\000"
 1069      6C6500
 1070              	.LASF10:
 1071 01ca 75696E74 		.ascii	"uint16\000"
 1071      313600
 1072              	.LASF26:
 1073 01d1 55534246 		.ascii	"USBFS_DEVICE0_CONFIGURATION0_EP_SETTINGS_TABLE\000"
 1073      535F4445 
 1073      56494345 
 1073      305F434F 
 1073      4E464947 
 1074              	.LASF25:
 1075 0200 55534246 		.ascii	"USBFS_DEVICE0_CONFIGURATION0_DESCR\000"
ARM GAS  C:\Users\LUKASC~1\AppData\Local\Temp\ccbVjCQm.s 			page 21


 1075      535F4445 
 1075      56494345 
 1075      305F434F 
 1075      4E464947 
 1076              	.LASF5:
 1077 0223 6C6F6E67 		.ascii	"long unsigned int\000"
 1077      20756E73 
 1077      69676E65 
 1077      6420696E 
 1077      7400
 1078              	.LASF8:
 1079 0235 756E7369 		.ascii	"unsigned int\000"
 1079      676E6564 
 1079      20696E74 
 1079      00
 1080              	.LASF7:
 1081 0242 6C6F6E67 		.ascii	"long long unsigned int\000"
 1081      206C6F6E 
 1081      6720756E 
 1081      7369676E 
 1081      65642069 
 1082              	.LASF22:
 1083 0259 705F6C69 		.ascii	"p_list\000"
 1083      737400
 1084              	.LASF21:
 1085 0260 545F5553 		.ascii	"T_USBFS_EP_SETTINGS_BLOCK\000"
 1085      4246535F 
 1085      45505F53 
 1085      45545449 
 1085      4E47535F 
 1086              	.LASF14:
 1087 027a 73697A65 		.ascii	"sizetype\000"
 1087      74797065 
 1087      00
 1088              	.LASF6:
 1089 0283 6C6F6E67 		.ascii	"long long int\000"
 1089      206C6F6E 
 1089      6720696E 
 1089      7400
 1090              	.LASF23:
 1091 0291 545F5553 		.ascii	"T_USBFS_LUT\000"
 1091      4246535F 
 1091      4C555400 
 1092              	.LASF13:
 1093 029d 63686172 		.ascii	"char\000"
 1093      00
 1094              	.LASF33:
 1095 02a2 2E5C4765 		.ascii	".\\Generated_Source\\PSoC5\\USBFS_descr.c\000"
 1095      6E657261 
 1095      7465645F 
 1095      536F7572 
 1095      63655C50 
 1096              	.LASF19:
 1097 02c9 62756666 		.ascii	"bufferSize\000"
 1097      65725369 
 1097      7A6500
 1098              	.LASF2:
ARM GAS  C:\Users\LUKASC~1\AppData\Local\Temp\ccbVjCQm.s 			page 22


 1099 02d4 73686F72 		.ascii	"short int\000"
 1099      7420696E 
 1099      7400
 1100              	.LASF9:
 1101 02de 75696E74 		.ascii	"uint8\000"
 1101      3800
 1102              	.LASF15:
 1103 02e4 696E7465 		.ascii	"interface\000"
 1103      72666163 
 1103      6500
 1104              	.LASF4:
 1105 02ee 6C6F6E67 		.ascii	"long int\000"
 1105      20696E74 
 1105      00
 1106              	.LASF0:
 1107 02f7 7369676E 		.ascii	"signed char\000"
 1107      65642063 
 1107      68617200 
 1108              	.LASF20:
 1109 0303 624D6973 		.ascii	"bMisc\000"
 1109      6300
 1110              		.ident	"GCC: (GNU Tools for ARM Embedded Processors) 4.9.3 20150303 (release) [ARM/embedded-4_9-br
