ARM GAS  C:\Users\LUKASC~1\AppData\Local\Temp\ccaNkxV7.s 			page 1


   1              		.cpu cortex-m0
   2              		.fpu softvfp
   3              		.eabi_attribute 20, 1
   4              		.eabi_attribute 21, 1
   5              		.eabi_attribute 23, 3
   6              		.eabi_attribute 24, 1
   7              		.eabi_attribute 25, 1
   8              		.eabi_attribute 26, 1
   9              		.eabi_attribute 30, 6
  10              		.eabi_attribute 34, 0
  11              		.eabi_attribute 18, 4
  12              		.code	16
  13              		.file	"Cm0Start.c"
  14              		.text
  15              	.Ltext0:
  16              		.cfi_sections	.debug_frame
  17              		.section	.noinit,"aw",%progbits
  18              		.align	2
  19              		.type	cySysNoInitDataValid, %object
  20              		.size	cySysNoInitDataValid, 4
  21              	cySysNoInitDataValid:
  22 0000 00000000 		.space	4
  23              		.global	cyBtldrRunType
  24              		.section	.bootloaderruntype,"aw",%progbits
  25              		.align	2
  26              		.type	cyBtldrRunType, %object
  27              		.size	cyBtldrRunType, 4
  28              	cyBtldrRunType:
  29 0000 00000000 		.space	4
  30              		.section	.text.IntDefaultHandler,"ax",%progbits
  31              		.align	2
  32              		.global	IntDefaultHandler
  33              		.code	16
  34              		.thumb_func
  35              		.type	IntDefaultHandler, %function
  36              	IntDefaultHandler:
  37              	.LFB0:
  38              		.file 1 ".\\Generated_Source\\PSoC4\\Cm0Start.c"
   1:.\Generated_Source\PSoC4/Cm0Start.c **** /*******************************************************************************
   2:.\Generated_Source\PSoC4/Cm0Start.c **** * File Name: Cm0Start.c
   3:.\Generated_Source\PSoC4/Cm0Start.c **** * Version 5.30
   4:.\Generated_Source\PSoC4/Cm0Start.c **** *
   5:.\Generated_Source\PSoC4/Cm0Start.c **** *  Description:
   6:.\Generated_Source\PSoC4/Cm0Start.c **** *  Startup code for the ARM CM0.
   7:.\Generated_Source\PSoC4/Cm0Start.c **** *
   8:.\Generated_Source\PSoC4/Cm0Start.c **** ********************************************************************************
   9:.\Generated_Source\PSoC4/Cm0Start.c **** * Copyright 2010-2015, Cypress Semiconductor Corporation.  All rights reserved.
  10:.\Generated_Source\PSoC4/Cm0Start.c **** * You may use this file only in accordance with the license, terms, conditions,
  11:.\Generated_Source\PSoC4/Cm0Start.c **** * disclaimers, and limitations in the end user license agreement accompanying
  12:.\Generated_Source\PSoC4/Cm0Start.c **** * the software package with which this file was provided.
  13:.\Generated_Source\PSoC4/Cm0Start.c **** *******************************************************************************/
  14:.\Generated_Source\PSoC4/Cm0Start.c **** 
  15:.\Generated_Source\PSoC4/Cm0Start.c **** #include <limits.h>
  16:.\Generated_Source\PSoC4/Cm0Start.c **** #include "cydevice_trm.h"
  17:.\Generated_Source\PSoC4/Cm0Start.c **** #include "cytypes.h"
  18:.\Generated_Source\PSoC4/Cm0Start.c **** #include "cyfitter_cfg.h"
  19:.\Generated_Source\PSoC4/Cm0Start.c **** #include "CyLib.h"
ARM GAS  C:\Users\LUKASC~1\AppData\Local\Temp\ccaNkxV7.s 			page 2


  20:.\Generated_Source\PSoC4/Cm0Start.c **** #include "cyfitter.h"
  21:.\Generated_Source\PSoC4/Cm0Start.c **** #include "cyapicallbacks.h"
  22:.\Generated_Source\PSoC4/Cm0Start.c **** 
  23:.\Generated_Source\PSoC4/Cm0Start.c **** #define CY_NUM_VECTORS              (CY_INT_IRQ_BASE + CY_NUM_INTERRUPTS)
  24:.\Generated_Source\PSoC4/Cm0Start.c **** #define CY_CPUSS_CONFIG_VECT_IN_RAM (( uint32 ) 0x01)
  25:.\Generated_Source\PSoC4/Cm0Start.c **** 
  26:.\Generated_Source\PSoC4/Cm0Start.c **** /* CPUSS Configuration register */
  27:.\Generated_Source\PSoC4/Cm0Start.c **** #define CY_CPUSS_CONFIG_REG         (*(reg32 *) CYREG_CPUSS_CONFIG)
  28:.\Generated_Source\PSoC4/Cm0Start.c **** #define CY_CPUSS_CONFIG_PTR         ( (reg32 *) CYREG_CPUSS_CONFIG)
  29:.\Generated_Source\PSoC4/Cm0Start.c **** 
  30:.\Generated_Source\PSoC4/Cm0Start.c **** 
  31:.\Generated_Source\PSoC4/Cm0Start.c **** #if defined (__ICCARM__)
  32:.\Generated_Source\PSoC4/Cm0Start.c ****     #define CY_NUM_ROM_VECTORS      (CY_NUM_VECTORS)
  33:.\Generated_Source\PSoC4/Cm0Start.c **** #else
  34:.\Generated_Source\PSoC4/Cm0Start.c ****     #define CY_NUM_ROM_VECTORS      (4u)
  35:.\Generated_Source\PSoC4/Cm0Start.c **** #endif  /* defined (__ICCARM__) */
  36:.\Generated_Source\PSoC4/Cm0Start.c **** 
  37:.\Generated_Source\PSoC4/Cm0Start.c **** 
  38:.\Generated_Source\PSoC4/Cm0Start.c **** #ifndef CY_SYS_INITIAL_STACK_POINTER
  39:.\Generated_Source\PSoC4/Cm0Start.c **** 
  40:.\Generated_Source\PSoC4/Cm0Start.c ****     #if defined(__ARMCC_VERSION)
  41:.\Generated_Source\PSoC4/Cm0Start.c ****         #define CY_SYS_INITIAL_STACK_POINTER ((cyisraddress)(uint32)&Image$$ARM_LIB_STACK$$ZI$$Limi
  42:.\Generated_Source\PSoC4/Cm0Start.c ****     #elif defined (__GNUC__)
  43:.\Generated_Source\PSoC4/Cm0Start.c ****         #define CY_SYS_INITIAL_STACK_POINTER (&__cy_stack)
  44:.\Generated_Source\PSoC4/Cm0Start.c ****     #elif defined (__ICCARM__)
  45:.\Generated_Source\PSoC4/Cm0Start.c ****         #pragma language=extended
  46:.\Generated_Source\PSoC4/Cm0Start.c ****         #pragma segment="CSTACK"
  47:.\Generated_Source\PSoC4/Cm0Start.c ****         #define CY_SYS_INITIAL_STACK_POINTER  { .__ptr = __sfe( "CSTACK" ) }
  48:.\Generated_Source\PSoC4/Cm0Start.c **** 
  49:.\Generated_Source\PSoC4/Cm0Start.c ****         extern void __iar_program_start( void );
  50:.\Generated_Source\PSoC4/Cm0Start.c ****         extern void __iar_data_init3 (void);
  51:.\Generated_Source\PSoC4/Cm0Start.c ****     #endif  /* (__ARMCC_VERSION) */
  52:.\Generated_Source\PSoC4/Cm0Start.c **** 
  53:.\Generated_Source\PSoC4/Cm0Start.c **** #endif /* CY_SYS_INITIAL_STACK_POINTER */
  54:.\Generated_Source\PSoC4/Cm0Start.c **** 
  55:.\Generated_Source\PSoC4/Cm0Start.c **** 
  56:.\Generated_Source\PSoC4/Cm0Start.c **** #if defined(__GNUC__)
  57:.\Generated_Source\PSoC4/Cm0Start.c ****     #include <errno.h>
  58:.\Generated_Source\PSoC4/Cm0Start.c ****     extern int  errno;
  59:.\Generated_Source\PSoC4/Cm0Start.c ****     extern int  end;
  60:.\Generated_Source\PSoC4/Cm0Start.c **** #endif  /* defined(__GNUC__) */
  61:.\Generated_Source\PSoC4/Cm0Start.c **** 
  62:.\Generated_Source\PSoC4/Cm0Start.c **** /* Extern functions */
  63:.\Generated_Source\PSoC4/Cm0Start.c **** extern void CyBtldr_CheckLaunch(void);
  64:.\Generated_Source\PSoC4/Cm0Start.c **** 
  65:.\Generated_Source\PSoC4/Cm0Start.c **** /* Function prototypes */
  66:.\Generated_Source\PSoC4/Cm0Start.c **** void initialize_psoc(void);
  67:.\Generated_Source\PSoC4/Cm0Start.c **** 
  68:.\Generated_Source\PSoC4/Cm0Start.c **** /* Global variables */
  69:.\Generated_Source\PSoC4/Cm0Start.c **** #if !defined (__ICCARM__)
  70:.\Generated_Source\PSoC4/Cm0Start.c ****     CY_NOINIT static uint32 cySysNoInitDataValid;
  71:.\Generated_Source\PSoC4/Cm0Start.c **** #endif  /* !defined (__ICCARM__) */
  72:.\Generated_Source\PSoC4/Cm0Start.c **** 
  73:.\Generated_Source\PSoC4/Cm0Start.c **** 
  74:.\Generated_Source\PSoC4/Cm0Start.c **** #if (CYDEV_PROJ_TYPE != CYDEV_PROJ_TYPE_STANDARD)
  75:.\Generated_Source\PSoC4/Cm0Start.c **** 
  76:.\Generated_Source\PSoC4/Cm0Start.c ****     /*******************************************************************************
ARM GAS  C:\Users\LUKASC~1\AppData\Local\Temp\ccaNkxV7.s 			page 3


  77:.\Generated_Source\PSoC4/Cm0Start.c ****     This variable is used by the Bootloader/Bootloadable components to schedule
  78:.\Generated_Source\PSoC4/Cm0Start.c ****     what application will be started after a software reset.
  79:.\Generated_Source\PSoC4/Cm0Start.c ****     *******************************************************************************/
  80:.\Generated_Source\PSoC4/Cm0Start.c ****     #if (__ARMCC_VERSION)
  81:.\Generated_Source\PSoC4/Cm0Start.c ****         __attribute__ ((section(".bootloaderruntype"), zero_init))
  82:.\Generated_Source\PSoC4/Cm0Start.c ****     #elif defined (__GNUC__)
  83:.\Generated_Source\PSoC4/Cm0Start.c ****         __attribute__ ((section(".bootloaderruntype")))
  84:.\Generated_Source\PSoC4/Cm0Start.c ****     #elif defined (__ICCARM__)
  85:.\Generated_Source\PSoC4/Cm0Start.c ****         #pragma location=".bootloaderruntype"
  86:.\Generated_Source\PSoC4/Cm0Start.c ****     #endif /* (__ARMCC_VERSION) */
  87:.\Generated_Source\PSoC4/Cm0Start.c ****     volatile uint32 cyBtldrRunType;
  88:.\Generated_Source\PSoC4/Cm0Start.c **** 
  89:.\Generated_Source\PSoC4/Cm0Start.c **** #endif  /* (CYDEV_PROJ_TYPE != CYDEV_PROJ_TYPE_STANDARD) */
  90:.\Generated_Source\PSoC4/Cm0Start.c **** 
  91:.\Generated_Source\PSoC4/Cm0Start.c **** 
  92:.\Generated_Source\PSoC4/Cm0Start.c **** /*******************************************************************************
  93:.\Generated_Source\PSoC4/Cm0Start.c **** * Function Name: IntDefaultHandler
  94:.\Generated_Source\PSoC4/Cm0Start.c **** ********************************************************************************
  95:.\Generated_Source\PSoC4/Cm0Start.c **** *
  96:.\Generated_Source\PSoC4/Cm0Start.c **** * Summary:
  97:.\Generated_Source\PSoC4/Cm0Start.c **** *  This function is called for all interrupts, other than a reset that is called
  98:.\Generated_Source\PSoC4/Cm0Start.c **** *  before the system is setup.
  99:.\Generated_Source\PSoC4/Cm0Start.c **** *
 100:.\Generated_Source\PSoC4/Cm0Start.c **** * Parameters:
 101:.\Generated_Source\PSoC4/Cm0Start.c **** *  None
 102:.\Generated_Source\PSoC4/Cm0Start.c **** *
 103:.\Generated_Source\PSoC4/Cm0Start.c **** * Return:
 104:.\Generated_Source\PSoC4/Cm0Start.c **** *  None
 105:.\Generated_Source\PSoC4/Cm0Start.c **** *
 106:.\Generated_Source\PSoC4/Cm0Start.c **** * Theory:
 107:.\Generated_Source\PSoC4/Cm0Start.c **** *   Any value other than zero is acceptable.
 108:.\Generated_Source\PSoC4/Cm0Start.c **** *
 109:.\Generated_Source\PSoC4/Cm0Start.c **** *******************************************************************************/
 110:.\Generated_Source\PSoC4/Cm0Start.c **** CY_NORETURN
 111:.\Generated_Source\PSoC4/Cm0Start.c **** CY_ISR(IntDefaultHandler)
 112:.\Generated_Source\PSoC4/Cm0Start.c **** {
  39              		.loc 1 112 0
  40              		.cfi_startproc
  41 0000 80B5     		push	{r7, lr}
  42              		.cfi_def_cfa_offset 8
  43              		.cfi_offset 7, -8
  44              		.cfi_offset 14, -4
  45 0002 00AF     		add	r7, sp, #0
  46              		.cfi_def_cfa_register 7
  47              	.L2:
 113:.\Generated_Source\PSoC4/Cm0Start.c ****     /***************************************************************************
 114:.\Generated_Source\PSoC4/Cm0Start.c ****     * We must not get here. If we do, a serious problem occurs, so go into
 115:.\Generated_Source\PSoC4/Cm0Start.c ****     * an infinite loop.
 116:.\Generated_Source\PSoC4/Cm0Start.c ****     ***************************************************************************/
 117:.\Generated_Source\PSoC4/Cm0Start.c **** 
 118:.\Generated_Source\PSoC4/Cm0Start.c ****     #ifdef CY_BOOT_INT_DEFAULT_HANDLER_EXCEPTION_ENTRY_CALLBACK
 119:.\Generated_Source\PSoC4/Cm0Start.c ****         CyBoot_IntDefaultHandler_Exception_EntryCallback();
 120:.\Generated_Source\PSoC4/Cm0Start.c ****     #endif /* CY_BOOT_INT_DEFAULT_HANDLER_EXCEPTION_ENTRY_CALLBACK */
 121:.\Generated_Source\PSoC4/Cm0Start.c **** 
 122:.\Generated_Source\PSoC4/Cm0Start.c ****     while(1)
 123:.\Generated_Source\PSoC4/Cm0Start.c ****     {
 124:.\Generated_Source\PSoC4/Cm0Start.c **** 
ARM GAS  C:\Users\LUKASC~1\AppData\Local\Temp\ccaNkxV7.s 			page 4


 125:.\Generated_Source\PSoC4/Cm0Start.c ****     }
  48              		.loc 1 125 0 discriminator 1
  49 0004 FEE7     		b	.L2
  50              		.cfi_endproc
  51              	.LFE0:
  52              		.size	IntDefaultHandler, .-IntDefaultHandler
  53 0006 C046     		.section	.text._exit,"ax",%progbits
  54              		.align	2
  55              		.weak	_exit
  56              		.code	16
  57              		.thumb_func
  58              		.type	_exit, %function
  59              	_exit:
  60              	.LFB1:
 126:.\Generated_Source\PSoC4/Cm0Start.c **** }
 127:.\Generated_Source\PSoC4/Cm0Start.c **** 
 128:.\Generated_Source\PSoC4/Cm0Start.c **** #if defined(__ARMCC_VERSION)
 129:.\Generated_Source\PSoC4/Cm0Start.c **** 
 130:.\Generated_Source\PSoC4/Cm0Start.c **** /* Local function for device reset. */
 131:.\Generated_Source\PSoC4/Cm0Start.c **** extern void Reset(void);
 132:.\Generated_Source\PSoC4/Cm0Start.c **** 
 133:.\Generated_Source\PSoC4/Cm0Start.c **** /* Application entry point. */
 134:.\Generated_Source\PSoC4/Cm0Start.c **** extern void $Super$$main(void);
 135:.\Generated_Source\PSoC4/Cm0Start.c **** 
 136:.\Generated_Source\PSoC4/Cm0Start.c **** /* Linker-generated Stack Base addresses, Two Region and One Region */
 137:.\Generated_Source\PSoC4/Cm0Start.c **** extern unsigned long Image$$ARM_LIB_STACK$$ZI$$Limit;
 138:.\Generated_Source\PSoC4/Cm0Start.c **** 
 139:.\Generated_Source\PSoC4/Cm0Start.c **** /* RealView C Library initialization. */
 140:.\Generated_Source\PSoC4/Cm0Start.c **** extern int __main(void);
 141:.\Generated_Source\PSoC4/Cm0Start.c **** 
 142:.\Generated_Source\PSoC4/Cm0Start.c **** 
 143:.\Generated_Source\PSoC4/Cm0Start.c **** /*******************************************************************************
 144:.\Generated_Source\PSoC4/Cm0Start.c **** * Function Name: Reset
 145:.\Generated_Source\PSoC4/Cm0Start.c **** ********************************************************************************
 146:.\Generated_Source\PSoC4/Cm0Start.c **** *
 147:.\Generated_Source\PSoC4/Cm0Start.c **** * Summary:
 148:.\Generated_Source\PSoC4/Cm0Start.c **** *  This function handles the reset interrupt for the RVDS/MDK toolchains.
 149:.\Generated_Source\PSoC4/Cm0Start.c **** *  This is the first bit of code that is executed at startup.
 150:.\Generated_Source\PSoC4/Cm0Start.c **** *
 151:.\Generated_Source\PSoC4/Cm0Start.c **** * Parameters:
 152:.\Generated_Source\PSoC4/Cm0Start.c **** *  None
 153:.\Generated_Source\PSoC4/Cm0Start.c **** *
 154:.\Generated_Source\PSoC4/Cm0Start.c **** * Return:
 155:.\Generated_Source\PSoC4/Cm0Start.c **** *  None
 156:.\Generated_Source\PSoC4/Cm0Start.c **** *
 157:.\Generated_Source\PSoC4/Cm0Start.c **** *******************************************************************************/
 158:.\Generated_Source\PSoC4/Cm0Start.c **** void Reset(void)
 159:.\Generated_Source\PSoC4/Cm0Start.c **** {
 160:.\Generated_Source\PSoC4/Cm0Start.c ****     #if (CYDEV_PROJ_TYPE == CYDEV_PROJ_TYPE_LOADABLE || CYDEV_PROJ_TYPE == CYDEV_PROJ_TYPE_LOADABLE
 161:.\Generated_Source\PSoC4/Cm0Start.c ****         /* The bootloadable application image is started at Reset() handler
 162:.\Generated_Source\PSoC4/Cm0Start.c ****         * as a result of a branch instruction execution from the bootloader.
 163:.\Generated_Source\PSoC4/Cm0Start.c ****         * So, the stack pointer needs to be reset to be sure that
 164:.\Generated_Source\PSoC4/Cm0Start.c ****         * there is no garbage in the stack.
 165:.\Generated_Source\PSoC4/Cm0Start.c ****         */
 166:.\Generated_Source\PSoC4/Cm0Start.c ****         register uint32_t msp __asm("msp");
 167:.\Generated_Source\PSoC4/Cm0Start.c ****         msp = (uint32_t)&Image$$ARM_LIB_STACK$$ZI$$Limit;
 168:.\Generated_Source\PSoC4/Cm0Start.c ****     #endif /*(CYDEV_PROJ_TYPE == CYDEV_PROJ_TYPE_LOADABLE || CYDEV_PROJ_TYPE == CYDEV_PROJ_TYPE_LOA
ARM GAS  C:\Users\LUKASC~1\AppData\Local\Temp\ccaNkxV7.s 			page 5


 169:.\Generated_Source\PSoC4/Cm0Start.c **** 
 170:.\Generated_Source\PSoC4/Cm0Start.c ****     #if(CY_IP_SRSSLT)
 171:.\Generated_Source\PSoC4/Cm0Start.c ****         CySysWdtDisable();
 172:.\Generated_Source\PSoC4/Cm0Start.c ****     #endif  /* (CY_IP_SRSSLT) */
 173:.\Generated_Source\PSoC4/Cm0Start.c **** 
 174:.\Generated_Source\PSoC4/Cm0Start.c ****     #if ((CYDEV_BOOTLOADER_ENABLE) && (CYDEV_PROJ_TYPE != CYDEV_PROJ_TYPE_LOADABLEANDBOOTLOADER))
 175:.\Generated_Source\PSoC4/Cm0Start.c ****         CyBtldr_CheckLaunch();
 176:.\Generated_Source\PSoC4/Cm0Start.c ****     #endif /* ((CYDEV_BOOTLOADER_ENABLE) && (CYDEV_PROJ_TYPE != CYDEV_PROJ_TYPE_LOADABLEANDBOOTLOAD
 177:.\Generated_Source\PSoC4/Cm0Start.c **** 
 178:.\Generated_Source\PSoC4/Cm0Start.c ****     __main();
 179:.\Generated_Source\PSoC4/Cm0Start.c **** }
 180:.\Generated_Source\PSoC4/Cm0Start.c **** 
 181:.\Generated_Source\PSoC4/Cm0Start.c **** /*******************************************************************************
 182:.\Generated_Source\PSoC4/Cm0Start.c **** * Function Name: $Sub$$main
 183:.\Generated_Source\PSoC4/Cm0Start.c **** ********************************************************************************
 184:.\Generated_Source\PSoC4/Cm0Start.c **** *
 185:.\Generated_Source\PSoC4/Cm0Start.c **** * Summary:
 186:.\Generated_Source\PSoC4/Cm0Start.c **** *  This function is called immediately before the users main
 187:.\Generated_Source\PSoC4/Cm0Start.c **** *
 188:.\Generated_Source\PSoC4/Cm0Start.c **** * Parameters:
 189:.\Generated_Source\PSoC4/Cm0Start.c **** *  None
 190:.\Generated_Source\PSoC4/Cm0Start.c **** *
 191:.\Generated_Source\PSoC4/Cm0Start.c **** * Return:
 192:.\Generated_Source\PSoC4/Cm0Start.c **** *  None
 193:.\Generated_Source\PSoC4/Cm0Start.c **** *
 194:.\Generated_Source\PSoC4/Cm0Start.c **** *******************************************************************************/
 195:.\Generated_Source\PSoC4/Cm0Start.c **** __attribute__ ((noreturn, __noinline__))
 196:.\Generated_Source\PSoC4/Cm0Start.c **** void $Sub$$main(void)
 197:.\Generated_Source\PSoC4/Cm0Start.c **** {
 198:.\Generated_Source\PSoC4/Cm0Start.c ****     initialize_psoc();
 199:.\Generated_Source\PSoC4/Cm0Start.c **** 
 200:.\Generated_Source\PSoC4/Cm0Start.c ****     /* Call original main */
 201:.\Generated_Source\PSoC4/Cm0Start.c ****     $Super$$main();
 202:.\Generated_Source\PSoC4/Cm0Start.c **** 
 203:.\Generated_Source\PSoC4/Cm0Start.c ****     while (1)
 204:.\Generated_Source\PSoC4/Cm0Start.c ****     {
 205:.\Generated_Source\PSoC4/Cm0Start.c ****         /* If main returns it is undefined what we should do. */
 206:.\Generated_Source\PSoC4/Cm0Start.c ****     }
 207:.\Generated_Source\PSoC4/Cm0Start.c **** }
 208:.\Generated_Source\PSoC4/Cm0Start.c **** 
 209:.\Generated_Source\PSoC4/Cm0Start.c **** #elif defined(__GNUC__)
 210:.\Generated_Source\PSoC4/Cm0Start.c **** 
 211:.\Generated_Source\PSoC4/Cm0Start.c **** /* Stack Base address */
 212:.\Generated_Source\PSoC4/Cm0Start.c **** extern void __cy_stack(void);
 213:.\Generated_Source\PSoC4/Cm0Start.c **** 
 214:.\Generated_Source\PSoC4/Cm0Start.c **** /* Application entry point. */
 215:.\Generated_Source\PSoC4/Cm0Start.c **** extern int main(void);
 216:.\Generated_Source\PSoC4/Cm0Start.c **** 
 217:.\Generated_Source\PSoC4/Cm0Start.c **** /* The static objects constructors initializer */
 218:.\Generated_Source\PSoC4/Cm0Start.c **** extern void __libc_init_array(void);
 219:.\Generated_Source\PSoC4/Cm0Start.c **** 
 220:.\Generated_Source\PSoC4/Cm0Start.c **** typedef unsigned char __cy_byte_align8 __attribute ((aligned (8)));
 221:.\Generated_Source\PSoC4/Cm0Start.c **** 
 222:.\Generated_Source\PSoC4/Cm0Start.c **** struct __cy_region
 223:.\Generated_Source\PSoC4/Cm0Start.c **** {
 224:.\Generated_Source\PSoC4/Cm0Start.c ****     __cy_byte_align8 *init; /* Initial contents of this region.  */
 225:.\Generated_Source\PSoC4/Cm0Start.c ****     __cy_byte_align8 *data; /* Start address of region.  */
ARM GAS  C:\Users\LUKASC~1\AppData\Local\Temp\ccaNkxV7.s 			page 6


 226:.\Generated_Source\PSoC4/Cm0Start.c ****     size_t init_size;       /* Size of initial data.  */
 227:.\Generated_Source\PSoC4/Cm0Start.c ****     size_t zero_size;       /* Additional size to be zeroed.  */
 228:.\Generated_Source\PSoC4/Cm0Start.c **** };
 229:.\Generated_Source\PSoC4/Cm0Start.c **** 
 230:.\Generated_Source\PSoC4/Cm0Start.c **** extern const struct __cy_region __cy_regions[];
 231:.\Generated_Source\PSoC4/Cm0Start.c **** extern const char __cy_region_num __attribute__((weak));
 232:.\Generated_Source\PSoC4/Cm0Start.c **** #define __cy_region_num ((size_t)&__cy_region_num)
 233:.\Generated_Source\PSoC4/Cm0Start.c **** 
 234:.\Generated_Source\PSoC4/Cm0Start.c **** 
 235:.\Generated_Source\PSoC4/Cm0Start.c **** /*******************************************************************************
 236:.\Generated_Source\PSoC4/Cm0Start.c **** * System Calls of the Red Hat newlib C Library
 237:.\Generated_Source\PSoC4/Cm0Start.c **** *******************************************************************************/
 238:.\Generated_Source\PSoC4/Cm0Start.c **** 
 239:.\Generated_Source\PSoC4/Cm0Start.c **** 
 240:.\Generated_Source\PSoC4/Cm0Start.c **** /*******************************************************************************
 241:.\Generated_Source\PSoC4/Cm0Start.c **** * Function Name: _exit
 242:.\Generated_Source\PSoC4/Cm0Start.c **** ********************************************************************************
 243:.\Generated_Source\PSoC4/Cm0Start.c **** *
 244:.\Generated_Source\PSoC4/Cm0Start.c **** * Summary:
 245:.\Generated_Source\PSoC4/Cm0Start.c **** *  Exit a program without cleaning up files. If your system doesn't provide
 246:.\Generated_Source\PSoC4/Cm0Start.c **** *  this, it is best to avoid linking with subroutines that require it (exit,
 247:.\Generated_Source\PSoC4/Cm0Start.c **** *  system).
 248:.\Generated_Source\PSoC4/Cm0Start.c **** *
 249:.\Generated_Source\PSoC4/Cm0Start.c **** * Parameters:
 250:.\Generated_Source\PSoC4/Cm0Start.c **** *  status: Status caused program exit.
 251:.\Generated_Source\PSoC4/Cm0Start.c **** *
 252:.\Generated_Source\PSoC4/Cm0Start.c **** * Return:
 253:.\Generated_Source\PSoC4/Cm0Start.c **** *  None
 254:.\Generated_Source\PSoC4/Cm0Start.c **** *
 255:.\Generated_Source\PSoC4/Cm0Start.c **** *******************************************************************************/
 256:.\Generated_Source\PSoC4/Cm0Start.c **** __attribute__((weak))
 257:.\Generated_Source\PSoC4/Cm0Start.c **** void _exit(int status)
 258:.\Generated_Source\PSoC4/Cm0Start.c **** {
  61              		.loc 1 258 0
  62              		.cfi_startproc
  63 0000 80B5     		push	{r7, lr}
  64              		.cfi_def_cfa_offset 8
  65              		.cfi_offset 7, -8
  66              		.cfi_offset 14, -4
  67 0002 82B0     		sub	sp, sp, #8
  68              		.cfi_def_cfa_offset 16
  69 0004 00AF     		add	r7, sp, #0
  70              		.cfi_def_cfa_register 7
  71 0006 7860     		str	r0, [r7, #4]
 259:.\Generated_Source\PSoC4/Cm0Start.c ****     CyHalt((uint8) status);
  72              		.loc 1 259 0
  73 0008 7B68     		ldr	r3, [r7, #4]
  74 000a DBB2     		uxtb	r3, r3
  75 000c 181C     		mov	r0, r3
  76 000e FFF7FEFF 		bl	CyHalt
  77              	.L4:
 260:.\Generated_Source\PSoC4/Cm0Start.c **** 
 261:.\Generated_Source\PSoC4/Cm0Start.c ****     while(1)
 262:.\Generated_Source\PSoC4/Cm0Start.c ****     {
 263:.\Generated_Source\PSoC4/Cm0Start.c **** 
 264:.\Generated_Source\PSoC4/Cm0Start.c ****     }
  78              		.loc 1 264 0 discriminator 1
ARM GAS  C:\Users\LUKASC~1\AppData\Local\Temp\ccaNkxV7.s 			page 7


  79 0012 FEE7     		b	.L4
  80              		.cfi_endproc
  81              	.LFE1:
  82              		.size	_exit, .-_exit
  83              		.section	.text._sbrk,"ax",%progbits
  84              		.align	2
  85              		.weak	_sbrk
  86              		.code	16
  87              		.thumb_func
  88              		.type	_sbrk, %function
  89              	_sbrk:
  90              	.LFB2:
 265:.\Generated_Source\PSoC4/Cm0Start.c **** }
 266:.\Generated_Source\PSoC4/Cm0Start.c **** 
 267:.\Generated_Source\PSoC4/Cm0Start.c **** 
 268:.\Generated_Source\PSoC4/Cm0Start.c **** /*******************************************************************************
 269:.\Generated_Source\PSoC4/Cm0Start.c **** * Function Name: _sbrk
 270:.\Generated_Source\PSoC4/Cm0Start.c **** ********************************************************************************
 271:.\Generated_Source\PSoC4/Cm0Start.c **** *
 272:.\Generated_Source\PSoC4/Cm0Start.c **** * Summary:
 273:.\Generated_Source\PSoC4/Cm0Start.c **** *  Increase program data space. As malloc and related functions depend on this,
 274:.\Generated_Source\PSoC4/Cm0Start.c **** *  it is useful to have a working implementation. The following suffices for a
 275:.\Generated_Source\PSoC4/Cm0Start.c **** *  standalone system; it exploits the symbol end automatically defined by the
 276:.\Generated_Source\PSoC4/Cm0Start.c **** *  GNU linker.
 277:.\Generated_Source\PSoC4/Cm0Start.c **** *
 278:.\Generated_Source\PSoC4/Cm0Start.c **** * Parameters:
 279:.\Generated_Source\PSoC4/Cm0Start.c **** *  nbytes: The number of bytes requested (if the parameter value is positive)
 280:.\Generated_Source\PSoC4/Cm0Start.c **** *  from the heap or returned back to the heap (if the parameter value is
 281:.\Generated_Source\PSoC4/Cm0Start.c **** *  negative).
 282:.\Generated_Source\PSoC4/Cm0Start.c **** *
 283:.\Generated_Source\PSoC4/Cm0Start.c **** * Return:
 284:.\Generated_Source\PSoC4/Cm0Start.c **** *  None
 285:.\Generated_Source\PSoC4/Cm0Start.c **** *
 286:.\Generated_Source\PSoC4/Cm0Start.c **** *******************************************************************************/
 287:.\Generated_Source\PSoC4/Cm0Start.c **** __attribute__((weak))
 288:.\Generated_Source\PSoC4/Cm0Start.c **** void * _sbrk (int nbytes)
 289:.\Generated_Source\PSoC4/Cm0Start.c **** {
  91              		.loc 1 289 0
  92              		.cfi_startproc
  93 0000 80B5     		push	{r7, lr}
  94              		.cfi_def_cfa_offset 8
  95              		.cfi_offset 7, -8
  96              		.cfi_offset 14, -4
  97 0002 84B0     		sub	sp, sp, #16
  98              		.cfi_def_cfa_offset 24
  99 0004 00AF     		add	r7, sp, #0
 100              		.cfi_def_cfa_register 7
 101 0006 7860     		str	r0, [r7, #4]
 290:.\Generated_Source\PSoC4/Cm0Start.c ****     extern int  end;            /* Symbol defined by linker map. Start of free memory (as symbol). 
 291:.\Generated_Source\PSoC4/Cm0Start.c ****     void *      returnValue;
 292:.\Generated_Source\PSoC4/Cm0Start.c **** 
 293:.\Generated_Source\PSoC4/Cm0Start.c ****     /* The statically held previous end of the heap, with its initialization. */
 294:.\Generated_Source\PSoC4/Cm0Start.c ****     static void *heapPointer = (void *) &end;                 /* Previous end */
 295:.\Generated_Source\PSoC4/Cm0Start.c **** 
 296:.\Generated_Source\PSoC4/Cm0Start.c ****     if (((heapPointer + nbytes) - (void *) &end) <= CYDEV_HEAP_SIZE)
 102              		.loc 1 296 0
 103 0008 0F4B     		ldr	r3, .L9
ARM GAS  C:\Users\LUKASC~1\AppData\Local\Temp\ccaNkxV7.s 			page 8


 104 000a 1A68     		ldr	r2, [r3]
 105 000c 7B68     		ldr	r3, [r7, #4]
 106 000e D318     		add	r3, r2, r3
 107 0010 1A1C     		mov	r2, r3
 108 0012 0E4B     		ldr	r3, .L9+4
 109 0014 D31A     		sub	r3, r2, r3
 110 0016 802B     		cmp	r3, #128
 111 0018 09DC     		bgt	.L6
 297:.\Generated_Source\PSoC4/Cm0Start.c ****     {
 298:.\Generated_Source\PSoC4/Cm0Start.c ****         returnValue  = heapPointer;
 112              		.loc 1 298 0
 113 001a 0B4B     		ldr	r3, .L9
 114 001c 1B68     		ldr	r3, [r3]
 115 001e FB60     		str	r3, [r7, #12]
 299:.\Generated_Source\PSoC4/Cm0Start.c ****         heapPointer += nbytes;
 116              		.loc 1 299 0
 117 0020 094B     		ldr	r3, .L9
 118 0022 1A68     		ldr	r2, [r3]
 119 0024 7B68     		ldr	r3, [r7, #4]
 120 0026 D218     		add	r2, r2, r3
 121 0028 074B     		ldr	r3, .L9
 122 002a 1A60     		str	r2, [r3]
 123 002c 07E0     		b	.L7
 124              	.L6:
 300:.\Generated_Source\PSoC4/Cm0Start.c ****     }
 301:.\Generated_Source\PSoC4/Cm0Start.c ****     else
 302:.\Generated_Source\PSoC4/Cm0Start.c ****     {
 303:.\Generated_Source\PSoC4/Cm0Start.c ****         errno = ENOMEM;
 125              		.loc 1 303 0
 126 002e FFF7FEFF 		bl	__errno
 127 0032 031C     		mov	r3, r0
 128 0034 0C22     		mov	r2, #12
 129 0036 1A60     		str	r2, [r3]
 304:.\Generated_Source\PSoC4/Cm0Start.c ****         returnValue = (void *) -1;
 130              		.loc 1 304 0
 131 0038 0123     		mov	r3, #1
 132 003a 5B42     		neg	r3, r3
 133 003c FB60     		str	r3, [r7, #12]
 134              	.L7:
 305:.\Generated_Source\PSoC4/Cm0Start.c ****     }
 306:.\Generated_Source\PSoC4/Cm0Start.c **** 
 307:.\Generated_Source\PSoC4/Cm0Start.c ****     return (returnValue);
 135              		.loc 1 307 0
 136 003e FB68     		ldr	r3, [r7, #12]
 308:.\Generated_Source\PSoC4/Cm0Start.c **** }
 137              		.loc 1 308 0
 138 0040 181C     		mov	r0, r3
 139 0042 BD46     		mov	sp, r7
 140 0044 04B0     		add	sp, sp, #16
 141              		@ sp needed
 142 0046 80BD     		pop	{r7, pc}
 143              	.L10:
 144              		.align	2
 145              	.L9:
 146 0048 00000000 		.word	heapPointer.4714
 147 004c 00000000 		.word	end
 148              		.cfi_endproc
ARM GAS  C:\Users\LUKASC~1\AppData\Local\Temp\ccaNkxV7.s 			page 9


 149              	.LFE2:
 150              		.size	_sbrk, .-_sbrk
 151              		.section	.text.Start_c,"ax",%progbits
 152              		.align	2
 153              		.global	Start_c
 154              		.code	16
 155              		.thumb_func
 156              		.type	Start_c, %function
 157              	Start_c:
 158              	.LFB3:
 309:.\Generated_Source\PSoC4/Cm0Start.c **** 
 310:.\Generated_Source\PSoC4/Cm0Start.c **** 
 311:.\Generated_Source\PSoC4/Cm0Start.c **** /*******************************************************************************
 312:.\Generated_Source\PSoC4/Cm0Start.c **** * Function Name: Start_c
 313:.\Generated_Source\PSoC4/Cm0Start.c **** ********************************************************************************
 314:.\Generated_Source\PSoC4/Cm0Start.c **** *
 315:.\Generated_Source\PSoC4/Cm0Start.c **** * Summary:
 316:.\Generated_Source\PSoC4/Cm0Start.c **** *  This function handles initializing the .data and .bss sections in
 317:.\Generated_Source\PSoC4/Cm0Start.c **** *  preparation for running the standard c code.  Once initialization is complete
 318:.\Generated_Source\PSoC4/Cm0Start.c **** *  it will call main().  This function will never return.
 319:.\Generated_Source\PSoC4/Cm0Start.c **** *
 320:.\Generated_Source\PSoC4/Cm0Start.c **** * Parameters:
 321:.\Generated_Source\PSoC4/Cm0Start.c **** *  None
 322:.\Generated_Source\PSoC4/Cm0Start.c **** *
 323:.\Generated_Source\PSoC4/Cm0Start.c **** * Return:
 324:.\Generated_Source\PSoC4/Cm0Start.c **** *  None
 325:.\Generated_Source\PSoC4/Cm0Start.c **** *
 326:.\Generated_Source\PSoC4/Cm0Start.c **** *******************************************************************************/
 327:.\Generated_Source\PSoC4/Cm0Start.c **** void Start_c(void)  __attribute__ ((noreturn, noinline));
 328:.\Generated_Source\PSoC4/Cm0Start.c **** void Start_c(void)
 329:.\Generated_Source\PSoC4/Cm0Start.c **** {
 159              		.loc 1 329 0
 160              		.cfi_startproc
 161 0000 80B5     		push	{r7, lr}
 162              		.cfi_def_cfa_offset 8
 163              		.cfi_offset 7, -8
 164              		.cfi_offset 14, -4
 165 0002 86B0     		sub	sp, sp, #24
 166              		.cfi_def_cfa_offset 32
 167 0004 00AF     		add	r7, sp, #0
 168              		.cfi_def_cfa_register 7
 330:.\Generated_Source\PSoC4/Cm0Start.c ****     #ifdef CY_BOOT_START_C_CALLBACK
 331:.\Generated_Source\PSoC4/Cm0Start.c ****         CyBoot_Start_c_Callback();
 332:.\Generated_Source\PSoC4/Cm0Start.c ****     #else
 333:.\Generated_Source\PSoC4/Cm0Start.c ****         unsigned regions = __cy_region_num;
 169              		.loc 1 333 0
 170 0006 224B     		ldr	r3, .L19
 171 0008 7B61     		str	r3, [r7, #20]
 334:.\Generated_Source\PSoC4/Cm0Start.c ****         const struct __cy_region *rptr = __cy_regions;
 172              		.loc 1 334 0
 173 000a 224B     		ldr	r3, .L19+4
 174 000c 3B61     		str	r3, [r7, #16]
 335:.\Generated_Source\PSoC4/Cm0Start.c **** 
 336:.\Generated_Source\PSoC4/Cm0Start.c ****         /* Initialize memory */
 337:.\Generated_Source\PSoC4/Cm0Start.c ****         for (regions = __cy_region_num; regions != 0u; regions--)
 175              		.loc 1 337 0
 176 000e 204B     		ldr	r3, .L19
ARM GAS  C:\Users\LUKASC~1\AppData\Local\Temp\ccaNkxV7.s 			page 10


 177 0010 7B61     		str	r3, [r7, #20]
 178 0012 35E0     		b	.L12
 179              	.L17:
 180              	.LBB2:
 338:.\Generated_Source\PSoC4/Cm0Start.c ****         {
 339:.\Generated_Source\PSoC4/Cm0Start.c ****             uint32 *src = (uint32 *)rptr->init;
 181              		.loc 1 339 0
 182 0014 3B69     		ldr	r3, [r7, #16]
 183 0016 1B68     		ldr	r3, [r3]
 184 0018 FB60     		str	r3, [r7, #12]
 340:.\Generated_Source\PSoC4/Cm0Start.c ****             uint32 *dst = (uint32 *)rptr->data;
 185              		.loc 1 340 0
 186 001a 3B69     		ldr	r3, [r7, #16]
 187 001c 5B68     		ldr	r3, [r3, #4]
 188 001e BB60     		str	r3, [r7, #8]
 341:.\Generated_Source\PSoC4/Cm0Start.c ****             unsigned limit = rptr->init_size;
 189              		.loc 1 341 0
 190 0020 3B69     		ldr	r3, [r7, #16]
 191 0022 9B68     		ldr	r3, [r3, #8]
 192 0024 3B60     		str	r3, [r7]
 342:.\Generated_Source\PSoC4/Cm0Start.c ****             unsigned count;
 343:.\Generated_Source\PSoC4/Cm0Start.c **** 
 344:.\Generated_Source\PSoC4/Cm0Start.c ****             for (count = 0u; count != limit; count += sizeof (uint32))
 193              		.loc 1 344 0
 194 0026 0023     		mov	r3, #0
 195 0028 7B60     		str	r3, [r7, #4]
 196 002a 0CE0     		b	.L13
 197              	.L14:
 345:.\Generated_Source\PSoC4/Cm0Start.c ****             {
 346:.\Generated_Source\PSoC4/Cm0Start.c ****                 *dst = *src;
 198              		.loc 1 346 0 discriminator 3
 199 002c FB68     		ldr	r3, [r7, #12]
 200 002e 1A68     		ldr	r2, [r3]
 201 0030 BB68     		ldr	r3, [r7, #8]
 202 0032 1A60     		str	r2, [r3]
 347:.\Generated_Source\PSoC4/Cm0Start.c ****                 dst++;
 203              		.loc 1 347 0 discriminator 3
 204 0034 BB68     		ldr	r3, [r7, #8]
 205 0036 0433     		add	r3, r3, #4
 206 0038 BB60     		str	r3, [r7, #8]
 348:.\Generated_Source\PSoC4/Cm0Start.c ****                 src++;
 207              		.loc 1 348 0 discriminator 3
 208 003a FB68     		ldr	r3, [r7, #12]
 209 003c 0433     		add	r3, r3, #4
 210 003e FB60     		str	r3, [r7, #12]
 344:.\Generated_Source\PSoC4/Cm0Start.c ****             {
 211              		.loc 1 344 0 discriminator 3
 212 0040 7B68     		ldr	r3, [r7, #4]
 213 0042 0433     		add	r3, r3, #4
 214 0044 7B60     		str	r3, [r7, #4]
 215              	.L13:
 344:.\Generated_Source\PSoC4/Cm0Start.c ****             {
 216              		.loc 1 344 0 is_stmt 0 discriminator 1
 217 0046 7A68     		ldr	r2, [r7, #4]
 218 0048 3B68     		ldr	r3, [r7]
 219 004a 9A42     		cmp	r2, r3
 220 004c EED1     		bne	.L14
ARM GAS  C:\Users\LUKASC~1\AppData\Local\Temp\ccaNkxV7.s 			page 11


 349:.\Generated_Source\PSoC4/Cm0Start.c ****             }
 350:.\Generated_Source\PSoC4/Cm0Start.c ****             limit = rptr->zero_size;
 221              		.loc 1 350 0 is_stmt 1
 222 004e 3B69     		ldr	r3, [r7, #16]
 223 0050 DB68     		ldr	r3, [r3, #12]
 224 0052 3B60     		str	r3, [r7]
 351:.\Generated_Source\PSoC4/Cm0Start.c ****             for (count = 0u; count != limit; count += sizeof (uint32))
 225              		.loc 1 351 0
 226 0054 0023     		mov	r3, #0
 227 0056 7B60     		str	r3, [r7, #4]
 228 0058 08E0     		b	.L15
 229              	.L16:
 352:.\Generated_Source\PSoC4/Cm0Start.c ****             {
 353:.\Generated_Source\PSoC4/Cm0Start.c ****                 *dst = 0u;
 230              		.loc 1 353 0 discriminator 3
 231 005a BB68     		ldr	r3, [r7, #8]
 232 005c 0022     		mov	r2, #0
 233 005e 1A60     		str	r2, [r3]
 354:.\Generated_Source\PSoC4/Cm0Start.c ****                 dst++;
 234              		.loc 1 354 0 discriminator 3
 235 0060 BB68     		ldr	r3, [r7, #8]
 236 0062 0433     		add	r3, r3, #4
 237 0064 BB60     		str	r3, [r7, #8]
 351:.\Generated_Source\PSoC4/Cm0Start.c ****             for (count = 0u; count != limit; count += sizeof (uint32))
 238              		.loc 1 351 0 discriminator 3
 239 0066 7B68     		ldr	r3, [r7, #4]
 240 0068 0433     		add	r3, r3, #4
 241 006a 7B60     		str	r3, [r7, #4]
 242              	.L15:
 351:.\Generated_Source\PSoC4/Cm0Start.c ****             for (count = 0u; count != limit; count += sizeof (uint32))
 243              		.loc 1 351 0 is_stmt 0 discriminator 1
 244 006c 7A68     		ldr	r2, [r7, #4]
 245 006e 3B68     		ldr	r3, [r7]
 246 0070 9A42     		cmp	r2, r3
 247 0072 F2D1     		bne	.L16
 355:.\Generated_Source\PSoC4/Cm0Start.c ****             }
 356:.\Generated_Source\PSoC4/Cm0Start.c **** 
 357:.\Generated_Source\PSoC4/Cm0Start.c ****             rptr++;
 248              		.loc 1 357 0 is_stmt 1 discriminator 2
 249 0074 3B69     		ldr	r3, [r7, #16]
 250 0076 1033     		add	r3, r3, #16
 251 0078 3B61     		str	r3, [r7, #16]
 252              	.LBE2:
 337:.\Generated_Source\PSoC4/Cm0Start.c ****         {
 253              		.loc 1 337 0 discriminator 2
 254 007a 7B69     		ldr	r3, [r7, #20]
 255 007c 013B     		sub	r3, r3, #1
 256 007e 7B61     		str	r3, [r7, #20]
 257              	.L12:
 337:.\Generated_Source\PSoC4/Cm0Start.c ****         {
 258              		.loc 1 337 0 is_stmt 0 discriminator 1
 259 0080 7B69     		ldr	r3, [r7, #20]
 260 0082 002B     		cmp	r3, #0
 261 0084 C6D1     		bne	.L17
 358:.\Generated_Source\PSoC4/Cm0Start.c ****         }
 359:.\Generated_Source\PSoC4/Cm0Start.c **** 
 360:.\Generated_Source\PSoC4/Cm0Start.c ****         /* Invoke static objects constructors */
ARM GAS  C:\Users\LUKASC~1\AppData\Local\Temp\ccaNkxV7.s 			page 12


 361:.\Generated_Source\PSoC4/Cm0Start.c ****         __libc_init_array();
 262              		.loc 1 361 0 is_stmt 1
 263 0086 FFF7FEFF 		bl	__libc_init_array
 362:.\Generated_Source\PSoC4/Cm0Start.c ****         (void) main();
 264              		.loc 1 362 0
 265 008a FFF7FEFF 		bl	main
 266              	.L18:
 363:.\Generated_Source\PSoC4/Cm0Start.c **** 
 364:.\Generated_Source\PSoC4/Cm0Start.c ****         while (1)
 365:.\Generated_Source\PSoC4/Cm0Start.c ****         {
 366:.\Generated_Source\PSoC4/Cm0Start.c ****             /* If main returns, make sure we don't return. */
 367:.\Generated_Source\PSoC4/Cm0Start.c ****         }
 267              		.loc 1 367 0 discriminator 1
 268 008e FEE7     		b	.L18
 269              	.L20:
 270              		.align	2
 271              	.L19:
 272 0090 00000000 		.word	__cy_region_num
 273 0094 00000000 		.word	__cy_regions
 274              		.cfi_endproc
 275              	.LFE3:
 276              		.size	Start_c, .-Start_c
 277              		.section	.text.Reset,"ax",%progbits
 278              		.align	2
 279              		.global	Reset
 280              		.code	16
 281              		.thumb_func
 282              		.type	Reset, %function
 283              	Reset:
 284              	.LFB4:
 368:.\Generated_Source\PSoC4/Cm0Start.c **** 
 369:.\Generated_Source\PSoC4/Cm0Start.c ****     #endif /* CY_BOOT_START_C_CALLBACK */
 370:.\Generated_Source\PSoC4/Cm0Start.c **** }
 371:.\Generated_Source\PSoC4/Cm0Start.c **** 
 372:.\Generated_Source\PSoC4/Cm0Start.c **** 
 373:.\Generated_Source\PSoC4/Cm0Start.c **** /*******************************************************************************
 374:.\Generated_Source\PSoC4/Cm0Start.c **** * Function Name: Reset
 375:.\Generated_Source\PSoC4/Cm0Start.c **** ********************************************************************************
 376:.\Generated_Source\PSoC4/Cm0Start.c **** *
 377:.\Generated_Source\PSoC4/Cm0Start.c **** * Summary:
 378:.\Generated_Source\PSoC4/Cm0Start.c **** *  This function handles the reset interrupt for the GCC toolchain.  This is
 379:.\Generated_Source\PSoC4/Cm0Start.c **** *  the first bit of code that is executed at startup.
 380:.\Generated_Source\PSoC4/Cm0Start.c **** *
 381:.\Generated_Source\PSoC4/Cm0Start.c **** * Parameters:
 382:.\Generated_Source\PSoC4/Cm0Start.c **** *  None
 383:.\Generated_Source\PSoC4/Cm0Start.c **** *
 384:.\Generated_Source\PSoC4/Cm0Start.c **** * Return:
 385:.\Generated_Source\PSoC4/Cm0Start.c **** *  None
 386:.\Generated_Source\PSoC4/Cm0Start.c **** *
 387:.\Generated_Source\PSoC4/Cm0Start.c **** *******************************************************************************/
 388:.\Generated_Source\PSoC4/Cm0Start.c **** void Reset(void)
 389:.\Generated_Source\PSoC4/Cm0Start.c **** {
 285              		.loc 1 389 0
 286              		.cfi_startproc
 287 0000 80B5     		push	{r7, lr}
 288              		.cfi_def_cfa_offset 8
 289              		.cfi_offset 7, -8
ARM GAS  C:\Users\LUKASC~1\AppData\Local\Temp\ccaNkxV7.s 			page 13


 290              		.cfi_offset 14, -4
 291 0002 00AF     		add	r7, sp, #0
 292              		.cfi_def_cfa_register 7
 390:.\Generated_Source\PSoC4/Cm0Start.c ****     #if (CYDEV_PROJ_TYPE == CYDEV_PROJ_TYPE_LOADABLE || CYDEV_PROJ_TYPE == CYDEV_PROJ_TYPE_LOADABLE
 391:.\Generated_Source\PSoC4/Cm0Start.c **** 
 392:.\Generated_Source\PSoC4/Cm0Start.c ****         /* The bootloadable application image is started at Reset() handler
 393:.\Generated_Source\PSoC4/Cm0Start.c ****         * as a result of a branch instruction execution from the bootloader.
 394:.\Generated_Source\PSoC4/Cm0Start.c ****         * So, the stack pointer needs to be reset to be sure that
 395:.\Generated_Source\PSoC4/Cm0Start.c ****         * there is no garbage in the stack.
 396:.\Generated_Source\PSoC4/Cm0Start.c ****         */
 397:.\Generated_Source\PSoC4/Cm0Start.c ****         __asm volatile ("MSR msp, %0\n" : : "r" ((uint32)&__cy_stack) : "sp");
 293              		.loc 1 397 0
 294 0004 024B     		ldr	r3, .L22
 295              	@ 397 ".\Generated_Source\PSoC4\Cm0Start.c" 1
 296 0006 83F30888 		MSR msp, r3
 297              	
 298              	@ 0 "" 2
 398:.\Generated_Source\PSoC4/Cm0Start.c ****     #endif /* CYDEV_PROJ_TYPE_LOADABLE */
 399:.\Generated_Source\PSoC4/Cm0Start.c **** 
 400:.\Generated_Source\PSoC4/Cm0Start.c ****     #if(CY_IP_SRSSLT)
 401:.\Generated_Source\PSoC4/Cm0Start.c ****         CySysWdtDisable();
 402:.\Generated_Source\PSoC4/Cm0Start.c ****     #endif  /* (CY_IP_SRSSLT) */
 403:.\Generated_Source\PSoC4/Cm0Start.c **** 
 404:.\Generated_Source\PSoC4/Cm0Start.c ****     #if ((CYDEV_BOOTLOADER_ENABLE) && (CYDEV_PROJ_TYPE != CYDEV_PROJ_TYPE_LOADABLEANDBOOTLOADER))
 405:.\Generated_Source\PSoC4/Cm0Start.c ****         CyBtldr_CheckLaunch();
 406:.\Generated_Source\PSoC4/Cm0Start.c ****     #endif /* ((CYDEV_BOOTLOADER_ENABLE) && (CYDEV_PROJ_TYPE != CYDEV_PROJ_TYPE_LOADABLEANDBOOTLOAD
 407:.\Generated_Source\PSoC4/Cm0Start.c ****     Start_c();
 299              		.loc 1 407 0
 300              		.code	16
 301 000a FFF7FEFF 		bl	Start_c
 302              	.L23:
 303 000e C046     		.align	2
 304              	.L22:
 305 0010 00000000 		.word	__cy_stack
 306              		.cfi_endproc
 307              	.LFE4:
 308              		.size	Reset, .-Reset
 309              		.global	CyRamVectors
 310              		.section	.ramvectors,"aw",%progbits
 311              		.align	2
 312              		.type	CyRamVectors, %object
 313              		.size	CyRamVectors, 192
 314              	CyRamVectors:
 315 0000 00000000 		.space	192
 315      00000000 
 315      00000000 
 315      00000000 
 315      00000000 
 316              		.global	RomVectors
 317              		.section	.romvectors,"a",%progbits
 318              		.align	2
 319              		.type	RomVectors, %object
 320              		.size	RomVectors, 16
 321              	RomVectors:
 322 0000 00000000 		.word	__cy_stack
 323 0004 00000000 		.word	Reset
 324 0008 00000000 		.word	IntDefaultHandler
ARM GAS  C:\Users\LUKASC~1\AppData\Local\Temp\ccaNkxV7.s 			page 14


 325 000c 00000000 		.word	IntDefaultHandler
 326              		.section	.text.initialize_psoc,"ax",%progbits
 327              		.align	2
 328              		.global	initialize_psoc
 329              		.code	16
 330              		.thumb_func
 331              		.type	initialize_psoc, %function
 332              	initialize_psoc:
 333              	.LFB5:
 408:.\Generated_Source\PSoC4/Cm0Start.c **** }
 409:.\Generated_Source\PSoC4/Cm0Start.c **** 
 410:.\Generated_Source\PSoC4/Cm0Start.c **** #elif defined (__ICCARM__)
 411:.\Generated_Source\PSoC4/Cm0Start.c **** 
 412:.\Generated_Source\PSoC4/Cm0Start.c **** 
 413:.\Generated_Source\PSoC4/Cm0Start.c **** /*******************************************************************************
 414:.\Generated_Source\PSoC4/Cm0Start.c **** * Function Name: __low_level_init
 415:.\Generated_Source\PSoC4/Cm0Start.c **** ********************************************************************************
 416:.\Generated_Source\PSoC4/Cm0Start.c **** *
 417:.\Generated_Source\PSoC4/Cm0Start.c **** * Summary:
 418:.\Generated_Source\PSoC4/Cm0Start.c **** *  This function performs early initializations for the IAR Embedded
 419:.\Generated_Source\PSoC4/Cm0Start.c **** *  Workbench IDE. It is executed in the context of reset interrupt handler
 420:.\Generated_Source\PSoC4/Cm0Start.c **** *  before the data sections are initialized.
 421:.\Generated_Source\PSoC4/Cm0Start.c **** *
 422:.\Generated_Source\PSoC4/Cm0Start.c **** * Parameters:
 423:.\Generated_Source\PSoC4/Cm0Start.c **** *  None
 424:.\Generated_Source\PSoC4/Cm0Start.c **** *
 425:.\Generated_Source\PSoC4/Cm0Start.c **** * Return:
 426:.\Generated_Source\PSoC4/Cm0Start.c **** *  The value that determines whether or not data sections should be initialized
 427:.\Generated_Source\PSoC4/Cm0Start.c **** *  by the system startup code:
 428:.\Generated_Source\PSoC4/Cm0Start.c **** *    0 - skip data sections initialization;
 429:.\Generated_Source\PSoC4/Cm0Start.c **** *    1 - initialize data sections;
 430:.\Generated_Source\PSoC4/Cm0Start.c **** *
 431:.\Generated_Source\PSoC4/Cm0Start.c **** *******************************************************************************/
 432:.\Generated_Source\PSoC4/Cm0Start.c **** #pragma inline = never
 433:.\Generated_Source\PSoC4/Cm0Start.c **** int __low_level_init(void)
 434:.\Generated_Source\PSoC4/Cm0Start.c **** {
 435:.\Generated_Source\PSoC4/Cm0Start.c ****     #if(CY_IP_SRSSLT)
 436:.\Generated_Source\PSoC4/Cm0Start.c ****         CySysWdtDisable();
 437:.\Generated_Source\PSoC4/Cm0Start.c ****     #endif  /* (CY_IP_SRSSLT) */
 438:.\Generated_Source\PSoC4/Cm0Start.c **** 
 439:.\Generated_Source\PSoC4/Cm0Start.c **** #if ((CYDEV_BOOTLOADER_ENABLE) && (CYDEV_PROJ_TYPE != CYDEV_PROJ_TYPE_LOADABLEANDBOOTLOADER))
 440:.\Generated_Source\PSoC4/Cm0Start.c ****     CyBtldr_CheckLaunch();
 441:.\Generated_Source\PSoC4/Cm0Start.c **** #endif /* ((CYDEV_BOOTLOADER_ENABLE) && (CYDEV_PROJ_TYPE != CYDEV_PROJ_TYPE_LOADABLEANDBOOTLOADER))
 442:.\Generated_Source\PSoC4/Cm0Start.c **** 
 443:.\Generated_Source\PSoC4/Cm0Start.c ****     /* Initialize data sections */
 444:.\Generated_Source\PSoC4/Cm0Start.c ****     __iar_data_init3();
 445:.\Generated_Source\PSoC4/Cm0Start.c **** 
 446:.\Generated_Source\PSoC4/Cm0Start.c ****     initialize_psoc();
 447:.\Generated_Source\PSoC4/Cm0Start.c **** 
 448:.\Generated_Source\PSoC4/Cm0Start.c ****     return 0;
 449:.\Generated_Source\PSoC4/Cm0Start.c **** }
 450:.\Generated_Source\PSoC4/Cm0Start.c **** 
 451:.\Generated_Source\PSoC4/Cm0Start.c **** #endif /* __GNUC__ */
 452:.\Generated_Source\PSoC4/Cm0Start.c **** 
 453:.\Generated_Source\PSoC4/Cm0Start.c **** 
 454:.\Generated_Source\PSoC4/Cm0Start.c **** /*******************************************************************************
 455:.\Generated_Source\PSoC4/Cm0Start.c **** * Ram Interrupt Vector table storage area. Must be placed at 0x20000000.
ARM GAS  C:\Users\LUKASC~1\AppData\Local\Temp\ccaNkxV7.s 			page 15


 456:.\Generated_Source\PSoC4/Cm0Start.c **** *******************************************************************************/
 457:.\Generated_Source\PSoC4/Cm0Start.c **** 
 458:.\Generated_Source\PSoC4/Cm0Start.c **** #if defined (__ICCARM__)
 459:.\Generated_Source\PSoC4/Cm0Start.c ****     #pragma location=".ramvectors"
 460:.\Generated_Source\PSoC4/Cm0Start.c **** #else
 461:.\Generated_Source\PSoC4/Cm0Start.c ****     #ifndef CY_SYS_RAM_VECTOR_SECTION
 462:.\Generated_Source\PSoC4/Cm0Start.c ****         #define CY_SYS_RAM_VECTOR_SECTION CY_SECTION(".ramvectors")
 463:.\Generated_Source\PSoC4/Cm0Start.c ****     #endif /* CY_SYS_RAM_VECTOR_SECTION */
 464:.\Generated_Source\PSoC4/Cm0Start.c ****     CY_SYS_RAM_VECTOR_SECTION
 465:.\Generated_Source\PSoC4/Cm0Start.c **** #endif  /* defined (__ICCARM__) */
 466:.\Generated_Source\PSoC4/Cm0Start.c **** cyisraddress CyRamVectors[CY_NUM_VECTORS];
 467:.\Generated_Source\PSoC4/Cm0Start.c **** 
 468:.\Generated_Source\PSoC4/Cm0Start.c **** 
 469:.\Generated_Source\PSoC4/Cm0Start.c **** /*******************************************************************************
 470:.\Generated_Source\PSoC4/Cm0Start.c **** * Rom Interrupt Vector table storage area. Must be 256-byte aligned.
 471:.\Generated_Source\PSoC4/Cm0Start.c **** *******************************************************************************/
 472:.\Generated_Source\PSoC4/Cm0Start.c **** 
 473:.\Generated_Source\PSoC4/Cm0Start.c **** #if defined(__ARMCC_VERSION)
 474:.\Generated_Source\PSoC4/Cm0Start.c ****     /* Suppress diagnostic message 1296-D: extended constant initialiser used */
 475:.\Generated_Source\PSoC4/Cm0Start.c ****     #pragma diag_suppress 1296
 476:.\Generated_Source\PSoC4/Cm0Start.c **** #endif  /* defined(__ARMCC_VERSION) */
 477:.\Generated_Source\PSoC4/Cm0Start.c **** 
 478:.\Generated_Source\PSoC4/Cm0Start.c **** #if defined (__ICCARM__)
 479:.\Generated_Source\PSoC4/Cm0Start.c ****     #pragma location=".romvectors"
 480:.\Generated_Source\PSoC4/Cm0Start.c ****     const intvec_elem __vector_table[CY_NUM_ROM_VECTORS] =
 481:.\Generated_Source\PSoC4/Cm0Start.c **** #else
 482:.\Generated_Source\PSoC4/Cm0Start.c ****     #ifndef CY_SYS_ROM_VECTOR_SECTION
 483:.\Generated_Source\PSoC4/Cm0Start.c ****         #define CY_SYS_ROM_VECTOR_SECTION CY_SECTION(".romvectors")
 484:.\Generated_Source\PSoC4/Cm0Start.c ****     #endif /* CY_SYS_ROM_VECTOR_SECTION */
 485:.\Generated_Source\PSoC4/Cm0Start.c ****     CY_SYS_ROM_VECTOR_SECTION
 486:.\Generated_Source\PSoC4/Cm0Start.c ****     const cyisraddress RomVectors[CY_NUM_ROM_VECTORS] =
 487:.\Generated_Source\PSoC4/Cm0Start.c **** #endif  /* defined (__ICCARM__) */
 488:.\Generated_Source\PSoC4/Cm0Start.c **** {
 489:.\Generated_Source\PSoC4/Cm0Start.c ****     CY_SYS_INITIAL_STACK_POINTER,   /* The initial stack pointer  0 */
 490:.\Generated_Source\PSoC4/Cm0Start.c ****     #if defined (__ICCARM__) /* The reset handler          1 */
 491:.\Generated_Source\PSoC4/Cm0Start.c ****         __iar_program_start,
 492:.\Generated_Source\PSoC4/Cm0Start.c ****     #else
 493:.\Generated_Source\PSoC4/Cm0Start.c ****         (cyisraddress)&Reset,
 494:.\Generated_Source\PSoC4/Cm0Start.c ****     #endif  /* defined (__ICCARM__) */
 495:.\Generated_Source\PSoC4/Cm0Start.c ****     &IntDefaultHandler,      /* The NMI handler            2 */
 496:.\Generated_Source\PSoC4/Cm0Start.c ****     &IntDefaultHandler,      /* The hard fault handler     3 */
 497:.\Generated_Source\PSoC4/Cm0Start.c **** };
 498:.\Generated_Source\PSoC4/Cm0Start.c **** 
 499:.\Generated_Source\PSoC4/Cm0Start.c **** #if defined(__ARMCC_VERSION)
 500:.\Generated_Source\PSoC4/Cm0Start.c ****     #pragma diag_default 1296
 501:.\Generated_Source\PSoC4/Cm0Start.c **** #endif  /* defined(__ARMCC_VERSION) */
 502:.\Generated_Source\PSoC4/Cm0Start.c **** 
 503:.\Generated_Source\PSoC4/Cm0Start.c **** 
 504:.\Generated_Source\PSoC4/Cm0Start.c **** /*******************************************************************************
 505:.\Generated_Source\PSoC4/Cm0Start.c **** * Function Name: initialize_psoc
 506:.\Generated_Source\PSoC4/Cm0Start.c **** ********************************************************************************
 507:.\Generated_Source\PSoC4/Cm0Start.c **** *
 508:.\Generated_Source\PSoC4/Cm0Start.c **** * Summary:
 509:.\Generated_Source\PSoC4/Cm0Start.c **** *  This function is used to initialize the PSoC chip before calling main.
 510:.\Generated_Source\PSoC4/Cm0Start.c **** *
 511:.\Generated_Source\PSoC4/Cm0Start.c **** * Parameters:
 512:.\Generated_Source\PSoC4/Cm0Start.c **** *  None
ARM GAS  C:\Users\LUKASC~1\AppData\Local\Temp\ccaNkxV7.s 			page 16


 513:.\Generated_Source\PSoC4/Cm0Start.c **** *
 514:.\Generated_Source\PSoC4/Cm0Start.c **** * Return:
 515:.\Generated_Source\PSoC4/Cm0Start.c **** *  None
 516:.\Generated_Source\PSoC4/Cm0Start.c **** *
 517:.\Generated_Source\PSoC4/Cm0Start.c **** *******************************************************************************/
 518:.\Generated_Source\PSoC4/Cm0Start.c **** #if(defined(__GNUC__) && !defined(__ARMCC_VERSION))
 519:.\Generated_Source\PSoC4/Cm0Start.c **** __attribute__ ((constructor(101)))
 520:.\Generated_Source\PSoC4/Cm0Start.c **** #endif  /* (defined(__GNUC__) && !defined(__ARMCC_VERSION)) */
 521:.\Generated_Source\PSoC4/Cm0Start.c **** void initialize_psoc(void)
 522:.\Generated_Source\PSoC4/Cm0Start.c **** {
 334              		.loc 1 522 0
 335              		.cfi_startproc
 336 0000 80B5     		push	{r7, lr}
 337              		.cfi_def_cfa_offset 8
 338              		.cfi_offset 7, -8
 339              		.cfi_offset 14, -4
 340 0002 82B0     		sub	sp, sp, #8
 341              		.cfi_def_cfa_offset 16
 342 0004 00AF     		add	r7, sp, #0
 343              		.cfi_def_cfa_register 7
 523:.\Generated_Source\PSoC4/Cm0Start.c ****     uint32 indexInit;
 524:.\Generated_Source\PSoC4/Cm0Start.c **** 
 525:.\Generated_Source\PSoC4/Cm0Start.c ****     #if(CY_IP_CPUSSV2)
 526:.\Generated_Source\PSoC4/Cm0Start.c ****         /***********************************************************************
 527:.\Generated_Source\PSoC4/Cm0Start.c ****         * Make sure that Vector Table is located at 0000_0000 in Flash, before
 528:.\Generated_Source\PSoC4/Cm0Start.c ****         * accessing RomVectors or calling functions that may be placed in
 529:.\Generated_Source\PSoC4/Cm0Start.c ****         * .psocinit (cyfitter_cfg and ClockSetup). Note The CY_CPUSS_CONFIG_REG
 530:.\Generated_Source\PSoC4/Cm0Start.c ****         * register is retention for the specified device family.
 531:.\Generated_Source\PSoC4/Cm0Start.c ****         ***********************************************************************/
 532:.\Generated_Source\PSoC4/Cm0Start.c ****         CY_CPUSS_CONFIG_REG &= (uint32) ~CY_CPUSS_CONFIG_VECT_IN_RAM;
 533:.\Generated_Source\PSoC4/Cm0Start.c ****     #endif  /* (CY_IP_CPUSSV2) */
 534:.\Generated_Source\PSoC4/Cm0Start.c **** 
 535:.\Generated_Source\PSoC4/Cm0Start.c ****     /* Set Ram interrupt vectors to default functions. */
 536:.\Generated_Source\PSoC4/Cm0Start.c ****     for (indexInit = 0u; indexInit < CY_NUM_VECTORS; indexInit++)
 344              		.loc 1 536 0
 345 0006 0023     		mov	r3, #0
 346 0008 7B60     		str	r3, [r7, #4]
 347 000a 0FE0     		b	.L25
 348              	.L28:
 537:.\Generated_Source\PSoC4/Cm0Start.c ****     {
 538:.\Generated_Source\PSoC4/Cm0Start.c ****         CyRamVectors[indexInit] = (indexInit < CY_NUM_ROM_VECTORS) ?
 539:.\Generated_Source\PSoC4/Cm0Start.c ****             #if defined (__ICCARM__)
 540:.\Generated_Source\PSoC4/Cm0Start.c ****                 __vector_table[indexInit].__fun : &IntDefaultHandler;
 541:.\Generated_Source\PSoC4/Cm0Start.c ****             #else
 542:.\Generated_Source\PSoC4/Cm0Start.c ****                 RomVectors[indexInit] : &IntDefaultHandler;
 349              		.loc 1 542 0
 350 000c 7B68     		ldr	r3, [r7, #4]
 351 000e 032B     		cmp	r3, #3
 352 0010 04D8     		bhi	.L26
 353              		.loc 1 542 0 is_stmt 0 discriminator 1
 354 0012 134B     		ldr	r3, .L30
 355 0014 7A68     		ldr	r2, [r7, #4]
 356 0016 9200     		lsl	r2, r2, #2
 357 0018 D358     		ldr	r3, [r2, r3]
 358 001a 00E0     		b	.L27
 359              	.L26:
 360              		.loc 1 542 0 discriminator 2
ARM GAS  C:\Users\LUKASC~1\AppData\Local\Temp\ccaNkxV7.s 			page 17


 361 001c 114B     		ldr	r3, .L30+4
 362              	.L27:
 538:.\Generated_Source\PSoC4/Cm0Start.c ****             #if defined (__ICCARM__)
 363              		.loc 1 538 0 is_stmt 1 discriminator 2
 364 001e 124A     		ldr	r2, .L30+8
 365 0020 7968     		ldr	r1, [r7, #4]
 366 0022 8900     		lsl	r1, r1, #2
 367 0024 8B50     		str	r3, [r1, r2]
 536:.\Generated_Source\PSoC4/Cm0Start.c ****     {
 368              		.loc 1 536 0 discriminator 2
 369 0026 7B68     		ldr	r3, [r7, #4]
 370 0028 0133     		add	r3, r3, #1
 371 002a 7B60     		str	r3, [r7, #4]
 372              	.L25:
 536:.\Generated_Source\PSoC4/Cm0Start.c ****     {
 373              		.loc 1 536 0 is_stmt 0 discriminator 1
 374 002c 7B68     		ldr	r3, [r7, #4]
 375 002e 2F2B     		cmp	r3, #47
 376 0030 ECD9     		bls	.L28
 543:.\Generated_Source\PSoC4/Cm0Start.c ****             #endif  /* defined (__ICCARM__) */
 544:.\Generated_Source\PSoC4/Cm0Start.c ****     }
 545:.\Generated_Source\PSoC4/Cm0Start.c **** 
 546:.\Generated_Source\PSoC4/Cm0Start.c ****     /* Initialize configuration registers. */
 547:.\Generated_Source\PSoC4/Cm0Start.c ****     cyfitter_cfg();
 377              		.loc 1 547 0 is_stmt 1
 378 0032 FFF7FEFF 		bl	cyfitter_cfg
 548:.\Generated_Source\PSoC4/Cm0Start.c **** 
 549:.\Generated_Source\PSoC4/Cm0Start.c ****     #if !defined (__ICCARM__)
 550:.\Generated_Source\PSoC4/Cm0Start.c ****         /* Actually, no need to clean this variable, just to make compiler happy. */
 551:.\Generated_Source\PSoC4/Cm0Start.c ****         cySysNoInitDataValid = 0u;
 379              		.loc 1 551 0
 380 0036 0D4B     		ldr	r3, .L30+12
 381 0038 0022     		mov	r2, #0
 382 003a 1A60     		str	r2, [r3]
 552:.\Generated_Source\PSoC4/Cm0Start.c ****     #endif  /* !defined (__ICCARM__) */
 553:.\Generated_Source\PSoC4/Cm0Start.c **** 
 554:.\Generated_Source\PSoC4/Cm0Start.c ****     #if (CYDEV_PROJ_TYPE != CYDEV_PROJ_TYPE_STANDARD)
 555:.\Generated_Source\PSoC4/Cm0Start.c **** 
 556:.\Generated_Source\PSoC4/Cm0Start.c ****         /* Need to make sure that this variable will not be optimized out */
 557:.\Generated_Source\PSoC4/Cm0Start.c ****         if (0u == cyBtldrRunType)
 383              		.loc 1 557 0
 384 003c 0C4B     		ldr	r3, .L30+16
 385 003e 1B68     		ldr	r3, [r3]
 386 0040 002B     		cmp	r3, #0
 387 0042 02D1     		bne	.L29
 558:.\Generated_Source\PSoC4/Cm0Start.c ****         {
 559:.\Generated_Source\PSoC4/Cm0Start.c ****             cyBtldrRunType = 0u;
 388              		.loc 1 559 0
 389 0044 0A4B     		ldr	r3, .L30+16
 390 0046 0022     		mov	r2, #0
 391 0048 1A60     		str	r2, [r3]
 392              	.L29:
 560:.\Generated_Source\PSoC4/Cm0Start.c ****         }
 561:.\Generated_Source\PSoC4/Cm0Start.c **** 
 562:.\Generated_Source\PSoC4/Cm0Start.c ****     #endif  /* (CYDEV_PROJ_TYPE != CYDEV_PROJ_TYPE_STANDARD) */
 563:.\Generated_Source\PSoC4/Cm0Start.c **** 
 564:.\Generated_Source\PSoC4/Cm0Start.c ****     /* Vector Table is located at 0x2000:0000 in SRAM */
ARM GAS  C:\Users\LUKASC~1\AppData\Local\Temp\ccaNkxV7.s 			page 18


 565:.\Generated_Source\PSoC4/Cm0Start.c ****     CY_CPUSS_CONFIG_REG |= CY_CPUSS_CONFIG_VECT_IN_RAM;
 393              		.loc 1 565 0
 394 004a 8023     		mov	r3, #128
 395 004c DB05     		lsl	r3, r3, #23
 396 004e 8022     		mov	r2, #128
 397 0050 D205     		lsl	r2, r2, #23
 398 0052 1268     		ldr	r2, [r2]
 399 0054 0121     		mov	r1, #1
 400 0056 0A43     		orr	r2, r1
 401 0058 1A60     		str	r2, [r3]
 566:.\Generated_Source\PSoC4/Cm0Start.c **** }
 402              		.loc 1 566 0
 403 005a BD46     		mov	sp, r7
 404 005c 02B0     		add	sp, sp, #8
 405              		@ sp needed
 406 005e 80BD     		pop	{r7, pc}
 407              	.L31:
 408              		.align	2
 409              	.L30:
 410 0060 00000000 		.word	RomVectors
 411 0064 00000000 		.word	IntDefaultHandler
 412 0068 00000000 		.word	CyRamVectors
 413 006c 00000000 		.word	cySysNoInitDataValid
 414 0070 00000000 		.word	cyBtldrRunType
 415              		.cfi_endproc
 416              	.LFE5:
 417              		.size	initialize_psoc, .-initialize_psoc
 418              		.section	.init_array,"aw",%init_array
 419              		.align	2
 420 0000 00000000 		.word	initialize_psoc(target1)
 421              		.data
 422              		.align	2
 423              		.type	heapPointer.4714, %object
 424              		.size	heapPointer.4714, 4
 425              	heapPointer.4714:
 426 0000 00000000 		.word	end
 427              		.weak	__cy_region_num
 428              		.text
 429              	.Letext0:
 430              		.file 2 ".\\Generated_Source\\PSoC4\\cytypes.h"
 431              		.file 3 "c:\\program files (x86)\\cypress\\psoc creator\\3.3\\psoc creator\\import\\gnu\\arm\\4.9.
 432              		.section	.debug_info,"",%progbits
 433              	.Ldebug_info0:
 434 0000 0F030000 		.4byte	0x30f
 435 0004 0400     		.2byte	0x4
 436 0006 00000000 		.4byte	.Ldebug_abbrev0
 437 000a 04       		.byte	0x4
 438 000b 01       		.uleb128 0x1
 439 000c 06000000 		.4byte	.LASF43
 440 0010 01       		.byte	0x1
 441 0011 95020000 		.4byte	.LASF44
 442 0015 7B010000 		.4byte	.LASF45
 443 0019 00000000 		.4byte	.Ldebug_ranges0+0
 444 001d 00000000 		.4byte	0
 445 0021 00000000 		.4byte	.Ldebug_line0
 446 0025 02       		.uleb128 0x2
 447 0026 01       		.byte	0x1
ARM GAS  C:\Users\LUKASC~1\AppData\Local\Temp\ccaNkxV7.s 			page 19


 448 0027 06       		.byte	0x6
 449 0028 CC020000 		.4byte	.LASF0
 450 002c 02       		.uleb128 0x2
 451 002d 01       		.byte	0x1
 452 002e 08       		.byte	0x8
 453 002f 0B010000 		.4byte	.LASF1
 454 0033 02       		.uleb128 0x2
 455 0034 02       		.byte	0x2
 456 0035 05       		.byte	0x5
 457 0036 B9020000 		.4byte	.LASF2
 458 003a 02       		.uleb128 0x2
 459 003b 02       		.byte	0x2
 460 003c 07       		.byte	0x7
 461 003d C2000000 		.4byte	.LASF3
 462 0041 02       		.uleb128 0x2
 463 0042 04       		.byte	0x4
 464 0043 05       		.byte	0x5
 465 0044 C3020000 		.4byte	.LASF4
 466 0048 02       		.uleb128 0x2
 467 0049 04       		.byte	0x4
 468 004a 07       		.byte	0x7
 469 004b 30010000 		.4byte	.LASF5
 470 004f 02       		.uleb128 0x2
 471 0050 08       		.byte	0x8
 472 0051 05       		.byte	0x5
 473 0052 82020000 		.4byte	.LASF6
 474 0056 02       		.uleb128 0x2
 475 0057 08       		.byte	0x8
 476 0058 07       		.byte	0x7
 477 0059 34020000 		.4byte	.LASF7
 478 005d 03       		.uleb128 0x3
 479 005e 04       		.byte	0x4
 480 005f 05       		.byte	0x5
 481 0060 696E7400 		.ascii	"int\000"
 482 0064 02       		.uleb128 0x2
 483 0065 04       		.byte	0x4
 484 0066 07       		.byte	0x7
 485 0067 27020000 		.4byte	.LASF8
 486 006b 04       		.uleb128 0x4
 487 006c 57010000 		.4byte	.LASF9
 488 0070 02       		.byte	0x2
 489 0071 3801     		.2byte	0x138
 490 0073 2C000000 		.4byte	0x2c
 491 0077 04       		.uleb128 0x4
 492 0078 16020000 		.4byte	.LASF10
 493 007c 02       		.byte	0x2
 494 007d 3A01     		.2byte	0x13a
 495 007f 48000000 		.4byte	0x48
 496 0083 02       		.uleb128 0x2
 497 0084 04       		.byte	0x4
 498 0085 04       		.byte	0x4
 499 0086 00010000 		.4byte	.LASF11
 500 008a 02       		.uleb128 0x2
 501 008b 08       		.byte	0x8
 502 008c 04       		.byte	0x4
 503 008d F0010000 		.4byte	.LASF12
 504 0091 02       		.uleb128 0x2
ARM GAS  C:\Users\LUKASC~1\AppData\Local\Temp\ccaNkxV7.s 			page 20


 505 0092 01       		.byte	0x1
 506 0093 08       		.byte	0x8
 507 0094 90020000 		.4byte	.LASF13
 508 0098 04       		.uleb128 0x4
 509 0099 00000000 		.4byte	.LASF14
 510 009d 02       		.byte	0x2
 511 009e E401     		.2byte	0x1e4
 512 00a0 A4000000 		.4byte	0xa4
 513 00a4 05       		.uleb128 0x5
 514 00a5 77000000 		.4byte	0x77
 515 00a9 04       		.uleb128 0x4
 516 00aa 51020000 		.4byte	.LASF15
 517 00ae 02       		.byte	0x2
 518 00af F401     		.2byte	0x1f4
 519 00b1 B5000000 		.4byte	0xb5
 520 00b5 06       		.uleb128 0x6
 521 00b6 04       		.byte	0x4
 522 00b7 BB000000 		.4byte	0xbb
 523 00bb 07       		.uleb128 0x7
 524 00bc 08       		.uleb128 0x8
 525 00bd 94000000 		.4byte	.LASF16
 526 00c1 03       		.byte	0x3
 527 00c2 D4       		.byte	0xd4
 528 00c3 64000000 		.4byte	0x64
 529 00c7 02       		.uleb128 0x2
 530 00c8 04       		.byte	0x4
 531 00c9 07       		.byte	0x7
 532 00ca 79020000 		.4byte	.LASF17
 533 00ce 09       		.uleb128 0x9
 534 00cf 04       		.byte	0x4
 535 00d0 0A       		.uleb128 0xa
 536 00d1 91000000 		.4byte	0x91
 537 00d5 08       		.uleb128 0x8
 538 00d6 68020000 		.4byte	.LASF18
 539 00da 01       		.byte	0x1
 540 00db DC       		.byte	0xdc
 541 00dc 2C000000 		.4byte	0x2c
 542 00e0 0B       		.uleb128 0xb
 543 00e1 F4020000 		.4byte	.LASF46
 544 00e5 10       		.byte	0x10
 545 00e6 01       		.byte	0x1
 546 00e7 DE       		.byte	0xde
 547 00e8 1D010000 		.4byte	0x11d
 548 00ec 0C       		.uleb128 0xc
 549 00ed E5000000 		.4byte	.LASF19
 550 00f1 01       		.byte	0x1
 551 00f2 E0       		.byte	0xe0
 552 00f3 1D010000 		.4byte	0x11d
 553 00f7 00       		.byte	0
 554 00f8 0C       		.uleb128 0xc
 555 00f9 06010000 		.4byte	.LASF20
 556 00fd 01       		.byte	0x1
 557 00fe E1       		.byte	0xe1
 558 00ff 1D010000 		.4byte	0x11d
 559 0103 04       		.byte	0x4
 560 0104 0C       		.uleb128 0xc
 561 0105 5E020000 		.4byte	.LASF21
ARM GAS  C:\Users\LUKASC~1\AppData\Local\Temp\ccaNkxV7.s 			page 21


 562 0109 01       		.byte	0x1
 563 010a E2       		.byte	0xe2
 564 010b BC000000 		.4byte	0xbc
 565 010f 08       		.byte	0x8
 566 0110 0C       		.uleb128 0xc
 567 0111 F1000000 		.4byte	.LASF22
 568 0115 01       		.byte	0x1
 569 0116 E3       		.byte	0xe3
 570 0117 BC000000 		.4byte	0xbc
 571 011b 0C       		.byte	0xc
 572 011c 00       		.byte	0
 573 011d 06       		.uleb128 0x6
 574 011e 04       		.byte	0x4
 575 011f D5000000 		.4byte	0xd5
 576 0123 0D       		.uleb128 0xd
 577 0124 69010000 		.4byte	.LASF33
 578 0128 01       		.byte	0x1
 579 0129 6F       		.byte	0x6f
 580 012a 00000000 		.4byte	.LFB0
 581 012e 06000000 		.4byte	.LFE0-.LFB0
 582 0132 01       		.uleb128 0x1
 583 0133 9C       		.byte	0x9c
 584 0134 0E       		.uleb128 0xe
 585 0135 63010000 		.4byte	.LASF27
 586 0139 01       		.byte	0x1
 587 013a 0101     		.2byte	0x101
 588 013c 00000000 		.4byte	.LFB1
 589 0140 14000000 		.4byte	.LFE1-.LFB1
 590 0144 01       		.uleb128 0x1
 591 0145 9C       		.byte	0x9c
 592 0146 5A010000 		.4byte	0x15a
 593 014a 0F       		.uleb128 0xf
 594 014b EA000000 		.4byte	.LASF23
 595 014f 01       		.byte	0x1
 596 0150 0101     		.2byte	0x101
 597 0152 5D000000 		.4byte	0x5d
 598 0156 02       		.uleb128 0x2
 599 0157 91       		.byte	0x91
 600 0158 74       		.sleb128 -12
 601 0159 00       		.byte	0
 602 015a 10       		.uleb128 0x10
 603 015b EA010000 		.4byte	.LASF47
 604 015f 01       		.byte	0x1
 605 0160 2001     		.2byte	0x120
 606 0162 CE000000 		.4byte	0xce
 607 0166 00000000 		.4byte	.LFB2
 608 016a 50000000 		.4byte	.LFE2-.LFB2
 609 016e 01       		.uleb128 0x1
 610 016f 9C       		.byte	0x9c
 611 0170 B1010000 		.4byte	0x1b1
 612 0174 0F       		.uleb128 0xf
 613 0175 ED020000 		.4byte	.LASF24
 614 0179 01       		.byte	0x1
 615 017a 2001     		.2byte	0x120
 616 017c 5D000000 		.4byte	0x5d
 617 0180 02       		.uleb128 0x2
 618 0181 91       		.byte	0x91
ARM GAS  C:\Users\LUKASC~1\AppData\Local\Temp\ccaNkxV7.s 			page 22


 619 0182 6C       		.sleb128 -20
 620 0183 11       		.uleb128 0x11
 621 0184 656E6400 		.ascii	"end\000"
 622 0188 01       		.byte	0x1
 623 0189 2201     		.2byte	0x122
 624 018b 5D000000 		.4byte	0x5d
 625 018f 12       		.uleb128 0x12
 626 0190 19010000 		.4byte	.LASF25
 627 0194 01       		.byte	0x1
 628 0195 2301     		.2byte	0x123
 629 0197 CE000000 		.4byte	0xce
 630 019b 02       		.uleb128 0x2
 631 019c 91       		.byte	0x91
 632 019d 74       		.sleb128 -12
 633 019e 12       		.uleb128 0x12
 634 019f B6000000 		.4byte	.LASF26
 635 01a3 01       		.byte	0x1
 636 01a4 2601     		.2byte	0x126
 637 01a6 CE000000 		.4byte	0xce
 638 01aa 05       		.uleb128 0x5
 639 01ab 03       		.byte	0x3
 640 01ac 00000000 		.4byte	heapPointer.4714
 641 01b0 00       		.byte	0
 642 01b1 0E       		.uleb128 0xe
 643 01b2 A8000000 		.4byte	.LASF28
 644 01b6 01       		.byte	0x1
 645 01b7 4801     		.2byte	0x148
 646 01b9 00000000 		.4byte	.LFB3
 647 01bd 98000000 		.4byte	.LFE3-.LFB3
 648 01c1 01       		.uleb128 0x1
 649 01c2 9C       		.byte	0x9c
 650 01c3 2C020000 		.4byte	0x22c
 651 01c7 12       		.uleb128 0x12
 652 01c8 E5020000 		.4byte	.LASF29
 653 01cc 01       		.byte	0x1
 654 01cd 4D01     		.2byte	0x14d
 655 01cf 64000000 		.4byte	0x64
 656 01d3 02       		.uleb128 0x2
 657 01d4 91       		.byte	0x91
 658 01d5 74       		.sleb128 -12
 659 01d6 12       		.uleb128 0x12
 660 01d7 FB000000 		.4byte	.LASF30
 661 01db 01       		.byte	0x1
 662 01dc 4E01     		.2byte	0x14e
 663 01de 2C020000 		.4byte	0x22c
 664 01e2 02       		.uleb128 0x2
 665 01e3 91       		.byte	0x91
 666 01e4 70       		.sleb128 -16
 667 01e5 13       		.uleb128 0x13
 668 01e6 14000000 		.4byte	.LBB2
 669 01ea 66000000 		.4byte	.LBE2-.LBB2
 670 01ee 14       		.uleb128 0x14
 671 01ef 73726300 		.ascii	"src\000"
 672 01f3 01       		.byte	0x1
 673 01f4 5301     		.2byte	0x153
 674 01f6 37020000 		.4byte	0x237
 675 01fa 02       		.uleb128 0x2
ARM GAS  C:\Users\LUKASC~1\AppData\Local\Temp\ccaNkxV7.s 			page 23


 676 01fb 91       		.byte	0x91
 677 01fc 6C       		.sleb128 -20
 678 01fd 14       		.uleb128 0x14
 679 01fe 64737400 		.ascii	"dst\000"
 680 0202 01       		.byte	0x1
 681 0203 5401     		.2byte	0x154
 682 0205 37020000 		.4byte	0x237
 683 0209 02       		.uleb128 0x2
 684 020a 91       		.byte	0x91
 685 020b 68       		.sleb128 -24
 686 020c 12       		.uleb128 0x12
 687 020d 4B020000 		.4byte	.LASF31
 688 0211 01       		.byte	0x1
 689 0212 5501     		.2byte	0x155
 690 0214 64000000 		.4byte	0x64
 691 0218 02       		.uleb128 0x2
 692 0219 91       		.byte	0x91
 693 021a 60       		.sleb128 -32
 694 021b 12       		.uleb128 0x12
 695 021c B0000000 		.4byte	.LASF32
 696 0220 01       		.byte	0x1
 697 0221 5601     		.2byte	0x156
 698 0223 64000000 		.4byte	0x64
 699 0227 02       		.uleb128 0x2
 700 0228 91       		.byte	0x91
 701 0229 64       		.sleb128 -28
 702 022a 00       		.byte	0
 703 022b 00       		.byte	0
 704 022c 06       		.uleb128 0x6
 705 022d 04       		.byte	0x4
 706 022e 32020000 		.4byte	0x232
 707 0232 0A       		.uleb128 0xa
 708 0233 E0000000 		.4byte	0xe0
 709 0237 06       		.uleb128 0x6
 710 0238 04       		.byte	0x4
 711 0239 77000000 		.4byte	0x77
 712 023d 15       		.uleb128 0x15
 713 023e 5D010000 		.4byte	.LASF34
 714 0242 01       		.byte	0x1
 715 0243 8401     		.2byte	0x184
 716 0245 00000000 		.4byte	.LFB4
 717 0249 14000000 		.4byte	.LFE4-.LFB4
 718 024d 01       		.uleb128 0x1
 719 024e 9C       		.byte	0x9c
 720 024f 0E       		.uleb128 0xe
 721 0250 06020000 		.4byte	.LASF35
 722 0254 01       		.byte	0x1
 723 0255 0902     		.2byte	0x209
 724 0257 00000000 		.4byte	.LFB5
 725 025b 74000000 		.4byte	.LFE5-.LFB5
 726 025f 01       		.uleb128 0x1
 727 0260 9C       		.byte	0x9c
 728 0261 75020000 		.4byte	0x275
 729 0265 12       		.uleb128 0x12
 730 0266 1D020000 		.4byte	.LASF36
 731 026a 01       		.byte	0x1
 732 026b 0B02     		.2byte	0x20b
ARM GAS  C:\Users\LUKASC~1\AppData\Local\Temp\ccaNkxV7.s 			page 24


 733 026d 77000000 		.4byte	0x77
 734 0271 02       		.uleb128 0x2
 735 0272 91       		.byte	0x91
 736 0273 74       		.sleb128 -12
 737 0274 00       		.byte	0
 738 0275 16       		.uleb128 0x16
 739 0276 42010000 		.4byte	.LASF37
 740 027a 01       		.byte	0x1
 741 027b 46       		.byte	0x46
 742 027c 77000000 		.4byte	0x77
 743 0280 05       		.uleb128 0x5
 744 0281 03       		.byte	0x3
 745 0282 00000000 		.4byte	cySysNoInitDataValid
 746 0286 11       		.uleb128 0x11
 747 0287 656E6400 		.ascii	"end\000"
 748 028b 01       		.byte	0x1
 749 028c 2201     		.2byte	0x122
 750 028e 5D000000 		.4byte	0x5d
 751 0292 17       		.uleb128 0x17
 752 0293 F7010000 		.4byte	.LASF38
 753 0297 01       		.byte	0x1
 754 0298 57       		.byte	0x57
 755 0299 A4000000 		.4byte	0xa4
 756 029d 05       		.uleb128 0x5
 757 029e 03       		.byte	0x3
 758 029f 00000000 		.4byte	cyBtldrRunType
 759 02a3 18       		.uleb128 0x18
 760 02a4 E0000000 		.4byte	0xe0
 761 02a8 AE020000 		.4byte	0x2ae
 762 02ac 19       		.uleb128 0x19
 763 02ad 00       		.byte	0
 764 02ae 1A       		.uleb128 0x1a
 765 02af D8020000 		.4byte	.LASF39
 766 02b3 01       		.byte	0x1
 767 02b4 E6       		.byte	0xe6
 768 02b5 B9020000 		.4byte	0x2b9
 769 02b9 0A       		.uleb128 0xa
 770 02ba A3020000 		.4byte	0x2a3
 771 02be 1A       		.uleb128 0x1a
 772 02bf D5000000 		.4byte	.LASF40
 773 02c3 01       		.byte	0x1
 774 02c4 E7       		.byte	0xe7
 775 02c5 D0000000 		.4byte	0xd0
 776 02c9 18       		.uleb128 0x18
 777 02ca A9000000 		.4byte	0xa9
 778 02ce D9020000 		.4byte	0x2d9
 779 02d2 1B       		.uleb128 0x1b
 780 02d3 C7000000 		.4byte	0xc7
 781 02d7 2F       		.byte	0x2f
 782 02d8 00       		.byte	0
 783 02d9 1C       		.uleb128 0x1c
 784 02da 9B000000 		.4byte	.LASF41
 785 02de 01       		.byte	0x1
 786 02df D201     		.2byte	0x1d2
 787 02e1 C9020000 		.4byte	0x2c9
 788 02e5 05       		.uleb128 0x5
 789 02e6 03       		.byte	0x3
ARM GAS  C:\Users\LUKASC~1\AppData\Local\Temp\ccaNkxV7.s 			page 25


 790 02e7 00000000 		.4byte	CyRamVectors
 791 02eb 18       		.uleb128 0x18
 792 02ec A9000000 		.4byte	0xa9
 793 02f0 FB020000 		.4byte	0x2fb
 794 02f4 1B       		.uleb128 0x1b
 795 02f5 C7000000 		.4byte	0xc7
 796 02f9 03       		.byte	0x3
 797 02fa 00       		.byte	0
 798 02fb 1C       		.uleb128 0x1c
 799 02fc 25010000 		.4byte	.LASF42
 800 0300 01       		.byte	0x1
 801 0301 E601     		.2byte	0x1e6
 802 0303 0D030000 		.4byte	0x30d
 803 0307 05       		.uleb128 0x5
 804 0308 03       		.byte	0x3
 805 0309 00000000 		.4byte	RomVectors
 806 030d 0A       		.uleb128 0xa
 807 030e EB020000 		.4byte	0x2eb
 808 0312 00       		.byte	0
 809              		.section	.debug_abbrev,"",%progbits
 810              	.Ldebug_abbrev0:
 811 0000 01       		.uleb128 0x1
 812 0001 11       		.uleb128 0x11
 813 0002 01       		.byte	0x1
 814 0003 25       		.uleb128 0x25
 815 0004 0E       		.uleb128 0xe
 816 0005 13       		.uleb128 0x13
 817 0006 0B       		.uleb128 0xb
 818 0007 03       		.uleb128 0x3
 819 0008 0E       		.uleb128 0xe
 820 0009 1B       		.uleb128 0x1b
 821 000a 0E       		.uleb128 0xe
 822 000b 55       		.uleb128 0x55
 823 000c 17       		.uleb128 0x17
 824 000d 11       		.uleb128 0x11
 825 000e 01       		.uleb128 0x1
 826 000f 10       		.uleb128 0x10
 827 0010 17       		.uleb128 0x17
 828 0011 00       		.byte	0
 829 0012 00       		.byte	0
 830 0013 02       		.uleb128 0x2
 831 0014 24       		.uleb128 0x24
 832 0015 00       		.byte	0
 833 0016 0B       		.uleb128 0xb
 834 0017 0B       		.uleb128 0xb
 835 0018 3E       		.uleb128 0x3e
 836 0019 0B       		.uleb128 0xb
 837 001a 03       		.uleb128 0x3
 838 001b 0E       		.uleb128 0xe
 839 001c 00       		.byte	0
 840 001d 00       		.byte	0
 841 001e 03       		.uleb128 0x3
 842 001f 24       		.uleb128 0x24
 843 0020 00       		.byte	0
 844 0021 0B       		.uleb128 0xb
 845 0022 0B       		.uleb128 0xb
 846 0023 3E       		.uleb128 0x3e
ARM GAS  C:\Users\LUKASC~1\AppData\Local\Temp\ccaNkxV7.s 			page 26


 847 0024 0B       		.uleb128 0xb
 848 0025 03       		.uleb128 0x3
 849 0026 08       		.uleb128 0x8
 850 0027 00       		.byte	0
 851 0028 00       		.byte	0
 852 0029 04       		.uleb128 0x4
 853 002a 16       		.uleb128 0x16
 854 002b 00       		.byte	0
 855 002c 03       		.uleb128 0x3
 856 002d 0E       		.uleb128 0xe
 857 002e 3A       		.uleb128 0x3a
 858 002f 0B       		.uleb128 0xb
 859 0030 3B       		.uleb128 0x3b
 860 0031 05       		.uleb128 0x5
 861 0032 49       		.uleb128 0x49
 862 0033 13       		.uleb128 0x13
 863 0034 00       		.byte	0
 864 0035 00       		.byte	0
 865 0036 05       		.uleb128 0x5
 866 0037 35       		.uleb128 0x35
 867 0038 00       		.byte	0
 868 0039 49       		.uleb128 0x49
 869 003a 13       		.uleb128 0x13
 870 003b 00       		.byte	0
 871 003c 00       		.byte	0
 872 003d 06       		.uleb128 0x6
 873 003e 0F       		.uleb128 0xf
 874 003f 00       		.byte	0
 875 0040 0B       		.uleb128 0xb
 876 0041 0B       		.uleb128 0xb
 877 0042 49       		.uleb128 0x49
 878 0043 13       		.uleb128 0x13
 879 0044 00       		.byte	0
 880 0045 00       		.byte	0
 881 0046 07       		.uleb128 0x7
 882 0047 15       		.uleb128 0x15
 883 0048 00       		.byte	0
 884 0049 27       		.uleb128 0x27
 885 004a 19       		.uleb128 0x19
 886 004b 00       		.byte	0
 887 004c 00       		.byte	0
 888 004d 08       		.uleb128 0x8
 889 004e 16       		.uleb128 0x16
 890 004f 00       		.byte	0
 891 0050 03       		.uleb128 0x3
 892 0051 0E       		.uleb128 0xe
 893 0052 3A       		.uleb128 0x3a
 894 0053 0B       		.uleb128 0xb
 895 0054 3B       		.uleb128 0x3b
 896 0055 0B       		.uleb128 0xb
 897 0056 49       		.uleb128 0x49
 898 0057 13       		.uleb128 0x13
 899 0058 00       		.byte	0
 900 0059 00       		.byte	0
 901 005a 09       		.uleb128 0x9
 902 005b 0F       		.uleb128 0xf
 903 005c 00       		.byte	0
ARM GAS  C:\Users\LUKASC~1\AppData\Local\Temp\ccaNkxV7.s 			page 27


 904 005d 0B       		.uleb128 0xb
 905 005e 0B       		.uleb128 0xb
 906 005f 00       		.byte	0
 907 0060 00       		.byte	0
 908 0061 0A       		.uleb128 0xa
 909 0062 26       		.uleb128 0x26
 910 0063 00       		.byte	0
 911 0064 49       		.uleb128 0x49
 912 0065 13       		.uleb128 0x13
 913 0066 00       		.byte	0
 914 0067 00       		.byte	0
 915 0068 0B       		.uleb128 0xb
 916 0069 13       		.uleb128 0x13
 917 006a 01       		.byte	0x1
 918 006b 03       		.uleb128 0x3
 919 006c 0E       		.uleb128 0xe
 920 006d 0B       		.uleb128 0xb
 921 006e 0B       		.uleb128 0xb
 922 006f 3A       		.uleb128 0x3a
 923 0070 0B       		.uleb128 0xb
 924 0071 3B       		.uleb128 0x3b
 925 0072 0B       		.uleb128 0xb
 926 0073 01       		.uleb128 0x1
 927 0074 13       		.uleb128 0x13
 928 0075 00       		.byte	0
 929 0076 00       		.byte	0
 930 0077 0C       		.uleb128 0xc
 931 0078 0D       		.uleb128 0xd
 932 0079 00       		.byte	0
 933 007a 03       		.uleb128 0x3
 934 007b 0E       		.uleb128 0xe
 935 007c 3A       		.uleb128 0x3a
 936 007d 0B       		.uleb128 0xb
 937 007e 3B       		.uleb128 0x3b
 938 007f 0B       		.uleb128 0xb
 939 0080 49       		.uleb128 0x49
 940 0081 13       		.uleb128 0x13
 941 0082 38       		.uleb128 0x38
 942 0083 0B       		.uleb128 0xb
 943 0084 00       		.byte	0
 944 0085 00       		.byte	0
 945 0086 0D       		.uleb128 0xd
 946 0087 2E       		.uleb128 0x2e
 947 0088 00       		.byte	0
 948 0089 3F       		.uleb128 0x3f
 949 008a 19       		.uleb128 0x19
 950 008b 03       		.uleb128 0x3
 951 008c 0E       		.uleb128 0xe
 952 008d 3A       		.uleb128 0x3a
 953 008e 0B       		.uleb128 0xb
 954 008f 3B       		.uleb128 0x3b
 955 0090 0B       		.uleb128 0xb
 956 0091 27       		.uleb128 0x27
 957 0092 19       		.uleb128 0x19
 958 0093 11       		.uleb128 0x11
 959 0094 01       		.uleb128 0x1
 960 0095 12       		.uleb128 0x12
ARM GAS  C:\Users\LUKASC~1\AppData\Local\Temp\ccaNkxV7.s 			page 28


 961 0096 06       		.uleb128 0x6
 962 0097 40       		.uleb128 0x40
 963 0098 18       		.uleb128 0x18
 964 0099 9742     		.uleb128 0x2117
 965 009b 19       		.uleb128 0x19
 966 009c 00       		.byte	0
 967 009d 00       		.byte	0
 968 009e 0E       		.uleb128 0xe
 969 009f 2E       		.uleb128 0x2e
 970 00a0 01       		.byte	0x1
 971 00a1 3F       		.uleb128 0x3f
 972 00a2 19       		.uleb128 0x19
 973 00a3 03       		.uleb128 0x3
 974 00a4 0E       		.uleb128 0xe
 975 00a5 3A       		.uleb128 0x3a
 976 00a6 0B       		.uleb128 0xb
 977 00a7 3B       		.uleb128 0x3b
 978 00a8 05       		.uleb128 0x5
 979 00a9 27       		.uleb128 0x27
 980 00aa 19       		.uleb128 0x19
 981 00ab 11       		.uleb128 0x11
 982 00ac 01       		.uleb128 0x1
 983 00ad 12       		.uleb128 0x12
 984 00ae 06       		.uleb128 0x6
 985 00af 40       		.uleb128 0x40
 986 00b0 18       		.uleb128 0x18
 987 00b1 9642     		.uleb128 0x2116
 988 00b3 19       		.uleb128 0x19
 989 00b4 01       		.uleb128 0x1
 990 00b5 13       		.uleb128 0x13
 991 00b6 00       		.byte	0
 992 00b7 00       		.byte	0
 993 00b8 0F       		.uleb128 0xf
 994 00b9 05       		.uleb128 0x5
 995 00ba 00       		.byte	0
 996 00bb 03       		.uleb128 0x3
 997 00bc 0E       		.uleb128 0xe
 998 00bd 3A       		.uleb128 0x3a
 999 00be 0B       		.uleb128 0xb
 1000 00bf 3B       		.uleb128 0x3b
 1001 00c0 05       		.uleb128 0x5
 1002 00c1 49       		.uleb128 0x49
 1003 00c2 13       		.uleb128 0x13
 1004 00c3 02       		.uleb128 0x2
 1005 00c4 18       		.uleb128 0x18
 1006 00c5 00       		.byte	0
 1007 00c6 00       		.byte	0
 1008 00c7 10       		.uleb128 0x10
 1009 00c8 2E       		.uleb128 0x2e
 1010 00c9 01       		.byte	0x1
 1011 00ca 3F       		.uleb128 0x3f
 1012 00cb 19       		.uleb128 0x19
 1013 00cc 03       		.uleb128 0x3
 1014 00cd 0E       		.uleb128 0xe
 1015 00ce 3A       		.uleb128 0x3a
 1016 00cf 0B       		.uleb128 0xb
 1017 00d0 3B       		.uleb128 0x3b
ARM GAS  C:\Users\LUKASC~1\AppData\Local\Temp\ccaNkxV7.s 			page 29


 1018 00d1 05       		.uleb128 0x5
 1019 00d2 27       		.uleb128 0x27
 1020 00d3 19       		.uleb128 0x19
 1021 00d4 49       		.uleb128 0x49
 1022 00d5 13       		.uleb128 0x13
 1023 00d6 11       		.uleb128 0x11
 1024 00d7 01       		.uleb128 0x1
 1025 00d8 12       		.uleb128 0x12
 1026 00d9 06       		.uleb128 0x6
 1027 00da 40       		.uleb128 0x40
 1028 00db 18       		.uleb128 0x18
 1029 00dc 9642     		.uleb128 0x2116
 1030 00de 19       		.uleb128 0x19
 1031 00df 01       		.uleb128 0x1
 1032 00e0 13       		.uleb128 0x13
 1033 00e1 00       		.byte	0
 1034 00e2 00       		.byte	0
 1035 00e3 11       		.uleb128 0x11
 1036 00e4 34       		.uleb128 0x34
 1037 00e5 00       		.byte	0
 1038 00e6 03       		.uleb128 0x3
 1039 00e7 08       		.uleb128 0x8
 1040 00e8 3A       		.uleb128 0x3a
 1041 00e9 0B       		.uleb128 0xb
 1042 00ea 3B       		.uleb128 0x3b
 1043 00eb 05       		.uleb128 0x5
 1044 00ec 49       		.uleb128 0x49
 1045 00ed 13       		.uleb128 0x13
 1046 00ee 3F       		.uleb128 0x3f
 1047 00ef 19       		.uleb128 0x19
 1048 00f0 3C       		.uleb128 0x3c
 1049 00f1 19       		.uleb128 0x19
 1050 00f2 00       		.byte	0
 1051 00f3 00       		.byte	0
 1052 00f4 12       		.uleb128 0x12
 1053 00f5 34       		.uleb128 0x34
 1054 00f6 00       		.byte	0
 1055 00f7 03       		.uleb128 0x3
 1056 00f8 0E       		.uleb128 0xe
 1057 00f9 3A       		.uleb128 0x3a
 1058 00fa 0B       		.uleb128 0xb
 1059 00fb 3B       		.uleb128 0x3b
 1060 00fc 05       		.uleb128 0x5
 1061 00fd 49       		.uleb128 0x49
 1062 00fe 13       		.uleb128 0x13
 1063 00ff 02       		.uleb128 0x2
 1064 0100 18       		.uleb128 0x18
 1065 0101 00       		.byte	0
 1066 0102 00       		.byte	0
 1067 0103 13       		.uleb128 0x13
 1068 0104 0B       		.uleb128 0xb
 1069 0105 01       		.byte	0x1
 1070 0106 11       		.uleb128 0x11
 1071 0107 01       		.uleb128 0x1
 1072 0108 12       		.uleb128 0x12
 1073 0109 06       		.uleb128 0x6
 1074 010a 00       		.byte	0
ARM GAS  C:\Users\LUKASC~1\AppData\Local\Temp\ccaNkxV7.s 			page 30


 1075 010b 00       		.byte	0
 1076 010c 14       		.uleb128 0x14
 1077 010d 34       		.uleb128 0x34
 1078 010e 00       		.byte	0
 1079 010f 03       		.uleb128 0x3
 1080 0110 08       		.uleb128 0x8
 1081 0111 3A       		.uleb128 0x3a
 1082 0112 0B       		.uleb128 0xb
 1083 0113 3B       		.uleb128 0x3b
 1084 0114 05       		.uleb128 0x5
 1085 0115 49       		.uleb128 0x49
 1086 0116 13       		.uleb128 0x13
 1087 0117 02       		.uleb128 0x2
 1088 0118 18       		.uleb128 0x18
 1089 0119 00       		.byte	0
 1090 011a 00       		.byte	0
 1091 011b 15       		.uleb128 0x15
 1092 011c 2E       		.uleb128 0x2e
 1093 011d 00       		.byte	0
 1094 011e 3F       		.uleb128 0x3f
 1095 011f 19       		.uleb128 0x19
 1096 0120 03       		.uleb128 0x3
 1097 0121 0E       		.uleb128 0xe
 1098 0122 3A       		.uleb128 0x3a
 1099 0123 0B       		.uleb128 0xb
 1100 0124 3B       		.uleb128 0x3b
 1101 0125 05       		.uleb128 0x5
 1102 0126 27       		.uleb128 0x27
 1103 0127 19       		.uleb128 0x19
 1104 0128 11       		.uleb128 0x11
 1105 0129 01       		.uleb128 0x1
 1106 012a 12       		.uleb128 0x12
 1107 012b 06       		.uleb128 0x6
 1108 012c 40       		.uleb128 0x40
 1109 012d 18       		.uleb128 0x18
 1110 012e 9642     		.uleb128 0x2116
 1111 0130 19       		.uleb128 0x19
 1112 0131 00       		.byte	0
 1113 0132 00       		.byte	0
 1114 0133 16       		.uleb128 0x16
 1115 0134 34       		.uleb128 0x34
 1116 0135 00       		.byte	0
 1117 0136 03       		.uleb128 0x3
 1118 0137 0E       		.uleb128 0xe
 1119 0138 3A       		.uleb128 0x3a
 1120 0139 0B       		.uleb128 0xb
 1121 013a 3B       		.uleb128 0x3b
 1122 013b 0B       		.uleb128 0xb
 1123 013c 49       		.uleb128 0x49
 1124 013d 13       		.uleb128 0x13
 1125 013e 02       		.uleb128 0x2
 1126 013f 18       		.uleb128 0x18
 1127 0140 00       		.byte	0
 1128 0141 00       		.byte	0
 1129 0142 17       		.uleb128 0x17
 1130 0143 34       		.uleb128 0x34
 1131 0144 00       		.byte	0
ARM GAS  C:\Users\LUKASC~1\AppData\Local\Temp\ccaNkxV7.s 			page 31


 1132 0145 03       		.uleb128 0x3
 1133 0146 0E       		.uleb128 0xe
 1134 0147 3A       		.uleb128 0x3a
 1135 0148 0B       		.uleb128 0xb
 1136 0149 3B       		.uleb128 0x3b
 1137 014a 0B       		.uleb128 0xb
 1138 014b 49       		.uleb128 0x49
 1139 014c 13       		.uleb128 0x13
 1140 014d 3F       		.uleb128 0x3f
 1141 014e 19       		.uleb128 0x19
 1142 014f 02       		.uleb128 0x2
 1143 0150 18       		.uleb128 0x18
 1144 0151 00       		.byte	0
 1145 0152 00       		.byte	0
 1146 0153 18       		.uleb128 0x18
 1147 0154 01       		.uleb128 0x1
 1148 0155 01       		.byte	0x1
 1149 0156 49       		.uleb128 0x49
 1150 0157 13       		.uleb128 0x13
 1151 0158 01       		.uleb128 0x1
 1152 0159 13       		.uleb128 0x13
 1153 015a 00       		.byte	0
 1154 015b 00       		.byte	0
 1155 015c 19       		.uleb128 0x19
 1156 015d 21       		.uleb128 0x21
 1157 015e 00       		.byte	0
 1158 015f 00       		.byte	0
 1159 0160 00       		.byte	0
 1160 0161 1A       		.uleb128 0x1a
 1161 0162 34       		.uleb128 0x34
 1162 0163 00       		.byte	0
 1163 0164 03       		.uleb128 0x3
 1164 0165 0E       		.uleb128 0xe
 1165 0166 3A       		.uleb128 0x3a
 1166 0167 0B       		.uleb128 0xb
 1167 0168 3B       		.uleb128 0x3b
 1168 0169 0B       		.uleb128 0xb
 1169 016a 49       		.uleb128 0x49
 1170 016b 13       		.uleb128 0x13
 1171 016c 3F       		.uleb128 0x3f
 1172 016d 19       		.uleb128 0x19
 1173 016e 3C       		.uleb128 0x3c
 1174 016f 19       		.uleb128 0x19
 1175 0170 00       		.byte	0
 1176 0171 00       		.byte	0
 1177 0172 1B       		.uleb128 0x1b
 1178 0173 21       		.uleb128 0x21
 1179 0174 00       		.byte	0
 1180 0175 49       		.uleb128 0x49
 1181 0176 13       		.uleb128 0x13
 1182 0177 2F       		.uleb128 0x2f
 1183 0178 0B       		.uleb128 0xb
 1184 0179 00       		.byte	0
 1185 017a 00       		.byte	0
 1186 017b 1C       		.uleb128 0x1c
 1187 017c 34       		.uleb128 0x34
 1188 017d 00       		.byte	0
ARM GAS  C:\Users\LUKASC~1\AppData\Local\Temp\ccaNkxV7.s 			page 32


 1189 017e 03       		.uleb128 0x3
 1190 017f 0E       		.uleb128 0xe
 1191 0180 3A       		.uleb128 0x3a
 1192 0181 0B       		.uleb128 0xb
 1193 0182 3B       		.uleb128 0x3b
 1194 0183 05       		.uleb128 0x5
 1195 0184 49       		.uleb128 0x49
 1196 0185 13       		.uleb128 0x13
 1197 0186 3F       		.uleb128 0x3f
 1198 0187 19       		.uleb128 0x19
 1199 0188 02       		.uleb128 0x2
 1200 0189 18       		.uleb128 0x18
 1201 018a 00       		.byte	0
 1202 018b 00       		.byte	0
 1203 018c 00       		.byte	0
 1204              		.section	.debug_aranges,"",%progbits
 1205 0000 44000000 		.4byte	0x44
 1206 0004 0200     		.2byte	0x2
 1207 0006 00000000 		.4byte	.Ldebug_info0
 1208 000a 04       		.byte	0x4
 1209 000b 00       		.byte	0
 1210 000c 0000     		.2byte	0
 1211 000e 0000     		.2byte	0
 1212 0010 00000000 		.4byte	.LFB0
 1213 0014 06000000 		.4byte	.LFE0-.LFB0
 1214 0018 00000000 		.4byte	.LFB1
 1215 001c 14000000 		.4byte	.LFE1-.LFB1
 1216 0020 00000000 		.4byte	.LFB2
 1217 0024 50000000 		.4byte	.LFE2-.LFB2
 1218 0028 00000000 		.4byte	.LFB3
 1219 002c 98000000 		.4byte	.LFE3-.LFB3
 1220 0030 00000000 		.4byte	.LFB4
 1221 0034 14000000 		.4byte	.LFE4-.LFB4
 1222 0038 00000000 		.4byte	.LFB5
 1223 003c 74000000 		.4byte	.LFE5-.LFB5
 1224 0040 00000000 		.4byte	0
 1225 0044 00000000 		.4byte	0
 1226              		.section	.debug_ranges,"",%progbits
 1227              	.Ldebug_ranges0:
 1228 0000 00000000 		.4byte	.LFB0
 1229 0004 06000000 		.4byte	.LFE0
 1230 0008 00000000 		.4byte	.LFB1
 1231 000c 14000000 		.4byte	.LFE1
 1232 0010 00000000 		.4byte	.LFB2
 1233 0014 50000000 		.4byte	.LFE2
 1234 0018 00000000 		.4byte	.LFB3
 1235 001c 98000000 		.4byte	.LFE3
 1236 0020 00000000 		.4byte	.LFB4
 1237 0024 14000000 		.4byte	.LFE4
 1238 0028 00000000 		.4byte	.LFB5
 1239 002c 74000000 		.4byte	.LFE5
 1240 0030 00000000 		.4byte	0
 1241 0034 00000000 		.4byte	0
 1242              		.section	.debug_line,"",%progbits
 1243              	.Ldebug_line0:
 1244 0000 C6010000 		.section	.debug_str,"MS",%progbits,1
 1244      0200C900 
ARM GAS  C:\Users\LUKASC~1\AppData\Local\Temp\ccaNkxV7.s 			page 33


 1244      00000201 
 1244      FB0E0D00 
 1244      01010101 
 1245              	.LASF14:
 1246 0000 72656733 		.ascii	"reg32\000"
 1246      3200
 1247              	.LASF43:
 1248 0006 474E5520 		.ascii	"GNU C 4.9.3 20150303 (release) [ARM/embedded-4_9-br"
 1248      4320342E 
 1248      392E3320 
 1248      32303135 
 1248      30333033 
 1249 0039 616E6368 		.ascii	"anch revision 221220] -mcpu=cortex-m0 -mthumb -g -O"
 1249      20726576 
 1249      6973696F 
 1249      6E203232 
 1249      31323230 
 1250 006c 30202D66 		.ascii	"0 -ffunction-sections -ffat-lto-objects\000"
 1250      66756E63 
 1250      74696F6E 
 1250      2D736563 
 1250      74696F6E 
 1251              	.LASF16:
 1252 0094 73697A65 		.ascii	"size_t\000"
 1252      5F7400
 1253              	.LASF41:
 1254 009b 43795261 		.ascii	"CyRamVectors\000"
 1254      6D566563 
 1254      746F7273 
 1254      00
 1255              	.LASF28:
 1256 00a8 53746172 		.ascii	"Start_c\000"
 1256      745F6300 
 1257              	.LASF32:
 1258 00b0 636F756E 		.ascii	"count\000"
 1258      7400
 1259              	.LASF26:
 1260 00b6 68656170 		.ascii	"heapPointer\000"
 1260      506F696E 
 1260      74657200 
 1261              	.LASF3:
 1262 00c2 73686F72 		.ascii	"short unsigned int\000"
 1262      7420756E 
 1262      7369676E 
 1262      65642069 
 1262      6E7400
 1263              	.LASF40:
 1264 00d5 5F5F6379 		.ascii	"__cy_region_num\000"
 1264      5F726567 
 1264      696F6E5F 
 1264      6E756D00 
 1265              	.LASF19:
 1266 00e5 696E6974 		.ascii	"init\000"
 1266      00
 1267              	.LASF23:
 1268 00ea 73746174 		.ascii	"status\000"
 1268      757300
ARM GAS  C:\Users\LUKASC~1\AppData\Local\Temp\ccaNkxV7.s 			page 34


 1269              	.LASF22:
 1270 00f1 7A65726F 		.ascii	"zero_size\000"
 1270      5F73697A 
 1270      6500
 1271              	.LASF30:
 1272 00fb 72707472 		.ascii	"rptr\000"
 1272      00
 1273              	.LASF11:
 1274 0100 666C6F61 		.ascii	"float\000"
 1274      7400
 1275              	.LASF20:
 1276 0106 64617461 		.ascii	"data\000"
 1276      00
 1277              	.LASF1:
 1278 010b 756E7369 		.ascii	"unsigned char\000"
 1278      676E6564 
 1278      20636861 
 1278      7200
 1279              	.LASF25:
 1280 0119 72657475 		.ascii	"returnValue\000"
 1280      726E5661 
 1280      6C756500 
 1281              	.LASF42:
 1282 0125 526F6D56 		.ascii	"RomVectors\000"
 1282      6563746F 
 1282      727300
 1283              	.LASF5:
 1284 0130 6C6F6E67 		.ascii	"long unsigned int\000"
 1284      20756E73 
 1284      69676E65 
 1284      6420696E 
 1284      7400
 1285              	.LASF37:
 1286 0142 63795379 		.ascii	"cySysNoInitDataValid\000"
 1286      734E6F49 
 1286      6E697444 
 1286      61746156 
 1286      616C6964 
 1287              	.LASF9:
 1288 0157 75696E74 		.ascii	"uint8\000"
 1288      3800
 1289              	.LASF34:
 1290 015d 52657365 		.ascii	"Reset\000"
 1290      7400
 1291              	.LASF27:
 1292 0163 5F657869 		.ascii	"_exit\000"
 1292      7400
 1293              	.LASF33:
 1294 0169 496E7444 		.ascii	"IntDefaultHandler\000"
 1294      65666175 
 1294      6C744861 
 1294      6E646C65 
 1294      7200
 1295              	.LASF45:
 1296 017b 433A5C55 		.ascii	"C:\\Users\\Lukas Creutzburg\\Google Drive\\Virtuell"
 1296      73657273 
 1296      5C4C756B 
ARM GAS  C:\Users\LUKASC~1\AppData\Local\Temp\ccaNkxV7.s 			page 35


 1296      61732043 
 1296      72657574 
 1297 01aa 65205265 		.ascii	"e Realitaeten\\PSoCWorkspace\\VRProject\\SCB_I2cCom"
 1297      616C6974 
 1297      61657465 
 1297      6E5C5053 
 1297      6F43576F 
 1298 01da 6D4D6173 		.ascii	"mMaster01.cydsn\000"
 1298      74657230 
 1298      312E6379 
 1298      64736E00 
 1299              	.LASF47:
 1300 01ea 5F736272 		.ascii	"_sbrk\000"
 1300      6B00
 1301              	.LASF12:
 1302 01f0 646F7562 		.ascii	"double\000"
 1302      6C6500
 1303              	.LASF38:
 1304 01f7 63794274 		.ascii	"cyBtldrRunType\000"
 1304      6C647252 
 1304      756E5479 
 1304      706500
 1305              	.LASF35:
 1306 0206 696E6974 		.ascii	"initialize_psoc\000"
 1306      69616C69 
 1306      7A655F70 
 1306      736F6300 
 1307              	.LASF10:
 1308 0216 75696E74 		.ascii	"uint32\000"
 1308      333200
 1309              	.LASF36:
 1310 021d 696E6465 		.ascii	"indexInit\000"
 1310      78496E69 
 1310      7400
 1311              	.LASF8:
 1312 0227 756E7369 		.ascii	"unsigned int\000"
 1312      676E6564 
 1312      20696E74 
 1312      00
 1313              	.LASF7:
 1314 0234 6C6F6E67 		.ascii	"long long unsigned int\000"
 1314      206C6F6E 
 1314      6720756E 
 1314      7369676E 
 1314      65642069 
 1315              	.LASF31:
 1316 024b 6C696D69 		.ascii	"limit\000"
 1316      7400
 1317              	.LASF15:
 1318 0251 63796973 		.ascii	"cyisraddress\000"
 1318      72616464 
 1318      72657373 
 1318      00
 1319              	.LASF21:
 1320 025e 696E6974 		.ascii	"init_size\000"
 1320      5F73697A 
 1320      6500
ARM GAS  C:\Users\LUKASC~1\AppData\Local\Temp\ccaNkxV7.s 			page 36


 1321              	.LASF18:
 1322 0268 5F5F6379 		.ascii	"__cy_byte_align8\000"
 1322      5F627974 
 1322      655F616C 
 1322      69676E38 
 1322      00
 1323              	.LASF17:
 1324 0279 73697A65 		.ascii	"sizetype\000"
 1324      74797065 
 1324      00
 1325              	.LASF6:
 1326 0282 6C6F6E67 		.ascii	"long long int\000"
 1326      206C6F6E 
 1326      6720696E 
 1326      7400
 1327              	.LASF13:
 1328 0290 63686172 		.ascii	"char\000"
 1328      00
 1329              	.LASF44:
 1330 0295 2E5C4765 		.ascii	".\\Generated_Source\\PSoC4\\Cm0Start.c\000"
 1330      6E657261 
 1330      7465645F 
 1330      536F7572 
 1330      63655C50 
 1331              	.LASF2:
 1332 02b9 73686F72 		.ascii	"short int\000"
 1332      7420696E 
 1332      7400
 1333              	.LASF4:
 1334 02c3 6C6F6E67 		.ascii	"long int\000"
 1334      20696E74 
 1334      00
 1335              	.LASF0:
 1336 02cc 7369676E 		.ascii	"signed char\000"
 1336      65642063 
 1336      68617200 
 1337              	.LASF39:
 1338 02d8 5F5F6379 		.ascii	"__cy_regions\000"
 1338      5F726567 
 1338      696F6E73 
 1338      00
 1339              	.LASF29:
 1340 02e5 72656769 		.ascii	"regions\000"
 1340      6F6E7300 
 1341              	.LASF24:
 1342 02ed 6E627974 		.ascii	"nbytes\000"
 1342      657300
 1343              	.LASF46:
 1344 02f4 5F5F6379 		.ascii	"__cy_region\000"
 1344      5F726567 
 1344      696F6E00 
 1345              		.ident	"GCC: (GNU Tools for ARM Embedded Processors) 4.9.3 20150303 (release) [ARM/embedded-4_9-br
