ARM GAS  C:\Users\LUKASC~1\AppData\Local\Temp\ccoFoR6N.s 			page 1


   1              		.syntax unified
   2              		.cpu cortex-m3
   3              		.fpu softvfp
   4              		.eabi_attribute 20, 1
   5              		.eabi_attribute 21, 1
   6              		.eabi_attribute 23, 3
   7              		.eabi_attribute 24, 1
   8              		.eabi_attribute 25, 1
   9              		.eabi_attribute 26, 1
  10              		.eabi_attribute 30, 6
  11              		.eabi_attribute 34, 1
  12              		.eabi_attribute 18, 4
  13              		.thumb
  14              		.file	"cymetadata.c"
  15              		.text
  16              	.Ltext0:
  17              		.cfi_sections	.debug_frame
  18              		.global	cy_meta_configecc
  19              		.section	.cyconfigecc,"a",%progbits
  20              		.align	2
  21              		.type	cy_meta_configecc, %object
  22              		.size	cy_meta_configecc, 1872
  23              	cy_meta_configecc:
  24 0000 05       		.byte	5
  25 0001 00       		.byte	0
  26 0002 00       		.byte	0
  27 0003 00       		.byte	0
  28 0004 00       		.byte	0
  29 0005 00       		.byte	0
  30 0006 00       		.byte	0
  31 0007 00       		.byte	0
  32 0008 06       		.byte	6
  33 0009 0A       		.byte	10
  34 000a 00       		.byte	0
  35 000b 00       		.byte	0
  36 000c 00       		.byte	0
  37 000d 00       		.byte	0
  38 000e 00       		.byte	0
  39 000f 00       		.byte	0
  40 0010 8D       		.byte	-115
  41 0011 00       		.byte	0
  42 0012 00       		.byte	0
  43 0013 00       		.byte	0
  44 0014 42       		.byte	66
  45 0015 00       		.byte	0
  46 0016 08       		.byte	8
  47 0017 20       		.byte	32
  48 0018 8D       		.byte	-115
  49 0019 13       		.byte	19
  50 001a 00       		.byte	0
  51 001b 0C       		.byte	12
  52 001c 8D       		.byte	-115
  53 001d 02       		.byte	2
  54 001e 00       		.byte	0
  55 001f 0D       		.byte	13
  56 0020 00       		.byte	0
  57 0021 00       		.byte	0
ARM GAS  C:\Users\LUKASC~1\AppData\Local\Temp\ccoFoR6N.s 			page 2


  58 0022 00       		.byte	0
  59 0023 00       		.byte	0
  60 0024 00       		.byte	0
  61 0025 05       		.byte	5
  62 0026 80       		.byte	-128
  63 0027 3A       		.byte	58
  64 0028 62       		.byte	98
  65 0029 09       		.byte	9
  66 002a 14       		.byte	20
  67 002b 36       		.byte	54
  68 002c 02       		.byte	2
  69 002d 00       		.byte	0
  70 002e 0D       		.byte	13
  71 002f 00       		.byte	0
  72 0030 0D       		.byte	13
  73 0031 00       		.byte	0
  74 0032 80       		.byte	-128
  75 0033 00       		.byte	0
  76 0034 11       		.byte	17
  77 0035 00       		.byte	0
  78 0036 22       		.byte	34
  79 0037 00       		.byte	0
  80 0038 8D       		.byte	-115
  81 0039 00       		.byte	0
  82 003a 00       		.byte	0
  83 003b 00       		.byte	0
  84 003c 40       		.byte	64
  85 003d 00       		.byte	0
  86 003e 00       		.byte	0
  87 003f 00       		.byte	0
  88 0040 00       		.byte	0
  89 0041 00       		.byte	0
  90 0042 70       		.byte	112
  91 0043 30       		.byte	48
  92 0044 80       		.byte	-128
  93 0045 00       		.byte	0
  94 0046 0F       		.byte	15
  95 0047 0F       		.byte	15
  96 0048 00       		.byte	0
  97 0049 00       		.byte	0
  98 004a 88       		.byte	-120
  99 004b 80       		.byte	-128
 100 004c 00       		.byte	0
 101 004d 00       		.byte	0
 102 004e 10       		.byte	16
 103 004f 00       		.byte	0
 104 0050 00       		.byte	0
 105 0051 00       		.byte	0
 106 0052 00       		.byte	0
 107 0053 00       		.byte	0
 108 0054 00       		.byte	0
 109 0055 00       		.byte	0
 110 0056 00       		.byte	0
 111 0057 00       		.byte	0
 112 0058 00       		.byte	0
 113 0059 00       		.byte	0
 114 005a 00       		.byte	0
ARM GAS  C:\Users\LUKASC~1\AppData\Local\Temp\ccoFoR6N.s 			page 3


 115 005b 00       		.byte	0
 116 005c 00       		.byte	0
 117 005d 00       		.byte	0
 118 005e 00       		.byte	0
 119 005f 00       		.byte	0
 120 0060 00       		.byte	0
 121 0061 00       		.byte	0
 122 0062 00       		.byte	0
 123 0063 00       		.byte	0
 124 0064 40       		.byte	64
 125 0065 00       		.byte	0
 126 0066 04       		.byte	4
 127 0067 00       		.byte	0
 128 0068 04       		.byte	4
 129 0069 04       		.byte	4
 130 006a 00       		.byte	0
 131 006b 04       		.byte	4
 132 006c 00       		.byte	0
 133 006d 00       		.byte	0
 134 006e 00       		.byte	0
 135 006f 01       		.byte	1
 136 0070 00       		.byte	0
 137 0071 00       		.byte	0
 138 0072 00       		.byte	0
 139 0073 00       		.byte	0
 140 0074 00       		.byte	0
 141 0075 00       		.byte	0
 142 0076 00       		.byte	0
 143 0077 00       		.byte	0
 144 0078 00       		.byte	0
 145 0079 00       		.byte	0
 146 007a 00       		.byte	0
 147 007b 00       		.byte	0
 148 007c 00       		.byte	0
 149 007d 00       		.byte	0
 150 007e 00       		.byte	0
 151 007f 00       		.byte	0
 152 0080 00       		.byte	0
 153 0081 00       		.byte	0
 154 0082 00       		.byte	0
 155 0083 00       		.byte	0
 156 0084 00       		.byte	0
 157 0085 00       		.byte	0
 158 0086 00       		.byte	0
 159 0087 00       		.byte	0
 160 0088 00       		.byte	0
 161 0089 00       		.byte	0
 162 008a 00       		.byte	0
 163 008b 00       		.byte	0
 164 008c 00       		.byte	0
 165 008d 00       		.byte	0
 166 008e 00       		.byte	0
 167 008f 00       		.byte	0
 168 0090 00       		.byte	0
 169 0091 00       		.byte	0
 170 0092 00       		.byte	0
 171 0093 00       		.byte	0
ARM GAS  C:\Users\LUKASC~1\AppData\Local\Temp\ccoFoR6N.s 			page 4


 172 0094 07       		.byte	7
 173 0095 00       		.byte	0
 174 0096 00       		.byte	0
 175 0097 00       		.byte	0
 176 0098 00       		.byte	0
 177 0099 00       		.byte	0
 178 009a 00       		.byte	0
 179 009b 00       		.byte	0
 180 009c 00       		.byte	0
 181 009d 00       		.byte	0
 182 009e 00       		.byte	0
 183 009f 00       		.byte	0
 184 00a0 00       		.byte	0
 185 00a1 00       		.byte	0
 186 00a2 00       		.byte	0
 187 00a3 00       		.byte	0
 188 00a4 12       		.byte	18
 189 00a5 00       		.byte	0
 190 00a6 0C       		.byte	12
 191 00a7 00       		.byte	0
 192 00a8 19       		.byte	25
 193 00a9 00       		.byte	0
 194 00aa 02       		.byte	2
 195 00ab 00       		.byte	0
 196 00ac 00       		.byte	0
 197 00ad 00       		.byte	0
 198 00ae 00       		.byte	0
 199 00af 00       		.byte	0
 200 00b0 00       		.byte	0
 201 00b1 00       		.byte	0
 202 00b2 00       		.byte	0
 203 00b3 00       		.byte	0
 204 00b4 00       		.byte	0
 205 00b5 00       		.byte	0
 206 00b6 00       		.byte	0
 207 00b7 00       		.byte	0
 208 00b8 1A       		.byte	26
 209 00b9 00       		.byte	0
 210 00ba 05       		.byte	5
 211 00bb 00       		.byte	0
 212 00bc 00       		.byte	0
 213 00bd 00       		.byte	0
 214 00be 00       		.byte	0
 215 00bf 00       		.byte	0
 216 00c0 00       		.byte	0
 217 00c1 00       		.byte	0
 218 00c2 00       		.byte	0
 219 00c3 00       		.byte	0
 220 00c4 0F       		.byte	15
 221 00c5 00       		.byte	0
 222 00c6 10       		.byte	16
 223 00c7 00       		.byte	0
 224 00c8 20       		.byte	32
 225 00c9 00       		.byte	0
 226 00ca 00       		.byte	0
 227 00cb 00       		.byte	0
 228 00cc 00       		.byte	0
ARM GAS  C:\Users\LUKASC~1\AppData\Local\Temp\ccoFoR6N.s 			page 5


 229 00cd 00       		.byte	0
 230 00ce 40       		.byte	64
 231 00cf 00       		.byte	0
 232 00d0 00       		.byte	0
 233 00d1 00       		.byte	0
 234 00d2 00       		.byte	0
 235 00d3 00       		.byte	0
 236 00d4 00       		.byte	0
 237 00d5 00       		.byte	0
 238 00d6 00       		.byte	0
 239 00d7 00       		.byte	0
 240 00d8 00       		.byte	0
 241 00d9 00       		.byte	0
 242 00da 00       		.byte	0
 243 00db 00       		.byte	0
 244 00dc 00       		.byte	0
 245 00dd 00       		.byte	0
 246 00de 00       		.byte	0
 247 00df 00       		.byte	0
 248 00e0 00       		.byte	0
 249 00e1 00       		.byte	0
 250 00e2 00       		.byte	0
 251 00e3 00       		.byte	0
 252 00e4 09       		.byte	9
 253 00e5 00       		.byte	0
 254 00e6 04       		.byte	4
 255 00e7 00       		.byte	0
 256 00e8 04       		.byte	4
 257 00e9 00       		.byte	0
 258 00ea 00       		.byte	0
 259 00eb 04       		.byte	4
 260 00ec 00       		.byte	0
 261 00ed 00       		.byte	0
 262 00ee 00       		.byte	0
 263 00ef 01       		.byte	1
 264 00f0 00       		.byte	0
 265 00f1 00       		.byte	0
 266 00f2 00       		.byte	0
 267 00f3 00       		.byte	0
 268 00f4 00       		.byte	0
 269 00f5 00       		.byte	0
 270 00f6 00       		.byte	0
 271 00f7 00       		.byte	0
 272 00f8 00       		.byte	0
 273 00f9 00       		.byte	0
 274 00fa 00       		.byte	0
 275 00fb 00       		.byte	0
 276 00fc 00       		.byte	0
 277 00fd 00       		.byte	0
 278 00fe 00       		.byte	0
 279 00ff 00       		.byte	0
 280 0100 00       		.byte	0
 281 0101 00       		.byte	0
 282 0102 00       		.byte	0
 283 0103 00       		.byte	0
 284 0104 00       		.byte	0
 285 0105 00       		.byte	0
ARM GAS  C:\Users\LUKASC~1\AppData\Local\Temp\ccoFoR6N.s 			page 6


 286 0106 00       		.byte	0
 287 0107 00       		.byte	0
 288 0108 00       		.byte	0
 289 0109 00       		.byte	0
 290 010a 00       		.byte	0
 291 010b 00       		.byte	0
 292 010c 00       		.byte	0
 293 010d 00       		.byte	0
 294 010e 00       		.byte	0
 295 010f 00       		.byte	0
 296 0110 04       		.byte	4
 297 0111 02       		.byte	2
 298 0112 00       		.byte	0
 299 0113 00       		.byte	0
 300 0114 0A       		.byte	10
 301 0115 98       		.byte	-104
 302 0116 10       		.byte	16
 303 0117 02       		.byte	2
 304 0118 07       		.byte	7
 305 0119 13       		.byte	19
 306 011a 38       		.byte	56
 307 011b 64       		.byte	100
 308 011c 84       		.byte	-124
 309 011d 38       		.byte	56
 310 011e 00       		.byte	0
 311 011f C0       		.byte	-64
 312 0120 60       		.byte	96
 313 0121 98       		.byte	-104
 314 0122 00       		.byte	0
 315 0123 02       		.byte	2
 316 0124 56       		.byte	86
 317 0125 21       		.byte	33
 318 0126 09       		.byte	9
 319 0127 D8       		.byte	-40
 320 0128 01       		.byte	1
 321 0129 FC       		.byte	-4
 322 012a 00       		.byte	0
 323 012b 03       		.byte	3
 324 012c 84       		.byte	-124
 325 012d 9A       		.byte	-102
 326 012e 00       		.byte	0
 327 012f 00       		.byte	0
 328 0130 04       		.byte	4
 329 0131 00       		.byte	0
 330 0132 80       		.byte	-128
 331 0133 00       		.byte	0
 332 0134 84       		.byte	-124
 333 0135 00       		.byte	0
 334 0136 00       		.byte	0
 335 0137 00       		.byte	0
 336 0138 80       		.byte	-128
 337 0139 02       		.byte	2
 338 013a 04       		.byte	4
 339 013b 98       		.byte	-104
 340 013c 00       		.byte	0
 341 013d 9A       		.byte	-102
 342 013e 00       		.byte	0
ARM GAS  C:\Users\LUKASC~1\AppData\Local\Temp\ccoFoR6N.s 			page 7


 343 013f 00       		.byte	0
 344 0140 08       		.byte	8
 345 0141 00       		.byte	0
 346 0142 00       		.byte	0
 347 0143 0F       		.byte	15
 348 0144 7F       		.byte	127
 349 0145 13       		.byte	19
 350 0146 80       		.byte	-128
 351 0147 E0       		.byte	-32
 352 0148 20       		.byte	32
 353 0149 00       		.byte	0
 354 014a 00       		.byte	0
 355 014b 88       		.byte	-120
 356 014c 00       		.byte	0
 357 014d 00       		.byte	0
 358 014e 41       		.byte	65
 359 014f 00       		.byte	0
 360 0150 23       		.byte	35
 361 0151 06       		.byte	6
 362 0152 10       		.byte	16
 363 0153 00       		.byte	0
 364 0154 05       		.byte	5
 365 0155 0E       		.byte	14
 366 0156 DB       		.byte	-37
 367 0157 CF       		.byte	-49
 368 0158 3D       		.byte	61
 369 0159 FF       		.byte	-1
 370 015a FF       		.byte	-1
 371 015b FF       		.byte	-1
 372 015c 22       		.byte	34
 373 015d 00       		.byte	0
 374 015e F0       		.byte	-16
 375 015f 08       		.byte	8
 376 0160 04       		.byte	4
 377 0161 00       		.byte	0
 378 0162 00       		.byte	0
 379 0163 00       		.byte	0
 380 0164 00       		.byte	0
 381 0165 00       		.byte	0
 382 0166 02       		.byte	2
 383 0167 2C       		.byte	44
 384 0168 04       		.byte	4
 385 0169 04       		.byte	4
 386 016a 04       		.byte	4
 387 016b 04       		.byte	4
 388 016c 00       		.byte	0
 389 016d 00       		.byte	0
 390 016e 00       		.byte	0
 391 016f 01       		.byte	1
 392 0170 00       		.byte	0
 393 0171 00       		.byte	0
 394 0172 C0       		.byte	-64
 395 0173 00       		.byte	0
 396 0174 40       		.byte	64
 397 0175 01       		.byte	1
 398 0176 10       		.byte	16
 399 0177 11       		.byte	17
ARM GAS  C:\Users\LUKASC~1\AppData\Local\Temp\ccoFoR6N.s 			page 8


 400 0178 C0       		.byte	-64
 401 0179 01       		.byte	1
 402 017a 00       		.byte	0
 403 017b 11       		.byte	17
 404 017c 40       		.byte	64
 405 017d 01       		.byte	1
 406 017e 40       		.byte	64
 407 017f 01       		.byte	1
 408 0180 00       		.byte	0
 409 0181 00       		.byte	0
 410 0182 00       		.byte	0
 411 0183 00       		.byte	0
 412 0184 00       		.byte	0
 413 0185 00       		.byte	0
 414 0186 00       		.byte	0
 415 0187 00       		.byte	0
 416 0188 00       		.byte	0
 417 0189 00       		.byte	0
 418 018a 00       		.byte	0
 419 018b 00       		.byte	0
 420 018c 00       		.byte	0
 421 018d 00       		.byte	0
 422 018e 00       		.byte	0
 423 018f 00       		.byte	0
 424 0190 00       		.byte	0
 425 0191 00       		.byte	0
 426 0192 00       		.byte	0
 427 0193 00       		.byte	0
 428 0194 00       		.byte	0
 429 0195 00       		.byte	0
 430 0196 00       		.byte	0
 431 0197 00       		.byte	0
 432 0198 00       		.byte	0
 433 0199 00       		.byte	0
 434 019a 00       		.byte	0
 435 019b 00       		.byte	0
 436 019c 00       		.byte	0
 437 019d 00       		.byte	0
 438 019e 00       		.byte	0
 439 019f 00       		.byte	0
 440 01a0 00       		.byte	0
 441 01a1 00       		.byte	0
 442 01a2 00       		.byte	0
 443 01a3 00       		.byte	0
 444 01a4 00       		.byte	0
 445 01a5 0F       		.byte	15
 446 01a6 00       		.byte	0
 447 01a7 00       		.byte	0
 448 01a8 00       		.byte	0
 449 01a9 00       		.byte	0
 450 01aa 00       		.byte	0
 451 01ab 00       		.byte	0
 452 01ac 00       		.byte	0
 453 01ad 00       		.byte	0
 454 01ae 00       		.byte	0
 455 01af 00       		.byte	0
 456 01b0 01       		.byte	1
ARM GAS  C:\Users\LUKASC~1\AppData\Local\Temp\ccoFoR6N.s 			page 9


 457 01b1 00       		.byte	0
 458 01b2 00       		.byte	0
 459 01b3 00       		.byte	0
 460 01b4 00       		.byte	0
 461 01b5 00       		.byte	0
 462 01b6 00       		.byte	0
 463 01b7 00       		.byte	0
 464 01b8 01       		.byte	1
 465 01b9 00       		.byte	0
 466 01ba 01       		.byte	1
 467 01bb 00       		.byte	0
 468 01bc 00       		.byte	0
 469 01bd 00       		.byte	0
 470 01be 00       		.byte	0
 471 01bf 00       		.byte	0
 472 01c0 00       		.byte	0
 473 01c1 00       		.byte	0
 474 01c2 00       		.byte	0
 475 01c3 00       		.byte	0
 476 01c4 00       		.byte	0
 477 01c5 00       		.byte	0
 478 01c6 00       		.byte	0
 479 01c7 00       		.byte	0
 480 01c8 00       		.byte	0
 481 01c9 00       		.byte	0
 482 01ca 00       		.byte	0
 483 01cb 00       		.byte	0
 484 01cc 00       		.byte	0
 485 01cd 00       		.byte	0
 486 01ce 00       		.byte	0
 487 01cf 00       		.byte	0
 488 01d0 00       		.byte	0
 489 01d1 00       		.byte	0
 490 01d2 00       		.byte	0
 491 01d3 00       		.byte	0
 492 01d4 00       		.byte	0
 493 01d5 00       		.byte	0
 494 01d6 00       		.byte	0
 495 01d7 00       		.byte	0
 496 01d8 00       		.byte	0
 497 01d9 00       		.byte	0
 498 01da 00       		.byte	0
 499 01db 00       		.byte	0
 500 01dc 00       		.byte	0
 501 01dd 00       		.byte	0
 502 01de 00       		.byte	0
 503 01df 00       		.byte	0
 504 01e0 00       		.byte	0
 505 01e1 00       		.byte	0
 506 01e2 00       		.byte	0
 507 01e3 00       		.byte	0
 508 01e4 00       		.byte	0
 509 01e5 00       		.byte	0
 510 01e6 00       		.byte	0
 511 01e7 00       		.byte	0
 512 01e8 02       		.byte	2
 513 01e9 00       		.byte	0
ARM GAS  C:\Users\LUKASC~1\AppData\Local\Temp\ccoFoR6N.s 			page 10


 514 01ea 00       		.byte	0
 515 01eb 00       		.byte	0
 516 01ec 00       		.byte	0
 517 01ed 00       		.byte	0
 518 01ee 00       		.byte	0
 519 01ef 00       		.byte	0
 520 01f0 00       		.byte	0
 521 01f1 00       		.byte	0
 522 01f2 00       		.byte	0
 523 01f3 00       		.byte	0
 524 01f4 00       		.byte	0
 525 01f5 00       		.byte	0
 526 01f6 00       		.byte	0
 527 01f7 00       		.byte	0
 528 01f8 00       		.byte	0
 529 01f9 00       		.byte	0
 530 01fa 00       		.byte	0
 531 01fb 00       		.byte	0
 532 01fc 00       		.byte	0
 533 01fd 00       		.byte	0
 534 01fe 00       		.byte	0
 535 01ff 00       		.byte	0
 536 0200 00       		.byte	0
 537 0201 00       		.byte	0
 538 0202 00       		.byte	0
 539 0203 00       		.byte	0
 540 0204 00       		.byte	0
 541 0205 00       		.byte	0
 542 0206 00       		.byte	0
 543 0207 00       		.byte	0
 544 0208 00       		.byte	0
 545 0209 00       		.byte	0
 546 020a 00       		.byte	0
 547 020b 00       		.byte	0
 548 020c 00       		.byte	0
 549 020d 00       		.byte	0
 550 020e 00       		.byte	0
 551 020f 00       		.byte	0
 552 0210 00       		.byte	0
 553 0211 00       		.byte	0
 554 0212 00       		.byte	0
 555 0213 00       		.byte	0
 556 0214 00       		.byte	0
 557 0215 00       		.byte	0
 558 0216 00       		.byte	0
 559 0217 00       		.byte	0
 560 0218 00       		.byte	0
 561 0219 00       		.byte	0
 562 021a 00       		.byte	0
 563 021b 00       		.byte	0
 564 021c 00       		.byte	0
 565 021d 00       		.byte	0
 566 021e 00       		.byte	0
 567 021f 00       		.byte	0
 568 0220 00       		.byte	0
 569 0221 00       		.byte	0
 570 0222 00       		.byte	0
ARM GAS  C:\Users\LUKASC~1\AppData\Local\Temp\ccoFoR6N.s 			page 11


 571 0223 00       		.byte	0
 572 0224 00       		.byte	0
 573 0225 00       		.byte	0
 574 0226 00       		.byte	0
 575 0227 00       		.byte	0
 576 0228 00       		.byte	0
 577 0229 00       		.byte	0
 578 022a 00       		.byte	0
 579 022b 00       		.byte	0
 580 022c 00       		.byte	0
 581 022d 00       		.byte	0
 582 022e 00       		.byte	0
 583 022f 00       		.byte	0
 584 0230 00       		.byte	0
 585 0231 00       		.byte	0
 586 0232 00       		.byte	0
 587 0233 00       		.byte	0
 588 0234 00       		.byte	0
 589 0235 00       		.byte	0
 590 0236 00       		.byte	0
 591 0237 00       		.byte	0
 592 0238 00       		.byte	0
 593 0239 00       		.byte	0
 594 023a 00       		.byte	0
 595 023b 00       		.byte	0
 596 023c 00       		.byte	0
 597 023d 00       		.byte	0
 598 023e 00       		.byte	0
 599 023f 00       		.byte	0
 600 0240 00       		.byte	0
 601 0241 00       		.byte	0
 602 0242 00       		.byte	0
 603 0243 00       		.byte	0
 604 0244 02       		.byte	2
 605 0245 00       		.byte	0
 606 0246 00       		.byte	0
 607 0247 2A       		.byte	42
 608 0248 00       		.byte	0
 609 0249 00       		.byte	0
 610 024a 00       		.byte	0
 611 024b 00       		.byte	0
 612 024c 00       		.byte	0
 613 024d 20       		.byte	32
 614 024e 22       		.byte	34
 615 024f 80       		.byte	-128
 616 0250 00       		.byte	0
 617 0251 00       		.byte	0
 618 0252 00       		.byte	0
 619 0253 00       		.byte	0
 620 0254 00       		.byte	0
 621 0255 14       		.byte	20
 622 0256 00       		.byte	0
 623 0257 01       		.byte	1
 624 0258 00       		.byte	0
 625 0259 00       		.byte	0
 626 025a 00       		.byte	0
 627 025b 00       		.byte	0
ARM GAS  C:\Users\LUKASC~1\AppData\Local\Temp\ccoFoR6N.s 			page 12


 628 025c 00       		.byte	0
 629 025d A0       		.byte	-96
 630 025e 41       		.byte	65
 631 025f 00       		.byte	0
 632 0260 00       		.byte	0
 633 0261 00       		.byte	0
 634 0262 00       		.byte	0
 635 0263 00       		.byte	0
 636 0264 0A       		.byte	10
 637 0265 50       		.byte	80
 638 0266 0C       		.byte	12
 639 0267 28       		.byte	40
 640 0268 00       		.byte	0
 641 0269 00       		.byte	0
 642 026a 00       		.byte	0
 643 026b 00       		.byte	0
 644 026c 00       		.byte	0
 645 026d 90       		.byte	-112
 646 026e 00       		.byte	0
 647 026f 00       		.byte	0
 648 0270 00       		.byte	0
 649 0271 00       		.byte	0
 650 0272 00       		.byte	0
 651 0273 00       		.byte	0
 652 0274 00       		.byte	0
 653 0275 00       		.byte	0
 654 0276 18       		.byte	24
 655 0277 41       		.byte	65
 656 0278 00       		.byte	0
 657 0279 00       		.byte	0
 658 027a 00       		.byte	0
 659 027b 00       		.byte	0
 660 027c 00       		.byte	0
 661 027d A0       		.byte	-96
 662 027e 06       		.byte	6
 663 027f 00       		.byte	0
 664 0280 00       		.byte	0
 665 0281 00       		.byte	0
 666 0282 00       		.byte	0
 667 0283 00       		.byte	0
 668 0284 00       		.byte	0
 669 0285 88       		.byte	-120
 670 0286 00       		.byte	0
 671 0287 20       		.byte	32
 672 0288 00       		.byte	0
 673 0289 00       		.byte	0
 674 028a 00       		.byte	0
 675 028b 00       		.byte	0
 676 028c 06       		.byte	6
 677 028d 08       		.byte	8
 678 028e 00       		.byte	0
 679 028f 00       		.byte	0
 680 0290 00       		.byte	0
 681 0291 00       		.byte	0
 682 0292 00       		.byte	0
 683 0293 00       		.byte	0
 684 0294 00       		.byte	0
ARM GAS  C:\Users\LUKASC~1\AppData\Local\Temp\ccoFoR6N.s 			page 13


 685 0295 00       		.byte	0
 686 0296 02       		.byte	2
 687 0297 54       		.byte	84
 688 0298 00       		.byte	0
 689 0299 00       		.byte	0
 690 029a 00       		.byte	0
 691 029b 00       		.byte	0
 692 029c 00       		.byte	0
 693 029d 00       		.byte	0
 694 029e 00       		.byte	0
 695 029f 00       		.byte	0
 696 02a0 00       		.byte	0
 697 02a1 10       		.byte	16
 698 02a2 00       		.byte	0
 699 02a3 08       		.byte	8
 700 02a4 00       		.byte	0
 701 02a5 00       		.byte	0
 702 02a6 01       		.byte	1
 703 02a7 00       		.byte	0
 704 02a8 00       		.byte	0
 705 02a9 00       		.byte	0
 706 02aa 00       		.byte	0
 707 02ab 00       		.byte	0
 708 02ac 10       		.byte	16
 709 02ad 14       		.byte	20
 710 02ae 06       		.byte	6
 711 02af 41       		.byte	65
 712 02b0 00       		.byte	0
 713 02b1 00       		.byte	0
 714 02b2 00       		.byte	0
 715 02b3 00       		.byte	0
 716 02b4 00       		.byte	0
 717 02b5 80       		.byte	-128
 718 02b6 00       		.byte	0
 719 02b7 02       		.byte	2
 720 02b8 00       		.byte	0
 721 02b9 00       		.byte	0
 722 02ba 00       		.byte	0
 723 02bb 00       		.byte	0
 724 02bc 00       		.byte	0
 725 02bd 00       		.byte	0
 726 02be 00       		.byte	0
 727 02bf 00       		.byte	0
 728 02c0 00       		.byte	0
 729 02c1 00       		.byte	0
 730 02c2 00       		.byte	0
 731 02c3 00       		.byte	0
 732 02c4 00       		.byte	0
 733 02c5 20       		.byte	32
 734 02c6 00       		.byte	0
 735 02c7 00       		.byte	0
 736 02c8 00       		.byte	0
 737 02c9 00       		.byte	0
 738 02ca 00       		.byte	0
 739 02cb 00       		.byte	0
 740 02cc 00       		.byte	0
 741 02cd 00       		.byte	0
ARM GAS  C:\Users\LUKASC~1\AppData\Local\Temp\ccoFoR6N.s 			page 14


 742 02ce 00       		.byte	0
 743 02cf 00       		.byte	0
 744 02d0 00       		.byte	0
 745 02d1 00       		.byte	0
 746 02d2 00       		.byte	0
 747 02d3 00       		.byte	0
 748 02d4 20       		.byte	32
 749 02d5 10       		.byte	16
 750 02d6 41       		.byte	65
 751 02d7 00       		.byte	0
 752 02d8 00       		.byte	0
 753 02d9 00       		.byte	0
 754 02da 01       		.byte	1
 755 02db 00       		.byte	0
 756 02dc 00       		.byte	0
 757 02dd 18       		.byte	24
 758 02de 02       		.byte	2
 759 02df 4B       		.byte	75
 760 02e0 00       		.byte	0
 761 02e1 08       		.byte	8
 762 02e2 10       		.byte	16
 763 02e3 00       		.byte	0
 764 02e4 00       		.byte	0
 765 02e5 10       		.byte	16
 766 02e6 0C       		.byte	12
 767 02e7 10       		.byte	16
 768 02e8 04       		.byte	4
 769 02e9 00       		.byte	0
 770 02ea 00       		.byte	0
 771 02eb 00       		.byte	0
 772 02ec 04       		.byte	4
 773 02ed 00       		.byte	0
 774 02ee 40       		.byte	64
 775 02ef 00       		.byte	0
 776 02f0 20       		.byte	32
 777 02f1 00       		.byte	0
 778 02f2 02       		.byte	2
 779 02f3 00       		.byte	0
 780 02f4 00       		.byte	0
 781 02f5 04       		.byte	4
 782 02f6 00       		.byte	0
 783 02f7 00       		.byte	0
 784 02f8 00       		.byte	0
 785 02f9 00       		.byte	0
 786 02fa 00       		.byte	0
 787 02fb 00       		.byte	0
 788 02fc 00       		.byte	0
 789 02fd 00       		.byte	0
 790 02fe 00       		.byte	0
 791 02ff 00       		.byte	0
 792 0300 F0       		.byte	-16
 793 0301 00       		.byte	0
 794 0302 F0       		.byte	-16
 795 0303 00       		.byte	0
 796 0304 70       		.byte	112
 797 0305 00       		.byte	0
 798 0306 00       		.byte	0
ARM GAS  C:\Users\LUKASC~1\AppData\Local\Temp\ccoFoR6N.s 			page 15


 799 0307 00       		.byte	0
 800 0308 00       		.byte	0
 801 0309 00       		.byte	0
 802 030a 30       		.byte	48
 803 030b 00       		.byte	0
 804 030c F0       		.byte	-16
 805 030d 00       		.byte	0
 806 030e F0       		.byte	-16
 807 030f 00       		.byte	0
 808 0310 70       		.byte	112
 809 0311 00       		.byte	0
 810 0312 30       		.byte	48
 811 0313 00       		.byte	0
 812 0314 00       		.byte	0
 813 0315 00       		.byte	0
 814 0316 00       		.byte	0
 815 0317 00       		.byte	0
 816 0318 80       		.byte	-128
 817 0319 00       		.byte	0
 818 031a 00       		.byte	0
 819 031b 00       		.byte	0
 820 031c 00       		.byte	0
 821 031d 00       		.byte	0
 822 031e 00       		.byte	0
 823 031f 00       		.byte	0
 824 0320 00       		.byte	0
 825 0321 00       		.byte	0
 826 0322 00       		.byte	0
 827 0323 00       		.byte	0
 828 0324 00       		.byte	0
 829 0325 00       		.byte	0
 830 0326 00       		.byte	0
 831 0327 00       		.byte	0
 832 0328 00       		.byte	0
 833 0329 00       		.byte	0
 834 032a 00       		.byte	0
 835 032b 00       		.byte	0
 836 032c 00       		.byte	0
 837 032d 00       		.byte	0
 838 032e 40       		.byte	64
 839 032f 00       		.byte	0
 840 0330 00       		.byte	0
 841 0331 00       		.byte	0
 842 0332 00       		.byte	0
 843 0333 00       		.byte	0
 844 0334 00       		.byte	0
 845 0335 00       		.byte	0
 846 0336 00       		.byte	0
 847 0337 00       		.byte	0
 848 0338 00       		.byte	0
 849 0339 00       		.byte	0
 850 033a 00       		.byte	0
 851 033b 00       		.byte	0
 852 033c 00       		.byte	0
 853 033d 00       		.byte	0
 854 033e 00       		.byte	0
 855 033f 00       		.byte	0
ARM GAS  C:\Users\LUKASC~1\AppData\Local\Temp\ccoFoR6N.s 			page 16


 856 0340 04       		.byte	4
 857 0341 00       		.byte	0
 858 0342 00       		.byte	0
 859 0343 00       		.byte	0
 860 0344 20       		.byte	32
 861 0345 04       		.byte	4
 862 0346 00       		.byte	0
 863 0347 42       		.byte	66
 864 0348 00       		.byte	0
 865 0349 18       		.byte	24
 866 034a 00       		.byte	0
 867 034b 00       		.byte	0
 868 034c 04       		.byte	4
 869 034d 00       		.byte	0
 870 034e 0A       		.byte	10
 871 034f 20       		.byte	32
 872 0350 00       		.byte	0
 873 0351 80       		.byte	-128
 874 0352 09       		.byte	9
 875 0353 00       		.byte	0
 876 0354 00       		.byte	0
 877 0355 10       		.byte	16
 878 0356 02       		.byte	2
 879 0357 09       		.byte	9
 880 0358 05       		.byte	5
 881 0359 00       		.byte	0
 882 035a 00       		.byte	0
 883 035b 00       		.byte	0
 884 035c 00       		.byte	0
 885 035d 0C       		.byte	12
 886 035e 22       		.byte	34
 887 035f 10       		.byte	16
 888 0360 00       		.byte	0
 889 0361 00       		.byte	0
 890 0362 00       		.byte	0
 891 0363 00       		.byte	0
 892 0364 00       		.byte	0
 893 0365 44       		.byte	68
 894 0366 00       		.byte	0
 895 0367 00       		.byte	0
 896 0368 00       		.byte	0
 897 0369 00       		.byte	0
 898 036a 00       		.byte	0
 899 036b 00       		.byte	0
 900 036c 00       		.byte	0
 901 036d 00       		.byte	0
 902 036e 00       		.byte	0
 903 036f 00       		.byte	0
 904 0370 00       		.byte	0
 905 0371 00       		.byte	0
 906 0372 00       		.byte	0
 907 0373 00       		.byte	0
 908 0374 00       		.byte	0
 909 0375 00       		.byte	0
 910 0376 18       		.byte	24
 911 0377 00       		.byte	0
 912 0378 00       		.byte	0
ARM GAS  C:\Users\LUKASC~1\AppData\Local\Temp\ccoFoR6N.s 			page 17


 913 0379 00       		.byte	0
 914 037a 00       		.byte	0
 915 037b 00       		.byte	0
 916 037c 00       		.byte	0
 917 037d A8       		.byte	-88
 918 037e 00       		.byte	0
 919 037f 00       		.byte	0
 920 0380 00       		.byte	0
 921 0381 00       		.byte	0
 922 0382 00       		.byte	0
 923 0383 00       		.byte	0
 924 0384 00       		.byte	0
 925 0385 00       		.byte	0
 926 0386 00       		.byte	0
 927 0387 00       		.byte	0
 928 0388 00       		.byte	0
 929 0389 00       		.byte	0
 930 038a 00       		.byte	0
 931 038b 00       		.byte	0
 932 038c 00       		.byte	0
 933 038d 00       		.byte	0
 934 038e 00       		.byte	0
 935 038f 00       		.byte	0
 936 0390 00       		.byte	0
 937 0391 00       		.byte	0
 938 0392 00       		.byte	0
 939 0393 00       		.byte	0
 940 0394 00       		.byte	0
 941 0395 00       		.byte	0
 942 0396 00       		.byte	0
 943 0397 00       		.byte	0
 944 0398 20       		.byte	32
 945 0399 08       		.byte	8
 946 039a 41       		.byte	65
 947 039b 00       		.byte	0
 948 039c 00       		.byte	0
 949 039d 00       		.byte	0
 950 039e 00       		.byte	0
 951 039f 00       		.byte	0
 952 03a0 01       		.byte	1
 953 03a1 02       		.byte	2
 954 03a2 00       		.byte	0
 955 03a3 00       		.byte	0
 956 03a4 00       		.byte	0
 957 03a5 10       		.byte	16
 958 03a6 40       		.byte	64
 959 03a7 A0       		.byte	-96
 960 03a8 00       		.byte	0
 961 03a9 00       		.byte	0
 962 03aa 00       		.byte	0
 963 03ab 00       		.byte	0
 964 03ac 00       		.byte	0
 965 03ad 00       		.byte	0
 966 03ae 00       		.byte	0
 967 03af 00       		.byte	0
 968 03b0 00       		.byte	0
 969 03b1 00       		.byte	0
ARM GAS  C:\Users\LUKASC~1\AppData\Local\Temp\ccoFoR6N.s 			page 18


 970 03b2 00       		.byte	0
 971 03b3 00       		.byte	0
 972 03b4 00       		.byte	0
 973 03b5 00       		.byte	0
 974 03b6 00       		.byte	0
 975 03b7 00       		.byte	0
 976 03b8 00       		.byte	0
 977 03b9 00       		.byte	0
 978 03ba 00       		.byte	0
 979 03bb 00       		.byte	0
 980 03bc 00       		.byte	0
 981 03bd 00       		.byte	0
 982 03be 00       		.byte	0
 983 03bf 00       		.byte	0
 984 03c0 00       		.byte	0
 985 03c1 00       		.byte	0
 986 03c2 00       		.byte	0
 987 03c3 00       		.byte	0
 988 03c4 00       		.byte	0
 989 03c5 02       		.byte	2
 990 03c6 00       		.byte	0
 991 03c7 40       		.byte	64
 992 03c8 00       		.byte	0
 993 03c9 00       		.byte	0
 994 03ca 00       		.byte	0
 995 03cb 00       		.byte	0
 996 03cc 00       		.byte	0
 997 03cd 00       		.byte	0
 998 03ce 00       		.byte	0
 999 03cf 00       		.byte	0
 1000 03d0 00       		.byte	0
 1001 03d1 00       		.byte	0
 1002 03d2 00       		.byte	0
 1003 03d3 00       		.byte	0
 1004 03d4 00       		.byte	0
 1005 03d5 00       		.byte	0
 1006 03d6 00       		.byte	0
 1007 03d7 00       		.byte	0
 1008 03d8 00       		.byte	0
 1009 03d9 00       		.byte	0
 1010 03da 00       		.byte	0
 1011 03db 00       		.byte	0
 1012 03dc 00       		.byte	0
 1013 03dd 00       		.byte	0
 1014 03de 00       		.byte	0
 1015 03df 00       		.byte	0
 1016 03e0 00       		.byte	0
 1017 03e1 00       		.byte	0
 1018 03e2 00       		.byte	0
 1019 03e3 00       		.byte	0
 1020 03e4 00       		.byte	0
 1021 03e5 00       		.byte	0
 1022 03e6 00       		.byte	0
 1023 03e7 00       		.byte	0
 1024 03e8 00       		.byte	0
 1025 03e9 00       		.byte	0
 1026 03ea 00       		.byte	0
ARM GAS  C:\Users\LUKASC~1\AppData\Local\Temp\ccoFoR6N.s 			page 19


 1027 03eb 00       		.byte	0
 1028 03ec 00       		.byte	0
 1029 03ed 00       		.byte	0
 1030 03ee 00       		.byte	0
 1031 03ef 00       		.byte	0
 1032 03f0 00       		.byte	0
 1033 03f1 00       		.byte	0
 1034 03f2 00       		.byte	0
 1035 03f3 00       		.byte	0
 1036 03f4 00       		.byte	0
 1037 03f5 00       		.byte	0
 1038 03f6 00       		.byte	0
 1039 03f7 00       		.byte	0
 1040 03f8 00       		.byte	0
 1041 03f9 00       		.byte	0
 1042 03fa 00       		.byte	0
 1043 03fb 00       		.byte	0
 1044 03fc 00       		.byte	0
 1045 03fd 00       		.byte	0
 1046 03fe 00       		.byte	0
 1047 03ff 00       		.byte	0
 1048 0400 F4       		.byte	-12
 1049 0401 00       		.byte	0
 1050 0402 E6       		.byte	-26
 1051 0403 00       		.byte	0
 1052 0404 F2       		.byte	-14
 1053 0405 00       		.byte	0
 1054 0406 00       		.byte	0
 1055 0407 00       		.byte	0
 1056 0408 00       		.byte	0
 1057 0409 00       		.byte	0
 1058 040a 00       		.byte	0
 1059 040b 00       		.byte	0
 1060 040c 60       		.byte	96
 1061 040d 00       		.byte	0
 1062 040e 70       		.byte	112
 1063 040f 00       		.byte	0
 1064 0410 00       		.byte	0
 1065 0411 00       		.byte	0
 1066 0412 00       		.byte	0
 1067 0413 00       		.byte	0
 1068 0414 00       		.byte	0
 1069 0415 00       		.byte	0
 1070 0416 0F       		.byte	15
 1071 0417 00       		.byte	0
 1072 0418 F9       		.byte	-7
 1073 0419 00       		.byte	0
 1074 041a 00       		.byte	0
 1075 041b 00       		.byte	0
 1076 041c 00       		.byte	0
 1077 041d 00       		.byte	0
 1078 041e 00       		.byte	0
 1079 041f 00       		.byte	0
 1080 0420 00       		.byte	0
 1081 0421 00       		.byte	0
 1082 0422 00       		.byte	0
 1083 0423 00       		.byte	0
ARM GAS  C:\Users\LUKASC~1\AppData\Local\Temp\ccoFoR6N.s 			page 20


 1084 0424 00       		.byte	0
 1085 0425 00       		.byte	0
 1086 0426 00       		.byte	0
 1087 0427 00       		.byte	0
 1088 0428 00       		.byte	0
 1089 0429 00       		.byte	0
 1090 042a 00       		.byte	0
 1091 042b 00       		.byte	0
 1092 042c 00       		.byte	0
 1093 042d 00       		.byte	0
 1094 042e 00       		.byte	0
 1095 042f 00       		.byte	0
 1096 0430 00       		.byte	0
 1097 0431 00       		.byte	0
 1098 0432 00       		.byte	0
 1099 0433 00       		.byte	0
 1100 0434 00       		.byte	0
 1101 0435 00       		.byte	0
 1102 0436 00       		.byte	0
 1103 0437 00       		.byte	0
 1104 0438 00       		.byte	0
 1105 0439 00       		.byte	0
 1106 043a 00       		.byte	0
 1107 043b 00       		.byte	0
 1108 043c 00       		.byte	0
 1109 043d 00       		.byte	0
 1110 043e 00       		.byte	0
 1111 043f 00       		.byte	0
 1112 0440 00       		.byte	0
 1113 0441 00       		.byte	0
 1114 0442 00       		.byte	0
 1115 0443 00       		.byte	0
 1116 0444 00       		.byte	0
 1117 0445 00       		.byte	0
 1118 0446 00       		.byte	0
 1119 0447 00       		.byte	0
 1120 0448 00       		.byte	0
 1121 0449 00       		.byte	0
 1122 044a 00       		.byte	0
 1123 044b 00       		.byte	0
 1124 044c 00       		.byte	0
 1125 044d 00       		.byte	0
 1126 044e 00       		.byte	0
 1127 044f 00       		.byte	0
 1128 0450 00       		.byte	0
 1129 0451 00       		.byte	0
 1130 0452 00       		.byte	0
 1131 0453 00       		.byte	0
 1132 0454 00       		.byte	0
 1133 0455 00       		.byte	0
 1134 0456 00       		.byte	0
 1135 0457 00       		.byte	0
 1136 0458 00       		.byte	0
 1137 0459 00       		.byte	0
 1138 045a 00       		.byte	0
 1139 045b 00       		.byte	0
 1140 045c 00       		.byte	0
ARM GAS  C:\Users\LUKASC~1\AppData\Local\Temp\ccoFoR6N.s 			page 21


 1141 045d 00       		.byte	0
 1142 045e 00       		.byte	0
 1143 045f 00       		.byte	0
 1144 0460 00       		.byte	0
 1145 0461 00       		.byte	0
 1146 0462 00       		.byte	0
 1147 0463 00       		.byte	0
 1148 0464 00       		.byte	0
 1149 0465 00       		.byte	0
 1150 0466 00       		.byte	0
 1151 0467 00       		.byte	0
 1152 0468 04       		.byte	4
 1153 0469 00       		.byte	0
 1154 046a 00       		.byte	0
 1155 046b 00       		.byte	0
 1156 046c 00       		.byte	0
 1157 046d 00       		.byte	0
 1158 046e 00       		.byte	0
 1159 046f 00       		.byte	0
 1160 0470 00       		.byte	0
 1161 0471 00       		.byte	0
 1162 0472 00       		.byte	0
 1163 0473 00       		.byte	0
 1164 0474 00       		.byte	0
 1165 0475 00       		.byte	0
 1166 0476 00       		.byte	0
 1167 0477 00       		.byte	0
 1168 0478 00       		.byte	0
 1169 0479 00       		.byte	0
 1170 047a 00       		.byte	0
 1171 047b 00       		.byte	0
 1172 047c 00       		.byte	0
 1173 047d 00       		.byte	0
 1174 047e 00       		.byte	0
 1175 047f 00       		.byte	0
 1176 0480 00       		.byte	0
 1177 0481 00       		.byte	0
 1178 0482 00       		.byte	0
 1179 0483 00       		.byte	0
 1180 0484 00       		.byte	0
 1181 0485 00       		.byte	0
 1182 0486 00       		.byte	0
 1183 0487 00       		.byte	0
 1184 0488 00       		.byte	0
 1185 0489 00       		.byte	0
 1186 048a 00       		.byte	0
 1187 048b 00       		.byte	0
 1188 048c 00       		.byte	0
 1189 048d 00       		.byte	0
 1190 048e 00       		.byte	0
 1191 048f 00       		.byte	0
 1192 0490 00       		.byte	0
 1193 0491 00       		.byte	0
 1194 0492 00       		.byte	0
 1195 0493 00       		.byte	0
 1196 0494 00       		.byte	0
 1197 0495 00       		.byte	0
ARM GAS  C:\Users\LUKASC~1\AppData\Local\Temp\ccoFoR6N.s 			page 22


 1198 0496 00       		.byte	0
 1199 0497 00       		.byte	0
 1200 0498 00       		.byte	0
 1201 0499 00       		.byte	0
 1202 049a 00       		.byte	0
 1203 049b 00       		.byte	0
 1204 049c 00       		.byte	0
 1205 049d 00       		.byte	0
 1206 049e 00       		.byte	0
 1207 049f 00       		.byte	0
 1208 04a0 00       		.byte	0
 1209 04a1 00       		.byte	0
 1210 04a2 00       		.byte	0
 1211 04a3 00       		.byte	0
 1212 04a4 00       		.byte	0
 1213 04a5 00       		.byte	0
 1214 04a6 00       		.byte	0
 1215 04a7 00       		.byte	0
 1216 04a8 20       		.byte	32
 1217 04a9 00       		.byte	0
 1218 04aa 00       		.byte	0
 1219 04ab 00       		.byte	0
 1220 04ac 00       		.byte	0
 1221 04ad 00       		.byte	0
 1222 04ae 00       		.byte	0
 1223 04af 00       		.byte	0
 1224 04b0 00       		.byte	0
 1225 04b1 00       		.byte	0
 1226 04b2 00       		.byte	0
 1227 04b3 00       		.byte	0
 1228 04b4 00       		.byte	0
 1229 04b5 00       		.byte	0
 1230 04b6 00       		.byte	0
 1231 04b7 00       		.byte	0
 1232 04b8 00       		.byte	0
 1233 04b9 00       		.byte	0
 1234 04ba 00       		.byte	0
 1235 04bb 00       		.byte	0
 1236 04bc 00       		.byte	0
 1237 04bd 00       		.byte	0
 1238 04be 00       		.byte	0
 1239 04bf 00       		.byte	0
 1240 04c0 00       		.byte	0
 1241 04c1 00       		.byte	0
 1242 04c2 00       		.byte	0
 1243 04c3 00       		.byte	0
 1244 04c4 00       		.byte	0
 1245 04c5 80       		.byte	-128
 1246 04c6 00       		.byte	0
 1247 04c7 00       		.byte	0
 1248 04c8 00       		.byte	0
 1249 04c9 00       		.byte	0
 1250 04ca 00       		.byte	0
 1251 04cb 00       		.byte	0
 1252 04cc 00       		.byte	0
 1253 04cd 00       		.byte	0
 1254 04ce 00       		.byte	0
ARM GAS  C:\Users\LUKASC~1\AppData\Local\Temp\ccoFoR6N.s 			page 23


 1255 04cf 00       		.byte	0
 1256 04d0 04       		.byte	4
 1257 04d1 00       		.byte	0
 1258 04d2 00       		.byte	0
 1259 04d3 00       		.byte	0
 1260 04d4 00       		.byte	0
 1261 04d5 00       		.byte	0
 1262 04d6 00       		.byte	0
 1263 04d7 00       		.byte	0
 1264 04d8 00       		.byte	0
 1265 04d9 00       		.byte	0
 1266 04da 00       		.byte	0
 1267 04db 00       		.byte	0
 1268 04dc 00       		.byte	0
 1269 04dd 80       		.byte	-128
 1270 04de 00       		.byte	0
 1271 04df 00       		.byte	0
 1272 04e0 00       		.byte	0
 1273 04e1 00       		.byte	0
 1274 04e2 00       		.byte	0
 1275 04e3 00       		.byte	0
 1276 04e4 00       		.byte	0
 1277 04e5 00       		.byte	0
 1278 04e6 00       		.byte	0
 1279 04e7 00       		.byte	0
 1280 04e8 00       		.byte	0
 1281 04e9 00       		.byte	0
 1282 04ea 20       		.byte	32
 1283 04eb 00       		.byte	0
 1284 04ec 00       		.byte	0
 1285 04ed 00       		.byte	0
 1286 04ee 00       		.byte	0
 1287 04ef 00       		.byte	0
 1288 04f0 00       		.byte	0
 1289 04f1 00       		.byte	0
 1290 04f2 00       		.byte	0
 1291 04f3 00       		.byte	0
 1292 04f4 00       		.byte	0
 1293 04f5 00       		.byte	0
 1294 04f6 40       		.byte	64
 1295 04f7 00       		.byte	0
 1296 04f8 00       		.byte	0
 1297 04f9 00       		.byte	0
 1298 04fa 00       		.byte	0
 1299 04fb 00       		.byte	0
 1300 04fc 00       		.byte	0
 1301 04fd 00       		.byte	0
 1302 04fe 00       		.byte	0
 1303 04ff 00       		.byte	0
 1304 0500 00       		.byte	0
 1305 0501 00       		.byte	0
 1306 0502 00       		.byte	0
 1307 0503 00       		.byte	0
 1308 0504 00       		.byte	0
 1309 0505 00       		.byte	0
 1310 0506 00       		.byte	0
 1311 0507 00       		.byte	0
ARM GAS  C:\Users\LUKASC~1\AppData\Local\Temp\ccoFoR6N.s 			page 24


 1312 0508 00       		.byte	0
 1313 0509 00       		.byte	0
 1314 050a 00       		.byte	0
 1315 050b 00       		.byte	0
 1316 050c 00       		.byte	0
 1317 050d 00       		.byte	0
 1318 050e 00       		.byte	0
 1319 050f 00       		.byte	0
 1320 0510 00       		.byte	0
 1321 0511 00       		.byte	0
 1322 0512 00       		.byte	0
 1323 0513 00       		.byte	0
 1324 0514 00       		.byte	0
 1325 0515 00       		.byte	0
 1326 0516 00       		.byte	0
 1327 0517 00       		.byte	0
 1328 0518 00       		.byte	0
 1329 0519 00       		.byte	0
 1330 051a 00       		.byte	0
 1331 051b 00       		.byte	0
 1332 051c 00       		.byte	0
 1333 051d 00       		.byte	0
 1334 051e 00       		.byte	0
 1335 051f 00       		.byte	0
 1336 0520 00       		.byte	0
 1337 0521 00       		.byte	0
 1338 0522 10       		.byte	16
 1339 0523 00       		.byte	0
 1340 0524 00       		.byte	0
 1341 0525 00       		.byte	0
 1342 0526 00       		.byte	0
 1343 0527 00       		.byte	0
 1344 0528 00       		.byte	0
 1345 0529 00       		.byte	0
 1346 052a 20       		.byte	32
 1347 052b 00       		.byte	0
 1348 052c 00       		.byte	0
 1349 052d 00       		.byte	0
 1350 052e 00       		.byte	0
 1351 052f 00       		.byte	0
 1352 0530 00       		.byte	0
 1353 0531 00       		.byte	0
 1354 0532 00       		.byte	0
 1355 0533 00       		.byte	0
 1356 0534 00       		.byte	0
 1357 0535 00       		.byte	0
 1358 0536 00       		.byte	0
 1359 0537 00       		.byte	0
 1360 0538 00       		.byte	0
 1361 0539 00       		.byte	0
 1362 053a 00       		.byte	0
 1363 053b 00       		.byte	0
 1364 053c 00       		.byte	0
 1365 053d 00       		.byte	0
 1366 053e 00       		.byte	0
 1367 053f 00       		.byte	0
 1368 0540 04       		.byte	4
ARM GAS  C:\Users\LUKASC~1\AppData\Local\Temp\ccoFoR6N.s 			page 25


 1369 0541 00       		.byte	0
 1370 0542 00       		.byte	0
 1371 0543 00       		.byte	0
 1372 0544 00       		.byte	0
 1373 0545 00       		.byte	0
 1374 0546 00       		.byte	0
 1375 0547 00       		.byte	0
 1376 0548 00       		.byte	0
 1377 0549 00       		.byte	0
 1378 054a 00       		.byte	0
 1379 054b 00       		.byte	0
 1380 054c 00       		.byte	0
 1381 054d 00       		.byte	0
 1382 054e 00       		.byte	0
 1383 054f 00       		.byte	0
 1384 0550 00       		.byte	0
 1385 0551 00       		.byte	0
 1386 0552 00       		.byte	0
 1387 0553 00       		.byte	0
 1388 0554 00       		.byte	0
 1389 0555 00       		.byte	0
 1390 0556 00       		.byte	0
 1391 0557 00       		.byte	0
 1392 0558 00       		.byte	0
 1393 0559 00       		.byte	0
 1394 055a 00       		.byte	0
 1395 055b 00       		.byte	0
 1396 055c 00       		.byte	0
 1397 055d 00       		.byte	0
 1398 055e 00       		.byte	0
 1399 055f 00       		.byte	0
 1400 0560 00       		.byte	0
 1401 0561 00       		.byte	0
 1402 0562 00       		.byte	0
 1403 0563 00       		.byte	0
 1404 0564 00       		.byte	0
 1405 0565 00       		.byte	0
 1406 0566 00       		.byte	0
 1407 0567 00       		.byte	0
 1408 0568 00       		.byte	0
 1409 0569 00       		.byte	0
 1410 056a 00       		.byte	0
 1411 056b 00       		.byte	0
 1412 056c 00       		.byte	0
 1413 056d 00       		.byte	0
 1414 056e 00       		.byte	0
 1415 056f 00       		.byte	0
 1416 0570 00       		.byte	0
 1417 0571 00       		.byte	0
 1418 0572 00       		.byte	0
 1419 0573 00       		.byte	0
 1420 0574 00       		.byte	0
 1421 0575 00       		.byte	0
 1422 0576 00       		.byte	0
 1423 0577 00       		.byte	0
 1424 0578 00       		.byte	0
 1425 0579 00       		.byte	0
ARM GAS  C:\Users\LUKASC~1\AppData\Local\Temp\ccoFoR6N.s 			page 26


 1426 057a 00       		.byte	0
 1427 057b 00       		.byte	0
 1428 057c 00       		.byte	0
 1429 057d 00       		.byte	0
 1430 057e 00       		.byte	0
 1431 057f 00       		.byte	0
 1432 0580 00       		.byte	0
 1433 0581 00       		.byte	0
 1434 0582 00       		.byte	0
 1435 0583 00       		.byte	0
 1436 0584 00       		.byte	0
 1437 0585 00       		.byte	0
 1438 0586 00       		.byte	0
 1439 0587 00       		.byte	0
 1440 0588 00       		.byte	0
 1441 0589 00       		.byte	0
 1442 058a 00       		.byte	0
 1443 058b 00       		.byte	0
 1444 058c 00       		.byte	0
 1445 058d 00       		.byte	0
 1446 058e 00       		.byte	0
 1447 058f 00       		.byte	0
 1448 0590 00       		.byte	0
 1449 0591 00       		.byte	0
 1450 0592 00       		.byte	0
 1451 0593 00       		.byte	0
 1452 0594 00       		.byte	0
 1453 0595 00       		.byte	0
 1454 0596 20       		.byte	32
 1455 0597 00       		.byte	0
 1456 0598 00       		.byte	0
 1457 0599 80       		.byte	-128
 1458 059a 00       		.byte	0
 1459 059b 00       		.byte	0
 1460 059c 00       		.byte	0
 1461 059d 00       		.byte	0
 1462 059e 40       		.byte	64
 1463 059f 00       		.byte	0
 1464 05a0 00       		.byte	0
 1465 05a1 00       		.byte	0
 1466 05a2 00       		.byte	0
 1467 05a3 00       		.byte	0
 1468 05a4 00       		.byte	0
 1469 05a5 00       		.byte	0
 1470 05a6 00       		.byte	0
 1471 05a7 00       		.byte	0
 1472 05a8 00       		.byte	0
 1473 05a9 00       		.byte	0
 1474 05aa 00       		.byte	0
 1475 05ab 00       		.byte	0
 1476 05ac 00       		.byte	0
 1477 05ad 00       		.byte	0
 1478 05ae 00       		.byte	0
 1479 05af 00       		.byte	0
 1480 05b0 00       		.byte	0
 1481 05b1 00       		.byte	0
 1482 05b2 00       		.byte	0
ARM GAS  C:\Users\LUKASC~1\AppData\Local\Temp\ccoFoR6N.s 			page 27


 1483 05b3 00       		.byte	0
 1484 05b4 00       		.byte	0
 1485 05b5 00       		.byte	0
 1486 05b6 00       		.byte	0
 1487 05b7 00       		.byte	0
 1488 05b8 00       		.byte	0
 1489 05b9 00       		.byte	0
 1490 05ba 00       		.byte	0
 1491 05bb 00       		.byte	0
 1492 05bc 00       		.byte	0
 1493 05bd 00       		.byte	0
 1494 05be 00       		.byte	0
 1495 05bf 00       		.byte	0
 1496 05c0 00       		.byte	0
 1497 05c1 00       		.byte	0
 1498 05c2 00       		.byte	0
 1499 05c3 00       		.byte	0
 1500 05c4 00       		.byte	0
 1501 05c5 00       		.byte	0
 1502 05c6 00       		.byte	0
 1503 05c7 14       		.byte	20
 1504 05c8 00       		.byte	0
 1505 05c9 00       		.byte	0
 1506 05ca 00       		.byte	0
 1507 05cb 00       		.byte	0
 1508 05cc 00       		.byte	0
 1509 05cd 00       		.byte	0
 1510 05ce 00       		.byte	0
 1511 05cf 00       		.byte	0
 1512 05d0 00       		.byte	0
 1513 05d1 00       		.byte	0
 1514 05d2 00       		.byte	0
 1515 05d3 00       		.byte	0
 1516 05d4 00       		.byte	0
 1517 05d5 00       		.byte	0
 1518 05d6 00       		.byte	0
 1519 05d7 14       		.byte	20
 1520 05d8 00       		.byte	0
 1521 05d9 00       		.byte	0
 1522 05da 00       		.byte	0
 1523 05db 00       		.byte	0
 1524 05dc 00       		.byte	0
 1525 05dd 00       		.byte	0
 1526 05de 00       		.byte	0
 1527 05df 00       		.byte	0
 1528 05e0 00       		.byte	0
 1529 05e1 00       		.byte	0
 1530 05e2 00       		.byte	0
 1531 05e3 00       		.byte	0
 1532 05e4 00       		.byte	0
 1533 05e5 00       		.byte	0
 1534 05e6 00       		.byte	0
 1535 05e7 00       		.byte	0
 1536 05e8 00       		.byte	0
 1537 05e9 00       		.byte	0
 1538 05ea 00       		.byte	0
 1539 05eb 00       		.byte	0
ARM GAS  C:\Users\LUKASC~1\AppData\Local\Temp\ccoFoR6N.s 			page 28


 1540 05ec 00       		.byte	0
 1541 05ed 00       		.byte	0
 1542 05ee 00       		.byte	0
 1543 05ef 00       		.byte	0
 1544 05f0 00       		.byte	0
 1545 05f1 00       		.byte	0
 1546 05f2 00       		.byte	0
 1547 05f3 00       		.byte	0
 1548 05f4 00       		.byte	0
 1549 05f5 00       		.byte	0
 1550 05f6 00       		.byte	0
 1551 05f7 00       		.byte	0
 1552 05f8 00       		.byte	0
 1553 05f9 00       		.byte	0
 1554 05fa 00       		.byte	0
 1555 05fb 00       		.byte	0
 1556 05fc 00       		.byte	0
 1557 05fd 00       		.byte	0
 1558 05fe 00       		.byte	0
 1559 05ff 00       		.byte	0
 1560 0600 10       		.byte	16
 1561 0601 00       		.byte	0
 1562 0602 00       		.byte	0
 1563 0603 00       		.byte	0
 1564 0604 00       		.byte	0
 1565 0605 00       		.byte	0
 1566 0606 00       		.byte	0
 1567 0607 00       		.byte	0
 1568 0608 00       		.byte	0
 1569 0609 00       		.byte	0
 1570 060a 00       		.byte	0
 1571 060b 00       		.byte	0
 1572 060c 00       		.byte	0
 1573 060d 00       		.byte	0
 1574 060e 00       		.byte	0
 1575 060f 00       		.byte	0
 1576 0610 00       		.byte	0
 1577 0611 00       		.byte	0
 1578 0612 00       		.byte	0
 1579 0613 00       		.byte	0
 1580 0614 C0       		.byte	-64
 1581 0615 00       		.byte	0
 1582 0616 20       		.byte	32
 1583 0617 00       		.byte	0
 1584 0618 00       		.byte	0
 1585 0619 00       		.byte	0
 1586 061a 00       		.byte	0
 1587 061b 00       		.byte	0
 1588 061c 00       		.byte	0
 1589 061d 00       		.byte	0
 1590 061e 00       		.byte	0
 1591 061f 00       		.byte	0
 1592 0620 00       		.byte	0
 1593 0621 00       		.byte	0
 1594 0622 50       		.byte	80
 1595 0623 00       		.byte	0
 1596 0624 00       		.byte	0
ARM GAS  C:\Users\LUKASC~1\AppData\Local\Temp\ccoFoR6N.s 			page 29


 1597 0625 00       		.byte	0
 1598 0626 00       		.byte	0
 1599 0627 00       		.byte	0
 1600 0628 00       		.byte	0
 1601 0629 00       		.byte	0
 1602 062a 00       		.byte	0
 1603 062b 00       		.byte	0
 1604 062c 00       		.byte	0
 1605 062d 00       		.byte	0
 1606 062e 00       		.byte	0
 1607 062f 00       		.byte	0
 1608 0630 00       		.byte	0
 1609 0631 00       		.byte	0
 1610 0632 00       		.byte	0
 1611 0633 00       		.byte	0
 1612 0634 00       		.byte	0
 1613 0635 00       		.byte	0
 1614 0636 00       		.byte	0
 1615 0637 00       		.byte	0
 1616 0638 00       		.byte	0
 1617 0639 00       		.byte	0
 1618 063a 00       		.byte	0
 1619 063b 00       		.byte	0
 1620 063c 00       		.byte	0
 1621 063d 00       		.byte	0
 1622 063e 00       		.byte	0
 1623 063f 00       		.byte	0
 1624 0640 00       		.byte	0
 1625 0641 00       		.byte	0
 1626 0642 00       		.byte	0
 1627 0643 00       		.byte	0
 1628 0644 00       		.byte	0
 1629 0645 00       		.byte	0
 1630 0646 00       		.byte	0
 1631 0647 00       		.byte	0
 1632 0648 00       		.byte	0
 1633 0649 00       		.byte	0
 1634 064a 00       		.byte	0
 1635 064b 00       		.byte	0
 1636 064c 00       		.byte	0
 1637 064d 00       		.byte	0
 1638 064e 00       		.byte	0
 1639 064f 00       		.byte	0
 1640 0650 00       		.byte	0
 1641 0651 00       		.byte	0
 1642 0652 00       		.byte	0
 1643 0653 00       		.byte	0
 1644 0654 00       		.byte	0
 1645 0655 00       		.byte	0
 1646 0656 00       		.byte	0
 1647 0657 00       		.byte	0
 1648 0658 00       		.byte	0
 1649 0659 00       		.byte	0
 1650 065a 00       		.byte	0
 1651 065b 00       		.byte	0
 1652 065c 00       		.byte	0
 1653 065d 00       		.byte	0
ARM GAS  C:\Users\LUKASC~1\AppData\Local\Temp\ccoFoR6N.s 			page 30


 1654 065e 00       		.byte	0
 1655 065f 00       		.byte	0
 1656 0660 00       		.byte	0
 1657 0661 00       		.byte	0
 1658 0662 00       		.byte	0
 1659 0663 00       		.byte	0
 1660 0664 00       		.byte	0
 1661 0665 00       		.byte	0
 1662 0666 00       		.byte	0
 1663 0667 00       		.byte	0
 1664 0668 00       		.byte	0
 1665 0669 00       		.byte	0
 1666 066a 00       		.byte	0
 1667 066b 00       		.byte	0
 1668 066c 00       		.byte	0
 1669 066d 00       		.byte	0
 1670 066e 00       		.byte	0
 1671 066f 00       		.byte	0
 1672 0670 00       		.byte	0
 1673 0671 00       		.byte	0
 1674 0672 00       		.byte	0
 1675 0673 00       		.byte	0
 1676 0674 00       		.byte	0
 1677 0675 00       		.byte	0
 1678 0676 00       		.byte	0
 1679 0677 00       		.byte	0
 1680 0678 00       		.byte	0
 1681 0679 00       		.byte	0
 1682 067a 00       		.byte	0
 1683 067b 04       		.byte	4
 1684 067c 00       		.byte	0
 1685 067d 00       		.byte	0
 1686 067e 00       		.byte	0
 1687 067f 10       		.byte	16
 1688 0680 00       		.byte	0
 1689 0681 00       		.byte	0
 1690 0682 00       		.byte	0
 1691 0683 00       		.byte	0
 1692 0684 00       		.byte	0
 1693 0685 00       		.byte	0
 1694 0686 00       		.byte	0
 1695 0687 00       		.byte	0
 1696 0688 00       		.byte	0
 1697 0689 00       		.byte	0
 1698 068a 00       		.byte	0
 1699 068b 00       		.byte	0
 1700 068c 00       		.byte	0
 1701 068d 00       		.byte	0
 1702 068e 00       		.byte	0
 1703 068f 00       		.byte	0
 1704 0690 00       		.byte	0
 1705 0691 00       		.byte	0
 1706 0692 00       		.byte	0
 1707 0693 00       		.byte	0
 1708 0694 00       		.byte	0
 1709 0695 00       		.byte	0
 1710 0696 00       		.byte	0
ARM GAS  C:\Users\LUKASC~1\AppData\Local\Temp\ccoFoR6N.s 			page 31


 1711 0697 00       		.byte	0
 1712 0698 00       		.byte	0
 1713 0699 00       		.byte	0
 1714 069a 00       		.byte	0
 1715 069b 00       		.byte	0
 1716 069c 00       		.byte	0
 1717 069d 00       		.byte	0
 1718 069e 00       		.byte	0
 1719 069f 00       		.byte	0
 1720 06a0 00       		.byte	0
 1721 06a1 00       		.byte	0
 1722 06a2 00       		.byte	0
 1723 06a3 00       		.byte	0
 1724 06a4 00       		.byte	0
 1725 06a5 00       		.byte	0
 1726 06a6 00       		.byte	0
 1727 06a7 00       		.byte	0
 1728 06a8 00       		.byte	0
 1729 06a9 00       		.byte	0
 1730 06aa 00       		.byte	0
 1731 06ab 00       		.byte	0
 1732 06ac 00       		.byte	0
 1733 06ad 00       		.byte	0
 1734 06ae 00       		.byte	0
 1735 06af 00       		.byte	0
 1736 06b0 00       		.byte	0
 1737 06b1 00       		.byte	0
 1738 06b2 00       		.byte	0
 1739 06b3 00       		.byte	0
 1740 06b4 00       		.byte	0
 1741 06b5 00       		.byte	0
 1742 06b6 00       		.byte	0
 1743 06b7 00       		.byte	0
 1744 06b8 00       		.byte	0
 1745 06b9 00       		.byte	0
 1746 06ba 00       		.byte	0
 1747 06bb 00       		.byte	0
 1748 06bc 00       		.byte	0
 1749 06bd 00       		.byte	0
 1750 06be 00       		.byte	0
 1751 06bf 00       		.byte	0
 1752 06c0 00       		.byte	0
 1753 06c1 00       		.byte	0
 1754 06c2 00       		.byte	0
 1755 06c3 00       		.byte	0
 1756 06c4 00       		.byte	0
 1757 06c5 00       		.byte	0
 1758 06c6 00       		.byte	0
 1759 06c7 00       		.byte	0
 1760 06c8 00       		.byte	0
 1761 06c9 00       		.byte	0
 1762 06ca 00       		.byte	0
 1763 06cb 00       		.byte	0
 1764 06cc 00       		.byte	0
 1765 06cd 00       		.byte	0
 1766 06ce 00       		.byte	0
 1767 06cf 00       		.byte	0
ARM GAS  C:\Users\LUKASC~1\AppData\Local\Temp\ccoFoR6N.s 			page 32


 1768 06d0 00       		.byte	0
 1769 06d1 00       		.byte	0
 1770 06d2 00       		.byte	0
 1771 06d3 00       		.byte	0
 1772 06d4 00       		.byte	0
 1773 06d5 00       		.byte	0
 1774 06d6 00       		.byte	0
 1775 06d7 00       		.byte	0
 1776 06d8 00       		.byte	0
 1777 06d9 00       		.byte	0
 1778 06da 00       		.byte	0
 1779 06db 00       		.byte	0
 1780 06dc 00       		.byte	0
 1781 06dd 00       		.byte	0
 1782 06de 00       		.byte	0
 1783 06df 00       		.byte	0
 1784 06e0 00       		.byte	0
 1785 06e1 00       		.byte	0
 1786 06e2 00       		.byte	0
 1787 06e3 00       		.byte	0
 1788 06e4 00       		.byte	0
 1789 06e5 00       		.byte	0
 1790 06e6 00       		.byte	0
 1791 06e7 00       		.byte	0
 1792 06e8 00       		.byte	0
 1793 06e9 00       		.byte	0
 1794 06ea 00       		.byte	0
 1795 06eb 00       		.byte	0
 1796 06ec 00       		.byte	0
 1797 06ed 00       		.byte	0
 1798 06ee 00       		.byte	0
 1799 06ef 00       		.byte	0
 1800 06f0 00       		.byte	0
 1801 06f1 00       		.byte	0
 1802 06f2 00       		.byte	0
 1803 06f3 00       		.byte	0
 1804 06f4 00       		.byte	0
 1805 06f5 00       		.byte	0
 1806 06f6 00       		.byte	0
 1807 06f7 00       		.byte	0
 1808 06f8 00       		.byte	0
 1809 06f9 00       		.byte	0
 1810 06fa 00       		.byte	0
 1811 06fb 00       		.byte	0
 1812 06fc 00       		.byte	0
 1813 06fd 00       		.byte	0
 1814 06fe 00       		.byte	0
 1815 06ff 00       		.byte	0
 1816 0700 00       		.byte	0
 1817 0701 00       		.byte	0
 1818 0702 00       		.byte	0
 1819 0703 00       		.byte	0
 1820 0704 00       		.byte	0
 1821 0705 00       		.byte	0
 1822 0706 00       		.byte	0
 1823 0707 00       		.byte	0
 1824 0708 00       		.byte	0
ARM GAS  C:\Users\LUKASC~1\AppData\Local\Temp\ccoFoR6N.s 			page 33


 1825 0709 00       		.byte	0
 1826 070a 00       		.byte	0
 1827 070b 00       		.byte	0
 1828 070c 00       		.byte	0
 1829 070d 00       		.byte	0
 1830 070e 60       		.byte	96
 1831 070f 00       		.byte	0
 1832 0710 00       		.byte	0
 1833 0711 00       		.byte	0
 1834 0712 00       		.byte	0
 1835 0713 00       		.byte	0
 1836 0714 00       		.byte	0
 1837 0715 00       		.byte	0
 1838 0716 00       		.byte	0
 1839 0717 00       		.byte	0
 1840 0718 00       		.byte	0
 1841 0719 00       		.byte	0
 1842 071a 00       		.byte	0
 1843 071b 00       		.byte	0
 1844 071c 00       		.byte	0
 1845 071d 00       		.byte	0
 1846 071e 00       		.byte	0
 1847 071f 00       		.byte	0
 1848 0720 00       		.byte	0
 1849 0721 00       		.byte	0
 1850 0722 00       		.byte	0
 1851 0723 00       		.byte	0
 1852 0724 00       		.byte	0
 1853 0725 00       		.byte	0
 1854 0726 00       		.byte	0
 1855 0727 00       		.byte	0
 1856 0728 00       		.byte	0
 1857 0729 00       		.byte	0
 1858 072a 00       		.byte	0
 1859 072b 00       		.byte	0
 1860 072c 00       		.byte	0
 1861 072d 00       		.byte	0
 1862 072e 00       		.byte	0
 1863 072f 00       		.byte	0
 1864 0730 00       		.byte	0
 1865 0731 00       		.byte	0
 1866 0732 00       		.byte	0
 1867 0733 00       		.byte	0
 1868 0734 00       		.byte	0
 1869 0735 00       		.byte	0
 1870 0736 00       		.byte	0
 1871 0737 00       		.byte	0
 1872 0738 00       		.byte	0
 1873 0739 00       		.byte	0
 1874 073a 00       		.byte	0
 1875 073b 00       		.byte	0
 1876 073c 00       		.byte	0
 1877 073d 00       		.byte	0
 1878 073e 00       		.byte	0
 1879 073f 00       		.byte	0
 1880 0740 01       		.byte	1
 1881 0741 0E       		.byte	14
ARM GAS  C:\Users\LUKASC~1\AppData\Local\Temp\ccoFoR6N.s 			page 34


 1882 0742 0E       		.byte	14
 1883 0743 00       		.byte	0
 1884 0744 0E       		.byte	14
 1885 0745 00       		.byte	0
 1886 0746 00       		.byte	0
 1887 0747 00       		.byte	0
 1888 0748 00       		.byte	0
 1889 0749 7F       		.byte	127
 1890 074a 7F       		.byte	127
 1891 074b 00       		.byte	0
 1892 074c 00       		.byte	0
 1893 074d 00       		.byte	0
 1894 074e 00       		.byte	0
 1895 074f 00       		.byte	0
 1896              		.global	cy_meta_custnvl
 1897              		.section	.cycustnvl,"a",%progbits
 1898              		.align	2
 1899              		.type	cy_meta_custnvl, %object
 1900              		.size	cy_meta_custnvl, 4
 1901              	cy_meta_custnvl:
 1902 0000 00       		.byte	0
 1903 0001 00       		.byte	0
 1904 0002 40       		.byte	64
 1905 0003 04       		.byte	4
 1906              		.global	cy_meta_wonvl
 1907              		.section	.cywolatch,"a",%progbits
 1908              		.align	2
 1909              		.type	cy_meta_wonvl, %object
 1910              		.size	cy_meta_wonvl, 4
 1911              	cy_meta_wonvl:
 1912 0000 BC       		.byte	-68
 1913 0001 90       		.byte	-112
 1914 0002 AC       		.byte	-84
 1915 0003 AF       		.byte	-81
 1916              		.global	cy_meta_flashprotect
 1917              		.section	.cyflashprotect,"a",%progbits
 1918              		.align	2
 1919              		.type	cy_meta_flashprotect, %object
 1920              		.size	cy_meta_flashprotect, 256
 1921              	cy_meta_flashprotect:
 1922 0000 00000000 		.space	256
 1922      00000000 
 1922      00000000 
 1922      00000000 
 1922      00000000 
 1923              		.global	cy_metadata
 1924              		.section	.cymeta,"a",%progbits
 1925              		.align	2
 1926              		.type	cy_metadata, %object
 1927              		.size	cy_metadata, 12
 1928              	cy_metadata:
 1929 0000 00       		.byte	0
 1930 0001 01       		.byte	1
 1931 0002 2E       		.byte	46
 1932 0003 16       		.byte	22
 1933 0004 10       		.byte	16
 1934 0005 69       		.byte	105
ARM GAS  C:\Users\LUKASC~1\AppData\Local\Temp\ccoFoR6N.s 			page 35


 1935 0006 00       		.byte	0
 1936 0007 01       		.byte	1
 1937 0008 00       		.byte	0
 1938 0009 00       		.byte	0
 1939 000a 00       		.byte	0
 1940 000b 00       		.byte	0
 1941              		.text
 1942              	.Letext0:
 1943              		.file 1 ".\\Generated_Source\\PSoC5\\cymetadata.c"
 1944              		.file 2 ".\\Generated_Source\\PSoC5\\cytypes.h"
 1945              		.section	.debug_info,"",%progbits
 1946              	.Ldebug_info0:
 1947 0000 3B010000 		.4byte	0x13b
 1948 0004 0400     		.2byte	0x4
 1949 0006 00000000 		.4byte	.Ldebug_abbrev0
 1950 000a 04       		.byte	0x4
 1951 000b 01       		.uleb128 0x1
 1952 000c 00000000 		.4byte	.LASF18
 1953 0010 01       		.byte	0x1
 1954 0011 8E000000 		.4byte	.LASF19
 1955 0015 95010000 		.4byte	.LASF20
 1956 0019 00000000 		.4byte	.Ldebug_line0
 1957 001d 02       		.uleb128 0x2
 1958 001e 01       		.byte	0x1
 1959 001f 06       		.byte	0x6
 1960 0020 EE010000 		.4byte	.LASF0
 1961 0024 02       		.uleb128 0x2
 1962 0025 01       		.byte	0x1
 1963 0026 08       		.byte	0x8
 1964 0027 C6000000 		.4byte	.LASF1
 1965 002b 02       		.uleb128 0x2
 1966 002c 02       		.byte	0x2
 1967 002d 05       		.byte	0x5
 1968 002e 85010000 		.4byte	.LASF2
 1969 0032 02       		.uleb128 0x2
 1970 0033 02       		.byte	0x2
 1971 0034 07       		.byte	0x7
 1972 0035 E6000000 		.4byte	.LASF3
 1973 0039 02       		.uleb128 0x2
 1974 003a 04       		.byte	0x4
 1975 003b 05       		.byte	0x5
 1976 003c E5010000 		.4byte	.LASF4
 1977 0040 02       		.uleb128 0x2
 1978 0041 04       		.byte	0x4
 1979 0042 07       		.byte	0x7
 1980 0043 D4000000 		.4byte	.LASF5
 1981 0047 02       		.uleb128 0x2
 1982 0048 08       		.byte	0x8
 1983 0049 05       		.byte	0x5
 1984 004a 72010000 		.4byte	.LASF6
 1985 004e 02       		.uleb128 0x2
 1986 004f 08       		.byte	0x8
 1987 0050 07       		.byte	0x7
 1988 0051 2F010000 		.4byte	.LASF7
 1989 0055 03       		.uleb128 0x3
 1990 0056 04       		.byte	0x4
 1991 0057 05       		.byte	0x5
ARM GAS  C:\Users\LUKASC~1\AppData\Local\Temp\ccoFoR6N.s 			page 36


 1992 0058 696E7400 		.ascii	"int\000"
 1993 005c 02       		.uleb128 0x2
 1994 005d 04       		.byte	0x4
 1995 005e 07       		.byte	0x7
 1996 005f 22010000 		.4byte	.LASF8
 1997 0063 04       		.uleb128 0x4
 1998 0064 8F010000 		.4byte	.LASF21
 1999 0068 02       		.byte	0x2
 2000 0069 3801     		.2byte	0x138
 2001 006b 24000000 		.4byte	0x24
 2002 006f 02       		.uleb128 0x2
 2003 0070 04       		.byte	0x4
 2004 0071 04       		.byte	0x4
 2005 0072 C0000000 		.4byte	.LASF9
 2006 0076 02       		.uleb128 0x2
 2007 0077 08       		.byte	0x8
 2008 0078 04       		.byte	0x4
 2009 0079 F9000000 		.4byte	.LASF10
 2010 007d 02       		.uleb128 0x2
 2011 007e 01       		.byte	0x1
 2012 007f 08       		.byte	0x8
 2013 0080 80010000 		.4byte	.LASF11
 2014 0084 05       		.uleb128 0x5
 2015 0085 63000000 		.4byte	0x63
 2016 0089 95000000 		.4byte	0x95
 2017 008d 06       		.uleb128 0x6
 2018 008e 95000000 		.4byte	0x95
 2019 0092 4F07     		.2byte	0x74f
 2020 0094 00       		.byte	0
 2021 0095 02       		.uleb128 0x2
 2022 0096 04       		.byte	0x4
 2023 0097 07       		.byte	0x7
 2024 0098 69010000 		.4byte	.LASF12
 2025 009c 07       		.uleb128 0x7
 2026 009d 10010000 		.4byte	.LASF13
 2027 00a1 01       		.byte	0x1
 2028 00a2 1F       		.byte	0x1f
 2029 00a3 AD000000 		.4byte	0xad
 2030 00a7 05       		.uleb128 0x5
 2031 00a8 03       		.byte	0x3
 2032 00a9 00000000 		.4byte	cy_meta_configecc
 2033 00ad 08       		.uleb128 0x8
 2034 00ae 84000000 		.4byte	0x84
 2035 00b2 05       		.uleb128 0x5
 2036 00b3 63000000 		.4byte	0x63
 2037 00b7 C2000000 		.4byte	0xc2
 2038 00bb 09       		.uleb128 0x9
 2039 00bc 95000000 		.4byte	0x95
 2040 00c0 03       		.byte	0x3
 2041 00c1 00       		.byte	0
 2042 00c2 0A       		.uleb128 0xa
 2043 00c3 00010000 		.4byte	.LASF14
 2044 00c7 01       		.byte	0x1
 2045 00c8 1601     		.2byte	0x116
 2046 00ca D4000000 		.4byte	0xd4
 2047 00ce 05       		.uleb128 0x5
 2048 00cf 03       		.byte	0x3
ARM GAS  C:\Users\LUKASC~1\AppData\Local\Temp\ccoFoR6N.s 			page 37


 2049 00d0 00000000 		.4byte	cy_meta_custnvl
 2050 00d4 08       		.uleb128 0x8
 2051 00d5 B2000000 		.4byte	0xb2
 2052 00d9 0A       		.uleb128 0xa
 2053 00da 5B010000 		.4byte	.LASF15
 2054 00de 01       		.byte	0x1
 2055 00df 2401     		.2byte	0x124
 2056 00e1 EB000000 		.4byte	0xeb
 2057 00e5 05       		.uleb128 0x5
 2058 00e6 03       		.byte	0x3
 2059 00e7 00000000 		.4byte	cy_meta_wonvl
 2060 00eb 08       		.uleb128 0x8
 2061 00ec B2000000 		.4byte	0xb2
 2062 00f0 05       		.uleb128 0x5
 2063 00f1 63000000 		.4byte	0x63
 2064 00f5 00010000 		.4byte	0x100
 2065 00f9 09       		.uleb128 0x9
 2066 00fa 95000000 		.4byte	0x95
 2067 00fe FF       		.byte	0xff
 2068 00ff 00       		.byte	0
 2069 0100 0A       		.uleb128 0xa
 2070 0101 46010000 		.4byte	.LASF16
 2071 0105 01       		.byte	0x1
 2072 0106 3201     		.2byte	0x132
 2073 0108 12010000 		.4byte	0x112
 2074 010c 05       		.uleb128 0x5
 2075 010d 03       		.byte	0x3
 2076 010e 00000000 		.4byte	cy_meta_flashprotect
 2077 0112 08       		.uleb128 0x8
 2078 0113 F0000000 		.4byte	0xf0
 2079 0117 05       		.uleb128 0x5
 2080 0118 63000000 		.4byte	0x63
 2081 011c 27010000 		.4byte	0x127
 2082 0120 09       		.uleb128 0x9
 2083 0121 95000000 		.4byte	0x95
 2084 0125 0B       		.byte	0xb
 2085 0126 00       		.byte	0
 2086 0127 0A       		.uleb128 0xa
 2087 0128 B4000000 		.4byte	.LASF17
 2088 012c 01       		.byte	0x1
 2089 012d 5F01     		.2byte	0x15f
 2090 012f 39010000 		.4byte	0x139
 2091 0133 05       		.uleb128 0x5
 2092 0134 03       		.byte	0x3
 2093 0135 00000000 		.4byte	cy_metadata
 2094 0139 08       		.uleb128 0x8
 2095 013a 17010000 		.4byte	0x117
 2096 013e 00       		.byte	0
 2097              		.section	.debug_abbrev,"",%progbits
 2098              	.Ldebug_abbrev0:
 2099 0000 01       		.uleb128 0x1
 2100 0001 11       		.uleb128 0x11
 2101 0002 01       		.byte	0x1
 2102 0003 25       		.uleb128 0x25
 2103 0004 0E       		.uleb128 0xe
 2104 0005 13       		.uleb128 0x13
 2105 0006 0B       		.uleb128 0xb
ARM GAS  C:\Users\LUKASC~1\AppData\Local\Temp\ccoFoR6N.s 			page 38


 2106 0007 03       		.uleb128 0x3
 2107 0008 0E       		.uleb128 0xe
 2108 0009 1B       		.uleb128 0x1b
 2109 000a 0E       		.uleb128 0xe
 2110 000b 10       		.uleb128 0x10
 2111 000c 17       		.uleb128 0x17
 2112 000d 00       		.byte	0
 2113 000e 00       		.byte	0
 2114 000f 02       		.uleb128 0x2
 2115 0010 24       		.uleb128 0x24
 2116 0011 00       		.byte	0
 2117 0012 0B       		.uleb128 0xb
 2118 0013 0B       		.uleb128 0xb
 2119 0014 3E       		.uleb128 0x3e
 2120 0015 0B       		.uleb128 0xb
 2121 0016 03       		.uleb128 0x3
 2122 0017 0E       		.uleb128 0xe
 2123 0018 00       		.byte	0
 2124 0019 00       		.byte	0
 2125 001a 03       		.uleb128 0x3
 2126 001b 24       		.uleb128 0x24
 2127 001c 00       		.byte	0
 2128 001d 0B       		.uleb128 0xb
 2129 001e 0B       		.uleb128 0xb
 2130 001f 3E       		.uleb128 0x3e
 2131 0020 0B       		.uleb128 0xb
 2132 0021 03       		.uleb128 0x3
 2133 0022 08       		.uleb128 0x8
 2134 0023 00       		.byte	0
 2135 0024 00       		.byte	0
 2136 0025 04       		.uleb128 0x4
 2137 0026 16       		.uleb128 0x16
 2138 0027 00       		.byte	0
 2139 0028 03       		.uleb128 0x3
 2140 0029 0E       		.uleb128 0xe
 2141 002a 3A       		.uleb128 0x3a
 2142 002b 0B       		.uleb128 0xb
 2143 002c 3B       		.uleb128 0x3b
 2144 002d 05       		.uleb128 0x5
 2145 002e 49       		.uleb128 0x49
 2146 002f 13       		.uleb128 0x13
 2147 0030 00       		.byte	0
 2148 0031 00       		.byte	0
 2149 0032 05       		.uleb128 0x5
 2150 0033 01       		.uleb128 0x1
 2151 0034 01       		.byte	0x1
 2152 0035 49       		.uleb128 0x49
 2153 0036 13       		.uleb128 0x13
 2154 0037 01       		.uleb128 0x1
 2155 0038 13       		.uleb128 0x13
 2156 0039 00       		.byte	0
 2157 003a 00       		.byte	0
 2158 003b 06       		.uleb128 0x6
 2159 003c 21       		.uleb128 0x21
 2160 003d 00       		.byte	0
 2161 003e 49       		.uleb128 0x49
 2162 003f 13       		.uleb128 0x13
ARM GAS  C:\Users\LUKASC~1\AppData\Local\Temp\ccoFoR6N.s 			page 39


 2163 0040 2F       		.uleb128 0x2f
 2164 0041 05       		.uleb128 0x5
 2165 0042 00       		.byte	0
 2166 0043 00       		.byte	0
 2167 0044 07       		.uleb128 0x7
 2168 0045 34       		.uleb128 0x34
 2169 0046 00       		.byte	0
 2170 0047 03       		.uleb128 0x3
 2171 0048 0E       		.uleb128 0xe
 2172 0049 3A       		.uleb128 0x3a
 2173 004a 0B       		.uleb128 0xb
 2174 004b 3B       		.uleb128 0x3b
 2175 004c 0B       		.uleb128 0xb
 2176 004d 49       		.uleb128 0x49
 2177 004e 13       		.uleb128 0x13
 2178 004f 3F       		.uleb128 0x3f
 2179 0050 19       		.uleb128 0x19
 2180 0051 02       		.uleb128 0x2
 2181 0052 18       		.uleb128 0x18
 2182 0053 00       		.byte	0
 2183 0054 00       		.byte	0
 2184 0055 08       		.uleb128 0x8
 2185 0056 26       		.uleb128 0x26
 2186 0057 00       		.byte	0
 2187 0058 49       		.uleb128 0x49
 2188 0059 13       		.uleb128 0x13
 2189 005a 00       		.byte	0
 2190 005b 00       		.byte	0
 2191 005c 09       		.uleb128 0x9
 2192 005d 21       		.uleb128 0x21
 2193 005e 00       		.byte	0
 2194 005f 49       		.uleb128 0x49
 2195 0060 13       		.uleb128 0x13
 2196 0061 2F       		.uleb128 0x2f
 2197 0062 0B       		.uleb128 0xb
 2198 0063 00       		.byte	0
 2199 0064 00       		.byte	0
 2200 0065 0A       		.uleb128 0xa
 2201 0066 34       		.uleb128 0x34
 2202 0067 00       		.byte	0
 2203 0068 03       		.uleb128 0x3
 2204 0069 0E       		.uleb128 0xe
 2205 006a 3A       		.uleb128 0x3a
 2206 006b 0B       		.uleb128 0xb
 2207 006c 3B       		.uleb128 0x3b
 2208 006d 05       		.uleb128 0x5
 2209 006e 49       		.uleb128 0x49
 2210 006f 13       		.uleb128 0x13
 2211 0070 3F       		.uleb128 0x3f
 2212 0071 19       		.uleb128 0x19
 2213 0072 02       		.uleb128 0x2
 2214 0073 18       		.uleb128 0x18
 2215 0074 00       		.byte	0
 2216 0075 00       		.byte	0
 2217 0076 00       		.byte	0
 2218              		.section	.debug_aranges,"",%progbits
 2219 0000 14000000 		.4byte	0x14
ARM GAS  C:\Users\LUKASC~1\AppData\Local\Temp\ccoFoR6N.s 			page 40


 2220 0004 0200     		.2byte	0x2
 2221 0006 00000000 		.4byte	.Ldebug_info0
 2222 000a 04       		.byte	0x4
 2223 000b 00       		.byte	0
 2224 000c 0000     		.2byte	0
 2225 000e 0000     		.2byte	0
 2226 0010 00000000 		.4byte	0
 2227 0014 00000000 		.4byte	0
 2228              		.section	.debug_line,"",%progbits
 2229              	.Ldebug_line0:
 2230 0000 4F000000 		.section	.debug_str,"MS",%progbits,1
 2230      02004900 
 2230      00000201 
 2230      FB0E0D00 
 2230      01010101 
 2231              	.LASF18:
 2232 0000 474E5520 		.ascii	"GNU C 4.9.3 20150303 (release) [ARM/embedded-4_9-br"
 2232      4320342E 
 2232      392E3320 
 2232      32303135 
 2232      30333033 
 2233 0033 616E6368 		.ascii	"anch revision 221220] -mcpu=cortex-m3 -mthumb -g -O"
 2233      20726576 
 2233      6973696F 
 2233      6E203232 
 2233      31323230 
 2234 0066 30202D66 		.ascii	"0 -ffunction-sections -ffat-lto-objects\000"
 2234      66756E63 
 2234      74696F6E 
 2234      2D736563 
 2234      74696F6E 
 2235              	.LASF19:
 2236 008e 2E5C4765 		.ascii	".\\Generated_Source\\PSoC5\\cymetadata.c\000"
 2236      6E657261 
 2236      7465645F 
 2236      536F7572 
 2236      63655C50 
 2237              	.LASF17:
 2238 00b4 63795F6D 		.ascii	"cy_metadata\000"
 2238      65746164 
 2238      61746100 
 2239              	.LASF9:
 2240 00c0 666C6F61 		.ascii	"float\000"
 2240      7400
 2241              	.LASF1:
 2242 00c6 756E7369 		.ascii	"unsigned char\000"
 2242      676E6564 
 2242      20636861 
 2242      7200
 2243              	.LASF5:
 2244 00d4 6C6F6E67 		.ascii	"long unsigned int\000"
 2244      20756E73 
 2244      69676E65 
 2244      6420696E 
 2244      7400
 2245              	.LASF3:
 2246 00e6 73686F72 		.ascii	"short unsigned int\000"
ARM GAS  C:\Users\LUKASC~1\AppData\Local\Temp\ccoFoR6N.s 			page 41


 2246      7420756E 
 2246      7369676E 
 2246      65642069 
 2246      6E7400
 2247              	.LASF10:
 2248 00f9 646F7562 		.ascii	"double\000"
 2248      6C6500
 2249              	.LASF14:
 2250 0100 63795F6D 		.ascii	"cy_meta_custnvl\000"
 2250      6574615F 
 2250      63757374 
 2250      6E766C00 
 2251              	.LASF13:
 2252 0110 63795F6D 		.ascii	"cy_meta_configecc\000"
 2252      6574615F 
 2252      636F6E66 
 2252      69676563 
 2252      6300
 2253              	.LASF8:
 2254 0122 756E7369 		.ascii	"unsigned int\000"
 2254      676E6564 
 2254      20696E74 
 2254      00
 2255              	.LASF7:
 2256 012f 6C6F6E67 		.ascii	"long long unsigned int\000"
 2256      206C6F6E 
 2256      6720756E 
 2256      7369676E 
 2256      65642069 
 2257              	.LASF16:
 2258 0146 63795F6D 		.ascii	"cy_meta_flashprotect\000"
 2258      6574615F 
 2258      666C6173 
 2258      6870726F 
 2258      74656374 
 2259              	.LASF15:
 2260 015b 63795F6D 		.ascii	"cy_meta_wonvl\000"
 2260      6574615F 
 2260      776F6E76 
 2260      6C00
 2261              	.LASF12:
 2262 0169 73697A65 		.ascii	"sizetype\000"
 2262      74797065 
 2262      00
 2263              	.LASF6:
 2264 0172 6C6F6E67 		.ascii	"long long int\000"
 2264      206C6F6E 
 2264      6720696E 
 2264      7400
 2265              	.LASF11:
 2266 0180 63686172 		.ascii	"char\000"
 2266      00
 2267              	.LASF2:
 2268 0185 73686F72 		.ascii	"short int\000"
 2268      7420696E 
 2268      7400
 2269              	.LASF21:
ARM GAS  C:\Users\LUKASC~1\AppData\Local\Temp\ccoFoR6N.s 			page 42


 2270 018f 75696E74 		.ascii	"uint8\000"
 2270      3800
 2271              	.LASF20:
 2272 0195 433A5C55 		.ascii	"C:\\Users\\Lukas Creutzburg\\Documents\\GitHub\\fre"
 2272      73657273 
 2272      5C4C756B 
 2272      61732043 
 2272      72657574 
 2273 01c3 65445350 		.ascii	"eDSPPSoC-I2C\\SPIM_Example01.cydsn\000"
 2273      50536F43 
 2273      2D493243 
 2273      5C535049 
 2273      4D5F4578 
 2274              	.LASF4:
 2275 01e5 6C6F6E67 		.ascii	"long int\000"
 2275      20696E74 
 2275      00
 2276              	.LASF0:
 2277 01ee 7369676E 		.ascii	"signed char\000"
 2277      65642063 
 2277      68617200 
 2278              		.ident	"GCC: (GNU Tools for ARM Embedded Processors) 4.9.3 20150303 (release) [ARM/embedded-4_9-br
