ARM GAS  C:\Users\LUKASC~1\AppData\Local\Temp\ccEPO9Gu.s 			page 1


   1              		.syntax unified
   2              		.cpu cortex-m3
   3              		.fpu softvfp
   4              		.eabi_attribute 20, 1
   5              		.eabi_attribute 21, 1
   6              		.eabi_attribute 23, 3
   7              		.eabi_attribute 24, 1
   8              		.eabi_attribute 25, 1
   9              		.eabi_attribute 26, 1
  10              		.eabi_attribute 30, 6
  11              		.eabi_attribute 34, 1
  12              		.eabi_attribute 18, 4
  13              		.thumb
  14              		.file	"CapSense_1_MBX.c"
  15              		.text
  16              	.Ltext0:
  17              		.cfi_sections	.debug_frame
  18              		.section	.text.CapSense_1_InitParams,"ax",%progbits
  19              		.align	2
  20              		.thumb
  21              		.thumb_func
  22              		.type	CapSense_1_InitParams, %function
  23              	CapSense_1_InitParams:
  24              	.LFB0:
  25              		.file 1 ".\\Generated_Source\\PSoC5\\CapSense_1_MBX.c"
   1:.\Generated_Source\PSoC5/CapSense_1_MBX.c **** /*******************************************************************************
   2:.\Generated_Source\PSoC5/CapSense_1_MBX.c **** * File Name: CapSense_1_MBX.c
   3:.\Generated_Source\PSoC5/CapSense_1_MBX.c **** * Version 3.40
   4:.\Generated_Source\PSoC5/CapSense_1_MBX.c **** *
   5:.\Generated_Source\PSoC5/CapSense_1_MBX.c **** * Description:
   6:.\Generated_Source\PSoC5/CapSense_1_MBX.c **** *  This file provides the source code of Tuner communication APIs for the 
   7:.\Generated_Source\PSoC5/CapSense_1_MBX.c **** *  CapSense CSD component.
   8:.\Generated_Source\PSoC5/CapSense_1_MBX.c **** *
   9:.\Generated_Source\PSoC5/CapSense_1_MBX.c **** * Note:
  10:.\Generated_Source\PSoC5/CapSense_1_MBX.c **** *
  11:.\Generated_Source\PSoC5/CapSense_1_MBX.c **** ********************************************************************************
  12:.\Generated_Source\PSoC5/CapSense_1_MBX.c **** * Copyright 2008-2013, Cypress Semiconductor Corporation.  All rights reserved.
  13:.\Generated_Source\PSoC5/CapSense_1_MBX.c **** * You may use this file only in accordance with the license, terms, conditions,
  14:.\Generated_Source\PSoC5/CapSense_1_MBX.c **** * disclaimers, and limitations in the end user license agreement accompanying
  15:.\Generated_Source\PSoC5/CapSense_1_MBX.c **** * the software package with which this file was provided.
  16:.\Generated_Source\PSoC5/CapSense_1_MBX.c **** *******************************************************************************/
  17:.\Generated_Source\PSoC5/CapSense_1_MBX.c **** 
  18:.\Generated_Source\PSoC5/CapSense_1_MBX.c **** #include "CapSense_1_MBX.h"
  19:.\Generated_Source\PSoC5/CapSense_1_MBX.c **** 
  20:.\Generated_Source\PSoC5/CapSense_1_MBX.c **** #if (CapSense_1_TUNING_METHOD == CapSense_1_MANUAL_TUNING)
  21:.\Generated_Source\PSoC5/CapSense_1_MBX.c ****     
  22:.\Generated_Source\PSoC5/CapSense_1_MBX.c **** CapSense_1_NO_STRICT_VOLATILE static void CapSense_1_InitParams(volatile const CapSense_1_INBOX *in
  23:.\Generated_Source\PSoC5/CapSense_1_MBX.c ****                                         ;
  24:.\Generated_Source\PSoC5/CapSense_1_MBX.c ****     
  25:.\Generated_Source\PSoC5/CapSense_1_MBX.c ****                                         
  26:.\Generated_Source\PSoC5/CapSense_1_MBX.c ****     /*******************************************************************************
  27:.\Generated_Source\PSoC5/CapSense_1_MBX.c ****     * Function Name: CapSense_1_InitParams
  28:.\Generated_Source\PSoC5/CapSense_1_MBX.c ****     ********************************************************************************
  29:.\Generated_Source\PSoC5/CapSense_1_MBX.c ****     *
  30:.\Generated_Source\PSoC5/CapSense_1_MBX.c ****     * Summary:
  31:.\Generated_Source\PSoC5/CapSense_1_MBX.c ****     *  Configures component parameters to match the parameters in the inbox.
  32:.\Generated_Source\PSoC5/CapSense_1_MBX.c ****     *  Used only in manual tuning mode to apply new scanning parameters from Tuner 
ARM GAS  C:\Users\LUKASC~1\AppData\Local\Temp\ccEPO9Gu.s 			page 2


  33:.\Generated_Source\PSoC5/CapSense_1_MBX.c ****     *  GUI.
  34:.\Generated_Source\PSoC5/CapSense_1_MBX.c ****     *
  35:.\Generated_Source\PSoC5/CapSense_1_MBX.c ****     * Parameters:
  36:.\Generated_Source\PSoC5/CapSense_1_MBX.c ****     *  inbox:  Pointer to Inbox structure in RAM.
  37:.\Generated_Source\PSoC5/CapSense_1_MBX.c ****     *
  38:.\Generated_Source\PSoC5/CapSense_1_MBX.c ****     * Return:
  39:.\Generated_Source\PSoC5/CapSense_1_MBX.c ****     *  None. Contents of the structure are not modified.
  40:.\Generated_Source\PSoC5/CapSense_1_MBX.c ****     * 
  41:.\Generated_Source\PSoC5/CapSense_1_MBX.c ****     * Side Effects: 
  42:.\Generated_Source\PSoC5/CapSense_1_MBX.c ****     *  Resets baseline values.
  43:.\Generated_Source\PSoC5/CapSense_1_MBX.c ****     *
  44:.\Generated_Source\PSoC5/CapSense_1_MBX.c ****     * Global Variables:
  45:.\Generated_Source\PSoC5/CapSense_1_MBX.c ****     *  CapSense_1_idacSettings[] - used to store idac value for all sensors.
  46:.\Generated_Source\PSoC5/CapSense_1_MBX.c ****     *  CapSense_1_fingerThreshold[] - used to store finger threshold for all 
  47:.\Generated_Source\PSoC5/CapSense_1_MBX.c ****     *  widgets.
  48:.\Generated_Source\PSoC5/CapSense_1_MBX.c ****     *  CapSense_1_noiseThreshold[] - used to sotre noise threshold for all 
  49:.\Generated_Source\PSoC5/CapSense_1_MBX.c ****     *  widgets.
  50:.\Generated_Source\PSoC5/CapSense_1_MBX.c ****     *  CapSense_1_hysteresis[] - used to store finger threshold for all 
  51:.\Generated_Source\PSoC5/CapSense_1_MBX.c ****     *  widgets.
  52:.\Generated_Source\PSoC5/CapSense_1_MBX.c ****     *  CapSense_1_debounce[] - used to store finger threshold for all 
  53:.\Generated_Source\PSoC5/CapSense_1_MBX.c ****     *  widgets.
  54:.\Generated_Source\PSoC5/CapSense_1_MBX.c ****     *  CapSense_1_INBOX inbox - structure which is used as input buffer
  55:.\Generated_Source\PSoC5/CapSense_1_MBX.c ****     *  for parameters from Tuner GUI. Only used in manual tuning mode.
  56:.\Generated_Source\PSoC5/CapSense_1_MBX.c ****     *
  57:.\Generated_Source\PSoC5/CapSense_1_MBX.c ****     * Reentrant:
  58:.\Generated_Source\PSoC5/CapSense_1_MBX.c ****     *  No
  59:.\Generated_Source\PSoC5/CapSense_1_MBX.c ****     *
  60:.\Generated_Source\PSoC5/CapSense_1_MBX.c ****     *******************************************************************************/
  61:.\Generated_Source\PSoC5/CapSense_1_MBX.c ****     static void CapSense_1_InitParams(volatile const CapSense_1_INBOX *inbox)
  62:.\Generated_Source\PSoC5/CapSense_1_MBX.c **** 	                                        
  63:.\Generated_Source\PSoC5/CapSense_1_MBX.c ****     {
  26              		.loc 1 63 0
  27              		.cfi_startproc
  28              		@ args = 0, pretend = 0, frame = 16
  29              		@ frame_needed = 1, uses_anonymous_args = 0
  30 0000 80B5     		push	{r7, lr}
  31              		.cfi_def_cfa_offset 8
  32              		.cfi_offset 7, -8
  33              		.cfi_offset 14, -4
  34 0002 84B0     		sub	sp, sp, #16
  35              		.cfi_def_cfa_offset 24
  36 0004 00AF     		add	r7, sp, #0
  37              		.cfi_def_cfa_register 7
  38 0006 7860     		str	r0, [r7, #4]
  64:.\Generated_Source\PSoC5/CapSense_1_MBX.c ****         /* Define widget sensor belongs to */
  65:.\Generated_Source\PSoC5/CapSense_1_MBX.c ****         uint8 sensor = inbox->sensorIndex;
  39              		.loc 1 65 0
  40 0008 7B68     		ldr	r3, [r7, #4]
  41 000a 1B78     		ldrb	r3, [r3]
  42 000c FB73     		strb	r3, [r7, #15]
  66:.\Generated_Source\PSoC5/CapSense_1_MBX.c ****         uint8 widget = CapSense_1_widgetNumber[sensor];
  43              		.loc 1 66 0
  44 000e FB7B     		ldrb	r3, [r7, #15]	@ zero_extendqisi2
  45 0010 304A     		ldr	r2, .L2
  46 0012 D35C     		ldrb	r3, [r2, r3]
  47 0014 BB73     		strb	r3, [r7, #14]
  67:.\Generated_Source\PSoC5/CapSense_1_MBX.c ****         uint16 tmpValue;
ARM GAS  C:\Users\LUKASC~1\AppData\Local\Temp\ccEPO9Gu.s 			page 3


  68:.\Generated_Source\PSoC5/CapSense_1_MBX.c ****         
  69:.\Generated_Source\PSoC5/CapSense_1_MBX.c ****         /* Scanning parameters */
  70:.\Generated_Source\PSoC5/CapSense_1_MBX.c ****         #if (CapSense_1_CURRENT_SOURCE)
  71:.\Generated_Source\PSoC5/CapSense_1_MBX.c ****             CapSense_1_idacSettings[sensor] = inbox->idacSettings;
  48              		.loc 1 71 0
  49 0016 FB7B     		ldrb	r3, [r7, #15]	@ zero_extendqisi2
  50 0018 7A68     		ldr	r2, [r7, #4]
  51 001a 5278     		ldrb	r2, [r2, #1]
  52 001c D1B2     		uxtb	r1, r2
  53 001e 2E4A     		ldr	r2, .L2+4
  54 0020 D154     		strb	r1, [r2, r3]
  72:.\Generated_Source\PSoC5/CapSense_1_MBX.c ****         #endif /* CapSense_1_CURRENT_SOURCE */   
  73:.\Generated_Source\PSoC5/CapSense_1_MBX.c ****         CapSense_1_widgetResolution[widget] = inbox->resolution;
  55              		.loc 1 73 0
  56 0022 BB7B     		ldrb	r3, [r7, #14]	@ zero_extendqisi2
  57 0024 7A68     		ldr	r2, [r7, #4]
  58 0026 9278     		ldrb	r2, [r2, #2]
  59 0028 D1B2     		uxtb	r1, r2
  60 002a 2C4A     		ldr	r2, .L2+8
  61 002c D154     		strb	r1, [r2, r3]
  74:.\Generated_Source\PSoC5/CapSense_1_MBX.c ****     
  75:.\Generated_Source\PSoC5/CapSense_1_MBX.c ****         #if (CapSense_1_TOTAL_GENERICS_COUNT)
  76:.\Generated_Source\PSoC5/CapSense_1_MBX.c ****             /* Exclude generic wiget */
  77:.\Generated_Source\PSoC5/CapSense_1_MBX.c ****             if(widget < CapSense_1_END_OF_WIDGETS_INDEX)
  78:.\Generated_Source\PSoC5/CapSense_1_MBX.c ****             {
  79:.\Generated_Source\PSoC5/CapSense_1_MBX.c ****         #endif  /* CapSense_1_TOTAL_GENERICS_COUNT */
  80:.\Generated_Source\PSoC5/CapSense_1_MBX.c ****         
  81:.\Generated_Source\PSoC5/CapSense_1_MBX.c ****             /* High level parameters */
  82:.\Generated_Source\PSoC5/CapSense_1_MBX.c ****             tmpValue = inbox->fingerThreshold;
  62              		.loc 1 82 0
  63 002e 7B68     		ldr	r3, [r7, #4]
  64 0030 DA78     		ldrb	r2, [r3, #3]
  65 0032 D2B2     		uxtb	r2, r2
  66 0034 1B79     		ldrb	r3, [r3, #4]
  67 0036 DBB2     		uxtb	r3, r3
  68 0038 1B02     		lsls	r3, r3, #8
  69 003a 1343     		orrs	r3, r3, r2
  70 003c BB81     		strh	r3, [r7, #12]	@ movhi
  83:.\Generated_Source\PSoC5/CapSense_1_MBX.c ****             CapSense_1_fingerThreshold[widget] = CapSense_1_SWAP_ENDIAN16(tmpValue);
  71              		.loc 1 83 0
  72 003e BB7B     		ldrb	r3, [r7, #14]	@ zero_extendqisi2
  73 0040 BA89     		ldrh	r2, [r7, #12]
  74 0042 1202     		lsls	r2, r2, #8
  75 0044 91B2     		uxth	r1, r2
  76 0046 BA89     		ldrh	r2, [r7, #12]
  77 0048 120A     		lsrs	r2, r2, #8
  78 004a 92B2     		uxth	r2, r2
  79 004c 92B2     		uxth	r2, r2
  80 004e 0A43     		orrs	r2, r2, r1
  81 0050 92B2     		uxth	r2, r2
  82 0052 91B2     		uxth	r1, r2
  83 0054 224A     		ldr	r2, .L2+12
  84 0056 22F81310 		strh	r1, [r2, r3, lsl #1]	@ movhi
  84:.\Generated_Source\PSoC5/CapSense_1_MBX.c ****             tmpValue = inbox->noiseThreshold;
  85              		.loc 1 84 0
  86 005a 7B68     		ldr	r3, [r7, #4]
  87 005c 5A79     		ldrb	r2, [r3, #5]
ARM GAS  C:\Users\LUKASC~1\AppData\Local\Temp\ccEPO9Gu.s 			page 4


  88 005e D2B2     		uxtb	r2, r2
  89 0060 9B79     		ldrb	r3, [r3, #6]
  90 0062 DBB2     		uxtb	r3, r3
  91 0064 1B02     		lsls	r3, r3, #8
  92 0066 1343     		orrs	r3, r3, r2
  93 0068 BB81     		strh	r3, [r7, #12]	@ movhi
  85:.\Generated_Source\PSoC5/CapSense_1_MBX.c ****             CapSense_1_noiseThreshold[widget]  = CapSense_1_SWAP_ENDIAN16(tmpValue);
  94              		.loc 1 85 0
  95 006a BB7B     		ldrb	r3, [r7, #14]	@ zero_extendqisi2
  96 006c BA89     		ldrh	r2, [r7, #12]
  97 006e 1202     		lsls	r2, r2, #8
  98 0070 91B2     		uxth	r1, r2
  99 0072 BA89     		ldrh	r2, [r7, #12]
 100 0074 120A     		lsrs	r2, r2, #8
 101 0076 92B2     		uxth	r2, r2
 102 0078 92B2     		uxth	r2, r2
 103 007a 0A43     		orrs	r2, r2, r1
 104 007c 92B2     		uxth	r2, r2
 105 007e 91B2     		uxth	r1, r2
 106 0080 184A     		ldr	r2, .L2+16
 107 0082 22F81310 		strh	r1, [r2, r3, lsl #1]	@ movhi
  86:.\Generated_Source\PSoC5/CapSense_1_MBX.c ****             
  87:.\Generated_Source\PSoC5/CapSense_1_MBX.c ****             tmpValue = inbox->hysteresis;
 108              		.loc 1 87 0
 109 0086 7B68     		ldr	r3, [r7, #4]
 110 0088 DA79     		ldrb	r2, [r3, #7]
 111 008a D2B2     		uxtb	r2, r2
 112 008c 1B7A     		ldrb	r3, [r3, #8]
 113 008e DBB2     		uxtb	r3, r3
 114 0090 1B02     		lsls	r3, r3, #8
 115 0092 1343     		orrs	r3, r3, r2
 116 0094 BB81     		strh	r3, [r7, #12]	@ movhi
  88:.\Generated_Source\PSoC5/CapSense_1_MBX.c ****             CapSense_1_hysteresis[widget] = CapSense_1_SWAP_ENDIAN16(tmpValue);
 117              		.loc 1 88 0
 118 0096 BB7B     		ldrb	r3, [r7, #14]	@ zero_extendqisi2
 119 0098 BA89     		ldrh	r2, [r7, #12]
 120 009a 1202     		lsls	r2, r2, #8
 121 009c 91B2     		uxth	r1, r2
 122 009e BA89     		ldrh	r2, [r7, #12]
 123 00a0 120A     		lsrs	r2, r2, #8
 124 00a2 92B2     		uxth	r2, r2
 125 00a4 92B2     		uxth	r2, r2
 126 00a6 0A43     		orrs	r2, r2, r1
 127 00a8 92B2     		uxth	r2, r2
 128 00aa 91B2     		uxth	r1, r2
 129 00ac 0E4A     		ldr	r2, .L2+20
 130 00ae 22F81310 		strh	r1, [r2, r3, lsl #1]	@ movhi
  89:.\Generated_Source\PSoC5/CapSense_1_MBX.c ****             CapSense_1_debounce[widget]   = inbox->debounce;
 131              		.loc 1 89 0
 132 00b2 BB7B     		ldrb	r3, [r7, #14]	@ zero_extendqisi2
 133 00b4 7A68     		ldr	r2, [r7, #4]
 134 00b6 527A     		ldrb	r2, [r2, #9]
 135 00b8 D1B2     		uxtb	r1, r2
 136 00ba 0C4A     		ldr	r2, .L2+24
 137 00bc D154     		strb	r1, [r2, r3]
  90:.\Generated_Source\PSoC5/CapSense_1_MBX.c ****         
  91:.\Generated_Source\PSoC5/CapSense_1_MBX.c ****         #if (CapSense_1_TOTAL_GENERICS_COUNT)
ARM GAS  C:\Users\LUKASC~1\AppData\Local\Temp\ccEPO9Gu.s 			page 5


  92:.\Generated_Source\PSoC5/CapSense_1_MBX.c ****             /* Exclude generic wiget */
  93:.\Generated_Source\PSoC5/CapSense_1_MBX.c ****             }
  94:.\Generated_Source\PSoC5/CapSense_1_MBX.c ****         #endif  /* CapSense_1_TOTAL_GENERICS_COUNT */
  95:.\Generated_Source\PSoC5/CapSense_1_MBX.c **** 
  96:.\Generated_Source\PSoC5/CapSense_1_MBX.c ****         #if ( CapSense_1_MULTIPLE_PRESCALER_ENABLED )
  97:.\Generated_Source\PSoC5/CapSense_1_MBX.c ****             #if (CapSense_1_DESIGN_TYPE == CapSense_1_TWO_CHANNELS_DESIGN)
  98:.\Generated_Source\PSoC5/CapSense_1_MBX.c ****                 if( sensor > CapSense_1_TOTAL_SENSOR_COUNT__CH0 && \
  99:.\Generated_Source\PSoC5/CapSense_1_MBX.c ****                     sensor < CapSense_1_TOTAL_SENSOR_COUNT__CH1 )
 100:.\Generated_Source\PSoC5/CapSense_1_MBX.c ****                 {
 101:.\Generated_Source\PSoC5/CapSense_1_MBX.c ****                     sensor = sensor - CapSense_1_TOTAL_SENSOR_COUNT__CH0;
 102:.\Generated_Source\PSoC5/CapSense_1_MBX.c ****                 }
 103:.\Generated_Source\PSoC5/CapSense_1_MBX.c ****             #endif /* (CapSense_1_DESIGN_TYPE == CapSense_1_TWO_CHANNELS_DESIGN) */
 104:.\Generated_Source\PSoC5/CapSense_1_MBX.c ****             CapSense_1_analogSwitchDivider[sensor] = inbox->analogSwitchDivider;
 138              		.loc 1 104 0
 139 00be FB7B     		ldrb	r3, [r7, #15]	@ zero_extendqisi2
 140 00c0 7A68     		ldr	r2, [r7, #4]
 141 00c2 927A     		ldrb	r2, [r2, #10]
 142 00c4 D1B2     		uxtb	r1, r2
 143 00c6 0A4A     		ldr	r2, .L2+28
 144 00c8 D154     		strb	r1, [r2, r3]
 105:.\Generated_Source\PSoC5/CapSense_1_MBX.c ****         #else
 106:.\Generated_Source\PSoC5/CapSense_1_MBX.c ****             CapSense_1_analogSwitchDivider = inbox->analogSwitchDivider;
 107:.\Generated_Source\PSoC5/CapSense_1_MBX.c ****         #endif /* ( CapSense_1_MULTIPLE_PRESCALER_ENABLED ) */
 108:.\Generated_Source\PSoC5/CapSense_1_MBX.c **** 
 109:.\Generated_Source\PSoC5/CapSense_1_MBX.c ****         /* Re-Init baselines */
 110:.\Generated_Source\PSoC5/CapSense_1_MBX.c ****         CapSense_1_InitializeAllBaselines();
 145              		.loc 1 110 0
 146 00ca FFF7FEFF 		bl	CapSense_1_InitializeAllBaselines
 111:.\Generated_Source\PSoC5/CapSense_1_MBX.c ****     }
 147              		.loc 1 111 0
 148 00ce 1037     		adds	r7, r7, #16
 149              		.cfi_def_cfa_offset 8
 150 00d0 BD46     		mov	sp, r7
 151              		.cfi_def_cfa_register 13
 152              		@ sp needed
 153 00d2 80BD     		pop	{r7, pc}
 154              	.L3:
 155              		.align	2
 156              	.L2:
 157 00d4 00000000 		.word	CapSense_1_widgetNumber
 158 00d8 00000000 		.word	CapSense_1_idacSettings
 159 00dc 00000000 		.word	CapSense_1_widgetResolution
 160 00e0 00000000 		.word	CapSense_1_fingerThreshold
 161 00e4 00000000 		.word	CapSense_1_noiseThreshold
 162 00e8 00000000 		.word	CapSense_1_hysteresis
 163 00ec 00000000 		.word	CapSense_1_debounce
 164 00f0 00000000 		.word	CapSense_1_analogSwitchDivider
 165              		.cfi_endproc
 166              	.LFE0:
 167              		.size	CapSense_1_InitParams, .-CapSense_1_InitParams
 168              		.section	.text.CapSense_1_InitMailbox,"ax",%progbits
 169              		.align	2
 170              		.global	CapSense_1_InitMailbox
 171              		.thumb
 172              		.thumb_func
 173              		.type	CapSense_1_InitMailbox, %function
 174              	CapSense_1_InitMailbox:
ARM GAS  C:\Users\LUKASC~1\AppData\Local\Temp\ccEPO9Gu.s 			page 6


 175              	.LFB1:
 112:.\Generated_Source\PSoC5/CapSense_1_MBX.c **** #endif  /* (CapSense_1_TUNING_METHOD == CapSense_1_MANUAL_TUNING) */
 113:.\Generated_Source\PSoC5/CapSense_1_MBX.c **** 
 114:.\Generated_Source\PSoC5/CapSense_1_MBX.c **** 
 115:.\Generated_Source\PSoC5/CapSense_1_MBX.c **** /*******************************************************************************
 116:.\Generated_Source\PSoC5/CapSense_1_MBX.c **** * Function Name: CapSense_1_InitMailbox
 117:.\Generated_Source\PSoC5/CapSense_1_MBX.c **** ********************************************************************************
 118:.\Generated_Source\PSoC5/CapSense_1_MBX.c **** *
 119:.\Generated_Source\PSoC5/CapSense_1_MBX.c **** * Summary:
 120:.\Generated_Source\PSoC5/CapSense_1_MBX.c **** *  Initialize parameters  of mailbox structure.
 121:.\Generated_Source\PSoC5/CapSense_1_MBX.c **** *  Sets type and size of mailbox structure. 
 122:.\Generated_Source\PSoC5/CapSense_1_MBX.c **** *  Sets check sum to check by Tuner GUI and noReadMsg flag to indicate that this 
 123:.\Generated_Source\PSoC5/CapSense_1_MBX.c **** *  is the first communication packet.
 124:.\Generated_Source\PSoC5/CapSense_1_MBX.c **** *
 125:.\Generated_Source\PSoC5/CapSense_1_MBX.c **** * Parameters:
 126:.\Generated_Source\PSoC5/CapSense_1_MBX.c **** *  mbx:  Pointer to Mailbox structure in RAM.
 127:.\Generated_Source\PSoC5/CapSense_1_MBX.c **** *
 128:.\Generated_Source\PSoC5/CapSense_1_MBX.c **** * Return:
 129:.\Generated_Source\PSoC5/CapSense_1_MBX.c **** *  None. Modifies the contents of mbx and mbx->outbox.
 130:.\Generated_Source\PSoC5/CapSense_1_MBX.c **** *
 131:.\Generated_Source\PSoC5/CapSense_1_MBX.c **** * Global Variables:
 132:.\Generated_Source\PSoC5/CapSense_1_MBX.c **** *  CapSense_1_MAILBOXES - structure which incorporates two fields: 
 133:.\Generated_Source\PSoC5/CapSense_1_MBX.c **** *    - numMailBoxes (number of mailboxes);
 134:.\Generated_Source\PSoC5/CapSense_1_MBX.c **** *    - CapSense_1_MAILBOX csdMailbox;
 135:.\Generated_Source\PSoC5/CapSense_1_MBX.c **** *  CapSense_1_MAILBOX - structure which incorporates status output and
 136:.\Generated_Source\PSoC5/CapSense_1_MBX.c **** *  input buffer fields and CapSense_1_OUTBOX and CapSense_1_INBOX.
 137:.\Generated_Source\PSoC5/CapSense_1_MBX.c **** *    - type (used as outbox read status of Tuner GUI);
 138:.\Generated_Source\PSoC5/CapSense_1_MBX.c **** *    - size (used as inbox apply status of component);
 139:.\Generated_Source\PSoC5/CapSense_1_MBX.c **** *    - CapSense_1_OUTBOX outbox - structure which is used as ouput 
 140:.\Generated_Source\PSoC5/CapSense_1_MBX.c **** *      buffer for report data to Tuner GUI.
 141:.\Generated_Source\PSoC5/CapSense_1_MBX.c **** *    - CapSense_1_INBOX inbox - structure which is used as input buffer
 142:.\Generated_Source\PSoC5/CapSense_1_MBX.c **** *      for paramters from Tuner GUI. Only used in manual tuning mode.
 143:.\Generated_Source\PSoC5/CapSense_1_MBX.c **** *
 144:.\Generated_Source\PSoC5/CapSense_1_MBX.c **** * Reentrant:
 145:.\Generated_Source\PSoC5/CapSense_1_MBX.c **** *  No
 146:.\Generated_Source\PSoC5/CapSense_1_MBX.c **** *
 147:.\Generated_Source\PSoC5/CapSense_1_MBX.c **** *******************************************************************************/
 148:.\Generated_Source\PSoC5/CapSense_1_MBX.c **** void CapSense_1_InitMailbox(volatile CapSense_1_MAILBOX *mbx)
 149:.\Generated_Source\PSoC5/CapSense_1_MBX.c ****                                   
 150:.\Generated_Source\PSoC5/CapSense_1_MBX.c **** {
 176              		.loc 1 150 0
 177              		.cfi_startproc
 178              		@ args = 0, pretend = 0, frame = 8
 179              		@ frame_needed = 1, uses_anonymous_args = 0
 180              		@ link register save eliminated.
 181 0000 80B4     		push	{r7}
 182              		.cfi_def_cfa_offset 4
 183              		.cfi_offset 7, -4
 184 0002 83B0     		sub	sp, sp, #12
 185              		.cfi_def_cfa_offset 16
 186 0004 00AF     		add	r7, sp, #0
 187              		.cfi_def_cfa_register 7
 188 0006 7860     		str	r0, [r7, #4]
 151:.\Generated_Source\PSoC5/CapSense_1_MBX.c ****     /* Restore TYPE_ID (clear busy flag) to indicate "action complete" */
 152:.\Generated_Source\PSoC5/CapSense_1_MBX.c ****     mbx->type = CapSense_1_TYPE_ID;
 189              		.loc 1 152 0
 190 0008 7B68     		ldr	r3, [r7, #4]
ARM GAS  C:\Users\LUKASC~1\AppData\Local\Temp\ccEPO9Gu.s 			page 7


 191 000a 0422     		movs	r2, #4
 192 000c 1A70     		strb	r2, [r3]
 153:.\Generated_Source\PSoC5/CapSense_1_MBX.c ****     /* Restore default value - clear "have_msg" */
 154:.\Generated_Source\PSoC5/CapSense_1_MBX.c ****     mbx->size = CapSense_1_SWAP_ENDIAN16(sizeof(CapSense_1_MAILBOX));
 193              		.loc 1 154 0
 194 000e 7B68     		ldr	r3, [r7, #4]
 195 0010 5A78     		ldrb	r2, [r3, #1]
 196 0012 0022     		movs	r2, #0
 197 0014 5A70     		strb	r2, [r3, #1]
 198 0016 9A78     		ldrb	r2, [r3, #2]
 199 0018 0022     		movs	r2, #0
 200 001a 62F06502 		orn	r2, r2, #101
 201 001e 9A70     		strb	r2, [r3, #2]
 155:.\Generated_Source\PSoC5/CapSense_1_MBX.c ****     
 156:.\Generated_Source\PSoC5/CapSense_1_MBX.c ****     /* Addtional fields for async and reset handling */
 157:.\Generated_Source\PSoC5/CapSense_1_MBX.c ****     #if(CapSense_1_TUNING_METHOD == CapSense_1_MANUAL_TUNING)
 158:.\Generated_Source\PSoC5/CapSense_1_MBX.c ****         mbx->outbox.noReadMsg = 1u;
 202              		.loc 1 158 0
 203 0020 7B68     		ldr	r3, [r7, #4]
 204 0022 0122     		movs	r2, #1
 205 0024 83F88C20 		strb	r2, [r3, #140]
 159:.\Generated_Source\PSoC5/CapSense_1_MBX.c ****     #endif  /* (CapSense_1_TUNING_METHOD == CapSense_1_MANUAL_TUNING) */
 160:.\Generated_Source\PSoC5/CapSense_1_MBX.c ****     
 161:.\Generated_Source\PSoC5/CapSense_1_MBX.c ****     mbx->outbox.checkSum = CapSense_1_SWAP_ENDIAN16(CapSense_1_CHECK_SUM);
 206              		.loc 1 161 0
 207 0028 7B68     		ldr	r3, [r7, #4]
 208 002a 93F88D20 		ldrb	r2, [r3, #141]
 209 002e 0022     		movs	r2, #0
 210 0030 42F00F02 		orr	r2, r2, #15
 211 0034 83F88D20 		strb	r2, [r3, #141]
 212 0038 93F88E20 		ldrb	r2, [r3, #142]
 213 003c 0022     		movs	r2, #0
 214 003e 62F06502 		orn	r2, r2, #101
 215 0042 83F88E20 		strb	r2, [r3, #142]
 162:.\Generated_Source\PSoC5/CapSense_1_MBX.c **** }
 216              		.loc 1 162 0
 217 0046 0C37     		adds	r7, r7, #12
 218              		.cfi_def_cfa_offset 4
 219 0048 BD46     		mov	sp, r7
 220              		.cfi_def_cfa_register 13
 221              		@ sp needed
 222 004a 5DF8047B 		ldr	r7, [sp], #4
 223              		.cfi_restore 7
 224              		.cfi_def_cfa_offset 0
 225 004e 7047     		bx	lr
 226              		.cfi_endproc
 227              	.LFE1:
 228              		.size	CapSense_1_InitMailbox, .-CapSense_1_InitMailbox
 229              		.section	.text.CapSense_1_PostMessage,"ax",%progbits
 230              		.align	2
 231              		.global	CapSense_1_PostMessage
 232              		.thumb
 233              		.thumb_func
 234              		.type	CapSense_1_PostMessage, %function
 235              	CapSense_1_PostMessage:
 236              	.LFB2:
 163:.\Generated_Source\PSoC5/CapSense_1_MBX.c **** 
ARM GAS  C:\Users\LUKASC~1\AppData\Local\Temp\ccEPO9Gu.s 			page 8


 164:.\Generated_Source\PSoC5/CapSense_1_MBX.c **** 
 165:.\Generated_Source\PSoC5/CapSense_1_MBX.c **** /*******************************************************************************
 166:.\Generated_Source\PSoC5/CapSense_1_MBX.c **** * Function Name:  CapSense_1_PostMessage
 167:.\Generated_Source\PSoC5/CapSense_1_MBX.c **** ********************************************************************************
 168:.\Generated_Source\PSoC5/CapSense_1_MBX.c **** *
 169:.\Generated_Source\PSoC5/CapSense_1_MBX.c **** * Summary:
 170:.\Generated_Source\PSoC5/CapSense_1_MBX.c **** *  This blocking function waits while Tuner GUI reports that content of mailbox 
 171:.\Generated_Source\PSoC5/CapSense_1_MBX.c **** *  could be modified (clears CapSense_1_BUSY_FLAG). Then loads the report 
 172:.\Generated_Source\PSoC5/CapSense_1_MBX.c **** *  data to outbox and sets the busy flag.
 173:.\Generated_Source\PSoC5/CapSense_1_MBX.c **** *  In manual tuning mode the report data:
 174:.\Generated_Source\PSoC5/CapSense_1_MBX.c **** *    - raw data, baseline, signal;
 175:.\Generated_Source\PSoC5/CapSense_1_MBX.c **** *  In auto tuning mode to report added data:
 176:.\Generated_Source\PSoC5/CapSense_1_MBX.c **** *    - fingerThreshold;
 177:.\Generated_Source\PSoC5/CapSense_1_MBX.c **** *    - noiseThreshold;
 178:.\Generated_Source\PSoC5/CapSense_1_MBX.c **** *    - scanResolution;
 179:.\Generated_Source\PSoC5/CapSense_1_MBX.c **** *    - idacValue;
 180:.\Generated_Source\PSoC5/CapSense_1_MBX.c **** *    - prescaler.
 181:.\Generated_Source\PSoC5/CapSense_1_MBX.c **** *
 182:.\Generated_Source\PSoC5/CapSense_1_MBX.c **** * Parameters:
 183:.\Generated_Source\PSoC5/CapSense_1_MBX.c **** *  mbx:  Pointer to Mailbox structure in RAM.
 184:.\Generated_Source\PSoC5/CapSense_1_MBX.c **** *
 185:.\Generated_Source\PSoC5/CapSense_1_MBX.c **** * Return:
 186:.\Generated_Source\PSoC5/CapSense_1_MBX.c **** *  None. Modifies the contents of mbx->outbox.
 187:.\Generated_Source\PSoC5/CapSense_1_MBX.c **** *
 188:.\Generated_Source\PSoC5/CapSense_1_MBX.c **** * Global Variables:
 189:.\Generated_Source\PSoC5/CapSense_1_MBX.c **** *  CapSense_1_MAILBOXES - structure which incorporates two fields: 
 190:.\Generated_Source\PSoC5/CapSense_1_MBX.c **** *    - numMailBoxes (number of mailboxes);
 191:.\Generated_Source\PSoC5/CapSense_1_MBX.c **** *    - CapSense_1_MAILBOX csdMailbox;
 192:.\Generated_Source\PSoC5/CapSense_1_MBX.c **** *  CapSense_1_MAILBOX - structure which incorporates status output and
 193:.\Generated_Source\PSoC5/CapSense_1_MBX.c **** *  input buffer fields and CapSense_1_OUTBOX and CapSense_1_INBOX.
 194:.\Generated_Source\PSoC5/CapSense_1_MBX.c **** *    - type (used as outbox read status of Tuner GUI);
 195:.\Generated_Source\PSoC5/CapSense_1_MBX.c **** *    - size (used as inbox apply status of component);
 196:.\Generated_Source\PSoC5/CapSense_1_MBX.c **** *    - CapSense_1_OUTBOX outbox - structure which is used as ouput 
 197:.\Generated_Source\PSoC5/CapSense_1_MBX.c **** *      buffer for report data to Tuner GUI.
 198:.\Generated_Source\PSoC5/CapSense_1_MBX.c **** *    - CapSense_1_INBOX inbox - structure which is used as input buffer
 199:.\Generated_Source\PSoC5/CapSense_1_MBX.c **** *      for parameters from Tuner GUI. Only used in manual tuning mode.
 200:.\Generated_Source\PSoC5/CapSense_1_MBX.c **** *  CapSense_1_lowLevelTuningDone - used to notify the Tuner GUI that 
 201:.\Generated_Source\PSoC5/CapSense_1_MBX.c **** *  tuning of scanning parameters are done. The scanning parameters in mailbox
 202:.\Generated_Source\PSoC5/CapSense_1_MBX.c **** *  will not be updated after clear it.
 203:.\Generated_Source\PSoC5/CapSense_1_MBX.c **** *
 204:.\Generated_Source\PSoC5/CapSense_1_MBX.c **** * Reentrant:
 205:.\Generated_Source\PSoC5/CapSense_1_MBX.c **** *  No
 206:.\Generated_Source\PSoC5/CapSense_1_MBX.c **** *
 207:.\Generated_Source\PSoC5/CapSense_1_MBX.c **** *******************************************************************************/
 208:.\Generated_Source\PSoC5/CapSense_1_MBX.c **** void CapSense_1_PostMessage(volatile CapSense_1_MAILBOX *mbx)
 209:.\Generated_Source\PSoC5/CapSense_1_MBX.c ****                                   
 210:.\Generated_Source\PSoC5/CapSense_1_MBX.c **** {
 237              		.loc 1 210 0
 238              		.cfi_startproc
 239              		@ args = 0, pretend = 0, frame = 16
 240              		@ frame_needed = 1, uses_anonymous_args = 0
 241              		@ link register save eliminated.
 242 0000 80B4     		push	{r7}
 243              		.cfi_def_cfa_offset 4
 244              		.cfi_offset 7, -4
 245 0002 85B0     		sub	sp, sp, #20
 246              		.cfi_def_cfa_offset 24
ARM GAS  C:\Users\LUKASC~1\AppData\Local\Temp\ccEPO9Gu.s 			page 9


 247 0004 00AF     		add	r7, sp, #0
 248              		.cfi_def_cfa_register 7
 249 0006 7860     		str	r0, [r7, #4]
 211:.\Generated_Source\PSoC5/CapSense_1_MBX.c ****     uint8 i;
 212:.\Generated_Source\PSoC5/CapSense_1_MBX.c **** 
 213:.\Generated_Source\PSoC5/CapSense_1_MBX.c ****     /* Check busy flag */
 214:.\Generated_Source\PSoC5/CapSense_1_MBX.c ****     while (mbx->type != CapSense_1_TYPE_ID)
 250              		.loc 1 214 0
 251 0008 00BF     		nop
 252              	.L6:
 253              		.loc 1 214 0 is_stmt 0 discriminator 1
 254 000a 7B68     		ldr	r3, [r7, #4]
 255 000c 1B78     		ldrb	r3, [r3]
 256 000e DBB2     		uxtb	r3, r3
 257 0010 042B     		cmp	r3, #4
 258 0012 FAD1     		bne	.L6
 215:.\Generated_Source\PSoC5/CapSense_1_MBX.c ****     {
 216:.\Generated_Source\PSoC5/CapSense_1_MBX.c ****         /* Wait while busy flag is set */
 217:.\Generated_Source\PSoC5/CapSense_1_MBX.c ****     }
 218:.\Generated_Source\PSoC5/CapSense_1_MBX.c ****     
 219:.\Generated_Source\PSoC5/CapSense_1_MBX.c ****     /* Copy all data - Raw, Base, Signal, OnMask */
 220:.\Generated_Source\PSoC5/CapSense_1_MBX.c ****     for(i = 0u; i < CapSense_1_TOTAL_SENSOR_COUNT; i++)
 259              		.loc 1 220 0 is_stmt 1
 260 0014 0023     		movs	r3, #0
 261 0016 FB73     		strb	r3, [r7, #15]
 262 0018 4CE0     		b	.L7
 263              	.L8:
 221:.\Generated_Source\PSoC5/CapSense_1_MBX.c ****     {
 222:.\Generated_Source\PSoC5/CapSense_1_MBX.c ****         mbx->outbox.rawData[i]  = CapSense_1_SWAP_ENDIAN16(CapSense_1_sensorRaw[i]);
 264              		.loc 1 222 0 discriminator 3
 265 001a FB7B     		ldrb	r3, [r7, #15]	@ zero_extendqisi2
 266 001c FA7B     		ldrb	r2, [r7, #15]	@ zero_extendqisi2
 267 001e 2B49     		ldr	r1, .L9
 268 0020 31F81220 		ldrh	r2, [r1, r2, lsl #1]
 269 0024 1202     		lsls	r2, r2, #8
 270 0026 90B2     		uxth	r0, r2
 271 0028 FA7B     		ldrb	r2, [r7, #15]	@ zero_extendqisi2
 272 002a 2849     		ldr	r1, .L9
 273 002c 31F81220 		ldrh	r2, [r1, r2, lsl #1]
 274 0030 120A     		lsrs	r2, r2, #8
 275 0032 92B2     		uxth	r2, r2
 276 0034 92B2     		uxth	r2, r2
 277 0036 0146     		mov	r1, r0	@ movhi
 278 0038 0A43     		orrs	r2, r2, r1
 279 003a 92B2     		uxth	r2, r2
 280 003c 91B2     		uxth	r1, r2
 281 003e 7A68     		ldr	r2, [r7, #4]
 282 0040 5B00     		lsls	r3, r3, #1
 283 0042 1344     		add	r3, r3, r2
 284 0044 0A46     		mov	r2, r1	@ movhi
 285 0046 A3F80520 		strh	r2, [r3, #5]	@ unaligned
 223:.\Generated_Source\PSoC5/CapSense_1_MBX.c ****         mbx->outbox.baseLine[i] = CapSense_1_SWAP_ENDIAN16(CapSense_1_sensorBaseline[i]);
 286              		.loc 1 223 0 discriminator 3
 287 004a FB7B     		ldrb	r3, [r7, #15]	@ zero_extendqisi2
 288 004c FA7B     		ldrb	r2, [r7, #15]	@ zero_extendqisi2
 289 004e 2049     		ldr	r1, .L9+4
 290 0050 31F81220 		ldrh	r2, [r1, r2, lsl #1]
ARM GAS  C:\Users\LUKASC~1\AppData\Local\Temp\ccEPO9Gu.s 			page 10


 291 0054 1202     		lsls	r2, r2, #8
 292 0056 90B2     		uxth	r0, r2
 293 0058 FA7B     		ldrb	r2, [r7, #15]	@ zero_extendqisi2
 294 005a 1D49     		ldr	r1, .L9+4
 295 005c 31F81220 		ldrh	r2, [r1, r2, lsl #1]
 296 0060 120A     		lsrs	r2, r2, #8
 297 0062 92B2     		uxth	r2, r2
 298 0064 92B2     		uxth	r2, r2
 299 0066 0146     		mov	r1, r0	@ movhi
 300 0068 0A43     		orrs	r2, r2, r1
 301 006a 92B2     		uxth	r2, r2
 302 006c 91B2     		uxth	r1, r2
 303 006e 7A68     		ldr	r2, [r7, #4]
 304 0070 1433     		adds	r3, r3, #20
 305 0072 5B00     		lsls	r3, r3, #1
 306 0074 1344     		add	r3, r3, r2
 307 0076 0A46     		mov	r2, r1	@ movhi
 308 0078 A3F80920 		strh	r2, [r3, #9]	@ unaligned
 224:.\Generated_Source\PSoC5/CapSense_1_MBX.c ****         #if (CapSense_1_SIGNAL_SIZE == CapSense_1_SIGNAL_SIZE_UINT8)
 225:.\Generated_Source\PSoC5/CapSense_1_MBX.c ****             mbx->outbox.signal[i]   = CapSense_1_sensorSignal[i];
 226:.\Generated_Source\PSoC5/CapSense_1_MBX.c ****         #else
 227:.\Generated_Source\PSoC5/CapSense_1_MBX.c ****             mbx->outbox.signal[i]   = CapSense_1_SWAP_ENDIAN16(CapSense_1_sensorSignal[i]);
 309              		.loc 1 227 0 discriminator 3
 310 007c FB7B     		ldrb	r3, [r7, #15]	@ zero_extendqisi2
 311 007e FA7B     		ldrb	r2, [r7, #15]	@ zero_extendqisi2
 312 0080 1449     		ldr	r1, .L9+8
 313 0082 31F81220 		ldrh	r2, [r1, r2, lsl #1]
 314 0086 1202     		lsls	r2, r2, #8
 315 0088 90B2     		uxth	r0, r2
 316 008a FA7B     		ldrb	r2, [r7, #15]	@ zero_extendqisi2
 317 008c 1149     		ldr	r1, .L9+8
 318 008e 31F81220 		ldrh	r2, [r1, r2, lsl #1]
 319 0092 120A     		lsrs	r2, r2, #8
 320 0094 92B2     		uxth	r2, r2
 321 0096 92B2     		uxth	r2, r2
 322 0098 0146     		mov	r1, r0	@ movhi
 323 009a 0A43     		orrs	r2, r2, r1
 324 009c 92B2     		uxth	r2, r2
 325 009e 91B2     		uxth	r1, r2
 326 00a0 7A68     		ldr	r2, [r7, #4]
 327 00a2 2C33     		adds	r3, r3, #44
 328 00a4 5B00     		lsls	r3, r3, #1
 329 00a6 1344     		add	r3, r3, r2
 330 00a8 0A46     		mov	r2, r1	@ movhi
 331 00aa A3F80520 		strh	r2, [r3, #5]	@ unaligned
 220:.\Generated_Source\PSoC5/CapSense_1_MBX.c ****     {
 332              		.loc 1 220 0 discriminator 3
 333 00ae FB7B     		ldrb	r3, [r7, #15]	@ zero_extendqisi2
 334 00b0 0133     		adds	r3, r3, #1
 335 00b2 FB73     		strb	r3, [r7, #15]
 336              	.L7:
 220:.\Generated_Source\PSoC5/CapSense_1_MBX.c ****     {
 337              		.loc 1 220 0 is_stmt 0 discriminator 1
 338 00b4 FB7B     		ldrb	r3, [r7, #15]	@ zero_extendqisi2
 339 00b6 152B     		cmp	r3, #21
 340 00b8 AFD9     		bls	.L8
 228:.\Generated_Source\PSoC5/CapSense_1_MBX.c ****         #endif  /* (CapSense_1_SIGNAL_SIZE == CapSense_1_SIGNAL_SIZE_UINT8) */
ARM GAS  C:\Users\LUKASC~1\AppData\Local\Temp\ccEPO9Gu.s 			page 11


 229:.\Generated_Source\PSoC5/CapSense_1_MBX.c ****     }
 230:.\Generated_Source\PSoC5/CapSense_1_MBX.c ****         
 231:.\Generated_Source\PSoC5/CapSense_1_MBX.c ****     /* AutoTuning - need to copy all High Level parameters */
 232:.\Generated_Source\PSoC5/CapSense_1_MBX.c ****     #if (CapSense_1_TUNING_METHOD == CapSense_1_AUTO_TUNING)
 233:.\Generated_Source\PSoC5/CapSense_1_MBX.c ****         
 234:.\Generated_Source\PSoC5/CapSense_1_MBX.c ****         /* Parameters are changed in run time */
 235:.\Generated_Source\PSoC5/CapSense_1_MBX.c ****         for(i = 0u; i < CapSense_1_WIDGET_CSHL_PARAMETERS_COUNT; i++)
 236:.\Generated_Source\PSoC5/CapSense_1_MBX.c ****         {
 237:.\Generated_Source\PSoC5/CapSense_1_MBX.c ****             #if (CapSense_1_SIGNAL_SIZE == CapSense_1_SIGNAL_SIZE_UINT8)
 238:.\Generated_Source\PSoC5/CapSense_1_MBX.c ****                 mbx->outbox.fingerThreshold[i] = CapSense_1_fingerThreshold[i];
 239:.\Generated_Source\PSoC5/CapSense_1_MBX.c ****                 mbx->outbox.noiseThreshold[i]  = CapSense_1_noiseThreshold[i];
 240:.\Generated_Source\PSoC5/CapSense_1_MBX.c ****             #else
 241:.\Generated_Source\PSoC5/CapSense_1_MBX.c ****                 mbx->outbox.fingerThreshold[i] = $INSTANCE_NAME`_SWAP_ENDIAN16(CapSense_1_fingerThr
 242:.\Generated_Source\PSoC5/CapSense_1_MBX.c ****                 mbx->outbox.noiseThreshold[i]  = $INSTANCE_NAME`_SWAP_ENDIAN16(CapSense_1_noiseThre
 243:.\Generated_Source\PSoC5/CapSense_1_MBX.c ****             #endif /* (CapSense_1_SIGNAL_SIZE == CapSense_1_SIGNAL_SIZE_UINT8) */
 244:.\Generated_Source\PSoC5/CapSense_1_MBX.c ****         }
 245:.\Generated_Source\PSoC5/CapSense_1_MBX.c ****         
 246:.\Generated_Source\PSoC5/CapSense_1_MBX.c ****         /* Widget resolution, take to account TP and MB */
 247:.\Generated_Source\PSoC5/CapSense_1_MBX.c ****         for(i=0u; i < CapSense_1_WIDGET_RESOLUTION_PARAMETERS_COUNT; i++)
 248:.\Generated_Source\PSoC5/CapSense_1_MBX.c ****         {
 249:.\Generated_Source\PSoC5/CapSense_1_MBX.c ****             mbx->outbox.scanResolution[i]  = CapSense_1_widgetResolution[i];
 250:.\Generated_Source\PSoC5/CapSense_1_MBX.c ****         }
 251:.\Generated_Source\PSoC5/CapSense_1_MBX.c **** 
 252:.\Generated_Source\PSoC5/CapSense_1_MBX.c ****         /* Copy tuned idac values */
 253:.\Generated_Source\PSoC5/CapSense_1_MBX.c ****         for(i=0u; i < CapSense_1_TOTAL_SENSOR_COUNT; i++)
 254:.\Generated_Source\PSoC5/CapSense_1_MBX.c ****         {
 255:.\Generated_Source\PSoC5/CapSense_1_MBX.c ****             mbx->outbox.idacValue[i] = CapSense_1_idacSettings[i];
 256:.\Generated_Source\PSoC5/CapSense_1_MBX.c ****         }
 257:.\Generated_Source\PSoC5/CapSense_1_MBX.c ****             
 258:.\Generated_Source\PSoC5/CapSense_1_MBX.c ****         /* Pass parameters only once */
 259:.\Generated_Source\PSoC5/CapSense_1_MBX.c ****         CapSense_1_lowLevelTuningDone = 0u;
 260:.\Generated_Source\PSoC5/CapSense_1_MBX.c ****     #endif  /* (CapSense_1_TUNING_METHOD == CapSense_1_MANUAL_TUNING) */
 261:.\Generated_Source\PSoC5/CapSense_1_MBX.c **** 
 262:.\Generated_Source\PSoC5/CapSense_1_MBX.c ****     /* Copy scan parameters */
 263:.\Generated_Source\PSoC5/CapSense_1_MBX.c ****     #if ( CapSense_1_TUNING_METHOD == CapSense_1_AUTO_TUNING )
 264:.\Generated_Source\PSoC5/CapSense_1_MBX.c ****         for(i = 0u; i < CapSense_1_TOTAL_SCANSLOT_COUNT; i++)
 265:.\Generated_Source\PSoC5/CapSense_1_MBX.c ****         {
 266:.\Generated_Source\PSoC5/CapSense_1_MBX.c ****             mbx->outbox.analogSwitchDivider[i] = CapSense_1_analogSwitchDivider[i];
 267:.\Generated_Source\PSoC5/CapSense_1_MBX.c ****         }
 268:.\Generated_Source\PSoC5/CapSense_1_MBX.c ****     #endif /* (CapSense_1_TUNING_METHOD == CapSense_1_AUTO_TUNING) */
 269:.\Generated_Source\PSoC5/CapSense_1_MBX.c **** 
 270:.\Generated_Source\PSoC5/CapSense_1_MBX.c ****     /* Set busy flag */
 271:.\Generated_Source\PSoC5/CapSense_1_MBX.c ****     mbx->type = CapSense_1_BUSY_FLAG;
 341              		.loc 1 271 0 is_stmt 1
 342 00ba 7B68     		ldr	r3, [r7, #4]
 343 00bc 8422     		movs	r2, #132
 344 00be 1A70     		strb	r2, [r3]
 272:.\Generated_Source\PSoC5/CapSense_1_MBX.c **** }
 345              		.loc 1 272 0
 346 00c0 1437     		adds	r7, r7, #20
 347              		.cfi_def_cfa_offset 4
 348 00c2 BD46     		mov	sp, r7
 349              		.cfi_def_cfa_register 13
 350              		@ sp needed
 351 00c4 5DF8047B 		ldr	r7, [sp], #4
 352              		.cfi_restore 7
 353              		.cfi_def_cfa_offset 0
ARM GAS  C:\Users\LUKASC~1\AppData\Local\Temp\ccEPO9Gu.s 			page 12


 354 00c8 7047     		bx	lr
 355              	.L10:
 356 00ca 00BF     		.align	2
 357              	.L9:
 358 00cc 00000000 		.word	CapSense_1_sensorRaw
 359 00d0 00000000 		.word	CapSense_1_sensorBaseline
 360 00d4 00000000 		.word	CapSense_1_sensorSignal
 361              		.cfi_endproc
 362              	.LFE2:
 363              		.size	CapSense_1_PostMessage, .-CapSense_1_PostMessage
 364              		.section	.text.CapSense_1_ReadMessage,"ax",%progbits
 365              		.align	2
 366              		.global	CapSense_1_ReadMessage
 367              		.thumb
 368              		.thumb_func
 369              		.type	CapSense_1_ReadMessage, %function
 370              	CapSense_1_ReadMessage:
 371              	.LFB3:
 273:.\Generated_Source\PSoC5/CapSense_1_MBX.c **** 
 274:.\Generated_Source\PSoC5/CapSense_1_MBX.c **** 
 275:.\Generated_Source\PSoC5/CapSense_1_MBX.c **** #if (CapSense_1_TUNING_METHOD == CapSense_1_MANUAL_TUNING)
 276:.\Generated_Source\PSoC5/CapSense_1_MBX.c ****     /*******************************************************************************
 277:.\Generated_Source\PSoC5/CapSense_1_MBX.c ****     * Function Name: CapSense_1_ReadMessage
 278:.\Generated_Source\PSoC5/CapSense_1_MBX.c ****     ********************************************************************************
 279:.\Generated_Source\PSoC5/CapSense_1_MBX.c ****     *
 280:.\Generated_Source\PSoC5/CapSense_1_MBX.c ****     * Summary:
 281:.\Generated_Source\PSoC5/CapSense_1_MBX.c ****     *  If CapSense_1_HAVE_MSG is found in the mailbox, initialize component 
 282:.\Generated_Source\PSoC5/CapSense_1_MBX.c ****     *  with parameters found in the inbox. Signal DONE by overwriting the
 283:.\Generated_Source\PSoC5/CapSense_1_MBX.c ****     *  value in size field in mailbox.
 284:.\Generated_Source\PSoC5/CapSense_1_MBX.c ****     *  Only available when manual tuning mode.
 285:.\Generated_Source\PSoC5/CapSense_1_MBX.c ****     *
 286:.\Generated_Source\PSoC5/CapSense_1_MBX.c ****     * Parameters:
 287:.\Generated_Source\PSoC5/CapSense_1_MBX.c ****     *  mbx:  Pointer to Mailbox structure in RAM.
 288:.\Generated_Source\PSoC5/CapSense_1_MBX.c ****     *
 289:.\Generated_Source\PSoC5/CapSense_1_MBX.c ****     * Return:
 290:.\Generated_Source\PSoC5/CapSense_1_MBX.c ****     *  None. Modifies the contents of mbx.
 291:.\Generated_Source\PSoC5/CapSense_1_MBX.c ****     *
 292:.\Generated_Source\PSoC5/CapSense_1_MBX.c ****     * Side Effects: 
 293:.\Generated_Source\PSoC5/CapSense_1_MBX.c ****     *  Initializes component parameters if CapSense_1_HAVE_MSG is received.
 294:.\Generated_Source\PSoC5/CapSense_1_MBX.c ****     *
 295:.\Generated_Source\PSoC5/CapSense_1_MBX.c ****     * Global Variables:
 296:.\Generated_Source\PSoC5/CapSense_1_MBX.c ****     *  CapSense_1_MAILBOXES - structure which incorporates two fields: 
 297:.\Generated_Source\PSoC5/CapSense_1_MBX.c ****     *    - numMailBoxes (number of mailboxes);
 298:.\Generated_Source\PSoC5/CapSense_1_MBX.c ****     *    - CapSense_1_MAILBOX csdMailbox;
 299:.\Generated_Source\PSoC5/CapSense_1_MBX.c ****     *  CapSense_1_MAILBOX - structure which incorporates status output and
 300:.\Generated_Source\PSoC5/CapSense_1_MBX.c ****     *  input buffer fields and CapSense_1_OUTBOX and CapSense_1_INBOX.
 301:.\Generated_Source\PSoC5/CapSense_1_MBX.c ****     *    - type (used as outbox read status of Tuner GUI);
 302:.\Generated_Source\PSoC5/CapSense_1_MBX.c ****     *    - size (used as inbox apply status of component);
 303:.\Generated_Source\PSoC5/CapSense_1_MBX.c ****     *    - CapSense_1_OUTBOX outbox - structure which is used as ouput 
 304:.\Generated_Source\PSoC5/CapSense_1_MBX.c ****     *      buffer for report data to Tuner GUI.
 305:.\Generated_Source\PSoC5/CapSense_1_MBX.c ****     *    - CapSense_1_INBOX inbox - structure which is used as input buffer
 306:.\Generated_Source\PSoC5/CapSense_1_MBX.c ****     *      for parameters from Tuner GUI. Only used in manual tuning mode.
 307:.\Generated_Source\PSoC5/CapSense_1_MBX.c ****     *
 308:.\Generated_Source\PSoC5/CapSense_1_MBX.c ****     * Reentrant:
 309:.\Generated_Source\PSoC5/CapSense_1_MBX.c ****     *  No
 310:.\Generated_Source\PSoC5/CapSense_1_MBX.c ****     *
 311:.\Generated_Source\PSoC5/CapSense_1_MBX.c ****     *******************************************************************************/
ARM GAS  C:\Users\LUKASC~1\AppData\Local\Temp\ccEPO9Gu.s 			page 13


 312:.\Generated_Source\PSoC5/CapSense_1_MBX.c ****     void CapSense_1_ReadMessage(volatile CapSense_1_MAILBOX *mbx)
 313:.\Generated_Source\PSoC5/CapSense_1_MBX.c **** 	                                  
 314:.\Generated_Source\PSoC5/CapSense_1_MBX.c ****     {
 372              		.loc 1 314 0
 373              		.cfi_startproc
 374              		@ args = 0, pretend = 0, frame = 16
 375              		@ frame_needed = 1, uses_anonymous_args = 0
 376 0000 80B5     		push	{r7, lr}
 377              		.cfi_def_cfa_offset 8
 378              		.cfi_offset 7, -8
 379              		.cfi_offset 14, -4
 380 0002 84B0     		sub	sp, sp, #16
 381              		.cfi_def_cfa_offset 24
 382 0004 00AF     		add	r7, sp, #0
 383              		.cfi_def_cfa_register 7
 384 0006 7860     		str	r0, [r7, #4]
 315:.\Generated_Source\PSoC5/CapSense_1_MBX.c ****         volatile CapSense_1_INBOX *tmpInbox;
 316:.\Generated_Source\PSoC5/CapSense_1_MBX.c ****         uint16 tmpValue;
 317:.\Generated_Source\PSoC5/CapSense_1_MBX.c ****         
 318:.\Generated_Source\PSoC5/CapSense_1_MBX.c ****         tmpValue = mbx->size;
 385              		.loc 1 318 0
 386 0008 7B68     		ldr	r3, [r7, #4]
 387 000a 5A78     		ldrb	r2, [r3, #1]
 388 000c D2B2     		uxtb	r2, r2
 389 000e 9B78     		ldrb	r3, [r3, #2]
 390 0010 DBB2     		uxtb	r3, r3
 391 0012 1B02     		lsls	r3, r3, #8
 392 0014 1343     		orrs	r3, r3, r2
 393 0016 FB81     		strh	r3, [r7, #14]	@ movhi
 319:.\Generated_Source\PSoC5/CapSense_1_MBX.c ****        
 320:.\Generated_Source\PSoC5/CapSense_1_MBX.c ****         /* Do we have a message waiting? */
 321:.\Generated_Source\PSoC5/CapSense_1_MBX.c ****         if (CapSense_1_SWAP_ENDIAN16(tmpValue) == CapSense_1_HAVE_MSG)
 394              		.loc 1 321 0
 395 0018 FB89     		ldrh	r3, [r7, #14]
 396 001a 1B02     		lsls	r3, r3, #8
 397 001c 9AB2     		uxth	r2, r3
 398 001e FB89     		ldrh	r3, [r7, #14]
 399 0020 1B0A     		lsrs	r3, r3, #8
 400 0022 9BB2     		uxth	r3, r3
 401 0024 9BB2     		uxth	r3, r3
 402 0026 1343     		orrs	r3, r3, r2
 403 0028 9BB2     		uxth	r3, r3
 404 002a 1BB2     		sxth	r3, r3
 405 002c 0C4A     		ldr	r2, .L13
 406 002e 9342     		cmp	r3, r2
 407 0030 12D1     		bne	.L11
 322:.\Generated_Source\PSoC5/CapSense_1_MBX.c ****         {
 323:.\Generated_Source\PSoC5/CapSense_1_MBX.c ****             tmpInbox = &(mbx->inbox);
 408              		.loc 1 323 0
 409 0032 7B68     		ldr	r3, [r7, #4]
 410 0034 8F33     		adds	r3, r3, #143
 411 0036 BB60     		str	r3, [r7, #8]
 324:.\Generated_Source\PSoC5/CapSense_1_MBX.c ****             
 325:.\Generated_Source\PSoC5/CapSense_1_MBX.c ****             CapSense_1_InitParams(tmpInbox);
 412              		.loc 1 325 0
 413 0038 B868     		ldr	r0, [r7, #8]
 414 003a FFF7FEFF 		bl	CapSense_1_InitParams
ARM GAS  C:\Users\LUKASC~1\AppData\Local\Temp\ccEPO9Gu.s 			page 14


 326:.\Generated_Source\PSoC5/CapSense_1_MBX.c ****     
 327:.\Generated_Source\PSoC5/CapSense_1_MBX.c ****             /* Notify host/tuner that we have consumed the message */
 328:.\Generated_Source\PSoC5/CapSense_1_MBX.c ****             mbx->size = CapSense_1_SWAP_ENDIAN16(sizeof(CapSense_1_MAILBOX));
 415              		.loc 1 328 0
 416 003e 7B68     		ldr	r3, [r7, #4]
 417 0040 5A78     		ldrb	r2, [r3, #1]
 418 0042 0022     		movs	r2, #0
 419 0044 5A70     		strb	r2, [r3, #1]
 420 0046 9A78     		ldrb	r2, [r3, #2]
 421 0048 0022     		movs	r2, #0
 422 004a 62F06502 		orn	r2, r2, #101
 423 004e 9A70     		strb	r2, [r3, #2]
 329:.\Generated_Source\PSoC5/CapSense_1_MBX.c ****             
 330:.\Generated_Source\PSoC5/CapSense_1_MBX.c ****             /* Defualt settings where changed */
 331:.\Generated_Source\PSoC5/CapSense_1_MBX.c ****             mbx->outbox.noReadMsg = 0u;
 424              		.loc 1 331 0
 425 0050 7B68     		ldr	r3, [r7, #4]
 426 0052 0022     		movs	r2, #0
 427 0054 83F88C20 		strb	r2, [r3, #140]
 428              	.L11:
 332:.\Generated_Source\PSoC5/CapSense_1_MBX.c ****         }       
 333:.\Generated_Source\PSoC5/CapSense_1_MBX.c ****     }
 429              		.loc 1 333 0
 430 0058 1037     		adds	r7, r7, #16
 431              		.cfi_def_cfa_offset 8
 432 005a BD46     		mov	sp, r7
 433              		.cfi_def_cfa_register 13
 434              		@ sp needed
 435 005c 80BD     		pop	{r7, pc}
 436              	.L14:
 437 005e 00BF     		.align	2
 438              	.L13:
 439 0060 9A80FFFF 		.word	-32614
 440              		.cfi_endproc
 441              	.LFE3:
 442              		.size	CapSense_1_ReadMessage, .-CapSense_1_ReadMessage
 443              		.text
 444              	.Letext0:
 445              		.file 2 ".\\Generated_Source\\PSoC5\\cytypes.h"
 446              		.file 3 ".\\Generated_Source\\PSoC5\\CapSense_1_MBX.h"
 447              		.file 4 ".\\Generated_Source\\PSoC5\\CapSense_1.h"
 448              		.file 5 ".\\Generated_Source\\PSoC5\\CapSense_1_CSHL.h"
 449              		.section	.debug_info,"",%progbits
 450              	.Ldebug_info0:
 451 0000 A5030000 		.4byte	0x3a5
 452 0004 0400     		.2byte	0x4
 453 0006 00000000 		.4byte	.Ldebug_abbrev0
 454 000a 04       		.byte	0x4
 455 000b 01       		.uleb128 0x1
 456 000c 72010000 		.4byte	.LASF55
 457 0010 01       		.byte	0x1
 458 0011 EE020000 		.4byte	.LASF56
 459 0015 BE030000 		.4byte	.LASF57
 460 0019 00000000 		.4byte	.Ldebug_ranges0+0
 461 001d 00000000 		.4byte	0
 462 0021 00000000 		.4byte	.Ldebug_line0
 463 0025 02       		.uleb128 0x2
ARM GAS  C:\Users\LUKASC~1\AppData\Local\Temp\ccEPO9Gu.s 			page 15


 464 0026 01       		.byte	0x1
 465 0027 06       		.byte	0x6
 466 0028 A9030000 		.4byte	.LASF0
 467 002c 02       		.uleb128 0x2
 468 002d 01       		.byte	0x1
 469 002e 08       		.byte	0x8
 470 002f 64010000 		.4byte	.LASF1
 471 0033 02       		.uleb128 0x2
 472 0034 02       		.byte	0x2
 473 0035 05       		.byte	0x5
 474 0036 38030000 		.4byte	.LASF2
 475 003a 02       		.uleb128 0x2
 476 003b 02       		.byte	0x2
 477 003c 07       		.byte	0x7
 478 003d 49000000 		.4byte	.LASF3
 479 0041 02       		.uleb128 0x2
 480 0042 04       		.byte	0x4
 481 0043 05       		.byte	0x5
 482 0044 6D030000 		.4byte	.LASF4
 483 0048 02       		.uleb128 0x2
 484 0049 04       		.byte	0x4
 485 004a 07       		.byte	0x7
 486 004b 0B010000 		.4byte	.LASF5
 487 004f 02       		.uleb128 0x2
 488 0050 08       		.byte	0x8
 489 0051 05       		.byte	0x5
 490 0052 BE020000 		.4byte	.LASF6
 491 0056 02       		.uleb128 0x2
 492 0057 08       		.byte	0x8
 493 0058 07       		.byte	0x7
 494 0059 C2000000 		.4byte	.LASF7
 495 005d 03       		.uleb128 0x3
 496 005e 04       		.byte	0x4
 497 005f 05       		.byte	0x5
 498 0060 696E7400 		.ascii	"int\000"
 499 0064 02       		.uleb128 0x2
 500 0065 04       		.byte	0x4
 501 0066 07       		.byte	0x7
 502 0067 47020000 		.4byte	.LASF8
 503 006b 04       		.uleb128 0x4
 504 006c 34010000 		.4byte	.LASF9
 505 0070 02       		.byte	0x2
 506 0071 3801     		.2byte	0x138
 507 0073 2C000000 		.4byte	0x2c
 508 0077 04       		.uleb128 0x4
 509 0078 0E020000 		.4byte	.LASF10
 510 007c 02       		.byte	0x2
 511 007d 3901     		.2byte	0x139
 512 007f 3A000000 		.4byte	0x3a
 513 0083 02       		.uleb128 0x2
 514 0084 04       		.byte	0x4
 515 0085 04       		.byte	0x4
 516 0086 B3000000 		.4byte	.LASF11
 517 008a 02       		.uleb128 0x2
 518 008b 08       		.byte	0x8
 519 008c 04       		.byte	0x4
 520 008d 00020000 		.4byte	.LASF12
ARM GAS  C:\Users\LUKASC~1\AppData\Local\Temp\ccEPO9Gu.s 			page 16


 521 0091 02       		.uleb128 0x2
 522 0092 01       		.byte	0x1
 523 0093 08       		.byte	0x8
 524 0094 76030000 		.4byte	.LASF13
 525 0098 02       		.uleb128 0x2
 526 0099 04       		.byte	0x4
 527 009a 07       		.byte	0x7
 528 009b B5020000 		.4byte	.LASF14
 529 009f 05       		.uleb128 0x5
 530 00a0 8C       		.byte	0x8c
 531 00a1 03       		.byte	0x3
 532 00a2 3C       		.byte	0x3c
 533 00a3 FC000000 		.4byte	0xfc
 534 00a7 06       		.uleb128 0x6
 535 00a8 2F020000 		.4byte	.LASF15
 536 00ac 03       		.byte	0x3
 537 00ad 3F       		.byte	0x3f
 538 00ae FC000000 		.4byte	0xfc
 539 00b2 00       		.byte	0
 540 00b3 06       		.uleb128 0x6
 541 00b4 65030000 		.4byte	.LASF16
 542 00b8 03       		.byte	0x3
 543 00b9 46       		.byte	0x46
 544 00ba 0C010000 		.4byte	0x10c
 545 00be 02       		.byte	0x2
 546 00bf 06       		.uleb128 0x6
 547 00c0 B5030000 		.4byte	.LASF17
 548 00c4 03       		.byte	0x3
 549 00c5 47       		.byte	0x47
 550 00c6 0C010000 		.4byte	0x10c
 551 00ca 2E       		.byte	0x2e
 552 00cb 06       		.uleb128 0x6
 553 00cc 2C000000 		.4byte	.LASF18
 554 00d0 03       		.byte	0x3
 555 00d1 48       		.byte	0x48
 556 00d2 0C010000 		.4byte	0x10c
 557 00d6 5A       		.byte	0x5a
 558 00d7 06       		.uleb128 0x6
 559 00d8 07020000 		.4byte	.LASF19
 560 00dc 03       		.byte	0x3
 561 00dd 49       		.byte	0x49
 562 00de 1C010000 		.4byte	0x11c
 563 00e2 86       		.byte	0x86
 564 00e3 06       		.uleb128 0x6
 565 00e4 6C020000 		.4byte	.LASF20
 566 00e8 03       		.byte	0x3
 567 00e9 54       		.byte	0x54
 568 00ea 6B000000 		.4byte	0x6b
 569 00ee 89       		.byte	0x89
 570 00ef 06       		.uleb128 0x6
 571 00f0 DE000000 		.4byte	.LASF21
 572 00f4 03       		.byte	0x3
 573 00f5 56       		.byte	0x56
 574 00f6 77000000 		.4byte	0x77
 575 00fa 8A       		.byte	0x8a
 576 00fb 00       		.byte	0
 577 00fc 07       		.uleb128 0x7
ARM GAS  C:\Users\LUKASC~1\AppData\Local\Temp\ccEPO9Gu.s 			page 17


 578 00fd 77000000 		.4byte	0x77
 579 0101 0C010000 		.4byte	0x10c
 580 0105 08       		.uleb128 0x8
 581 0106 98000000 		.4byte	0x98
 582 010a 00       		.byte	0
 583 010b 00       		.byte	0
 584 010c 07       		.uleb128 0x7
 585 010d 77000000 		.4byte	0x77
 586 0111 1C010000 		.4byte	0x11c
 587 0115 08       		.uleb128 0x8
 588 0116 98000000 		.4byte	0x98
 589 011a 15       		.byte	0x15
 590 011b 00       		.byte	0
 591 011c 07       		.uleb128 0x7
 592 011d 6B000000 		.4byte	0x6b
 593 0121 2C010000 		.4byte	0x12c
 594 0125 08       		.uleb128 0x8
 595 0126 98000000 		.4byte	0x98
 596 012a 02       		.byte	0x2
 597 012b 00       		.byte	0
 598 012c 09       		.uleb128 0x9
 599 012d CC020000 		.4byte	.LASF22
 600 0131 03       		.byte	0x3
 601 0132 58       		.byte	0x58
 602 0133 9F000000 		.4byte	0x9f
 603 0137 05       		.uleb128 0x5
 604 0138 0B       		.byte	0xb
 605 0139 03       		.byte	0x3
 606 013a 5C       		.byte	0x5c
 607 013b A0010000 		.4byte	0x1a0
 608 013f 06       		.uleb128 0x6
 609 0140 76020000 		.4byte	.LASF23
 610 0144 03       		.byte	0x3
 611 0145 5E       		.byte	0x5e
 612 0146 6B000000 		.4byte	0x6b
 613 014a 00       		.byte	0
 614 014b 06       		.uleb128 0x6
 615 014c 82020000 		.4byte	.LASF24
 616 0150 03       		.byte	0x3
 617 0151 60       		.byte	0x60
 618 0152 6B000000 		.4byte	0x6b
 619 0156 01       		.byte	0x1
 620 0157 06       		.uleb128 0x6
 621 0158 8F020000 		.4byte	.LASF25
 622 015c 03       		.byte	0x3
 623 015d 62       		.byte	0x62
 624 015e 6B000000 		.4byte	0x6b
 625 0162 02       		.byte	0x2
 626 0163 06       		.uleb128 0x6
 627 0164 DE020000 		.4byte	.LASF26
 628 0168 03       		.byte	0x3
 629 0169 63       		.byte	0x63
 630 016a 77000000 		.4byte	0x77
 631 016e 03       		.byte	0x3
 632 016f 06       		.uleb128 0x6
 633 0170 38020000 		.4byte	.LASF27
 634 0174 03       		.byte	0x3
ARM GAS  C:\Users\LUKASC~1\AppData\Local\Temp\ccEPO9Gu.s 			page 18


 635 0175 64       		.byte	0x64
 636 0176 77000000 		.4byte	0x77
 637 017a 05       		.byte	0x5
 638 017b 06       		.uleb128 0x6
 639 017c AA020000 		.4byte	.LASF28
 640 0180 03       		.byte	0x3
 641 0181 65       		.byte	0x65
 642 0182 77000000 		.4byte	0x77
 643 0186 07       		.byte	0x7
 644 0187 06       		.uleb128 0x6
 645 0188 9A020000 		.4byte	.LASF29
 646 018c 03       		.byte	0x3
 647 018d 66       		.byte	0x66
 648 018e 6B000000 		.4byte	0x6b
 649 0192 09       		.byte	0x9
 650 0193 06       		.uleb128 0x6
 651 0194 00000000 		.4byte	.LASF30
 652 0198 03       		.byte	0x3
 653 0199 67       		.byte	0x67
 654 019a 6B000000 		.4byte	0x6b
 655 019e 0A       		.byte	0xa
 656 019f 00       		.byte	0
 657 01a0 09       		.uleb128 0x9
 658 01a1 2D040000 		.4byte	.LASF31
 659 01a5 03       		.byte	0x3
 660 01a6 68       		.byte	0x68
 661 01a7 37010000 		.4byte	0x137
 662 01ab 05       		.uleb128 0x5
 663 01ac 9A       		.byte	0x9a
 664 01ad 03       		.byte	0x3
 665 01ae 6D       		.byte	0x6d
 666 01af E4010000 		.4byte	0x1e4
 667 01b3 06       		.uleb128 0x6
 668 01b4 33030000 		.4byte	.LASF32
 669 01b8 03       		.byte	0x3
 670 01b9 6F       		.byte	0x6f
 671 01ba 6B000000 		.4byte	0x6b
 672 01be 00       		.byte	0
 673 01bf 06       		.uleb128 0x6
 674 01c0 D9000000 		.4byte	.LASF33
 675 01c4 03       		.byte	0x3
 676 01c5 70       		.byte	0x70
 677 01c6 77000000 		.4byte	0x77
 678 01ca 01       		.byte	0x1
 679 01cb 06       		.uleb128 0x6
 680 01cc 5E030000 		.4byte	.LASF34
 681 01d0 03       		.byte	0x3
 682 01d1 71       		.byte	0x71
 683 01d2 2C010000 		.4byte	0x12c
 684 01d6 03       		.byte	0x3
 685 01d7 06       		.uleb128 0x6
 686 01d8 05010000 		.4byte	.LASF35
 687 01dc 03       		.byte	0x3
 688 01dd 73       		.byte	0x73
 689 01de A0010000 		.4byte	0x1a0
 690 01e2 8F       		.byte	0x8f
 691 01e3 00       		.byte	0
ARM GAS  C:\Users\LUKASC~1\AppData\Local\Temp\ccEPO9Gu.s 			page 19


 692 01e4 09       		.uleb128 0x9
 693 01e5 51010000 		.4byte	.LASF36
 694 01e9 03       		.byte	0x3
 695 01ea 76       		.byte	0x76
 696 01eb AB010000 		.4byte	0x1ab
 697 01ef 0A       		.uleb128 0xa
 698 01f0 93030000 		.4byte	.LASF58
 699 01f4 01       		.byte	0x1
 700 01f5 3D       		.byte	0x3d
 701 01f6 00000000 		.4byte	.LFB0
 702 01fa F4000000 		.4byte	.LFE0-.LFB0
 703 01fe 01       		.uleb128 0x1
 704 01ff 9C       		.byte	0x9c
 705 0200 3D020000 		.4byte	0x23d
 706 0204 0B       		.uleb128 0xb
 707 0205 05010000 		.4byte	.LASF35
 708 0209 01       		.byte	0x1
 709 020a 3D       		.byte	0x3d
 710 020b 3D020000 		.4byte	0x23d
 711 020f 02       		.uleb128 0x2
 712 0210 91       		.byte	0x91
 713 0211 6C       		.sleb128 -20
 714 0212 0C       		.uleb128 0xc
 715 0213 FE000000 		.4byte	.LASF37
 716 0217 01       		.byte	0x1
 717 0218 41       		.byte	0x41
 718 0219 6B000000 		.4byte	0x6b
 719 021d 02       		.uleb128 0x2
 720 021e 91       		.byte	0x91
 721 021f 77       		.sleb128 -9
 722 0220 0C       		.uleb128 0xc
 723 0221 A3020000 		.4byte	.LASF38
 724 0225 01       		.byte	0x1
 725 0226 42       		.byte	0x42
 726 0227 6B000000 		.4byte	0x6b
 727 022b 02       		.uleb128 0x2
 728 022c 91       		.byte	0x91
 729 022d 76       		.sleb128 -10
 730 022e 0C       		.uleb128 0xc
 731 022f 5C000000 		.4byte	.LASF39
 732 0233 01       		.byte	0x1
 733 0234 43       		.byte	0x43
 734 0235 77000000 		.4byte	0x77
 735 0239 02       		.uleb128 0x2
 736 023a 91       		.byte	0x91
 737 023b 74       		.sleb128 -12
 738 023c 00       		.byte	0
 739 023d 0D       		.uleb128 0xd
 740 023e 04       		.byte	0x4
 741 023f 43020000 		.4byte	0x243
 742 0243 0E       		.uleb128 0xe
 743 0244 48020000 		.4byte	0x248
 744 0248 0F       		.uleb128 0xf
 745 0249 A0010000 		.4byte	0x1a0
 746 024d 10       		.uleb128 0x10
 747 024e E7000000 		.4byte	.LASF40
 748 0252 01       		.byte	0x1
ARM GAS  C:\Users\LUKASC~1\AppData\Local\Temp\ccEPO9Gu.s 			page 20


 749 0253 94       		.byte	0x94
 750 0254 00000000 		.4byte	.LFB1
 751 0258 50000000 		.4byte	.LFE1-.LFB1
 752 025c 01       		.uleb128 0x1
 753 025d 9C       		.byte	0x9c
 754 025e 71020000 		.4byte	0x271
 755 0262 11       		.uleb128 0x11
 756 0263 6D627800 		.ascii	"mbx\000"
 757 0267 01       		.byte	0x1
 758 0268 94       		.byte	0x94
 759 0269 71020000 		.4byte	0x271
 760 026d 02       		.uleb128 0x2
 761 026e 91       		.byte	0x91
 762 026f 74       		.sleb128 -12
 763 0270 00       		.byte	0
 764 0271 0D       		.uleb128 0xd
 765 0272 04       		.byte	0x4
 766 0273 77020000 		.4byte	0x277
 767 0277 0F       		.uleb128 0xf
 768 0278 E4010000 		.4byte	0x1e4
 769 027c 10       		.uleb128 0x10
 770 027d 1D010000 		.4byte	.LASF41
 771 0281 01       		.byte	0x1
 772 0282 D0       		.byte	0xd0
 773 0283 00000000 		.4byte	.LFB2
 774 0287 D8000000 		.4byte	.LFE2-.LFB2
 775 028b 01       		.uleb128 0x1
 776 028c 9C       		.byte	0x9c
 777 028d AC020000 		.4byte	0x2ac
 778 0291 11       		.uleb128 0x11
 779 0292 6D627800 		.ascii	"mbx\000"
 780 0296 01       		.byte	0x1
 781 0297 D0       		.byte	0xd0
 782 0298 71020000 		.4byte	0x271
 783 029c 02       		.uleb128 0x2
 784 029d 91       		.byte	0x91
 785 029e 6C       		.sleb128 -20
 786 029f 12       		.uleb128 0x12
 787 02a0 6900     		.ascii	"i\000"
 788 02a2 01       		.byte	0x1
 789 02a3 D3       		.byte	0xd3
 790 02a4 6B000000 		.4byte	0x6b
 791 02a8 02       		.uleb128 0x2
 792 02a9 91       		.byte	0x91
 793 02aa 77       		.sleb128 -9
 794 02ab 00       		.byte	0
 795 02ac 13       		.uleb128 0x13
 796 02ad 3A010000 		.4byte	.LASF42
 797 02b1 01       		.byte	0x1
 798 02b2 3801     		.2byte	0x138
 799 02b4 00000000 		.4byte	.LFB3
 800 02b8 64000000 		.4byte	.LFE3-.LFB3
 801 02bc 01       		.uleb128 0x1
 802 02bd 9C       		.byte	0x9c
 803 02be F0020000 		.4byte	0x2f0
 804 02c2 14       		.uleb128 0x14
 805 02c3 6D627800 		.ascii	"mbx\000"
ARM GAS  C:\Users\LUKASC~1\AppData\Local\Temp\ccEPO9Gu.s 			page 21


 806 02c7 01       		.byte	0x1
 807 02c8 3801     		.2byte	0x138
 808 02ca 71020000 		.4byte	0x271
 809 02ce 02       		.uleb128 0x2
 810 02cf 91       		.byte	0x91
 811 02d0 6C       		.sleb128 -20
 812 02d1 15       		.uleb128 0x15
 813 02d2 B9000000 		.4byte	.LASF43
 814 02d6 01       		.byte	0x1
 815 02d7 3B01     		.2byte	0x13b
 816 02d9 F0020000 		.4byte	0x2f0
 817 02dd 02       		.uleb128 0x2
 818 02de 91       		.byte	0x91
 819 02df 70       		.sleb128 -16
 820 02e0 15       		.uleb128 0x15
 821 02e1 5C000000 		.4byte	.LASF39
 822 02e5 01       		.byte	0x1
 823 02e6 3C01     		.2byte	0x13c
 824 02e8 77000000 		.4byte	0x77
 825 02ec 02       		.uleb128 0x2
 826 02ed 91       		.byte	0x91
 827 02ee 76       		.sleb128 -10
 828 02ef 00       		.byte	0
 829 02f0 0D       		.uleb128 0xd
 830 02f1 04       		.byte	0x4
 831 02f2 48020000 		.4byte	0x248
 832 02f6 16       		.uleb128 0x16
 833 02f7 84000000 		.4byte	.LASF44
 834 02fb 04       		.byte	0x4
 835 02fc CE02     		.2byte	0x2ce
 836 02fe 0C010000 		.4byte	0x10c
 837 0302 07       		.uleb128 0x7
 838 0303 6B000000 		.4byte	0x6b
 839 0307 12030000 		.4byte	0x312
 840 030b 08       		.uleb128 0x8
 841 030c 98000000 		.4byte	0x98
 842 0310 15       		.byte	0x15
 843 0311 00       		.byte	0
 844 0312 16       		.uleb128 0x16
 845 0313 54020000 		.4byte	.LASF45
 846 0317 05       		.byte	0x5
 847 0318 0701     		.2byte	0x107
 848 031a 1E030000 		.4byte	0x31e
 849 031e 0E       		.uleb128 0xe
 850 031f 02030000 		.4byte	0x302
 851 0323 16       		.uleb128 0x16
 852 0324 99000000 		.4byte	.LASF46
 853 0328 05       		.byte	0x5
 854 0329 0901     		.2byte	0x109
 855 032b 0C010000 		.4byte	0x10c
 856 032f 16       		.uleb128 0x16
 857 0330 14000000 		.4byte	.LASF47
 858 0334 05       		.byte	0x5
 859 0335 0B01     		.2byte	0x10b
 860 0337 0C010000 		.4byte	0x10c
 861 033b 17       		.uleb128 0x17
 862 033c 7B030000 		.4byte	.LASF48
ARM GAS  C:\Users\LUKASC~1\AppData\Local\Temp\ccEPO9Gu.s 			page 22


 863 0340 03       		.byte	0x3
 864 0341 9B       		.byte	0x9b
 865 0342 02030000 		.4byte	0x302
 866 0346 07       		.uleb128 0x7
 867 0347 6B000000 		.4byte	0x6b
 868 034b 56030000 		.4byte	0x356
 869 034f 08       		.uleb128 0x8
 870 0350 98000000 		.4byte	0x98
 871 0354 03       		.byte	0x3
 872 0355 00       		.byte	0
 873 0356 17       		.uleb128 0x17
 874 0357 42030000 		.4byte	.LASF49
 875 035b 03       		.byte	0x3
 876 035c 9E       		.byte	0x9e
 877 035d 46030000 		.4byte	0x346
 878 0361 07       		.uleb128 0x7
 879 0362 77000000 		.4byte	0x77
 880 0366 71030000 		.4byte	0x371
 881 036a 08       		.uleb128 0x8
 882 036b 98000000 		.4byte	0x98
 883 036f 03       		.byte	0x3
 884 0370 00       		.byte	0
 885 0371 17       		.uleb128 0x17
 886 0372 18030000 		.4byte	.LASF50
 887 0376 03       		.byte	0x3
 888 0377 A0       		.byte	0xa0
 889 0378 61030000 		.4byte	0x361
 890 037c 17       		.uleb128 0x17
 891 037d 15020000 		.4byte	.LASF51
 892 0381 03       		.byte	0x3
 893 0382 A1       		.byte	0xa1
 894 0383 61030000 		.4byte	0x361
 895 0387 17       		.uleb128 0x17
 896 0388 33000000 		.4byte	.LASF52
 897 038c 03       		.byte	0x3
 898 038d A2       		.byte	0xa2
 899 038e 61030000 		.4byte	0x361
 900 0392 17       		.uleb128 0x17
 901 0393 19040000 		.4byte	.LASF53
 902 0397 03       		.byte	0x3
 903 0398 A3       		.byte	0xa3
 904 0399 46030000 		.4byte	0x346
 905 039d 17       		.uleb128 0x17
 906 039e 65000000 		.4byte	.LASF54
 907 03a2 03       		.byte	0x3
 908 03a3 AC       		.byte	0xac
 909 03a4 02030000 		.4byte	0x302
 910 03a8 00       		.byte	0
 911              		.section	.debug_abbrev,"",%progbits
 912              	.Ldebug_abbrev0:
 913 0000 01       		.uleb128 0x1
 914 0001 11       		.uleb128 0x11
 915 0002 01       		.byte	0x1
 916 0003 25       		.uleb128 0x25
 917 0004 0E       		.uleb128 0xe
 918 0005 13       		.uleb128 0x13
 919 0006 0B       		.uleb128 0xb
ARM GAS  C:\Users\LUKASC~1\AppData\Local\Temp\ccEPO9Gu.s 			page 23


 920 0007 03       		.uleb128 0x3
 921 0008 0E       		.uleb128 0xe
 922 0009 1B       		.uleb128 0x1b
 923 000a 0E       		.uleb128 0xe
 924 000b 55       		.uleb128 0x55
 925 000c 17       		.uleb128 0x17
 926 000d 11       		.uleb128 0x11
 927 000e 01       		.uleb128 0x1
 928 000f 10       		.uleb128 0x10
 929 0010 17       		.uleb128 0x17
 930 0011 00       		.byte	0
 931 0012 00       		.byte	0
 932 0013 02       		.uleb128 0x2
 933 0014 24       		.uleb128 0x24
 934 0015 00       		.byte	0
 935 0016 0B       		.uleb128 0xb
 936 0017 0B       		.uleb128 0xb
 937 0018 3E       		.uleb128 0x3e
 938 0019 0B       		.uleb128 0xb
 939 001a 03       		.uleb128 0x3
 940 001b 0E       		.uleb128 0xe
 941 001c 00       		.byte	0
 942 001d 00       		.byte	0
 943 001e 03       		.uleb128 0x3
 944 001f 24       		.uleb128 0x24
 945 0020 00       		.byte	0
 946 0021 0B       		.uleb128 0xb
 947 0022 0B       		.uleb128 0xb
 948 0023 3E       		.uleb128 0x3e
 949 0024 0B       		.uleb128 0xb
 950 0025 03       		.uleb128 0x3
 951 0026 08       		.uleb128 0x8
 952 0027 00       		.byte	0
 953 0028 00       		.byte	0
 954 0029 04       		.uleb128 0x4
 955 002a 16       		.uleb128 0x16
 956 002b 00       		.byte	0
 957 002c 03       		.uleb128 0x3
 958 002d 0E       		.uleb128 0xe
 959 002e 3A       		.uleb128 0x3a
 960 002f 0B       		.uleb128 0xb
 961 0030 3B       		.uleb128 0x3b
 962 0031 05       		.uleb128 0x5
 963 0032 49       		.uleb128 0x49
 964 0033 13       		.uleb128 0x13
 965 0034 00       		.byte	0
 966 0035 00       		.byte	0
 967 0036 05       		.uleb128 0x5
 968 0037 13       		.uleb128 0x13
 969 0038 01       		.byte	0x1
 970 0039 0B       		.uleb128 0xb
 971 003a 0B       		.uleb128 0xb
 972 003b 3A       		.uleb128 0x3a
 973 003c 0B       		.uleb128 0xb
 974 003d 3B       		.uleb128 0x3b
 975 003e 0B       		.uleb128 0xb
 976 003f 01       		.uleb128 0x1
ARM GAS  C:\Users\LUKASC~1\AppData\Local\Temp\ccEPO9Gu.s 			page 24


 977 0040 13       		.uleb128 0x13
 978 0041 00       		.byte	0
 979 0042 00       		.byte	0
 980 0043 06       		.uleb128 0x6
 981 0044 0D       		.uleb128 0xd
 982 0045 00       		.byte	0
 983 0046 03       		.uleb128 0x3
 984 0047 0E       		.uleb128 0xe
 985 0048 3A       		.uleb128 0x3a
 986 0049 0B       		.uleb128 0xb
 987 004a 3B       		.uleb128 0x3b
 988 004b 0B       		.uleb128 0xb
 989 004c 49       		.uleb128 0x49
 990 004d 13       		.uleb128 0x13
 991 004e 38       		.uleb128 0x38
 992 004f 0B       		.uleb128 0xb
 993 0050 00       		.byte	0
 994 0051 00       		.byte	0
 995 0052 07       		.uleb128 0x7
 996 0053 01       		.uleb128 0x1
 997 0054 01       		.byte	0x1
 998 0055 49       		.uleb128 0x49
 999 0056 13       		.uleb128 0x13
 1000 0057 01       		.uleb128 0x1
 1001 0058 13       		.uleb128 0x13
 1002 0059 00       		.byte	0
 1003 005a 00       		.byte	0
 1004 005b 08       		.uleb128 0x8
 1005 005c 21       		.uleb128 0x21
 1006 005d 00       		.byte	0
 1007 005e 49       		.uleb128 0x49
 1008 005f 13       		.uleb128 0x13
 1009 0060 2F       		.uleb128 0x2f
 1010 0061 0B       		.uleb128 0xb
 1011 0062 00       		.byte	0
 1012 0063 00       		.byte	0
 1013 0064 09       		.uleb128 0x9
 1014 0065 16       		.uleb128 0x16
 1015 0066 00       		.byte	0
 1016 0067 03       		.uleb128 0x3
 1017 0068 0E       		.uleb128 0xe
 1018 0069 3A       		.uleb128 0x3a
 1019 006a 0B       		.uleb128 0xb
 1020 006b 3B       		.uleb128 0x3b
 1021 006c 0B       		.uleb128 0xb
 1022 006d 49       		.uleb128 0x49
 1023 006e 13       		.uleb128 0x13
 1024 006f 00       		.byte	0
 1025 0070 00       		.byte	0
 1026 0071 0A       		.uleb128 0xa
 1027 0072 2E       		.uleb128 0x2e
 1028 0073 01       		.byte	0x1
 1029 0074 03       		.uleb128 0x3
 1030 0075 0E       		.uleb128 0xe
 1031 0076 3A       		.uleb128 0x3a
 1032 0077 0B       		.uleb128 0xb
 1033 0078 3B       		.uleb128 0x3b
ARM GAS  C:\Users\LUKASC~1\AppData\Local\Temp\ccEPO9Gu.s 			page 25


 1034 0079 0B       		.uleb128 0xb
 1035 007a 27       		.uleb128 0x27
 1036 007b 19       		.uleb128 0x19
 1037 007c 11       		.uleb128 0x11
 1038 007d 01       		.uleb128 0x1
 1039 007e 12       		.uleb128 0x12
 1040 007f 06       		.uleb128 0x6
 1041 0080 40       		.uleb128 0x40
 1042 0081 18       		.uleb128 0x18
 1043 0082 9642     		.uleb128 0x2116
 1044 0084 19       		.uleb128 0x19
 1045 0085 01       		.uleb128 0x1
 1046 0086 13       		.uleb128 0x13
 1047 0087 00       		.byte	0
 1048 0088 00       		.byte	0
 1049 0089 0B       		.uleb128 0xb
 1050 008a 05       		.uleb128 0x5
 1051 008b 00       		.byte	0
 1052 008c 03       		.uleb128 0x3
 1053 008d 0E       		.uleb128 0xe
 1054 008e 3A       		.uleb128 0x3a
 1055 008f 0B       		.uleb128 0xb
 1056 0090 3B       		.uleb128 0x3b
 1057 0091 0B       		.uleb128 0xb
 1058 0092 49       		.uleb128 0x49
 1059 0093 13       		.uleb128 0x13
 1060 0094 02       		.uleb128 0x2
 1061 0095 18       		.uleb128 0x18
 1062 0096 00       		.byte	0
 1063 0097 00       		.byte	0
 1064 0098 0C       		.uleb128 0xc
 1065 0099 34       		.uleb128 0x34
 1066 009a 00       		.byte	0
 1067 009b 03       		.uleb128 0x3
 1068 009c 0E       		.uleb128 0xe
 1069 009d 3A       		.uleb128 0x3a
 1070 009e 0B       		.uleb128 0xb
 1071 009f 3B       		.uleb128 0x3b
 1072 00a0 0B       		.uleb128 0xb
 1073 00a1 49       		.uleb128 0x49
 1074 00a2 13       		.uleb128 0x13
 1075 00a3 02       		.uleb128 0x2
 1076 00a4 18       		.uleb128 0x18
 1077 00a5 00       		.byte	0
 1078 00a6 00       		.byte	0
 1079 00a7 0D       		.uleb128 0xd
 1080 00a8 0F       		.uleb128 0xf
 1081 00a9 00       		.byte	0
 1082 00aa 0B       		.uleb128 0xb
 1083 00ab 0B       		.uleb128 0xb
 1084 00ac 49       		.uleb128 0x49
 1085 00ad 13       		.uleb128 0x13
 1086 00ae 00       		.byte	0
 1087 00af 00       		.byte	0
 1088 00b0 0E       		.uleb128 0xe
 1089 00b1 26       		.uleb128 0x26
 1090 00b2 00       		.byte	0
ARM GAS  C:\Users\LUKASC~1\AppData\Local\Temp\ccEPO9Gu.s 			page 26


 1091 00b3 49       		.uleb128 0x49
 1092 00b4 13       		.uleb128 0x13
 1093 00b5 00       		.byte	0
 1094 00b6 00       		.byte	0
 1095 00b7 0F       		.uleb128 0xf
 1096 00b8 35       		.uleb128 0x35
 1097 00b9 00       		.byte	0
 1098 00ba 49       		.uleb128 0x49
 1099 00bb 13       		.uleb128 0x13
 1100 00bc 00       		.byte	0
 1101 00bd 00       		.byte	0
 1102 00be 10       		.uleb128 0x10
 1103 00bf 2E       		.uleb128 0x2e
 1104 00c0 01       		.byte	0x1
 1105 00c1 3F       		.uleb128 0x3f
 1106 00c2 19       		.uleb128 0x19
 1107 00c3 03       		.uleb128 0x3
 1108 00c4 0E       		.uleb128 0xe
 1109 00c5 3A       		.uleb128 0x3a
 1110 00c6 0B       		.uleb128 0xb
 1111 00c7 3B       		.uleb128 0x3b
 1112 00c8 0B       		.uleb128 0xb
 1113 00c9 27       		.uleb128 0x27
 1114 00ca 19       		.uleb128 0x19
 1115 00cb 11       		.uleb128 0x11
 1116 00cc 01       		.uleb128 0x1
 1117 00cd 12       		.uleb128 0x12
 1118 00ce 06       		.uleb128 0x6
 1119 00cf 40       		.uleb128 0x40
 1120 00d0 18       		.uleb128 0x18
 1121 00d1 9742     		.uleb128 0x2117
 1122 00d3 19       		.uleb128 0x19
 1123 00d4 01       		.uleb128 0x1
 1124 00d5 13       		.uleb128 0x13
 1125 00d6 00       		.byte	0
 1126 00d7 00       		.byte	0
 1127 00d8 11       		.uleb128 0x11
 1128 00d9 05       		.uleb128 0x5
 1129 00da 00       		.byte	0
 1130 00db 03       		.uleb128 0x3
 1131 00dc 08       		.uleb128 0x8
 1132 00dd 3A       		.uleb128 0x3a
 1133 00de 0B       		.uleb128 0xb
 1134 00df 3B       		.uleb128 0x3b
 1135 00e0 0B       		.uleb128 0xb
 1136 00e1 49       		.uleb128 0x49
 1137 00e2 13       		.uleb128 0x13
 1138 00e3 02       		.uleb128 0x2
 1139 00e4 18       		.uleb128 0x18
 1140 00e5 00       		.byte	0
 1141 00e6 00       		.byte	0
 1142 00e7 12       		.uleb128 0x12
 1143 00e8 34       		.uleb128 0x34
 1144 00e9 00       		.byte	0
 1145 00ea 03       		.uleb128 0x3
 1146 00eb 08       		.uleb128 0x8
 1147 00ec 3A       		.uleb128 0x3a
ARM GAS  C:\Users\LUKASC~1\AppData\Local\Temp\ccEPO9Gu.s 			page 27


 1148 00ed 0B       		.uleb128 0xb
 1149 00ee 3B       		.uleb128 0x3b
 1150 00ef 0B       		.uleb128 0xb
 1151 00f0 49       		.uleb128 0x49
 1152 00f1 13       		.uleb128 0x13
 1153 00f2 02       		.uleb128 0x2
 1154 00f3 18       		.uleb128 0x18
 1155 00f4 00       		.byte	0
 1156 00f5 00       		.byte	0
 1157 00f6 13       		.uleb128 0x13
 1158 00f7 2E       		.uleb128 0x2e
 1159 00f8 01       		.byte	0x1
 1160 00f9 3F       		.uleb128 0x3f
 1161 00fa 19       		.uleb128 0x19
 1162 00fb 03       		.uleb128 0x3
 1163 00fc 0E       		.uleb128 0xe
 1164 00fd 3A       		.uleb128 0x3a
 1165 00fe 0B       		.uleb128 0xb
 1166 00ff 3B       		.uleb128 0x3b
 1167 0100 05       		.uleb128 0x5
 1168 0101 27       		.uleb128 0x27
 1169 0102 19       		.uleb128 0x19
 1170 0103 11       		.uleb128 0x11
 1171 0104 01       		.uleb128 0x1
 1172 0105 12       		.uleb128 0x12
 1173 0106 06       		.uleb128 0x6
 1174 0107 40       		.uleb128 0x40
 1175 0108 18       		.uleb128 0x18
 1176 0109 9642     		.uleb128 0x2116
 1177 010b 19       		.uleb128 0x19
 1178 010c 01       		.uleb128 0x1
 1179 010d 13       		.uleb128 0x13
 1180 010e 00       		.byte	0
 1181 010f 00       		.byte	0
 1182 0110 14       		.uleb128 0x14
 1183 0111 05       		.uleb128 0x5
 1184 0112 00       		.byte	0
 1185 0113 03       		.uleb128 0x3
 1186 0114 08       		.uleb128 0x8
 1187 0115 3A       		.uleb128 0x3a
 1188 0116 0B       		.uleb128 0xb
 1189 0117 3B       		.uleb128 0x3b
 1190 0118 05       		.uleb128 0x5
 1191 0119 49       		.uleb128 0x49
 1192 011a 13       		.uleb128 0x13
 1193 011b 02       		.uleb128 0x2
 1194 011c 18       		.uleb128 0x18
 1195 011d 00       		.byte	0
 1196 011e 00       		.byte	0
 1197 011f 15       		.uleb128 0x15
 1198 0120 34       		.uleb128 0x34
 1199 0121 00       		.byte	0
 1200 0122 03       		.uleb128 0x3
 1201 0123 0E       		.uleb128 0xe
 1202 0124 3A       		.uleb128 0x3a
 1203 0125 0B       		.uleb128 0xb
 1204 0126 3B       		.uleb128 0x3b
ARM GAS  C:\Users\LUKASC~1\AppData\Local\Temp\ccEPO9Gu.s 			page 28


 1205 0127 05       		.uleb128 0x5
 1206 0128 49       		.uleb128 0x49
 1207 0129 13       		.uleb128 0x13
 1208 012a 02       		.uleb128 0x2
 1209 012b 18       		.uleb128 0x18
 1210 012c 00       		.byte	0
 1211 012d 00       		.byte	0
 1212 012e 16       		.uleb128 0x16
 1213 012f 34       		.uleb128 0x34
 1214 0130 00       		.byte	0
 1215 0131 03       		.uleb128 0x3
 1216 0132 0E       		.uleb128 0xe
 1217 0133 3A       		.uleb128 0x3a
 1218 0134 0B       		.uleb128 0xb
 1219 0135 3B       		.uleb128 0x3b
 1220 0136 05       		.uleb128 0x5
 1221 0137 49       		.uleb128 0x49
 1222 0138 13       		.uleb128 0x13
 1223 0139 3F       		.uleb128 0x3f
 1224 013a 19       		.uleb128 0x19
 1225 013b 3C       		.uleb128 0x3c
 1226 013c 19       		.uleb128 0x19
 1227 013d 00       		.byte	0
 1228 013e 00       		.byte	0
 1229 013f 17       		.uleb128 0x17
 1230 0140 34       		.uleb128 0x34
 1231 0141 00       		.byte	0
 1232 0142 03       		.uleb128 0x3
 1233 0143 0E       		.uleb128 0xe
 1234 0144 3A       		.uleb128 0x3a
 1235 0145 0B       		.uleb128 0xb
 1236 0146 3B       		.uleb128 0x3b
 1237 0147 0B       		.uleb128 0xb
 1238 0148 49       		.uleb128 0x49
 1239 0149 13       		.uleb128 0x13
 1240 014a 3F       		.uleb128 0x3f
 1241 014b 19       		.uleb128 0x19
 1242 014c 3C       		.uleb128 0x3c
 1243 014d 19       		.uleb128 0x19
 1244 014e 00       		.byte	0
 1245 014f 00       		.byte	0
 1246 0150 00       		.byte	0
 1247              		.section	.debug_aranges,"",%progbits
 1248 0000 34000000 		.4byte	0x34
 1249 0004 0200     		.2byte	0x2
 1250 0006 00000000 		.4byte	.Ldebug_info0
 1251 000a 04       		.byte	0x4
 1252 000b 00       		.byte	0
 1253 000c 0000     		.2byte	0
 1254 000e 0000     		.2byte	0
 1255 0010 00000000 		.4byte	.LFB0
 1256 0014 F4000000 		.4byte	.LFE0-.LFB0
 1257 0018 00000000 		.4byte	.LFB1
 1258 001c 50000000 		.4byte	.LFE1-.LFB1
 1259 0020 00000000 		.4byte	.LFB2
 1260 0024 D8000000 		.4byte	.LFE2-.LFB2
 1261 0028 00000000 		.4byte	.LFB3
ARM GAS  C:\Users\LUKASC~1\AppData\Local\Temp\ccEPO9Gu.s 			page 29


 1262 002c 64000000 		.4byte	.LFE3-.LFB3
 1263 0030 00000000 		.4byte	0
 1264 0034 00000000 		.4byte	0
 1265              		.section	.debug_ranges,"",%progbits
 1266              	.Ldebug_ranges0:
 1267 0000 00000000 		.4byte	.LFB0
 1268 0004 F4000000 		.4byte	.LFE0
 1269 0008 00000000 		.4byte	.LFB1
 1270 000c 50000000 		.4byte	.LFE1
 1271 0010 00000000 		.4byte	.LFB2
 1272 0014 D8000000 		.4byte	.LFE2
 1273 0018 00000000 		.4byte	.LFB3
 1274 001c 64000000 		.4byte	.LFE3
 1275 0020 00000000 		.4byte	0
 1276 0024 00000000 		.4byte	0
 1277              		.section	.debug_line,"",%progbits
 1278              	.Ldebug_line0:
 1279 0000 16010000 		.section	.debug_str,"MS",%progbits,1
 1279      02008600 
 1279      00000201 
 1279      FB0E0D00 
 1279      01010101 
 1280              	.LASF30:
 1281 0000 616E616C 		.ascii	"analogSwitchDivider\000"
 1281      6F675377 
 1281      69746368 
 1281      44697669 
 1281      64657200 
 1282              	.LASF47:
 1283 0014 43617053 		.ascii	"CapSense_1_sensorSignal\000"
 1283      656E7365 
 1283      5F315F73 
 1283      656E736F 
 1283      72536967 
 1284              	.LASF18:
 1285 002c 7369676E 		.ascii	"signal\000"
 1285      616C00
 1286              	.LASF52:
 1287 0033 43617053 		.ascii	"CapSense_1_hysteresis\000"
 1287      656E7365 
 1287      5F315F68 
 1287      79737465 
 1287      72657369 
 1288              	.LASF3:
 1289 0049 73686F72 		.ascii	"short unsigned int\000"
 1289      7420756E 
 1289      7369676E 
 1289      65642069 
 1289      6E7400
 1290              	.LASF39:
 1291 005c 746D7056 		.ascii	"tmpValue\000"
 1291      616C7565 
 1291      00
 1292              	.LASF54:
 1293 0065 43617053 		.ascii	"CapSense_1_analogSwitchDivider\000"
 1293      656E7365 
 1293      5F315F61 
ARM GAS  C:\Users\LUKASC~1\AppData\Local\Temp\ccEPO9Gu.s 			page 30


 1293      6E616C6F 
 1293      67537769 
 1294              	.LASF44:
 1295 0084 43617053 		.ascii	"CapSense_1_sensorRaw\000"
 1295      656E7365 
 1295      5F315F73 
 1295      656E736F 
 1295      72526177 
 1296              	.LASF46:
 1297 0099 43617053 		.ascii	"CapSense_1_sensorBaseline\000"
 1297      656E7365 
 1297      5F315F73 
 1297      656E736F 
 1297      72426173 
 1298              	.LASF11:
 1299 00b3 666C6F61 		.ascii	"float\000"
 1299      7400
 1300              	.LASF43:
 1301 00b9 746D7049 		.ascii	"tmpInbox\000"
 1301      6E626F78 
 1301      00
 1302              	.LASF7:
 1303 00c2 6C6F6E67 		.ascii	"long long unsigned int\000"
 1303      206C6F6E 
 1303      6720756E 
 1303      7369676E 
 1303      65642069 
 1304              	.LASF33:
 1305 00d9 73697A65 		.ascii	"size\000"
 1305      00
 1306              	.LASF21:
 1307 00de 63686563 		.ascii	"checkSum\000"
 1307      6B53756D 
 1307      00
 1308              	.LASF40:
 1309 00e7 43617053 		.ascii	"CapSense_1_InitMailbox\000"
 1309      656E7365 
 1309      5F315F49 
 1309      6E69744D 
 1309      61696C62 
 1310              	.LASF37:
 1311 00fe 73656E73 		.ascii	"sensor\000"
 1311      6F7200
 1312              	.LASF35:
 1313 0105 696E626F 		.ascii	"inbox\000"
 1313      7800
 1314              	.LASF5:
 1315 010b 6C6F6E67 		.ascii	"long unsigned int\000"
 1315      20756E73 
 1315      69676E65 
 1315      6420696E 
 1315      7400
 1316              	.LASF41:
 1317 011d 43617053 		.ascii	"CapSense_1_PostMessage\000"
 1317      656E7365 
 1317      5F315F50 
 1317      6F73744D 
ARM GAS  C:\Users\LUKASC~1\AppData\Local\Temp\ccEPO9Gu.s 			page 31


 1317      65737361 
 1318              	.LASF9:
 1319 0134 75696E74 		.ascii	"uint8\000"
 1319      3800
 1320              	.LASF42:
 1321 013a 43617053 		.ascii	"CapSense_1_ReadMessage\000"
 1321      656E7365 
 1321      5F315F52 
 1321      6561644D 
 1321      65737361 
 1322              	.LASF36:
 1323 0151 43617053 		.ascii	"CapSense_1_MAILBOX\000"
 1323      656E7365 
 1323      5F315F4D 
 1323      41494C42 
 1323      4F5800
 1324              	.LASF1:
 1325 0164 756E7369 		.ascii	"unsigned char\000"
 1325      676E6564 
 1325      20636861 
 1325      7200
 1326              	.LASF55:
 1327 0172 474E5520 		.ascii	"GNU C 4.9.3 20150303 (release) [ARM/embedded-4_9-br"
 1327      4320342E 
 1327      392E3320 
 1327      32303135 
 1327      30333033 
 1328 01a5 616E6368 		.ascii	"anch revision 221220] -mcpu=cortex-m3 -mthumb -g -O"
 1328      20726576 
 1328      6973696F 
 1328      6E203232 
 1328      31323230 
 1329 01d8 30202D66 		.ascii	"0 -ffunction-sections -ffat-lto-objects\000"
 1329      66756E63 
 1329      74696F6E 
 1329      2D736563 
 1329      74696F6E 
 1330              	.LASF12:
 1331 0200 646F7562 		.ascii	"double\000"
 1331      6C6500
 1332              	.LASF19:
 1333 0207 6F6E4D61 		.ascii	"onMask\000"
 1333      736B00
 1334              	.LASF10:
 1335 020e 75696E74 		.ascii	"uint16\000"
 1335      313600
 1336              	.LASF51:
 1337 0215 43617053 		.ascii	"CapSense_1_noiseThreshold\000"
 1337      656E7365 
 1337      5F315F6E 
 1337      6F697365 
 1337      54687265 
 1338              	.LASF15:
 1339 022f 706F7369 		.ascii	"position\000"
 1339      74696F6E 
 1339      00
 1340              	.LASF27:
ARM GAS  C:\Users\LUKASC~1\AppData\Local\Temp\ccEPO9Gu.s 			page 32


 1341 0238 6E6F6973 		.ascii	"noiseThreshold\000"
 1341      65546872 
 1341      6573686F 
 1341      6C6400
 1342              	.LASF8:
 1343 0247 756E7369 		.ascii	"unsigned int\000"
 1343      676E6564 
 1343      20696E74 
 1343      00
 1344              	.LASF45:
 1345 0254 43617053 		.ascii	"CapSense_1_widgetNumber\000"
 1345      656E7365 
 1345      5F315F77 
 1345      69646765 
 1345      744E756D 
 1346              	.LASF20:
 1347 026c 6E6F5265 		.ascii	"noReadMsg\000"
 1347      61644D73 
 1347      6700
 1348              	.LASF23:
 1349 0276 73656E73 		.ascii	"sensorIndex\000"
 1349      6F72496E 
 1349      64657800 
 1350              	.LASF24:
 1351 0282 69646163 		.ascii	"idacSettings\000"
 1351      53657474 
 1351      696E6773 
 1351      00
 1352              	.LASF25:
 1353 028f 7265736F 		.ascii	"resolution\000"
 1353      6C757469 
 1353      6F6E00
 1354              	.LASF29:
 1355 029a 6465626F 		.ascii	"debounce\000"
 1355      756E6365 
 1355      00
 1356              	.LASF38:
 1357 02a3 77696467 		.ascii	"widget\000"
 1357      657400
 1358              	.LASF28:
 1359 02aa 68797374 		.ascii	"hysteresis\000"
 1359      65726573 
 1359      697300
 1360              	.LASF14:
 1361 02b5 73697A65 		.ascii	"sizetype\000"
 1361      74797065 
 1361      00
 1362              	.LASF6:
 1363 02be 6C6F6E67 		.ascii	"long long int\000"
 1363      206C6F6E 
 1363      6720696E 
 1363      7400
 1364              	.LASF22:
 1365 02cc 43617053 		.ascii	"CapSense_1_OUTBOX\000"
 1365      656E7365 
 1365      5F315F4F 
 1365      5554424F 
ARM GAS  C:\Users\LUKASC~1\AppData\Local\Temp\ccEPO9Gu.s 			page 33


 1365      5800
 1366              	.LASF26:
 1367 02de 66696E67 		.ascii	"fingerThreshold\000"
 1367      65725468 
 1367      72657368 
 1367      6F6C6400 
 1368              	.LASF56:
 1369 02ee 2E5C4765 		.ascii	".\\Generated_Source\\PSoC5\\CapSense_1_MBX.c\000"
 1369      6E657261 
 1369      7465645F 
 1369      536F7572 
 1369      63655C50 
 1370              	.LASF50:
 1371 0318 43617053 		.ascii	"CapSense_1_fingerThreshold\000"
 1371      656E7365 
 1371      5F315F66 
 1371      696E6765 
 1371      72546872 
 1372              	.LASF32:
 1373 0333 74797065 		.ascii	"type\000"
 1373      00
 1374              	.LASF2:
 1375 0338 73686F72 		.ascii	"short int\000"
 1375      7420696E 
 1375      7400
 1376              	.LASF49:
 1377 0342 43617053 		.ascii	"CapSense_1_widgetResolution\000"
 1377      656E7365 
 1377      5F315F77 
 1377      69646765 
 1377      74526573 
 1378              	.LASF34:
 1379 035e 6F757462 		.ascii	"outbox\000"
 1379      6F7800
 1380              	.LASF16:
 1381 0365 72617744 		.ascii	"rawData\000"
 1381      61746100 
 1382              	.LASF4:
 1383 036d 6C6F6E67 		.ascii	"long int\000"
 1383      20696E74 
 1383      00
 1384              	.LASF13:
 1385 0376 63686172 		.ascii	"char\000"
 1385      00
 1386              	.LASF48:
 1387 037b 43617053 		.ascii	"CapSense_1_idacSettings\000"
 1387      656E7365 
 1387      5F315F69 
 1387      64616353 
 1387      65747469 
 1388              	.LASF58:
 1389 0393 43617053 		.ascii	"CapSense_1_InitParams\000"
 1389      656E7365 
 1389      5F315F49 
 1389      6E697450 
 1389      6172616D 
 1390              	.LASF0:
ARM GAS  C:\Users\LUKASC~1\AppData\Local\Temp\ccEPO9Gu.s 			page 34


 1391 03a9 7369676E 		.ascii	"signed char\000"
 1391      65642063 
 1391      68617200 
 1392              	.LASF17:
 1393 03b5 62617365 		.ascii	"baseLine\000"
 1393      4C696E65 
 1393      00
 1394              	.LASF57:
 1395 03be 433A5C55 		.ascii	"C:\\Users\\Lukas Creutzburg\\Documents\\GitHub\\fre"
 1395      73657273 
 1395      5C4C756B 
 1395      61732043 
 1395      72657574 
 1396 03ec 65445350 		.ascii	"eDSPPSoC-I2C\\PSoC5_SPI_Master_CapSense.cydsn\000"
 1396      50536F43 
 1396      2D493243 
 1396      5C50536F 
 1396      43355F53 
 1397              	.LASF53:
 1398 0419 43617053 		.ascii	"CapSense_1_debounce\000"
 1398      656E7365 
 1398      5F315F64 
 1398      65626F75 
 1398      6E636500 
 1399              	.LASF31:
 1400 042d 43617053 		.ascii	"CapSense_1_INBOX\000"
 1400      656E7365 
 1400      5F315F49 
 1400      4E424F58 
 1400      00
 1401              		.ident	"GCC: (GNU Tools for ARM Embedded Processors) 4.9.3 20150303 (release) [ARM/embedded-4_9-br
