ARM GAS  C:\Users\LUKASC~1\AppData\Local\Temp\ccKu79sb.s 			page 1


   1              		.syntax unified
   2              		.cpu cortex-m3
   3              		.fpu softvfp
   4              		.eabi_attribute 20, 1
   5              		.eabi_attribute 21, 1
   6              		.eabi_attribute 23, 3
   7              		.eabi_attribute 24, 1
   8              		.eabi_attribute 25, 1
   9              		.eabi_attribute 26, 1
  10              		.eabi_attribute 30, 6
  11              		.eabi_attribute 34, 1
  12              		.eabi_attribute 18, 4
  13              		.thumb
  14              		.file	"CapSense_SMS_Wrapper.c"
  15              		.text
  16              	.Ltext0:
  17              		.cfi_sections	.debug_frame
  18              		.global	SMS_LIB_noiseThreshold
  19              		.data
  20              		.align	2
  21              		.type	SMS_LIB_noiseThreshold, %object
  22              		.size	SMS_LIB_noiseThreshold, 4
  23              	SMS_LIB_noiseThreshold:
  24 0000 00000000 		.word	CapSense_noiseThreshold
  25              		.global	SMS_LIB_hysteresis
  26              		.align	2
  27              		.type	SMS_LIB_hysteresis, %object
  28              		.size	SMS_LIB_hysteresis, 4
  29              	SMS_LIB_hysteresis:
  30 0004 00000000 		.word	CapSense_hysteresis
  31              		.global	SMS_LIB_widgetResolution
  32              		.align	2
  33              		.type	SMS_LIB_widgetResolution, %object
  34              		.size	SMS_LIB_widgetResolution, 4
  35              	SMS_LIB_widgetResolution:
  36 0008 00000000 		.word	CapSense_widgetResolution
  37              		.global	SMS_LIB_widgetNumber
  38              		.align	2
  39              		.type	SMS_LIB_widgetNumber, %object
  40              		.size	SMS_LIB_widgetNumber, 4
  41              	SMS_LIB_widgetNumber:
  42 000c 00000000 		.word	CapSense_widgetNumber
  43              		.global	SMS_LIB_numberOfSensors
  44              		.align	2
  45              		.type	SMS_LIB_numberOfSensors, %object
  46              		.size	SMS_LIB_numberOfSensors, 4
  47              	SMS_LIB_numberOfSensors:
  48 0010 00000000 		.word	CapSense_numberOfSensors
  49              		.global	SMS_LIB_rawDataIndex
  50              		.align	2
  51              		.type	SMS_LIB_rawDataIndex, %object
  52              		.size	SMS_LIB_rawDataIndex, 4
  53              	SMS_LIB_rawDataIndex:
  54 0014 00000000 		.word	CapSense_rawDataIndex
  55              		.global	SMS_LIB_fingerThreshold
  56              		.align	2
  57              		.type	SMS_LIB_fingerThreshold, %object
ARM GAS  C:\Users\LUKASC~1\AppData\Local\Temp\ccKu79sb.s 			page 2


  58              		.size	SMS_LIB_fingerThreshold, 4
  59              	SMS_LIB_fingerThreshold:
  60 0018 00000000 		.word	CapSense_fingerThreshold
  61              		.global	SMS_LIB_idacSettings
  62              		.align	2
  63              		.type	SMS_LIB_idacSettings, %object
  64              		.size	SMS_LIB_idacSettings, 4
  65              	SMS_LIB_idacSettings:
  66 001c 00000000 		.word	CapSense_idacSettings
  67              		.global	SMS_LIB_prescaler
  68              		.align	2
  69              		.type	SMS_LIB_prescaler, %object
  70              		.size	SMS_LIB_prescaler, 4
  71              	SMS_LIB_prescaler:
  72 0020 00000000 		.word	CapSense_analogSwitchDivider
  73              		.global	SMS_LIB_SensorRaw
  74              		.align	2
  75              		.type	SMS_LIB_SensorRaw, %object
  76              		.size	SMS_LIB_SensorRaw, 4
  77              	SMS_LIB_SensorRaw:
  78 0024 00000000 		.word	CapSense_sensorRaw
  79              		.global	SMS_LIB_SensorBaseline
  80              		.align	2
  81              		.type	SMS_LIB_SensorBaseline, %object
  82              		.size	SMS_LIB_SensorBaseline, 4
  83              	SMS_LIB_SensorBaseline:
  84 0028 00000000 		.word	CapSense_sensorBaseline
  85              		.global	SMS_LIB_SensorSensitivity
  86              		.section	.rodata
  87              		.align	2
  88              		.type	SMS_LIB_SensorSensitivity, %object
  89              		.size	SMS_LIB_SensorSensitivity, 22
  90              	SMS_LIB_SensorSensitivity:
  91 0000 02       		.byte	2
  92 0001 02       		.byte	2
  93 0002 02       		.byte	2
  94 0003 02       		.byte	2
  95 0004 02       		.byte	2
  96 0005 02       		.byte	2
  97 0006 02       		.byte	2
  98 0007 02       		.byte	2
  99 0008 02       		.byte	2
 100 0009 02       		.byte	2
 101 000a 02       		.byte	2
 102 000b 02       		.byte	2
 103 000c 02       		.byte	2
 104 000d 02       		.byte	2
 105 000e 02       		.byte	2
 106 000f 02       		.byte	2
 107 0010 02       		.byte	2
 108 0011 02       		.byte	2
 109 0012 02       		.byte	2
 110 0013 02       		.byte	2
 111 0014 02       		.byte	2
 112 0015 02       		.byte	2
 113              		.global	SMS_LIB_PrescalerTbl
 114 0016 0000     		.align	2
ARM GAS  C:\Users\LUKASC~1\AppData\Local\Temp\ccKu79sb.s 			page 3


 115              		.type	SMS_LIB_PrescalerTbl, %object
 116              		.size	SMS_LIB_PrescalerTbl, 32
 117              	SMS_LIB_PrescalerTbl:
 118 0018 01       		.byte	1
 119 0019 01       		.byte	1
 120 001a 01       		.byte	1
 121 001b 01       		.byte	1
 122 001c 01       		.byte	1
 123 001d 01       		.byte	1
 124 001e 02       		.byte	2
 125 001f 02       		.byte	2
 126 0020 02       		.byte	2
 127 0021 02       		.byte	2
 128 0022 02       		.byte	2
 129 0023 03       		.byte	3
 130 0024 03       		.byte	3
 131 0025 03       		.byte	3
 132 0026 03       		.byte	3
 133 0027 03       		.byte	3
 134 0028 03       		.byte	3
 135 0029 04       		.byte	4
 136 002a 04       		.byte	4
 137 002b 04       		.byte	4
 138 002c 04       		.byte	4
 139 002d 04       		.byte	4
 140 002e 04       		.byte	4
 141 002f 05       		.byte	5
 142 0030 05       		.byte	5
 143 0031 05       		.byte	5
 144 0032 05       		.byte	5
 145 0033 05       		.byte	5
 146 0034 05       		.byte	5
 147 0035 06       		.byte	6
 148 0036 06       		.byte	6
 149 0037 06       		.byte	6
 150              		.comm	SMS_LIB_Table2,22,4
 151              		.comm	SMS_LIB_Table3,22,4
 152              		.comm	SMS_LIB_Table4,44,4
 153              		.comm	SMS_LIB_Table5,44,4
 154              		.comm	SMS_LIB_Table6,22,4
 155              		.comm	SMS_LIB_Table7,22,4
 156              		.comm	SMS_LIB_Table8,4,4
 157              		.comm	SMS_LIB_Table9,4,4
 158              		.global	SMS_LIB_Var1
 159              		.data
 160              		.type	SMS_LIB_Var1, %object
 161              		.size	SMS_LIB_Var1, 1
 162              	SMS_LIB_Var1:
 163 002c 05       		.byte	5
 164              		.global	SMS_LIB_Var2
 165 002d 00       		.align	1
 166              		.type	SMS_LIB_Var2, %object
 167              		.size	SMS_LIB_Var2, 2
 168              	SMS_LIB_Var2:
 169 002e F229     		.short	10738
 170              		.global	SMS_LIB_TotalSnsCnt
 171              		.type	SMS_LIB_TotalSnsCnt, %object
ARM GAS  C:\Users\LUKASC~1\AppData\Local\Temp\ccKu79sb.s 			page 4


 172              		.size	SMS_LIB_TotalSnsCnt, 1
 173              	SMS_LIB_TotalSnsCnt:
 174 0030 16       		.byte	22
 175              		.global	SMS_LIB_TotalScanSlCnt
 176              		.type	SMS_LIB_TotalScanSlCnt, %object
 177              		.size	SMS_LIB_TotalScanSlCnt, 1
 178              	SMS_LIB_TotalScanSlCnt:
 179 0031 16       		.byte	22
 180              		.global	SMS_LIB_EndOfWidgInd
 181              		.type	SMS_LIB_EndOfWidgInd, %object
 182              		.size	SMS_LIB_EndOfWidgInd, 1
 183              	SMS_LIB_EndOfWidgInd:
 184 0032 04       		.byte	4
 185              		.global	SMS_LIB_TotalSnsCnt_CH0
 186 0033 00       		.bss
 187              		.type	SMS_LIB_TotalSnsCnt_CH0, %object
 188              		.size	SMS_LIB_TotalSnsCnt_CH0, 1
 189              	SMS_LIB_TotalSnsCnt_CH0:
 190 0000 00       		.space	1
 191              		.global	SMS_LIB_TotalSnsCnt_CH1
 192              		.type	SMS_LIB_TotalSnsCnt_CH1, %object
 193              		.size	SMS_LIB_TotalSnsCnt_CH1, 1
 194              	SMS_LIB_TotalSnsCnt_CH1:
 195 0001 00       		.space	1
 196              		.section	.text.SMS_LIB_ScanSensor,"ax",%progbits
 197              		.align	2
 198              		.global	SMS_LIB_ScanSensor
 199              		.thumb
 200              		.thumb_func
 201              		.type	SMS_LIB_ScanSensor, %function
 202              	SMS_LIB_ScanSensor:
 203              	.LFB0:
 204              		.file 1 ".\\Generated_Source\\PSoC5\\CapSense_SMS_Wrapper.c"
   1:.\Generated_Source\PSoC5/CapSense_SMS_Wrapper.c **** /*******************************************************************************
   2:.\Generated_Source\PSoC5/CapSense_SMS_Wrapper.c **** * File Name: CapSense_SMS_Wrapper.c
   3:.\Generated_Source\PSoC5/CapSense_SMS_Wrapper.c **** * Version 3.50
   4:.\Generated_Source\PSoC5/CapSense_SMS_Wrapper.c **** *
   5:.\Generated_Source\PSoC5/CapSense_SMS_Wrapper.c **** * Description:
   6:.\Generated_Source\PSoC5/CapSense_SMS_Wrapper.c **** *  This file provides the source code of wrapper between CapSense CSD component 
   7:.\Generated_Source\PSoC5/CapSense_SMS_Wrapper.c **** *  and Auto Tuning library.
   8:.\Generated_Source\PSoC5/CapSense_SMS_Wrapper.c **** *
   9:.\Generated_Source\PSoC5/CapSense_SMS_Wrapper.c **** * Note:
  10:.\Generated_Source\PSoC5/CapSense_SMS_Wrapper.c **** *
  11:.\Generated_Source\PSoC5/CapSense_SMS_Wrapper.c **** ********************************************************************************
  12:.\Generated_Source\PSoC5/CapSense_SMS_Wrapper.c **** * Copyright 2008-2012, Cypress Semiconductor Corporation.  All rights reserved.
  13:.\Generated_Source\PSoC5/CapSense_SMS_Wrapper.c **** * You may use this file only in accordance with the license, terms, conditions,
  14:.\Generated_Source\PSoC5/CapSense_SMS_Wrapper.c **** * disclaimers, and limitations in the end user license agreement accompanying
  15:.\Generated_Source\PSoC5/CapSense_SMS_Wrapper.c **** * the software package with which this file was provided.
  16:.\Generated_Source\PSoC5/CapSense_SMS_Wrapper.c **** *******************************************************************************/
  17:.\Generated_Source\PSoC5/CapSense_SMS_Wrapper.c **** 
  18:.\Generated_Source\PSoC5/CapSense_SMS_Wrapper.c **** #include "CapSense.h"
  19:.\Generated_Source\PSoC5/CapSense_SMS_Wrapper.c **** #include "CapSense_CSHL.h"
  20:.\Generated_Source\PSoC5/CapSense_SMS_Wrapper.c **** 
  21:.\Generated_Source\PSoC5/CapSense_SMS_Wrapper.c **** #if (CapSense_TUNING_METHOD == CapSense_AUTO_TUNING)
  22:.\Generated_Source\PSoC5/CapSense_SMS_Wrapper.c **** 
  23:.\Generated_Source\PSoC5/CapSense_SMS_Wrapper.c **** extern uint8 CapSense_noiseThreshold[CapSense_WIDGET_CSHL_PARAMETERS_COUNT];
  24:.\Generated_Source\PSoC5/CapSense_SMS_Wrapper.c **** extern uint8 CapSense_hysteresis[CapSense_WIDGET_CSHL_PARAMETERS_COUNT];
ARM GAS  C:\Users\LUKASC~1\AppData\Local\Temp\ccKu79sb.s 			page 5


  25:.\Generated_Source\PSoC5/CapSense_SMS_Wrapper.c **** extern uint8 CapSense_widgetResolution[CapSense_WIDGET_RESOLUTION_PARAMETERS_COUNT];
  26:.\Generated_Source\PSoC5/CapSense_SMS_Wrapper.c **** extern const uint8 CYCODE CapSense_numberOfSensors[CapSense_SENSORS_TBL_SIZE];
  27:.\Generated_Source\PSoC5/CapSense_SMS_Wrapper.c **** extern const uint8 CYCODE CapSense_rawDataIndex[CapSense_SENSORS_TBL_SIZE];
  28:.\Generated_Source\PSoC5/CapSense_SMS_Wrapper.c **** 
  29:.\Generated_Source\PSoC5/CapSense_SMS_Wrapper.c **** extern uint8 CapSense_fingerThreshold[CapSense_WIDGET_CSHL_PARAMETERS_COUNT];
  30:.\Generated_Source\PSoC5/CapSense_SMS_Wrapper.c **** extern uint8 CapSense_idacSettings[CapSense_TOTAL_SENSOR_COUNT];
  31:.\Generated_Source\PSoC5/CapSense_SMS_Wrapper.c **** extern uint8 CapSense_analogSwitchDivider[CapSense_TOTAL_SCANSLOT_COUNT];
  32:.\Generated_Source\PSoC5/CapSense_SMS_Wrapper.c **** 
  33:.\Generated_Source\PSoC5/CapSense_SMS_Wrapper.c **** extern void SMS_LIB_V3_50_CalculateThresholds(uint8 SensorNumber);
  34:.\Generated_Source\PSoC5/CapSense_SMS_Wrapper.c **** extern void SMS_LIB_V3_50_AutoTune1Ch(void);
  35:.\Generated_Source\PSoC5/CapSense_SMS_Wrapper.c **** extern void SMS_LIB_V3_50_AutoTune2Ch(void);
  36:.\Generated_Source\PSoC5/CapSense_SMS_Wrapper.c **** 
  37:.\Generated_Source\PSoC5/CapSense_SMS_Wrapper.c **** uint8  * SMS_LIB_noiseThreshold = CapSense_noiseThreshold;
  38:.\Generated_Source\PSoC5/CapSense_SMS_Wrapper.c **** uint8 * SMS_LIB_hysteresis = CapSense_hysteresis;
  39:.\Generated_Source\PSoC5/CapSense_SMS_Wrapper.c **** 
  40:.\Generated_Source\PSoC5/CapSense_SMS_Wrapper.c **** uint8 * SMS_LIB_widgetResolution = CapSense_widgetResolution;
  41:.\Generated_Source\PSoC5/CapSense_SMS_Wrapper.c **** 
  42:.\Generated_Source\PSoC5/CapSense_SMS_Wrapper.c **** const uint8 CYCODE * SMS_LIB_widgetNumber = CapSense_widgetNumber;
  43:.\Generated_Source\PSoC5/CapSense_SMS_Wrapper.c **** const uint8 CYCODE * SMS_LIB_numberOfSensors = CapSense_numberOfSensors;
  44:.\Generated_Source\PSoC5/CapSense_SMS_Wrapper.c **** const uint8 CYCODE * SMS_LIB_rawDataIndex = CapSense_rawDataIndex;
  45:.\Generated_Source\PSoC5/CapSense_SMS_Wrapper.c **** 
  46:.\Generated_Source\PSoC5/CapSense_SMS_Wrapper.c **** uint8 * SMS_LIB_fingerThreshold = CapSense_fingerThreshold;
  47:.\Generated_Source\PSoC5/CapSense_SMS_Wrapper.c **** uint8 * SMS_LIB_idacSettings = CapSense_idacSettings;
  48:.\Generated_Source\PSoC5/CapSense_SMS_Wrapper.c **** uint8 * SMS_LIB_prescaler = CapSense_analogSwitchDivider;
  49:.\Generated_Source\PSoC5/CapSense_SMS_Wrapper.c **** 
  50:.\Generated_Source\PSoC5/CapSense_SMS_Wrapper.c **** uint16 * SMS_LIB_SensorRaw = CapSense_sensorRaw;
  51:.\Generated_Source\PSoC5/CapSense_SMS_Wrapper.c **** uint16 * SMS_LIB_SensorBaseline = CapSense_sensorBaseline;
  52:.\Generated_Source\PSoC5/CapSense_SMS_Wrapper.c **** 
  53:.\Generated_Source\PSoC5/CapSense_SMS_Wrapper.c **** const uint8 CYCODE SMS_LIB_SensorSensitivity[] = {
  54:.\Generated_Source\PSoC5/CapSense_SMS_Wrapper.c ****     2, 2, 2, 2, 2, 2, 2, 2, 2, 2, 2, 2, 2, 2, 2, 2, 2, 2, 2, 2, 2, 2, 
  55:.\Generated_Source\PSoC5/CapSense_SMS_Wrapper.c **** };
  56:.\Generated_Source\PSoC5/CapSense_SMS_Wrapper.c **** 
  57:.\Generated_Source\PSoC5/CapSense_SMS_Wrapper.c **** 
  58:.\Generated_Source\PSoC5/CapSense_SMS_Wrapper.c **** const uint8 CYCODE SMS_LIB_PrescalerTbl[] = {
  59:.\Generated_Source\PSoC5/CapSense_SMS_Wrapper.c ****     1u, 1u, 1u, 1u, 1u, 1u, 2u, 2u, 2u, 2u, 2u, 3u, 3u, 3u, 3u, 3u, 3u, 4u, 4u, 4u, 4u, 4u, 4u, 5u,
  60:.\Generated_Source\PSoC5/CapSense_SMS_Wrapper.c **** };
  61:.\Generated_Source\PSoC5/CapSense_SMS_Wrapper.c **** 
  62:.\Generated_Source\PSoC5/CapSense_SMS_Wrapper.c **** 
  63:.\Generated_Source\PSoC5/CapSense_SMS_Wrapper.c **** 
  64:.\Generated_Source\PSoC5/CapSense_SMS_Wrapper.c **** uint8 SMS_LIB_Table2[CapSense_TOTAL_SENSOR_COUNT];
  65:.\Generated_Source\PSoC5/CapSense_SMS_Wrapper.c **** uint8 SMS_LIB_Table3[CapSense_TOTAL_SENSOR_COUNT];
  66:.\Generated_Source\PSoC5/CapSense_SMS_Wrapper.c **** uint16 SMS_LIB_Table4[CapSense_TOTAL_SENSOR_COUNT];
  67:.\Generated_Source\PSoC5/CapSense_SMS_Wrapper.c **** uint16 SMS_LIB_Table5[CapSense_TOTAL_SENSOR_COUNT];
  68:.\Generated_Source\PSoC5/CapSense_SMS_Wrapper.c **** uint8 SMS_LIB_Table6[CapSense_TOTAL_SENSOR_COUNT];
  69:.\Generated_Source\PSoC5/CapSense_SMS_Wrapper.c **** uint8 SMS_LIB_Table7[CapSense_TOTAL_SENSOR_COUNT];
  70:.\Generated_Source\PSoC5/CapSense_SMS_Wrapper.c **** 
  71:.\Generated_Source\PSoC5/CapSense_SMS_Wrapper.c **** uint8 SMS_LIB_Table8[CapSense_END_OF_WIDGETS_INDEX];
  72:.\Generated_Source\PSoC5/CapSense_SMS_Wrapper.c **** uint8 SMS_LIB_Table9[CapSense_END_OF_WIDGETS_INDEX];
  73:.\Generated_Source\PSoC5/CapSense_SMS_Wrapper.c **** 
  74:.\Generated_Source\PSoC5/CapSense_SMS_Wrapper.c **** uint8 SMS_LIB_Var1 = (5u);
  75:.\Generated_Source\PSoC5/CapSense_SMS_Wrapper.c **** uint16 SMS_LIB_Var2 = (10738u);
  76:.\Generated_Source\PSoC5/CapSense_SMS_Wrapper.c **** 
  77:.\Generated_Source\PSoC5/CapSense_SMS_Wrapper.c **** uint8 SMS_LIB_TotalSnsCnt = CapSense_TOTAL_SENSOR_COUNT;
  78:.\Generated_Source\PSoC5/CapSense_SMS_Wrapper.c **** uint8 SMS_LIB_TotalScanSlCnt = CapSense_TOTAL_SCANSLOT_COUNT;
  79:.\Generated_Source\PSoC5/CapSense_SMS_Wrapper.c **** uint8 SMS_LIB_EndOfWidgInd = CapSense_END_OF_WIDGETS_INDEX;
  80:.\Generated_Source\PSoC5/CapSense_SMS_Wrapper.c **** 
  81:.\Generated_Source\PSoC5/CapSense_SMS_Wrapper.c **** #if (CapSense_DESIGN_TYPE == CapSense_TWO_CHANNELS_DESIGN)
ARM GAS  C:\Users\LUKASC~1\AppData\Local\Temp\ccKu79sb.s 			page 6


  82:.\Generated_Source\PSoC5/CapSense_SMS_Wrapper.c ****     uint8 SMS_LIB_TotalSnsCnt_CH0 = CapSense_TOTAL_SENSOR_COUNT__CH0;
  83:.\Generated_Source\PSoC5/CapSense_SMS_Wrapper.c ****     uint8 SMS_LIB_TotalSnsCnt_CH1 = CapSense_TOTAL_SENSOR_COUNT__CH1;
  84:.\Generated_Source\PSoC5/CapSense_SMS_Wrapper.c **** #else
  85:.\Generated_Source\PSoC5/CapSense_SMS_Wrapper.c ****     uint8 SMS_LIB_TotalSnsCnt_CH0 = 0u;
  86:.\Generated_Source\PSoC5/CapSense_SMS_Wrapper.c ****     uint8 SMS_LIB_TotalSnsCnt_CH1 = 0u;
  87:.\Generated_Source\PSoC5/CapSense_SMS_Wrapper.c **** #endif  /* (CapSense_DESIGN_TYPE == CapSense_TWO_CHANNELS_DESIGN) */
  88:.\Generated_Source\PSoC5/CapSense_SMS_Wrapper.c **** 
  89:.\Generated_Source\PSoC5/CapSense_SMS_Wrapper.c **** /*******************************************************************************
  90:.\Generated_Source\PSoC5/CapSense_SMS_Wrapper.c **** * Function Name: SMS_LIB_ScanSensor
  91:.\Generated_Source\PSoC5/CapSense_SMS_Wrapper.c **** ********************************************************************************
  92:.\Generated_Source\PSoC5/CapSense_SMS_Wrapper.c **** *
  93:.\Generated_Source\PSoC5/CapSense_SMS_Wrapper.c **** * Summary:
  94:.\Generated_Source\PSoC5/CapSense_SMS_Wrapper.c **** *  Wrapper to CapSense_ScanSensor function.
  95:.\Generated_Source\PSoC5/CapSense_SMS_Wrapper.c **** *
  96:.\Generated_Source\PSoC5/CapSense_SMS_Wrapper.c **** * Parameters:
  97:.\Generated_Source\PSoC5/CapSense_SMS_Wrapper.c **** *  SensorNumber:  Sensor number.
  98:.\Generated_Source\PSoC5/CapSense_SMS_Wrapper.c **** *
  99:.\Generated_Source\PSoC5/CapSense_SMS_Wrapper.c **** * Return:
 100:.\Generated_Source\PSoC5/CapSense_SMS_Wrapper.c **** *  None
 101:.\Generated_Source\PSoC5/CapSense_SMS_Wrapper.c **** *
 102:.\Generated_Source\PSoC5/CapSense_SMS_Wrapper.c **** * Reentrant:
 103:.\Generated_Source\PSoC5/CapSense_SMS_Wrapper.c **** *  No
 104:.\Generated_Source\PSoC5/CapSense_SMS_Wrapper.c **** *
 105:.\Generated_Source\PSoC5/CapSense_SMS_Wrapper.c **** *******************************************************************************/
 106:.\Generated_Source\PSoC5/CapSense_SMS_Wrapper.c **** void SMS_LIB_ScanSensor(uint8 SensorNumber) 
 107:.\Generated_Source\PSoC5/CapSense_SMS_Wrapper.c **** {
 205              		.loc 1 107 0
 206              		.cfi_startproc
 207              		@ args = 0, pretend = 0, frame = 8
 208              		@ frame_needed = 1, uses_anonymous_args = 0
 209 0000 80B5     		push	{r7, lr}
 210              		.cfi_def_cfa_offset 8
 211              		.cfi_offset 7, -8
 212              		.cfi_offset 14, -4
 213 0002 82B0     		sub	sp, sp, #8
 214              		.cfi_def_cfa_offset 16
 215 0004 00AF     		add	r7, sp, #0
 216              		.cfi_def_cfa_register 7
 217 0006 0346     		mov	r3, r0
 218 0008 FB71     		strb	r3, [r7, #7]
 108:.\Generated_Source\PSoC5/CapSense_SMS_Wrapper.c ****     CapSense_ScanSensor(SensorNumber);
 219              		.loc 1 108 0
 220 000a FB79     		ldrb	r3, [r7, #7]	@ zero_extendqisi2
 221 000c 1846     		mov	r0, r3
 222 000e FFF7FEFF 		bl	CapSense_ScanSensor
 109:.\Generated_Source\PSoC5/CapSense_SMS_Wrapper.c **** }
 223              		.loc 1 109 0
 224 0012 0837     		adds	r7, r7, #8
 225              		.cfi_def_cfa_offset 8
 226 0014 BD46     		mov	sp, r7
 227              		.cfi_def_cfa_register 13
 228              		@ sp needed
 229 0016 80BD     		pop	{r7, pc}
 230              		.cfi_endproc
 231              	.LFE0:
 232              		.size	SMS_LIB_ScanSensor, .-SMS_LIB_ScanSensor
 233              		.section	.text.SMS_LIB_IsBusy,"ax",%progbits
ARM GAS  C:\Users\LUKASC~1\AppData\Local\Temp\ccKu79sb.s 			page 7


 234              		.align	2
 235              		.global	SMS_LIB_IsBusy
 236              		.thumb
 237              		.thumb_func
 238              		.type	SMS_LIB_IsBusy, %function
 239              	SMS_LIB_IsBusy:
 240              	.LFB1:
 110:.\Generated_Source\PSoC5/CapSense_SMS_Wrapper.c **** 
 111:.\Generated_Source\PSoC5/CapSense_SMS_Wrapper.c **** /*******************************************************************************
 112:.\Generated_Source\PSoC5/CapSense_SMS_Wrapper.c **** * Function Name: SMS_LIB_IsBusy
 113:.\Generated_Source\PSoC5/CapSense_SMS_Wrapper.c **** ********************************************************************************
 114:.\Generated_Source\PSoC5/CapSense_SMS_Wrapper.c **** *
 115:.\Generated_Source\PSoC5/CapSense_SMS_Wrapper.c **** * Summary:
 116:.\Generated_Source\PSoC5/CapSense_SMS_Wrapper.c **** *  Wrapper to CapSense_IsBusy function.
 117:.\Generated_Source\PSoC5/CapSense_SMS_Wrapper.c **** *  
 118:.\Generated_Source\PSoC5/CapSense_SMS_Wrapper.c **** * Parameters:
 119:.\Generated_Source\PSoC5/CapSense_SMS_Wrapper.c **** *  None
 120:.\Generated_Source\PSoC5/CapSense_SMS_Wrapper.c **** *
 121:.\Generated_Source\PSoC5/CapSense_SMS_Wrapper.c **** * Return:
 122:.\Generated_Source\PSoC5/CapSense_SMS_Wrapper.c **** *  None
 123:.\Generated_Source\PSoC5/CapSense_SMS_Wrapper.c **** *
 124:.\Generated_Source\PSoC5/CapSense_SMS_Wrapper.c **** *******************************************************************************/
 125:.\Generated_Source\PSoC5/CapSense_SMS_Wrapper.c **** uint8 SMS_LIB_IsBusy(void) 
 126:.\Generated_Source\PSoC5/CapSense_SMS_Wrapper.c **** {
 241              		.loc 1 126 0
 242              		.cfi_startproc
 243              		@ args = 0, pretend = 0, frame = 0
 244              		@ frame_needed = 1, uses_anonymous_args = 0
 245 0000 80B5     		push	{r7, lr}
 246              		.cfi_def_cfa_offset 8
 247              		.cfi_offset 7, -8
 248              		.cfi_offset 14, -4
 249 0002 00AF     		add	r7, sp, #0
 250              		.cfi_def_cfa_register 7
 127:.\Generated_Source\PSoC5/CapSense_SMS_Wrapper.c ****     return CapSense_IsBusy();
 251              		.loc 1 127 0
 252 0004 FFF7FEFF 		bl	CapSense_IsBusy
 253 0008 0346     		mov	r3, r0
 128:.\Generated_Source\PSoC5/CapSense_SMS_Wrapper.c **** }
 254              		.loc 1 128 0
 255 000a 1846     		mov	r0, r3
 256 000c 80BD     		pop	{r7, pc}
 257              		.cfi_endproc
 258              	.LFE1:
 259              		.size	SMS_LIB_IsBusy, .-SMS_LIB_IsBusy
 260 000e 00BF     		.section	.text.CapSense_CalculateThresholds,"ax",%progbits
 261              		.align	2
 262              		.global	CapSense_CalculateThresholds
 263              		.thumb
 264              		.thumb_func
 265              		.type	CapSense_CalculateThresholds, %function
 266              	CapSense_CalculateThresholds:
 267              	.LFB2:
 129:.\Generated_Source\PSoC5/CapSense_SMS_Wrapper.c **** 
 130:.\Generated_Source\PSoC5/CapSense_SMS_Wrapper.c **** 
 131:.\Generated_Source\PSoC5/CapSense_SMS_Wrapper.c **** /*******************************************************************************
 132:.\Generated_Source\PSoC5/CapSense_SMS_Wrapper.c **** * Function Name: CapSense_CalculateThresholds
ARM GAS  C:\Users\LUKASC~1\AppData\Local\Temp\ccKu79sb.s 			page 8


 133:.\Generated_Source\PSoC5/CapSense_SMS_Wrapper.c **** ********************************************************************************
 134:.\Generated_Source\PSoC5/CapSense_SMS_Wrapper.c **** *
 135:.\Generated_Source\PSoC5/CapSense_SMS_Wrapper.c **** * Summary:
 136:.\Generated_Source\PSoC5/CapSense_SMS_Wrapper.c **** *  Wrapper to SMS_LIB_CalculateThresholds function.
 137:.\Generated_Source\PSoC5/CapSense_SMS_Wrapper.c **** *
 138:.\Generated_Source\PSoC5/CapSense_SMS_Wrapper.c **** * Parameters:
 139:.\Generated_Source\PSoC5/CapSense_SMS_Wrapper.c **** *  SensorNumber:  Sensor number.
 140:.\Generated_Source\PSoC5/CapSense_SMS_Wrapper.c **** *
 141:.\Generated_Source\PSoC5/CapSense_SMS_Wrapper.c **** * Return:
 142:.\Generated_Source\PSoC5/CapSense_SMS_Wrapper.c **** *  None
 143:.\Generated_Source\PSoC5/CapSense_SMS_Wrapper.c **** *
 144:.\Generated_Source\PSoC5/CapSense_SMS_Wrapper.c **** * Reentrant:
 145:.\Generated_Source\PSoC5/CapSense_SMS_Wrapper.c **** *  No
 146:.\Generated_Source\PSoC5/CapSense_SMS_Wrapper.c **** *
 147:.\Generated_Source\PSoC5/CapSense_SMS_Wrapper.c **** *******************************************************************************/
 148:.\Generated_Source\PSoC5/CapSense_SMS_Wrapper.c **** void CapSense_CalculateThresholds(uint8 SensorNumber) 
 149:.\Generated_Source\PSoC5/CapSense_SMS_Wrapper.c **** {
 268              		.loc 1 149 0
 269              		.cfi_startproc
 270              		@ args = 0, pretend = 0, frame = 8
 271              		@ frame_needed = 1, uses_anonymous_args = 0
 272 0000 80B5     		push	{r7, lr}
 273              		.cfi_def_cfa_offset 8
 274              		.cfi_offset 7, -8
 275              		.cfi_offset 14, -4
 276 0002 82B0     		sub	sp, sp, #8
 277              		.cfi_def_cfa_offset 16
 278 0004 00AF     		add	r7, sp, #0
 279              		.cfi_def_cfa_register 7
 280 0006 0346     		mov	r3, r0
 281 0008 FB71     		strb	r3, [r7, #7]
 150:.\Generated_Source\PSoC5/CapSense_SMS_Wrapper.c ****     SMS_LIB_V3_50_CalculateThresholds(SensorNumber);
 282              		.loc 1 150 0
 283 000a FB79     		ldrb	r3, [r7, #7]	@ zero_extendqisi2
 284 000c 1846     		mov	r0, r3
 285 000e FFF7FEFF 		bl	SMS_LIB_V3_50_CalculateThresholds
 151:.\Generated_Source\PSoC5/CapSense_SMS_Wrapper.c **** }
 286              		.loc 1 151 0
 287 0012 0837     		adds	r7, r7, #8
 288              		.cfi_def_cfa_offset 8
 289 0014 BD46     		mov	sp, r7
 290              		.cfi_def_cfa_register 13
 291              		@ sp needed
 292 0016 80BD     		pop	{r7, pc}
 293              		.cfi_endproc
 294              	.LFE2:
 295              		.size	CapSense_CalculateThresholds, .-CapSense_CalculateThresholds
 296              		.section	.text.CapSense_AutoTune,"ax",%progbits
 297              		.align	2
 298              		.global	CapSense_AutoTune
 299              		.thumb
 300              		.thumb_func
 301              		.type	CapSense_AutoTune, %function
 302              	CapSense_AutoTune:
 303              	.LFB3:
 152:.\Generated_Source\PSoC5/CapSense_SMS_Wrapper.c **** 
 153:.\Generated_Source\PSoC5/CapSense_SMS_Wrapper.c **** 
ARM GAS  C:\Users\LUKASC~1\AppData\Local\Temp\ccKu79sb.s 			page 9


 154:.\Generated_Source\PSoC5/CapSense_SMS_Wrapper.c **** /*******************************************************************************
 155:.\Generated_Source\PSoC5/CapSense_SMS_Wrapper.c **** * Function Name: CapSense_AutoTune
 156:.\Generated_Source\PSoC5/CapSense_SMS_Wrapper.c **** ********************************************************************************
 157:.\Generated_Source\PSoC5/CapSense_SMS_Wrapper.c **** *
 158:.\Generated_Source\PSoC5/CapSense_SMS_Wrapper.c **** * Summary:
 159:.\Generated_Source\PSoC5/CapSense_SMS_Wrapper.c **** *  Wrapper for SMS_LIB_AutoTune1Ch or SMS_LIB_AutoTune2Ch function.
 160:.\Generated_Source\PSoC5/CapSense_SMS_Wrapper.c **** *
 161:.\Generated_Source\PSoC5/CapSense_SMS_Wrapper.c **** * Parameters:
 162:.\Generated_Source\PSoC5/CapSense_SMS_Wrapper.c **** *  None
 163:.\Generated_Source\PSoC5/CapSense_SMS_Wrapper.c **** *
 164:.\Generated_Source\PSoC5/CapSense_SMS_Wrapper.c **** * Return:
 165:.\Generated_Source\PSoC5/CapSense_SMS_Wrapper.c **** *  None
 166:.\Generated_Source\PSoC5/CapSense_SMS_Wrapper.c **** *
 167:.\Generated_Source\PSoC5/CapSense_SMS_Wrapper.c **** * Reentrant:
 168:.\Generated_Source\PSoC5/CapSense_SMS_Wrapper.c **** *  No
 169:.\Generated_Source\PSoC5/CapSense_SMS_Wrapper.c **** *
 170:.\Generated_Source\PSoC5/CapSense_SMS_Wrapper.c **** *******************************************************************************/
 171:.\Generated_Source\PSoC5/CapSense_SMS_Wrapper.c **** void CapSense_AutoTune(void) 
 172:.\Generated_Source\PSoC5/CapSense_SMS_Wrapper.c **** {
 304              		.loc 1 172 0
 305              		.cfi_startproc
 306              		@ args = 0, pretend = 0, frame = 0
 307              		@ frame_needed = 1, uses_anonymous_args = 0
 308 0000 80B5     		push	{r7, lr}
 309              		.cfi_def_cfa_offset 8
 310              		.cfi_offset 7, -8
 311              		.cfi_offset 14, -4
 312 0002 00AF     		add	r7, sp, #0
 313              		.cfi_def_cfa_register 7
 173:.\Generated_Source\PSoC5/CapSense_SMS_Wrapper.c ****     #if (CapSense_DESIGN_TYPE == CapSense_ONE_CHANNEL_DESIGN)
 174:.\Generated_Source\PSoC5/CapSense_SMS_Wrapper.c ****         SMS_LIB_V3_50_AutoTune1Ch();
 314              		.loc 1 174 0
 315 0004 FFF7FEFF 		bl	SMS_LIB_V3_50_AutoTune1Ch
 175:.\Generated_Source\PSoC5/CapSense_SMS_Wrapper.c ****     #elif (CapSense_DESIGN_TYPE == CapSense_TWO_CHANNELS_DESIGN)
 176:.\Generated_Source\PSoC5/CapSense_SMS_Wrapper.c ****         SMS_LIB_V3_50_AutoTune2Ch();
 177:.\Generated_Source\PSoC5/CapSense_SMS_Wrapper.c ****     #endif /* (CapSense_DESIGN_TYPE == CapSense_ONE_CHANNEL_DESIGN) */
 178:.\Generated_Source\PSoC5/CapSense_SMS_Wrapper.c **** }
 316              		.loc 1 178 0
 317 0008 80BD     		pop	{r7, pc}
 318              		.cfi_endproc
 319              	.LFE3:
 320              		.size	CapSense_AutoTune, .-CapSense_AutoTune
 321 000a 00BF     		.section	.text.SMS_LIB_SetPrescaler,"ax",%progbits
 322              		.align	2
 323              		.global	SMS_LIB_SetPrescaler
 324              		.thumb
 325              		.thumb_func
 326              		.type	SMS_LIB_SetPrescaler, %function
 327              	SMS_LIB_SetPrescaler:
 328              	.LFB4:
 179:.\Generated_Source\PSoC5/CapSense_SMS_Wrapper.c **** 
 180:.\Generated_Source\PSoC5/CapSense_SMS_Wrapper.c **** /*******************************************************************************
 181:.\Generated_Source\PSoC5/CapSense_SMS_Wrapper.c **** * Function Name: SMS_LIB_SetPrescaler
 182:.\Generated_Source\PSoC5/CapSense_SMS_Wrapper.c **** ********************************************************************************
 183:.\Generated_Source\PSoC5/CapSense_SMS_Wrapper.c **** *
 184:.\Generated_Source\PSoC5/CapSense_SMS_Wrapper.c **** * Summary:
 185:.\Generated_Source\PSoC5/CapSense_SMS_Wrapper.c **** *  Empty wrapper for version compliance.
ARM GAS  C:\Users\LUKASC~1\AppData\Local\Temp\ccKu79sb.s 			page 10


 186:.\Generated_Source\PSoC5/CapSense_SMS_Wrapper.c **** *
 187:.\Generated_Source\PSoC5/CapSense_SMS_Wrapper.c **** * Parameters:
 188:.\Generated_Source\PSoC5/CapSense_SMS_Wrapper.c **** *  prescaler:  prascaler value.
 189:.\Generated_Source\PSoC5/CapSense_SMS_Wrapper.c **** *
 190:.\Generated_Source\PSoC5/CapSense_SMS_Wrapper.c **** * Return:
 191:.\Generated_Source\PSoC5/CapSense_SMS_Wrapper.c **** *  None
 192:.\Generated_Source\PSoC5/CapSense_SMS_Wrapper.c **** *
 193:.\Generated_Source\PSoC5/CapSense_SMS_Wrapper.c **** *******************************************************************************/
 194:.\Generated_Source\PSoC5/CapSense_SMS_Wrapper.c **** void SMS_LIB_SetPrescaler(uint8 prescaler) 
 195:.\Generated_Source\PSoC5/CapSense_SMS_Wrapper.c **** {
 329              		.loc 1 195 0
 330              		.cfi_startproc
 331              		@ args = 0, pretend = 0, frame = 8
 332              		@ frame_needed = 1, uses_anonymous_args = 0
 333              		@ link register save eliminated.
 334 0000 80B4     		push	{r7}
 335              		.cfi_def_cfa_offset 4
 336              		.cfi_offset 7, -4
 337 0002 83B0     		sub	sp, sp, #12
 338              		.cfi_def_cfa_offset 16
 339 0004 00AF     		add	r7, sp, #0
 340              		.cfi_def_cfa_register 7
 341 0006 0346     		mov	r3, r0
 342 0008 FB71     		strb	r3, [r7, #7]
 196:.\Generated_Source\PSoC5/CapSense_SMS_Wrapper.c ****     prescaler = prescaler;
 197:.\Generated_Source\PSoC5/CapSense_SMS_Wrapper.c **** }
 343              		.loc 1 197 0
 344 000a 0C37     		adds	r7, r7, #12
 345              		.cfi_def_cfa_offset 4
 346 000c BD46     		mov	sp, r7
 347              		.cfi_def_cfa_register 13
 348              		@ sp needed
 349 000e 5DF8047B 		ldr	r7, [sp], #4
 350              		.cfi_restore 7
 351              		.cfi_def_cfa_offset 0
 352 0012 7047     		bx	lr
 353              		.cfi_endproc
 354              	.LFE4:
 355              		.size	SMS_LIB_SetPrescaler, .-SMS_LIB_SetPrescaler
 356              		.section	.text.SMS_LIB_V3_50_SetAnalogSwitchesSrc_PRS,"ax",%progbits
 357              		.align	2
 358              		.global	SMS_LIB_V3_50_SetAnalogSwitchesSrc_PRS
 359              		.thumb
 360              		.thumb_func
 361              		.type	SMS_LIB_V3_50_SetAnalogSwitchesSrc_PRS, %function
 362              	SMS_LIB_V3_50_SetAnalogSwitchesSrc_PRS:
 363              	.LFB5:
 198:.\Generated_Source\PSoC5/CapSense_SMS_Wrapper.c **** 
 199:.\Generated_Source\PSoC5/CapSense_SMS_Wrapper.c **** void SMS_LIB_V3_50_SetAnalogSwitchesSrc_PRS(void) 
 200:.\Generated_Source\PSoC5/CapSense_SMS_Wrapper.c **** {
 364              		.loc 1 200 0
 365              		.cfi_startproc
 366              		@ args = 0, pretend = 0, frame = 0
 367              		@ frame_needed = 1, uses_anonymous_args = 0
 368 0000 80B5     		push	{r7, lr}
 369              		.cfi_def_cfa_offset 8
 370              		.cfi_offset 7, -8
ARM GAS  C:\Users\LUKASC~1\AppData\Local\Temp\ccKu79sb.s 			page 11


 371              		.cfi_offset 14, -4
 372 0002 00AF     		add	r7, sp, #0
 373              		.cfi_def_cfa_register 7
 201:.\Generated_Source\PSoC5/CapSense_SMS_Wrapper.c **** 	CapSense_SetAnalogSwitchesSource(CapSense_ANALOG_SWITCHES_SRC_PRS);
 374              		.loc 1 201 0
 375 0004 0220     		movs	r0, #2
 376 0006 FFF7FEFF 		bl	CapSense_SetAnalogSwitchesSource
 202:.\Generated_Source\PSoC5/CapSense_SMS_Wrapper.c **** }
 377              		.loc 1 202 0
 378 000a 80BD     		pop	{r7, pc}
 379              		.cfi_endproc
 380              	.LFE5:
 381              		.size	SMS_LIB_V3_50_SetAnalogSwitchesSrc_PRS, .-SMS_LIB_V3_50_SetAnalogSwitchesSrc_PRS
 382              		.section	.text.SMS_LIB_V3_50_SetAnalogSwitchesSrc_Prescaler,"ax",%progbits
 383              		.align	2
 384              		.global	SMS_LIB_V3_50_SetAnalogSwitchesSrc_Prescaler
 385              		.thumb
 386              		.thumb_func
 387              		.type	SMS_LIB_V3_50_SetAnalogSwitchesSrc_Prescaler, %function
 388              	SMS_LIB_V3_50_SetAnalogSwitchesSrc_Prescaler:
 389              	.LFB6:
 203:.\Generated_Source\PSoC5/CapSense_SMS_Wrapper.c **** 
 204:.\Generated_Source\PSoC5/CapSense_SMS_Wrapper.c **** void SMS_LIB_V3_50_SetAnalogSwitchesSrc_Prescaler(void) 
 205:.\Generated_Source\PSoC5/CapSense_SMS_Wrapper.c **** {
 390              		.loc 1 205 0
 391              		.cfi_startproc
 392              		@ args = 0, pretend = 0, frame = 0
 393              		@ frame_needed = 1, uses_anonymous_args = 0
 394 0000 80B5     		push	{r7, lr}
 395              		.cfi_def_cfa_offset 8
 396              		.cfi_offset 7, -8
 397              		.cfi_offset 14, -4
 398 0002 00AF     		add	r7, sp, #0
 399              		.cfi_def_cfa_register 7
 206:.\Generated_Source\PSoC5/CapSense_SMS_Wrapper.c **** 	CapSense_SetAnalogSwitchesSource(CapSense_ANALOG_SWITCHES_SRC_PRESCALER);
 400              		.loc 1 206 0
 401 0004 0120     		movs	r0, #1
 402 0006 FFF7FEFF 		bl	CapSense_SetAnalogSwitchesSource
 207:.\Generated_Source\PSoC5/CapSense_SMS_Wrapper.c **** }
 403              		.loc 1 207 0
 404 000a 80BD     		pop	{r7, pc}
 405              		.cfi_endproc
 406              	.LFE6:
 407              		.size	SMS_LIB_V3_50_SetAnalogSwitchesSrc_Prescaler, .-SMS_LIB_V3_50_SetAnalogSwitchesSrc_Prescaler
 408              		.text
 409              	.Letext0:
 410              		.file 2 ".\\Generated_Source\\PSoC5\\cytypes.h"
 411              		.file 3 ".\\Generated_Source\\PSoC5\\CapSense.h"
 412              		.file 4 ".\\Generated_Source\\PSoC5\\CapSense_CSHL.h"
 413              		.section	.debug_info,"",%progbits
 414              	.Ldebug_info0:
 415 0000 18040000 		.4byte	0x418
 416 0004 0400     		.2byte	0x4
 417 0006 00000000 		.4byte	.Ldebug_abbrev0
 418 000a 04       		.byte	0x4
 419 000b 01       		.uleb128 0x1
 420 000c DD020000 		.4byte	.LASF62
ARM GAS  C:\Users\LUKASC~1\AppData\Local\Temp\ccKu79sb.s 			page 12


 421 0010 01       		.byte	0x1
 422 0011 16040000 		.4byte	.LASF63
 423 0015 A7010000 		.4byte	.LASF64
 424 0019 00000000 		.4byte	.Ldebug_ranges0+0
 425 001d 00000000 		.4byte	0
 426 0021 00000000 		.4byte	.Ldebug_line0
 427 0025 02       		.uleb128 0x2
 428 0026 01       		.byte	0x1
 429 0027 06       		.byte	0x6
 430 0028 2C010000 		.4byte	.LASF0
 431 002c 02       		.uleb128 0x2
 432 002d 01       		.byte	0x1
 433 002e 08       		.byte	0x8
 434 002f AA030000 		.4byte	.LASF1
 435 0033 02       		.uleb128 0x2
 436 0034 02       		.byte	0x2
 437 0035 05       		.byte	0x5
 438 0036 E1030000 		.4byte	.LASF2
 439 003a 02       		.uleb128 0x2
 440 003b 02       		.byte	0x2
 441 003c 07       		.byte	0x7
 442 003d 02020000 		.4byte	.LASF3
 443 0041 02       		.uleb128 0x2
 444 0042 04       		.byte	0x4
 445 0043 05       		.byte	0x5
 446 0044 45010000 		.4byte	.LASF4
 447 0048 02       		.uleb128 0x2
 448 0049 04       		.byte	0x4
 449 004a 07       		.byte	0x7
 450 004b 95010000 		.4byte	.LASF5
 451 004f 02       		.uleb128 0x2
 452 0050 08       		.byte	0x8
 453 0051 05       		.byte	0x5
 454 0052 1E010000 		.4byte	.LASF6
 455 0056 02       		.uleb128 0x2
 456 0057 08       		.byte	0x8
 457 0058 07       		.byte	0x7
 458 0059 F4000000 		.4byte	.LASF7
 459 005d 03       		.uleb128 0x3
 460 005e 04       		.byte	0x4
 461 005f 05       		.byte	0x5
 462 0060 696E7400 		.ascii	"int\000"
 463 0064 02       		.uleb128 0x2
 464 0065 04       		.byte	0x4
 465 0066 07       		.byte	0x7
 466 0067 88010000 		.4byte	.LASF8
 467 006b 04       		.uleb128 0x4
 468 006c 4E010000 		.4byte	.LASF9
 469 0070 02       		.byte	0x2
 470 0071 3801     		.2byte	0x138
 471 0073 2C000000 		.4byte	0x2c
 472 0077 04       		.uleb128 0x4
 473 0078 00000000 		.4byte	.LASF10
 474 007c 02       		.byte	0x2
 475 007d 3901     		.2byte	0x139
 476 007f 3A000000 		.4byte	0x3a
 477 0083 02       		.uleb128 0x2
ARM GAS  C:\Users\LUKASC~1\AppData\Local\Temp\ccKu79sb.s 			page 13


 478 0084 04       		.byte	0x4
 479 0085 04       		.byte	0x4
 480 0086 9A030000 		.4byte	.LASF11
 481 008a 02       		.uleb128 0x2
 482 008b 08       		.byte	0x8
 483 008c 04       		.byte	0x4
 484 008d 54010000 		.4byte	.LASF12
 485 0091 02       		.uleb128 0x2
 486 0092 01       		.byte	0x1
 487 0093 08       		.byte	0x8
 488 0094 A3040000 		.4byte	.LASF13
 489 0098 02       		.uleb128 0x2
 490 0099 04       		.byte	0x4
 491 009a 07       		.byte	0x7
 492 009b A7020000 		.4byte	.LASF14
 493 009f 05       		.uleb128 0x5
 494 00a0 46040000 		.4byte	.LASF15
 495 00a4 01       		.byte	0x1
 496 00a5 6A       		.byte	0x6a
 497 00a6 00000000 		.4byte	.LFB0
 498 00aa 18000000 		.4byte	.LFE0-.LFB0
 499 00ae 01       		.uleb128 0x1
 500 00af 9C       		.byte	0x9c
 501 00b0 C3000000 		.4byte	0xc3
 502 00b4 06       		.uleb128 0x6
 503 00b5 38010000 		.4byte	.LASF17
 504 00b9 01       		.byte	0x1
 505 00ba 6A       		.byte	0x6a
 506 00bb 6B000000 		.4byte	0x6b
 507 00bf 02       		.uleb128 0x2
 508 00c0 91       		.byte	0x91
 509 00c1 77       		.sleb128 -9
 510 00c2 00       		.byte	0
 511 00c3 07       		.uleb128 0x7
 512 00c4 B8030000 		.4byte	.LASF65
 513 00c8 01       		.byte	0x1
 514 00c9 7D       		.byte	0x7d
 515 00ca 6B000000 		.4byte	0x6b
 516 00ce 00000000 		.4byte	.LFB1
 517 00d2 0E000000 		.4byte	.LFE1-.LFB1
 518 00d6 01       		.uleb128 0x1
 519 00d7 9C       		.byte	0x9c
 520 00d8 05       		.uleb128 0x5
 521 00d9 2A020000 		.4byte	.LASF16
 522 00dd 01       		.byte	0x1
 523 00de 94       		.byte	0x94
 524 00df 00000000 		.4byte	.LFB2
 525 00e3 18000000 		.4byte	.LFE2-.LFB2
 526 00e7 01       		.uleb128 0x1
 527 00e8 9C       		.byte	0x9c
 528 00e9 FC000000 		.4byte	0xfc
 529 00ed 06       		.uleb128 0x6
 530 00ee 38010000 		.4byte	.LASF17
 531 00f2 01       		.byte	0x1
 532 00f3 94       		.byte	0x94
 533 00f4 6B000000 		.4byte	0x6b
 534 00f8 02       		.uleb128 0x2
ARM GAS  C:\Users\LUKASC~1\AppData\Local\Temp\ccKu79sb.s 			page 14


 535 00f9 91       		.byte	0x91
 536 00fa 77       		.sleb128 -9
 537 00fb 00       		.byte	0
 538 00fc 08       		.uleb128 0x8
 539 00fd 47020000 		.4byte	.LASF20
 540 0101 01       		.byte	0x1
 541 0102 AB       		.byte	0xab
 542 0103 00000000 		.4byte	.LFB3
 543 0107 0A000000 		.4byte	.LFE3-.LFB3
 544 010b 01       		.uleb128 0x1
 545 010c 9C       		.byte	0x9c
 546 010d 09       		.uleb128 0x9
 547 010e 56050000 		.4byte	.LASF18
 548 0112 01       		.byte	0x1
 549 0113 C2       		.byte	0xc2
 550 0114 00000000 		.4byte	.LFB4
 551 0118 14000000 		.4byte	.LFE4-.LFB4
 552 011c 01       		.uleb128 0x1
 553 011d 9C       		.byte	0x9c
 554 011e 31010000 		.4byte	0x131
 555 0122 06       		.uleb128 0x6
 556 0123 A0030000 		.4byte	.LASF19
 557 0127 01       		.byte	0x1
 558 0128 C2       		.byte	0xc2
 559 0129 6B000000 		.4byte	0x6b
 560 012d 02       		.uleb128 0x2
 561 012e 91       		.byte	0x91
 562 012f 77       		.sleb128 -9
 563 0130 00       		.byte	0
 564 0131 08       		.uleb128 0x8
 565 0132 75000000 		.4byte	.LASF21
 566 0136 01       		.byte	0x1
 567 0137 C7       		.byte	0xc7
 568 0138 00000000 		.4byte	.LFB5
 569 013c 0C000000 		.4byte	.LFE5-.LFB5
 570 0140 01       		.uleb128 0x1
 571 0141 9C       		.byte	0x9c
 572 0142 08       		.uleb128 0x8
 573 0143 BF040000 		.4byte	.LASF22
 574 0147 01       		.byte	0x1
 575 0148 CC       		.byte	0xcc
 576 0149 00000000 		.4byte	.LFB6
 577 014d 0C000000 		.4byte	.LFE6-.LFB6
 578 0151 01       		.uleb128 0x1
 579 0152 9C       		.byte	0x9c
 580 0153 0A       		.uleb128 0xa
 581 0154 77000000 		.4byte	0x77
 582 0158 63010000 		.4byte	0x163
 583 015c 0B       		.uleb128 0xb
 584 015d 98000000 		.4byte	0x98
 585 0161 15       		.byte	0x15
 586 0162 00       		.byte	0
 587 0163 0C       		.uleb128 0xc
 588 0164 43050000 		.4byte	.LASF23
 589 0168 03       		.byte	0x3
 590 0169 CE02     		.2byte	0x2ce
 591 016b 53010000 		.4byte	0x153
ARM GAS  C:\Users\LUKASC~1\AppData\Local\Temp\ccKu79sb.s 			page 15


 592 016f 0A       		.uleb128 0xa
 593 0170 6B000000 		.4byte	0x6b
 594 0174 7F010000 		.4byte	0x17f
 595 0178 0B       		.uleb128 0xb
 596 0179 98000000 		.4byte	0x98
 597 017d 15       		.byte	0x15
 598 017e 00       		.byte	0
 599 017f 0C       		.uleb128 0xc
 600 0180 5B010000 		.4byte	.LASF24
 601 0184 04       		.byte	0x4
 602 0185 0701     		.2byte	0x107
 603 0187 8B010000 		.4byte	0x18b
 604 018b 0D       		.uleb128 0xd
 605 018c 6F010000 		.4byte	0x16f
 606 0190 0C       		.uleb128 0xc
 607 0191 7C040000 		.4byte	.LASF25
 608 0195 04       		.byte	0x4
 609 0196 0901     		.2byte	0x109
 610 0198 53010000 		.4byte	0x153
 611 019c 0A       		.uleb128 0xa
 612 019d 6B000000 		.4byte	0x6b
 613 01a1 AC010000 		.4byte	0x1ac
 614 01a5 0B       		.uleb128 0xb
 615 01a6 98000000 		.4byte	0x98
 616 01aa 03       		.byte	0x3
 617 01ab 00       		.byte	0
 618 01ac 0E       		.uleb128 0xe
 619 01ad B0020000 		.4byte	.LASF26
 620 01b1 01       		.byte	0x1
 621 01b2 17       		.byte	0x17
 622 01b3 9C010000 		.4byte	0x19c
 623 01b7 0E       		.uleb128 0xe
 624 01b8 34000000 		.4byte	.LASF27
 625 01bc 01       		.byte	0x1
 626 01bd 18       		.byte	0x18
 627 01be 9C010000 		.4byte	0x19c
 628 01c2 0E       		.uleb128 0xe
 629 01c3 C7030000 		.4byte	.LASF28
 630 01c7 01       		.byte	0x1
 631 01c8 19       		.byte	0x19
 632 01c9 9C010000 		.4byte	0x19c
 633 01cd 0E       		.uleb128 0xe
 634 01ce 9D050000 		.4byte	.LASF29
 635 01d2 01       		.byte	0x1
 636 01d3 1A       		.byte	0x1a
 637 01d4 D8010000 		.4byte	0x1d8
 638 01d8 0D       		.uleb128 0xd
 639 01d9 9C010000 		.4byte	0x19c
 640 01dd 0E       		.uleb128 0xe
 641 01de 00040000 		.4byte	.LASF30
 642 01e2 01       		.byte	0x1
 643 01e3 1B       		.byte	0x1b
 644 01e4 E8010000 		.4byte	0x1e8
 645 01e8 0D       		.uleb128 0xd
 646 01e9 9C010000 		.4byte	0x19c
 647 01ed 0E       		.uleb128 0xe
 648 01ee 6B030000 		.4byte	.LASF31
ARM GAS  C:\Users\LUKASC~1\AppData\Local\Temp\ccKu79sb.s 			page 16


 649 01f2 01       		.byte	0x1
 650 01f3 1D       		.byte	0x1d
 651 01f4 9C010000 		.4byte	0x19c
 652 01f8 0E       		.uleb128 0xe
 653 01f9 84030000 		.4byte	.LASF32
 654 01fd 01       		.byte	0x1
 655 01fe 1E       		.byte	0x1e
 656 01ff 6F010000 		.4byte	0x16f
 657 0203 0E       		.uleb128 0xe
 658 0204 73020000 		.4byte	.LASF33
 659 0208 01       		.byte	0x1
 660 0209 1F       		.byte	0x1f
 661 020a 6F010000 		.4byte	0x16f
 662 020e 0F       		.uleb128 0xf
 663 020f 90020000 		.4byte	.LASF34
 664 0213 01       		.byte	0x1
 665 0214 25       		.byte	0x25
 666 0215 1F020000 		.4byte	0x21f
 667 0219 05       		.uleb128 0x5
 668 021a 03       		.byte	0x3
 669 021b 00000000 		.4byte	SMS_LIB_noiseThreshold
 670 021f 10       		.uleb128 0x10
 671 0220 04       		.byte	0x4
 672 0221 6B000000 		.4byte	0x6b
 673 0225 0F       		.uleb128 0xf
 674 0226 0B010000 		.4byte	.LASF35
 675 022a 01       		.byte	0x1
 676 022b 26       		.byte	0x26
 677 022c 1F020000 		.4byte	0x21f
 678 0230 05       		.uleb128 0x5
 679 0231 03       		.byte	0x3
 680 0232 00000000 		.4byte	SMS_LIB_hysteresis
 681 0236 0F       		.uleb128 0xf
 682 0237 C3000000 		.4byte	.LASF36
 683 023b 01       		.byte	0x1
 684 023c 28       		.byte	0x28
 685 023d 1F020000 		.4byte	0x21f
 686 0241 05       		.uleb128 0x5
 687 0242 03       		.byte	0x3
 688 0243 00000000 		.4byte	SMS_LIB_widgetResolution
 689 0247 0F       		.uleb128 0xf
 690 0248 9C000000 		.4byte	.LASF37
 691 024c 01       		.byte	0x1
 692 024d 2A       		.byte	0x2a
 693 024e 58020000 		.4byte	0x258
 694 0252 05       		.uleb128 0x5
 695 0253 03       		.byte	0x3
 696 0254 00000000 		.4byte	SMS_LIB_widgetNumber
 697 0258 10       		.uleb128 0x10
 698 0259 04       		.byte	0x4
 699 025a 5E020000 		.4byte	0x25e
 700 025e 0D       		.uleb128 0xd
 701 025f 6B000000 		.4byte	0x6b
 702 0263 0F       		.uleb128 0xf
 703 0264 DC000000 		.4byte	.LASF38
 704 0268 01       		.byte	0x1
 705 0269 2B       		.byte	0x2b
ARM GAS  C:\Users\LUKASC~1\AppData\Local\Temp\ccKu79sb.s 			page 17


 706 026a 58020000 		.4byte	0x258
 707 026e 05       		.uleb128 0x5
 708 026f 03       		.byte	0x3
 709 0270 00000000 		.4byte	SMS_LIB_numberOfSensors
 710 0274 0F       		.uleb128 0xf
 711 0275 C8020000 		.4byte	.LASF39
 712 0279 01       		.byte	0x1
 713 027a 2C       		.byte	0x2c
 714 027b 58020000 		.4byte	0x258
 715 027f 05       		.uleb128 0x5
 716 0280 03       		.byte	0x3
 717 0281 00000000 		.4byte	SMS_LIB_rawDataIndex
 718 0285 0F       		.uleb128 0xf
 719 0286 6B050000 		.4byte	.LASF40
 720 028a 01       		.byte	0x1
 721 028b 2E       		.byte	0x2e
 722 028c 1F020000 		.4byte	0x21f
 723 0290 05       		.uleb128 0x5
 724 0291 03       		.byte	0x3
 725 0292 00000000 		.4byte	SMS_LIB_fingerThreshold
 726 0296 0F       		.uleb128 0xf
 727 0297 EB030000 		.4byte	.LASF41
 728 029b 01       		.byte	0x1
 729 029c 2F       		.byte	0x2f
 730 029d 1F020000 		.4byte	0x21f
 731 02a1 05       		.uleb128 0x5
 732 02a2 03       		.byte	0x3
 733 02a3 00000000 		.4byte	SMS_LIB_idacSettings
 734 02a7 0F       		.uleb128 0xf
 735 02a8 B1000000 		.4byte	.LASF42
 736 02ac 01       		.byte	0x1
 737 02ad 30       		.byte	0x30
 738 02ae 1F020000 		.4byte	0x21f
 739 02b2 05       		.uleb128 0x5
 740 02b3 03       		.byte	0x3
 741 02b4 00000000 		.4byte	SMS_LIB_prescaler
 742 02b8 0F       		.uleb128 0xf
 743 02b9 EC040000 		.4byte	.LASF43
 744 02bd 01       		.byte	0x1
 745 02be 32       		.byte	0x32
 746 02bf C9020000 		.4byte	0x2c9
 747 02c3 05       		.uleb128 0x5
 748 02c4 03       		.byte	0x3
 749 02c5 00000000 		.4byte	SMS_LIB_SensorRaw
 750 02c9 10       		.uleb128 0x10
 751 02ca 04       		.byte	0x4
 752 02cb 77000000 		.4byte	0x77
 753 02cf 0F       		.uleb128 0xf
 754 02d0 A8040000 		.4byte	.LASF44
 755 02d4 01       		.byte	0x1
 756 02d5 33       		.byte	0x33
 757 02d6 C9020000 		.4byte	0x2c9
 758 02da 05       		.uleb128 0x5
 759 02db 03       		.byte	0x3
 760 02dc 00000000 		.4byte	SMS_LIB_SensorBaseline
 761 02e0 0F       		.uleb128 0xf
 762 02e1 59020000 		.4byte	.LASF45
ARM GAS  C:\Users\LUKASC~1\AppData\Local\Temp\ccKu79sb.s 			page 18


 763 02e5 01       		.byte	0x1
 764 02e6 35       		.byte	0x35
 765 02e7 F1020000 		.4byte	0x2f1
 766 02eb 05       		.uleb128 0x5
 767 02ec 03       		.byte	0x3
 768 02ed 00000000 		.4byte	SMS_LIB_SensorSensitivity
 769 02f1 0D       		.uleb128 0xd
 770 02f2 6F010000 		.4byte	0x16f
 771 02f6 0A       		.uleb128 0xa
 772 02f7 6B000000 		.4byte	0x6b
 773 02fb 06030000 		.4byte	0x306
 774 02ff 0B       		.uleb128 0xb
 775 0300 98000000 		.4byte	0x98
 776 0304 1F       		.byte	0x1f
 777 0305 00       		.byte	0
 778 0306 0F       		.uleb128 0xf
 779 0307 15020000 		.4byte	.LASF46
 780 030b 01       		.byte	0x1
 781 030c 3A       		.byte	0x3a
 782 030d 17030000 		.4byte	0x317
 783 0311 05       		.uleb128 0x5
 784 0312 03       		.byte	0x3
 785 0313 00000000 		.4byte	SMS_LIB_PrescalerTbl
 786 0317 0D       		.uleb128 0xd
 787 0318 F6020000 		.4byte	0x2f6
 788 031c 0F       		.uleb128 0xf
 789 031d 59040000 		.4byte	.LASF47
 790 0321 01       		.byte	0x1
 791 0322 40       		.byte	0x40
 792 0323 6F010000 		.4byte	0x16f
 793 0327 05       		.uleb128 0x5
 794 0328 03       		.byte	0x3
 795 0329 00000000 		.4byte	SMS_LIB_Table2
 796 032d 0F       		.uleb128 0xf
 797 032e 07000000 		.4byte	.LASF48
 798 0332 01       		.byte	0x1
 799 0333 41       		.byte	0x41
 800 0334 6F010000 		.4byte	0x16f
 801 0338 05       		.uleb128 0x5
 802 0339 03       		.byte	0x3
 803 033a 00000000 		.4byte	SMS_LIB_Table3
 804 033e 0F       		.uleb128 0xf
 805 033f 16000000 		.4byte	.LASF49
 806 0343 01       		.byte	0x1
 807 0344 42       		.byte	0x42
 808 0345 53010000 		.4byte	0x153
 809 0349 05       		.uleb128 0x5
 810 034a 03       		.byte	0x3
 811 034b 00000000 		.4byte	SMS_LIB_Table4
 812 034f 0F       		.uleb128 0xf
 813 0350 25000000 		.4byte	.LASF50
 814 0354 01       		.byte	0x1
 815 0355 43       		.byte	0x43
 816 0356 53010000 		.4byte	0x153
 817 035a 05       		.uleb128 0x5
 818 035b 03       		.byte	0x3
 819 035c 00000000 		.4byte	SMS_LIB_Table5
ARM GAS  C:\Users\LUKASC~1\AppData\Local\Temp\ccKu79sb.s 			page 19


 820 0360 0F       		.uleb128 0xf
 821 0361 94040000 		.4byte	.LASF51
 822 0365 01       		.byte	0x1
 823 0366 44       		.byte	0x44
 824 0367 6F010000 		.4byte	0x16f
 825 036b 05       		.uleb128 0x5
 826 036c 03       		.byte	0x3
 827 036d 00000000 		.4byte	SMS_LIB_Table6
 828 0371 0F       		.uleb128 0xf
 829 0372 48000000 		.4byte	.LASF52
 830 0376 01       		.byte	0x1
 831 0377 45       		.byte	0x45
 832 0378 6F010000 		.4byte	0x16f
 833 037c 05       		.uleb128 0x5
 834 037d 03       		.byte	0x3
 835 037e 00000000 		.4byte	SMS_LIB_Table7
 836 0382 0F       		.uleb128 0xf
 837 0383 57000000 		.4byte	.LASF53
 838 0387 01       		.byte	0x1
 839 0388 47       		.byte	0x47
 840 0389 9C010000 		.4byte	0x19c
 841 038d 05       		.uleb128 0x5
 842 038e 03       		.byte	0x3
 843 038f 00000000 		.4byte	SMS_LIB_Table8
 844 0393 0F       		.uleb128 0xf
 845 0394 66000000 		.4byte	.LASF54
 846 0398 01       		.byte	0x1
 847 0399 48       		.byte	0x48
 848 039a 9C010000 		.4byte	0x19c
 849 039e 05       		.uleb128 0x5
 850 039f 03       		.byte	0x3
 851 03a0 00000000 		.4byte	SMS_LIB_Table9
 852 03a4 0F       		.uleb128 0xf
 853 03a5 83050000 		.4byte	.LASF55
 854 03a9 01       		.byte	0x1
 855 03aa 4A       		.byte	0x4a
 856 03ab 6B000000 		.4byte	0x6b
 857 03af 05       		.uleb128 0x5
 858 03b0 03       		.byte	0x3
 859 03b1 00000000 		.4byte	SMS_LIB_Var1
 860 03b5 0F       		.uleb128 0xf
 861 03b6 90050000 		.4byte	.LASF56
 862 03ba 01       		.byte	0x1
 863 03bb 4B       		.byte	0x4b
 864 03bc 77000000 		.4byte	0x77
 865 03c0 05       		.uleb128 0x5
 866 03c1 03       		.byte	0x3
 867 03c2 00000000 		.4byte	SMS_LIB_Var2
 868 03c6 0F       		.uleb128 0xf
 869 03c7 68040000 		.4byte	.LASF57
 870 03cb 01       		.byte	0x1
 871 03cc 4D       		.byte	0x4d
 872 03cd 6B000000 		.4byte	0x6b
 873 03d1 05       		.uleb128 0x5
 874 03d2 03       		.byte	0x3
 875 03d3 00000000 		.4byte	SMS_LIB_TotalSnsCnt
 876 03d7 0F       		.uleb128 0xf
ARM GAS  C:\Users\LUKASC~1\AppData\Local\Temp\ccKu79sb.s 			page 20


 877 03d8 71010000 		.4byte	.LASF58
 878 03dc 01       		.byte	0x1
 879 03dd 4E       		.byte	0x4e
 880 03de 6B000000 		.4byte	0x6b
 881 03e2 05       		.uleb128 0x5
 882 03e3 03       		.byte	0x3
 883 03e4 00000000 		.4byte	SMS_LIB_TotalScanSlCnt
 884 03e8 0F       		.uleb128 0xf
 885 03e9 2E050000 		.4byte	.LASF59
 886 03ed 01       		.byte	0x1
 887 03ee 4F       		.byte	0x4f
 888 03ef 6B000000 		.4byte	0x6b
 889 03f3 05       		.uleb128 0x5
 890 03f4 03       		.byte	0x3
 891 03f5 00000000 		.4byte	SMS_LIB_EndOfWidgInd
 892 03f9 0F       		.uleb128 0xf
 893 03fa FE040000 		.4byte	.LASF60
 894 03fe 01       		.byte	0x1
 895 03ff 55       		.byte	0x55
 896 0400 6B000000 		.4byte	0x6b
 897 0404 05       		.uleb128 0x5
 898 0405 03       		.byte	0x3
 899 0406 00000000 		.4byte	SMS_LIB_TotalSnsCnt_CH0
 900 040a 0F       		.uleb128 0xf
 901 040b 16050000 		.4byte	.LASF61
 902 040f 01       		.byte	0x1
 903 0410 56       		.byte	0x56
 904 0411 6B000000 		.4byte	0x6b
 905 0415 05       		.uleb128 0x5
 906 0416 03       		.byte	0x3
 907 0417 00000000 		.4byte	SMS_LIB_TotalSnsCnt_CH1
 908 041b 00       		.byte	0
 909              		.section	.debug_abbrev,"",%progbits
 910              	.Ldebug_abbrev0:
 911 0000 01       		.uleb128 0x1
 912 0001 11       		.uleb128 0x11
 913 0002 01       		.byte	0x1
 914 0003 25       		.uleb128 0x25
 915 0004 0E       		.uleb128 0xe
 916 0005 13       		.uleb128 0x13
 917 0006 0B       		.uleb128 0xb
 918 0007 03       		.uleb128 0x3
 919 0008 0E       		.uleb128 0xe
 920 0009 1B       		.uleb128 0x1b
 921 000a 0E       		.uleb128 0xe
 922 000b 55       		.uleb128 0x55
 923 000c 17       		.uleb128 0x17
 924 000d 11       		.uleb128 0x11
 925 000e 01       		.uleb128 0x1
 926 000f 10       		.uleb128 0x10
 927 0010 17       		.uleb128 0x17
 928 0011 00       		.byte	0
 929 0012 00       		.byte	0
 930 0013 02       		.uleb128 0x2
 931 0014 24       		.uleb128 0x24
 932 0015 00       		.byte	0
 933 0016 0B       		.uleb128 0xb
ARM GAS  C:\Users\LUKASC~1\AppData\Local\Temp\ccKu79sb.s 			page 21


 934 0017 0B       		.uleb128 0xb
 935 0018 3E       		.uleb128 0x3e
 936 0019 0B       		.uleb128 0xb
 937 001a 03       		.uleb128 0x3
 938 001b 0E       		.uleb128 0xe
 939 001c 00       		.byte	0
 940 001d 00       		.byte	0
 941 001e 03       		.uleb128 0x3
 942 001f 24       		.uleb128 0x24
 943 0020 00       		.byte	0
 944 0021 0B       		.uleb128 0xb
 945 0022 0B       		.uleb128 0xb
 946 0023 3E       		.uleb128 0x3e
 947 0024 0B       		.uleb128 0xb
 948 0025 03       		.uleb128 0x3
 949 0026 08       		.uleb128 0x8
 950 0027 00       		.byte	0
 951 0028 00       		.byte	0
 952 0029 04       		.uleb128 0x4
 953 002a 16       		.uleb128 0x16
 954 002b 00       		.byte	0
 955 002c 03       		.uleb128 0x3
 956 002d 0E       		.uleb128 0xe
 957 002e 3A       		.uleb128 0x3a
 958 002f 0B       		.uleb128 0xb
 959 0030 3B       		.uleb128 0x3b
 960 0031 05       		.uleb128 0x5
 961 0032 49       		.uleb128 0x49
 962 0033 13       		.uleb128 0x13
 963 0034 00       		.byte	0
 964 0035 00       		.byte	0
 965 0036 05       		.uleb128 0x5
 966 0037 2E       		.uleb128 0x2e
 967 0038 01       		.byte	0x1
 968 0039 3F       		.uleb128 0x3f
 969 003a 19       		.uleb128 0x19
 970 003b 03       		.uleb128 0x3
 971 003c 0E       		.uleb128 0xe
 972 003d 3A       		.uleb128 0x3a
 973 003e 0B       		.uleb128 0xb
 974 003f 3B       		.uleb128 0x3b
 975 0040 0B       		.uleb128 0xb
 976 0041 27       		.uleb128 0x27
 977 0042 19       		.uleb128 0x19
 978 0043 11       		.uleb128 0x11
 979 0044 01       		.uleb128 0x1
 980 0045 12       		.uleb128 0x12
 981 0046 06       		.uleb128 0x6
 982 0047 40       		.uleb128 0x40
 983 0048 18       		.uleb128 0x18
 984 0049 9642     		.uleb128 0x2116
 985 004b 19       		.uleb128 0x19
 986 004c 01       		.uleb128 0x1
 987 004d 13       		.uleb128 0x13
 988 004e 00       		.byte	0
 989 004f 00       		.byte	0
 990 0050 06       		.uleb128 0x6
ARM GAS  C:\Users\LUKASC~1\AppData\Local\Temp\ccKu79sb.s 			page 22


 991 0051 05       		.uleb128 0x5
 992 0052 00       		.byte	0
 993 0053 03       		.uleb128 0x3
 994 0054 0E       		.uleb128 0xe
 995 0055 3A       		.uleb128 0x3a
 996 0056 0B       		.uleb128 0xb
 997 0057 3B       		.uleb128 0x3b
 998 0058 0B       		.uleb128 0xb
 999 0059 49       		.uleb128 0x49
 1000 005a 13       		.uleb128 0x13
 1001 005b 02       		.uleb128 0x2
 1002 005c 18       		.uleb128 0x18
 1003 005d 00       		.byte	0
 1004 005e 00       		.byte	0
 1005 005f 07       		.uleb128 0x7
 1006 0060 2E       		.uleb128 0x2e
 1007 0061 00       		.byte	0
 1008 0062 3F       		.uleb128 0x3f
 1009 0063 19       		.uleb128 0x19
 1010 0064 03       		.uleb128 0x3
 1011 0065 0E       		.uleb128 0xe
 1012 0066 3A       		.uleb128 0x3a
 1013 0067 0B       		.uleb128 0xb
 1014 0068 3B       		.uleb128 0x3b
 1015 0069 0B       		.uleb128 0xb
 1016 006a 27       		.uleb128 0x27
 1017 006b 19       		.uleb128 0x19
 1018 006c 49       		.uleb128 0x49
 1019 006d 13       		.uleb128 0x13
 1020 006e 11       		.uleb128 0x11
 1021 006f 01       		.uleb128 0x1
 1022 0070 12       		.uleb128 0x12
 1023 0071 06       		.uleb128 0x6
 1024 0072 40       		.uleb128 0x40
 1025 0073 18       		.uleb128 0x18
 1026 0074 9642     		.uleb128 0x2116
 1027 0076 19       		.uleb128 0x19
 1028 0077 00       		.byte	0
 1029 0078 00       		.byte	0
 1030 0079 08       		.uleb128 0x8
 1031 007a 2E       		.uleb128 0x2e
 1032 007b 00       		.byte	0
 1033 007c 3F       		.uleb128 0x3f
 1034 007d 19       		.uleb128 0x19
 1035 007e 03       		.uleb128 0x3
 1036 007f 0E       		.uleb128 0xe
 1037 0080 3A       		.uleb128 0x3a
 1038 0081 0B       		.uleb128 0xb
 1039 0082 3B       		.uleb128 0x3b
 1040 0083 0B       		.uleb128 0xb
 1041 0084 27       		.uleb128 0x27
 1042 0085 19       		.uleb128 0x19
 1043 0086 11       		.uleb128 0x11
 1044 0087 01       		.uleb128 0x1
 1045 0088 12       		.uleb128 0x12
 1046 0089 06       		.uleb128 0x6
 1047 008a 40       		.uleb128 0x40
ARM GAS  C:\Users\LUKASC~1\AppData\Local\Temp\ccKu79sb.s 			page 23


 1048 008b 18       		.uleb128 0x18
 1049 008c 9642     		.uleb128 0x2116
 1050 008e 19       		.uleb128 0x19
 1051 008f 00       		.byte	0
 1052 0090 00       		.byte	0
 1053 0091 09       		.uleb128 0x9
 1054 0092 2E       		.uleb128 0x2e
 1055 0093 01       		.byte	0x1
 1056 0094 3F       		.uleb128 0x3f
 1057 0095 19       		.uleb128 0x19
 1058 0096 03       		.uleb128 0x3
 1059 0097 0E       		.uleb128 0xe
 1060 0098 3A       		.uleb128 0x3a
 1061 0099 0B       		.uleb128 0xb
 1062 009a 3B       		.uleb128 0x3b
 1063 009b 0B       		.uleb128 0xb
 1064 009c 27       		.uleb128 0x27
 1065 009d 19       		.uleb128 0x19
 1066 009e 11       		.uleb128 0x11
 1067 009f 01       		.uleb128 0x1
 1068 00a0 12       		.uleb128 0x12
 1069 00a1 06       		.uleb128 0x6
 1070 00a2 40       		.uleb128 0x40
 1071 00a3 18       		.uleb128 0x18
 1072 00a4 9742     		.uleb128 0x2117
 1073 00a6 19       		.uleb128 0x19
 1074 00a7 01       		.uleb128 0x1
 1075 00a8 13       		.uleb128 0x13
 1076 00a9 00       		.byte	0
 1077 00aa 00       		.byte	0
 1078 00ab 0A       		.uleb128 0xa
 1079 00ac 01       		.uleb128 0x1
 1080 00ad 01       		.byte	0x1
 1081 00ae 49       		.uleb128 0x49
 1082 00af 13       		.uleb128 0x13
 1083 00b0 01       		.uleb128 0x1
 1084 00b1 13       		.uleb128 0x13
 1085 00b2 00       		.byte	0
 1086 00b3 00       		.byte	0
 1087 00b4 0B       		.uleb128 0xb
 1088 00b5 21       		.uleb128 0x21
 1089 00b6 00       		.byte	0
 1090 00b7 49       		.uleb128 0x49
 1091 00b8 13       		.uleb128 0x13
 1092 00b9 2F       		.uleb128 0x2f
 1093 00ba 0B       		.uleb128 0xb
 1094 00bb 00       		.byte	0
 1095 00bc 00       		.byte	0
 1096 00bd 0C       		.uleb128 0xc
 1097 00be 34       		.uleb128 0x34
 1098 00bf 00       		.byte	0
 1099 00c0 03       		.uleb128 0x3
 1100 00c1 0E       		.uleb128 0xe
 1101 00c2 3A       		.uleb128 0x3a
 1102 00c3 0B       		.uleb128 0xb
 1103 00c4 3B       		.uleb128 0x3b
 1104 00c5 05       		.uleb128 0x5
ARM GAS  C:\Users\LUKASC~1\AppData\Local\Temp\ccKu79sb.s 			page 24


 1105 00c6 49       		.uleb128 0x49
 1106 00c7 13       		.uleb128 0x13
 1107 00c8 3F       		.uleb128 0x3f
 1108 00c9 19       		.uleb128 0x19
 1109 00ca 3C       		.uleb128 0x3c
 1110 00cb 19       		.uleb128 0x19
 1111 00cc 00       		.byte	0
 1112 00cd 00       		.byte	0
 1113 00ce 0D       		.uleb128 0xd
 1114 00cf 26       		.uleb128 0x26
 1115 00d0 00       		.byte	0
 1116 00d1 49       		.uleb128 0x49
 1117 00d2 13       		.uleb128 0x13
 1118 00d3 00       		.byte	0
 1119 00d4 00       		.byte	0
 1120 00d5 0E       		.uleb128 0xe
 1121 00d6 34       		.uleb128 0x34
 1122 00d7 00       		.byte	0
 1123 00d8 03       		.uleb128 0x3
 1124 00d9 0E       		.uleb128 0xe
 1125 00da 3A       		.uleb128 0x3a
 1126 00db 0B       		.uleb128 0xb
 1127 00dc 3B       		.uleb128 0x3b
 1128 00dd 0B       		.uleb128 0xb
 1129 00de 49       		.uleb128 0x49
 1130 00df 13       		.uleb128 0x13
 1131 00e0 3F       		.uleb128 0x3f
 1132 00e1 19       		.uleb128 0x19
 1133 00e2 3C       		.uleb128 0x3c
 1134 00e3 19       		.uleb128 0x19
 1135 00e4 00       		.byte	0
 1136 00e5 00       		.byte	0
 1137 00e6 0F       		.uleb128 0xf
 1138 00e7 34       		.uleb128 0x34
 1139 00e8 00       		.byte	0
 1140 00e9 03       		.uleb128 0x3
 1141 00ea 0E       		.uleb128 0xe
 1142 00eb 3A       		.uleb128 0x3a
 1143 00ec 0B       		.uleb128 0xb
 1144 00ed 3B       		.uleb128 0x3b
 1145 00ee 0B       		.uleb128 0xb
 1146 00ef 49       		.uleb128 0x49
 1147 00f0 13       		.uleb128 0x13
 1148 00f1 3F       		.uleb128 0x3f
 1149 00f2 19       		.uleb128 0x19
 1150 00f3 02       		.uleb128 0x2
 1151 00f4 18       		.uleb128 0x18
 1152 00f5 00       		.byte	0
 1153 00f6 00       		.byte	0
 1154 00f7 10       		.uleb128 0x10
 1155 00f8 0F       		.uleb128 0xf
 1156 00f9 00       		.byte	0
 1157 00fa 0B       		.uleb128 0xb
 1158 00fb 0B       		.uleb128 0xb
 1159 00fc 49       		.uleb128 0x49
 1160 00fd 13       		.uleb128 0x13
 1161 00fe 00       		.byte	0
ARM GAS  C:\Users\LUKASC~1\AppData\Local\Temp\ccKu79sb.s 			page 25


 1162 00ff 00       		.byte	0
 1163 0100 00       		.byte	0
 1164              		.section	.debug_aranges,"",%progbits
 1165 0000 4C000000 		.4byte	0x4c
 1166 0004 0200     		.2byte	0x2
 1167 0006 00000000 		.4byte	.Ldebug_info0
 1168 000a 04       		.byte	0x4
 1169 000b 00       		.byte	0
 1170 000c 0000     		.2byte	0
 1171 000e 0000     		.2byte	0
 1172 0010 00000000 		.4byte	.LFB0
 1173 0014 18000000 		.4byte	.LFE0-.LFB0
 1174 0018 00000000 		.4byte	.LFB1
 1175 001c 0E000000 		.4byte	.LFE1-.LFB1
 1176 0020 00000000 		.4byte	.LFB2
 1177 0024 18000000 		.4byte	.LFE2-.LFB2
 1178 0028 00000000 		.4byte	.LFB3
 1179 002c 0A000000 		.4byte	.LFE3-.LFB3
 1180 0030 00000000 		.4byte	.LFB4
 1181 0034 14000000 		.4byte	.LFE4-.LFB4
 1182 0038 00000000 		.4byte	.LFB5
 1183 003c 0C000000 		.4byte	.LFE5-.LFB5
 1184 0040 00000000 		.4byte	.LFB6
 1185 0044 0C000000 		.4byte	.LFE6-.LFB6
 1186 0048 00000000 		.4byte	0
 1187 004c 00000000 		.4byte	0
 1188              		.section	.debug_ranges,"",%progbits
 1189              	.Ldebug_ranges0:
 1190 0000 00000000 		.4byte	.LFB0
 1191 0004 18000000 		.4byte	.LFE0
 1192 0008 00000000 		.4byte	.LFB1
 1193 000c 0E000000 		.4byte	.LFE1
 1194 0010 00000000 		.4byte	.LFB2
 1195 0014 18000000 		.4byte	.LFE2
 1196 0018 00000000 		.4byte	.LFB3
 1197 001c 0A000000 		.4byte	.LFE3
 1198 0020 00000000 		.4byte	.LFB4
 1199 0024 14000000 		.4byte	.LFE4
 1200 0028 00000000 		.4byte	.LFB5
 1201 002c 0C000000 		.4byte	.LFE5
 1202 0030 00000000 		.4byte	.LFB6
 1203 0034 0C000000 		.4byte	.LFE6
 1204 0038 00000000 		.4byte	0
 1205 003c 00000000 		.4byte	0
 1206              		.section	.debug_line,"",%progbits
 1207              	.Ldebug_line0:
 1208 0000 F7000000 		.section	.debug_str,"MS",%progbits,1
 1208      02007400 
 1208      00000201 
 1208      FB0E0D00 
 1208      01010101 
 1209              	.LASF10:
 1210 0000 75696E74 		.ascii	"uint16\000"
 1210      313600
 1211              	.LASF48:
 1212 0007 534D535F 		.ascii	"SMS_LIB_Table3\000"
 1212      4C49425F 
ARM GAS  C:\Users\LUKASC~1\AppData\Local\Temp\ccKu79sb.s 			page 26


 1212      5461626C 
 1212      653300
 1213              	.LASF49:
 1214 0016 534D535F 		.ascii	"SMS_LIB_Table4\000"
 1214      4C49425F 
 1214      5461626C 
 1214      653400
 1215              	.LASF50:
 1216 0025 534D535F 		.ascii	"SMS_LIB_Table5\000"
 1216      4C49425F 
 1216      5461626C 
 1216      653500
 1217              	.LASF27:
 1218 0034 43617053 		.ascii	"CapSense_hysteresis\000"
 1218      656E7365 
 1218      5F687973 
 1218      74657265 
 1218      73697300 
 1219              	.LASF52:
 1220 0048 534D535F 		.ascii	"SMS_LIB_Table7\000"
 1220      4C49425F 
 1220      5461626C 
 1220      653700
 1221              	.LASF53:
 1222 0057 534D535F 		.ascii	"SMS_LIB_Table8\000"
 1222      4C49425F 
 1222      5461626C 
 1222      653800
 1223              	.LASF54:
 1224 0066 534D535F 		.ascii	"SMS_LIB_Table9\000"
 1224      4C49425F 
 1224      5461626C 
 1224      653900
 1225              	.LASF21:
 1226 0075 534D535F 		.ascii	"SMS_LIB_V3_50_SetAnalogSwitchesSrc_PRS\000"
 1226      4C49425F 
 1226      56335F35 
 1226      305F5365 
 1226      74416E61 
 1227              	.LASF37:
 1228 009c 534D535F 		.ascii	"SMS_LIB_widgetNumber\000"
 1228      4C49425F 
 1228      77696467 
 1228      65744E75 
 1228      6D626572 
 1229              	.LASF42:
 1230 00b1 534D535F 		.ascii	"SMS_LIB_prescaler\000"
 1230      4C49425F 
 1230      70726573 
 1230      63616C65 
 1230      7200
 1231              	.LASF36:
 1232 00c3 534D535F 		.ascii	"SMS_LIB_widgetResolution\000"
 1232      4C49425F 
 1232      77696467 
 1232      65745265 
 1232      736F6C75 
ARM GAS  C:\Users\LUKASC~1\AppData\Local\Temp\ccKu79sb.s 			page 27


 1233              	.LASF38:
 1234 00dc 534D535F 		.ascii	"SMS_LIB_numberOfSensors\000"
 1234      4C49425F 
 1234      6E756D62 
 1234      65724F66 
 1234      53656E73 
 1235              	.LASF7:
 1236 00f4 6C6F6E67 		.ascii	"long long unsigned int\000"
 1236      206C6F6E 
 1236      6720756E 
 1236      7369676E 
 1236      65642069 
 1237              	.LASF35:
 1238 010b 534D535F 		.ascii	"SMS_LIB_hysteresis\000"
 1238      4C49425F 
 1238      68797374 
 1238      65726573 
 1238      697300
 1239              	.LASF6:
 1240 011e 6C6F6E67 		.ascii	"long long int\000"
 1240      206C6F6E 
 1240      6720696E 
 1240      7400
 1241              	.LASF0:
 1242 012c 7369676E 		.ascii	"signed char\000"
 1242      65642063 
 1242      68617200 
 1243              	.LASF17:
 1244 0138 53656E73 		.ascii	"SensorNumber\000"
 1244      6F724E75 
 1244      6D626572 
 1244      00
 1245              	.LASF4:
 1246 0145 6C6F6E67 		.ascii	"long int\000"
 1246      20696E74 
 1246      00
 1247              	.LASF9:
 1248 014e 75696E74 		.ascii	"uint8\000"
 1248      3800
 1249              	.LASF12:
 1250 0154 646F7562 		.ascii	"double\000"
 1250      6C6500
 1251              	.LASF24:
 1252 015b 43617053 		.ascii	"CapSense_widgetNumber\000"
 1252      656E7365 
 1252      5F776964 
 1252      6765744E 
 1252      756D6265 
 1253              	.LASF58:
 1254 0171 534D535F 		.ascii	"SMS_LIB_TotalScanSlCnt\000"
 1254      4C49425F 
 1254      546F7461 
 1254      6C536361 
 1254      6E536C43 
 1255              	.LASF8:
 1256 0188 756E7369 		.ascii	"unsigned int\000"
 1256      676E6564 
ARM GAS  C:\Users\LUKASC~1\AppData\Local\Temp\ccKu79sb.s 			page 28


 1256      20696E74 
 1256      00
 1257              	.LASF5:
 1258 0195 6C6F6E67 		.ascii	"long unsigned int\000"
 1258      20756E73 
 1258      69676E65 
 1258      6420696E 
 1258      7400
 1259              	.LASF64:
 1260 01a7 433A5C55 		.ascii	"C:\\Users\\Lukas Creutzburg\\Documents\\GitHub\\fre"
 1260      73657273 
 1260      5C4C756B 
 1260      61732043 
 1260      72657574 
 1261 01d5 65445350 		.ascii	"eDSPPSoC-I2C\\PSoC5_SPI_Master_CapSense.cydsn\000"
 1261      50536F43 
 1261      2D493243 
 1261      5C50536F 
 1261      43355F53 
 1262              	.LASF3:
 1263 0202 73686F72 		.ascii	"short unsigned int\000"
 1263      7420756E 
 1263      7369676E 
 1263      65642069 
 1263      6E7400
 1264              	.LASF46:
 1265 0215 534D535F 		.ascii	"SMS_LIB_PrescalerTbl\000"
 1265      4C49425F 
 1265      50726573 
 1265      63616C65 
 1265      7254626C 
 1266              	.LASF16:
 1267 022a 43617053 		.ascii	"CapSense_CalculateThresholds\000"
 1267      656E7365 
 1267      5F43616C 
 1267      63756C61 
 1267      74655468 
 1268              	.LASF20:
 1269 0247 43617053 		.ascii	"CapSense_AutoTune\000"
 1269      656E7365 
 1269      5F417574 
 1269      6F54756E 
 1269      6500
 1270              	.LASF45:
 1271 0259 534D535F 		.ascii	"SMS_LIB_SensorSensitivity\000"
 1271      4C49425F 
 1271      53656E73 
 1271      6F725365 
 1271      6E736974 
 1272              	.LASF33:
 1273 0273 43617053 		.ascii	"CapSense_analogSwitchDivider\000"
 1273      656E7365 
 1273      5F616E61 
 1273      6C6F6753 
 1273      77697463 
 1274              	.LASF34:
 1275 0290 534D535F 		.ascii	"SMS_LIB_noiseThreshold\000"
ARM GAS  C:\Users\LUKASC~1\AppData\Local\Temp\ccKu79sb.s 			page 29


 1275      4C49425F 
 1275      6E6F6973 
 1275      65546872 
 1275      6573686F 
 1276              	.LASF14:
 1277 02a7 73697A65 		.ascii	"sizetype\000"
 1277      74797065 
 1277      00
 1278              	.LASF26:
 1279 02b0 43617053 		.ascii	"CapSense_noiseThreshold\000"
 1279      656E7365 
 1279      5F6E6F69 
 1279      73655468 
 1279      72657368 
 1280              	.LASF39:
 1281 02c8 534D535F 		.ascii	"SMS_LIB_rawDataIndex\000"
 1281      4C49425F 
 1281      72617744 
 1281      61746149 
 1281      6E646578 
 1282              	.LASF62:
 1283 02dd 474E5520 		.ascii	"GNU C 4.9.3 20150303 (release) [ARM/embedded-4_9-br"
 1283      4320342E 
 1283      392E3320 
 1283      32303135 
 1283      30333033 
 1284 0310 616E6368 		.ascii	"anch revision 221220] -mcpu=cortex-m3 -mthumb -g -O"
 1284      20726576 
 1284      6973696F 
 1284      6E203232 
 1284      31323230 
 1285 0343 30202D66 		.ascii	"0 -ffunction-sections -ffat-lto-objects\000"
 1285      66756E63 
 1285      74696F6E 
 1285      2D736563 
 1285      74696F6E 
 1286              	.LASF31:
 1287 036b 43617053 		.ascii	"CapSense_fingerThreshold\000"
 1287      656E7365 
 1287      5F66696E 
 1287      67657254 
 1287      68726573 
 1288              	.LASF32:
 1289 0384 43617053 		.ascii	"CapSense_idacSettings\000"
 1289      656E7365 
 1289      5F696461 
 1289      63536574 
 1289      74696E67 
 1290              	.LASF11:
 1291 039a 666C6F61 		.ascii	"float\000"
 1291      7400
 1292              	.LASF19:
 1293 03a0 70726573 		.ascii	"prescaler\000"
 1293      63616C65 
 1293      7200
 1294              	.LASF1:
 1295 03aa 756E7369 		.ascii	"unsigned char\000"
ARM GAS  C:\Users\LUKASC~1\AppData\Local\Temp\ccKu79sb.s 			page 30


 1295      676E6564 
 1295      20636861 
 1295      7200
 1296              	.LASF65:
 1297 03b8 534D535F 		.ascii	"SMS_LIB_IsBusy\000"
 1297      4C49425F 
 1297      49734275 
 1297      737900
 1298              	.LASF28:
 1299 03c7 43617053 		.ascii	"CapSense_widgetResolution\000"
 1299      656E7365 
 1299      5F776964 
 1299      67657452 
 1299      65736F6C 
 1300              	.LASF2:
 1301 03e1 73686F72 		.ascii	"short int\000"
 1301      7420696E 
 1301      7400
 1302              	.LASF41:
 1303 03eb 534D535F 		.ascii	"SMS_LIB_idacSettings\000"
 1303      4C49425F 
 1303      69646163 
 1303      53657474 
 1303      696E6773 
 1304              	.LASF30:
 1305 0400 43617053 		.ascii	"CapSense_rawDataIndex\000"
 1305      656E7365 
 1305      5F726177 
 1305      44617461 
 1305      496E6465 
 1306              	.LASF63:
 1307 0416 2E5C4765 		.ascii	".\\Generated_Source\\PSoC5\\CapSense_SMS_Wrapper.c\000"
 1307      6E657261 
 1307      7465645F 
 1307      536F7572 
 1307      63655C50 
 1308              	.LASF15:
 1309 0446 534D535F 		.ascii	"SMS_LIB_ScanSensor\000"
 1309      4C49425F 
 1309      5363616E 
 1309      53656E73 
 1309      6F7200
 1310              	.LASF47:
 1311 0459 534D535F 		.ascii	"SMS_LIB_Table2\000"
 1311      4C49425F 
 1311      5461626C 
 1311      653200
 1312              	.LASF57:
 1313 0468 534D535F 		.ascii	"SMS_LIB_TotalSnsCnt\000"
 1313      4C49425F 
 1313      546F7461 
 1313      6C536E73 
 1313      436E7400 
 1314              	.LASF25:
 1315 047c 43617053 		.ascii	"CapSense_sensorBaseline\000"
 1315      656E7365 
 1315      5F73656E 
ARM GAS  C:\Users\LUKASC~1\AppData\Local\Temp\ccKu79sb.s 			page 31


 1315      736F7242 
 1315      6173656C 
 1316              	.LASF51:
 1317 0494 534D535F 		.ascii	"SMS_LIB_Table6\000"
 1317      4C49425F 
 1317      5461626C 
 1317      653600
 1318              	.LASF13:
 1319 04a3 63686172 		.ascii	"char\000"
 1319      00
 1320              	.LASF44:
 1321 04a8 534D535F 		.ascii	"SMS_LIB_SensorBaseline\000"
 1321      4C49425F 
 1321      53656E73 
 1321      6F724261 
 1321      73656C69 
 1322              	.LASF22:
 1323 04bf 534D535F 		.ascii	"SMS_LIB_V3_50_SetAnalogSwitchesSrc_Prescaler\000"
 1323      4C49425F 
 1323      56335F35 
 1323      305F5365 
 1323      74416E61 
 1324              	.LASF43:
 1325 04ec 534D535F 		.ascii	"SMS_LIB_SensorRaw\000"
 1325      4C49425F 
 1325      53656E73 
 1325      6F725261 
 1325      7700
 1326              	.LASF60:
 1327 04fe 534D535F 		.ascii	"SMS_LIB_TotalSnsCnt_CH0\000"
 1327      4C49425F 
 1327      546F7461 
 1327      6C536E73 
 1327      436E745F 
 1328              	.LASF61:
 1329 0516 534D535F 		.ascii	"SMS_LIB_TotalSnsCnt_CH1\000"
 1329      4C49425F 
 1329      546F7461 
 1329      6C536E73 
 1329      436E745F 
 1330              	.LASF59:
 1331 052e 534D535F 		.ascii	"SMS_LIB_EndOfWidgInd\000"
 1331      4C49425F 
 1331      456E644F 
 1331      66576964 
 1331      67496E64 
 1332              	.LASF23:
 1333 0543 43617053 		.ascii	"CapSense_sensorRaw\000"
 1333      656E7365 
 1333      5F73656E 
 1333      736F7252 
 1333      617700
 1334              	.LASF18:
 1335 0556 534D535F 		.ascii	"SMS_LIB_SetPrescaler\000"
 1335      4C49425F 
 1335      53657450 
 1335      72657363 
ARM GAS  C:\Users\LUKASC~1\AppData\Local\Temp\ccKu79sb.s 			page 32


 1335      616C6572 
 1336              	.LASF40:
 1337 056b 534D535F 		.ascii	"SMS_LIB_fingerThreshold\000"
 1337      4C49425F 
 1337      66696E67 
 1337      65725468 
 1337      72657368 
 1338              	.LASF55:
 1339 0583 534D535F 		.ascii	"SMS_LIB_Var1\000"
 1339      4C49425F 
 1339      56617231 
 1339      00
 1340              	.LASF56:
 1341 0590 534D535F 		.ascii	"SMS_LIB_Var2\000"
 1341      4C49425F 
 1341      56617232 
 1341      00
 1342              	.LASF29:
 1343 059d 43617053 		.ascii	"CapSense_numberOfSensors\000"
 1343      656E7365 
 1343      5F6E756D 
 1343      6265724F 
 1343      6653656E 
 1344              		.ident	"GCC: (GNU Tools for ARM Embedded Processors) 4.9.3 20150303 (release) [ARM/embedded-4_9-br
