ARM GAS  C:\Users\LUKASC~1\AppData\Local\Temp\ccvZYSFu.s 			page 1


   1              		.syntax unified
   2              		.cpu cortex-m3
   3              		.fpu softvfp
   4              		.eabi_attribute 20, 1
   5              		.eabi_attribute 21, 1
   6              		.eabi_attribute 23, 3
   7              		.eabi_attribute 24, 1
   8              		.eabi_attribute 25, 1
   9              		.eabi_attribute 26, 1
  10              		.eabi_attribute 30, 6
  11              		.eabi_attribute 34, 1
  12              		.eabi_attribute 18, 4
  13              		.thumb
  14              		.file	"CapSense_1_IdacCH0.c"
  15              		.text
  16              	.Ltext0:
  17              		.cfi_sections	.debug_frame
  18              		.global	CapSense_1_IdacCH0_initVar
  19              		.bss
  20              		.type	CapSense_1_IdacCH0_initVar, %object
  21              		.size	CapSense_1_IdacCH0_initVar, 1
  22              	CapSense_1_IdacCH0_initVar:
  23 0000 00       		.space	1
  24              		.section	.text.CapSense_1_IdacCH0_Init,"ax",%progbits
  25              		.align	2
  26              		.global	CapSense_1_IdacCH0_Init
  27              		.thumb
  28              		.thumb_func
  29              		.type	CapSense_1_IdacCH0_Init, %function
  30              	CapSense_1_IdacCH0_Init:
  31              	.LFB0:
  32              		.file 1 ".\\Generated_Source\\PSoC5\\CapSense_1_IdacCH0.c"
   1:.\Generated_Source\PSoC5/CapSense_1_IdacCH0.c **** /*******************************************************************************
   2:.\Generated_Source\PSoC5/CapSense_1_IdacCH0.c **** * File Name: CapSense_1_IdacCH0.c
   3:.\Generated_Source\PSoC5/CapSense_1_IdacCH0.c **** * Version 2.0
   4:.\Generated_Source\PSoC5/CapSense_1_IdacCH0.c **** *
   5:.\Generated_Source\PSoC5/CapSense_1_IdacCH0.c **** * Description:
   6:.\Generated_Source\PSoC5/CapSense_1_IdacCH0.c **** *  This file provides the source code to the API for the 8-bit Current 
   7:.\Generated_Source\PSoC5/CapSense_1_IdacCH0.c **** *  DAC (IDAC8) User Module.
   8:.\Generated_Source\PSoC5/CapSense_1_IdacCH0.c **** *
   9:.\Generated_Source\PSoC5/CapSense_1_IdacCH0.c **** * Note:
  10:.\Generated_Source\PSoC5/CapSense_1_IdacCH0.c **** *  None
  11:.\Generated_Source\PSoC5/CapSense_1_IdacCH0.c **** *
  12:.\Generated_Source\PSoC5/CapSense_1_IdacCH0.c **** ********************************************************************************
  13:.\Generated_Source\PSoC5/CapSense_1_IdacCH0.c **** * Copyright 2008-2012, Cypress Semiconductor Corporation.  All rights reserved.
  14:.\Generated_Source\PSoC5/CapSense_1_IdacCH0.c **** * You may use this file only in accordance with the license, terms, conditions, 
  15:.\Generated_Source\PSoC5/CapSense_1_IdacCH0.c **** * disclaimers, and limitations in the end user license agreement accompanying 
  16:.\Generated_Source\PSoC5/CapSense_1_IdacCH0.c **** * the software package with which this file was provided.
  17:.\Generated_Source\PSoC5/CapSense_1_IdacCH0.c **** *******************************************************************************/
  18:.\Generated_Source\PSoC5/CapSense_1_IdacCH0.c **** 
  19:.\Generated_Source\PSoC5/CapSense_1_IdacCH0.c **** #include "cytypes.h"
  20:.\Generated_Source\PSoC5/CapSense_1_IdacCH0.c **** #include "CapSense_1_IdacCH0.h"   
  21:.\Generated_Source\PSoC5/CapSense_1_IdacCH0.c **** 
  22:.\Generated_Source\PSoC5/CapSense_1_IdacCH0.c **** #if (CY_PSOC5A)
  23:.\Generated_Source\PSoC5/CapSense_1_IdacCH0.c ****     #include <CyLib.h>
  24:.\Generated_Source\PSoC5/CapSense_1_IdacCH0.c **** #endif /* CY_PSOC5A */
  25:.\Generated_Source\PSoC5/CapSense_1_IdacCH0.c **** 
ARM GAS  C:\Users\LUKASC~1\AppData\Local\Temp\ccvZYSFu.s 			page 2


  26:.\Generated_Source\PSoC5/CapSense_1_IdacCH0.c **** 
  27:.\Generated_Source\PSoC5/CapSense_1_IdacCH0.c **** uint8 CapSense_1_IdacCH0_initVar = 0u;
  28:.\Generated_Source\PSoC5/CapSense_1_IdacCH0.c **** 
  29:.\Generated_Source\PSoC5/CapSense_1_IdacCH0.c **** 
  30:.\Generated_Source\PSoC5/CapSense_1_IdacCH0.c **** #if (CY_PSOC5A)
  31:.\Generated_Source\PSoC5/CapSense_1_IdacCH0.c ****     static CapSense_1_IdacCH0_LOWPOWER_BACKUP_STRUCT  CapSense_1_IdacCH0_lowPowerBackup;
  32:.\Generated_Source\PSoC5/CapSense_1_IdacCH0.c **** #endif /* CY_PSOC5A */
  33:.\Generated_Source\PSoC5/CapSense_1_IdacCH0.c **** 
  34:.\Generated_Source\PSoC5/CapSense_1_IdacCH0.c **** /* Variable to decide whether or not to restore control register in Enable()
  35:.\Generated_Source\PSoC5/CapSense_1_IdacCH0.c ****    API. This valid only for PSoC5A */
  36:.\Generated_Source\PSoC5/CapSense_1_IdacCH0.c **** #if (CY_PSOC5A)
  37:.\Generated_Source\PSoC5/CapSense_1_IdacCH0.c ****     static uint8 CapSense_1_IdacCH0_restoreReg = 0u;
  38:.\Generated_Source\PSoC5/CapSense_1_IdacCH0.c **** #endif /* CY_PSOC5A */
  39:.\Generated_Source\PSoC5/CapSense_1_IdacCH0.c **** 
  40:.\Generated_Source\PSoC5/CapSense_1_IdacCH0.c **** 
  41:.\Generated_Source\PSoC5/CapSense_1_IdacCH0.c **** /*******************************************************************************
  42:.\Generated_Source\PSoC5/CapSense_1_IdacCH0.c **** * Function Name: CapSense_1_IdacCH0_Init
  43:.\Generated_Source\PSoC5/CapSense_1_IdacCH0.c **** ********************************************************************************
  44:.\Generated_Source\PSoC5/CapSense_1_IdacCH0.c **** * Summary:
  45:.\Generated_Source\PSoC5/CapSense_1_IdacCH0.c **** *  Initialize to the schematic state.
  46:.\Generated_Source\PSoC5/CapSense_1_IdacCH0.c **** * 
  47:.\Generated_Source\PSoC5/CapSense_1_IdacCH0.c **** * Parameters:
  48:.\Generated_Source\PSoC5/CapSense_1_IdacCH0.c **** *  void:
  49:.\Generated_Source\PSoC5/CapSense_1_IdacCH0.c **** *
  50:.\Generated_Source\PSoC5/CapSense_1_IdacCH0.c **** * Return:
  51:.\Generated_Source\PSoC5/CapSense_1_IdacCH0.c **** *  (void)
  52:.\Generated_Source\PSoC5/CapSense_1_IdacCH0.c **** *
  53:.\Generated_Source\PSoC5/CapSense_1_IdacCH0.c **** * Theory:
  54:.\Generated_Source\PSoC5/CapSense_1_IdacCH0.c **** *
  55:.\Generated_Source\PSoC5/CapSense_1_IdacCH0.c **** * Side Effects:
  56:.\Generated_Source\PSoC5/CapSense_1_IdacCH0.c **** *
  57:.\Generated_Source\PSoC5/CapSense_1_IdacCH0.c **** *******************************************************************************/
  58:.\Generated_Source\PSoC5/CapSense_1_IdacCH0.c **** void CapSense_1_IdacCH0_Init(void) 
  59:.\Generated_Source\PSoC5/CapSense_1_IdacCH0.c **** {
  33              		.loc 1 59 0
  34              		.cfi_startproc
  35              		@ args = 0, pretend = 0, frame = 0
  36              		@ frame_needed = 1, uses_anonymous_args = 0
  37 0000 80B5     		push	{r7, lr}
  38              		.cfi_def_cfa_offset 8
  39              		.cfi_offset 7, -8
  40              		.cfi_offset 14, -4
  41 0002 00AF     		add	r7, sp, #0
  42              		.cfi_def_cfa_register 7
  60:.\Generated_Source\PSoC5/CapSense_1_IdacCH0.c ****     CapSense_1_IdacCH0_CR0 = (CapSense_1_IdacCH0_MODE_I | CapSense_1_IdacCH0_DEFAULT_RANGE );
  43              		.loc 1 60 0
  44 0004 0D4B     		ldr	r3, .L2
  45 0006 1422     		movs	r2, #20
  46 0008 1A70     		strb	r2, [r3]
  61:.\Generated_Source\PSoC5/CapSense_1_IdacCH0.c **** 
  62:.\Generated_Source\PSoC5/CapSense_1_IdacCH0.c ****     /* Set default data source */
  63:.\Generated_Source\PSoC5/CapSense_1_IdacCH0.c ****     #if(CapSense_1_IdacCH0_DEFAULT_DATA_SRC != 0u )    
  64:.\Generated_Source\PSoC5/CapSense_1_IdacCH0.c ****         CapSense_1_IdacCH0_CR1 = (CapSense_1_IdacCH0_DEFAULT_CNTL | CapSense_1_IdacCH0_DACBUS_ENABL
  65:.\Generated_Source\PSoC5/CapSense_1_IdacCH0.c ****     #else
  66:.\Generated_Source\PSoC5/CapSense_1_IdacCH0.c ****         CapSense_1_IdacCH0_CR1 = (CapSense_1_IdacCH0_DEFAULT_CNTL | CapSense_1_IdacCH0_DACBUS_DISAB
  47              		.loc 1 66 0
  48 000a 0D4B     		ldr	r3, .L2+4
ARM GAS  C:\Users\LUKASC~1\AppData\Local\Temp\ccvZYSFu.s 			page 3


  49 000c 0022     		movs	r2, #0
  50 000e 1A70     		strb	r2, [r3]
  67:.\Generated_Source\PSoC5/CapSense_1_IdacCH0.c ****     #endif /* (CapSense_1_IdacCH0_DEFAULT_DATA_SRC != 0u ) */
  68:.\Generated_Source\PSoC5/CapSense_1_IdacCH0.c ****     
  69:.\Generated_Source\PSoC5/CapSense_1_IdacCH0.c ****     /*Controls polarity from UDB Control*/
  70:.\Generated_Source\PSoC5/CapSense_1_IdacCH0.c ****     #if(CapSense_1_IdacCH0_DEFAULT_POLARITY == CapSense_1_IdacCH0_HARDWARE_CONTROLLED)
  71:.\Generated_Source\PSoC5/CapSense_1_IdacCH0.c ****         CapSense_1_IdacCH0_CR1 |= CapSense_1_IdacCH0_IDIR_SRC_UDB;
  72:.\Generated_Source\PSoC5/CapSense_1_IdacCH0.c ****     #else
  73:.\Generated_Source\PSoC5/CapSense_1_IdacCH0.c ****         CapSense_1_IdacCH0_CR1 |= CapSense_1_IdacCH0_DEFAULT_POLARITY;
  51              		.loc 1 73 0
  52 0010 0B4A     		ldr	r2, .L2+4
  53 0012 0B4B     		ldr	r3, .L2+4
  54 0014 1B78     		ldrb	r3, [r3]
  55 0016 DBB2     		uxtb	r3, r3
  56 0018 43F00403 		orr	r3, r3, #4
  57 001c DBB2     		uxtb	r3, r3
  58 001e 1370     		strb	r3, [r2]
  74:.\Generated_Source\PSoC5/CapSense_1_IdacCH0.c ****     #endif/* (CapSense_1_IdacCH0_DEFAULT_POLARITY == CapSense_1_IdacCH0_HARDWARE_CONTROLLED) */
  75:.\Generated_Source\PSoC5/CapSense_1_IdacCH0.c ****     /*Controls Current Source from UDB Control*/
  76:.\Generated_Source\PSoC5/CapSense_1_IdacCH0.c ****     #if(CapSense_1_IdacCH0_HARDWARE_ENABLE != 0u ) 
  77:.\Generated_Source\PSoC5/CapSense_1_IdacCH0.c ****         CapSense_1_IdacCH0_CR1 |= CapSense_1_IdacCH0_IDIR_CTL_UDB;
  59              		.loc 1 77 0
  60 0020 074A     		ldr	r2, .L2+4
  61 0022 074B     		ldr	r3, .L2+4
  62 0024 1B78     		ldrb	r3, [r3]
  63 0026 DBB2     		uxtb	r3, r3
  64 0028 43F00203 		orr	r3, r3, #2
  65 002c DBB2     		uxtb	r3, r3
  66 002e 1370     		strb	r3, [r2]
  78:.\Generated_Source\PSoC5/CapSense_1_IdacCH0.c ****     #endif /* (CapSense_1_IdacCH0_HARDWARE_ENABLE != 0u ) */ 
  79:.\Generated_Source\PSoC5/CapSense_1_IdacCH0.c ****     
  80:.\Generated_Source\PSoC5/CapSense_1_IdacCH0.c ****     /* Set default strobe mode */
  81:.\Generated_Source\PSoC5/CapSense_1_IdacCH0.c ****     #if(CapSense_1_IdacCH0_DEFAULT_STRB != 0u)
  82:.\Generated_Source\PSoC5/CapSense_1_IdacCH0.c ****         CapSense_1_IdacCH0_Strobe |= CapSense_1_IdacCH0_STRB_EN;
  83:.\Generated_Source\PSoC5/CapSense_1_IdacCH0.c ****     #endif /* (CapSense_1_IdacCH0_DEFAULT_STRB != 0u) */
  84:.\Generated_Source\PSoC5/CapSense_1_IdacCH0.c ****     
  85:.\Generated_Source\PSoC5/CapSense_1_IdacCH0.c ****     /* Set default speed */
  86:.\Generated_Source\PSoC5/CapSense_1_IdacCH0.c ****     CapSense_1_IdacCH0_SetSpeed(CapSense_1_IdacCH0_DEFAULT_SPEED);
  67              		.loc 1 86 0
  68 0030 0020     		movs	r0, #0
  69 0032 FFF7FEFF 		bl	CapSense_1_IdacCH0_SetSpeed
  87:.\Generated_Source\PSoC5/CapSense_1_IdacCH0.c ****     
  88:.\Generated_Source\PSoC5/CapSense_1_IdacCH0.c ****     /* Set proper DAC trim */
  89:.\Generated_Source\PSoC5/CapSense_1_IdacCH0.c ****     CapSense_1_IdacCH0_DacTrim();
  70              		.loc 1 89 0
  71 0036 FFF7FEFF 		bl	CapSense_1_IdacCH0_DacTrim
  90:.\Generated_Source\PSoC5/CapSense_1_IdacCH0.c ****     
  91:.\Generated_Source\PSoC5/CapSense_1_IdacCH0.c **** }
  72              		.loc 1 91 0
  73 003a 80BD     		pop	{r7, pc}
  74              	.L3:
  75              		.align	2
  76              	.L2:
  77 003c 20580040 		.word	1073764384
  78 0040 21580040 		.word	1073764385
  79              		.cfi_endproc
  80              	.LFE0:
ARM GAS  C:\Users\LUKASC~1\AppData\Local\Temp\ccvZYSFu.s 			page 4


  81              		.size	CapSense_1_IdacCH0_Init, .-CapSense_1_IdacCH0_Init
  82              		.section	.text.CapSense_1_IdacCH0_Enable,"ax",%progbits
  83              		.align	2
  84              		.global	CapSense_1_IdacCH0_Enable
  85              		.thumb
  86              		.thumb_func
  87              		.type	CapSense_1_IdacCH0_Enable, %function
  88              	CapSense_1_IdacCH0_Enable:
  89              	.LFB1:
  92:.\Generated_Source\PSoC5/CapSense_1_IdacCH0.c **** 
  93:.\Generated_Source\PSoC5/CapSense_1_IdacCH0.c **** 
  94:.\Generated_Source\PSoC5/CapSense_1_IdacCH0.c **** /*******************************************************************************
  95:.\Generated_Source\PSoC5/CapSense_1_IdacCH0.c **** * Function Name: CapSense_1_IdacCH0_Enable
  96:.\Generated_Source\PSoC5/CapSense_1_IdacCH0.c **** ********************************************************************************
  97:.\Generated_Source\PSoC5/CapSense_1_IdacCH0.c **** * Summary:
  98:.\Generated_Source\PSoC5/CapSense_1_IdacCH0.c **** *  Enable the IDAC8
  99:.\Generated_Source\PSoC5/CapSense_1_IdacCH0.c **** * 
 100:.\Generated_Source\PSoC5/CapSense_1_IdacCH0.c **** * Parameters:
 101:.\Generated_Source\PSoC5/CapSense_1_IdacCH0.c **** *  void:
 102:.\Generated_Source\PSoC5/CapSense_1_IdacCH0.c **** *
 103:.\Generated_Source\PSoC5/CapSense_1_IdacCH0.c **** * Return:
 104:.\Generated_Source\PSoC5/CapSense_1_IdacCH0.c **** *  (void)
 105:.\Generated_Source\PSoC5/CapSense_1_IdacCH0.c **** *
 106:.\Generated_Source\PSoC5/CapSense_1_IdacCH0.c **** * Theory:
 107:.\Generated_Source\PSoC5/CapSense_1_IdacCH0.c **** *
 108:.\Generated_Source\PSoC5/CapSense_1_IdacCH0.c **** * Side Effects:
 109:.\Generated_Source\PSoC5/CapSense_1_IdacCH0.c **** *
 110:.\Generated_Source\PSoC5/CapSense_1_IdacCH0.c **** *******************************************************************************/
 111:.\Generated_Source\PSoC5/CapSense_1_IdacCH0.c **** void CapSense_1_IdacCH0_Enable(void) 
 112:.\Generated_Source\PSoC5/CapSense_1_IdacCH0.c **** {
  90              		.loc 1 112 0
  91              		.cfi_startproc
  92              		@ args = 0, pretend = 0, frame = 0
  93              		@ frame_needed = 1, uses_anonymous_args = 0
  94              		@ link register save eliminated.
  95 0000 80B4     		push	{r7}
  96              		.cfi_def_cfa_offset 4
  97              		.cfi_offset 7, -4
  98 0002 00AF     		add	r7, sp, #0
  99              		.cfi_def_cfa_register 7
 113:.\Generated_Source\PSoC5/CapSense_1_IdacCH0.c ****     CapSense_1_IdacCH0_PWRMGR |= CapSense_1_IdacCH0_ACT_PWR_EN;
 100              		.loc 1 113 0
 101 0004 094A     		ldr	r2, .L5
 102 0006 094B     		ldr	r3, .L5
 103 0008 1B78     		ldrb	r3, [r3]
 104 000a DBB2     		uxtb	r3, r3
 105 000c 43F00103 		orr	r3, r3, #1
 106 0010 DBB2     		uxtb	r3, r3
 107 0012 1370     		strb	r3, [r2]
 114:.\Generated_Source\PSoC5/CapSense_1_IdacCH0.c ****     CapSense_1_IdacCH0_STBY_PWRMGR |= CapSense_1_IdacCH0_STBY_PWR_EN;
 108              		.loc 1 114 0
 109 0014 064A     		ldr	r2, .L5+4
 110 0016 064B     		ldr	r3, .L5+4
 111 0018 1B78     		ldrb	r3, [r3]
 112 001a DBB2     		uxtb	r3, r3
 113 001c 43F00103 		orr	r3, r3, #1
 114 0020 DBB2     		uxtb	r3, r3
ARM GAS  C:\Users\LUKASC~1\AppData\Local\Temp\ccvZYSFu.s 			page 5


 115 0022 1370     		strb	r3, [r2]
 115:.\Generated_Source\PSoC5/CapSense_1_IdacCH0.c **** 
 116:.\Generated_Source\PSoC5/CapSense_1_IdacCH0.c ****     /* This is to restore the value of register CR0 which is saved 
 117:.\Generated_Source\PSoC5/CapSense_1_IdacCH0.c ****       in prior to the modification in stop() API */
 118:.\Generated_Source\PSoC5/CapSense_1_IdacCH0.c ****     #if (CY_PSOC5A)
 119:.\Generated_Source\PSoC5/CapSense_1_IdacCH0.c ****         if(CapSense_1_IdacCH0_restoreReg == 1u)
 120:.\Generated_Source\PSoC5/CapSense_1_IdacCH0.c ****         {
 121:.\Generated_Source\PSoC5/CapSense_1_IdacCH0.c ****             CapSense_1_IdacCH0_CR0 = CapSense_1_IdacCH0_lowPowerBackup.DACCR0Reg;
 122:.\Generated_Source\PSoC5/CapSense_1_IdacCH0.c **** 
 123:.\Generated_Source\PSoC5/CapSense_1_IdacCH0.c ****             /* Clear the flag */
 124:.\Generated_Source\PSoC5/CapSense_1_IdacCH0.c ****             CapSense_1_IdacCH0_restoreReg = 0u;
 125:.\Generated_Source\PSoC5/CapSense_1_IdacCH0.c ****         }
 126:.\Generated_Source\PSoC5/CapSense_1_IdacCH0.c ****     #endif /* CY_PSOC5A */
 127:.\Generated_Source\PSoC5/CapSense_1_IdacCH0.c **** }
 116              		.loc 1 127 0
 117 0024 BD46     		mov	sp, r7
 118              		.cfi_def_cfa_register 13
 119              		@ sp needed
 120 0026 5DF8047B 		ldr	r7, [sp], #4
 121              		.cfi_restore 7
 122              		.cfi_def_cfa_offset 0
 123 002a 7047     		bx	lr
 124              	.L6:
 125              		.align	2
 126              	.L5:
 127 002c A8430040 		.word	1073759144
 128 0030 B8430040 		.word	1073759160
 129              		.cfi_endproc
 130              	.LFE1:
 131              		.size	CapSense_1_IdacCH0_Enable, .-CapSense_1_IdacCH0_Enable
 132              		.section	.text.CapSense_1_IdacCH0_Start,"ax",%progbits
 133              		.align	2
 134              		.global	CapSense_1_IdacCH0_Start
 135              		.thumb
 136              		.thumb_func
 137              		.type	CapSense_1_IdacCH0_Start, %function
 138              	CapSense_1_IdacCH0_Start:
 139              	.LFB2:
 128:.\Generated_Source\PSoC5/CapSense_1_IdacCH0.c **** 
 129:.\Generated_Source\PSoC5/CapSense_1_IdacCH0.c **** 
 130:.\Generated_Source\PSoC5/CapSense_1_IdacCH0.c **** /*******************************************************************************
 131:.\Generated_Source\PSoC5/CapSense_1_IdacCH0.c **** * Function Name: CapSense_1_IdacCH0_Start
 132:.\Generated_Source\PSoC5/CapSense_1_IdacCH0.c **** ********************************************************************************
 133:.\Generated_Source\PSoC5/CapSense_1_IdacCH0.c **** * Summary:
 134:.\Generated_Source\PSoC5/CapSense_1_IdacCH0.c **** *  Set power level then turn on IDAC8.
 135:.\Generated_Source\PSoC5/CapSense_1_IdacCH0.c **** *
 136:.\Generated_Source\PSoC5/CapSense_1_IdacCH0.c **** * Parameters:  
 137:.\Generated_Source\PSoC5/CapSense_1_IdacCH0.c **** *  power: Sets power level between off (0) and (3) high power
 138:.\Generated_Source\PSoC5/CapSense_1_IdacCH0.c **** *
 139:.\Generated_Source\PSoC5/CapSense_1_IdacCH0.c **** * Return:
 140:.\Generated_Source\PSoC5/CapSense_1_IdacCH0.c **** *  (void)
 141:.\Generated_Source\PSoC5/CapSense_1_IdacCH0.c **** *
 142:.\Generated_Source\PSoC5/CapSense_1_IdacCH0.c **** * Global variables:
 143:.\Generated_Source\PSoC5/CapSense_1_IdacCH0.c **** *  CapSense_1_IdacCH0_initVar: Is modified when this function is called for 
 144:.\Generated_Source\PSoC5/CapSense_1_IdacCH0.c **** *   the first time. Is used to ensure that initialization happens only once.
 145:.\Generated_Source\PSoC5/CapSense_1_IdacCH0.c **** *
 146:.\Generated_Source\PSoC5/CapSense_1_IdacCH0.c **** *******************************************************************************/
ARM GAS  C:\Users\LUKASC~1\AppData\Local\Temp\ccvZYSFu.s 			page 6


 147:.\Generated_Source\PSoC5/CapSense_1_IdacCH0.c **** void CapSense_1_IdacCH0_Start(void) 
 148:.\Generated_Source\PSoC5/CapSense_1_IdacCH0.c **** {
 140              		.loc 1 148 0
 141              		.cfi_startproc
 142              		@ args = 0, pretend = 0, frame = 0
 143              		@ frame_needed = 1, uses_anonymous_args = 0
 144 0000 80B5     		push	{r7, lr}
 145              		.cfi_def_cfa_offset 8
 146              		.cfi_offset 7, -8
 147              		.cfi_offset 14, -4
 148 0002 00AF     		add	r7, sp, #0
 149              		.cfi_def_cfa_register 7
 149:.\Generated_Source\PSoC5/CapSense_1_IdacCH0.c ****     /* Hardware initiazation only needs to occur the first time */
 150:.\Generated_Source\PSoC5/CapSense_1_IdacCH0.c ****     if ( CapSense_1_IdacCH0_initVar == 0u)  
 150              		.loc 1 150 0
 151 0004 074B     		ldr	r3, .L9
 152 0006 1B78     		ldrb	r3, [r3]	@ zero_extendqisi2
 153 0008 002B     		cmp	r3, #0
 154 000a 04D1     		bne	.L8
 151:.\Generated_Source\PSoC5/CapSense_1_IdacCH0.c ****     {
 152:.\Generated_Source\PSoC5/CapSense_1_IdacCH0.c ****         CapSense_1_IdacCH0_Init();
 155              		.loc 1 152 0
 156 000c FFF7FEFF 		bl	CapSense_1_IdacCH0_Init
 153:.\Generated_Source\PSoC5/CapSense_1_IdacCH0.c ****         
 154:.\Generated_Source\PSoC5/CapSense_1_IdacCH0.c ****         CapSense_1_IdacCH0_initVar = 1u;
 157              		.loc 1 154 0
 158 0010 044B     		ldr	r3, .L9
 159 0012 0122     		movs	r2, #1
 160 0014 1A70     		strb	r2, [r3]
 161              	.L8:
 155:.\Generated_Source\PSoC5/CapSense_1_IdacCH0.c ****     }
 156:.\Generated_Source\PSoC5/CapSense_1_IdacCH0.c ****    
 157:.\Generated_Source\PSoC5/CapSense_1_IdacCH0.c ****     /* Enable power to DAC */
 158:.\Generated_Source\PSoC5/CapSense_1_IdacCH0.c ****     CapSense_1_IdacCH0_Enable();
 162              		.loc 1 158 0
 163 0016 FFF7FEFF 		bl	CapSense_1_IdacCH0_Enable
 159:.\Generated_Source\PSoC5/CapSense_1_IdacCH0.c **** 
 160:.\Generated_Source\PSoC5/CapSense_1_IdacCH0.c ****     /* Set default value */
 161:.\Generated_Source\PSoC5/CapSense_1_IdacCH0.c ****     CapSense_1_IdacCH0_SetValue(CapSense_1_IdacCH0_DEFAULT_DATA);
 164              		.loc 1 161 0
 165 001a 0020     		movs	r0, #0
 166 001c FFF7FEFF 		bl	CapSense_1_IdacCH0_SetValue
 162:.\Generated_Source\PSoC5/CapSense_1_IdacCH0.c **** 
 163:.\Generated_Source\PSoC5/CapSense_1_IdacCH0.c **** }
 167              		.loc 1 163 0
 168 0020 80BD     		pop	{r7, pc}
 169              	.L10:
 170 0022 00BF     		.align	2
 171              	.L9:
 172 0024 00000000 		.word	CapSense_1_IdacCH0_initVar
 173              		.cfi_endproc
 174              	.LFE2:
 175              		.size	CapSense_1_IdacCH0_Start, .-CapSense_1_IdacCH0_Start
 176              		.section	.text.CapSense_1_IdacCH0_Stop,"ax",%progbits
 177              		.align	2
 178              		.global	CapSense_1_IdacCH0_Stop
 179              		.thumb
ARM GAS  C:\Users\LUKASC~1\AppData\Local\Temp\ccvZYSFu.s 			page 7


 180              		.thumb_func
 181              		.type	CapSense_1_IdacCH0_Stop, %function
 182              	CapSense_1_IdacCH0_Stop:
 183              	.LFB3:
 164:.\Generated_Source\PSoC5/CapSense_1_IdacCH0.c **** 
 165:.\Generated_Source\PSoC5/CapSense_1_IdacCH0.c **** 
 166:.\Generated_Source\PSoC5/CapSense_1_IdacCH0.c **** /*******************************************************************************
 167:.\Generated_Source\PSoC5/CapSense_1_IdacCH0.c **** * Function Name: CapSense_1_IdacCH0_Stop
 168:.\Generated_Source\PSoC5/CapSense_1_IdacCH0.c **** ********************************************************************************
 169:.\Generated_Source\PSoC5/CapSense_1_IdacCH0.c **** * Summary:
 170:.\Generated_Source\PSoC5/CapSense_1_IdacCH0.c **** *  Powers down IDAC8 to lowest power state.
 171:.\Generated_Source\PSoC5/CapSense_1_IdacCH0.c **** *
 172:.\Generated_Source\PSoC5/CapSense_1_IdacCH0.c **** * Parameters:
 173:.\Generated_Source\PSoC5/CapSense_1_IdacCH0.c **** *  (void)
 174:.\Generated_Source\PSoC5/CapSense_1_IdacCH0.c **** *
 175:.\Generated_Source\PSoC5/CapSense_1_IdacCH0.c **** * Return:
 176:.\Generated_Source\PSoC5/CapSense_1_IdacCH0.c **** *  (void)
 177:.\Generated_Source\PSoC5/CapSense_1_IdacCH0.c **** *
 178:.\Generated_Source\PSoC5/CapSense_1_IdacCH0.c **** * Theory:
 179:.\Generated_Source\PSoC5/CapSense_1_IdacCH0.c **** *
 180:.\Generated_Source\PSoC5/CapSense_1_IdacCH0.c **** * Side Effects:
 181:.\Generated_Source\PSoC5/CapSense_1_IdacCH0.c **** *
 182:.\Generated_Source\PSoC5/CapSense_1_IdacCH0.c **** *******************************************************************************/
 183:.\Generated_Source\PSoC5/CapSense_1_IdacCH0.c **** void CapSense_1_IdacCH0_Stop(void) 
 184:.\Generated_Source\PSoC5/CapSense_1_IdacCH0.c **** {
 184              		.loc 1 184 0
 185              		.cfi_startproc
 186              		@ args = 0, pretend = 0, frame = 0
 187              		@ frame_needed = 1, uses_anonymous_args = 0
 188              		@ link register save eliminated.
 189 0000 80B4     		push	{r7}
 190              		.cfi_def_cfa_offset 4
 191              		.cfi_offset 7, -4
 192 0002 00AF     		add	r7, sp, #0
 193              		.cfi_def_cfa_register 7
 185:.\Generated_Source\PSoC5/CapSense_1_IdacCH0.c ****     /* Disble power to DAC */
 186:.\Generated_Source\PSoC5/CapSense_1_IdacCH0.c ****     CapSense_1_IdacCH0_PWRMGR &= (uint8)(~CapSense_1_IdacCH0_ACT_PWR_EN);
 194              		.loc 1 186 0
 195 0004 094A     		ldr	r2, .L12
 196 0006 094B     		ldr	r3, .L12
 197 0008 1B78     		ldrb	r3, [r3]
 198 000a DBB2     		uxtb	r3, r3
 199 000c 23F00103 		bic	r3, r3, #1
 200 0010 DBB2     		uxtb	r3, r3
 201 0012 1370     		strb	r3, [r2]
 187:.\Generated_Source\PSoC5/CapSense_1_IdacCH0.c ****     CapSense_1_IdacCH0_STBY_PWRMGR &= (uint8)(~CapSense_1_IdacCH0_STBY_PWR_EN);
 202              		.loc 1 187 0
 203 0014 064A     		ldr	r2, .L12+4
 204 0016 064B     		ldr	r3, .L12+4
 205 0018 1B78     		ldrb	r3, [r3]
 206 001a DBB2     		uxtb	r3, r3
 207 001c 23F00103 		bic	r3, r3, #1
 208 0020 DBB2     		uxtb	r3, r3
 209 0022 1370     		strb	r3, [r2]
 188:.\Generated_Source\PSoC5/CapSense_1_IdacCH0.c ****     
 189:.\Generated_Source\PSoC5/CapSense_1_IdacCH0.c ****     #if (CY_PSOC5A)
 190:.\Generated_Source\PSoC5/CapSense_1_IdacCH0.c ****     
ARM GAS  C:\Users\LUKASC~1\AppData\Local\Temp\ccvZYSFu.s 			page 8


 191:.\Generated_Source\PSoC5/CapSense_1_IdacCH0.c ****         /* Set the global variable  */
 192:.\Generated_Source\PSoC5/CapSense_1_IdacCH0.c ****         CapSense_1_IdacCH0_restoreReg = 1u;
 193:.\Generated_Source\PSoC5/CapSense_1_IdacCH0.c **** 
 194:.\Generated_Source\PSoC5/CapSense_1_IdacCH0.c ****         /* Save the control register and then Clear it. */
 195:.\Generated_Source\PSoC5/CapSense_1_IdacCH0.c ****         CapSense_1_IdacCH0_lowPowerBackup.DACCR0Reg = CapSense_1_IdacCH0_CR0;
 196:.\Generated_Source\PSoC5/CapSense_1_IdacCH0.c ****         CapSense_1_IdacCH0_CR0 = (CapSense_1_IdacCH0_MODE_I | CapSense_1_IdacCH0_RANGE_3 | CapSense
 197:.\Generated_Source\PSoC5/CapSense_1_IdacCH0.c ****     #endif /* CY_PSOC5A */
 198:.\Generated_Source\PSoC5/CapSense_1_IdacCH0.c **** }
 210              		.loc 1 198 0
 211 0024 BD46     		mov	sp, r7
 212              		.cfi_def_cfa_register 13
 213              		@ sp needed
 214 0026 5DF8047B 		ldr	r7, [sp], #4
 215              		.cfi_restore 7
 216              		.cfi_def_cfa_offset 0
 217 002a 7047     		bx	lr
 218              	.L13:
 219              		.align	2
 220              	.L12:
 221 002c A8430040 		.word	1073759144
 222 0030 B8430040 		.word	1073759160
 223              		.cfi_endproc
 224              	.LFE3:
 225              		.size	CapSense_1_IdacCH0_Stop, .-CapSense_1_IdacCH0_Stop
 226              		.section	.text.CapSense_1_IdacCH0_SetSpeed,"ax",%progbits
 227              		.align	2
 228              		.global	CapSense_1_IdacCH0_SetSpeed
 229              		.thumb
 230              		.thumb_func
 231              		.type	CapSense_1_IdacCH0_SetSpeed, %function
 232              	CapSense_1_IdacCH0_SetSpeed:
 233              	.LFB4:
 199:.\Generated_Source\PSoC5/CapSense_1_IdacCH0.c **** 
 200:.\Generated_Source\PSoC5/CapSense_1_IdacCH0.c **** 
 201:.\Generated_Source\PSoC5/CapSense_1_IdacCH0.c **** /*******************************************************************************
 202:.\Generated_Source\PSoC5/CapSense_1_IdacCH0.c **** * Function Name: CapSense_1_IdacCH0_SetSpeed
 203:.\Generated_Source\PSoC5/CapSense_1_IdacCH0.c **** ********************************************************************************
 204:.\Generated_Source\PSoC5/CapSense_1_IdacCH0.c **** * Summary:
 205:.\Generated_Source\PSoC5/CapSense_1_IdacCH0.c **** *  Set DAC speed
 206:.\Generated_Source\PSoC5/CapSense_1_IdacCH0.c **** *
 207:.\Generated_Source\PSoC5/CapSense_1_IdacCH0.c **** * Parameters:
 208:.\Generated_Source\PSoC5/CapSense_1_IdacCH0.c **** *  power: Sets speed value
 209:.\Generated_Source\PSoC5/CapSense_1_IdacCH0.c **** *
 210:.\Generated_Source\PSoC5/CapSense_1_IdacCH0.c **** * Return:
 211:.\Generated_Source\PSoC5/CapSense_1_IdacCH0.c **** *  (void)
 212:.\Generated_Source\PSoC5/CapSense_1_IdacCH0.c **** *
 213:.\Generated_Source\PSoC5/CapSense_1_IdacCH0.c **** * Theory:
 214:.\Generated_Source\PSoC5/CapSense_1_IdacCH0.c **** *
 215:.\Generated_Source\PSoC5/CapSense_1_IdacCH0.c **** * Side Effects:
 216:.\Generated_Source\PSoC5/CapSense_1_IdacCH0.c **** *
 217:.\Generated_Source\PSoC5/CapSense_1_IdacCH0.c **** *******************************************************************************/
 218:.\Generated_Source\PSoC5/CapSense_1_IdacCH0.c **** void CapSense_1_IdacCH0_SetSpeed(uint8 speed) 
 219:.\Generated_Source\PSoC5/CapSense_1_IdacCH0.c **** {
 234              		.loc 1 219 0
 235              		.cfi_startproc
 236              		@ args = 0, pretend = 0, frame = 8
 237              		@ frame_needed = 1, uses_anonymous_args = 0
ARM GAS  C:\Users\LUKASC~1\AppData\Local\Temp\ccvZYSFu.s 			page 9


 238              		@ link register save eliminated.
 239 0000 80B4     		push	{r7}
 240              		.cfi_def_cfa_offset 4
 241              		.cfi_offset 7, -4
 242 0002 83B0     		sub	sp, sp, #12
 243              		.cfi_def_cfa_offset 16
 244 0004 00AF     		add	r7, sp, #0
 245              		.cfi_def_cfa_register 7
 246 0006 0346     		mov	r3, r0
 247 0008 FB71     		strb	r3, [r7, #7]
 220:.\Generated_Source\PSoC5/CapSense_1_IdacCH0.c ****     /* Clear power mask then write in new value */
 221:.\Generated_Source\PSoC5/CapSense_1_IdacCH0.c ****     CapSense_1_IdacCH0_CR0 &= (uint8)(~CapSense_1_IdacCH0_HS_MASK);
 248              		.loc 1 221 0
 249 000a 0C4A     		ldr	r2, .L15
 250 000c 0B4B     		ldr	r3, .L15
 251 000e 1B78     		ldrb	r3, [r3]
 252 0010 DBB2     		uxtb	r3, r3
 253 0012 23F00203 		bic	r3, r3, #2
 254 0016 DBB2     		uxtb	r3, r3
 255 0018 1370     		strb	r3, [r2]
 222:.\Generated_Source\PSoC5/CapSense_1_IdacCH0.c ****     CapSense_1_IdacCH0_CR0 |=  ( speed & CapSense_1_IdacCH0_HS_MASK);
 256              		.loc 1 222 0
 257 001a 0849     		ldr	r1, .L15
 258 001c 074B     		ldr	r3, .L15
 259 001e 1B78     		ldrb	r3, [r3]
 260 0020 DAB2     		uxtb	r2, r3
 261 0022 FB79     		ldrb	r3, [r7, #7]
 262 0024 03F00203 		and	r3, r3, #2
 263 0028 DBB2     		uxtb	r3, r3
 264 002a 1343     		orrs	r3, r3, r2
 265 002c DBB2     		uxtb	r3, r3
 266 002e 0B70     		strb	r3, [r1]
 223:.\Generated_Source\PSoC5/CapSense_1_IdacCH0.c **** }
 267              		.loc 1 223 0
 268 0030 0C37     		adds	r7, r7, #12
 269              		.cfi_def_cfa_offset 4
 270 0032 BD46     		mov	sp, r7
 271              		.cfi_def_cfa_register 13
 272              		@ sp needed
 273 0034 5DF8047B 		ldr	r7, [sp], #4
 274              		.cfi_restore 7
 275              		.cfi_def_cfa_offset 0
 276 0038 7047     		bx	lr
 277              	.L16:
 278 003a 00BF     		.align	2
 279              	.L15:
 280 003c 20580040 		.word	1073764384
 281              		.cfi_endproc
 282              	.LFE4:
 283              		.size	CapSense_1_IdacCH0_SetSpeed, .-CapSense_1_IdacCH0_SetSpeed
 284              		.section	.text.CapSense_1_IdacCH0_SetPolarity,"ax",%progbits
 285              		.align	2
 286              		.global	CapSense_1_IdacCH0_SetPolarity
 287              		.thumb
 288              		.thumb_func
 289              		.type	CapSense_1_IdacCH0_SetPolarity, %function
 290              	CapSense_1_IdacCH0_SetPolarity:
ARM GAS  C:\Users\LUKASC~1\AppData\Local\Temp\ccvZYSFu.s 			page 10


 291              	.LFB5:
 224:.\Generated_Source\PSoC5/CapSense_1_IdacCH0.c **** 
 225:.\Generated_Source\PSoC5/CapSense_1_IdacCH0.c **** 
 226:.\Generated_Source\PSoC5/CapSense_1_IdacCH0.c **** /*******************************************************************************
 227:.\Generated_Source\PSoC5/CapSense_1_IdacCH0.c **** * Function Name: CapSense_1_IdacCH0_SetPolarity
 228:.\Generated_Source\PSoC5/CapSense_1_IdacCH0.c **** ********************************************************************************
 229:.\Generated_Source\PSoC5/CapSense_1_IdacCH0.c **** * Summary:
 230:.\Generated_Source\PSoC5/CapSense_1_IdacCH0.c **** *  Sets IDAC to Sink or Source current.
 231:.\Generated_Source\PSoC5/CapSense_1_IdacCH0.c **** *  
 232:.\Generated_Source\PSoC5/CapSense_1_IdacCH0.c **** * Parameters:
 233:.\Generated_Source\PSoC5/CapSense_1_IdacCH0.c **** *  Polarity: Sets the IDAC to Sink or Source 
 234:.\Generated_Source\PSoC5/CapSense_1_IdacCH0.c **** *  0x00 - Source
 235:.\Generated_Source\PSoC5/CapSense_1_IdacCH0.c **** *  0x04 - Sink
 236:.\Generated_Source\PSoC5/CapSense_1_IdacCH0.c **** *
 237:.\Generated_Source\PSoC5/CapSense_1_IdacCH0.c **** * Return:
 238:.\Generated_Source\PSoC5/CapSense_1_IdacCH0.c **** *  (void)
 239:.\Generated_Source\PSoC5/CapSense_1_IdacCH0.c **** *
 240:.\Generated_Source\PSoC5/CapSense_1_IdacCH0.c **** * Theory:
 241:.\Generated_Source\PSoC5/CapSense_1_IdacCH0.c **** *
 242:.\Generated_Source\PSoC5/CapSense_1_IdacCH0.c **** * Side Effects:
 243:.\Generated_Source\PSoC5/CapSense_1_IdacCH0.c **** *
 244:.\Generated_Source\PSoC5/CapSense_1_IdacCH0.c **** *******************************************************************************/
 245:.\Generated_Source\PSoC5/CapSense_1_IdacCH0.c **** #if(CapSense_1_IdacCH0_DEFAULT_POLARITY != CapSense_1_IdacCH0_HARDWARE_CONTROLLED)
 246:.\Generated_Source\PSoC5/CapSense_1_IdacCH0.c ****     void CapSense_1_IdacCH0_SetPolarity(uint8 polarity) 
 247:.\Generated_Source\PSoC5/CapSense_1_IdacCH0.c ****     {
 292              		.loc 1 247 0
 293              		.cfi_startproc
 294              		@ args = 0, pretend = 0, frame = 8
 295              		@ frame_needed = 1, uses_anonymous_args = 0
 296 0000 80B5     		push	{r7, lr}
 297              		.cfi_def_cfa_offset 8
 298              		.cfi_offset 7, -8
 299              		.cfi_offset 14, -4
 300 0002 82B0     		sub	sp, sp, #8
 301              		.cfi_def_cfa_offset 16
 302 0004 00AF     		add	r7, sp, #0
 303              		.cfi_def_cfa_register 7
 304 0006 0346     		mov	r3, r0
 305 0008 FB71     		strb	r3, [r7, #7]
 248:.\Generated_Source\PSoC5/CapSense_1_IdacCH0.c ****         CapSense_1_IdacCH0_CR1 &= (uint8)(~CapSense_1_IdacCH0_IDIR_MASK);                /* clear p
 306              		.loc 1 248 0
 307 000a 0C4A     		ldr	r2, .L18
 308 000c 0B4B     		ldr	r3, .L18
 309 000e 1B78     		ldrb	r3, [r3]
 310 0010 DBB2     		uxtb	r3, r3
 311 0012 23F00403 		bic	r3, r3, #4
 312 0016 DBB2     		uxtb	r3, r3
 313 0018 1370     		strb	r3, [r2]
 249:.\Generated_Source\PSoC5/CapSense_1_IdacCH0.c ****         CapSense_1_IdacCH0_CR1 |= (polarity & CapSense_1_IdacCH0_IDIR_MASK);             /* set new
 314              		.loc 1 249 0
 315 001a 0849     		ldr	r1, .L18
 316 001c 074B     		ldr	r3, .L18
 317 001e 1B78     		ldrb	r3, [r3]
 318 0020 DAB2     		uxtb	r2, r3
 319 0022 FB79     		ldrb	r3, [r7, #7]
 320 0024 03F00403 		and	r3, r3, #4
 321 0028 DBB2     		uxtb	r3, r3
ARM GAS  C:\Users\LUKASC~1\AppData\Local\Temp\ccvZYSFu.s 			page 11


 322 002a 1343     		orrs	r3, r3, r2
 323 002c DBB2     		uxtb	r3, r3
 324 002e 0B70     		strb	r3, [r1]
 250:.\Generated_Source\PSoC5/CapSense_1_IdacCH0.c ****     
 251:.\Generated_Source\PSoC5/CapSense_1_IdacCH0.c ****         CapSense_1_IdacCH0_DacTrim();
 325              		.loc 1 251 0
 326 0030 FFF7FEFF 		bl	CapSense_1_IdacCH0_DacTrim
 252:.\Generated_Source\PSoC5/CapSense_1_IdacCH0.c ****     }
 327              		.loc 1 252 0
 328 0034 0837     		adds	r7, r7, #8
 329              		.cfi_def_cfa_offset 8
 330 0036 BD46     		mov	sp, r7
 331              		.cfi_def_cfa_register 13
 332              		@ sp needed
 333 0038 80BD     		pop	{r7, pc}
 334              	.L19:
 335 003a 00BF     		.align	2
 336              	.L18:
 337 003c 21580040 		.word	1073764385
 338              		.cfi_endproc
 339              	.LFE5:
 340              		.size	CapSense_1_IdacCH0_SetPolarity, .-CapSense_1_IdacCH0_SetPolarity
 341              		.section	.text.CapSense_1_IdacCH0_SetRange,"ax",%progbits
 342              		.align	2
 343              		.global	CapSense_1_IdacCH0_SetRange
 344              		.thumb
 345              		.thumb_func
 346              		.type	CapSense_1_IdacCH0_SetRange, %function
 347              	CapSense_1_IdacCH0_SetRange:
 348              	.LFB6:
 253:.\Generated_Source\PSoC5/CapSense_1_IdacCH0.c **** #endif/*(CapSense_1_IdacCH0_DEFAULT_POLARITY != CapSense_1_IdacCH0_HARDWARE_CONTROLLED)*/
 254:.\Generated_Source\PSoC5/CapSense_1_IdacCH0.c **** 
 255:.\Generated_Source\PSoC5/CapSense_1_IdacCH0.c **** 
 256:.\Generated_Source\PSoC5/CapSense_1_IdacCH0.c **** /*******************************************************************************
 257:.\Generated_Source\PSoC5/CapSense_1_IdacCH0.c **** * Function Name: CapSense_1_IdacCH0_SetRange
 258:.\Generated_Source\PSoC5/CapSense_1_IdacCH0.c **** ********************************************************************************
 259:.\Generated_Source\PSoC5/CapSense_1_IdacCH0.c **** * Summary:
 260:.\Generated_Source\PSoC5/CapSense_1_IdacCH0.c **** *  Set current range
 261:.\Generated_Source\PSoC5/CapSense_1_IdacCH0.c **** *
 262:.\Generated_Source\PSoC5/CapSense_1_IdacCH0.c **** * Parameters:
 263:.\Generated_Source\PSoC5/CapSense_1_IdacCH0.c **** *  Range: Sets on of four valid ranges.
 264:.\Generated_Source\PSoC5/CapSense_1_IdacCH0.c **** *
 265:.\Generated_Source\PSoC5/CapSense_1_IdacCH0.c **** * Return:
 266:.\Generated_Source\PSoC5/CapSense_1_IdacCH0.c **** *  (void)
 267:.\Generated_Source\PSoC5/CapSense_1_IdacCH0.c **** *
 268:.\Generated_Source\PSoC5/CapSense_1_IdacCH0.c **** * Theory:
 269:.\Generated_Source\PSoC5/CapSense_1_IdacCH0.c **** *
 270:.\Generated_Source\PSoC5/CapSense_1_IdacCH0.c **** * Side Effects:
 271:.\Generated_Source\PSoC5/CapSense_1_IdacCH0.c **** *
 272:.\Generated_Source\PSoC5/CapSense_1_IdacCH0.c **** *******************************************************************************/
 273:.\Generated_Source\PSoC5/CapSense_1_IdacCH0.c **** void CapSense_1_IdacCH0_SetRange(uint8 range) 
 274:.\Generated_Source\PSoC5/CapSense_1_IdacCH0.c **** {
 349              		.loc 1 274 0
 350              		.cfi_startproc
 351              		@ args = 0, pretend = 0, frame = 8
 352              		@ frame_needed = 1, uses_anonymous_args = 0
 353 0000 80B5     		push	{r7, lr}
ARM GAS  C:\Users\LUKASC~1\AppData\Local\Temp\ccvZYSFu.s 			page 12


 354              		.cfi_def_cfa_offset 8
 355              		.cfi_offset 7, -8
 356              		.cfi_offset 14, -4
 357 0002 82B0     		sub	sp, sp, #8
 358              		.cfi_def_cfa_offset 16
 359 0004 00AF     		add	r7, sp, #0
 360              		.cfi_def_cfa_register 7
 361 0006 0346     		mov	r3, r0
 362 0008 FB71     		strb	r3, [r7, #7]
 275:.\Generated_Source\PSoC5/CapSense_1_IdacCH0.c ****     CapSense_1_IdacCH0_CR0 &= (uint8)(~CapSense_1_IdacCH0_RANGE_MASK);       /* Clear existing mode
 363              		.loc 1 275 0
 364 000a 0C4A     		ldr	r2, .L21
 365 000c 0B4B     		ldr	r3, .L21
 366 000e 1B78     		ldrb	r3, [r3]
 367 0010 DBB2     		uxtb	r3, r3
 368 0012 23F00C03 		bic	r3, r3, #12
 369 0016 DBB2     		uxtb	r3, r3
 370 0018 1370     		strb	r3, [r2]
 276:.\Generated_Source\PSoC5/CapSense_1_IdacCH0.c ****     CapSense_1_IdacCH0_CR0 |= ( range & CapSense_1_IdacCH0_RANGE_MASK );     /*  Set Range  */
 371              		.loc 1 276 0
 372 001a 0849     		ldr	r1, .L21
 373 001c 074B     		ldr	r3, .L21
 374 001e 1B78     		ldrb	r3, [r3]
 375 0020 DAB2     		uxtb	r2, r3
 376 0022 FB79     		ldrb	r3, [r7, #7]
 377 0024 03F00C03 		and	r3, r3, #12
 378 0028 DBB2     		uxtb	r3, r3
 379 002a 1343     		orrs	r3, r3, r2
 380 002c DBB2     		uxtb	r3, r3
 381 002e 0B70     		strb	r3, [r1]
 277:.\Generated_Source\PSoC5/CapSense_1_IdacCH0.c ****     CapSense_1_IdacCH0_DacTrim();
 382              		.loc 1 277 0
 383 0030 FFF7FEFF 		bl	CapSense_1_IdacCH0_DacTrim
 278:.\Generated_Source\PSoC5/CapSense_1_IdacCH0.c **** }
 384              		.loc 1 278 0
 385 0034 0837     		adds	r7, r7, #8
 386              		.cfi_def_cfa_offset 8
 387 0036 BD46     		mov	sp, r7
 388              		.cfi_def_cfa_register 13
 389              		@ sp needed
 390 0038 80BD     		pop	{r7, pc}
 391              	.L22:
 392 003a 00BF     		.align	2
 393              	.L21:
 394 003c 20580040 		.word	1073764384
 395              		.cfi_endproc
 396              	.LFE6:
 397              		.size	CapSense_1_IdacCH0_SetRange, .-CapSense_1_IdacCH0_SetRange
 398              		.section	.text.CapSense_1_IdacCH0_SetValue,"ax",%progbits
 399              		.align	2
 400              		.global	CapSense_1_IdacCH0_SetValue
 401              		.thumb
 402              		.thumb_func
 403              		.type	CapSense_1_IdacCH0_SetValue, %function
 404              	CapSense_1_IdacCH0_SetValue:
 405              	.LFB7:
 279:.\Generated_Source\PSoC5/CapSense_1_IdacCH0.c **** 
ARM GAS  C:\Users\LUKASC~1\AppData\Local\Temp\ccvZYSFu.s 			page 13


 280:.\Generated_Source\PSoC5/CapSense_1_IdacCH0.c **** 
 281:.\Generated_Source\PSoC5/CapSense_1_IdacCH0.c **** /*******************************************************************************
 282:.\Generated_Source\PSoC5/CapSense_1_IdacCH0.c **** * Function Name: CapSense_1_IdacCH0_SetValue
 283:.\Generated_Source\PSoC5/CapSense_1_IdacCH0.c **** ********************************************************************************
 284:.\Generated_Source\PSoC5/CapSense_1_IdacCH0.c **** * Summary:
 285:.\Generated_Source\PSoC5/CapSense_1_IdacCH0.c **** *  Set DAC value
 286:.\Generated_Source\PSoC5/CapSense_1_IdacCH0.c **** *
 287:.\Generated_Source\PSoC5/CapSense_1_IdacCH0.c **** * Parameters:
 288:.\Generated_Source\PSoC5/CapSense_1_IdacCH0.c **** *  value: Sets DAC value between 0 and 255.
 289:.\Generated_Source\PSoC5/CapSense_1_IdacCH0.c **** *
 290:.\Generated_Source\PSoC5/CapSense_1_IdacCH0.c **** * Return:
 291:.\Generated_Source\PSoC5/CapSense_1_IdacCH0.c **** *  (void)
 292:.\Generated_Source\PSoC5/CapSense_1_IdacCH0.c **** *
 293:.\Generated_Source\PSoC5/CapSense_1_IdacCH0.c **** * Theory:
 294:.\Generated_Source\PSoC5/CapSense_1_IdacCH0.c **** *
 295:.\Generated_Source\PSoC5/CapSense_1_IdacCH0.c **** * Side Effects:
 296:.\Generated_Source\PSoC5/CapSense_1_IdacCH0.c **** *
 297:.\Generated_Source\PSoC5/CapSense_1_IdacCH0.c **** *******************************************************************************/
 298:.\Generated_Source\PSoC5/CapSense_1_IdacCH0.c **** void CapSense_1_IdacCH0_SetValue(uint8 value) 
 299:.\Generated_Source\PSoC5/CapSense_1_IdacCH0.c **** {
 406              		.loc 1 299 0
 407              		.cfi_startproc
 408              		@ args = 0, pretend = 0, frame = 8
 409              		@ frame_needed = 1, uses_anonymous_args = 0
 410              		@ link register save eliminated.
 411 0000 80B4     		push	{r7}
 412              		.cfi_def_cfa_offset 4
 413              		.cfi_offset 7, -4
 414 0002 83B0     		sub	sp, sp, #12
 415              		.cfi_def_cfa_offset 16
 416 0004 00AF     		add	r7, sp, #0
 417              		.cfi_def_cfa_register 7
 418 0006 0346     		mov	r3, r0
 419 0008 FB71     		strb	r3, [r7, #7]
 300:.\Generated_Source\PSoC5/CapSense_1_IdacCH0.c **** 
 301:.\Generated_Source\PSoC5/CapSense_1_IdacCH0.c ****     #if (CY_PSOC5A)
 302:.\Generated_Source\PSoC5/CapSense_1_IdacCH0.c ****         uint8 CapSense_1_IdacCH0_intrStatus = CyEnterCriticalSection();
 303:.\Generated_Source\PSoC5/CapSense_1_IdacCH0.c ****     #endif /* CY_PSOC5A */
 304:.\Generated_Source\PSoC5/CapSense_1_IdacCH0.c **** 
 305:.\Generated_Source\PSoC5/CapSense_1_IdacCH0.c ****     CapSense_1_IdacCH0_Data = value;         /*  Set Value  */
 420              		.loc 1 305 0
 421 000a 044A     		ldr	r2, .L24
 422 000c FB79     		ldrb	r3, [r7, #7]
 423 000e 1370     		strb	r3, [r2]
 306:.\Generated_Source\PSoC5/CapSense_1_IdacCH0.c ****     
 307:.\Generated_Source\PSoC5/CapSense_1_IdacCH0.c ****     /* PSOC5A silicons require a double write */
 308:.\Generated_Source\PSoC5/CapSense_1_IdacCH0.c ****     #if (CY_PSOC5A)
 309:.\Generated_Source\PSoC5/CapSense_1_IdacCH0.c ****         CapSense_1_IdacCH0_Data = value;
 310:.\Generated_Source\PSoC5/CapSense_1_IdacCH0.c ****         CyExitCriticalSection(CapSense_1_IdacCH0_intrStatus);
 311:.\Generated_Source\PSoC5/CapSense_1_IdacCH0.c ****     #endif /* CY_PSOC5A */
 312:.\Generated_Source\PSoC5/CapSense_1_IdacCH0.c **** }
 424              		.loc 1 312 0
 425 0010 0C37     		adds	r7, r7, #12
 426              		.cfi_def_cfa_offset 4
 427 0012 BD46     		mov	sp, r7
 428              		.cfi_def_cfa_register 13
 429              		@ sp needed
ARM GAS  C:\Users\LUKASC~1\AppData\Local\Temp\ccvZYSFu.s 			page 14


 430 0014 5DF8047B 		ldr	r7, [sp], #4
 431              		.cfi_restore 7
 432              		.cfi_def_cfa_offset 0
 433 0018 7047     		bx	lr
 434              	.L25:
 435 001a 00BF     		.align	2
 436              	.L24:
 437 001c 805B0040 		.word	1073765248
 438              		.cfi_endproc
 439              	.LFE7:
 440              		.size	CapSense_1_IdacCH0_SetValue, .-CapSense_1_IdacCH0_SetValue
 441              		.section	.text.CapSense_1_IdacCH0_DacTrim,"ax",%progbits
 442              		.align	2
 443              		.global	CapSense_1_IdacCH0_DacTrim
 444              		.thumb
 445              		.thumb_func
 446              		.type	CapSense_1_IdacCH0_DacTrim, %function
 447              	CapSense_1_IdacCH0_DacTrim:
 448              	.LFB8:
 313:.\Generated_Source\PSoC5/CapSense_1_IdacCH0.c **** 
 314:.\Generated_Source\PSoC5/CapSense_1_IdacCH0.c **** 
 315:.\Generated_Source\PSoC5/CapSense_1_IdacCH0.c **** /*******************************************************************************
 316:.\Generated_Source\PSoC5/CapSense_1_IdacCH0.c **** * Function Name: CapSense_1_IdacCH0_DacTrim
 317:.\Generated_Source\PSoC5/CapSense_1_IdacCH0.c **** ********************************************************************************
 318:.\Generated_Source\PSoC5/CapSense_1_IdacCH0.c **** * Summary:
 319:.\Generated_Source\PSoC5/CapSense_1_IdacCH0.c **** *  Set the trim value for the given range.
 320:.\Generated_Source\PSoC5/CapSense_1_IdacCH0.c **** *
 321:.\Generated_Source\PSoC5/CapSense_1_IdacCH0.c **** * Parameters:
 322:.\Generated_Source\PSoC5/CapSense_1_IdacCH0.c **** *  None
 323:.\Generated_Source\PSoC5/CapSense_1_IdacCH0.c **** *
 324:.\Generated_Source\PSoC5/CapSense_1_IdacCH0.c **** * Return:
 325:.\Generated_Source\PSoC5/CapSense_1_IdacCH0.c **** *  (void) 
 326:.\Generated_Source\PSoC5/CapSense_1_IdacCH0.c **** *
 327:.\Generated_Source\PSoC5/CapSense_1_IdacCH0.c **** * Theory:
 328:.\Generated_Source\PSoC5/CapSense_1_IdacCH0.c **** *  Trim values for the IDAC blocks are stored in the "Customer Table" area in 
 329:.\Generated_Source\PSoC5/CapSense_1_IdacCH0.c **** *  Row 1 of the Hidden Flash.  There are 8 bytes of trim data for each 
 330:.\Generated_Source\PSoC5/CapSense_1_IdacCH0.c **** *  IDAC block.
 331:.\Generated_Source\PSoC5/CapSense_1_IdacCH0.c **** *  The values are:
 332:.\Generated_Source\PSoC5/CapSense_1_IdacCH0.c **** *       I Gain offset, min range, Sourcing
 333:.\Generated_Source\PSoC5/CapSense_1_IdacCH0.c **** *       I Gain offset, min range, Sinking
 334:.\Generated_Source\PSoC5/CapSense_1_IdacCH0.c **** *       I Gain offset, med range, Sourcing
 335:.\Generated_Source\PSoC5/CapSense_1_IdacCH0.c **** *       I Gain offset, med range, Sinking
 336:.\Generated_Source\PSoC5/CapSense_1_IdacCH0.c **** *       I Gain offset, max range, Sourcing
 337:.\Generated_Source\PSoC5/CapSense_1_IdacCH0.c **** *       I Gain offset, max range, Sinking
 338:.\Generated_Source\PSoC5/CapSense_1_IdacCH0.c **** *       V Gain offset, 1V range
 339:.\Generated_Source\PSoC5/CapSense_1_IdacCH0.c **** *       V Gain offset, 4V range
 340:.\Generated_Source\PSoC5/CapSense_1_IdacCH0.c **** *
 341:.\Generated_Source\PSoC5/CapSense_1_IdacCH0.c **** * Side Effects:
 342:.\Generated_Source\PSoC5/CapSense_1_IdacCH0.c **** *
 343:.\Generated_Source\PSoC5/CapSense_1_IdacCH0.c **** *******************************************************************************/
 344:.\Generated_Source\PSoC5/CapSense_1_IdacCH0.c **** void CapSense_1_IdacCH0_DacTrim(void) 
 345:.\Generated_Source\PSoC5/CapSense_1_IdacCH0.c **** {
 449              		.loc 1 345 0
 450              		.cfi_startproc
 451              		@ args = 0, pretend = 0, frame = 8
 452              		@ frame_needed = 1, uses_anonymous_args = 0
 453              		@ link register save eliminated.
ARM GAS  C:\Users\LUKASC~1\AppData\Local\Temp\ccvZYSFu.s 			page 15


 454 0000 80B4     		push	{r7}
 455              		.cfi_def_cfa_offset 4
 456              		.cfi_offset 7, -4
 457 0002 83B0     		sub	sp, sp, #12
 458              		.cfi_def_cfa_offset 16
 459 0004 00AF     		add	r7, sp, #0
 460              		.cfi_def_cfa_register 7
 346:.\Generated_Source\PSoC5/CapSense_1_IdacCH0.c ****     uint8 mode;
 347:.\Generated_Source\PSoC5/CapSense_1_IdacCH0.c **** 
 348:.\Generated_Source\PSoC5/CapSense_1_IdacCH0.c ****     mode = ((CapSense_1_IdacCH0_CR0 & CapSense_1_IdacCH0_RANGE_MASK) >> 1u);
 461              		.loc 1 348 0
 462 0006 104B     		ldr	r3, .L28
 463 0008 1B78     		ldrb	r3, [r3]
 464 000a DBB2     		uxtb	r3, r3
 465 000c 03F00C03 		and	r3, r3, #12
 466 0010 5B08     		lsrs	r3, r3, #1
 467 0012 FB71     		strb	r3, [r7, #7]
 349:.\Generated_Source\PSoC5/CapSense_1_IdacCH0.c ****     
 350:.\Generated_Source\PSoC5/CapSense_1_IdacCH0.c ****     if((CapSense_1_IdacCH0_IDIR_MASK & CapSense_1_IdacCH0_CR1) == CapSense_1_IdacCH0_IDIR_SINK)
 468              		.loc 1 350 0
 469 0014 0D4B     		ldr	r3, .L28+4
 470 0016 1B78     		ldrb	r3, [r3]
 471 0018 DBB2     		uxtb	r3, r3
 472 001a 03F00403 		and	r3, r3, #4
 473 001e DBB2     		uxtb	r3, r3
 474 0020 002B     		cmp	r3, #0
 475 0022 02D0     		beq	.L27
 351:.\Generated_Source\PSoC5/CapSense_1_IdacCH0.c ****     {
 352:.\Generated_Source\PSoC5/CapSense_1_IdacCH0.c ****         mode++;
 476              		.loc 1 352 0
 477 0024 FB79     		ldrb	r3, [r7, #7]	@ zero_extendqisi2
 478 0026 0133     		adds	r3, r3, #1
 479 0028 FB71     		strb	r3, [r7, #7]
 480              	.L27:
 353:.\Generated_Source\PSoC5/CapSense_1_IdacCH0.c ****     }
 354:.\Generated_Source\PSoC5/CapSense_1_IdacCH0.c **** 
 355:.\Generated_Source\PSoC5/CapSense_1_IdacCH0.c ****     CapSense_1_IdacCH0_TR = CY_GET_XTND_REG8((uint8 *)(CapSense_1_IdacCH0_DAC_TRIM_BASE + mode));
 481              		.loc 1 355 0
 482 002a 094A     		ldr	r2, .L28+8
 483 002c FB79     		ldrb	r3, [r7, #7]	@ zero_extendqisi2
 484 002e 03F19243 		add	r3, r3, #1224736768
 485 0032 03F59073 		add	r3, r3, #288
 486 0036 1B78     		ldrb	r3, [r3]
 487 0038 DBB2     		uxtb	r3, r3
 488 003a 1370     		strb	r3, [r2]
 356:.\Generated_Source\PSoC5/CapSense_1_IdacCH0.c **** }
 489              		.loc 1 356 0
 490 003c 0C37     		adds	r7, r7, #12
 491              		.cfi_def_cfa_offset 4
 492 003e BD46     		mov	sp, r7
 493              		.cfi_def_cfa_register 13
 494              		@ sp needed
 495 0040 5DF8047B 		ldr	r7, [sp], #4
 496              		.cfi_restore 7
 497              		.cfi_def_cfa_offset 0
 498 0044 7047     		bx	lr
 499              	.L29:
ARM GAS  C:\Users\LUKASC~1\AppData\Local\Temp\ccvZYSFu.s 			page 16


 500 0046 00BF     		.align	2
 501              	.L28:
 502 0048 20580040 		.word	1073764384
 503 004c 21580040 		.word	1073764385
 504 0050 08460040 		.word	1073759752
 505              		.cfi_endproc
 506              	.LFE8:
 507              		.size	CapSense_1_IdacCH0_DacTrim, .-CapSense_1_IdacCH0_DacTrim
 508              		.text
 509              	.Letext0:
 510              		.file 2 ".\\Generated_Source\\PSoC5\\cytypes.h"
 511              		.section	.debug_info,"",%progbits
 512              	.Ldebug_info0:
 513 0000 A9010000 		.4byte	0x1a9
 514 0004 0400     		.2byte	0x4
 515 0006 00000000 		.4byte	.Ldebug_abbrev0
 516 000a 04       		.byte	0x4
 517 000b 01       		.uleb128 0x1
 518 000c D9000000 		.4byte	.LASF27
 519 0010 01       		.byte	0x1
 520 0011 83010000 		.4byte	.LASF28
 521 0015 2B000000 		.4byte	.LASF29
 522 0019 00000000 		.4byte	.Ldebug_ranges0+0
 523 001d 00000000 		.4byte	0
 524 0021 00000000 		.4byte	.Ldebug_line0
 525 0025 02       		.uleb128 0x2
 526 0026 01       		.byte	0x1
 527 0027 06       		.byte	0x6
 528 0028 E7010000 		.4byte	.LASF0
 529 002c 02       		.uleb128 0x2
 530 002d 01       		.byte	0x1
 531 002e 08       		.byte	0x8
 532 002f B1010000 		.4byte	.LASF1
 533 0033 02       		.uleb128 0x2
 534 0034 02       		.byte	0x2
 535 0035 05       		.byte	0x5
 536 0036 1C000000 		.4byte	.LASF2
 537 003a 02       		.uleb128 0x2
 538 003b 02       		.byte	0x2
 539 003c 07       		.byte	0x7
 540 003d 1D020000 		.4byte	.LASF3
 541 0041 02       		.uleb128 0x2
 542 0042 04       		.byte	0x4
 543 0043 05       		.byte	0x5
 544 0044 4F020000 		.4byte	.LASF4
 545 0048 02       		.uleb128 0x2
 546 0049 04       		.byte	0x4
 547 004a 07       		.byte	0x7
 548 004b 91020000 		.4byte	.LASF5
 549 004f 02       		.uleb128 0x2
 550 0050 08       		.byte	0x8
 551 0051 05       		.byte	0x5
 552 0052 CB000000 		.4byte	.LASF6
 553 0056 02       		.uleb128 0x2
 554 0057 08       		.byte	0x8
 555 0058 07       		.byte	0x7
 556 0059 F3010000 		.4byte	.LASF7
ARM GAS  C:\Users\LUKASC~1\AppData\Local\Temp\ccvZYSFu.s 			page 17


 557 005d 03       		.uleb128 0x3
 558 005e 04       		.byte	0x4
 559 005f 05       		.byte	0x5
 560 0060 696E7400 		.ascii	"int\000"
 561 0064 02       		.uleb128 0x2
 562 0065 04       		.byte	0x4
 563 0066 07       		.byte	0x7
 564 0067 0A020000 		.4byte	.LASF8
 565 006b 04       		.uleb128 0x4
 566 006c A7000000 		.4byte	.LASF12
 567 0070 02       		.byte	0x2
 568 0071 9201     		.2byte	0x192
 569 0073 2C000000 		.4byte	0x2c
 570 0077 02       		.uleb128 0x2
 571 0078 04       		.byte	0x4
 572 0079 04       		.byte	0x4
 573 007a C5000000 		.4byte	.LASF9
 574 007e 02       		.uleb128 0x2
 575 007f 08       		.byte	0x8
 576 0080 04       		.byte	0x4
 577 0081 BF020000 		.4byte	.LASF10
 578 0085 02       		.uleb128 0x2
 579 0086 01       		.byte	0x1
 580 0087 08       		.byte	0x8
 581 0088 4A020000 		.4byte	.LASF11
 582 008c 04       		.uleb128 0x4
 583 008d 8C020000 		.4byte	.LASF13
 584 0091 02       		.byte	0x2
 585 0092 3C02     		.2byte	0x23c
 586 0094 98000000 		.4byte	0x98
 587 0098 05       		.uleb128 0x5
 588 0099 6B000000 		.4byte	0x6b
 589 009d 06       		.uleb128 0x6
 590 009e C6020000 		.4byte	.LASF14
 591 00a2 01       		.byte	0x1
 592 00a3 3A       		.byte	0x3a
 593 00a4 00000000 		.4byte	.LFB0
 594 00a8 44000000 		.4byte	.LFE0-.LFB0
 595 00ac 01       		.uleb128 0x1
 596 00ad 9C       		.byte	0x9c
 597 00ae 07       		.uleb128 0x7
 598 00af 30020000 		.4byte	.LASF15
 599 00b3 01       		.byte	0x1
 600 00b4 6F       		.byte	0x6f
 601 00b5 00000000 		.4byte	.LFB1
 602 00b9 34000000 		.4byte	.LFE1-.LFB1
 603 00bd 01       		.uleb128 0x1
 604 00be 9C       		.byte	0x9c
 605 00bf 06       		.uleb128 0x6
 606 00c0 58020000 		.4byte	.LASF16
 607 00c4 01       		.byte	0x1
 608 00c5 93       		.byte	0x93
 609 00c6 00000000 		.4byte	.LFB2
 610 00ca 28000000 		.4byte	.LFE2-.LFB2
 611 00ce 01       		.uleb128 0x1
 612 00cf 9C       		.byte	0x9c
 613 00d0 07       		.uleb128 0x7
ARM GAS  C:\Users\LUKASC~1\AppData\Local\Temp\ccvZYSFu.s 			page 18


 614 00d1 AD000000 		.4byte	.LASF17
 615 00d5 01       		.byte	0x1
 616 00d6 B7       		.byte	0xb7
 617 00d7 00000000 		.4byte	.LFB3
 618 00db 34000000 		.4byte	.LFE3-.LFB3
 619 00df 01       		.uleb128 0x1
 620 00e0 9C       		.byte	0x9c
 621 00e1 08       		.uleb128 0x8
 622 00e2 A3020000 		.4byte	.LASF18
 623 00e6 01       		.byte	0x1
 624 00e7 DA       		.byte	0xda
 625 00e8 00000000 		.4byte	.LFB4
 626 00ec 40000000 		.4byte	.LFE4-.LFB4
 627 00f0 01       		.uleb128 0x1
 628 00f1 9C       		.byte	0x9c
 629 00f2 05010000 		.4byte	0x105
 630 00f6 09       		.uleb128 0x9
 631 00f7 17020000 		.4byte	.LASF20
 632 00fb 01       		.byte	0x1
 633 00fc DA       		.byte	0xda
 634 00fd 6B000000 		.4byte	0x6b
 635 0101 02       		.uleb128 0x2
 636 0102 91       		.byte	0x91
 637 0103 77       		.sleb128 -9
 638 0104 00       		.byte	0
 639 0105 0A       		.uleb128 0xa
 640 0106 BF010000 		.4byte	.LASF19
 641 010a 01       		.byte	0x1
 642 010b F6       		.byte	0xf6
 643 010c 00000000 		.4byte	.LFB5
 644 0110 40000000 		.4byte	.LFE5-.LFB5
 645 0114 01       		.uleb128 0x1
 646 0115 9C       		.byte	0x9c
 647 0116 29010000 		.4byte	0x129
 648 011a 09       		.uleb128 0x9
 649 011b DE010000 		.4byte	.LASF21
 650 011f 01       		.byte	0x1
 651 0120 F6       		.byte	0xf6
 652 0121 6B000000 		.4byte	0x6b
 653 0125 02       		.uleb128 0x2
 654 0126 91       		.byte	0x91
 655 0127 77       		.sleb128 -9
 656 0128 00       		.byte	0
 657 0129 0B       		.uleb128 0xb
 658 012a 00000000 		.4byte	.LASF22
 659 012e 01       		.byte	0x1
 660 012f 1101     		.2byte	0x111
 661 0131 00000000 		.4byte	.LFB6
 662 0135 40000000 		.4byte	.LFE6-.LFB6
 663 0139 01       		.uleb128 0x1
 664 013a 9C       		.byte	0x9c
 665 013b 4F010000 		.4byte	0x14f
 666 013f 0C       		.uleb128 0xc
 667 0140 DE020000 		.4byte	.LASF23
 668 0144 01       		.byte	0x1
 669 0145 1101     		.2byte	0x111
 670 0147 6B000000 		.4byte	0x6b
ARM GAS  C:\Users\LUKASC~1\AppData\Local\Temp\ccvZYSFu.s 			page 19


 671 014b 02       		.uleb128 0x2
 672 014c 91       		.byte	0x91
 673 014d 77       		.sleb128 -9
 674 014e 00       		.byte	0
 675 014f 0D       		.uleb128 0xd
 676 0150 67010000 		.4byte	.LASF24
 677 0154 01       		.byte	0x1
 678 0155 2A01     		.2byte	0x12a
 679 0157 00000000 		.4byte	.LFB7
 680 015b 20000000 		.4byte	.LFE7-.LFB7
 681 015f 01       		.uleb128 0x1
 682 0160 9C       		.byte	0x9c
 683 0161 75010000 		.4byte	0x175
 684 0165 0C       		.uleb128 0xc
 685 0166 86000000 		.4byte	.LASF25
 686 016a 01       		.byte	0x1
 687 016b 2A01     		.2byte	0x12a
 688 016d 6B000000 		.4byte	0x6b
 689 0171 02       		.uleb128 0x2
 690 0172 91       		.byte	0x91
 691 0173 77       		.sleb128 -9
 692 0174 00       		.byte	0
 693 0175 0D       		.uleb128 0xd
 694 0176 71020000 		.4byte	.LASF26
 695 017a 01       		.byte	0x1
 696 017b 5801     		.2byte	0x158
 697 017d 00000000 		.4byte	.LFB8
 698 0181 54000000 		.4byte	.LFE8-.LFB8
 699 0185 01       		.uleb128 0x1
 700 0186 9C       		.byte	0x9c
 701 0187 9B010000 		.4byte	0x19b
 702 018b 0E       		.uleb128 0xe
 703 018c 26000000 		.4byte	.LASF30
 704 0190 01       		.byte	0x1
 705 0191 5A01     		.2byte	0x15a
 706 0193 6B000000 		.4byte	0x6b
 707 0197 02       		.uleb128 0x2
 708 0198 91       		.byte	0x91
 709 0199 77       		.sleb128 -9
 710 019a 00       		.byte	0
 711 019b 0F       		.uleb128 0xf
 712 019c 8C000000 		.4byte	.LASF31
 713 01a0 01       		.byte	0x1
 714 01a1 1B       		.byte	0x1b
 715 01a2 6B000000 		.4byte	0x6b
 716 01a6 05       		.uleb128 0x5
 717 01a7 03       		.byte	0x3
 718 01a8 00000000 		.4byte	CapSense_1_IdacCH0_initVar
 719 01ac 00       		.byte	0
 720              		.section	.debug_abbrev,"",%progbits
 721              	.Ldebug_abbrev0:
 722 0000 01       		.uleb128 0x1
 723 0001 11       		.uleb128 0x11
 724 0002 01       		.byte	0x1
 725 0003 25       		.uleb128 0x25
 726 0004 0E       		.uleb128 0xe
 727 0005 13       		.uleb128 0x13
ARM GAS  C:\Users\LUKASC~1\AppData\Local\Temp\ccvZYSFu.s 			page 20


 728 0006 0B       		.uleb128 0xb
 729 0007 03       		.uleb128 0x3
 730 0008 0E       		.uleb128 0xe
 731 0009 1B       		.uleb128 0x1b
 732 000a 0E       		.uleb128 0xe
 733 000b 55       		.uleb128 0x55
 734 000c 17       		.uleb128 0x17
 735 000d 11       		.uleb128 0x11
 736 000e 01       		.uleb128 0x1
 737 000f 10       		.uleb128 0x10
 738 0010 17       		.uleb128 0x17
 739 0011 00       		.byte	0
 740 0012 00       		.byte	0
 741 0013 02       		.uleb128 0x2
 742 0014 24       		.uleb128 0x24
 743 0015 00       		.byte	0
 744 0016 0B       		.uleb128 0xb
 745 0017 0B       		.uleb128 0xb
 746 0018 3E       		.uleb128 0x3e
 747 0019 0B       		.uleb128 0xb
 748 001a 03       		.uleb128 0x3
 749 001b 0E       		.uleb128 0xe
 750 001c 00       		.byte	0
 751 001d 00       		.byte	0
 752 001e 03       		.uleb128 0x3
 753 001f 24       		.uleb128 0x24
 754 0020 00       		.byte	0
 755 0021 0B       		.uleb128 0xb
 756 0022 0B       		.uleb128 0xb
 757 0023 3E       		.uleb128 0x3e
 758 0024 0B       		.uleb128 0xb
 759 0025 03       		.uleb128 0x3
 760 0026 08       		.uleb128 0x8
 761 0027 00       		.byte	0
 762 0028 00       		.byte	0
 763 0029 04       		.uleb128 0x4
 764 002a 16       		.uleb128 0x16
 765 002b 00       		.byte	0
 766 002c 03       		.uleb128 0x3
 767 002d 0E       		.uleb128 0xe
 768 002e 3A       		.uleb128 0x3a
 769 002f 0B       		.uleb128 0xb
 770 0030 3B       		.uleb128 0x3b
 771 0031 05       		.uleb128 0x5
 772 0032 49       		.uleb128 0x49
 773 0033 13       		.uleb128 0x13
 774 0034 00       		.byte	0
 775 0035 00       		.byte	0
 776 0036 05       		.uleb128 0x5
 777 0037 35       		.uleb128 0x35
 778 0038 00       		.byte	0
 779 0039 49       		.uleb128 0x49
 780 003a 13       		.uleb128 0x13
 781 003b 00       		.byte	0
 782 003c 00       		.byte	0
 783 003d 06       		.uleb128 0x6
 784 003e 2E       		.uleb128 0x2e
ARM GAS  C:\Users\LUKASC~1\AppData\Local\Temp\ccvZYSFu.s 			page 21


 785 003f 00       		.byte	0
 786 0040 3F       		.uleb128 0x3f
 787 0041 19       		.uleb128 0x19
 788 0042 03       		.uleb128 0x3
 789 0043 0E       		.uleb128 0xe
 790 0044 3A       		.uleb128 0x3a
 791 0045 0B       		.uleb128 0xb
 792 0046 3B       		.uleb128 0x3b
 793 0047 0B       		.uleb128 0xb
 794 0048 27       		.uleb128 0x27
 795 0049 19       		.uleb128 0x19
 796 004a 11       		.uleb128 0x11
 797 004b 01       		.uleb128 0x1
 798 004c 12       		.uleb128 0x12
 799 004d 06       		.uleb128 0x6
 800 004e 40       		.uleb128 0x40
 801 004f 18       		.uleb128 0x18
 802 0050 9642     		.uleb128 0x2116
 803 0052 19       		.uleb128 0x19
 804 0053 00       		.byte	0
 805 0054 00       		.byte	0
 806 0055 07       		.uleb128 0x7
 807 0056 2E       		.uleb128 0x2e
 808 0057 00       		.byte	0
 809 0058 3F       		.uleb128 0x3f
 810 0059 19       		.uleb128 0x19
 811 005a 03       		.uleb128 0x3
 812 005b 0E       		.uleb128 0xe
 813 005c 3A       		.uleb128 0x3a
 814 005d 0B       		.uleb128 0xb
 815 005e 3B       		.uleb128 0x3b
 816 005f 0B       		.uleb128 0xb
 817 0060 27       		.uleb128 0x27
 818 0061 19       		.uleb128 0x19
 819 0062 11       		.uleb128 0x11
 820 0063 01       		.uleb128 0x1
 821 0064 12       		.uleb128 0x12
 822 0065 06       		.uleb128 0x6
 823 0066 40       		.uleb128 0x40
 824 0067 18       		.uleb128 0x18
 825 0068 9742     		.uleb128 0x2117
 826 006a 19       		.uleb128 0x19
 827 006b 00       		.byte	0
 828 006c 00       		.byte	0
 829 006d 08       		.uleb128 0x8
 830 006e 2E       		.uleb128 0x2e
 831 006f 01       		.byte	0x1
 832 0070 3F       		.uleb128 0x3f
 833 0071 19       		.uleb128 0x19
 834 0072 03       		.uleb128 0x3
 835 0073 0E       		.uleb128 0xe
 836 0074 3A       		.uleb128 0x3a
 837 0075 0B       		.uleb128 0xb
 838 0076 3B       		.uleb128 0x3b
 839 0077 0B       		.uleb128 0xb
 840 0078 27       		.uleb128 0x27
 841 0079 19       		.uleb128 0x19
ARM GAS  C:\Users\LUKASC~1\AppData\Local\Temp\ccvZYSFu.s 			page 22


 842 007a 11       		.uleb128 0x11
 843 007b 01       		.uleb128 0x1
 844 007c 12       		.uleb128 0x12
 845 007d 06       		.uleb128 0x6
 846 007e 40       		.uleb128 0x40
 847 007f 18       		.uleb128 0x18
 848 0080 9742     		.uleb128 0x2117
 849 0082 19       		.uleb128 0x19
 850 0083 01       		.uleb128 0x1
 851 0084 13       		.uleb128 0x13
 852 0085 00       		.byte	0
 853 0086 00       		.byte	0
 854 0087 09       		.uleb128 0x9
 855 0088 05       		.uleb128 0x5
 856 0089 00       		.byte	0
 857 008a 03       		.uleb128 0x3
 858 008b 0E       		.uleb128 0xe
 859 008c 3A       		.uleb128 0x3a
 860 008d 0B       		.uleb128 0xb
 861 008e 3B       		.uleb128 0x3b
 862 008f 0B       		.uleb128 0xb
 863 0090 49       		.uleb128 0x49
 864 0091 13       		.uleb128 0x13
 865 0092 02       		.uleb128 0x2
 866 0093 18       		.uleb128 0x18
 867 0094 00       		.byte	0
 868 0095 00       		.byte	0
 869 0096 0A       		.uleb128 0xa
 870 0097 2E       		.uleb128 0x2e
 871 0098 01       		.byte	0x1
 872 0099 3F       		.uleb128 0x3f
 873 009a 19       		.uleb128 0x19
 874 009b 03       		.uleb128 0x3
 875 009c 0E       		.uleb128 0xe
 876 009d 3A       		.uleb128 0x3a
 877 009e 0B       		.uleb128 0xb
 878 009f 3B       		.uleb128 0x3b
 879 00a0 0B       		.uleb128 0xb
 880 00a1 27       		.uleb128 0x27
 881 00a2 19       		.uleb128 0x19
 882 00a3 11       		.uleb128 0x11
 883 00a4 01       		.uleb128 0x1
 884 00a5 12       		.uleb128 0x12
 885 00a6 06       		.uleb128 0x6
 886 00a7 40       		.uleb128 0x40
 887 00a8 18       		.uleb128 0x18
 888 00a9 9642     		.uleb128 0x2116
 889 00ab 19       		.uleb128 0x19
 890 00ac 01       		.uleb128 0x1
 891 00ad 13       		.uleb128 0x13
 892 00ae 00       		.byte	0
 893 00af 00       		.byte	0
 894 00b0 0B       		.uleb128 0xb
 895 00b1 2E       		.uleb128 0x2e
 896 00b2 01       		.byte	0x1
 897 00b3 3F       		.uleb128 0x3f
 898 00b4 19       		.uleb128 0x19
ARM GAS  C:\Users\LUKASC~1\AppData\Local\Temp\ccvZYSFu.s 			page 23


 899 00b5 03       		.uleb128 0x3
 900 00b6 0E       		.uleb128 0xe
 901 00b7 3A       		.uleb128 0x3a
 902 00b8 0B       		.uleb128 0xb
 903 00b9 3B       		.uleb128 0x3b
 904 00ba 05       		.uleb128 0x5
 905 00bb 27       		.uleb128 0x27
 906 00bc 19       		.uleb128 0x19
 907 00bd 11       		.uleb128 0x11
 908 00be 01       		.uleb128 0x1
 909 00bf 12       		.uleb128 0x12
 910 00c0 06       		.uleb128 0x6
 911 00c1 40       		.uleb128 0x40
 912 00c2 18       		.uleb128 0x18
 913 00c3 9642     		.uleb128 0x2116
 914 00c5 19       		.uleb128 0x19
 915 00c6 01       		.uleb128 0x1
 916 00c7 13       		.uleb128 0x13
 917 00c8 00       		.byte	0
 918 00c9 00       		.byte	0
 919 00ca 0C       		.uleb128 0xc
 920 00cb 05       		.uleb128 0x5
 921 00cc 00       		.byte	0
 922 00cd 03       		.uleb128 0x3
 923 00ce 0E       		.uleb128 0xe
 924 00cf 3A       		.uleb128 0x3a
 925 00d0 0B       		.uleb128 0xb
 926 00d1 3B       		.uleb128 0x3b
 927 00d2 05       		.uleb128 0x5
 928 00d3 49       		.uleb128 0x49
 929 00d4 13       		.uleb128 0x13
 930 00d5 02       		.uleb128 0x2
 931 00d6 18       		.uleb128 0x18
 932 00d7 00       		.byte	0
 933 00d8 00       		.byte	0
 934 00d9 0D       		.uleb128 0xd
 935 00da 2E       		.uleb128 0x2e
 936 00db 01       		.byte	0x1
 937 00dc 3F       		.uleb128 0x3f
 938 00dd 19       		.uleb128 0x19
 939 00de 03       		.uleb128 0x3
 940 00df 0E       		.uleb128 0xe
 941 00e0 3A       		.uleb128 0x3a
 942 00e1 0B       		.uleb128 0xb
 943 00e2 3B       		.uleb128 0x3b
 944 00e3 05       		.uleb128 0x5
 945 00e4 27       		.uleb128 0x27
 946 00e5 19       		.uleb128 0x19
 947 00e6 11       		.uleb128 0x11
 948 00e7 01       		.uleb128 0x1
 949 00e8 12       		.uleb128 0x12
 950 00e9 06       		.uleb128 0x6
 951 00ea 40       		.uleb128 0x40
 952 00eb 18       		.uleb128 0x18
 953 00ec 9742     		.uleb128 0x2117
 954 00ee 19       		.uleb128 0x19
 955 00ef 01       		.uleb128 0x1
ARM GAS  C:\Users\LUKASC~1\AppData\Local\Temp\ccvZYSFu.s 			page 24


 956 00f0 13       		.uleb128 0x13
 957 00f1 00       		.byte	0
 958 00f2 00       		.byte	0
 959 00f3 0E       		.uleb128 0xe
 960 00f4 34       		.uleb128 0x34
 961 00f5 00       		.byte	0
 962 00f6 03       		.uleb128 0x3
 963 00f7 0E       		.uleb128 0xe
 964 00f8 3A       		.uleb128 0x3a
 965 00f9 0B       		.uleb128 0xb
 966 00fa 3B       		.uleb128 0x3b
 967 00fb 05       		.uleb128 0x5
 968 00fc 49       		.uleb128 0x49
 969 00fd 13       		.uleb128 0x13
 970 00fe 02       		.uleb128 0x2
 971 00ff 18       		.uleb128 0x18
 972 0100 00       		.byte	0
 973 0101 00       		.byte	0
 974 0102 0F       		.uleb128 0xf
 975 0103 34       		.uleb128 0x34
 976 0104 00       		.byte	0
 977 0105 03       		.uleb128 0x3
 978 0106 0E       		.uleb128 0xe
 979 0107 3A       		.uleb128 0x3a
 980 0108 0B       		.uleb128 0xb
 981 0109 3B       		.uleb128 0x3b
 982 010a 0B       		.uleb128 0xb
 983 010b 49       		.uleb128 0x49
 984 010c 13       		.uleb128 0x13
 985 010d 3F       		.uleb128 0x3f
 986 010e 19       		.uleb128 0x19
 987 010f 02       		.uleb128 0x2
 988 0110 18       		.uleb128 0x18
 989 0111 00       		.byte	0
 990 0112 00       		.byte	0
 991 0113 00       		.byte	0
 992              		.section	.debug_aranges,"",%progbits
 993 0000 5C000000 		.4byte	0x5c
 994 0004 0200     		.2byte	0x2
 995 0006 00000000 		.4byte	.Ldebug_info0
 996 000a 04       		.byte	0x4
 997 000b 00       		.byte	0
 998 000c 0000     		.2byte	0
 999 000e 0000     		.2byte	0
 1000 0010 00000000 		.4byte	.LFB0
 1001 0014 44000000 		.4byte	.LFE0-.LFB0
 1002 0018 00000000 		.4byte	.LFB1
 1003 001c 34000000 		.4byte	.LFE1-.LFB1
 1004 0020 00000000 		.4byte	.LFB2
 1005 0024 28000000 		.4byte	.LFE2-.LFB2
 1006 0028 00000000 		.4byte	.LFB3
 1007 002c 34000000 		.4byte	.LFE3-.LFB3
 1008 0030 00000000 		.4byte	.LFB4
 1009 0034 40000000 		.4byte	.LFE4-.LFB4
 1010 0038 00000000 		.4byte	.LFB5
 1011 003c 40000000 		.4byte	.LFE5-.LFB5
 1012 0040 00000000 		.4byte	.LFB6
ARM GAS  C:\Users\LUKASC~1\AppData\Local\Temp\ccvZYSFu.s 			page 25


 1013 0044 40000000 		.4byte	.LFE6-.LFB6
 1014 0048 00000000 		.4byte	.LFB7
 1015 004c 20000000 		.4byte	.LFE7-.LFB7
 1016 0050 00000000 		.4byte	.LFB8
 1017 0054 54000000 		.4byte	.LFE8-.LFB8
 1018 0058 00000000 		.4byte	0
 1019 005c 00000000 		.4byte	0
 1020              		.section	.debug_ranges,"",%progbits
 1021              	.Ldebug_ranges0:
 1022 0000 00000000 		.4byte	.LFB0
 1023 0004 44000000 		.4byte	.LFE0
 1024 0008 00000000 		.4byte	.LFB1
 1025 000c 34000000 		.4byte	.LFE1
 1026 0010 00000000 		.4byte	.LFB2
 1027 0014 28000000 		.4byte	.LFE2
 1028 0018 00000000 		.4byte	.LFB3
 1029 001c 34000000 		.4byte	.LFE3
 1030 0020 00000000 		.4byte	.LFB4
 1031 0024 40000000 		.4byte	.LFE4
 1032 0028 00000000 		.4byte	.LFB5
 1033 002c 40000000 		.4byte	.LFE5
 1034 0030 00000000 		.4byte	.LFB6
 1035 0034 40000000 		.4byte	.LFE6
 1036 0038 00000000 		.4byte	.LFB7
 1037 003c 20000000 		.4byte	.LFE7
 1038 0040 00000000 		.4byte	.LFB8
 1039 0044 54000000 		.4byte	.LFE8
 1040 0048 00000000 		.4byte	0
 1041 004c 00000000 		.4byte	0
 1042              		.section	.debug_line,"",%progbits
 1043              	.Ldebug_line0:
 1044 0000 11010000 		.section	.debug_str,"MS",%progbits,1
 1044      02005100 
 1044      00000201 
 1044      FB0E0D00 
 1044      01010101 
 1045              	.LASF22:
 1046 0000 43617053 		.ascii	"CapSense_1_IdacCH0_SetRange\000"
 1046      656E7365 
 1046      5F315F49 
 1046      64616343 
 1046      48305F53 
 1047              	.LASF2:
 1048 001c 73686F72 		.ascii	"short int\000"
 1048      7420696E 
 1048      7400
 1049              	.LASF30:
 1050 0026 6D6F6465 		.ascii	"mode\000"
 1050      00
 1051              	.LASF29:
 1052 002b 433A5C55 		.ascii	"C:\\Users\\Lukas Creutzburg\\Documents\\GitHub\\fre"
 1052      73657273 
 1052      5C4C756B 
 1052      61732043 
 1052      72657574 
 1053 0059 65445350 		.ascii	"eDSPPSoC-I2C\\PSoC5_SPI_Master_CapSense.cydsn\000"
 1053      50536F43 
ARM GAS  C:\Users\LUKASC~1\AppData\Local\Temp\ccvZYSFu.s 			page 26


 1053      2D493243 
 1053      5C50536F 
 1053      43355F53 
 1054              	.LASF25:
 1055 0086 76616C75 		.ascii	"value\000"
 1055      6500
 1056              	.LASF31:
 1057 008c 43617053 		.ascii	"CapSense_1_IdacCH0_initVar\000"
 1057      656E7365 
 1057      5F315F49 
 1057      64616343 
 1057      48305F69 
 1058              	.LASF12:
 1059 00a7 75696E74 		.ascii	"uint8\000"
 1059      3800
 1060              	.LASF17:
 1061 00ad 43617053 		.ascii	"CapSense_1_IdacCH0_Stop\000"
 1061      656E7365 
 1061      5F315F49 
 1061      64616343 
 1061      48305F53 
 1062              	.LASF9:
 1063 00c5 666C6F61 		.ascii	"float\000"
 1063      7400
 1064              	.LASF6:
 1065 00cb 6C6F6E67 		.ascii	"long long int\000"
 1065      206C6F6E 
 1065      6720696E 
 1065      7400
 1066              	.LASF27:
 1067 00d9 474E5520 		.ascii	"GNU C 4.9.3 20150303 (release) [ARM/embedded-4_9-br"
 1067      4320342E 
 1067      392E3320 
 1067      32303135 
 1067      30333033 
 1068 010c 616E6368 		.ascii	"anch revision 221220] -mcpu=cortex-m3 -mthumb -g -O"
 1068      20726576 
 1068      6973696F 
 1068      6E203232 
 1068      31323230 
 1069 013f 30202D66 		.ascii	"0 -ffunction-sections -ffat-lto-objects\000"
 1069      66756E63 
 1069      74696F6E 
 1069      2D736563 
 1069      74696F6E 
 1070              	.LASF24:
 1071 0167 43617053 		.ascii	"CapSense_1_IdacCH0_SetValue\000"
 1071      656E7365 
 1071      5F315F49 
 1071      64616343 
 1071      48305F53 
 1072              	.LASF28:
 1073 0183 2E5C4765 		.ascii	".\\Generated_Source\\PSoC5\\CapSense_1_IdacCH0.c\000"
 1073      6E657261 
 1073      7465645F 
 1073      536F7572 
 1073      63655C50 
ARM GAS  C:\Users\LUKASC~1\AppData\Local\Temp\ccvZYSFu.s 			page 27


 1074              	.LASF1:
 1075 01b1 756E7369 		.ascii	"unsigned char\000"
 1075      676E6564 
 1075      20636861 
 1075      7200
 1076              	.LASF19:
 1077 01bf 43617053 		.ascii	"CapSense_1_IdacCH0_SetPolarity\000"
 1077      656E7365 
 1077      5F315F49 
 1077      64616343 
 1077      48305F53 
 1078              	.LASF21:
 1079 01de 706F6C61 		.ascii	"polarity\000"
 1079      72697479 
 1079      00
 1080              	.LASF0:
 1081 01e7 7369676E 		.ascii	"signed char\000"
 1081      65642063 
 1081      68617200 
 1082              	.LASF7:
 1083 01f3 6C6F6E67 		.ascii	"long long unsigned int\000"
 1083      206C6F6E 
 1083      6720756E 
 1083      7369676E 
 1083      65642069 
 1084              	.LASF8:
 1085 020a 756E7369 		.ascii	"unsigned int\000"
 1085      676E6564 
 1085      20696E74 
 1085      00
 1086              	.LASF20:
 1087 0217 73706565 		.ascii	"speed\000"
 1087      6400
 1088              	.LASF3:
 1089 021d 73686F72 		.ascii	"short unsigned int\000"
 1089      7420756E 
 1089      7369676E 
 1089      65642069 
 1089      6E7400
 1090              	.LASF15:
 1091 0230 43617053 		.ascii	"CapSense_1_IdacCH0_Enable\000"
 1091      656E7365 
 1091      5F315F49 
 1091      64616343 
 1091      48305F45 
 1092              	.LASF11:
 1093 024a 63686172 		.ascii	"char\000"
 1093      00
 1094              	.LASF4:
 1095 024f 6C6F6E67 		.ascii	"long int\000"
 1095      20696E74 
 1095      00
 1096              	.LASF16:
 1097 0258 43617053 		.ascii	"CapSense_1_IdacCH0_Start\000"
 1097      656E7365 
 1097      5F315F49 
 1097      64616343 
ARM GAS  C:\Users\LUKASC~1\AppData\Local\Temp\ccvZYSFu.s 			page 28


 1097      48305F53 
 1098              	.LASF26:
 1099 0271 43617053 		.ascii	"CapSense_1_IdacCH0_DacTrim\000"
 1099      656E7365 
 1099      5F315F49 
 1099      64616343 
 1099      48305F44 
 1100              	.LASF13:
 1101 028c 72656738 		.ascii	"reg8\000"
 1101      00
 1102              	.LASF5:
 1103 0291 6C6F6E67 		.ascii	"long unsigned int\000"
 1103      20756E73 
 1103      69676E65 
 1103      6420696E 
 1103      7400
 1104              	.LASF18:
 1105 02a3 43617053 		.ascii	"CapSense_1_IdacCH0_SetSpeed\000"
 1105      656E7365 
 1105      5F315F49 
 1105      64616343 
 1105      48305F53 
 1106              	.LASF10:
 1107 02bf 646F7562 		.ascii	"double\000"
 1107      6C6500
 1108              	.LASF14:
 1109 02c6 43617053 		.ascii	"CapSense_1_IdacCH0_Init\000"
 1109      656E7365 
 1109      5F315F49 
 1109      64616343 
 1109      48305F49 
 1110              	.LASF23:
 1111 02de 72616E67 		.ascii	"range\000"
 1111      6500
 1112              		.ident	"GCC: (GNU Tools for ARM Embedded Processors) 4.9.3 20150303 (release) [ARM/embedded-4_9-br
