ARM GAS  C:\Users\LUKASC~1\AppData\Local\Temp\ccEyIfYG.s 			page 1


   1              		.syntax unified
   2              		.cpu cortex-m3
   3              		.fpu softvfp
   4              		.eabi_attribute 20, 1
   5              		.eabi_attribute 21, 1
   6              		.eabi_attribute 23, 3
   7              		.eabi_attribute 24, 1
   8              		.eabi_attribute 25, 1
   9              		.eabi_attribute 26, 1
  10              		.eabi_attribute 30, 6
  11              		.eabi_attribute 34, 1
  12              		.eabi_attribute 18, 4
  13              		.thumb
  14              		.file	"CapSense_1_INT.c"
  15              		.text
  16              	.Ltext0:
  17              		.cfi_sections	.debug_frame
  18              		.section	.text.CapSense_1_IsrCH0_ISR,"ax",%progbits
  19              		.align	2
  20              		.global	CapSense_1_IsrCH0_ISR
  21              		.thumb
  22              		.thumb_func
  23              		.type	CapSense_1_IsrCH0_ISR, %function
  24              	CapSense_1_IsrCH0_ISR:
  25              	.LFB0:
  26              		.file 1 ".\\Generated_Source\\PSoC5\\CapSense_1_INT.c"
   1:.\Generated_Source\PSoC5/CapSense_1_INT.c **** /*******************************************************************************
   2:.\Generated_Source\PSoC5/CapSense_1_INT.c **** * File Name: CapSense_1_INT.c
   3:.\Generated_Source\PSoC5/CapSense_1_INT.c **** * Version 3.40
   4:.\Generated_Source\PSoC5/CapSense_1_INT.c **** *
   5:.\Generated_Source\PSoC5/CapSense_1_INT.c **** * Description:
   6:.\Generated_Source\PSoC5/CapSense_1_INT.c **** *  This file provides the source code of Interrupt Service Routine (ISR)
   7:.\Generated_Source\PSoC5/CapSense_1_INT.c **** *  for CapSense CSD component.
   8:.\Generated_Source\PSoC5/CapSense_1_INT.c **** *
   9:.\Generated_Source\PSoC5/CapSense_1_INT.c **** * Note:
  10:.\Generated_Source\PSoC5/CapSense_1_INT.c **** *
  11:.\Generated_Source\PSoC5/CapSense_1_INT.c **** ********************************************************************************
  12:.\Generated_Source\PSoC5/CapSense_1_INT.c **** * Copyright 2008-2013, Cypress Semiconductor Corporation.  All rights reserved.
  13:.\Generated_Source\PSoC5/CapSense_1_INT.c **** * You may use this file only in accordance with the license, terms, conditions,
  14:.\Generated_Source\PSoC5/CapSense_1_INT.c **** * disclaimers, and limitations in the end user license agreement accompanying
  15:.\Generated_Source\PSoC5/CapSense_1_INT.c **** * the software package with which this file was provided.
  16:.\Generated_Source\PSoC5/CapSense_1_INT.c **** *******************************************************************************/
  17:.\Generated_Source\PSoC5/CapSense_1_INT.c **** 
  18:.\Generated_Source\PSoC5/CapSense_1_INT.c **** #include "CapSense_1.h"
  19:.\Generated_Source\PSoC5/CapSense_1_INT.c **** #include "cyapicallbacks.h"
  20:.\Generated_Source\PSoC5/CapSense_1_INT.c **** 
  21:.\Generated_Source\PSoC5/CapSense_1_INT.c **** 
  22:.\Generated_Source\PSoC5/CapSense_1_INT.c **** /*******************************************************************************
  23:.\Generated_Source\PSoC5/CapSense_1_INT.c **** *  Place your includes, defines and code here 
  24:.\Generated_Source\PSoC5/CapSense_1_INT.c **** ********************************************************************************/
  25:.\Generated_Source\PSoC5/CapSense_1_INT.c **** /* `#START CapSense_1_IsrCH_ISR_intc` */
  26:.\Generated_Source\PSoC5/CapSense_1_INT.c **** 
  27:.\Generated_Source\PSoC5/CapSense_1_INT.c **** /* `#END` */
  28:.\Generated_Source\PSoC5/CapSense_1_INT.c **** 
  29:.\Generated_Source\PSoC5/CapSense_1_INT.c **** 
  30:.\Generated_Source\PSoC5/CapSense_1_INT.c **** #if (CapSense_1_DESIGN_TYPE == CapSense_1_ONE_CHANNEL_DESIGN)
  31:.\Generated_Source\PSoC5/CapSense_1_INT.c ****     /*******************************************************************************
ARM GAS  C:\Users\LUKASC~1\AppData\Local\Temp\ccEyIfYG.s 			page 2


  32:.\Generated_Source\PSoC5/CapSense_1_INT.c ****     * Function Name: CapSense_1_IsrCH0_ISR
  33:.\Generated_Source\PSoC5/CapSense_1_INT.c ****     ********************************************************************************
  34:.\Generated_Source\PSoC5/CapSense_1_INT.c ****     *
  35:.\Generated_Source\PSoC5/CapSense_1_INT.c ****     * Summary:
  36:.\Generated_Source\PSoC5/CapSense_1_INT.c ****     *  This ISR is executed when measure window is closed. The measure window 
  37:.\Generated_Source\PSoC5/CapSense_1_INT.c ****     *  depends on scan resolution parameter of sensor. 
  38:.\Generated_Source\PSoC5/CapSense_1_INT.c ****     *  The ISR has two modes: 
  39:.\Generated_Source\PSoC5/CapSense_1_INT.c ****     *   1. Scans single sensor and stores measure result.
  40:.\Generated_Source\PSoC5/CapSense_1_INT.c ****     *   2. Stores result of current measure and starts next scan till all 
  41:.\Generated_Source\PSoC5/CapSense_1_INT.c ****     *      enabled sensors will be scanned.
  42:.\Generated_Source\PSoC5/CapSense_1_INT.c ****     *  This interrupt handler only used in one channel designs.
  43:.\Generated_Source\PSoC5/CapSense_1_INT.c ****     *
  44:.\Generated_Source\PSoC5/CapSense_1_INT.c ****     * Parameters:
  45:.\Generated_Source\PSoC5/CapSense_1_INT.c ****     *  None
  46:.\Generated_Source\PSoC5/CapSense_1_INT.c ****     *
  47:.\Generated_Source\PSoC5/CapSense_1_INT.c ****     * Return:
  48:.\Generated_Source\PSoC5/CapSense_1_INT.c ****     *  None
  49:.\Generated_Source\PSoC5/CapSense_1_INT.c ****     *
  50:.\Generated_Source\PSoC5/CapSense_1_INT.c ****     * Global Variables:
  51:.\Generated_Source\PSoC5/CapSense_1_INT.c ****     *  CapSense_1_csv - used to provide status and mode of scanning process.
  52:.\Generated_Source\PSoC5/CapSense_1_INT.c ****     *   Mode - single scan or scan of all enabled sensors.
  53:.\Generated_Source\PSoC5/CapSense_1_INT.c ****     *   Status - scan in progress or ready for new scan.
  54:.\Generated_Source\PSoC5/CapSense_1_INT.c ****     *  CapSense_1_sensorIndex - used to store sensor scanning sensor number.
  55:.\Generated_Source\PSoC5/CapSense_1_INT.c ****     *
  56:.\Generated_Source\PSoC5/CapSense_1_INT.c ****     * Reentrant:
  57:.\Generated_Source\PSoC5/CapSense_1_INT.c ****     *  No
  58:.\Generated_Source\PSoC5/CapSense_1_INT.c ****     *
  59:.\Generated_Source\PSoC5/CapSense_1_INT.c ****     *******************************************************************************/
  60:.\Generated_Source\PSoC5/CapSense_1_INT.c ****     CY_ISR(CapSense_1_IsrCH0_ISR)
  61:.\Generated_Source\PSoC5/CapSense_1_INT.c ****     {
  27              		.loc 1 61 0
  28              		.cfi_startproc
  29              		@ args = 0, pretend = 0, frame = 0
  30              		@ frame_needed = 1, uses_anonymous_args = 0
  31 0000 80B5     		push	{r7, lr}
  32              		.cfi_def_cfa_offset 8
  33              		.cfi_offset 7, -8
  34              		.cfi_offset 14, -4
  35 0002 00AF     		add	r7, sp, #0
  36              		.cfi_def_cfa_register 7
  62:.\Generated_Source\PSoC5/CapSense_1_INT.c ****         #ifdef CapSense_1_ONE_CHANNEL_CH0_ISR_ENTRY_CALLBACK
  63:.\Generated_Source\PSoC5/CapSense_1_INT.c ****             CapSense_1_IsrCH0_ISR_EntryCallback();
  64:.\Generated_Source\PSoC5/CapSense_1_INT.c ****         #endif /* CapSense_1_ONE_CHANNEL_CH0_ISR_ENTRY_CALLBACK */
  65:.\Generated_Source\PSoC5/CapSense_1_INT.c **** 
  66:.\Generated_Source\PSoC5/CapSense_1_INT.c ****         /*  Place your Interrupt code here. */
  67:.\Generated_Source\PSoC5/CapSense_1_INT.c ****         /* `#START CapSense_1_ONE_CHANNEL_IsrCH0_ISR_ENTER` */
  68:.\Generated_Source\PSoC5/CapSense_1_INT.c **** 
  69:.\Generated_Source\PSoC5/CapSense_1_INT.c ****         /* `#END` */
  70:.\Generated_Source\PSoC5/CapSense_1_INT.c **** 
  71:.\Generated_Source\PSoC5/CapSense_1_INT.c ****         /* Save results and disable sensor */
  72:.\Generated_Source\PSoC5/CapSense_1_INT.c ****         CapSense_1_PostScan(CapSense_1_sensorIndex);
  37              		.loc 1 72 0
  38 0004 1A4B     		ldr	r3, .L5
  39 0006 1B78     		ldrb	r3, [r3]
  40 0008 DBB2     		uxtb	r3, r3
  41 000a 1846     		mov	r0, r3
  42 000c FFF7FEFF 		bl	CapSense_1_PostScan
ARM GAS  C:\Users\LUKASC~1\AppData\Local\Temp\ccEyIfYG.s 			page 3


  73:.\Generated_Source\PSoC5/CapSense_1_INT.c ****                 
  74:.\Generated_Source\PSoC5/CapSense_1_INT.c ****         if ((CapSense_1_csv & CapSense_1_SW_CTRL_SINGLE_SCAN) != 0u)
  43              		.loc 1 74 0
  44 0010 184B     		ldr	r3, .L5+4
  45 0012 1B78     		ldrb	r3, [r3]
  46 0014 DBB2     		uxtb	r3, r3
  47 0016 DBB2     		uxtb	r3, r3
  48 0018 5BB2     		sxtb	r3, r3
  49 001a 002B     		cmp	r3, #0
  50 001c 08DA     		bge	.L2
  75:.\Generated_Source\PSoC5/CapSense_1_INT.c ****         {
  76:.\Generated_Source\PSoC5/CapSense_1_INT.c ****             CapSense_1_csv &= (uint8)~CapSense_1_SW_STS_BUSY;
  51              		.loc 1 76 0
  52 001e 154B     		ldr	r3, .L5+4
  53 0020 1B78     		ldrb	r3, [r3]
  54 0022 DBB2     		uxtb	r3, r3
  55 0024 23F00103 		bic	r3, r3, #1
  56 0028 DAB2     		uxtb	r2, r3
  57 002a 124B     		ldr	r3, .L5+4
  58 002c 1A70     		strb	r2, [r3]
  59 002e 1DE0     		b	.L1
  60              	.L2:
  77:.\Generated_Source\PSoC5/CapSense_1_INT.c ****         }
  78:.\Generated_Source\PSoC5/CapSense_1_INT.c ****         else
  79:.\Generated_Source\PSoC5/CapSense_1_INT.c ****         {
  80:.\Generated_Source\PSoC5/CapSense_1_INT.c ****             /* Proceed the scanning */
  81:.\Generated_Source\PSoC5/CapSense_1_INT.c ****             CapSense_1_sensorIndex = CapSense_1_FindNextSensor(CapSense_1_sensorIndex);
  61              		.loc 1 81 0
  62 0030 0F4B     		ldr	r3, .L5
  63 0032 1B78     		ldrb	r3, [r3]
  64 0034 DBB2     		uxtb	r3, r3
  65 0036 1846     		mov	r0, r3
  66 0038 FFF7FEFF 		bl	CapSense_1_FindNextSensor
  67 003c 0346     		mov	r3, r0
  68 003e 1A46     		mov	r2, r3
  69 0040 0B4B     		ldr	r3, .L5
  70 0042 1A70     		strb	r2, [r3]
  82:.\Generated_Source\PSoC5/CapSense_1_INT.c ****             
  83:.\Generated_Source\PSoC5/CapSense_1_INT.c ****             /* Check end of scan */
  84:.\Generated_Source\PSoC5/CapSense_1_INT.c ****             if(CapSense_1_sensorIndex < CapSense_1_TOTAL_SENSOR_COUNT)
  71              		.loc 1 84 0
  72 0044 0A4B     		ldr	r3, .L5
  73 0046 1B78     		ldrb	r3, [r3]
  74 0048 DBB2     		uxtb	r3, r3
  75 004a 152B     		cmp	r3, #21
  76 004c 06D8     		bhi	.L4
  85:.\Generated_Source\PSoC5/CapSense_1_INT.c ****             {
  86:.\Generated_Source\PSoC5/CapSense_1_INT.c ****                 CapSense_1_PreScan(CapSense_1_sensorIndex);
  77              		.loc 1 86 0
  78 004e 084B     		ldr	r3, .L5
  79 0050 1B78     		ldrb	r3, [r3]
  80 0052 DBB2     		uxtb	r3, r3
  81 0054 1846     		mov	r0, r3
  82 0056 FFF7FEFF 		bl	CapSense_1_PreScan
  83 005a 07E0     		b	.L1
  84              	.L4:
  87:.\Generated_Source\PSoC5/CapSense_1_INT.c ****             }
ARM GAS  C:\Users\LUKASC~1\AppData\Local\Temp\ccEyIfYG.s 			page 4


  88:.\Generated_Source\PSoC5/CapSense_1_INT.c ****             else
  89:.\Generated_Source\PSoC5/CapSense_1_INT.c ****             {
  90:.\Generated_Source\PSoC5/CapSense_1_INT.c ****                 CapSense_1_csv &= (uint8)~CapSense_1_SW_STS_BUSY;
  85              		.loc 1 90 0
  86 005c 054B     		ldr	r3, .L5+4
  87 005e 1B78     		ldrb	r3, [r3]
  88 0060 DBB2     		uxtb	r3, r3
  89 0062 23F00103 		bic	r3, r3, #1
  90 0066 DAB2     		uxtb	r2, r3
  91 0068 024B     		ldr	r3, .L5+4
  92 006a 1A70     		strb	r2, [r3]
  93              	.L1:
  91:.\Generated_Source\PSoC5/CapSense_1_INT.c ****             } 
  92:.\Generated_Source\PSoC5/CapSense_1_INT.c ****         }
  93:.\Generated_Source\PSoC5/CapSense_1_INT.c **** 
  94:.\Generated_Source\PSoC5/CapSense_1_INT.c ****         /*  Place your Interrupt code here. */
  95:.\Generated_Source\PSoC5/CapSense_1_INT.c ****         /* `#START CapSense_1_ONE_CHANNEL_IsrCH0_ISR_EXIT` */
  96:.\Generated_Source\PSoC5/CapSense_1_INT.c **** 
  97:.\Generated_Source\PSoC5/CapSense_1_INT.c ****         /* `#END` */
  98:.\Generated_Source\PSoC5/CapSense_1_INT.c **** 
  99:.\Generated_Source\PSoC5/CapSense_1_INT.c ****         #ifdef CapSense_1_ONE_CHANNEL_CH0_ISR_EXIT_CALLBACK
 100:.\Generated_Source\PSoC5/CapSense_1_INT.c ****             CapSense_1_IsrCH0_ISR_ExitCallback();
 101:.\Generated_Source\PSoC5/CapSense_1_INT.c ****         #endif /* CapSense_1_ONE_CHANNEL_CH0_ISR_EXIT_CALLBACK */
 102:.\Generated_Source\PSoC5/CapSense_1_INT.c ****     }
  94              		.loc 1 102 0
  95 006c 80BD     		pop	{r7, pc}
  96              	.L6:
  97 006e 00BF     		.align	2
  98              	.L5:
  99 0070 00000000 		.word	CapSense_1_sensorIndex
 100 0074 00000000 		.word	CapSense_1_csv
 101              		.cfi_endproc
 102              	.LFE0:
 103              		.size	CapSense_1_IsrCH0_ISR, .-CapSense_1_IsrCH0_ISR
 104              		.text
 105              	.Letext0:
 106              		.file 2 ".\\Generated_Source\\PSoC5\\CapSense_1.h"
 107              		.file 3 ".\\Generated_Source\\PSoC5\\cytypes.h"
 108              		.section	.debug_info,"",%progbits
 109              	.Ldebug_info0:
 110 0000 BE000000 		.4byte	0xbe
 111 0004 0400     		.2byte	0x4
 112 0006 00000000 		.4byte	.Ldebug_abbrev0
 113 000a 04       		.byte	0x4
 114 000b 01       		.uleb128 0x1
 115 000c E7000000 		.4byte	.LASF15
 116 0010 01       		.byte	0x1
 117 0011 7C010000 		.4byte	.LASF16
 118 0015 32000000 		.4byte	.LASF17
 119 0019 00000000 		.4byte	.Ldebug_ranges0+0
 120 001d 00000000 		.4byte	0
 121 0021 00000000 		.4byte	.Ldebug_line0
 122 0025 02       		.uleb128 0x2
 123 0026 01       		.byte	0x1
 124 0027 06       		.byte	0x6
 125 0028 B9010000 		.4byte	.LASF0
 126 002c 02       		.uleb128 0x2
ARM GAS  C:\Users\LUKASC~1\AppData\Local\Temp\ccEyIfYG.s 			page 5


 127 002d 01       		.byte	0x1
 128 002e 08       		.byte	0x8
 129 002f CB000000 		.4byte	.LASF1
 130 0033 02       		.uleb128 0x2
 131 0034 02       		.byte	0x2
 132 0035 05       		.byte	0x5
 133 0036 CB010000 		.4byte	.LASF2
 134 003a 02       		.uleb128 0x2
 135 003b 02       		.byte	0x2
 136 003c 07       		.byte	0x7
 137 003d A6010000 		.4byte	.LASF3
 138 0041 02       		.uleb128 0x2
 139 0042 04       		.byte	0x4
 140 0043 05       		.byte	0x5
 141 0044 DE000000 		.4byte	.LASF4
 142 0048 02       		.uleb128 0x2
 143 0049 04       		.byte	0x4
 144 004a 07       		.byte	0x7
 145 004b 93000000 		.4byte	.LASF5
 146 004f 02       		.uleb128 0x2
 147 0050 08       		.byte	0x8
 148 0051 05       		.byte	0x5
 149 0052 00000000 		.4byte	.LASF6
 150 0056 02       		.uleb128 0x2
 151 0057 08       		.byte	0x8
 152 0058 07       		.byte	0x7
 153 0059 A5000000 		.4byte	.LASF7
 154 005d 03       		.uleb128 0x3
 155 005e 04       		.byte	0x4
 156 005f 05       		.byte	0x5
 157 0060 696E7400 		.ascii	"int\000"
 158 0064 02       		.uleb128 0x2
 159 0065 04       		.byte	0x4
 160 0066 07       		.byte	0x7
 161 0067 0E000000 		.4byte	.LASF8
 162 006b 04       		.uleb128 0x4
 163 006c 8D000000 		.4byte	.LASF18
 164 0070 03       		.byte	0x3
 165 0071 9201     		.2byte	0x192
 166 0073 2C000000 		.4byte	0x2c
 167 0077 02       		.uleb128 0x2
 168 0078 04       		.byte	0x4
 169 0079 04       		.byte	0x4
 170 007a C5010000 		.4byte	.LASF9
 171 007e 02       		.uleb128 0x2
 172 007f 08       		.byte	0x8
 173 0080 04       		.byte	0x4
 174 0081 75010000 		.4byte	.LASF10
 175 0085 02       		.uleb128 0x2
 176 0086 01       		.byte	0x1
 177 0087 08       		.byte	0x8
 178 0088 D9000000 		.4byte	.LASF11
 179 008c 05       		.uleb128 0x5
 180 008d 6B000000 		.4byte	0x6b
 181 0091 02       		.uleb128 0x2
 182 0092 04       		.byte	0x4
 183 0093 07       		.byte	0x7
ARM GAS  C:\Users\LUKASC~1\AppData\Local\Temp\ccEyIfYG.s 			page 6


 184 0094 EB010000 		.4byte	.LASF12
 185 0098 06       		.uleb128 0x6
 186 0099 D5010000 		.4byte	.LASF19
 187 009d 01       		.byte	0x1
 188 009e 3C       		.byte	0x3c
 189 009f 00000000 		.4byte	.LFB0
 190 00a3 78000000 		.4byte	.LFE0-.LFB0
 191 00a7 01       		.uleb128 0x1
 192 00a8 9C       		.byte	0x9c
 193 00a9 07       		.uleb128 0x7
 194 00aa BC000000 		.4byte	.LASF13
 195 00ae 02       		.byte	0x2
 196 00af C302     		.2byte	0x2c3
 197 00b1 8C000000 		.4byte	0x8c
 198 00b5 07       		.uleb128 0x7
 199 00b6 1B000000 		.4byte	.LASF14
 200 00ba 02       		.byte	0x2
 201 00bb C402     		.2byte	0x2c4
 202 00bd 8C000000 		.4byte	0x8c
 203 00c1 00       		.byte	0
 204              		.section	.debug_abbrev,"",%progbits
 205              	.Ldebug_abbrev0:
 206 0000 01       		.uleb128 0x1
 207 0001 11       		.uleb128 0x11
 208 0002 01       		.byte	0x1
 209 0003 25       		.uleb128 0x25
 210 0004 0E       		.uleb128 0xe
 211 0005 13       		.uleb128 0x13
 212 0006 0B       		.uleb128 0xb
 213 0007 03       		.uleb128 0x3
 214 0008 0E       		.uleb128 0xe
 215 0009 1B       		.uleb128 0x1b
 216 000a 0E       		.uleb128 0xe
 217 000b 55       		.uleb128 0x55
 218 000c 17       		.uleb128 0x17
 219 000d 11       		.uleb128 0x11
 220 000e 01       		.uleb128 0x1
 221 000f 10       		.uleb128 0x10
 222 0010 17       		.uleb128 0x17
 223 0011 00       		.byte	0
 224 0012 00       		.byte	0
 225 0013 02       		.uleb128 0x2
 226 0014 24       		.uleb128 0x24
 227 0015 00       		.byte	0
 228 0016 0B       		.uleb128 0xb
 229 0017 0B       		.uleb128 0xb
 230 0018 3E       		.uleb128 0x3e
 231 0019 0B       		.uleb128 0xb
 232 001a 03       		.uleb128 0x3
 233 001b 0E       		.uleb128 0xe
 234 001c 00       		.byte	0
 235 001d 00       		.byte	0
 236 001e 03       		.uleb128 0x3
 237 001f 24       		.uleb128 0x24
 238 0020 00       		.byte	0
 239 0021 0B       		.uleb128 0xb
 240 0022 0B       		.uleb128 0xb
ARM GAS  C:\Users\LUKASC~1\AppData\Local\Temp\ccEyIfYG.s 			page 7


 241 0023 3E       		.uleb128 0x3e
 242 0024 0B       		.uleb128 0xb
 243 0025 03       		.uleb128 0x3
 244 0026 08       		.uleb128 0x8
 245 0027 00       		.byte	0
 246 0028 00       		.byte	0
 247 0029 04       		.uleb128 0x4
 248 002a 16       		.uleb128 0x16
 249 002b 00       		.byte	0
 250 002c 03       		.uleb128 0x3
 251 002d 0E       		.uleb128 0xe
 252 002e 3A       		.uleb128 0x3a
 253 002f 0B       		.uleb128 0xb
 254 0030 3B       		.uleb128 0x3b
 255 0031 05       		.uleb128 0x5
 256 0032 49       		.uleb128 0x49
 257 0033 13       		.uleb128 0x13
 258 0034 00       		.byte	0
 259 0035 00       		.byte	0
 260 0036 05       		.uleb128 0x5
 261 0037 35       		.uleb128 0x35
 262 0038 00       		.byte	0
 263 0039 49       		.uleb128 0x49
 264 003a 13       		.uleb128 0x13
 265 003b 00       		.byte	0
 266 003c 00       		.byte	0
 267 003d 06       		.uleb128 0x6
 268 003e 2E       		.uleb128 0x2e
 269 003f 00       		.byte	0
 270 0040 3F       		.uleb128 0x3f
 271 0041 19       		.uleb128 0x19
 272 0042 03       		.uleb128 0x3
 273 0043 0E       		.uleb128 0xe
 274 0044 3A       		.uleb128 0x3a
 275 0045 0B       		.uleb128 0xb
 276 0046 3B       		.uleb128 0x3b
 277 0047 0B       		.uleb128 0xb
 278 0048 27       		.uleb128 0x27
 279 0049 19       		.uleb128 0x19
 280 004a 11       		.uleb128 0x11
 281 004b 01       		.uleb128 0x1
 282 004c 12       		.uleb128 0x12
 283 004d 06       		.uleb128 0x6
 284 004e 40       		.uleb128 0x40
 285 004f 18       		.uleb128 0x18
 286 0050 9642     		.uleb128 0x2116
 287 0052 19       		.uleb128 0x19
 288 0053 00       		.byte	0
 289 0054 00       		.byte	0
 290 0055 07       		.uleb128 0x7
 291 0056 34       		.uleb128 0x34
 292 0057 00       		.byte	0
 293 0058 03       		.uleb128 0x3
 294 0059 0E       		.uleb128 0xe
 295 005a 3A       		.uleb128 0x3a
 296 005b 0B       		.uleb128 0xb
 297 005c 3B       		.uleb128 0x3b
ARM GAS  C:\Users\LUKASC~1\AppData\Local\Temp\ccEyIfYG.s 			page 8


 298 005d 05       		.uleb128 0x5
 299 005e 49       		.uleb128 0x49
 300 005f 13       		.uleb128 0x13
 301 0060 3F       		.uleb128 0x3f
 302 0061 19       		.uleb128 0x19
 303 0062 3C       		.uleb128 0x3c
 304 0063 19       		.uleb128 0x19
 305 0064 00       		.byte	0
 306 0065 00       		.byte	0
 307 0066 00       		.byte	0
 308              		.section	.debug_aranges,"",%progbits
 309 0000 1C000000 		.4byte	0x1c
 310 0004 0200     		.2byte	0x2
 311 0006 00000000 		.4byte	.Ldebug_info0
 312 000a 04       		.byte	0x4
 313 000b 00       		.byte	0
 314 000c 0000     		.2byte	0
 315 000e 0000     		.2byte	0
 316 0010 00000000 		.4byte	.LFB0
 317 0014 78000000 		.4byte	.LFE0-.LFB0
 318 0018 00000000 		.4byte	0
 319 001c 00000000 		.4byte	0
 320              		.section	.debug_ranges,"",%progbits
 321              	.Ldebug_ranges0:
 322 0000 00000000 		.4byte	.LFB0
 323 0004 78000000 		.4byte	.LFE0
 324 0008 00000000 		.4byte	0
 325 000c 00000000 		.4byte	0
 326              		.section	.debug_line,"",%progbits
 327              	.Ldebug_line0:
 328 0000 7E000000 		.section	.debug_str,"MS",%progbits,1
 328      02005D00 
 328      00000201 
 328      FB0E0D00 
 328      01010101 
 329              	.LASF6:
 330 0000 6C6F6E67 		.ascii	"long long int\000"
 330      206C6F6E 
 330      6720696E 
 330      7400
 331              	.LASF8:
 332 000e 756E7369 		.ascii	"unsigned int\000"
 332      676E6564 
 332      20696E74 
 332      00
 333              	.LASF14:
 334 001b 43617053 		.ascii	"CapSense_1_sensorIndex\000"
 334      656E7365 
 334      5F315F73 
 334      656E736F 
 334      72496E64 
 335              	.LASF17:
 336 0032 433A5C55 		.ascii	"C:\\Users\\Lukas Creutzburg\\Documents\\GitHub\\fre"
 336      73657273 
 336      5C4C756B 
 336      61732043 
 336      72657574 
ARM GAS  C:\Users\LUKASC~1\AppData\Local\Temp\ccEyIfYG.s 			page 9


 337 0060 65445350 		.ascii	"eDSPPSoC-I2C\\PSoC5_SPI_Master_CapSense.cydsn\000"
 337      50536F43 
 337      2D493243 
 337      5C50536F 
 337      43355F53 
 338              	.LASF18:
 339 008d 75696E74 		.ascii	"uint8\000"
 339      3800
 340              	.LASF5:
 341 0093 6C6F6E67 		.ascii	"long unsigned int\000"
 341      20756E73 
 341      69676E65 
 341      6420696E 
 341      7400
 342              	.LASF7:
 343 00a5 6C6F6E67 		.ascii	"long long unsigned int\000"
 343      206C6F6E 
 343      6720756E 
 343      7369676E 
 343      65642069 
 344              	.LASF13:
 345 00bc 43617053 		.ascii	"CapSense_1_csv\000"
 345      656E7365 
 345      5F315F63 
 345      737600
 346              	.LASF1:
 347 00cb 756E7369 		.ascii	"unsigned char\000"
 347      676E6564 
 347      20636861 
 347      7200
 348              	.LASF11:
 349 00d9 63686172 		.ascii	"char\000"
 349      00
 350              	.LASF4:
 351 00de 6C6F6E67 		.ascii	"long int\000"
 351      20696E74 
 351      00
 352              	.LASF15:
 353 00e7 474E5520 		.ascii	"GNU C 4.9.3 20150303 (release) [ARM/embedded-4_9-br"
 353      4320342E 
 353      392E3320 
 353      32303135 
 353      30333033 
 354 011a 616E6368 		.ascii	"anch revision 221220] -mcpu=cortex-m3 -mthumb -g -O"
 354      20726576 
 354      6973696F 
 354      6E203232 
 354      31323230 
 355 014d 30202D66 		.ascii	"0 -ffunction-sections -ffat-lto-objects\000"
 355      66756E63 
 355      74696F6E 
 355      2D736563 
 355      74696F6E 
 356              	.LASF10:
 357 0175 646F7562 		.ascii	"double\000"
 357      6C6500
 358              	.LASF16:
ARM GAS  C:\Users\LUKASC~1\AppData\Local\Temp\ccEyIfYG.s 			page 10


 359 017c 2E5C4765 		.ascii	".\\Generated_Source\\PSoC5\\CapSense_1_INT.c\000"
 359      6E657261 
 359      7465645F 
 359      536F7572 
 359      63655C50 
 360              	.LASF3:
 361 01a6 73686F72 		.ascii	"short unsigned int\000"
 361      7420756E 
 361      7369676E 
 361      65642069 
 361      6E7400
 362              	.LASF0:
 363 01b9 7369676E 		.ascii	"signed char\000"
 363      65642063 
 363      68617200 
 364              	.LASF9:
 365 01c5 666C6F61 		.ascii	"float\000"
 365      7400
 366              	.LASF2:
 367 01cb 73686F72 		.ascii	"short int\000"
 367      7420696E 
 367      7400
 368              	.LASF19:
 369 01d5 43617053 		.ascii	"CapSense_1_IsrCH0_ISR\000"
 369      656E7365 
 369      5F315F49 
 369      73724348 
 369      305F4953 
 370              	.LASF12:
 371 01eb 73697A65 		.ascii	"sizetype\000"
 371      74797065 
 371      00
 372              		.ident	"GCC: (GNU Tools for ARM Embedded Processors) 4.9.3 20150303 (release) [ARM/embedded-4_9-br
