ARM GAS  C:\Users\LUKASC~1\AppData\Local\Temp\cczfPSDM.s 			page 1


   1              		.syntax unified
   2              		.cpu cortex-m3
   3              		.fpu softvfp
   4              		.eabi_attribute 20, 1
   5              		.eabi_attribute 21, 1
   6              		.eabi_attribute 23, 3
   7              		.eabi_attribute 24, 1
   8              		.eabi_attribute 25, 1
   9              		.eabi_attribute 26, 1
  10              		.eabi_attribute 30, 6
  11              		.eabi_attribute 34, 1
  12              		.eabi_attribute 18, 4
  13              		.thumb
  14              		.file	"EzI2C_PM.c"
  15              		.text
  16              	.Ltext0:
  17              		.cfi_sections	.debug_frame
  18              		.global	EzI2C_backup
  19              		.data
  20              		.align	2
  21              		.type	EzI2C_backup, %object
  22              		.size	EzI2C_backup, 6
  23              	EzI2C_backup:
  24 0000 00       		.byte	0
  25 0001 81       		.byte	-127
  26 0002 04       		.byte	4
  27 0003 01       		.byte	1
  28 0004 05       		.byte	5
  29 0005 00       		.byte	0
  30 0006 0000     		.section	.text.EzI2C_SaveConfig,"ax",%progbits
  31              		.align	2
  32              		.global	EzI2C_SaveConfig
  33              		.thumb
  34              		.thumb_func
  35              		.type	EzI2C_SaveConfig, %function
  36              	EzI2C_SaveConfig:
  37              	.LFB0:
  38              		.file 1 ".\\Generated_Source\\PSoC5\\EzI2C_PM.c"
   1:.\Generated_Source\PSoC5/EzI2C_PM.c **** /*******************************************************************************
   2:.\Generated_Source\PSoC5/EzI2C_PM.c **** * File Name: EzI2C_PM.c
   3:.\Generated_Source\PSoC5/EzI2C_PM.c **** * Version 2.0
   4:.\Generated_Source\PSoC5/EzI2C_PM.c **** *
   5:.\Generated_Source\PSoC5/EzI2C_PM.c **** * Description:
   6:.\Generated_Source\PSoC5/EzI2C_PM.c **** *  This file contains the API for the proper switching to/from the low power
   7:.\Generated_Source\PSoC5/EzI2C_PM.c **** *  modes.
   8:.\Generated_Source\PSoC5/EzI2C_PM.c **** *
   9:.\Generated_Source\PSoC5/EzI2C_PM.c **** ********************************************************************************
  10:.\Generated_Source\PSoC5/EzI2C_PM.c **** * Copyright 2008-2015, Cypress Semiconductor Corporation.  All rights reserved.
  11:.\Generated_Source\PSoC5/EzI2C_PM.c **** * You may use this file only in accordance with the license, terms, conditions,
  12:.\Generated_Source\PSoC5/EzI2C_PM.c **** * disclaimers, and limitations in the end user license agreement accompanying
  13:.\Generated_Source\PSoC5/EzI2C_PM.c **** * the software package with which this file was provided.
  14:.\Generated_Source\PSoC5/EzI2C_PM.c **** *******************************************************************************/
  15:.\Generated_Source\PSoC5/EzI2C_PM.c **** 
  16:.\Generated_Source\PSoC5/EzI2C_PM.c **** #include "EzI2C_PVT.h"
  17:.\Generated_Source\PSoC5/EzI2C_PM.c **** 
  18:.\Generated_Source\PSoC5/EzI2C_PM.c **** EzI2C_BACKUP_STRUCT EzI2C_backup =
  19:.\Generated_Source\PSoC5/EzI2C_PM.c **** {
ARM GAS  C:\Users\LUKASC~1\AppData\Local\Temp\cczfPSDM.s 			page 2


  20:.\Generated_Source\PSoC5/EzI2C_PM.c ****     EzI2C_DISABLED,
  21:.\Generated_Source\PSoC5/EzI2C_PM.c ****     EzI2C_DEFAULT_XCFG,
  22:.\Generated_Source\PSoC5/EzI2C_PM.c ****     EzI2C_DEFAULT_ADDR,
  23:.\Generated_Source\PSoC5/EzI2C_PM.c ****     EzI2C_DEFAULT_CFG,
  24:.\Generated_Source\PSoC5/EzI2C_PM.c ****     EzI2C_DEFAULT_CLKDIV1,
  25:.\Generated_Source\PSoC5/EzI2C_PM.c ****     EzI2C_DEFAULT_CLKDIV2
  26:.\Generated_Source\PSoC5/EzI2C_PM.c **** };
  27:.\Generated_Source\PSoC5/EzI2C_PM.c **** 
  28:.\Generated_Source\PSoC5/EzI2C_PM.c **** #if (EzI2C_WAKEUP_ENABLED)
  29:.\Generated_Source\PSoC5/EzI2C_PM.c ****     volatile uint8 EzI2C_wakeupSource;
  30:.\Generated_Source\PSoC5/EzI2C_PM.c **** #endif /* (EzI2C_WAKEUP_ENABLED) */
  31:.\Generated_Source\PSoC5/EzI2C_PM.c **** 
  32:.\Generated_Source\PSoC5/EzI2C_PM.c **** 
  33:.\Generated_Source\PSoC5/EzI2C_PM.c **** /*******************************************************************************
  34:.\Generated_Source\PSoC5/EzI2C_PM.c **** * Function Name: EzI2C_SaveConfig
  35:.\Generated_Source\PSoC5/EzI2C_PM.c **** ********************************************************************************
  36:.\Generated_Source\PSoC5/EzI2C_PM.c **** *
  37:.\Generated_Source\PSoC5/EzI2C_PM.c **** * Summary:
  38:.\Generated_Source\PSoC5/EzI2C_PM.c **** *  The Enable wakeup from Sleep Mode selection influences this function
  39:.\Generated_Source\PSoC5/EzI2C_PM.c **** *  implementation:
  40:.\Generated_Source\PSoC5/EzI2C_PM.c **** *   Unchecked: Stores the component non-retention configuration registers.
  41:.\Generated_Source\PSoC5/EzI2C_PM.c **** *   Checked:   Enables backup regulator of the I2C hardware. If a transaction
  42:.\Generated_Source\PSoC5/EzI2C_PM.c **** *              intended for component executes during this function call,
  43:.\Generated_Source\PSoC5/EzI2C_PM.c **** *              it waits until the current transaction is completed and
  44:.\Generated_Source\PSoC5/EzI2C_PM.c **** *              I2C hardware is ready to go to sleep mode. All subsequent
  45:.\Generated_Source\PSoC5/EzI2C_PM.c **** *              I2C traffic is NAKed until the device is put to sleep mode.
  46:.\Generated_Source\PSoC5/EzI2C_PM.c **** *
  47:.\Generated_Source\PSoC5/EzI2C_PM.c **** * Parameters:
  48:.\Generated_Source\PSoC5/EzI2C_PM.c **** *  None.
  49:.\Generated_Source\PSoC5/EzI2C_PM.c **** *
  50:.\Generated_Source\PSoC5/EzI2C_PM.c **** * Return:
  51:.\Generated_Source\PSoC5/EzI2C_PM.c **** *  None.
  52:.\Generated_Source\PSoC5/EzI2C_PM.c **** *
  53:.\Generated_Source\PSoC5/EzI2C_PM.c **** * Global variables:
  54:.\Generated_Source\PSoC5/EzI2C_PM.c **** *  EzI2C_backup - The non-retention registers are saved to.
  55:.\Generated_Source\PSoC5/EzI2C_PM.c **** *
  56:.\Generated_Source\PSoC5/EzI2C_PM.c **** * Reentrant:
  57:.\Generated_Source\PSoC5/EzI2C_PM.c **** *  No.
  58:.\Generated_Source\PSoC5/EzI2C_PM.c **** *
  59:.\Generated_Source\PSoC5/EzI2C_PM.c **** *******************************************************************************/
  60:.\Generated_Source\PSoC5/EzI2C_PM.c **** void EzI2C_SaveConfig(void) 
  61:.\Generated_Source\PSoC5/EzI2C_PM.c **** {
  39              		.loc 1 61 0
  40              		.cfi_startproc
  41              		@ args = 0, pretend = 0, frame = 0
  42              		@ frame_needed = 1, uses_anonymous_args = 0
  43              		@ link register save eliminated.
  44 0000 80B4     		push	{r7}
  45              		.cfi_def_cfa_offset 4
  46              		.cfi_offset 7, -4
  47 0002 00AF     		add	r7, sp, #0
  48              		.cfi_def_cfa_register 7
  62:.\Generated_Source\PSoC5/EzI2C_PM.c **** #if (EzI2C_WAKEUP_ENABLED)
  63:.\Generated_Source\PSoC5/EzI2C_PM.c ****     uint8 interruptState;
  64:.\Generated_Source\PSoC5/EzI2C_PM.c **** #endif /* (EzI2C_WAKEUP_ENABLED) */
  65:.\Generated_Source\PSoC5/EzI2C_PM.c **** 
  66:.\Generated_Source\PSoC5/EzI2C_PM.c ****     /* Store component configuration into backup structure */
ARM GAS  C:\Users\LUKASC~1\AppData\Local\Temp\cczfPSDM.s 			page 3


  67:.\Generated_Source\PSoC5/EzI2C_PM.c ****     EzI2C_backup.cfg     = EzI2C_CFG_REG;
  49              		.loc 1 67 0
  50 0004 0E4B     		ldr	r3, .L2
  51 0006 1B78     		ldrb	r3, [r3]
  52 0008 DAB2     		uxtb	r2, r3
  53 000a 0E4B     		ldr	r3, .L2+4
  54 000c DA70     		strb	r2, [r3, #3]
  68:.\Generated_Source\PSoC5/EzI2C_PM.c ****     EzI2C_backup.xcfg    = EzI2C_XCFG_REG;
  55              		.loc 1 68 0
  56 000e 0E4B     		ldr	r3, .L2+8
  57 0010 1B78     		ldrb	r3, [r3]
  58 0012 DAB2     		uxtb	r2, r3
  59 0014 0B4B     		ldr	r3, .L2+4
  60 0016 5A70     		strb	r2, [r3, #1]
  69:.\Generated_Source\PSoC5/EzI2C_PM.c ****     EzI2C_backup.adr     = EzI2C_ADDR_REG;
  61              		.loc 1 69 0
  62 0018 0C4B     		ldr	r3, .L2+12
  63 001a 1B78     		ldrb	r3, [r3]
  64 001c DAB2     		uxtb	r2, r3
  65 001e 094B     		ldr	r3, .L2+4
  66 0020 9A70     		strb	r2, [r3, #2]
  70:.\Generated_Source\PSoC5/EzI2C_PM.c ****     EzI2C_backup.clkDiv1 = EzI2C_CLKDIV1_REG;
  67              		.loc 1 70 0
  68 0022 0B4B     		ldr	r3, .L2+16
  69 0024 1B78     		ldrb	r3, [r3]
  70 0026 DAB2     		uxtb	r2, r3
  71 0028 064B     		ldr	r3, .L2+4
  72 002a 1A71     		strb	r2, [r3, #4]
  71:.\Generated_Source\PSoC5/EzI2C_PM.c ****     EzI2C_backup.clkDiv2 = EzI2C_CLKDIV2_REG;
  73              		.loc 1 71 0
  74 002c 094B     		ldr	r3, .L2+20
  75 002e 1B78     		ldrb	r3, [r3]
  76 0030 DAB2     		uxtb	r2, r3
  77 0032 044B     		ldr	r3, .L2+4
  78 0034 5A71     		strb	r2, [r3, #5]
  72:.\Generated_Source\PSoC5/EzI2C_PM.c **** 
  73:.\Generated_Source\PSoC5/EzI2C_PM.c **** #if (EzI2C_WAKEUP_ENABLED)
  74:.\Generated_Source\PSoC5/EzI2C_PM.c ****     /* Enable I2C backup regulator */
  75:.\Generated_Source\PSoC5/EzI2C_PM.c ****     interruptState = CyEnterCriticalSection();
  76:.\Generated_Source\PSoC5/EzI2C_PM.c ****     EzI2C_PWRSYS_CR1_REG |= EzI2C_PWRSYS_CR1_I2C_BACKUP;
  77:.\Generated_Source\PSoC5/EzI2C_PM.c ****     CyExitCriticalSection(interruptState);
  78:.\Generated_Source\PSoC5/EzI2C_PM.c **** 
  79:.\Generated_Source\PSoC5/EzI2C_PM.c ****     /* Wait for completion of the current transaction. The following
  80:.\Generated_Source\PSoC5/EzI2C_PM.c ****     * transactions have to be NACKed until the device enters the low power mode.
  81:.\Generated_Source\PSoC5/EzI2C_PM.c ****     * After a wakeup, the force NACK bit is cleared automatically.
  82:.\Generated_Source\PSoC5/EzI2C_PM.c ****     */
  83:.\Generated_Source\PSoC5/EzI2C_PM.c ****     EzI2C_XCFG_REG |= EzI2C_XCFG_FORCE_NACK;
  84:.\Generated_Source\PSoC5/EzI2C_PM.c ****     while (0u == (EzI2C_XCFG_REG & EzI2C_XCFG_SLEEP_READY))
  85:.\Generated_Source\PSoC5/EzI2C_PM.c ****     {
  86:.\Generated_Source\PSoC5/EzI2C_PM.c ****     }
  87:.\Generated_Source\PSoC5/EzI2C_PM.c **** 
  88:.\Generated_Source\PSoC5/EzI2C_PM.c ****      /* Setup wakeup interrupt */
  89:.\Generated_Source\PSoC5/EzI2C_PM.c ****     EzI2C_DisableInt();
  90:.\Generated_Source\PSoC5/EzI2C_PM.c ****     EzI2C_wakeupSource = 0u; /* Clear wakeup event */
  91:.\Generated_Source\PSoC5/EzI2C_PM.c ****     (void) CyIntSetVector(EzI2C_ISR_NUMBER, &EzI2C_WAKEUP_ISR);
  92:.\Generated_Source\PSoC5/EzI2C_PM.c ****     EzI2C_EnableInt();
  93:.\Generated_Source\PSoC5/EzI2C_PM.c **** #endif /* (EzI2C_WAKEUP_ENABLED) */
ARM GAS  C:\Users\LUKASC~1\AppData\Local\Temp\cczfPSDM.s 			page 4


  94:.\Generated_Source\PSoC5/EzI2C_PM.c **** }
  79              		.loc 1 94 0
  80 0036 BD46     		mov	sp, r7
  81              		.cfi_def_cfa_register 13
  82              		@ sp needed
  83 0038 5DF8047B 		ldr	r7, [sp], #4
  84              		.cfi_restore 7
  85              		.cfi_def_cfa_offset 0
  86 003c 7047     		bx	lr
  87              	.L3:
  88 003e 00BF     		.align	2
  89              	.L2:
  90 0040 D6490040 		.word	1073760726
  91 0044 00000000 		.word	EzI2C_backup
  92 0048 C8490040 		.word	1073760712
  93 004c CA490040 		.word	1073760714
  94 0050 DB490040 		.word	1073760731
  95 0054 DC490040 		.word	1073760732
  96              		.cfi_endproc
  97              	.LFE0:
  98              		.size	EzI2C_SaveConfig, .-EzI2C_SaveConfig
  99              		.section	.text.EzI2C_RestoreConfig,"ax",%progbits
 100              		.align	2
 101              		.global	EzI2C_RestoreConfig
 102              		.thumb
 103              		.thumb_func
 104              		.type	EzI2C_RestoreConfig, %function
 105              	EzI2C_RestoreConfig:
 106              	.LFB1:
  95:.\Generated_Source\PSoC5/EzI2C_PM.c **** 
  96:.\Generated_Source\PSoC5/EzI2C_PM.c **** 
  97:.\Generated_Source\PSoC5/EzI2C_PM.c **** /*******************************************************************************
  98:.\Generated_Source\PSoC5/EzI2C_PM.c **** * Function Name: EzI2C_RestoreConfig
  99:.\Generated_Source\PSoC5/EzI2C_PM.c **** ********************************************************************************
 100:.\Generated_Source\PSoC5/EzI2C_PM.c **** *
 101:.\Generated_Source\PSoC5/EzI2C_PM.c **** * Summary:
 102:.\Generated_Source\PSoC5/EzI2C_PM.c **** *  The Enable wakeup from Sleep Mode selection influences this function
 103:.\Generated_Source\PSoC5/EzI2C_PM.c **** *  implementation:
 104:.\Generated_Source\PSoC5/EzI2C_PM.c **** *   Unchecked: Restores the component non-retention configuration registers
 105:.\Generated_Source\PSoC5/EzI2C_PM.c **** *              to the state they were in before I2C_Sleep() or I2C_SaveConfig()
 106:.\Generated_Source\PSoC5/EzI2C_PM.c **** *              was called.
 107:.\Generated_Source\PSoC5/EzI2C_PM.c **** *   Checked:   Disables the backup regulator of the I2C hardware. Sets up the
 108:.\Generated_Source\PSoC5/EzI2C_PM.c **** *              regular component interrupt handler and generates the component
 109:.\Generated_Source\PSoC5/EzI2C_PM.c **** *              interrupt if it was wake up source to release the bus and
 110:.\Generated_Source\PSoC5/EzI2C_PM.c **** *              continue in-coming I2C transaction.
 111:.\Generated_Source\PSoC5/EzI2C_PM.c **** *
 112:.\Generated_Source\PSoC5/EzI2C_PM.c **** * Parameters:
 113:.\Generated_Source\PSoC5/EzI2C_PM.c **** *  None.
 114:.\Generated_Source\PSoC5/EzI2C_PM.c **** *
 115:.\Generated_Source\PSoC5/EzI2C_PM.c **** * Return:
 116:.\Generated_Source\PSoC5/EzI2C_PM.c **** *  None.
 117:.\Generated_Source\PSoC5/EzI2C_PM.c **** *
 118:.\Generated_Source\PSoC5/EzI2C_PM.c **** * Global variables:
 119:.\Generated_Source\PSoC5/EzI2C_PM.c **** *  EzI2C_backup - the non-retention registers are restored from.
 120:.\Generated_Source\PSoC5/EzI2C_PM.c **** *
 121:.\Generated_Source\PSoC5/EzI2C_PM.c **** * Reentrant:
 122:.\Generated_Source\PSoC5/EzI2C_PM.c **** *  No.
ARM GAS  C:\Users\LUKASC~1\AppData\Local\Temp\cczfPSDM.s 			page 5


 123:.\Generated_Source\PSoC5/EzI2C_PM.c **** *
 124:.\Generated_Source\PSoC5/EzI2C_PM.c **** * Side Effects:
 125:.\Generated_Source\PSoC5/EzI2C_PM.c **** *  Calling this function before EzI2C_SaveConfig() or
 126:.\Generated_Source\PSoC5/EzI2C_PM.c **** *  EzI2C_Sleep() may produce unexpected behavior.
 127:.\Generated_Source\PSoC5/EzI2C_PM.c **** *
 128:.\Generated_Source\PSoC5/EzI2C_PM.c **** *******************************************************************************/
 129:.\Generated_Source\PSoC5/EzI2C_PM.c **** void EzI2C_RestoreConfig(void) 
 130:.\Generated_Source\PSoC5/EzI2C_PM.c **** {
 107              		.loc 1 130 0
 108              		.cfi_startproc
 109              		@ args = 0, pretend = 0, frame = 8
 110              		@ frame_needed = 1, uses_anonymous_args = 0
 111 0000 80B5     		push	{r7, lr}
 112              		.cfi_def_cfa_offset 8
 113              		.cfi_offset 7, -8
 114              		.cfi_offset 14, -4
 115 0002 82B0     		sub	sp, sp, #8
 116              		.cfi_def_cfa_offset 16
 117 0004 00AF     		add	r7, sp, #0
 118              		.cfi_def_cfa_register 7
 131:.\Generated_Source\PSoC5/EzI2C_PM.c ****     uint8 intState;
 132:.\Generated_Source\PSoC5/EzI2C_PM.c **** 
 133:.\Generated_Source\PSoC5/EzI2C_PM.c ****     if (0u != (EzI2C_PWRSYS_CR1_I2C_BACKUP & EzI2C_PWRSYS_CR1_REG))
 119              		.loc 1 133 0
 120 0006 184B     		ldr	r3, .L7
 121 0008 1B78     		ldrb	r3, [r3]
 122 000a DBB2     		uxtb	r3, r3
 123 000c 03F00403 		and	r3, r3, #4
 124 0010 DBB2     		uxtb	r3, r3
 125 0012 002B     		cmp	r3, #0
 126 0014 10D0     		beq	.L5
 134:.\Generated_Source\PSoC5/EzI2C_PM.c ****     /* Exit from Sleep */
 135:.\Generated_Source\PSoC5/EzI2C_PM.c ****     {
 136:.\Generated_Source\PSoC5/EzI2C_PM.c ****         /* Disable I2C backup regulator */
 137:.\Generated_Source\PSoC5/EzI2C_PM.c ****         intState = CyEnterCriticalSection();
 127              		.loc 1 137 0
 128 0016 FFF7FEFF 		bl	CyEnterCriticalSection
 129 001a 0346     		mov	r3, r0
 130 001c FB71     		strb	r3, [r7, #7]
 138:.\Generated_Source\PSoC5/EzI2C_PM.c ****         EzI2C_PWRSYS_CR1_REG &= (uint8) ~EzI2C_PWRSYS_CR1_I2C_BACKUP;
 131              		.loc 1 138 0
 132 001e 124A     		ldr	r2, .L7
 133 0020 114B     		ldr	r3, .L7
 134 0022 1B78     		ldrb	r3, [r3]
 135 0024 DBB2     		uxtb	r3, r3
 136 0026 23F00403 		bic	r3, r3, #4
 137 002a DBB2     		uxtb	r3, r3
 138 002c 1370     		strb	r3, [r2]
 139:.\Generated_Source\PSoC5/EzI2C_PM.c ****         CyExitCriticalSection(intState);
 139              		.loc 1 139 0
 140 002e FB79     		ldrb	r3, [r7, #7]	@ zero_extendqisi2
 141 0030 1846     		mov	r0, r3
 142 0032 FFF7FEFF 		bl	CyExitCriticalSection
 143 0036 13E0     		b	.L4
 144              	.L5:
 140:.\Generated_Source\PSoC5/EzI2C_PM.c ****     }
 141:.\Generated_Source\PSoC5/EzI2C_PM.c ****     else /* Exit from Hibernate (bit is cleared) or wakeup disabled */
ARM GAS  C:\Users\LUKASC~1\AppData\Local\Temp\cczfPSDM.s 			page 6


 142:.\Generated_Source\PSoC5/EzI2C_PM.c ****     {
 143:.\Generated_Source\PSoC5/EzI2C_PM.c ****     #if (EzI2C_WAKEUP_ENABLED)
 144:.\Generated_Source\PSoC5/EzI2C_PM.c ****         /* Disable power to I2C block before register restore */
 145:.\Generated_Source\PSoC5/EzI2C_PM.c ****         intState = CyEnterCriticalSection();
 146:.\Generated_Source\PSoC5/EzI2C_PM.c ****         EzI2C_PM_ACT_CFG_REG  &= (uint8) ~EzI2C_ACT_PWR_EN;
 147:.\Generated_Source\PSoC5/EzI2C_PM.c ****         EzI2C_PM_STBY_CFG_REG &= (uint8) ~EzI2C_STBY_PWR_EN;
 148:.\Generated_Source\PSoC5/EzI2C_PM.c ****         CyExitCriticalSection(intState);
 149:.\Generated_Source\PSoC5/EzI2C_PM.c **** 
 150:.\Generated_Source\PSoC5/EzI2C_PM.c ****         /* Enable component after restore complete */
 151:.\Generated_Source\PSoC5/EzI2C_PM.c ****         EzI2C_backup.enableState = EzI2C_ENABLED;
 152:.\Generated_Source\PSoC5/EzI2C_PM.c ****     #endif /* (EzI2C_WAKEUP_ENABLED) */
 153:.\Generated_Source\PSoC5/EzI2C_PM.c **** 
 154:.\Generated_Source\PSoC5/EzI2C_PM.c ****         /* Restore component registers: Hibernate disable power */
 155:.\Generated_Source\PSoC5/EzI2C_PM.c ****         EzI2C_CFG_REG     = EzI2C_backup.cfg;
 145              		.loc 1 155 0
 146 0038 0C4B     		ldr	r3, .L7+4
 147 003a 0D4A     		ldr	r2, .L7+8
 148 003c D278     		ldrb	r2, [r2, #3]	@ zero_extendqisi2
 149 003e 1A70     		strb	r2, [r3]
 156:.\Generated_Source\PSoC5/EzI2C_PM.c ****         EzI2C_XCFG_REG    = EzI2C_backup.xcfg;
 150              		.loc 1 156 0
 151 0040 0C4B     		ldr	r3, .L7+12
 152 0042 0B4A     		ldr	r2, .L7+8
 153 0044 5278     		ldrb	r2, [r2, #1]	@ zero_extendqisi2
 154 0046 1A70     		strb	r2, [r3]
 157:.\Generated_Source\PSoC5/EzI2C_PM.c ****         EzI2C_ADDR_REG    = EzI2C_backup.adr;
 155              		.loc 1 157 0
 156 0048 0B4B     		ldr	r3, .L7+16
 157 004a 094A     		ldr	r2, .L7+8
 158 004c 9278     		ldrb	r2, [r2, #2]	@ zero_extendqisi2
 159 004e 1A70     		strb	r2, [r3]
 158:.\Generated_Source\PSoC5/EzI2C_PM.c ****         EzI2C_CLKDIV1_REG = EzI2C_backup.clkDiv1;
 160              		.loc 1 158 0
 161 0050 0A4B     		ldr	r3, .L7+20
 162 0052 074A     		ldr	r2, .L7+8
 163 0054 1279     		ldrb	r2, [r2, #4]	@ zero_extendqisi2
 164 0056 1A70     		strb	r2, [r3]
 159:.\Generated_Source\PSoC5/EzI2C_PM.c ****         EzI2C_CLKDIV2_REG = EzI2C_backup.clkDiv2;
 165              		.loc 1 159 0
 166 0058 094B     		ldr	r3, .L7+24
 167 005a 054A     		ldr	r2, .L7+8
 168 005c 5279     		ldrb	r2, [r2, #5]	@ zero_extendqisi2
 169 005e 1A70     		strb	r2, [r3]
 170              	.L4:
 160:.\Generated_Source\PSoC5/EzI2C_PM.c ****     }
 161:.\Generated_Source\PSoC5/EzI2C_PM.c **** 
 162:.\Generated_Source\PSoC5/EzI2C_PM.c **** #if (EzI2C_WAKEUP_ENABLED)
 163:.\Generated_Source\PSoC5/EzI2C_PM.c ****     /* Set I2C interrupt to be pending if component is source of wake up */
 164:.\Generated_Source\PSoC5/EzI2C_PM.c ****     EzI2C_DisableInt();
 165:.\Generated_Source\PSoC5/EzI2C_PM.c ****     (void) CyIntSetVector(EzI2C_ISR_NUMBER, &EzI2C_ISR);
 166:.\Generated_Source\PSoC5/EzI2C_PM.c ****     if (0u != EzI2C_wakeupSource)
 167:.\Generated_Source\PSoC5/EzI2C_PM.c ****     {
 168:.\Generated_Source\PSoC5/EzI2C_PM.c ****         /* Generate interrupt to release I2C bus */
 169:.\Generated_Source\PSoC5/EzI2C_PM.c ****         (void) CyIntSetPending(EzI2C_ISR_NUMBER);
 170:.\Generated_Source\PSoC5/EzI2C_PM.c ****     }
 171:.\Generated_Source\PSoC5/EzI2C_PM.c ****     EzI2C_EnableInt();
 172:.\Generated_Source\PSoC5/EzI2C_PM.c **** #endif /* (EzI2C_WAKEUP_ENABLED) */
ARM GAS  C:\Users\LUKASC~1\AppData\Local\Temp\cczfPSDM.s 			page 7


 173:.\Generated_Source\PSoC5/EzI2C_PM.c **** }
 171              		.loc 1 173 0
 172 0060 0837     		adds	r7, r7, #8
 173              		.cfi_def_cfa_offset 8
 174 0062 BD46     		mov	sp, r7
 175              		.cfi_def_cfa_register 13
 176              		@ sp needed
 177 0064 80BD     		pop	{r7, pc}
 178              	.L8:
 179 0066 00BF     		.align	2
 180              	.L7:
 181 0068 31430040 		.word	1073759025
 182 006c D6490040 		.word	1073760726
 183 0070 00000000 		.word	EzI2C_backup
 184 0074 C8490040 		.word	1073760712
 185 0078 CA490040 		.word	1073760714
 186 007c DB490040 		.word	1073760731
 187 0080 DC490040 		.word	1073760732
 188              		.cfi_endproc
 189              	.LFE1:
 190              		.size	EzI2C_RestoreConfig, .-EzI2C_RestoreConfig
 191              		.section	.text.EzI2C_Sleep,"ax",%progbits
 192              		.align	2
 193              		.global	EzI2C_Sleep
 194              		.thumb
 195              		.thumb_func
 196              		.type	EzI2C_Sleep, %function
 197              	EzI2C_Sleep:
 198              	.LFB2:
 174:.\Generated_Source\PSoC5/EzI2C_PM.c **** 
 175:.\Generated_Source\PSoC5/EzI2C_PM.c **** 
 176:.\Generated_Source\PSoC5/EzI2C_PM.c **** /*******************************************************************************
 177:.\Generated_Source\PSoC5/EzI2C_PM.c **** * Function Name: EzI2C_Sleep
 178:.\Generated_Source\PSoC5/EzI2C_PM.c **** ********************************************************************************
 179:.\Generated_Source\PSoC5/EzI2C_PM.c **** *
 180:.\Generated_Source\PSoC5/EzI2C_PM.c **** * Summary:
 181:.\Generated_Source\PSoC5/EzI2C_PM.c **** *  This is the preferred method to prepare the component before device enters
 182:.\Generated_Source\PSoC5/EzI2C_PM.c **** *  sleep mode.
 183:.\Generated_Source\PSoC5/EzI2C_PM.c **** *  The Enable wakeup from Sleep Mode selection influences this function
 184:.\Generated_Source\PSoC5/EzI2C_PM.c **** *  implementation:
 185:.\Generated_Source\PSoC5/EzI2C_PM.c **** *   Unchecked: Checks current EZI2C component state, saves it, and disables the
 186:.\Generated_Source\PSoC5/EzI2C_PM.c **** *              component by calling EZI2C_Stop() if it is currently enabled.
 187:.\Generated_Source\PSoC5/EzI2C_PM.c **** *              EZI2C_SaveConfig() is then called to save the component
 188:.\Generated_Source\PSoC5/EzI2C_PM.c **** *              non-retention configuration registers.
 189:.\Generated_Source\PSoC5/EzI2C_PM.c **** *   Checked:   If a transaction intended for component is in progress during
 190:.\Generated_Source\PSoC5/EzI2C_PM.c **** *              this function call, it waits until the current transaction is
 191:.\Generated_Source\PSoC5/EzI2C_PM.c **** *              completed. All subsequent I2C traffic intended for component is
 192:.\Generated_Source\PSoC5/EzI2C_PM.c **** *              NAKed until the device is put to sleep mode. The address match
 193:.\Generated_Source\PSoC5/EzI2C_PM.c **** *              event wakes up the device.
 194:.\Generated_Source\PSoC5/EzI2C_PM.c **** *
 195:.\Generated_Source\PSoC5/EzI2C_PM.c **** *  Call the EZI2C_Sleep() function before calling the CyPmSleep() or the
 196:.\Generated_Source\PSoC5/EzI2C_PM.c **** *  CyPmHibernate() function. Refer to the PSoC Creator System Reference Guide
 197:.\Generated_Source\PSoC5/EzI2C_PM.c **** *  for more information about power-management functions.
 198:.\Generated_Source\PSoC5/EzI2C_PM.c **** *
 199:.\Generated_Source\PSoC5/EzI2C_PM.c **** * Parameters:
 200:.\Generated_Source\PSoC5/EzI2C_PM.c **** *  None.
 201:.\Generated_Source\PSoC5/EzI2C_PM.c **** *
ARM GAS  C:\Users\LUKASC~1\AppData\Local\Temp\cczfPSDM.s 			page 8


 202:.\Generated_Source\PSoC5/EzI2C_PM.c **** * Return:
 203:.\Generated_Source\PSoC5/EzI2C_PM.c **** *  None.
 204:.\Generated_Source\PSoC5/EzI2C_PM.c **** *
 205:.\Generated_Source\PSoC5/EzI2C_PM.c **** * Global variables:
 206:.\Generated_Source\PSoC5/EzI2C_PM.c **** *  EzI2C_backup - The non retention registers are saved to. Changed
 207:.\Generated_Source\PSoC5/EzI2C_PM.c **** *  by EzI2C_SaveConfig() function call.
 208:.\Generated_Source\PSoC5/EzI2C_PM.c **** *
 209:.\Generated_Source\PSoC5/EzI2C_PM.c **** * Reentrant:
 210:.\Generated_Source\PSoC5/EzI2C_PM.c **** *  No.
 211:.\Generated_Source\PSoC5/EzI2C_PM.c **** *
 212:.\Generated_Source\PSoC5/EzI2C_PM.c **** *******************************************************************************/
 213:.\Generated_Source\PSoC5/EzI2C_PM.c **** void EzI2C_Sleep(void) 
 214:.\Generated_Source\PSoC5/EzI2C_PM.c **** {
 199              		.loc 1 214 0
 200              		.cfi_startproc
 201              		@ args = 0, pretend = 0, frame = 0
 202              		@ frame_needed = 1, uses_anonymous_args = 0
 203 0000 80B5     		push	{r7, lr}
 204              		.cfi_def_cfa_offset 8
 205              		.cfi_offset 7, -8
 206              		.cfi_offset 14, -4
 207 0002 00AF     		add	r7, sp, #0
 208              		.cfi_def_cfa_register 7
 215:.\Generated_Source\PSoC5/EzI2C_PM.c **** #if (EzI2C_WAKEUP_ENABLED)
 216:.\Generated_Source\PSoC5/EzI2C_PM.c ****     /* Do not re-enable component in EzI2C_Wakeup(). It remains enabled as it is wakeup source */
 217:.\Generated_Source\PSoC5/EzI2C_PM.c ****     EzI2C_backup.enableState = EzI2C_DISABLED;
 218:.\Generated_Source\PSoC5/EzI2C_PM.c **** #else
 219:.\Generated_Source\PSoC5/EzI2C_PM.c ****     /* Store component state enabled or disable to restore after wakeup */
 220:.\Generated_Source\PSoC5/EzI2C_PM.c ****     EzI2C_backup.enableState = (EzI2C_PM_ACT_CFG_REG & EzI2C_ACT_PWR_EN);
 209              		.loc 1 220 0
 210 0004 084B     		ldr	r3, .L11
 211 0006 1B78     		ldrb	r3, [r3]
 212 0008 DBB2     		uxtb	r3, r3
 213 000a 03F00403 		and	r3, r3, #4
 214 000e DAB2     		uxtb	r2, r3
 215 0010 064B     		ldr	r3, .L11+4
 216 0012 1A70     		strb	r2, [r3]
 221:.\Generated_Source\PSoC5/EzI2C_PM.c **** 
 222:.\Generated_Source\PSoC5/EzI2C_PM.c ****     if (0u != EzI2C_backup.enableState)
 217              		.loc 1 222 0
 218 0014 054B     		ldr	r3, .L11+4
 219 0016 1B78     		ldrb	r3, [r3]	@ zero_extendqisi2
 220 0018 002B     		cmp	r3, #0
 221 001a 01D0     		beq	.L10
 223:.\Generated_Source\PSoC5/EzI2C_PM.c ****     {
 224:.\Generated_Source\PSoC5/EzI2C_PM.c ****         /* Disable component before enter Sleep */
 225:.\Generated_Source\PSoC5/EzI2C_PM.c ****         EzI2C_Stop();
 222              		.loc 1 225 0
 223 001c FFF7FEFF 		bl	EzI2C_Stop
 224              	.L10:
 226:.\Generated_Source\PSoC5/EzI2C_PM.c ****     }
 227:.\Generated_Source\PSoC5/EzI2C_PM.c **** #endif /* (EzI2C_WAKEUP_ENABLED) */
 228:.\Generated_Source\PSoC5/EzI2C_PM.c **** 
 229:.\Generated_Source\PSoC5/EzI2C_PM.c ****     EzI2C_SaveConfig();
 225              		.loc 1 229 0
 226 0020 FFF7FEFF 		bl	EzI2C_SaveConfig
 230:.\Generated_Source\PSoC5/EzI2C_PM.c **** }
ARM GAS  C:\Users\LUKASC~1\AppData\Local\Temp\cczfPSDM.s 			page 9


 227              		.loc 1 230 0
 228 0024 80BD     		pop	{r7, pc}
 229              	.L12:
 230 0026 00BF     		.align	2
 231              	.L11:
 232 0028 A5430040 		.word	1073759141
 233 002c 00000000 		.word	EzI2C_backup
 234              		.cfi_endproc
 235              	.LFE2:
 236              		.size	EzI2C_Sleep, .-EzI2C_Sleep
 237              		.section	.text.EzI2C_Wakeup,"ax",%progbits
 238              		.align	2
 239              		.global	EzI2C_Wakeup
 240              		.thumb
 241              		.thumb_func
 242              		.type	EzI2C_Wakeup, %function
 243              	EzI2C_Wakeup:
 244              	.LFB3:
 231:.\Generated_Source\PSoC5/EzI2C_PM.c **** 
 232:.\Generated_Source\PSoC5/EzI2C_PM.c **** 
 233:.\Generated_Source\PSoC5/EzI2C_PM.c **** /*******************************************************************************
 234:.\Generated_Source\PSoC5/EzI2C_PM.c **** * Function Name: EzI2C_Wakeup
 235:.\Generated_Source\PSoC5/EzI2C_PM.c **** ********************************************************************************
 236:.\Generated_Source\PSoC5/EzI2C_PM.c **** *
 237:.\Generated_Source\PSoC5/EzI2C_PM.c **** * Summary:
 238:.\Generated_Source\PSoC5/EzI2C_PM.c **** *  This is the preferred method to prepare the component for active mode
 239:.\Generated_Source\PSoC5/EzI2C_PM.c **** *  operation (when device exits sleep mode).
 240:.\Generated_Source\PSoC5/EzI2C_PM.c **** *  The Enable wakeup from Sleep Mode selection influences this function
 241:.\Generated_Source\PSoC5/EzI2C_PM.c **** *  implementation:
 242:.\Generated_Source\PSoC5/EzI2C_PM.c **** *   Unchecked: Restores the component non-retention configuration registers
 243:.\Generated_Source\PSoC5/EzI2C_PM.c **** *              by calling EZI2C_RestoreConfig(). If the component was enabled
 244:.\Generated_Source\PSoC5/EzI2C_PM.c **** *              before the EZI2C_Sleep() function was called, EZI2C_Wakeup()
 245:.\Generated_Source\PSoC5/EzI2C_PM.c **** *              re-enables it.
 246:.\Generated_Source\PSoC5/EzI2C_PM.c **** *   Checked:   Disables the backup regulator of I2C hardware. The incoming
 247:.\Generated_Source\PSoC5/EzI2C_PM.c **** *              transaction continues as soon as the regular EZI2C interrupt
 248:.\Generated_Source\PSoC5/EzI2C_PM.c **** *              handler is set up (global interrupts has to be  enabled to
 249:.\Generated_Source\PSoC5/EzI2C_PM.c **** *              service EZI2C component interrupt).
 250:.\Generated_Source\PSoC5/EzI2C_PM.c **** *
 251:.\Generated_Source\PSoC5/EzI2C_PM.c **** * Parameters:
 252:.\Generated_Source\PSoC5/EzI2C_PM.c **** *  None.
 253:.\Generated_Source\PSoC5/EzI2C_PM.c **** *
 254:.\Generated_Source\PSoC5/EzI2C_PM.c **** * Return:
 255:.\Generated_Source\PSoC5/EzI2C_PM.c **** *  None.
 256:.\Generated_Source\PSoC5/EzI2C_PM.c **** *
 257:.\Generated_Source\PSoC5/EzI2C_PM.c **** * Global variables:
 258:.\Generated_Source\PSoC5/EzI2C_PM.c **** *  EzI2C_backup - The non retention registers are restored from.
 259:.\Generated_Source\PSoC5/EzI2C_PM.c **** *
 260:.\Generated_Source\PSoC5/EzI2C_PM.c **** * Reentrant:
 261:.\Generated_Source\PSoC5/EzI2C_PM.c **** *  No.
 262:.\Generated_Source\PSoC5/EzI2C_PM.c **** *
 263:.\Generated_Source\PSoC5/EzI2C_PM.c **** * Side Effects:
 264:.\Generated_Source\PSoC5/EzI2C_PM.c **** *  Calling this function before EzI2C_SaveConfig() or
 265:.\Generated_Source\PSoC5/EzI2C_PM.c **** *  EzI2C_Sleep() will lead to unpredictable results.
 266:.\Generated_Source\PSoC5/EzI2C_PM.c **** *
 267:.\Generated_Source\PSoC5/EzI2C_PM.c **** *******************************************************************************/
 268:.\Generated_Source\PSoC5/EzI2C_PM.c **** void EzI2C_Wakeup(void) 
 269:.\Generated_Source\PSoC5/EzI2C_PM.c **** {
ARM GAS  C:\Users\LUKASC~1\AppData\Local\Temp\cczfPSDM.s 			page 10


 245              		.loc 1 269 0
 246              		.cfi_startproc
 247              		@ args = 0, pretend = 0, frame = 0
 248              		@ frame_needed = 1, uses_anonymous_args = 0
 249 0000 80B5     		push	{r7, lr}
 250              		.cfi_def_cfa_offset 8
 251              		.cfi_offset 7, -8
 252              		.cfi_offset 14, -4
 253 0002 00AF     		add	r7, sp, #0
 254              		.cfi_def_cfa_register 7
 270:.\Generated_Source\PSoC5/EzI2C_PM.c ****     EzI2C_RestoreConfig();
 255              		.loc 1 270 0
 256 0004 FFF7FEFF 		bl	EzI2C_RestoreConfig
 271:.\Generated_Source\PSoC5/EzI2C_PM.c **** 
 272:.\Generated_Source\PSoC5/EzI2C_PM.c ****     if (0u != EzI2C_backup.enableState)
 257              		.loc 1 272 0
 258 0008 034B     		ldr	r3, .L15
 259 000a 1B78     		ldrb	r3, [r3]	@ zero_extendqisi2
 260 000c 002B     		cmp	r3, #0
 261 000e 01D0     		beq	.L13
 273:.\Generated_Source\PSoC5/EzI2C_PM.c ****     {
 274:.\Generated_Source\PSoC5/EzI2C_PM.c ****         /* Enable component as it was enabled before Sleep */
 275:.\Generated_Source\PSoC5/EzI2C_PM.c ****         EzI2C_Enable();
 262              		.loc 1 275 0
 263 0010 FFF7FEFF 		bl	EzI2C_Enable
 264              	.L13:
 276:.\Generated_Source\PSoC5/EzI2C_PM.c ****     }
 277:.\Generated_Source\PSoC5/EzI2C_PM.c **** }
 265              		.loc 1 277 0
 266 0014 80BD     		pop	{r7, pc}
 267              	.L16:
 268 0016 00BF     		.align	2
 269              	.L15:
 270 0018 00000000 		.word	EzI2C_backup
 271              		.cfi_endproc
 272              	.LFE3:
 273              		.size	EzI2C_Wakeup, .-EzI2C_Wakeup
 274              		.text
 275              	.Letext0:
 276              		.file 2 ".\\Generated_Source\\PSoC5\\cytypes.h"
 277              		.file 3 ".\\Generated_Source\\PSoC5\\EzI2C.h"
 278              		.section	.debug_info,"",%progbits
 279              	.Ldebug_info0:
 280 0000 7E010000 		.4byte	0x17e
 281 0004 0400     		.2byte	0x4
 282 0006 00000000 		.4byte	.Ldebug_abbrev0
 283 000a 04       		.byte	0x4
 284 000b 01       		.uleb128 0x1
 285 000c A4000000 		.4byte	.LASF25
 286 0010 01       		.byte	0x1
 287 0011 00000000 		.4byte	.LASF26
 288 0015 F3010000 		.4byte	.LASF27
 289 0019 00000000 		.4byte	.Ldebug_ranges0+0
 290 001d 00000000 		.4byte	0
 291 0021 00000000 		.4byte	.Ldebug_line0
 292 0025 02       		.uleb128 0x2
 293 0026 01       		.byte	0x1
ARM GAS  C:\Users\LUKASC~1\AppData\Local\Temp\cczfPSDM.s 			page 11


 294 0027 06       		.byte	0x6
 295 0028 E7010000 		.4byte	.LASF0
 296 002c 02       		.uleb128 0x2
 297 002d 01       		.byte	0x1
 298 002e 08       		.byte	0x8
 299 002f 79000000 		.4byte	.LASF1
 300 0033 02       		.uleb128 0x2
 301 0034 02       		.byte	0x2
 302 0035 05       		.byte	0x5
 303 0036 C8010000 		.4byte	.LASF2
 304 003a 02       		.uleb128 0x2
 305 003b 02       		.byte	0x2
 306 003c 07       		.byte	0x7
 307 003d 40000000 		.4byte	.LASF3
 308 0041 02       		.uleb128 0x2
 309 0042 04       		.byte	0x4
 310 0043 05       		.byte	0x5
 311 0044 D2010000 		.4byte	.LASF4
 312 0048 02       		.uleb128 0x2
 313 0049 04       		.byte	0x4
 314 004a 07       		.byte	0x7
 315 004b 8C000000 		.4byte	.LASF5
 316 004f 02       		.uleb128 0x2
 317 0050 08       		.byte	0x8
 318 0051 05       		.byte	0x5
 319 0052 A3010000 		.4byte	.LASF6
 320 0056 02       		.uleb128 0x2
 321 0057 08       		.byte	0x8
 322 0058 07       		.byte	0x7
 323 0059 5D010000 		.4byte	.LASF7
 324 005d 03       		.uleb128 0x3
 325 005e 04       		.byte	0x4
 326 005f 05       		.byte	0x5
 327 0060 696E7400 		.ascii	"int\000"
 328 0064 02       		.uleb128 0x2
 329 0065 04       		.byte	0x4
 330 0066 07       		.byte	0x7
 331 0067 50010000 		.4byte	.LASF8
 332 006b 04       		.uleb128 0x4
 333 006c 9E000000 		.4byte	.LASF9
 334 0070 02       		.byte	0x2
 335 0071 3801     		.2byte	0x138
 336 0073 2C000000 		.4byte	0x2c
 337 0077 04       		.uleb128 0x4
 338 0078 39010000 		.4byte	.LASF10
 339 007c 02       		.byte	0x2
 340 007d 3901     		.2byte	0x139
 341 007f 3A000000 		.4byte	0x3a
 342 0083 04       		.uleb128 0x4
 343 0084 40010000 		.4byte	.LASF11
 344 0088 02       		.byte	0x2
 345 0089 3A01     		.2byte	0x13a
 346 008b 48000000 		.4byte	0x48
 347 008f 02       		.uleb128 0x2
 348 0090 04       		.byte	0x4
 349 0091 04       		.byte	0x4
 350 0092 5F000000 		.4byte	.LASF12
ARM GAS  C:\Users\LUKASC~1\AppData\Local\Temp\cczfPSDM.s 			page 12


 351 0096 02       		.uleb128 0x2
 352 0097 08       		.byte	0x8
 353 0098 04       		.byte	0x4
 354 0099 32010000 		.4byte	.LASF13
 355 009d 02       		.uleb128 0x2
 356 009e 01       		.byte	0x1
 357 009f 08       		.byte	0x8
 358 00a0 BE010000 		.4byte	.LASF14
 359 00a4 04       		.uleb128 0x4
 360 00a5 87000000 		.4byte	.LASF15
 361 00a9 02       		.byte	0x2
 362 00aa E201     		.2byte	0x1e2
 363 00ac B0000000 		.4byte	0xb0
 364 00b0 05       		.uleb128 0x5
 365 00b1 6B000000 		.4byte	0x6b
 366 00b5 02       		.uleb128 0x2
 367 00b6 04       		.byte	0x4
 368 00b7 07       		.byte	0x7
 369 00b8 9A010000 		.4byte	.LASF16
 370 00bc 06       		.uleb128 0x6
 371 00bd 06       		.byte	0x6
 372 00be 03       		.byte	0x3
 373 00bf 42       		.byte	0x42
 374 00c0 0D010000 		.4byte	0x10d
 375 00c4 07       		.uleb128 0x7
 376 00c5 DB010000 		.4byte	.LASF17
 377 00c9 03       		.byte	0x3
 378 00ca 44       		.byte	0x44
 379 00cb 6B000000 		.4byte	0x6b
 380 00cf 00       		.byte	0
 381 00d0 07       		.uleb128 0x7
 382 00d1 C3010000 		.4byte	.LASF18
 383 00d5 03       		.byte	0x3
 384 00d6 45       		.byte	0x45
 385 00d7 6B000000 		.4byte	0x6b
 386 00db 01       		.byte	0x1
 387 00dc 08       		.uleb128 0x8
 388 00dd 61647200 		.ascii	"adr\000"
 389 00e1 03       		.byte	0x3
 390 00e2 46       		.byte	0x46
 391 00e3 6B000000 		.4byte	0x6b
 392 00e7 02       		.byte	0x2
 393 00e8 08       		.uleb128 0x8
 394 00e9 63666700 		.ascii	"cfg\000"
 395 00ed 03       		.byte	0x3
 396 00ee 47       		.byte	0x47
 397 00ef 6B000000 		.4byte	0x6b
 398 00f3 03       		.byte	0x3
 399 00f4 07       		.uleb128 0x7
 400 00f5 74010000 		.4byte	.LASF19
 401 00f9 03       		.byte	0x3
 402 00fa 48       		.byte	0x48
 403 00fb 6B000000 		.4byte	0x6b
 404 00ff 04       		.byte	0x4
 405 0100 07       		.uleb128 0x7
 406 0101 24000000 		.4byte	.LASF20
 407 0105 03       		.byte	0x3
ARM GAS  C:\Users\LUKASC~1\AppData\Local\Temp\cczfPSDM.s 			page 13


 408 0106 49       		.byte	0x49
 409 0107 6B000000 		.4byte	0x6b
 410 010b 05       		.byte	0x5
 411 010c 00       		.byte	0
 412 010d 09       		.uleb128 0x9
 413 010e 2C000000 		.4byte	.LASF21
 414 0112 03       		.byte	0x3
 415 0113 4B       		.byte	0x4b
 416 0114 BC000000 		.4byte	0xbc
 417 0118 0A       		.uleb128 0xa
 418 0119 89010000 		.4byte	.LASF22
 419 011d 01       		.byte	0x1
 420 011e 3C       		.byte	0x3c
 421 011f 00000000 		.4byte	.LFB0
 422 0123 58000000 		.4byte	.LFE0-.LFB0
 423 0127 01       		.uleb128 0x1
 424 0128 9C       		.byte	0x9c
 425 0129 0B       		.uleb128 0xb
 426 012a 65000000 		.4byte	.LASF28
 427 012e 01       		.byte	0x1
 428 012f 81       		.byte	0x81
 429 0130 00000000 		.4byte	.LFB1
 430 0134 84000000 		.4byte	.LFE1-.LFB1
 431 0138 01       		.uleb128 0x1
 432 0139 9C       		.byte	0x9c
 433 013a 4D010000 		.4byte	0x14d
 434 013e 0C       		.uleb128 0xc
 435 013f 47010000 		.4byte	.LASF29
 436 0143 01       		.byte	0x1
 437 0144 83       		.byte	0x83
 438 0145 6B000000 		.4byte	0x6b
 439 0149 02       		.uleb128 0x2
 440 014a 91       		.byte	0x91
 441 014b 77       		.sleb128 -9
 442 014c 00       		.byte	0
 443 014d 0D       		.uleb128 0xd
 444 014e 53000000 		.4byte	.LASF23
 445 0152 01       		.byte	0x1
 446 0153 D5       		.byte	0xd5
 447 0154 00000000 		.4byte	.LFB2
 448 0158 30000000 		.4byte	.LFE2-.LFB2
 449 015c 01       		.uleb128 0x1
 450 015d 9C       		.byte	0x9c
 451 015e 0E       		.uleb128 0xe
 452 015f B1010000 		.4byte	.LASF24
 453 0163 01       		.byte	0x1
 454 0164 0C01     		.2byte	0x10c
 455 0166 00000000 		.4byte	.LFB3
 456 016a 1C000000 		.4byte	.LFE3-.LFB3
 457 016e 01       		.uleb128 0x1
 458 016f 9C       		.byte	0x9c
 459 0170 0F       		.uleb128 0xf
 460 0171 7C010000 		.4byte	.LASF30
 461 0175 01       		.byte	0x1
 462 0176 12       		.byte	0x12
 463 0177 0D010000 		.4byte	0x10d
 464 017b 05       		.uleb128 0x5
ARM GAS  C:\Users\LUKASC~1\AppData\Local\Temp\cczfPSDM.s 			page 14


 465 017c 03       		.byte	0x3
 466 017d 00000000 		.4byte	EzI2C_backup
 467 0181 00       		.byte	0
 468              		.section	.debug_abbrev,"",%progbits
 469              	.Ldebug_abbrev0:
 470 0000 01       		.uleb128 0x1
 471 0001 11       		.uleb128 0x11
 472 0002 01       		.byte	0x1
 473 0003 25       		.uleb128 0x25
 474 0004 0E       		.uleb128 0xe
 475 0005 13       		.uleb128 0x13
 476 0006 0B       		.uleb128 0xb
 477 0007 03       		.uleb128 0x3
 478 0008 0E       		.uleb128 0xe
 479 0009 1B       		.uleb128 0x1b
 480 000a 0E       		.uleb128 0xe
 481 000b 55       		.uleb128 0x55
 482 000c 17       		.uleb128 0x17
 483 000d 11       		.uleb128 0x11
 484 000e 01       		.uleb128 0x1
 485 000f 10       		.uleb128 0x10
 486 0010 17       		.uleb128 0x17
 487 0011 00       		.byte	0
 488 0012 00       		.byte	0
 489 0013 02       		.uleb128 0x2
 490 0014 24       		.uleb128 0x24
 491 0015 00       		.byte	0
 492 0016 0B       		.uleb128 0xb
 493 0017 0B       		.uleb128 0xb
 494 0018 3E       		.uleb128 0x3e
 495 0019 0B       		.uleb128 0xb
 496 001a 03       		.uleb128 0x3
 497 001b 0E       		.uleb128 0xe
 498 001c 00       		.byte	0
 499 001d 00       		.byte	0
 500 001e 03       		.uleb128 0x3
 501 001f 24       		.uleb128 0x24
 502 0020 00       		.byte	0
 503 0021 0B       		.uleb128 0xb
 504 0022 0B       		.uleb128 0xb
 505 0023 3E       		.uleb128 0x3e
 506 0024 0B       		.uleb128 0xb
 507 0025 03       		.uleb128 0x3
 508 0026 08       		.uleb128 0x8
 509 0027 00       		.byte	0
 510 0028 00       		.byte	0
 511 0029 04       		.uleb128 0x4
 512 002a 16       		.uleb128 0x16
 513 002b 00       		.byte	0
 514 002c 03       		.uleb128 0x3
 515 002d 0E       		.uleb128 0xe
 516 002e 3A       		.uleb128 0x3a
 517 002f 0B       		.uleb128 0xb
 518 0030 3B       		.uleb128 0x3b
 519 0031 05       		.uleb128 0x5
 520 0032 49       		.uleb128 0x49
 521 0033 13       		.uleb128 0x13
ARM GAS  C:\Users\LUKASC~1\AppData\Local\Temp\cczfPSDM.s 			page 15


 522 0034 00       		.byte	0
 523 0035 00       		.byte	0
 524 0036 05       		.uleb128 0x5
 525 0037 35       		.uleb128 0x35
 526 0038 00       		.byte	0
 527 0039 49       		.uleb128 0x49
 528 003a 13       		.uleb128 0x13
 529 003b 00       		.byte	0
 530 003c 00       		.byte	0
 531 003d 06       		.uleb128 0x6
 532 003e 13       		.uleb128 0x13
 533 003f 01       		.byte	0x1
 534 0040 0B       		.uleb128 0xb
 535 0041 0B       		.uleb128 0xb
 536 0042 3A       		.uleb128 0x3a
 537 0043 0B       		.uleb128 0xb
 538 0044 3B       		.uleb128 0x3b
 539 0045 0B       		.uleb128 0xb
 540 0046 01       		.uleb128 0x1
 541 0047 13       		.uleb128 0x13
 542 0048 00       		.byte	0
 543 0049 00       		.byte	0
 544 004a 07       		.uleb128 0x7
 545 004b 0D       		.uleb128 0xd
 546 004c 00       		.byte	0
 547 004d 03       		.uleb128 0x3
 548 004e 0E       		.uleb128 0xe
 549 004f 3A       		.uleb128 0x3a
 550 0050 0B       		.uleb128 0xb
 551 0051 3B       		.uleb128 0x3b
 552 0052 0B       		.uleb128 0xb
 553 0053 49       		.uleb128 0x49
 554 0054 13       		.uleb128 0x13
 555 0055 38       		.uleb128 0x38
 556 0056 0B       		.uleb128 0xb
 557 0057 00       		.byte	0
 558 0058 00       		.byte	0
 559 0059 08       		.uleb128 0x8
 560 005a 0D       		.uleb128 0xd
 561 005b 00       		.byte	0
 562 005c 03       		.uleb128 0x3
 563 005d 08       		.uleb128 0x8
 564 005e 3A       		.uleb128 0x3a
 565 005f 0B       		.uleb128 0xb
 566 0060 3B       		.uleb128 0x3b
 567 0061 0B       		.uleb128 0xb
 568 0062 49       		.uleb128 0x49
 569 0063 13       		.uleb128 0x13
 570 0064 38       		.uleb128 0x38
 571 0065 0B       		.uleb128 0xb
 572 0066 00       		.byte	0
 573 0067 00       		.byte	0
 574 0068 09       		.uleb128 0x9
 575 0069 16       		.uleb128 0x16
 576 006a 00       		.byte	0
 577 006b 03       		.uleb128 0x3
 578 006c 0E       		.uleb128 0xe
ARM GAS  C:\Users\LUKASC~1\AppData\Local\Temp\cczfPSDM.s 			page 16


 579 006d 3A       		.uleb128 0x3a
 580 006e 0B       		.uleb128 0xb
 581 006f 3B       		.uleb128 0x3b
 582 0070 0B       		.uleb128 0xb
 583 0071 49       		.uleb128 0x49
 584 0072 13       		.uleb128 0x13
 585 0073 00       		.byte	0
 586 0074 00       		.byte	0
 587 0075 0A       		.uleb128 0xa
 588 0076 2E       		.uleb128 0x2e
 589 0077 00       		.byte	0
 590 0078 3F       		.uleb128 0x3f
 591 0079 19       		.uleb128 0x19
 592 007a 03       		.uleb128 0x3
 593 007b 0E       		.uleb128 0xe
 594 007c 3A       		.uleb128 0x3a
 595 007d 0B       		.uleb128 0xb
 596 007e 3B       		.uleb128 0x3b
 597 007f 0B       		.uleb128 0xb
 598 0080 27       		.uleb128 0x27
 599 0081 19       		.uleb128 0x19
 600 0082 11       		.uleb128 0x11
 601 0083 01       		.uleb128 0x1
 602 0084 12       		.uleb128 0x12
 603 0085 06       		.uleb128 0x6
 604 0086 40       		.uleb128 0x40
 605 0087 18       		.uleb128 0x18
 606 0088 9742     		.uleb128 0x2117
 607 008a 19       		.uleb128 0x19
 608 008b 00       		.byte	0
 609 008c 00       		.byte	0
 610 008d 0B       		.uleb128 0xb
 611 008e 2E       		.uleb128 0x2e
 612 008f 01       		.byte	0x1
 613 0090 3F       		.uleb128 0x3f
 614 0091 19       		.uleb128 0x19
 615 0092 03       		.uleb128 0x3
 616 0093 0E       		.uleb128 0xe
 617 0094 3A       		.uleb128 0x3a
 618 0095 0B       		.uleb128 0xb
 619 0096 3B       		.uleb128 0x3b
 620 0097 0B       		.uleb128 0xb
 621 0098 27       		.uleb128 0x27
 622 0099 19       		.uleb128 0x19
 623 009a 11       		.uleb128 0x11
 624 009b 01       		.uleb128 0x1
 625 009c 12       		.uleb128 0x12
 626 009d 06       		.uleb128 0x6
 627 009e 40       		.uleb128 0x40
 628 009f 18       		.uleb128 0x18
 629 00a0 9642     		.uleb128 0x2116
 630 00a2 19       		.uleb128 0x19
 631 00a3 01       		.uleb128 0x1
 632 00a4 13       		.uleb128 0x13
 633 00a5 00       		.byte	0
 634 00a6 00       		.byte	0
 635 00a7 0C       		.uleb128 0xc
ARM GAS  C:\Users\LUKASC~1\AppData\Local\Temp\cczfPSDM.s 			page 17


 636 00a8 34       		.uleb128 0x34
 637 00a9 00       		.byte	0
 638 00aa 03       		.uleb128 0x3
 639 00ab 0E       		.uleb128 0xe
 640 00ac 3A       		.uleb128 0x3a
 641 00ad 0B       		.uleb128 0xb
 642 00ae 3B       		.uleb128 0x3b
 643 00af 0B       		.uleb128 0xb
 644 00b0 49       		.uleb128 0x49
 645 00b1 13       		.uleb128 0x13
 646 00b2 02       		.uleb128 0x2
 647 00b3 18       		.uleb128 0x18
 648 00b4 00       		.byte	0
 649 00b5 00       		.byte	0
 650 00b6 0D       		.uleb128 0xd
 651 00b7 2E       		.uleb128 0x2e
 652 00b8 00       		.byte	0
 653 00b9 3F       		.uleb128 0x3f
 654 00ba 19       		.uleb128 0x19
 655 00bb 03       		.uleb128 0x3
 656 00bc 0E       		.uleb128 0xe
 657 00bd 3A       		.uleb128 0x3a
 658 00be 0B       		.uleb128 0xb
 659 00bf 3B       		.uleb128 0x3b
 660 00c0 0B       		.uleb128 0xb
 661 00c1 27       		.uleb128 0x27
 662 00c2 19       		.uleb128 0x19
 663 00c3 11       		.uleb128 0x11
 664 00c4 01       		.uleb128 0x1
 665 00c5 12       		.uleb128 0x12
 666 00c6 06       		.uleb128 0x6
 667 00c7 40       		.uleb128 0x40
 668 00c8 18       		.uleb128 0x18
 669 00c9 9642     		.uleb128 0x2116
 670 00cb 19       		.uleb128 0x19
 671 00cc 00       		.byte	0
 672 00cd 00       		.byte	0
 673 00ce 0E       		.uleb128 0xe
 674 00cf 2E       		.uleb128 0x2e
 675 00d0 00       		.byte	0
 676 00d1 3F       		.uleb128 0x3f
 677 00d2 19       		.uleb128 0x19
 678 00d3 03       		.uleb128 0x3
 679 00d4 0E       		.uleb128 0xe
 680 00d5 3A       		.uleb128 0x3a
 681 00d6 0B       		.uleb128 0xb
 682 00d7 3B       		.uleb128 0x3b
 683 00d8 05       		.uleb128 0x5
 684 00d9 27       		.uleb128 0x27
 685 00da 19       		.uleb128 0x19
 686 00db 11       		.uleb128 0x11
 687 00dc 01       		.uleb128 0x1
 688 00dd 12       		.uleb128 0x12
 689 00de 06       		.uleb128 0x6
 690 00df 40       		.uleb128 0x40
 691 00e0 18       		.uleb128 0x18
 692 00e1 9642     		.uleb128 0x2116
ARM GAS  C:\Users\LUKASC~1\AppData\Local\Temp\cczfPSDM.s 			page 18


 693 00e3 19       		.uleb128 0x19
 694 00e4 00       		.byte	0
 695 00e5 00       		.byte	0
 696 00e6 0F       		.uleb128 0xf
 697 00e7 34       		.uleb128 0x34
 698 00e8 00       		.byte	0
 699 00e9 03       		.uleb128 0x3
 700 00ea 0E       		.uleb128 0xe
 701 00eb 3A       		.uleb128 0x3a
 702 00ec 0B       		.uleb128 0xb
 703 00ed 3B       		.uleb128 0x3b
 704 00ee 0B       		.uleb128 0xb
 705 00ef 49       		.uleb128 0x49
 706 00f0 13       		.uleb128 0x13
 707 00f1 3F       		.uleb128 0x3f
 708 00f2 19       		.uleb128 0x19
 709 00f3 02       		.uleb128 0x2
 710 00f4 18       		.uleb128 0x18
 711 00f5 00       		.byte	0
 712 00f6 00       		.byte	0
 713 00f7 00       		.byte	0
 714              		.section	.debug_aranges,"",%progbits
 715 0000 34000000 		.4byte	0x34
 716 0004 0200     		.2byte	0x2
 717 0006 00000000 		.4byte	.Ldebug_info0
 718 000a 04       		.byte	0x4
 719 000b 00       		.byte	0
 720 000c 0000     		.2byte	0
 721 000e 0000     		.2byte	0
 722 0010 00000000 		.4byte	.LFB0
 723 0014 58000000 		.4byte	.LFE0-.LFB0
 724 0018 00000000 		.4byte	.LFB1
 725 001c 84000000 		.4byte	.LFE1-.LFB1
 726 0020 00000000 		.4byte	.LFB2
 727 0024 30000000 		.4byte	.LFE2-.LFB2
 728 0028 00000000 		.4byte	.LFB3
 729 002c 1C000000 		.4byte	.LFE3-.LFB3
 730 0030 00000000 		.4byte	0
 731 0034 00000000 		.4byte	0
 732              		.section	.debug_ranges,"",%progbits
 733              	.Ldebug_ranges0:
 734 0000 00000000 		.4byte	.LFB0
 735 0004 58000000 		.4byte	.LFE0
 736 0008 00000000 		.4byte	.LFB1
 737 000c 84000000 		.4byte	.LFE1
 738 0010 00000000 		.4byte	.LFB2
 739 0014 30000000 		.4byte	.LFE2
 740 0018 00000000 		.4byte	.LFB3
 741 001c 1C000000 		.4byte	.LFE3
 742 0020 00000000 		.4byte	0
 743 0024 00000000 		.4byte	0
 744              		.section	.debug_line,"",%progbits
 745              	.Ldebug_line0:
 746 0000 B5000000 		.section	.debug_str,"MS",%progbits,1
 746      02005200 
 746      00000201 
 746      FB0E0D00 
ARM GAS  C:\Users\LUKASC~1\AppData\Local\Temp\cczfPSDM.s 			page 19


 746      01010101 
 747              	.LASF26:
 748 0000 2E5C4765 		.ascii	".\\Generated_Source\\PSoC5\\EzI2C_PM.c\000"
 748      6E657261 
 748      7465645F 
 748      536F7572 
 748      63655C50 
 749              	.LASF20:
 750 0024 636C6B44 		.ascii	"clkDiv2\000"
 750      69763200 
 751              	.LASF21:
 752 002c 457A4932 		.ascii	"EzI2C_BACKUP_STRUCT\000"
 752      435F4241 
 752      434B5550 
 752      5F535452 
 752      55435400 
 753              	.LASF3:
 754 0040 73686F72 		.ascii	"short unsigned int\000"
 754      7420756E 
 754      7369676E 
 754      65642069 
 754      6E7400
 755              	.LASF23:
 756 0053 457A4932 		.ascii	"EzI2C_Sleep\000"
 756      435F536C 
 756      65657000 
 757              	.LASF12:
 758 005f 666C6F61 		.ascii	"float\000"
 758      7400
 759              	.LASF28:
 760 0065 457A4932 		.ascii	"EzI2C_RestoreConfig\000"
 760      435F5265 
 760      73746F72 
 760      65436F6E 
 760      66696700 
 761              	.LASF1:
 762 0079 756E7369 		.ascii	"unsigned char\000"
 762      676E6564 
 762      20636861 
 762      7200
 763              	.LASF15:
 764 0087 72656738 		.ascii	"reg8\000"
 764      00
 765              	.LASF5:
 766 008c 6C6F6E67 		.ascii	"long unsigned int\000"
 766      20756E73 
 766      69676E65 
 766      6420696E 
 766      7400
 767              	.LASF9:
 768 009e 75696E74 		.ascii	"uint8\000"
 768      3800
 769              	.LASF25:
 770 00a4 474E5520 		.ascii	"GNU C 4.9.3 20150303 (release) [ARM/embedded-4_9-br"
 770      4320342E 
 770      392E3320 
 770      32303135 
ARM GAS  C:\Users\LUKASC~1\AppData\Local\Temp\cczfPSDM.s 			page 20


 770      30333033 
 771 00d7 616E6368 		.ascii	"anch revision 221220] -mcpu=cortex-m3 -mthumb -g -O"
 771      20726576 
 771      6973696F 
 771      6E203232 
 771      31323230 
 772 010a 30202D66 		.ascii	"0 -ffunction-sections -ffat-lto-objects\000"
 772      66756E63 
 772      74696F6E 
 772      2D736563 
 772      74696F6E 
 773              	.LASF13:
 774 0132 646F7562 		.ascii	"double\000"
 774      6C6500
 775              	.LASF10:
 776 0139 75696E74 		.ascii	"uint16\000"
 776      313600
 777              	.LASF11:
 778 0140 75696E74 		.ascii	"uint32\000"
 778      333200
 779              	.LASF29:
 780 0147 696E7453 		.ascii	"intState\000"
 780      74617465 
 780      00
 781              	.LASF8:
 782 0150 756E7369 		.ascii	"unsigned int\000"
 782      676E6564 
 782      20696E74 
 782      00
 783              	.LASF7:
 784 015d 6C6F6E67 		.ascii	"long long unsigned int\000"
 784      206C6F6E 
 784      6720756E 
 784      7369676E 
 784      65642069 
 785              	.LASF19:
 786 0174 636C6B44 		.ascii	"clkDiv1\000"
 786      69763100 
 787              	.LASF30:
 788 017c 457A4932 		.ascii	"EzI2C_backup\000"
 788      435F6261 
 788      636B7570 
 788      00
 789              	.LASF22:
 790 0189 457A4932 		.ascii	"EzI2C_SaveConfig\000"
 790      435F5361 
 790      7665436F 
 790      6E666967 
 790      00
 791              	.LASF16:
 792 019a 73697A65 		.ascii	"sizetype\000"
 792      74797065 
 792      00
 793              	.LASF6:
 794 01a3 6C6F6E67 		.ascii	"long long int\000"
 794      206C6F6E 
 794      6720696E 
ARM GAS  C:\Users\LUKASC~1\AppData\Local\Temp\cczfPSDM.s 			page 21


 794      7400
 795              	.LASF24:
 796 01b1 457A4932 		.ascii	"EzI2C_Wakeup\000"
 796      435F5761 
 796      6B657570 
 796      00
 797              	.LASF14:
 798 01be 63686172 		.ascii	"char\000"
 798      00
 799              	.LASF18:
 800 01c3 78636667 		.ascii	"xcfg\000"
 800      00
 801              	.LASF2:
 802 01c8 73686F72 		.ascii	"short int\000"
 802      7420696E 
 802      7400
 803              	.LASF4:
 804 01d2 6C6F6E67 		.ascii	"long int\000"
 804      20696E74 
 804      00
 805              	.LASF17:
 806 01db 656E6162 		.ascii	"enableState\000"
 806      6C655374 
 806      61746500 
 807              	.LASF0:
 808 01e7 7369676E 		.ascii	"signed char\000"
 808      65642063 
 808      68617200 
 809              	.LASF27:
 810 01f3 433A5C55 		.ascii	"C:\\Users\\Lukas Creutzburg\\Documents\\GitHub\\fre"
 810      73657273 
 810      5C4C756B 
 810      61732043 
 810      72657574 
 811 0221 65445350 		.ascii	"eDSPPSoC-I2C\\PSoC5_SPI_Master_CapSense.cydsn\000"
 811      50536F43 
 811      2D493243 
 811      5C50536F 
 811      43355F53 
 812              		.ident	"GCC: (GNU Tools for ARM Embedded Processors) 4.9.3 20150303 (release) [ARM/embedded-4_9-br
