ARM GAS  C:\Users\LUKASC~1\AppData\Local\Temp\ccd0WYp6.s 			page 1


   1              		.syntax unified
   2              		.cpu cortex-m3
   3              		.fpu softvfp
   4              		.eabi_attribute 20, 1
   5              		.eabi_attribute 21, 1
   6              		.eabi_attribute 23, 3
   7              		.eabi_attribute 24, 1
   8              		.eabi_attribute 25, 1
   9              		.eabi_attribute 26, 1
  10              		.eabi_attribute 30, 6
  11              		.eabi_attribute 34, 1
  12              		.eabi_attribute 18, 4
  13              		.thumb
  14              		.file	"main.c"
  15              		.text
  16              	.Ltext0:
  17              		.cfi_sections	.debug_frame
  18              		.global _printf_float
  19              		.global _printf_float
  20              		.thumb
  21              		.comm	wrBuffer,64,4
  22              		.comm	temp,1,1
  23              		.section	.text.main,"ax",%progbits
  24              		.align	2
  25              		.global	main
  26              		.thumb
  27              		.thumb_func
  28              		.type	main, %function
  29              	main:
  30              	.LFB63:
  31              		.file 1 ".\\main.c"
   1:.\main.c      **** /*******************************************************************************
   2:.\main.c      **** * File Name: main.c
   3:.\main.c      **** *
   4:.\main.c      **** * Version: 1.0
   5:.\main.c      **** * Author: Lukas Creutzburg
   6:.\main.c      **** *
   7:.\main.c      **** * Description:
   8:.\main.c      **** *  Interaction with DSP
   9:.\main.c      **** *
  10:.\main.c      **** * Copyright:
  11:.\main.c      **** * Released under Creative Commons Attribution Share-Alike 4.0 license.This 
  12:.\main.c      **** * allows for both personal and commercial derivative works, as long as they 
  13:.\main.c      **** * credit freeDSP and release their designs under the same license. The freeDSP 
  14:.\main.c      **** * brand and freeDSP logo are protected by copyright and cannot be used without 
  15:.\main.c      **** * formal permission. Please contact Sebastian Merchel for further information.
  16:.\main.c      **** * https://creativecommons.org/licenses/by-sa/4.0/legalcode
  17:.\main.c      **** *
  18:.\main.c      **** *******************************************************************************/
  19:.\main.c      **** 
  20:.\main.c      **** #include "main.h"
  21:.\main.c      **** 
  22:.\main.c      **** //int main()
  23:.\main.c      **** //{
  24:.\main.c      **** //    //Tuning
  25:.\main.c      **** //    CYGlobalIntEnable;
  26:.\main.c      **** //    CapSense_1_TunerStart();
ARM GAS  C:\Users\LUKASC~1\AppData\Local\Temp\ccd0WYp6.s 			page 2


  27:.\main.c      **** //    /*All widgets are enabled by default except proximity widgets. Proximity
  28:.\main.c      **** //    widgets must be manually enabled as their long scan time is incompatible
  29:.\main.c      **** //    with the fast response required of other widget types.
  30:.\main.c      **** //    */
  31:.\main.c      **** //    while(1)
  32:.\main.c      **** //    {
  33:.\main.c      **** //    CapSense_1_TunerComm();
  34:.\main.c      **** //    }
  35:.\main.c      **** //}
  36:.\main.c      **** 
  37:.\main.c      **** /*******************************************************************************
  38:.\main.c      **** * Function Name: main
  39:.\main.c      **** ********************************************************************************
  40:.\main.c      **** *
  41:.\main.c      **** * Summary:
  42:.\main.c      **** *  main() sends things via SPI and UART simmultaniously
  43:.\main.c      **** *
  44:.\main.c      **** * Parameters:
  45:.\main.c      **** *  None.
  46:.\main.c      **** *
  47:.\main.c      **** * Return:
  48:.\main.c      **** *  None.
  49:.\main.c      **** *
  50:.\main.c      **** *******************************************************************************/
  51:.\main.c      **** int main()
  52:.\main.c      **** {
  32              		.loc 1 52 0
  33              		.cfi_startproc
  34              		@ args = 0, pretend = 0, frame = 16
  35              		@ frame_needed = 1, uses_anonymous_args = 0
  36 0000 80B5     		push	{r7, lr}
  37              		.cfi_def_cfa_offset 8
  38              		.cfi_offset 7, -8
  39              		.cfi_offset 14, -4
  40 0002 84B0     		sub	sp, sp, #16
  41              		.cfi_def_cfa_offset 24
  42 0004 00AF     		add	r7, sp, #0
  43              		.cfi_def_cfa_register 7
  53:.\main.c      **** 
  54:.\main.c      ****     /* Enable Global interrupts */
  55:.\main.c      ****     CyGlobalIntEnable;
  44              		.loc 1 55 0
  45              	@ 55 ".\main.c" 1
  46 0006 62B6     		CPSIE   i
  47              	@ 0 "" 2
  56:.\main.c      ****     /*Activating UART */
  57:.\main.c      ****     //UARTinit();
  58:.\main.c      ****     CapSenseInit();
  48              		.loc 1 58 0
  49              		.thumb
  50 0008 FFF7FEFF 		bl	CapSenseInit
  59:.\main.c      ****     SPIinit();
  51              		.loc 1 59 0
  52 000c FFF7FEFF 		bl	SPIinit
  60:.\main.c      ****     /***** Initialization completed *****/
  61:.\main.c      ****     
  62:.\main.c      ****     uint32 pos = 130;
ARM GAS  C:\Users\LUKASC~1\AppData\Local\Temp\ccd0WYp6.s 			page 3


  53              		.loc 1 62 0
  54 0010 8223     		movs	r3, #130
  55 0012 BB60     		str	r3, [r7, #8]
  63:.\main.c      ****     uint32 pos_old = 130;
  56              		.loc 1 63 0
  57 0014 8223     		movs	r3, #130
  58 0016 FB60     		str	r3, [r7, #12]
  64:.\main.c      ****     int32 div=0;
  59              		.loc 1 64 0
  60 0018 0023     		movs	r3, #0
  61 001a 7B60     		str	r3, [r7, #4]
  65:.\main.c      ****     
  66:.\main.c      ****     CyDelay(1000);
  62              		.loc 1 66 0
  63 001c 4FF47A70 		mov	r0, #1000
  64 0020 FFF7FEFF 		bl	CyDelay
  65              	.L6:
  67:.\main.c      ****     
  68:.\main.c      ****     
  69:.\main.c      ****     for(;;)
  70:.\main.c      ****     {
  71:.\main.c      **** 
  72:.\main.c      ****         LED_Write(!LED_Read());
  66              		.loc 1 72 0
  67 0024 FFF7FEFF 		bl	LED_Read
  68 0028 0346     		mov	r3, r0
  69 002a 002B     		cmp	r3, #0
  70 002c 0CBF     		ite	eq
  71 002e 0123     		moveq	r3, #1
  72 0030 0023     		movne	r3, #0
  73 0032 DBB2     		uxtb	r3, r3
  74 0034 1846     		mov	r0, r3
  75 0036 FFF7FEFF 		bl	LED_Write
  73:.\main.c      ****         /* Next command to be written */
  74:.\main.c      ****         pos = CapSense_Refresh();
  76              		.loc 1 74 0
  77 003a FFF7FEFF 		bl	CapSense_Refresh
  78 003e 0346     		mov	r3, r0
  79 0040 BB60     		str	r3, [r7, #8]
  75:.\main.c      ****         if((pos!=0xFFFFFFFF) && (pos!=0x0) && (pos!=0x1) && (pos!=0x2)){
  80              		.loc 1 75 0
  81 0042 BB68     		ldr	r3, [r7, #8]
  82 0044 B3F1FF3F 		cmp	r3, #-1
  83 0048 22D0     		beq	.L2
  84              		.loc 1 75 0 is_stmt 0 discriminator 1
  85 004a BB68     		ldr	r3, [r7, #8]
  86 004c 002B     		cmp	r3, #0
  87 004e 1FD0     		beq	.L2
  88              		.loc 1 75 0 discriminator 2
  89 0050 BB68     		ldr	r3, [r7, #8]
  90 0052 012B     		cmp	r3, #1
  91 0054 1CD0     		beq	.L2
  92              		.loc 1 75 0 discriminator 3
  93 0056 BB68     		ldr	r3, [r7, #8]
  94 0058 022B     		cmp	r3, #2
  95 005a 19D0     		beq	.L2
  76:.\main.c      ****             div=pos-pos_old;
ARM GAS  C:\Users\LUKASC~1\AppData\Local\Temp\ccd0WYp6.s 			page 4


  96              		.loc 1 76 0 is_stmt 1
  97 005c BA68     		ldr	r2, [r7, #8]
  98 005e FB68     		ldr	r3, [r7, #12]
  99 0060 D31A     		subs	r3, r2, r3
 100 0062 7B60     		str	r3, [r7, #4]
  77:.\main.c      ****             if(div>50) pos_old+=50;
 101              		.loc 1 77 0
 102 0064 7B68     		ldr	r3, [r7, #4]
 103 0066 322B     		cmp	r3, #50
 104 0068 03DD     		ble	.L3
 105              		.loc 1 77 0 is_stmt 0 discriminator 1
 106 006a FB68     		ldr	r3, [r7, #12]
 107 006c 3233     		adds	r3, r3, #50
 108 006e FB60     		str	r3, [r7, #12]
 109 0070 09E0     		b	.L4
 110              	.L3:
  78:.\main.c      ****             else
  79:.\main.c      ****             {
  80:.\main.c      ****                 if(div<-50) pos_old-=50;
 111              		.loc 1 80 0 is_stmt 1
 112 0072 7B68     		ldr	r3, [r7, #4]
 113 0074 13F1320F 		cmn	r3, #50
 114 0078 03DA     		bge	.L5
 115              		.loc 1 80 0 is_stmt 0 discriminator 1
 116 007a FB68     		ldr	r3, [r7, #12]
 117 007c 323B     		subs	r3, r3, #50
 118 007e FB60     		str	r3, [r7, #12]
 119 0080 01E0     		b	.L4
 120              	.L5:
  81:.\main.c      ****                 else pos_old=pos;
 121              		.loc 1 81 0 is_stmt 1
 122 0082 BB68     		ldr	r3, [r7, #8]
 123 0084 FB60     		str	r3, [r7, #12]
 124              	.L4:
  82:.\main.c      ****             }
  83:.\main.c      ****             //UARTsendNumber((uint8)pos);
  84:.\main.c      ****             SPIsendNumber((uint8)pos_old);
 125              		.loc 1 84 0
 126 0086 FB68     		ldr	r3, [r7, #12]
 127 0088 DBB2     		uxtb	r3, r3
 128 008a 1846     		mov	r0, r3
 129 008c FFF7FEFF 		bl	SPIsendNumber
 130              	.L2:
  85:.\main.c      ****         }
  86:.\main.c      **** 
  87:.\main.c      **** 
  88:.\main.c      ****     }  /* End of forever loop */
 131              		.loc 1 88 0
 132 0090 C8E7     		b	.L6
 133              		.cfi_endproc
 134              	.LFE63:
 135              		.size	main, .-main
 136 0092 00BF     		.text
 137              	.Letext0:
 138              		.file 2 "c:\\program files (x86)\\cypress\\psoc creator\\3.3\\psoc creator\\import\\gnu\\arm\\4.9.
 139              		.file 3 "c:\\program files (x86)\\cypress\\psoc creator\\3.3\\psoc creator\\import\\gnu\\arm\\4.9.
 140              		.file 4 "Generated_Source\\PSoC5/cytypes.h"
ARM GAS  C:\Users\LUKASC~1\AppData\Local\Temp\ccd0WYp6.s 			page 5


 141              		.file 5 "Generated_Source\\PSoC5/core_cm3.h"
 142              		.file 6 ".\\spimaster.h"
 143              		.section	.debug_info,"",%progbits
 144              	.Ldebug_info0:
 145 0000 45010000 		.4byte	0x145
 146 0004 0400     		.2byte	0x4
 147 0006 00000000 		.4byte	.Ldebug_abbrev0
 148 000a 04       		.byte	0x4
 149 000b 01       		.uleb128 0x1
 150 000c 1F010000 		.4byte	.LASF22
 151 0010 01       		.byte	0x1
 152 0011 B5000000 		.4byte	.LASF23
 153 0015 42000000 		.4byte	.LASF24
 154 0019 00000000 		.4byte	.Ldebug_ranges0+0
 155 001d 00000000 		.4byte	0
 156 0021 00000000 		.4byte	.Ldebug_line0
 157 0025 02       		.uleb128 0x2
 158 0026 01       		.byte	0x1
 159 0027 06       		.byte	0x6
 160 0028 E8000000 		.4byte	.LASF0
 161 002c 02       		.uleb128 0x2
 162 002d 01       		.byte	0x1
 163 002e 08       		.byte	0x8
 164 002f F4000000 		.4byte	.LASF1
 165 0033 02       		.uleb128 0x2
 166 0034 02       		.byte	0x2
 167 0035 05       		.byte	0x5
 168 0036 BD010000 		.4byte	.LASF2
 169 003a 02       		.uleb128 0x2
 170 003b 02       		.byte	0x2
 171 003c 07       		.byte	0x7
 172 003d D5000000 		.4byte	.LASF3
 173 0041 03       		.uleb128 0x3
 174 0042 AD010000 		.4byte	.LASF9
 175 0046 02       		.byte	0x2
 176 0047 3F       		.byte	0x3f
 177 0048 4C000000 		.4byte	0x4c
 178 004c 02       		.uleb128 0x2
 179 004d 04       		.byte	0x4
 180 004e 05       		.byte	0x5
 181 004f 07010000 		.4byte	.LASF4
 182 0053 02       		.uleb128 0x2
 183 0054 04       		.byte	0x4
 184 0055 07       		.byte	0x7
 185 0056 A3000000 		.4byte	.LASF5
 186 005a 02       		.uleb128 0x2
 187 005b 08       		.byte	0x8
 188 005c 05       		.byte	0x5
 189 005d 00000000 		.4byte	.LASF6
 190 0061 02       		.uleb128 0x2
 191 0062 08       		.byte	0x8
 192 0063 07       		.byte	0x7
 193 0064 BE000000 		.4byte	.LASF7
 194 0068 04       		.uleb128 0x4
 195 0069 04       		.byte	0x4
 196 006a 05       		.byte	0x5
 197 006b 696E7400 		.ascii	"int\000"
ARM GAS  C:\Users\LUKASC~1\AppData\Local\Temp\ccd0WYp6.s 			page 6


 198 006f 02       		.uleb128 0x2
 199 0070 04       		.byte	0x4
 200 0071 07       		.byte	0x7
 201 0072 22000000 		.4byte	.LASF8
 202 0076 03       		.uleb128 0x3
 203 0077 C7010000 		.4byte	.LASF10
 204 007b 03       		.byte	0x3
 205 007c 2C       		.byte	0x2c
 206 007d 41000000 		.4byte	0x41
 207 0081 05       		.uleb128 0x5
 208 0082 9D000000 		.4byte	.LASF11
 209 0086 04       		.byte	0x4
 210 0087 9201     		.2byte	0x192
 211 0089 2C000000 		.4byte	0x2c
 212 008d 05       		.uleb128 0x5
 213 008e 0E000000 		.4byte	.LASF12
 214 0092 04       		.byte	0x4
 215 0093 9401     		.2byte	0x194
 216 0095 53000000 		.4byte	0x53
 217 0099 05       		.uleb128 0x5
 218 009a D8010000 		.4byte	.LASF13
 219 009e 04       		.byte	0x4
 220 009f 9701     		.2byte	0x197
 221 00a1 4C000000 		.4byte	0x4c
 222 00a5 02       		.uleb128 0x2
 223 00a6 04       		.byte	0x4
 224 00a7 04       		.byte	0x4
 225 00a8 B7010000 		.4byte	.LASF14
 226 00ac 02       		.uleb128 0x2
 227 00ad 08       		.byte	0x8
 228 00ae 04       		.byte	0x4
 229 00af 10010000 		.4byte	.LASF15
 230 00b3 02       		.uleb128 0x2
 231 00b4 01       		.byte	0x1
 232 00b5 08       		.byte	0x8
 233 00b6 02010000 		.4byte	.LASF16
 234 00ba 02       		.uleb128 0x2
 235 00bb 04       		.byte	0x4
 236 00bc 07       		.byte	0x7
 237 00bd CF010000 		.4byte	.LASF17
 238 00c1 06       		.uleb128 0x6
 239 00c2 34000000 		.4byte	.LASF25
 240 00c6 01       		.byte	0x1
 241 00c7 33       		.byte	0x33
 242 00c8 68000000 		.4byte	0x68
 243 00cc 00000000 		.4byte	.LFB63
 244 00d0 92000000 		.4byte	.LFE63-.LFB63
 245 00d4 01       		.uleb128 0x1
 246 00d5 9C       		.byte	0x9c
 247 00d6 05010000 		.4byte	0x105
 248 00da 07       		.uleb128 0x7
 249 00db 706F7300 		.ascii	"pos\000"
 250 00df 01       		.byte	0x1
 251 00e0 3E       		.byte	0x3e
 252 00e1 8D000000 		.4byte	0x8d
 253 00e5 02       		.uleb128 0x2
 254 00e6 91       		.byte	0x91
ARM GAS  C:\Users\LUKASC~1\AppData\Local\Temp\ccd0WYp6.s 			page 7


 255 00e7 70       		.sleb128 -16
 256 00e8 08       		.uleb128 0x8
 257 00e9 17010000 		.4byte	.LASF18
 258 00ed 01       		.byte	0x1
 259 00ee 3F       		.byte	0x3f
 260 00ef 8D000000 		.4byte	0x8d
 261 00f3 02       		.uleb128 0x2
 262 00f4 91       		.byte	0x91
 263 00f5 74       		.sleb128 -12
 264 00f6 07       		.uleb128 0x7
 265 00f7 64697600 		.ascii	"div\000"
 266 00fb 01       		.byte	0x1
 267 00fc 40       		.byte	0x40
 268 00fd 99000000 		.4byte	0x99
 269 0101 02       		.uleb128 0x2
 270 0102 91       		.byte	0x91
 271 0103 6C       		.sleb128 -20
 272 0104 00       		.byte	0
 273 0105 09       		.uleb128 0x9
 274 0106 15000000 		.4byte	.LASF19
 275 010a 05       		.byte	0x5
 276 010b 9606     		.2byte	0x696
 277 010d 11010000 		.4byte	0x111
 278 0111 0A       		.uleb128 0xa
 279 0112 76000000 		.4byte	0x76
 280 0116 0B       		.uleb128 0xb
 281 0117 81000000 		.4byte	0x81
 282 011b 26010000 		.4byte	0x126
 283 011f 0C       		.uleb128 0xc
 284 0120 BA000000 		.4byte	0xba
 285 0124 3F       		.byte	0x3f
 286 0125 00       		.byte	0
 287 0126 0D       		.uleb128 0xd
 288 0127 39000000 		.4byte	.LASF20
 289 012b 06       		.byte	0x6
 290 012c 2C       		.byte	0x2c
 291 012d 16010000 		.4byte	0x116
 292 0131 05       		.uleb128 0x5
 293 0132 03       		.byte	0x3
 294 0133 00000000 		.4byte	wrBuffer
 295 0137 0D       		.uleb128 0xd
 296 0138 2F000000 		.4byte	.LASF21
 297 013c 06       		.byte	0x6
 298 013d 2D       		.byte	0x2d
 299 013e 81000000 		.4byte	0x81
 300 0142 05       		.uleb128 0x5
 301 0143 03       		.byte	0x3
 302 0144 00000000 		.4byte	temp
 303 0148 00       		.byte	0
 304              		.section	.debug_abbrev,"",%progbits
 305              	.Ldebug_abbrev0:
 306 0000 01       		.uleb128 0x1
 307 0001 11       		.uleb128 0x11
 308 0002 01       		.byte	0x1
 309 0003 25       		.uleb128 0x25
 310 0004 0E       		.uleb128 0xe
 311 0005 13       		.uleb128 0x13
ARM GAS  C:\Users\LUKASC~1\AppData\Local\Temp\ccd0WYp6.s 			page 8


 312 0006 0B       		.uleb128 0xb
 313 0007 03       		.uleb128 0x3
 314 0008 0E       		.uleb128 0xe
 315 0009 1B       		.uleb128 0x1b
 316 000a 0E       		.uleb128 0xe
 317 000b 55       		.uleb128 0x55
 318 000c 17       		.uleb128 0x17
 319 000d 11       		.uleb128 0x11
 320 000e 01       		.uleb128 0x1
 321 000f 10       		.uleb128 0x10
 322 0010 17       		.uleb128 0x17
 323 0011 00       		.byte	0
 324 0012 00       		.byte	0
 325 0013 02       		.uleb128 0x2
 326 0014 24       		.uleb128 0x24
 327 0015 00       		.byte	0
 328 0016 0B       		.uleb128 0xb
 329 0017 0B       		.uleb128 0xb
 330 0018 3E       		.uleb128 0x3e
 331 0019 0B       		.uleb128 0xb
 332 001a 03       		.uleb128 0x3
 333 001b 0E       		.uleb128 0xe
 334 001c 00       		.byte	0
 335 001d 00       		.byte	0
 336 001e 03       		.uleb128 0x3
 337 001f 16       		.uleb128 0x16
 338 0020 00       		.byte	0
 339 0021 03       		.uleb128 0x3
 340 0022 0E       		.uleb128 0xe
 341 0023 3A       		.uleb128 0x3a
 342 0024 0B       		.uleb128 0xb
 343 0025 3B       		.uleb128 0x3b
 344 0026 0B       		.uleb128 0xb
 345 0027 49       		.uleb128 0x49
 346 0028 13       		.uleb128 0x13
 347 0029 00       		.byte	0
 348 002a 00       		.byte	0
 349 002b 04       		.uleb128 0x4
 350 002c 24       		.uleb128 0x24
 351 002d 00       		.byte	0
 352 002e 0B       		.uleb128 0xb
 353 002f 0B       		.uleb128 0xb
 354 0030 3E       		.uleb128 0x3e
 355 0031 0B       		.uleb128 0xb
 356 0032 03       		.uleb128 0x3
 357 0033 08       		.uleb128 0x8
 358 0034 00       		.byte	0
 359 0035 00       		.byte	0
 360 0036 05       		.uleb128 0x5
 361 0037 16       		.uleb128 0x16
 362 0038 00       		.byte	0
 363 0039 03       		.uleb128 0x3
 364 003a 0E       		.uleb128 0xe
 365 003b 3A       		.uleb128 0x3a
 366 003c 0B       		.uleb128 0xb
 367 003d 3B       		.uleb128 0x3b
 368 003e 05       		.uleb128 0x5
ARM GAS  C:\Users\LUKASC~1\AppData\Local\Temp\ccd0WYp6.s 			page 9


 369 003f 49       		.uleb128 0x49
 370 0040 13       		.uleb128 0x13
 371 0041 00       		.byte	0
 372 0042 00       		.byte	0
 373 0043 06       		.uleb128 0x6
 374 0044 2E       		.uleb128 0x2e
 375 0045 01       		.byte	0x1
 376 0046 3F       		.uleb128 0x3f
 377 0047 19       		.uleb128 0x19
 378 0048 03       		.uleb128 0x3
 379 0049 0E       		.uleb128 0xe
 380 004a 3A       		.uleb128 0x3a
 381 004b 0B       		.uleb128 0xb
 382 004c 3B       		.uleb128 0x3b
 383 004d 0B       		.uleb128 0xb
 384 004e 49       		.uleb128 0x49
 385 004f 13       		.uleb128 0x13
 386 0050 11       		.uleb128 0x11
 387 0051 01       		.uleb128 0x1
 388 0052 12       		.uleb128 0x12
 389 0053 06       		.uleb128 0x6
 390 0054 40       		.uleb128 0x40
 391 0055 18       		.uleb128 0x18
 392 0056 9642     		.uleb128 0x2116
 393 0058 19       		.uleb128 0x19
 394 0059 01       		.uleb128 0x1
 395 005a 13       		.uleb128 0x13
 396 005b 00       		.byte	0
 397 005c 00       		.byte	0
 398 005d 07       		.uleb128 0x7
 399 005e 34       		.uleb128 0x34
 400 005f 00       		.byte	0
 401 0060 03       		.uleb128 0x3
 402 0061 08       		.uleb128 0x8
 403 0062 3A       		.uleb128 0x3a
 404 0063 0B       		.uleb128 0xb
 405 0064 3B       		.uleb128 0x3b
 406 0065 0B       		.uleb128 0xb
 407 0066 49       		.uleb128 0x49
 408 0067 13       		.uleb128 0x13
 409 0068 02       		.uleb128 0x2
 410 0069 18       		.uleb128 0x18
 411 006a 00       		.byte	0
 412 006b 00       		.byte	0
 413 006c 08       		.uleb128 0x8
 414 006d 34       		.uleb128 0x34
 415 006e 00       		.byte	0
 416 006f 03       		.uleb128 0x3
 417 0070 0E       		.uleb128 0xe
 418 0071 3A       		.uleb128 0x3a
 419 0072 0B       		.uleb128 0xb
 420 0073 3B       		.uleb128 0x3b
 421 0074 0B       		.uleb128 0xb
 422 0075 49       		.uleb128 0x49
 423 0076 13       		.uleb128 0x13
 424 0077 02       		.uleb128 0x2
 425 0078 18       		.uleb128 0x18
ARM GAS  C:\Users\LUKASC~1\AppData\Local\Temp\ccd0WYp6.s 			page 10


 426 0079 00       		.byte	0
 427 007a 00       		.byte	0
 428 007b 09       		.uleb128 0x9
 429 007c 34       		.uleb128 0x34
 430 007d 00       		.byte	0
 431 007e 03       		.uleb128 0x3
 432 007f 0E       		.uleb128 0xe
 433 0080 3A       		.uleb128 0x3a
 434 0081 0B       		.uleb128 0xb
 435 0082 3B       		.uleb128 0x3b
 436 0083 05       		.uleb128 0x5
 437 0084 49       		.uleb128 0x49
 438 0085 13       		.uleb128 0x13
 439 0086 3F       		.uleb128 0x3f
 440 0087 19       		.uleb128 0x19
 441 0088 3C       		.uleb128 0x3c
 442 0089 19       		.uleb128 0x19
 443 008a 00       		.byte	0
 444 008b 00       		.byte	0
 445 008c 0A       		.uleb128 0xa
 446 008d 35       		.uleb128 0x35
 447 008e 00       		.byte	0
 448 008f 49       		.uleb128 0x49
 449 0090 13       		.uleb128 0x13
 450 0091 00       		.byte	0
 451 0092 00       		.byte	0
 452 0093 0B       		.uleb128 0xb
 453 0094 01       		.uleb128 0x1
 454 0095 01       		.byte	0x1
 455 0096 49       		.uleb128 0x49
 456 0097 13       		.uleb128 0x13
 457 0098 01       		.uleb128 0x1
 458 0099 13       		.uleb128 0x13
 459 009a 00       		.byte	0
 460 009b 00       		.byte	0
 461 009c 0C       		.uleb128 0xc
 462 009d 21       		.uleb128 0x21
 463 009e 00       		.byte	0
 464 009f 49       		.uleb128 0x49
 465 00a0 13       		.uleb128 0x13
 466 00a1 2F       		.uleb128 0x2f
 467 00a2 0B       		.uleb128 0xb
 468 00a3 00       		.byte	0
 469 00a4 00       		.byte	0
 470 00a5 0D       		.uleb128 0xd
 471 00a6 34       		.uleb128 0x34
 472 00a7 00       		.byte	0
 473 00a8 03       		.uleb128 0x3
 474 00a9 0E       		.uleb128 0xe
 475 00aa 3A       		.uleb128 0x3a
 476 00ab 0B       		.uleb128 0xb
 477 00ac 3B       		.uleb128 0x3b
 478 00ad 0B       		.uleb128 0xb
 479 00ae 49       		.uleb128 0x49
 480 00af 13       		.uleb128 0x13
 481 00b0 3F       		.uleb128 0x3f
 482 00b1 19       		.uleb128 0x19
ARM GAS  C:\Users\LUKASC~1\AppData\Local\Temp\ccd0WYp6.s 			page 11


 483 00b2 02       		.uleb128 0x2
 484 00b3 18       		.uleb128 0x18
 485 00b4 00       		.byte	0
 486 00b5 00       		.byte	0
 487 00b6 00       		.byte	0
 488              		.section	.debug_aranges,"",%progbits
 489 0000 1C000000 		.4byte	0x1c
 490 0004 0200     		.2byte	0x2
 491 0006 00000000 		.4byte	.Ldebug_info0
 492 000a 04       		.byte	0x4
 493 000b 00       		.byte	0
 494 000c 0000     		.2byte	0
 495 000e 0000     		.2byte	0
 496 0010 00000000 		.4byte	.LFB63
 497 0014 92000000 		.4byte	.LFE63-.LFB63
 498 0018 00000000 		.4byte	0
 499 001c 00000000 		.4byte	0
 500              		.section	.debug_ranges,"",%progbits
 501              	.Ldebug_ranges0:
 502 0000 00000000 		.4byte	.LFB63
 503 0004 92000000 		.4byte	.LFE63
 504 0008 00000000 		.4byte	0
 505 000c 00000000 		.4byte	0
 506              		.section	.debug_line,"",%progbits
 507              	.Ldebug_line0:
 508 0000 9E010000 		.section	.debug_str,"MS",%progbits,1
 508      02005A01 
 508      00000201 
 508      FB0E0D00 
 508      01010101 
 509              	.LASF6:
 510 0000 6C6F6E67 		.ascii	"long long int\000"
 510      206C6F6E 
 510      6720696E 
 510      7400
 511              	.LASF12:
 512 000e 75696E74 		.ascii	"uint32\000"
 512      333200
 513              	.LASF19:
 514 0015 49544D5F 		.ascii	"ITM_RxBuffer\000"
 514      52784275 
 514      66666572 
 514      00
 515              	.LASF8:
 516 0022 756E7369 		.ascii	"unsigned int\000"
 516      676E6564 
 516      20696E74 
 516      00
 517              	.LASF21:
 518 002f 74656D70 		.ascii	"temp\000"
 518      00
 519              	.LASF25:
 520 0034 6D61696E 		.ascii	"main\000"
 520      00
 521              	.LASF20:
 522 0039 77724275 		.ascii	"wrBuffer\000"
 522      66666572 
ARM GAS  C:\Users\LUKASC~1\AppData\Local\Temp\ccd0WYp6.s 			page 12


 522      00
 523              	.LASF24:
 524 0042 433A5C55 		.ascii	"C:\\Users\\Lukas Creutzburg\\Documents\\GitHub\\fre"
 524      73657273 
 524      5C4C756B 
 524      61732043 
 524      72657574 
 525 0070 65445350 		.ascii	"eDSPPSoC-I2C\\PSoC5_SPI_Master_CapSense.cydsn\000"
 525      50536F43 
 525      2D493243 
 525      5C50536F 
 525      43355F53 
 526              	.LASF11:
 527 009d 75696E74 		.ascii	"uint8\000"
 527      3800
 528              	.LASF5:
 529 00a3 6C6F6E67 		.ascii	"long unsigned int\000"
 529      20756E73 
 529      69676E65 
 529      6420696E 
 529      7400
 530              	.LASF23:
 531 00b5 2E5C6D61 		.ascii	".\\main.c\000"
 531      696E2E63 
 531      00
 532              	.LASF7:
 533 00be 6C6F6E67 		.ascii	"long long unsigned int\000"
 533      206C6F6E 
 533      6720756E 
 533      7369676E 
 533      65642069 
 534              	.LASF3:
 535 00d5 73686F72 		.ascii	"short unsigned int\000"
 535      7420756E 
 535      7369676E 
 535      65642069 
 535      6E7400
 536              	.LASF0:
 537 00e8 7369676E 		.ascii	"signed char\000"
 537      65642063 
 537      68617200 
 538              	.LASF1:
 539 00f4 756E7369 		.ascii	"unsigned char\000"
 539      676E6564 
 539      20636861 
 539      7200
 540              	.LASF16:
 541 0102 63686172 		.ascii	"char\000"
 541      00
 542              	.LASF4:
 543 0107 6C6F6E67 		.ascii	"long int\000"
 543      20696E74 
 543      00
 544              	.LASF15:
 545 0110 646F7562 		.ascii	"double\000"
 545      6C6500
 546              	.LASF18:
ARM GAS  C:\Users\LUKASC~1\AppData\Local\Temp\ccd0WYp6.s 			page 13


 547 0117 706F735F 		.ascii	"pos_old\000"
 547      6F6C6400 
 548              	.LASF22:
 549 011f 474E5520 		.ascii	"GNU C 4.9.3 20150303 (release) [ARM/embedded-4_9-br"
 549      4320342E 
 549      392E3320 
 549      32303135 
 549      30333033 
 550 0152 616E6368 		.ascii	"anch revision 221220] -mcpu=cortex-m3 -mthumb -g -O"
 550      20726576 
 550      6973696F 
 550      6E203232 
 550      31323230 
 551 0185 30202D66 		.ascii	"0 -ffunction-sections -ffat-lto-objects\000"
 551      66756E63 
 551      74696F6E 
 551      2D736563 
 551      74696F6E 
 552              	.LASF9:
 553 01ad 5F5F696E 		.ascii	"__int32_t\000"
 553      7433325F 
 553      7400
 554              	.LASF14:
 555 01b7 666C6F61 		.ascii	"float\000"
 555      7400
 556              	.LASF2:
 557 01bd 73686F72 		.ascii	"short int\000"
 557      7420696E 
 557      7400
 558              	.LASF10:
 559 01c7 696E7433 		.ascii	"int32_t\000"
 559      325F7400 
 560              	.LASF17:
 561 01cf 73697A65 		.ascii	"sizetype\000"
 561      74797065 
 561      00
 562              	.LASF13:
 563 01d8 696E7433 		.ascii	"int32\000"
 563      3200
 564              		.ident	"GCC: (GNU Tools for ARM Embedded Processors) 4.9.3 20150303 (release) [ARM/embedded-4_9-br
