ARM GAS  C:\Users\LUKASC~1\AppData\Local\Temp\ccGBKBwf.s 			page 1


   1              		.syntax unified
   2              		.cpu cortex-m3
   3              		.fpu softvfp
   4              		.eabi_attribute 20, 1
   5              		.eabi_attribute 21, 1
   6              		.eabi_attribute 23, 3
   7              		.eabi_attribute 24, 1
   8              		.eabi_attribute 25, 1
   9              		.eabi_attribute 26, 1
  10              		.eabi_attribute 30, 6
  11              		.eabi_attribute 34, 1
  12              		.eabi_attribute 18, 4
  13              		.thumb
  14              		.file	"SPIM_INT.c"
  15              		.text
  16              	.Ltext0:
  17              		.cfi_sections	.debug_frame
  18              		.section	.text.SPIM_TX_ISR,"ax",%progbits
  19              		.align	2
  20              		.global	SPIM_TX_ISR
  21              		.thumb
  22              		.thumb_func
  23              		.type	SPIM_TX_ISR, %function
  24              	SPIM_TX_ISR:
  25              	.LFB0:
  26              		.file 1 ".\\Generated_Source\\PSoC5\\SPIM_INT.c"
   1:.\Generated_Source\PSoC5/SPIM_INT.c **** /*******************************************************************************
   2:.\Generated_Source\PSoC5/SPIM_INT.c **** * File Name: SPIM_INT.c
   3:.\Generated_Source\PSoC5/SPIM_INT.c **** * Version 2.50
   4:.\Generated_Source\PSoC5/SPIM_INT.c **** *
   5:.\Generated_Source\PSoC5/SPIM_INT.c **** * Description:
   6:.\Generated_Source\PSoC5/SPIM_INT.c **** *  This file provides all Interrupt Service Routine (ISR) for the SPI Master
   7:.\Generated_Source\PSoC5/SPIM_INT.c **** *  component.
   8:.\Generated_Source\PSoC5/SPIM_INT.c **** *
   9:.\Generated_Source\PSoC5/SPIM_INT.c **** * Note:
  10:.\Generated_Source\PSoC5/SPIM_INT.c **** *  None.
  11:.\Generated_Source\PSoC5/SPIM_INT.c **** *
  12:.\Generated_Source\PSoC5/SPIM_INT.c **** ********************************************************************************
  13:.\Generated_Source\PSoC5/SPIM_INT.c **** * Copyright 2008-2015, Cypress Semiconductor Corporation.  All rights reserved.
  14:.\Generated_Source\PSoC5/SPIM_INT.c **** * You may use this file only in accordance with the license, terms, conditions,
  15:.\Generated_Source\PSoC5/SPIM_INT.c **** * disclaimers, and limitations in the end user license agreement accompanying
  16:.\Generated_Source\PSoC5/SPIM_INT.c **** * the software package with which this file was provided.
  17:.\Generated_Source\PSoC5/SPIM_INT.c **** *******************************************************************************/
  18:.\Generated_Source\PSoC5/SPIM_INT.c **** 
  19:.\Generated_Source\PSoC5/SPIM_INT.c **** #include "SPIM_PVT.h"
  20:.\Generated_Source\PSoC5/SPIM_INT.c **** #include "cyapicallbacks.h"
  21:.\Generated_Source\PSoC5/SPIM_INT.c **** 
  22:.\Generated_Source\PSoC5/SPIM_INT.c **** /* User code required at start of ISR */
  23:.\Generated_Source\PSoC5/SPIM_INT.c **** /* `#START SPIM_ISR_START_DEF` */
  24:.\Generated_Source\PSoC5/SPIM_INT.c **** 
  25:.\Generated_Source\PSoC5/SPIM_INT.c **** /* `#END` */
  26:.\Generated_Source\PSoC5/SPIM_INT.c **** 
  27:.\Generated_Source\PSoC5/SPIM_INT.c **** 
  28:.\Generated_Source\PSoC5/SPIM_INT.c **** /*******************************************************************************
  29:.\Generated_Source\PSoC5/SPIM_INT.c **** * Function Name: SPIM_TX_ISR
  30:.\Generated_Source\PSoC5/SPIM_INT.c **** ********************************************************************************
  31:.\Generated_Source\PSoC5/SPIM_INT.c **** *
ARM GAS  C:\Users\LUKASC~1\AppData\Local\Temp\ccGBKBwf.s 			page 2


  32:.\Generated_Source\PSoC5/SPIM_INT.c **** * Summary:
  33:.\Generated_Source\PSoC5/SPIM_INT.c **** *  Interrupt Service Routine for TX portion of the SPI Master.
  34:.\Generated_Source\PSoC5/SPIM_INT.c **** *
  35:.\Generated_Source\PSoC5/SPIM_INT.c **** * Parameters:
  36:.\Generated_Source\PSoC5/SPIM_INT.c **** *  None.
  37:.\Generated_Source\PSoC5/SPIM_INT.c **** *
  38:.\Generated_Source\PSoC5/SPIM_INT.c **** * Return:
  39:.\Generated_Source\PSoC5/SPIM_INT.c **** *  None.
  40:.\Generated_Source\PSoC5/SPIM_INT.c **** *
  41:.\Generated_Source\PSoC5/SPIM_INT.c **** * Global variables:
  42:.\Generated_Source\PSoC5/SPIM_INT.c **** *  SPIM_txBufferWrite - used for the account of the bytes which
  43:.\Generated_Source\PSoC5/SPIM_INT.c **** *  have been written down in the TX software buffer.
  44:.\Generated_Source\PSoC5/SPIM_INT.c **** *  SPIM_txBufferRead - used for the account of the bytes which
  45:.\Generated_Source\PSoC5/SPIM_INT.c **** *  have been read from the TX software buffer, modified when exist data to
  46:.\Generated_Source\PSoC5/SPIM_INT.c **** *  sending and FIFO Not Full.
  47:.\Generated_Source\PSoC5/SPIM_INT.c **** *  SPIM_txBuffer[SPIM_TX_BUFFER_SIZE] - used to store
  48:.\Generated_Source\PSoC5/SPIM_INT.c **** *  data to sending.
  49:.\Generated_Source\PSoC5/SPIM_INT.c **** *  All described above Global variables are used when Software Buffer is used.
  50:.\Generated_Source\PSoC5/SPIM_INT.c **** *
  51:.\Generated_Source\PSoC5/SPIM_INT.c **** *******************************************************************************/
  52:.\Generated_Source\PSoC5/SPIM_INT.c **** CY_ISR(SPIM_TX_ISR)
  53:.\Generated_Source\PSoC5/SPIM_INT.c **** {
  27              		.loc 1 53 0
  28              		.cfi_startproc
  29              		@ args = 0, pretend = 0, frame = 8
  30              		@ frame_needed = 1, uses_anonymous_args = 0
  31              		@ link register save eliminated.
  32 0000 80B4     		push	{r7}
  33              		.cfi_def_cfa_offset 4
  34              		.cfi_offset 7, -4
  35 0002 83B0     		sub	sp, sp, #12
  36              		.cfi_def_cfa_offset 16
  37 0004 00AF     		add	r7, sp, #0
  38              		.cfi_def_cfa_register 7
  54:.\Generated_Source\PSoC5/SPIM_INT.c ****     #if(SPIM_TX_SOFTWARE_BUF_ENABLED)
  55:.\Generated_Source\PSoC5/SPIM_INT.c ****         uint8 tmpStatus;
  56:.\Generated_Source\PSoC5/SPIM_INT.c ****     #endif /* (SPIM_TX_SOFTWARE_BUF_ENABLED) */
  57:.\Generated_Source\PSoC5/SPIM_INT.c **** 
  58:.\Generated_Source\PSoC5/SPIM_INT.c ****     #ifdef SPIM_TX_ISR_ENTRY_CALLBACK
  59:.\Generated_Source\PSoC5/SPIM_INT.c ****         SPIM_TX_ISR_EntryCallback();
  60:.\Generated_Source\PSoC5/SPIM_INT.c ****     #endif /* SPIM_TX_ISR_ENTRY_CALLBACK */
  61:.\Generated_Source\PSoC5/SPIM_INT.c **** 
  62:.\Generated_Source\PSoC5/SPIM_INT.c ****     /* User code required at start of ISR */
  63:.\Generated_Source\PSoC5/SPIM_INT.c ****     /* `#START SPIM_TX_ISR_START` */
  64:.\Generated_Source\PSoC5/SPIM_INT.c **** 
  65:.\Generated_Source\PSoC5/SPIM_INT.c ****     /* `#END` */
  66:.\Generated_Source\PSoC5/SPIM_INT.c ****     
  67:.\Generated_Source\PSoC5/SPIM_INT.c ****     #if(SPIM_TX_SOFTWARE_BUF_ENABLED)
  68:.\Generated_Source\PSoC5/SPIM_INT.c ****         /* Check if TX data buffer is not empty and there is space in TX FIFO */
  69:.\Generated_Source\PSoC5/SPIM_INT.c ****         while(SPIM_txBufferRead != SPIM_txBufferWrite)
  39              		.loc 1 69 0
  40 0006 37E0     		b	.L2
  41              	.L8:
  70:.\Generated_Source\PSoC5/SPIM_INT.c ****         {
  71:.\Generated_Source\PSoC5/SPIM_INT.c ****             tmpStatus = SPIM_GET_STATUS_TX(SPIM_swStatusTx);
  42              		.loc 1 71 0
  43 0008 2A4B     		ldr	r3, .L10
ARM GAS  C:\Users\LUKASC~1\AppData\Local\Temp\ccGBKBwf.s 			page 3


  44 000a 1B78     		ldrb	r3, [r3]
  45 000c DAB2     		uxtb	r2, r3
  46 000e 2A4B     		ldr	r3, .L10+4
  47 0010 1B78     		ldrb	r3, [r3]
  48 0012 DBB2     		uxtb	r3, r3
  49 0014 03F00903 		and	r3, r3, #9
  50 0018 DBB2     		uxtb	r3, r3
  51 001a 1343     		orrs	r3, r3, r2
  52 001c FB71     		strb	r3, [r7, #7]
  72:.\Generated_Source\PSoC5/SPIM_INT.c ****             SPIM_swStatusTx = tmpStatus;
  53              		.loc 1 72 0
  54 001e 264A     		ldr	r2, .L10+4
  55 0020 FB79     		ldrb	r3, [r7, #7]
  56 0022 1370     		strb	r3, [r2]
  73:.\Generated_Source\PSoC5/SPIM_INT.c **** 
  74:.\Generated_Source\PSoC5/SPIM_INT.c ****             if(0u != (SPIM_swStatusTx & SPIM_STS_TX_FIFO_NOT_FULL))
  57              		.loc 1 74 0
  58 0024 244B     		ldr	r3, .L10+4
  59 0026 1B78     		ldrb	r3, [r3]
  60 0028 DBB2     		uxtb	r3, r3
  61 002a 03F00403 		and	r3, r3, #4
  62 002e 002B     		cmp	r3, #0
  63 0030 21D0     		beq	.L3
  75:.\Generated_Source\PSoC5/SPIM_INT.c ****             {
  76:.\Generated_Source\PSoC5/SPIM_INT.c ****                 if(0u == SPIM_txBufferFull)
  64              		.loc 1 76 0
  65 0032 224B     		ldr	r3, .L10+8
  66 0034 1B78     		ldrb	r3, [r3]
  67 0036 DBB2     		uxtb	r3, r3
  68 0038 002B     		cmp	r3, #0
  69 003a 0FD1     		bne	.L4
  77:.\Generated_Source\PSoC5/SPIM_INT.c ****                 {
  78:.\Generated_Source\PSoC5/SPIM_INT.c ****                    SPIM_txBufferRead++;
  70              		.loc 1 78 0
  71 003c 204B     		ldr	r3, .L10+12
  72 003e 1B78     		ldrb	r3, [r3]
  73 0040 DBB2     		uxtb	r3, r3
  74 0042 0133     		adds	r3, r3, #1
  75 0044 DAB2     		uxtb	r2, r3
  76 0046 1E4B     		ldr	r3, .L10+12
  77 0048 1A70     		strb	r2, [r3]
  79:.\Generated_Source\PSoC5/SPIM_INT.c **** 
  80:.\Generated_Source\PSoC5/SPIM_INT.c ****                     if(SPIM_txBufferRead >= SPIM_TX_BUFFER_SIZE)
  78              		.loc 1 80 0
  79 004a 1D4B     		ldr	r3, .L10+12
  80 004c 1B78     		ldrb	r3, [r3]
  81 004e DBB2     		uxtb	r3, r3
  82 0050 2F2B     		cmp	r3, #47
  83 0052 06D9     		bls	.L6
  81:.\Generated_Source\PSoC5/SPIM_INT.c ****                     {
  82:.\Generated_Source\PSoC5/SPIM_INT.c ****                         SPIM_txBufferRead = 0u;
  84              		.loc 1 82 0
  85 0054 1A4B     		ldr	r3, .L10+12
  86 0056 0022     		movs	r2, #0
  87 0058 1A70     		strb	r2, [r3]
  88 005a 02E0     		b	.L6
  89              	.L4:
ARM GAS  C:\Users\LUKASC~1\AppData\Local\Temp\ccGBKBwf.s 			page 4


  83:.\Generated_Source\PSoC5/SPIM_INT.c ****                     }
  84:.\Generated_Source\PSoC5/SPIM_INT.c ****                 }
  85:.\Generated_Source\PSoC5/SPIM_INT.c ****                 else
  86:.\Generated_Source\PSoC5/SPIM_INT.c ****                 {
  87:.\Generated_Source\PSoC5/SPIM_INT.c ****                     SPIM_txBufferFull = 0u;
  90              		.loc 1 87 0
  91 005c 174B     		ldr	r3, .L10+8
  92 005e 0022     		movs	r2, #0
  93 0060 1A70     		strb	r2, [r3]
  94              	.L6:
  88:.\Generated_Source\PSoC5/SPIM_INT.c ****                 }
  89:.\Generated_Source\PSoC5/SPIM_INT.c **** 
  90:.\Generated_Source\PSoC5/SPIM_INT.c ****                 /* Put data element into the TX FIFO */
  91:.\Generated_Source\PSoC5/SPIM_INT.c ****                 CY_SET_REG8(SPIM_TXDATA_PTR, 
  95              		.loc 1 91 0
  96 0062 184B     		ldr	r3, .L10+16
  97 0064 164A     		ldr	r2, .L10+12
  98 0066 1278     		ldrb	r2, [r2]
  99 0068 D2B2     		uxtb	r2, r2
 100 006a 1146     		mov	r1, r2
 101 006c 164A     		ldr	r2, .L10+20
 102 006e 525C     		ldrb	r2, [r2, r1]
 103 0070 D2B2     		uxtb	r2, r2
 104 0072 1A70     		strb	r2, [r3]
 105 0074 00E0     		b	.L2
 106              	.L3:
  92:.\Generated_Source\PSoC5/SPIM_INT.c ****                                              SPIM_txBuffer[SPIM_txBufferRead]);
  93:.\Generated_Source\PSoC5/SPIM_INT.c ****             }
  94:.\Generated_Source\PSoC5/SPIM_INT.c ****             else
  95:.\Generated_Source\PSoC5/SPIM_INT.c ****             {
  96:.\Generated_Source\PSoC5/SPIM_INT.c ****                 break;
 107              		.loc 1 96 0
 108 0076 07E0     		b	.L7
 109              	.L2:
  69:.\Generated_Source\PSoC5/SPIM_INT.c ****         {
 110              		.loc 1 69 0
 111 0078 114B     		ldr	r3, .L10+12
 112 007a 1B78     		ldrb	r3, [r3]
 113 007c DAB2     		uxtb	r2, r3
 114 007e 134B     		ldr	r3, .L10+24
 115 0080 1B78     		ldrb	r3, [r3]
 116 0082 DBB2     		uxtb	r3, r3
 117 0084 9A42     		cmp	r2, r3
 118 0086 BFD1     		bne	.L8
 119              	.L7:
  97:.\Generated_Source\PSoC5/SPIM_INT.c ****             }
  98:.\Generated_Source\PSoC5/SPIM_INT.c ****         }
  99:.\Generated_Source\PSoC5/SPIM_INT.c **** 
 100:.\Generated_Source\PSoC5/SPIM_INT.c ****         if(SPIM_txBufferRead == SPIM_txBufferWrite)
 120              		.loc 1 100 0
 121 0088 0D4B     		ldr	r3, .L10+12
 122 008a 1B78     		ldrb	r3, [r3]
 123 008c DAB2     		uxtb	r2, r3
 124 008e 0F4B     		ldr	r3, .L10+24
 125 0090 1B78     		ldrb	r3, [r3]
 126 0092 DBB2     		uxtb	r3, r3
 127 0094 9A42     		cmp	r2, r3
ARM GAS  C:\Users\LUKASC~1\AppData\Local\Temp\ccGBKBwf.s 			page 5


 128 0096 07D1     		bne	.L1
 101:.\Generated_Source\PSoC5/SPIM_INT.c ****         {
 102:.\Generated_Source\PSoC5/SPIM_INT.c ****             /* TX Buffer is EMPTY: disable interrupt on TX NOT FULL */
 103:.\Generated_Source\PSoC5/SPIM_INT.c ****             SPIM_TX_STATUS_MASK_REG &= ((uint8) ~SPIM_STS_TX_FIFO_NOT_FULL);
 129              		.loc 1 103 0
 130 0098 0D4A     		ldr	r2, .L10+28
 131 009a 0D4B     		ldr	r3, .L10+28
 132 009c 1B78     		ldrb	r3, [r3]
 133 009e DBB2     		uxtb	r3, r3
 134 00a0 23F00403 		bic	r3, r3, #4
 135 00a4 DBB2     		uxtb	r3, r3
 136 00a6 1370     		strb	r3, [r2]
 137              	.L1:
 104:.\Generated_Source\PSoC5/SPIM_INT.c ****         }
 105:.\Generated_Source\PSoC5/SPIM_INT.c **** 
 106:.\Generated_Source\PSoC5/SPIM_INT.c ****     #endif /* (SPIM_TX_SOFTWARE_BUF_ENABLED) */
 107:.\Generated_Source\PSoC5/SPIM_INT.c **** 
 108:.\Generated_Source\PSoC5/SPIM_INT.c ****     /* User code required at end of ISR (Optional) */
 109:.\Generated_Source\PSoC5/SPIM_INT.c ****     /* `#START SPIM_TX_ISR_END` */
 110:.\Generated_Source\PSoC5/SPIM_INT.c **** 
 111:.\Generated_Source\PSoC5/SPIM_INT.c ****     /* `#END` */
 112:.\Generated_Source\PSoC5/SPIM_INT.c ****     
 113:.\Generated_Source\PSoC5/SPIM_INT.c ****     #ifdef SPIM_TX_ISR_EXIT_CALLBACK
 114:.\Generated_Source\PSoC5/SPIM_INT.c ****         SPIM_TX_ISR_ExitCallback();
 115:.\Generated_Source\PSoC5/SPIM_INT.c ****     #endif /* SPIM_TX_ISR_EXIT_CALLBACK */
 116:.\Generated_Source\PSoC5/SPIM_INT.c **** }
 138              		.loc 1 116 0
 139 00a8 0C37     		adds	r7, r7, #12
 140              		.cfi_def_cfa_offset 4
 141 00aa BD46     		mov	sp, r7
 142              		.cfi_def_cfa_register 13
 143              		@ sp needed
 144 00ac 5DF8047B 		ldr	r7, [sp], #4
 145              		.cfi_restore 7
 146              		.cfi_def_cfa_offset 0
 147 00b0 7047     		bx	lr
 148              	.L11:
 149 00b2 00BF     		.align	2
 150              	.L10:
 151 00b4 68650040 		.word	1073767784
 152 00b8 00000000 		.word	SPIM_swStatusTx
 153 00bc 00000000 		.word	SPIM_txBufferFull
 154 00c0 00000000 		.word	SPIM_txBufferRead
 155 00c4 49640040 		.word	1073767497
 156 00c8 00000000 		.word	SPIM_txBuffer
 157 00cc 00000000 		.word	SPIM_txBufferWrite
 158 00d0 88650040 		.word	1073767816
 159              		.cfi_endproc
 160              	.LFE0:
 161              		.size	SPIM_TX_ISR, .-SPIM_TX_ISR
 162              		.section	.text.SPIM_RX_ISR,"ax",%progbits
 163              		.align	2
 164              		.global	SPIM_RX_ISR
 165              		.thumb
 166              		.thumb_func
 167              		.type	SPIM_RX_ISR, %function
 168              	SPIM_RX_ISR:
ARM GAS  C:\Users\LUKASC~1\AppData\Local\Temp\ccGBKBwf.s 			page 6


 169              	.LFB1:
 117:.\Generated_Source\PSoC5/SPIM_INT.c **** 
 118:.\Generated_Source\PSoC5/SPIM_INT.c **** 
 119:.\Generated_Source\PSoC5/SPIM_INT.c **** /*******************************************************************************
 120:.\Generated_Source\PSoC5/SPIM_INT.c **** * Function Name: SPIM_RX_ISR
 121:.\Generated_Source\PSoC5/SPIM_INT.c **** ********************************************************************************
 122:.\Generated_Source\PSoC5/SPIM_INT.c **** *
 123:.\Generated_Source\PSoC5/SPIM_INT.c **** * Summary:
 124:.\Generated_Source\PSoC5/SPIM_INT.c **** *  Interrupt Service Routine for RX portion of the SPI Master.
 125:.\Generated_Source\PSoC5/SPIM_INT.c **** *
 126:.\Generated_Source\PSoC5/SPIM_INT.c **** * Parameters:
 127:.\Generated_Source\PSoC5/SPIM_INT.c **** *  None.
 128:.\Generated_Source\PSoC5/SPIM_INT.c **** *
 129:.\Generated_Source\PSoC5/SPIM_INT.c **** * Return:
 130:.\Generated_Source\PSoC5/SPIM_INT.c **** *  None.
 131:.\Generated_Source\PSoC5/SPIM_INT.c **** *
 132:.\Generated_Source\PSoC5/SPIM_INT.c **** * Global variables:
 133:.\Generated_Source\PSoC5/SPIM_INT.c **** *  SPIM_rxBufferWrite - used for the account of the bytes which
 134:.\Generated_Source\PSoC5/SPIM_INT.c **** *  have been written down in the RX software buffer modified when FIFO contains
 135:.\Generated_Source\PSoC5/SPIM_INT.c **** *  new data.
 136:.\Generated_Source\PSoC5/SPIM_INT.c **** *  SPIM_rxBufferRead - used for the account of the bytes which
 137:.\Generated_Source\PSoC5/SPIM_INT.c **** *  have been read from the RX software buffer, modified when overflow occurred.
 138:.\Generated_Source\PSoC5/SPIM_INT.c **** *  SPIM_rxBuffer[SPIM_RX_BUFFER_SIZE] - used to store
 139:.\Generated_Source\PSoC5/SPIM_INT.c **** *  received data, modified when FIFO contains new data.
 140:.\Generated_Source\PSoC5/SPIM_INT.c **** *  All described above Global variables are used when Software Buffer is used.
 141:.\Generated_Source\PSoC5/SPIM_INT.c **** *
 142:.\Generated_Source\PSoC5/SPIM_INT.c **** *******************************************************************************/
 143:.\Generated_Source\PSoC5/SPIM_INT.c **** CY_ISR(SPIM_RX_ISR)
 144:.\Generated_Source\PSoC5/SPIM_INT.c **** {
 170              		.loc 1 144 0
 171              		.cfi_startproc
 172              		@ args = 0, pretend = 0, frame = 8
 173              		@ frame_needed = 1, uses_anonymous_args = 0
 174              		@ link register save eliminated.
 175 0000 80B4     		push	{r7}
 176              		.cfi_def_cfa_offset 4
 177              		.cfi_offset 7, -4
 178 0002 83B0     		sub	sp, sp, #12
 179              		.cfi_def_cfa_offset 16
 180 0004 00AF     		add	r7, sp, #0
 181              		.cfi_def_cfa_register 7
 145:.\Generated_Source\PSoC5/SPIM_INT.c ****     #if(SPIM_RX_SOFTWARE_BUF_ENABLED)
 146:.\Generated_Source\PSoC5/SPIM_INT.c ****         uint8 tmpStatus;
 147:.\Generated_Source\PSoC5/SPIM_INT.c ****         uint8 rxData;
 148:.\Generated_Source\PSoC5/SPIM_INT.c ****     #endif /* (SPIM_RX_SOFTWARE_BUF_ENABLED) */
 149:.\Generated_Source\PSoC5/SPIM_INT.c **** 
 150:.\Generated_Source\PSoC5/SPIM_INT.c ****     #ifdef SPIM_RX_ISR_ENTRY_CALLBACK
 151:.\Generated_Source\PSoC5/SPIM_INT.c ****         SPIM_RX_ISR_EntryCallback();
 152:.\Generated_Source\PSoC5/SPIM_INT.c ****     #endif /* SPIM_RX_ISR_ENTRY_CALLBACK */
 153:.\Generated_Source\PSoC5/SPIM_INT.c **** 
 154:.\Generated_Source\PSoC5/SPIM_INT.c ****     /* User code required at start of ISR */
 155:.\Generated_Source\PSoC5/SPIM_INT.c ****     /* `#START SPIM_RX_ISR_START` */
 156:.\Generated_Source\PSoC5/SPIM_INT.c **** 
 157:.\Generated_Source\PSoC5/SPIM_INT.c ****     /* `#END` */
 158:.\Generated_Source\PSoC5/SPIM_INT.c ****     
 159:.\Generated_Source\PSoC5/SPIM_INT.c ****     #if(SPIM_RX_SOFTWARE_BUF_ENABLED)
 160:.\Generated_Source\PSoC5/SPIM_INT.c **** 
ARM GAS  C:\Users\LUKASC~1\AppData\Local\Temp\ccGBKBwf.s 			page 7


 161:.\Generated_Source\PSoC5/SPIM_INT.c ****         tmpStatus = SPIM_GET_STATUS_RX(SPIM_swStatusRx);
 182              		.loc 1 161 0
 183 0006 2E4B     		ldr	r3, .L18
 184 0008 1B78     		ldrb	r3, [r3]
 185 000a DAB2     		uxtb	r2, r3
 186 000c 2D4B     		ldr	r3, .L18+4
 187 000e 1B78     		ldrb	r3, [r3]
 188 0010 DBB2     		uxtb	r3, r3
 189 0012 03F04003 		and	r3, r3, #64
 190 0016 DBB2     		uxtb	r3, r3
 191 0018 1343     		orrs	r3, r3, r2
 192 001a FB71     		strb	r3, [r7, #7]
 162:.\Generated_Source\PSoC5/SPIM_INT.c ****         SPIM_swStatusRx = tmpStatus;
 193              		.loc 1 162 0
 194 001c 294A     		ldr	r2, .L18+4
 195 001e FB79     		ldrb	r3, [r7, #7]
 196 0020 1370     		strb	r3, [r2]
 163:.\Generated_Source\PSoC5/SPIM_INT.c **** 
 164:.\Generated_Source\PSoC5/SPIM_INT.c ****         /* Check if RX data FIFO has some data to be moved into the RX Buffer */
 165:.\Generated_Source\PSoC5/SPIM_INT.c ****         while(0u != (SPIM_swStatusRx & SPIM_STS_RX_FIFO_NOT_EMPTY))
 197              		.loc 1 165 0
 198 0022 40E0     		b	.L13
 199              	.L17:
 166:.\Generated_Source\PSoC5/SPIM_INT.c ****         {
 167:.\Generated_Source\PSoC5/SPIM_INT.c ****             rxData = CY_GET_REG8(SPIM_RXDATA_PTR);
 200              		.loc 1 167 0
 201 0024 284B     		ldr	r3, .L18+8
 202 0026 1B78     		ldrb	r3, [r3]
 203 0028 BB71     		strb	r3, [r7, #6]
 168:.\Generated_Source\PSoC5/SPIM_INT.c **** 
 169:.\Generated_Source\PSoC5/SPIM_INT.c ****             /* Set next pointer. */
 170:.\Generated_Source\PSoC5/SPIM_INT.c ****             SPIM_rxBufferWrite++;
 204              		.loc 1 170 0
 205 002a 284B     		ldr	r3, .L18+12
 206 002c 1B78     		ldrb	r3, [r3]
 207 002e DBB2     		uxtb	r3, r3
 208 0030 0133     		adds	r3, r3, #1
 209 0032 DAB2     		uxtb	r2, r3
 210 0034 254B     		ldr	r3, .L18+12
 211 0036 1A70     		strb	r2, [r3]
 171:.\Generated_Source\PSoC5/SPIM_INT.c ****             if(SPIM_rxBufferWrite >= SPIM_RX_BUFFER_SIZE)
 212              		.loc 1 171 0
 213 0038 244B     		ldr	r3, .L18+12
 214 003a 1B78     		ldrb	r3, [r3]
 215 003c DBB2     		uxtb	r3, r3
 216 003e 2F2B     		cmp	r3, #47
 217 0040 02D9     		bls	.L14
 172:.\Generated_Source\PSoC5/SPIM_INT.c ****             {
 173:.\Generated_Source\PSoC5/SPIM_INT.c ****                 SPIM_rxBufferWrite = 0u;
 218              		.loc 1 173 0
 219 0042 224B     		ldr	r3, .L18+12
 220 0044 0022     		movs	r2, #0
 221 0046 1A70     		strb	r2, [r3]
 222              	.L14:
 174:.\Generated_Source\PSoC5/SPIM_INT.c ****             }
 175:.\Generated_Source\PSoC5/SPIM_INT.c **** 
 176:.\Generated_Source\PSoC5/SPIM_INT.c ****             if(SPIM_rxBufferWrite == SPIM_rxBufferRead)
ARM GAS  C:\Users\LUKASC~1\AppData\Local\Temp\ccGBKBwf.s 			page 8


 223              		.loc 1 176 0
 224 0048 204B     		ldr	r3, .L18+12
 225 004a 1B78     		ldrb	r3, [r3]
 226 004c DAB2     		uxtb	r2, r3
 227 004e 204B     		ldr	r3, .L18+16
 228 0050 1B78     		ldrb	r3, [r3]
 229 0052 DBB2     		uxtb	r3, r3
 230 0054 9A42     		cmp	r2, r3
 231 0056 11D1     		bne	.L15
 177:.\Generated_Source\PSoC5/SPIM_INT.c ****             {
 178:.\Generated_Source\PSoC5/SPIM_INT.c ****                 SPIM_rxBufferRead++;
 232              		.loc 1 178 0
 233 0058 1D4B     		ldr	r3, .L18+16
 234 005a 1B78     		ldrb	r3, [r3]
 235 005c DBB2     		uxtb	r3, r3
 236 005e 0133     		adds	r3, r3, #1
 237 0060 DAB2     		uxtb	r2, r3
 238 0062 1B4B     		ldr	r3, .L18+16
 239 0064 1A70     		strb	r2, [r3]
 179:.\Generated_Source\PSoC5/SPIM_INT.c ****                 if(SPIM_rxBufferRead >= SPIM_RX_BUFFER_SIZE)
 240              		.loc 1 179 0
 241 0066 1A4B     		ldr	r3, .L18+16
 242 0068 1B78     		ldrb	r3, [r3]
 243 006a DBB2     		uxtb	r3, r3
 244 006c 2F2B     		cmp	r3, #47
 245 006e 02D9     		bls	.L16
 180:.\Generated_Source\PSoC5/SPIM_INT.c ****                 {
 181:.\Generated_Source\PSoC5/SPIM_INT.c ****                     SPIM_rxBufferRead = 0u;
 246              		.loc 1 181 0
 247 0070 174B     		ldr	r3, .L18+16
 248 0072 0022     		movs	r2, #0
 249 0074 1A70     		strb	r2, [r3]
 250              	.L16:
 182:.\Generated_Source\PSoC5/SPIM_INT.c ****                 }
 183:.\Generated_Source\PSoC5/SPIM_INT.c **** 
 184:.\Generated_Source\PSoC5/SPIM_INT.c ****                 SPIM_rxBufferFull = 1u;
 251              		.loc 1 184 0
 252 0076 174B     		ldr	r3, .L18+20
 253 0078 0122     		movs	r2, #1
 254 007a 1A70     		strb	r2, [r3]
 255              	.L15:
 185:.\Generated_Source\PSoC5/SPIM_INT.c ****             }
 186:.\Generated_Source\PSoC5/SPIM_INT.c **** 
 187:.\Generated_Source\PSoC5/SPIM_INT.c ****             /* Move data from the FIFO to the Buffer */
 188:.\Generated_Source\PSoC5/SPIM_INT.c ****             SPIM_rxBuffer[SPIM_rxBufferWrite] = rxData;
 256              		.loc 1 188 0
 257 007c 134B     		ldr	r3, .L18+12
 258 007e 1B78     		ldrb	r3, [r3]
 259 0080 DBB2     		uxtb	r3, r3
 260 0082 1946     		mov	r1, r3
 261 0084 144A     		ldr	r2, .L18+24
 262 0086 BB79     		ldrb	r3, [r7, #6]
 263 0088 5354     		strb	r3, [r2, r1]
 189:.\Generated_Source\PSoC5/SPIM_INT.c **** 
 190:.\Generated_Source\PSoC5/SPIM_INT.c ****             tmpStatus = SPIM_GET_STATUS_RX(SPIM_swStatusRx);
 264              		.loc 1 190 0
 265 008a 0D4B     		ldr	r3, .L18
ARM GAS  C:\Users\LUKASC~1\AppData\Local\Temp\ccGBKBwf.s 			page 9


 266 008c 1B78     		ldrb	r3, [r3]
 267 008e DAB2     		uxtb	r2, r3
 268 0090 0C4B     		ldr	r3, .L18+4
 269 0092 1B78     		ldrb	r3, [r3]
 270 0094 DBB2     		uxtb	r3, r3
 271 0096 03F04003 		and	r3, r3, #64
 272 009a DBB2     		uxtb	r3, r3
 273 009c 1343     		orrs	r3, r3, r2
 274 009e FB71     		strb	r3, [r7, #7]
 191:.\Generated_Source\PSoC5/SPIM_INT.c ****             SPIM_swStatusRx = tmpStatus;
 275              		.loc 1 191 0
 276 00a0 084A     		ldr	r2, .L18+4
 277 00a2 FB79     		ldrb	r3, [r7, #7]
 278 00a4 1370     		strb	r3, [r2]
 279              	.L13:
 165:.\Generated_Source\PSoC5/SPIM_INT.c ****         {
 280              		.loc 1 165 0
 281 00a6 074B     		ldr	r3, .L18+4
 282 00a8 1B78     		ldrb	r3, [r3]
 283 00aa DBB2     		uxtb	r3, r3
 284 00ac 03F02003 		and	r3, r3, #32
 285 00b0 002B     		cmp	r3, #0
 286 00b2 B7D1     		bne	.L17
 192:.\Generated_Source\PSoC5/SPIM_INT.c ****         }
 193:.\Generated_Source\PSoC5/SPIM_INT.c **** 
 194:.\Generated_Source\PSoC5/SPIM_INT.c ****     #endif /* (SPIM_RX_SOFTWARE_BUF_ENABLED) */
 195:.\Generated_Source\PSoC5/SPIM_INT.c **** 
 196:.\Generated_Source\PSoC5/SPIM_INT.c ****     /* User code required at end of ISR (Optional) */
 197:.\Generated_Source\PSoC5/SPIM_INT.c ****     /* `#START SPIM_RX_ISR_END` */
 198:.\Generated_Source\PSoC5/SPIM_INT.c **** 
 199:.\Generated_Source\PSoC5/SPIM_INT.c ****     /* `#END` */
 200:.\Generated_Source\PSoC5/SPIM_INT.c ****     
 201:.\Generated_Source\PSoC5/SPIM_INT.c ****     #ifdef SPIM_RX_ISR_EXIT_CALLBACK
 202:.\Generated_Source\PSoC5/SPIM_INT.c ****         SPIM_RX_ISR_ExitCallback();
 203:.\Generated_Source\PSoC5/SPIM_INT.c ****     #endif /* SPIM_RX_ISR_EXIT_CALLBACK */
 204:.\Generated_Source\PSoC5/SPIM_INT.c **** }
 287              		.loc 1 204 0
 288 00b4 0C37     		adds	r7, r7, #12
 289              		.cfi_def_cfa_offset 4
 290 00b6 BD46     		mov	sp, r7
 291              		.cfi_def_cfa_register 13
 292              		@ sp needed
 293 00b8 5DF8047B 		ldr	r7, [sp], #4
 294              		.cfi_restore 7
 295              		.cfi_def_cfa_offset 0
 296 00bc 7047     		bx	lr
 297              	.L19:
 298 00be 00BF     		.align	2
 299              	.L18:
 300 00c0 69650040 		.word	1073767785
 301 00c4 00000000 		.word	SPIM_swStatusRx
 302 00c8 59640040 		.word	1073767513
 303 00cc 00000000 		.word	SPIM_rxBufferWrite
 304 00d0 00000000 		.word	SPIM_rxBufferRead
 305 00d4 00000000 		.word	SPIM_rxBufferFull
 306 00d8 00000000 		.word	SPIM_rxBuffer
 307              		.cfi_endproc
ARM GAS  C:\Users\LUKASC~1\AppData\Local\Temp\ccGBKBwf.s 			page 10


 308              	.LFE1:
 309              		.size	SPIM_RX_ISR, .-SPIM_RX_ISR
 310              		.text
 311              	.Letext0:
 312              		.file 2 ".\\Generated_Source\\PSoC5\\cytypes.h"
 313              		.file 3 ".\\Generated_Source\\PSoC5\\SPIM_PVT.h"
 314              		.section	.debug_info,"",%progbits
 315              	.Ldebug_info0:
 316 0000 7F010000 		.4byte	0x17f
 317 0004 0400     		.2byte	0x4
 318 0006 00000000 		.4byte	.Ldebug_abbrev0
 319 000a 04       		.byte	0x4
 320 000b 01       		.uleb128 0x1
 321 000c A8000000 		.4byte	.LASF29
 322 0010 01       		.byte	0x1
 323 0011 CF010000 		.4byte	.LASF30
 324 0015 1C020000 		.4byte	.LASF31
 325 0019 00000000 		.4byte	.Ldebug_ranges0+0
 326 001d 00000000 		.4byte	0
 327 0021 00000000 		.4byte	.Ldebug_line0
 328 0025 02       		.uleb128 0x2
 329 0026 01       		.byte	0x1
 330 0027 06       		.byte	0x6
 331 0028 10020000 		.4byte	.LASF0
 332 002c 02       		.uleb128 0x2
 333 002d 01       		.byte	0x1
 334 002e 08       		.byte	0x8
 335 002f 69000000 		.4byte	.LASF1
 336 0033 02       		.uleb128 0x2
 337 0034 02       		.byte	0x2
 338 0035 05       		.byte	0x5
 339 0036 F3010000 		.4byte	.LASF2
 340 003a 02       		.uleb128 0x2
 341 003b 02       		.byte	0x2
 342 003c 07       		.byte	0x7
 343 003d 0C000000 		.4byte	.LASF3
 344 0041 02       		.uleb128 0x2
 345 0042 04       		.byte	0x4
 346 0043 05       		.byte	0x5
 347 0044 FD010000 		.4byte	.LASF4
 348 0048 02       		.uleb128 0x2
 349 0049 04       		.byte	0x4
 350 004a 07       		.byte	0x7
 351 004b 89000000 		.4byte	.LASF5
 352 004f 02       		.uleb128 0x2
 353 0050 08       		.byte	0x8
 354 0051 05       		.byte	0x5
 355 0052 BC010000 		.4byte	.LASF6
 356 0056 02       		.uleb128 0x2
 357 0057 08       		.byte	0x8
 358 0058 07       		.byte	0x7
 359 0059 78010000 		.4byte	.LASF7
 360 005d 03       		.uleb128 0x3
 361 005e 04       		.byte	0x4
 362 005f 05       		.byte	0x5
 363 0060 696E7400 		.ascii	"int\000"
 364 0064 02       		.uleb128 0x2
ARM GAS  C:\Users\LUKASC~1\AppData\Local\Temp\ccGBKBwf.s 			page 11


 365 0065 04       		.byte	0x4
 366 0066 07       		.byte	0x7
 367 0067 6B010000 		.4byte	.LASF8
 368 006b 04       		.uleb128 0x4
 369 006c 9B000000 		.4byte	.LASF12
 370 0070 02       		.byte	0x2
 371 0071 9201     		.2byte	0x192
 372 0073 2C000000 		.4byte	0x2c
 373 0077 02       		.uleb128 0x2
 374 0078 04       		.byte	0x4
 375 0079 04       		.byte	0x4
 376 007a 51000000 		.4byte	.LASF9
 377 007e 02       		.uleb128 0x2
 378 007f 08       		.byte	0x8
 379 0080 04       		.byte	0x4
 380 0081 36010000 		.4byte	.LASF10
 381 0085 02       		.uleb128 0x2
 382 0086 01       		.byte	0x1
 383 0087 08       		.byte	0x8
 384 0088 CA010000 		.4byte	.LASF11
 385 008c 04       		.uleb128 0x4
 386 008d A2010000 		.4byte	.LASF13
 387 0091 02       		.byte	0x2
 388 0092 3C02     		.2byte	0x23c
 389 0094 98000000 		.4byte	0x98
 390 0098 05       		.uleb128 0x5
 391 0099 6B000000 		.4byte	0x6b
 392 009d 02       		.uleb128 0x2
 393 009e 04       		.byte	0x4
 394 009f 07       		.byte	0x7
 395 00a0 A7010000 		.4byte	.LASF14
 396 00a4 06       		.uleb128 0x6
 397 00a5 B0010000 		.4byte	.LASF15
 398 00a9 01       		.byte	0x1
 399 00aa 34       		.byte	0x34
 400 00ab 00000000 		.4byte	.LFB0
 401 00af D4000000 		.4byte	.LFE0-.LFB0
 402 00b3 01       		.uleb128 0x1
 403 00b4 9C       		.byte	0x9c
 404 00b5 C8000000 		.4byte	0xc8
 405 00b9 07       		.uleb128 0x7
 406 00ba 06020000 		.4byte	.LASF17
 407 00be 01       		.byte	0x1
 408 00bf 37       		.byte	0x37
 409 00c0 6B000000 		.4byte	0x6b
 410 00c4 02       		.uleb128 0x2
 411 00c5 91       		.byte	0x91
 412 00c6 77       		.sleb128 -9
 413 00c7 00       		.byte	0
 414 00c8 06       		.uleb128 0x6
 415 00c9 00000000 		.4byte	.LASF16
 416 00cd 01       		.byte	0x1
 417 00ce 8F       		.byte	0x8f
 418 00cf 00000000 		.4byte	.LFB1
 419 00d3 DC000000 		.4byte	.LFE1-.LFB1
 420 00d7 01       		.uleb128 0x1
 421 00d8 9C       		.byte	0x9c
ARM GAS  C:\Users\LUKASC~1\AppData\Local\Temp\ccGBKBwf.s 			page 12


 422 00d9 FA000000 		.4byte	0xfa
 423 00dd 07       		.uleb128 0x7
 424 00de 06020000 		.4byte	.LASF17
 425 00e2 01       		.byte	0x1
 426 00e3 92       		.byte	0x92
 427 00e4 6B000000 		.4byte	0x6b
 428 00e8 02       		.uleb128 0x2
 429 00e9 91       		.byte	0x91
 430 00ea 77       		.sleb128 -9
 431 00eb 07       		.uleb128 0x7
 432 00ec A1000000 		.4byte	.LASF18
 433 00f0 01       		.byte	0x1
 434 00f1 93       		.byte	0x93
 435 00f2 6B000000 		.4byte	0x6b
 436 00f6 02       		.uleb128 0x2
 437 00f7 91       		.byte	0x91
 438 00f8 76       		.sleb128 -10
 439 00f9 00       		.byte	0
 440 00fa 08       		.uleb128 0x8
 441 00fb 5B010000 		.4byte	.LASF19
 442 00ff 03       		.byte	0x3
 443 0100 21       		.byte	0x21
 444 0101 98000000 		.4byte	0x98
 445 0105 08       		.uleb128 0x8
 446 0106 3D010000 		.4byte	.LASF20
 447 010a 03       		.byte	0x3
 448 010b 22       		.byte	0x22
 449 010c 98000000 		.4byte	0x98
 450 0110 09       		.uleb128 0x9
 451 0111 6B000000 		.4byte	0x6b
 452 0115 20010000 		.4byte	0x120
 453 0119 0A       		.uleb128 0xa
 454 011a 9D000000 		.4byte	0x9d
 455 011e 2F       		.byte	0x2f
 456 011f 00       		.byte	0
 457 0120 08       		.uleb128 0x8
 458 0121 1F000000 		.4byte	.LASF21
 459 0125 03       		.byte	0x3
 460 0126 25       		.byte	0x25
 461 0127 2B010000 		.4byte	0x12b
 462 012b 05       		.uleb128 0x5
 463 012c 10010000 		.4byte	0x110
 464 0130 08       		.uleb128 0x8
 465 0131 77000000 		.4byte	.LASF22
 466 0135 03       		.byte	0x3
 467 0136 26       		.byte	0x26
 468 0137 98000000 		.4byte	0x98
 469 013b 08       		.uleb128 0x8
 470 013c 77020000 		.4byte	.LASF23
 471 0140 03       		.byte	0x3
 472 0141 27       		.byte	0x27
 473 0142 98000000 		.4byte	0x98
 474 0146 08       		.uleb128 0x8
 475 0147 2D000000 		.4byte	.LASF24
 476 014b 03       		.byte	0x3
 477 014c 28       		.byte	0x28
 478 014d 98000000 		.4byte	0x98
ARM GAS  C:\Users\LUKASC~1\AppData\Local\Temp\ccGBKBwf.s 			page 13


 479 0151 08       		.uleb128 0x8
 480 0152 4D010000 		.4byte	.LASF25
 481 0156 03       		.byte	0x3
 482 0157 2C       		.byte	0x2c
 483 0158 5C010000 		.4byte	0x15c
 484 015c 05       		.uleb128 0x5
 485 015d 10010000 		.4byte	0x110
 486 0161 08       		.uleb128 0x8
 487 0162 57000000 		.4byte	.LASF26
 488 0166 03       		.byte	0x3
 489 0167 2D       		.byte	0x2d
 490 0168 98000000 		.4byte	0x98
 491 016c 08       		.uleb128 0x8
 492 016d 8F010000 		.4byte	.LASF27
 493 0171 03       		.byte	0x3
 494 0172 2E       		.byte	0x2e
 495 0173 98000000 		.4byte	0x98
 496 0177 08       		.uleb128 0x8
 497 0178 3F000000 		.4byte	.LASF28
 498 017c 03       		.byte	0x3
 499 017d 2F       		.byte	0x2f
 500 017e 98000000 		.4byte	0x98
 501 0182 00       		.byte	0
 502              		.section	.debug_abbrev,"",%progbits
 503              	.Ldebug_abbrev0:
 504 0000 01       		.uleb128 0x1
 505 0001 11       		.uleb128 0x11
 506 0002 01       		.byte	0x1
 507 0003 25       		.uleb128 0x25
 508 0004 0E       		.uleb128 0xe
 509 0005 13       		.uleb128 0x13
 510 0006 0B       		.uleb128 0xb
 511 0007 03       		.uleb128 0x3
 512 0008 0E       		.uleb128 0xe
 513 0009 1B       		.uleb128 0x1b
 514 000a 0E       		.uleb128 0xe
 515 000b 55       		.uleb128 0x55
 516 000c 17       		.uleb128 0x17
 517 000d 11       		.uleb128 0x11
 518 000e 01       		.uleb128 0x1
 519 000f 10       		.uleb128 0x10
 520 0010 17       		.uleb128 0x17
 521 0011 00       		.byte	0
 522 0012 00       		.byte	0
 523 0013 02       		.uleb128 0x2
 524 0014 24       		.uleb128 0x24
 525 0015 00       		.byte	0
 526 0016 0B       		.uleb128 0xb
 527 0017 0B       		.uleb128 0xb
 528 0018 3E       		.uleb128 0x3e
 529 0019 0B       		.uleb128 0xb
 530 001a 03       		.uleb128 0x3
 531 001b 0E       		.uleb128 0xe
 532 001c 00       		.byte	0
 533 001d 00       		.byte	0
 534 001e 03       		.uleb128 0x3
 535 001f 24       		.uleb128 0x24
ARM GAS  C:\Users\LUKASC~1\AppData\Local\Temp\ccGBKBwf.s 			page 14


 536 0020 00       		.byte	0
 537 0021 0B       		.uleb128 0xb
 538 0022 0B       		.uleb128 0xb
 539 0023 3E       		.uleb128 0x3e
 540 0024 0B       		.uleb128 0xb
 541 0025 03       		.uleb128 0x3
 542 0026 08       		.uleb128 0x8
 543 0027 00       		.byte	0
 544 0028 00       		.byte	0
 545 0029 04       		.uleb128 0x4
 546 002a 16       		.uleb128 0x16
 547 002b 00       		.byte	0
 548 002c 03       		.uleb128 0x3
 549 002d 0E       		.uleb128 0xe
 550 002e 3A       		.uleb128 0x3a
 551 002f 0B       		.uleb128 0xb
 552 0030 3B       		.uleb128 0x3b
 553 0031 05       		.uleb128 0x5
 554 0032 49       		.uleb128 0x49
 555 0033 13       		.uleb128 0x13
 556 0034 00       		.byte	0
 557 0035 00       		.byte	0
 558 0036 05       		.uleb128 0x5
 559 0037 35       		.uleb128 0x35
 560 0038 00       		.byte	0
 561 0039 49       		.uleb128 0x49
 562 003a 13       		.uleb128 0x13
 563 003b 00       		.byte	0
 564 003c 00       		.byte	0
 565 003d 06       		.uleb128 0x6
 566 003e 2E       		.uleb128 0x2e
 567 003f 01       		.byte	0x1
 568 0040 3F       		.uleb128 0x3f
 569 0041 19       		.uleb128 0x19
 570 0042 03       		.uleb128 0x3
 571 0043 0E       		.uleb128 0xe
 572 0044 3A       		.uleb128 0x3a
 573 0045 0B       		.uleb128 0xb
 574 0046 3B       		.uleb128 0x3b
 575 0047 0B       		.uleb128 0xb
 576 0048 27       		.uleb128 0x27
 577 0049 19       		.uleb128 0x19
 578 004a 11       		.uleb128 0x11
 579 004b 01       		.uleb128 0x1
 580 004c 12       		.uleb128 0x12
 581 004d 06       		.uleb128 0x6
 582 004e 40       		.uleb128 0x40
 583 004f 18       		.uleb128 0x18
 584 0050 9742     		.uleb128 0x2117
 585 0052 19       		.uleb128 0x19
 586 0053 01       		.uleb128 0x1
 587 0054 13       		.uleb128 0x13
 588 0055 00       		.byte	0
 589 0056 00       		.byte	0
 590 0057 07       		.uleb128 0x7
 591 0058 34       		.uleb128 0x34
 592 0059 00       		.byte	0
ARM GAS  C:\Users\LUKASC~1\AppData\Local\Temp\ccGBKBwf.s 			page 15


 593 005a 03       		.uleb128 0x3
 594 005b 0E       		.uleb128 0xe
 595 005c 3A       		.uleb128 0x3a
 596 005d 0B       		.uleb128 0xb
 597 005e 3B       		.uleb128 0x3b
 598 005f 0B       		.uleb128 0xb
 599 0060 49       		.uleb128 0x49
 600 0061 13       		.uleb128 0x13
 601 0062 02       		.uleb128 0x2
 602 0063 18       		.uleb128 0x18
 603 0064 00       		.byte	0
 604 0065 00       		.byte	0
 605 0066 08       		.uleb128 0x8
 606 0067 34       		.uleb128 0x34
 607 0068 00       		.byte	0
 608 0069 03       		.uleb128 0x3
 609 006a 0E       		.uleb128 0xe
 610 006b 3A       		.uleb128 0x3a
 611 006c 0B       		.uleb128 0xb
 612 006d 3B       		.uleb128 0x3b
 613 006e 0B       		.uleb128 0xb
 614 006f 49       		.uleb128 0x49
 615 0070 13       		.uleb128 0x13
 616 0071 3F       		.uleb128 0x3f
 617 0072 19       		.uleb128 0x19
 618 0073 3C       		.uleb128 0x3c
 619 0074 19       		.uleb128 0x19
 620 0075 00       		.byte	0
 621 0076 00       		.byte	0
 622 0077 09       		.uleb128 0x9
 623 0078 01       		.uleb128 0x1
 624 0079 01       		.byte	0x1
 625 007a 49       		.uleb128 0x49
 626 007b 13       		.uleb128 0x13
 627 007c 01       		.uleb128 0x1
 628 007d 13       		.uleb128 0x13
 629 007e 00       		.byte	0
 630 007f 00       		.byte	0
 631 0080 0A       		.uleb128 0xa
 632 0081 21       		.uleb128 0x21
 633 0082 00       		.byte	0
 634 0083 49       		.uleb128 0x49
 635 0084 13       		.uleb128 0x13
 636 0085 2F       		.uleb128 0x2f
 637 0086 0B       		.uleb128 0xb
 638 0087 00       		.byte	0
 639 0088 00       		.byte	0
 640 0089 00       		.byte	0
 641              		.section	.debug_aranges,"",%progbits
 642 0000 24000000 		.4byte	0x24
 643 0004 0200     		.2byte	0x2
 644 0006 00000000 		.4byte	.Ldebug_info0
 645 000a 04       		.byte	0x4
 646 000b 00       		.byte	0
 647 000c 0000     		.2byte	0
 648 000e 0000     		.2byte	0
 649 0010 00000000 		.4byte	.LFB0
ARM GAS  C:\Users\LUKASC~1\AppData\Local\Temp\ccGBKBwf.s 			page 16


 650 0014 D4000000 		.4byte	.LFE0-.LFB0
 651 0018 00000000 		.4byte	.LFB1
 652 001c DC000000 		.4byte	.LFE1-.LFB1
 653 0020 00000000 		.4byte	0
 654 0024 00000000 		.4byte	0
 655              		.section	.debug_ranges,"",%progbits
 656              	.Ldebug_ranges0:
 657 0000 00000000 		.4byte	.LFB0
 658 0004 D4000000 		.4byte	.LFE0
 659 0008 00000000 		.4byte	.LFB1
 660 000c DC000000 		.4byte	.LFE1
 661 0010 00000000 		.4byte	0
 662 0014 00000000 		.4byte	0
 663              		.section	.debug_line,"",%progbits
 664              	.Ldebug_line0:
 665 0000 A8000000 		.section	.debug_str,"MS",%progbits,1
 665      02005500 
 665      00000201 
 665      FB0E0D00 
 665      01010101 
 666              	.LASF16:
 667 0000 5350494D 		.ascii	"SPIM_RX_ISR\000"
 667      5F52585F 
 667      49535200 
 668              	.LASF3:
 669 000c 73686F72 		.ascii	"short unsigned int\000"
 669      7420756E 
 669      7369676E 
 669      65642069 
 669      6E7400
 670              	.LASF21:
 671 001f 5350494D 		.ascii	"SPIM_txBuffer\000"
 671      5F747842 
 671      75666665 
 671      7200
 672              	.LASF24:
 673 002d 5350494D 		.ascii	"SPIM_txBufferFull\000"
 673      5F747842 
 673      75666665 
 673      7246756C 
 673      6C00
 674              	.LASF28:
 675 003f 5350494D 		.ascii	"SPIM_rxBufferFull\000"
 675      5F727842 
 675      75666665 
 675      7246756C 
 675      6C00
 676              	.LASF9:
 677 0051 666C6F61 		.ascii	"float\000"
 677      7400
 678              	.LASF26:
 679 0057 5350494D 		.ascii	"SPIM_rxBufferRead\000"
 679      5F727842 
 679      75666665 
 679      72526561 
 679      6400
 680              	.LASF1:
ARM GAS  C:\Users\LUKASC~1\AppData\Local\Temp\ccGBKBwf.s 			page 17


 681 0069 756E7369 		.ascii	"unsigned char\000"
 681      676E6564 
 681      20636861 
 681      7200
 682              	.LASF22:
 683 0077 5350494D 		.ascii	"SPIM_txBufferRead\000"
 683      5F747842 
 683      75666665 
 683      72526561 
 683      6400
 684              	.LASF5:
 685 0089 6C6F6E67 		.ascii	"long unsigned int\000"
 685      20756E73 
 685      69676E65 
 685      6420696E 
 685      7400
 686              	.LASF12:
 687 009b 75696E74 		.ascii	"uint8\000"
 687      3800
 688              	.LASF18:
 689 00a1 72784461 		.ascii	"rxData\000"
 689      746100
 690              	.LASF29:
 691 00a8 474E5520 		.ascii	"GNU C 4.9.3 20150303 (release) [ARM/embedded-4_9-br"
 691      4320342E 
 691      392E3320 
 691      32303135 
 691      30333033 
 692 00db 616E6368 		.ascii	"anch revision 221220] -mcpu=cortex-m3 -mthumb -g -O"
 692      20726576 
 692      6973696F 
 692      6E203232 
 692      31323230 
 693 010e 30202D66 		.ascii	"0 -ffunction-sections -ffat-lto-objects\000"
 693      66756E63 
 693      74696F6E 
 693      2D736563 
 693      74696F6E 
 694              	.LASF10:
 695 0136 646F7562 		.ascii	"double\000"
 695      6C6500
 696              	.LASF20:
 697 013d 5350494D 		.ascii	"SPIM_swStatusRx\000"
 697      5F737753 
 697      74617475 
 697      73527800 
 698              	.LASF25:
 699 014d 5350494D 		.ascii	"SPIM_rxBuffer\000"
 699      5F727842 
 699      75666665 
 699      7200
 700              	.LASF19:
 701 015b 5350494D 		.ascii	"SPIM_swStatusTx\000"
 701      5F737753 
 701      74617475 
 701      73547800 
 702              	.LASF8:
ARM GAS  C:\Users\LUKASC~1\AppData\Local\Temp\ccGBKBwf.s 			page 18


 703 016b 756E7369 		.ascii	"unsigned int\000"
 703      676E6564 
 703      20696E74 
 703      00
 704              	.LASF7:
 705 0178 6C6F6E67 		.ascii	"long long unsigned int\000"
 705      206C6F6E 
 705      6720756E 
 705      7369676E 
 705      65642069 
 706              	.LASF27:
 707 018f 5350494D 		.ascii	"SPIM_rxBufferWrite\000"
 707      5F727842 
 707      75666665 
 707      72577269 
 707      746500
 708              	.LASF13:
 709 01a2 72656738 		.ascii	"reg8\000"
 709      00
 710              	.LASF14:
 711 01a7 73697A65 		.ascii	"sizetype\000"
 711      74797065 
 711      00
 712              	.LASF15:
 713 01b0 5350494D 		.ascii	"SPIM_TX_ISR\000"
 713      5F54585F 
 713      49535200 
 714              	.LASF6:
 715 01bc 6C6F6E67 		.ascii	"long long int\000"
 715      206C6F6E 
 715      6720696E 
 715      7400
 716              	.LASF11:
 717 01ca 63686172 		.ascii	"char\000"
 717      00
 718              	.LASF30:
 719 01cf 2E5C4765 		.ascii	".\\Generated_Source\\PSoC5\\SPIM_INT.c\000"
 719      6E657261 
 719      7465645F 
 719      536F7572 
 719      63655C50 
 720              	.LASF2:
 721 01f3 73686F72 		.ascii	"short int\000"
 721      7420696E 
 721      7400
 722              	.LASF4:
 723 01fd 6C6F6E67 		.ascii	"long int\000"
 723      20696E74 
 723      00
 724              	.LASF17:
 725 0206 746D7053 		.ascii	"tmpStatus\000"
 725      74617475 
 725      7300
 726              	.LASF0:
 727 0210 7369676E 		.ascii	"signed char\000"
 727      65642063 
 727      68617200 
ARM GAS  C:\Users\LUKASC~1\AppData\Local\Temp\ccGBKBwf.s 			page 19


 728              	.LASF31:
 729 021c 433A5C55 		.ascii	"C:\\Users\\Lukas Creutzburg\\Documents\\GitHub\\fre"
 729      73657273 
 729      5C4C756B 
 729      61732043 
 729      72657574 
 730 024a 65445350 		.ascii	"eDSPPSoC-I2C\\PSoC5_SPI_Master_CapSense.cydsn\000"
 730      50536F43 
 730      2D493243 
 730      5C50536F 
 730      43355F53 
 731              	.LASF23:
 732 0277 5350494D 		.ascii	"SPIM_txBufferWrite\000"
 732      5F747842 
 732      75666665 
 732      72577269 
 732      746500
 733              		.ident	"GCC: (GNU Tools for ARM Embedded Processors) 4.9.3 20150303 (release) [ARM/embedded-4_9-br
