ARM GAS  C:\Users\LUKASC~1\AppData\Local\Temp\cciI9VAi.s 			page 1


   1              		.syntax unified
   2              		.cpu cortex-m3
   3              		.fpu softvfp
   4              		.eabi_attribute 20, 1
   5              		.eabi_attribute 21, 1
   6              		.eabi_attribute 23, 3
   7              		.eabi_attribute 24, 1
   8              		.eabi_attribute 25, 1
   9              		.eabi_attribute 26, 1
  10              		.eabi_attribute 30, 6
  11              		.eabi_attribute 34, 1
  12              		.eabi_attribute 18, 4
  13              		.thumb
  14              		.file	"USBUART_cls.c"
  15              		.text
  16              	.Ltext0:
  17              		.cfi_sections	.debug_frame
  18              		.section	.text.USBUART_DispatchClassRqst,"ax",%progbits
  19              		.align	2
  20              		.global	USBUART_DispatchClassRqst
  21              		.thumb
  22              		.thumb_func
  23              		.type	USBUART_DispatchClassRqst, %function
  24              	USBUART_DispatchClassRqst:
  25              	.LFB0:
  26              		.file 1 ".\\Generated_Source\\PSoC5\\USBUART_cls.c"
   1:.\Generated_Source\PSoC5/USBUART_cls.c **** /***************************************************************************//**
   2:.\Generated_Source\PSoC5/USBUART_cls.c **** * \file USBUART_cls.c
   3:.\Generated_Source\PSoC5/USBUART_cls.c **** * \version 3.0
   4:.\Generated_Source\PSoC5/USBUART_cls.c **** *
   5:.\Generated_Source\PSoC5/USBUART_cls.c **** * \brief
   6:.\Generated_Source\PSoC5/USBUART_cls.c **** *  This file contains the USB Class request handler.
   7:.\Generated_Source\PSoC5/USBUART_cls.c **** *
   8:.\Generated_Source\PSoC5/USBUART_cls.c **** ********************************************************************************
   9:.\Generated_Source\PSoC5/USBUART_cls.c **** * \copyright
  10:.\Generated_Source\PSoC5/USBUART_cls.c **** * Copyright 2008-2015, Cypress Semiconductor Corporation.  All rights reserved.
  11:.\Generated_Source\PSoC5/USBUART_cls.c **** * You may use this file only in accordance with the license, terms, conditions,
  12:.\Generated_Source\PSoC5/USBUART_cls.c **** * disclaimers, and limitations in the end user license agreement accompanying
  13:.\Generated_Source\PSoC5/USBUART_cls.c **** * the software package with which this file was provided.
  14:.\Generated_Source\PSoC5/USBUART_cls.c **** *******************************************************************************/
  15:.\Generated_Source\PSoC5/USBUART_cls.c **** 
  16:.\Generated_Source\PSoC5/USBUART_cls.c **** #include "USBUART_pvt.h"
  17:.\Generated_Source\PSoC5/USBUART_cls.c **** #include "cyapicallbacks.h"
  18:.\Generated_Source\PSoC5/USBUART_cls.c **** 
  19:.\Generated_Source\PSoC5/USBUART_cls.c **** #if(USBUART_EXTERN_CLS == USBUART_FALSE)
  20:.\Generated_Source\PSoC5/USBUART_cls.c **** 
  21:.\Generated_Source\PSoC5/USBUART_cls.c **** /***************************************
  22:.\Generated_Source\PSoC5/USBUART_cls.c **** * User Implemented Class Driver Declarations.
  23:.\Generated_Source\PSoC5/USBUART_cls.c **** ***************************************/
  24:.\Generated_Source\PSoC5/USBUART_cls.c **** /* `#START USER_DEFINED_CLASS_DECLARATIONS` Place your declaration here */
  25:.\Generated_Source\PSoC5/USBUART_cls.c **** 
  26:.\Generated_Source\PSoC5/USBUART_cls.c **** /* `#END` */
  27:.\Generated_Source\PSoC5/USBUART_cls.c **** 
  28:.\Generated_Source\PSoC5/USBUART_cls.c **** 
  29:.\Generated_Source\PSoC5/USBUART_cls.c **** /*******************************************************************************
  30:.\Generated_Source\PSoC5/USBUART_cls.c **** * Function Name: USBUART_DispatchClassRqst
  31:.\Generated_Source\PSoC5/USBUART_cls.c **** ****************************************************************************//**
ARM GAS  C:\Users\LUKASC~1\AppData\Local\Temp\cciI9VAi.s 			page 2


  32:.\Generated_Source\PSoC5/USBUART_cls.c **** *  This routine dispatches class specific requests depend on interface class.
  33:.\Generated_Source\PSoC5/USBUART_cls.c **** *
  34:.\Generated_Source\PSoC5/USBUART_cls.c **** * \return
  35:.\Generated_Source\PSoC5/USBUART_cls.c **** *  requestHandled.
  36:.\Generated_Source\PSoC5/USBUART_cls.c **** *
  37:.\Generated_Source\PSoC5/USBUART_cls.c **** * \reentrant
  38:.\Generated_Source\PSoC5/USBUART_cls.c **** *  No.
  39:.\Generated_Source\PSoC5/USBUART_cls.c **** *
  40:.\Generated_Source\PSoC5/USBUART_cls.c **** *******************************************************************************/
  41:.\Generated_Source\PSoC5/USBUART_cls.c **** uint8 USBUART_DispatchClassRqst(void) 
  42:.\Generated_Source\PSoC5/USBUART_cls.c **** {
  27              		.loc 1 42 0
  28              		.cfi_startproc
  29              		@ args = 0, pretend = 0, frame = 8
  30              		@ frame_needed = 1, uses_anonymous_args = 0
  31 0000 80B5     		push	{r7, lr}
  32              		.cfi_def_cfa_offset 8
  33              		.cfi_offset 7, -8
  34              		.cfi_offset 14, -4
  35 0002 82B0     		sub	sp, sp, #8
  36              		.cfi_def_cfa_offset 16
  37 0004 00AF     		add	r7, sp, #0
  38              		.cfi_def_cfa_register 7
  43:.\Generated_Source\PSoC5/USBUART_cls.c ****     uint8 requestHandled;
  44:.\Generated_Source\PSoC5/USBUART_cls.c ****     uint8 interfaceNumber;
  45:.\Generated_Source\PSoC5/USBUART_cls.c **** 
  46:.\Generated_Source\PSoC5/USBUART_cls.c ****     /* Get interface to which request is intended. */
  47:.\Generated_Source\PSoC5/USBUART_cls.c ****     switch (USBUART_bmRequestTypeReg & USBUART_RQST_RCPT_MASK)
  39              		.loc 1 47 0
  40 0006 1D4B     		ldr	r3, .L13
  41 0008 1B78     		ldrb	r3, [r3]
  42 000a DBB2     		uxtb	r3, r3
  43 000c 03F00303 		and	r3, r3, #3
  44 0010 012B     		cmp	r3, #1
  45 0012 02D0     		beq	.L3
  46 0014 022B     		cmp	r3, #2
  47 0016 04D0     		beq	.L4
  48 0018 12E0     		b	.L11
  49              	.L3:
  48:.\Generated_Source\PSoC5/USBUART_cls.c ****     {
  49:.\Generated_Source\PSoC5/USBUART_cls.c ****         case USBUART_RQST_RCPT_IFC:
  50:.\Generated_Source\PSoC5/USBUART_cls.c ****             /* Class-specific request directed to interface: wIndexLoReg 
  51:.\Generated_Source\PSoC5/USBUART_cls.c ****             * contains interface number.
  52:.\Generated_Source\PSoC5/USBUART_cls.c ****             */
  53:.\Generated_Source\PSoC5/USBUART_cls.c ****             interfaceNumber = (uint8) USBUART_wIndexLoReg;
  50              		.loc 1 53 0
  51 001a 184B     		ldr	r3, .L13
  52 001c 1B79     		ldrb	r3, [r3, #4]
  53 001e BB71     		strb	r3, [r7, #6]
  54:.\Generated_Source\PSoC5/USBUART_cls.c ****             break;
  54              		.loc 1 54 0
  55 0020 11E0     		b	.L5
  56              	.L4:
  55:.\Generated_Source\PSoC5/USBUART_cls.c ****         
  56:.\Generated_Source\PSoC5/USBUART_cls.c ****         case USBUART_RQST_RCPT_EP:
  57:.\Generated_Source\PSoC5/USBUART_cls.c ****             /* Class-specific request directed to endpoint: wIndexLoReg contains 
  58:.\Generated_Source\PSoC5/USBUART_cls.c ****             * endpoint number. Find interface related to endpoint, 
ARM GAS  C:\Users\LUKASC~1\AppData\Local\Temp\cciI9VAi.s 			page 3


  59:.\Generated_Source\PSoC5/USBUART_cls.c ****             */
  60:.\Generated_Source\PSoC5/USBUART_cls.c ****             interfaceNumber = USBUART_EP[USBUART_wIndexLoReg & USBUART_DIR_UNUSED].interface;
  57              		.loc 1 60 0
  58 0022 164B     		ldr	r3, .L13
  59 0024 1B79     		ldrb	r3, [r3, #4]
  60 0026 DBB2     		uxtb	r3, r3
  61 0028 03F07F02 		and	r2, r3, #127
  62 002c 1449     		ldr	r1, .L13+4
  63 002e 1346     		mov	r3, r2
  64 0030 5B00     		lsls	r3, r3, #1
  65 0032 1344     		add	r3, r3, r2
  66 0034 9B00     		lsls	r3, r3, #2
  67 0036 0B44     		add	r3, r3, r1
  68 0038 0833     		adds	r3, r3, #8
  69 003a 9B78     		ldrb	r3, [r3, #2]
  70 003c BB71     		strb	r3, [r7, #6]
  61:.\Generated_Source\PSoC5/USBUART_cls.c ****             break;
  71              		.loc 1 61 0
  72 003e 02E0     		b	.L5
  73              	.L11:
  62:.\Generated_Source\PSoC5/USBUART_cls.c ****             
  63:.\Generated_Source\PSoC5/USBUART_cls.c ****         default:
  64:.\Generated_Source\PSoC5/USBUART_cls.c ****             /* Default interface is zero. */
  65:.\Generated_Source\PSoC5/USBUART_cls.c ****             interfaceNumber = 0u;
  74              		.loc 1 65 0
  75 0040 0023     		movs	r3, #0
  76 0042 BB71     		strb	r3, [r7, #6]
  66:.\Generated_Source\PSoC5/USBUART_cls.c ****             break;
  77              		.loc 1 66 0
  78 0044 00BF     		nop
  79              	.L5:
  67:.\Generated_Source\PSoC5/USBUART_cls.c ****     }
  68:.\Generated_Source\PSoC5/USBUART_cls.c **** 
  69:.\Generated_Source\PSoC5/USBUART_cls.c **** #if (defined(USBUART_ENABLE_HID_CLASS) ||\
  70:.\Generated_Source\PSoC5/USBUART_cls.c ****             defined(USBUART_ENABLE_AUDIO_CLASS) ||\
  71:.\Generated_Source\PSoC5/USBUART_cls.c ****             defined(USBUART_ENABLE_CDC_CLASS) ||\
  72:.\Generated_Source\PSoC5/USBUART_cls.c ****             USBUART_ENABLE_MSC_CLASS)
  73:.\Generated_Source\PSoC5/USBUART_cls.c **** 
  74:.\Generated_Source\PSoC5/USBUART_cls.c ****     /* Handle class request depends on interface type. */
  75:.\Generated_Source\PSoC5/USBUART_cls.c ****     switch (USBUART_interfaceClass[interfaceNumber])
  80              		.loc 1 75 0
  81 0046 0F4B     		ldr	r3, .L13+8
  82 0048 1A68     		ldr	r2, [r3]
  83 004a BB79     		ldrb	r3, [r7, #6]	@ zero_extendqisi2
  84 004c 1344     		add	r3, r3, r2
  85 004e 1B78     		ldrb	r3, [r3]	@ zero_extendqisi2
  86 0050 022B     		cmp	r3, #2
  87 0052 06D0     		beq	.L7
  88 0054 032B     		cmp	r3, #3
  89 0056 09D1     		bne	.L12
  76:.\Generated_Source\PSoC5/USBUART_cls.c ****     {
  77:.\Generated_Source\PSoC5/USBUART_cls.c ****     #if defined(USBUART_ENABLE_HID_CLASS)
  78:.\Generated_Source\PSoC5/USBUART_cls.c ****         case USBUART_CLASS_HID:
  79:.\Generated_Source\PSoC5/USBUART_cls.c ****             requestHandled = USBUART_DispatchHIDClassRqst();
  90              		.loc 1 79 0
  91 0058 FFF7FEFF 		bl	USBUART_DispatchHIDClassRqst
  92 005c 0346     		mov	r3, r0
ARM GAS  C:\Users\LUKASC~1\AppData\Local\Temp\cciI9VAi.s 			page 4


  93 005e FB71     		strb	r3, [r7, #7]
  80:.\Generated_Source\PSoC5/USBUART_cls.c ****             break;
  94              		.loc 1 80 0
  95 0060 07E0     		b	.L9
  96              	.L7:
  81:.\Generated_Source\PSoC5/USBUART_cls.c ****     #endif /* (USBUART_ENABLE_HID_CLASS) */
  82:.\Generated_Source\PSoC5/USBUART_cls.c ****             
  83:.\Generated_Source\PSoC5/USBUART_cls.c ****     #if defined(USBUART_ENABLE_AUDIO_CLASS)
  84:.\Generated_Source\PSoC5/USBUART_cls.c ****         case USBUART_CLASS_AUDIO:
  85:.\Generated_Source\PSoC5/USBUART_cls.c ****             requestHandled = USBUART_DispatchAUDIOClassRqst();
  86:.\Generated_Source\PSoC5/USBUART_cls.c ****             break;
  87:.\Generated_Source\PSoC5/USBUART_cls.c ****     #endif /* (USBUART_CLASS_AUDIO) */
  88:.\Generated_Source\PSoC5/USBUART_cls.c ****             
  89:.\Generated_Source\PSoC5/USBUART_cls.c ****     #if defined(USBUART_ENABLE_CDC_CLASS)
  90:.\Generated_Source\PSoC5/USBUART_cls.c ****         case USBUART_CLASS_CDC:
  91:.\Generated_Source\PSoC5/USBUART_cls.c ****             requestHandled = USBUART_DispatchCDCClassRqst();
  97              		.loc 1 91 0
  98 0062 FFF7FEFF 		bl	USBUART_DispatchCDCClassRqst
  99 0066 0346     		mov	r3, r0
 100 0068 FB71     		strb	r3, [r7, #7]
  92:.\Generated_Source\PSoC5/USBUART_cls.c ****             break;
 101              		.loc 1 92 0
 102 006a 02E0     		b	.L9
 103              	.L12:
  93:.\Generated_Source\PSoC5/USBUART_cls.c ****     #endif /* (USBUART_ENABLE_CDC_CLASS) */
  94:.\Generated_Source\PSoC5/USBUART_cls.c ****         
  95:.\Generated_Source\PSoC5/USBUART_cls.c ****     #if (USBUART_ENABLE_MSC_CLASS)
  96:.\Generated_Source\PSoC5/USBUART_cls.c ****         case USBUART_CLASS_MSD:
  97:.\Generated_Source\PSoC5/USBUART_cls.c ****         #if (USBUART_HANDLE_MSC_REQUESTS)
  98:.\Generated_Source\PSoC5/USBUART_cls.c ****             /* MSC requests are handled by the component. */
  99:.\Generated_Source\PSoC5/USBUART_cls.c ****             requestHandled = USBUART_DispatchMSCClassRqst();
 100:.\Generated_Source\PSoC5/USBUART_cls.c ****         #elif defined(USBUART_DISPATCH_MSC_CLASS_RQST_CALLBACK)
 101:.\Generated_Source\PSoC5/USBUART_cls.c ****             /* MSC requests are handled by user defined callbcak. */
 102:.\Generated_Source\PSoC5/USBUART_cls.c ****             requestHandled = USBUART_DispatchMSCClassRqst_Callback();
 103:.\Generated_Source\PSoC5/USBUART_cls.c ****         #else
 104:.\Generated_Source\PSoC5/USBUART_cls.c ****             /* MSC requests are not handled. */
 105:.\Generated_Source\PSoC5/USBUART_cls.c ****             requestHandled = USBUART_FALSE;
 106:.\Generated_Source\PSoC5/USBUART_cls.c ****         #endif /* (USBUART_HANDLE_MSC_REQUESTS) */
 107:.\Generated_Source\PSoC5/USBUART_cls.c ****             break;
 108:.\Generated_Source\PSoC5/USBUART_cls.c ****     #endif /* (USBUART_ENABLE_MSC_CLASS) */
 109:.\Generated_Source\PSoC5/USBUART_cls.c ****         
 110:.\Generated_Source\PSoC5/USBUART_cls.c ****         default:
 111:.\Generated_Source\PSoC5/USBUART_cls.c ****             /* Request is not handled: unknown class request type. */
 112:.\Generated_Source\PSoC5/USBUART_cls.c ****             requestHandled = USBUART_FALSE;
 104              		.loc 1 112 0
 105 006c 0023     		movs	r3, #0
 106 006e FB71     		strb	r3, [r7, #7]
 113:.\Generated_Source\PSoC5/USBUART_cls.c ****             break;
 107              		.loc 1 113 0
 108 0070 00BF     		nop
 109              	.L9:
 114:.\Generated_Source\PSoC5/USBUART_cls.c ****     }
 115:.\Generated_Source\PSoC5/USBUART_cls.c **** #else /*No class is defined*/
 116:.\Generated_Source\PSoC5/USBUART_cls.c ****     if (0u != interfaceNumber)
 117:.\Generated_Source\PSoC5/USBUART_cls.c ****     {
 118:.\Generated_Source\PSoC5/USBUART_cls.c ****         /* Suppress warning message */
 119:.\Generated_Source\PSoC5/USBUART_cls.c ****     }
ARM GAS  C:\Users\LUKASC~1\AppData\Local\Temp\cciI9VAi.s 			page 5


 120:.\Generated_Source\PSoC5/USBUART_cls.c ****     requestHandled = USBUART_FALSE;
 121:.\Generated_Source\PSoC5/USBUART_cls.c **** #endif /*HID or AUDIO or MSC or CDC class enabled*/
 122:.\Generated_Source\PSoC5/USBUART_cls.c **** 
 123:.\Generated_Source\PSoC5/USBUART_cls.c ****     /* `#START USER_DEFINED_CLASS_CODE` Place your Class request here */
 124:.\Generated_Source\PSoC5/USBUART_cls.c **** 
 125:.\Generated_Source\PSoC5/USBUART_cls.c ****     /* `#END` */
 126:.\Generated_Source\PSoC5/USBUART_cls.c **** 
 127:.\Generated_Source\PSoC5/USBUART_cls.c **** #ifdef USBUART_DISPATCH_CLASS_RQST_CALLBACK
 128:.\Generated_Source\PSoC5/USBUART_cls.c ****     if (USBUART_FALSE == requestHandled)
 129:.\Generated_Source\PSoC5/USBUART_cls.c ****     {
 130:.\Generated_Source\PSoC5/USBUART_cls.c ****         requestHandled = USBUART_DispatchClassRqst_Callback(interfaceNumber);
 131:.\Generated_Source\PSoC5/USBUART_cls.c ****     }
 132:.\Generated_Source\PSoC5/USBUART_cls.c **** #endif /* (USBUART_DISPATCH_CLASS_RQST_CALLBACK) */
 133:.\Generated_Source\PSoC5/USBUART_cls.c **** 
 134:.\Generated_Source\PSoC5/USBUART_cls.c ****     return (requestHandled);
 110              		.loc 1 134 0
 111 0072 FB79     		ldrb	r3, [r7, #7]	@ zero_extendqisi2
 135:.\Generated_Source\PSoC5/USBUART_cls.c **** }
 112              		.loc 1 135 0
 113 0074 1846     		mov	r0, r3
 114 0076 0837     		adds	r7, r7, #8
 115              		.cfi_def_cfa_offset 8
 116 0078 BD46     		mov	sp, r7
 117              		.cfi_def_cfa_register 13
 118              		@ sp needed
 119 007a 80BD     		pop	{r7, pc}
 120              	.L14:
 121              		.align	2
 122              	.L13:
 123 007c 00600040 		.word	1073766400
 124 0080 00000000 		.word	USBUART_EP
 125 0084 00000000 		.word	USBUART_interfaceClass
 126              		.cfi_endproc
 127              	.LFE0:
 128              		.size	USBUART_DispatchClassRqst, .-USBUART_DispatchClassRqst
 129              		.text
 130              	.Letext0:
 131              		.file 2 ".\\Generated_Source\\PSoC5\\cytypes.h"
 132              		.file 3 ".\\Generated_Source\\PSoC5\\USBUART.h"
 133              		.file 4 ".\\Generated_Source\\PSoC5\\USBUART_pvt.h"
 134              		.section	.debug_info,"",%progbits
 135              	.Ldebug_info0:
 136 0000 B8010000 		.4byte	0x1b8
 137 0004 0400     		.2byte	0x4
 138 0006 00000000 		.4byte	.Ldebug_abbrev0
 139 000a 04       		.byte	0x4
 140 000b 01       		.uleb128 0x1
 141 000c B6000000 		.4byte	.LASF31
 142 0010 01       		.byte	0x1
 143 0011 4F000000 		.4byte	.LASF32
 144 0015 43020000 		.4byte	.LASF33
 145 0019 00000000 		.4byte	.Ldebug_ranges0+0
 146 001d 00000000 		.4byte	0
 147 0021 00000000 		.4byte	.Ldebug_line0
 148 0025 02       		.uleb128 0x2
 149 0026 01       		.byte	0x1
 150 0027 06       		.byte	0x6
ARM GAS  C:\Users\LUKASC~1\AppData\Local\Temp\cciI9VAi.s 			page 6


 151 0028 37020000 		.4byte	.LASF0
 152 002c 02       		.uleb128 0x2
 153 002d 01       		.byte	0x1
 154 002e 08       		.byte	0x8
 155 002f A8000000 		.4byte	.LASF1
 156 0033 02       		.uleb128 0x2
 157 0034 02       		.byte	0x2
 158 0035 05       		.byte	0x5
 159 0036 FD010000 		.4byte	.LASF2
 160 003a 02       		.uleb128 0x2
 161 003b 02       		.byte	0x2
 162 003c 07       		.byte	0x7
 163 003d 00000000 		.4byte	.LASF3
 164 0041 02       		.uleb128 0x2
 165 0042 04       		.byte	0x4
 166 0043 05       		.byte	0x5
 167 0044 17020000 		.4byte	.LASF4
 168 0048 02       		.uleb128 0x2
 169 0049 04       		.byte	0x4
 170 004a 07       		.byte	0x7
 171 004b 81000000 		.4byte	.LASF5
 172 004f 02       		.uleb128 0x2
 173 0050 08       		.byte	0x8
 174 0051 05       		.byte	0x5
 175 0052 DF010000 		.4byte	.LASF6
 176 0056 02       		.uleb128 0x2
 177 0057 08       		.byte	0x8
 178 0058 07       		.byte	0x7
 179 0059 7C010000 		.4byte	.LASF7
 180 005d 03       		.uleb128 0x3
 181 005e 04       		.byte	0x4
 182 005f 05       		.byte	0x5
 183 0060 696E7400 		.ascii	"int\000"
 184 0064 02       		.uleb128 0x2
 185 0065 04       		.byte	0x4
 186 0066 07       		.byte	0x7
 187 0067 6F010000 		.4byte	.LASF8
 188 006b 04       		.uleb128 0x4
 189 006c 07020000 		.4byte	.LASF9
 190 0070 02       		.byte	0x2
 191 0071 3801     		.2byte	0x138
 192 0073 2C000000 		.4byte	0x2c
 193 0077 04       		.uleb128 0x4
 194 0078 5D010000 		.4byte	.LASF10
 195 007c 02       		.byte	0x2
 196 007d 3901     		.2byte	0x139
 197 007f 3A000000 		.4byte	0x3a
 198 0083 02       		.uleb128 0x2
 199 0084 04       		.byte	0x4
 200 0085 04       		.byte	0x4
 201 0086 40000000 		.4byte	.LASF11
 202 008a 02       		.uleb128 0x2
 203 008b 08       		.byte	0x8
 204 008c 04       		.byte	0x4
 205 008d 44010000 		.4byte	.LASF12
 206 0091 02       		.uleb128 0x2
 207 0092 01       		.byte	0x1
ARM GAS  C:\Users\LUKASC~1\AppData\Local\Temp\cciI9VAi.s 			page 7


 208 0093 08       		.byte	0x8
 209 0094 ED010000 		.4byte	.LASF13
 210 0098 02       		.uleb128 0x2
 211 0099 04       		.byte	0x4
 212 009a 07       		.byte	0x7
 213 009b CF010000 		.4byte	.LASF14
 214 009f 05       		.uleb128 0x5
 215 00a0 0C       		.byte	0xc
 216 00a1 03       		.byte	0x3
 217 00a2 91       		.byte	0x91
 218 00a3 14010000 		.4byte	0x114
 219 00a7 06       		.uleb128 0x6
 220 00a8 4B010000 		.4byte	.LASF15
 221 00ac 03       		.byte	0x3
 222 00ad 93       		.byte	0x93
 223 00ae 6B000000 		.4byte	0x6b
 224 00b2 00       		.byte	0
 225 00b3 06       		.uleb128 0x6
 226 00b4 64010000 		.4byte	.LASF16
 227 00b8 03       		.byte	0x3
 228 00b9 94       		.byte	0x94
 229 00ba 6B000000 		.4byte	0x6b
 230 00be 01       		.byte	0x1
 231 00bf 06       		.uleb128 0x6
 232 00c0 93010000 		.4byte	.LASF17
 233 00c4 03       		.byte	0x3
 234 00c5 95       		.byte	0x95
 235 00c6 6B000000 		.4byte	0x6b
 236 00ca 02       		.byte	0x2
 237 00cb 06       		.uleb128 0x6
 238 00cc 46000000 		.4byte	.LASF18
 239 00d0 03       		.byte	0x3
 240 00d1 96       		.byte	0x96
 241 00d2 6B000000 		.4byte	0x6b
 242 00d6 03       		.byte	0x3
 243 00d7 06       		.uleb128 0x6
 244 00d8 93000000 		.4byte	.LASF19
 245 00dc 03       		.byte	0x3
 246 00dd 97       		.byte	0x97
 247 00de 6B000000 		.4byte	0x6b
 248 00e2 04       		.byte	0x4
 249 00e3 06       		.uleb128 0x6
 250 00e4 D8010000 		.4byte	.LASF20
 251 00e8 03       		.byte	0x3
 252 00e9 98       		.byte	0x98
 253 00ea 6B000000 		.4byte	0x6b
 254 00ee 05       		.byte	0x5
 255 00ef 06       		.uleb128 0x6
 256 00f0 52010000 		.4byte	.LASF21
 257 00f4 03       		.byte	0x3
 258 00f5 99       		.byte	0x99
 259 00f6 77000000 		.4byte	0x77
 260 00fa 06       		.byte	0x6
 261 00fb 06       		.uleb128 0x6
 262 00fc F2010000 		.4byte	.LASF22
 263 0100 03       		.byte	0x3
 264 0101 9A       		.byte	0x9a
ARM GAS  C:\Users\LUKASC~1\AppData\Local\Temp\cciI9VAi.s 			page 8


 265 0102 77000000 		.4byte	0x77
 266 0106 08       		.byte	0x8
 267 0107 06       		.uleb128 0x6
 268 0108 0D020000 		.4byte	.LASF23
 269 010c 03       		.byte	0x3
 270 010d 9B       		.byte	0x9b
 271 010e 6B000000 		.4byte	0x6b
 272 0112 0A       		.byte	0xa
 273 0113 00       		.byte	0
 274 0114 07       		.uleb128 0x7
 275 0115 20020000 		.4byte	.LASF24
 276 0119 03       		.byte	0x3
 277 011a 9C       		.byte	0x9c
 278 011b 9F000000 		.4byte	0x9f
 279 011f 05       		.uleb128 0x5
 280 0120 08       		.byte	0x8
 281 0121 03       		.byte	0x3
 282 0122 C9       		.byte	0xc9
 283 0123 34010000 		.4byte	0x134
 284 0127 06       		.uleb128 0x6
 285 0128 2A000000 		.4byte	.LASF25
 286 012c 03       		.byte	0x3
 287 012d CB       		.byte	0xcb
 288 012e 34010000 		.4byte	0x134
 289 0132 00       		.byte	0
 290 0133 00       		.byte	0
 291 0134 08       		.uleb128 0x8
 292 0135 6B000000 		.4byte	0x6b
 293 0139 44010000 		.4byte	0x144
 294 013d 09       		.uleb128 0x9
 295 013e 98000000 		.4byte	0x98
 296 0142 07       		.byte	0x7
 297 0143 00       		.byte	0
 298 0144 07       		.uleb128 0x7
 299 0145 B7010000 		.4byte	.LASF26
 300 0149 03       		.byte	0x3
 301 014a CC       		.byte	0xcc
 302 014b 1F010000 		.4byte	0x11f
 303 014f 0A       		.uleb128 0xa
 304 0150 9D010000 		.4byte	.LASF34
 305 0154 01       		.byte	0x1
 306 0155 29       		.byte	0x29
 307 0156 6B000000 		.4byte	0x6b
 308 015a 00000000 		.4byte	.LFB0
 309 015e 88000000 		.4byte	.LFE0-.LFB0
 310 0162 01       		.uleb128 0x1
 311 0163 9C       		.byte	0x9c
 312 0164 85010000 		.4byte	0x185
 313 0168 0B       		.uleb128 0xb
 314 0169 31000000 		.4byte	.LASF27
 315 016d 01       		.byte	0x1
 316 016e 2B       		.byte	0x2b
 317 016f 6B000000 		.4byte	0x6b
 318 0173 02       		.uleb128 0x2
 319 0174 91       		.byte	0x91
 320 0175 77       		.sleb128 -9
 321 0176 0B       		.uleb128 0xb
ARM GAS  C:\Users\LUKASC~1\AppData\Local\Temp\cciI9VAi.s 			page 9


 322 0177 98000000 		.4byte	.LASF28
 323 017b 01       		.byte	0x1
 324 017c 2C       		.byte	0x2c
 325 017d 6B000000 		.4byte	0x6b
 326 0181 02       		.uleb128 0x2
 327 0182 91       		.byte	0x91
 328 0183 76       		.sleb128 -10
 329 0184 00       		.byte	0
 330 0185 0C       		.uleb128 0xc
 331 0186 13000000 		.4byte	.LASF29
 332 018a 04       		.byte	0x4
 333 018b 78       		.byte	0x78
 334 018c 90010000 		.4byte	0x190
 335 0190 0D       		.uleb128 0xd
 336 0191 04       		.byte	0x4
 337 0192 96010000 		.4byte	0x196
 338 0196 0E       		.uleb128 0xe
 339 0197 6B000000 		.4byte	0x6b
 340 019b 08       		.uleb128 0x8
 341 019c 14010000 		.4byte	0x114
 342 01a0 AB010000 		.4byte	0x1ab
 343 01a4 09       		.uleb128 0x9
 344 01a5 98000000 		.4byte	0x98
 345 01a9 08       		.byte	0x8
 346 01aa 00       		.byte	0
 347 01ab 0C       		.uleb128 0xc
 348 01ac 76000000 		.4byte	.LASF30
 349 01b0 04       		.byte	0x4
 350 01b1 7A       		.byte	0x7a
 351 01b2 B6010000 		.4byte	0x1b6
 352 01b6 0F       		.uleb128 0xf
 353 01b7 9B010000 		.4byte	0x19b
 354 01bb 00       		.byte	0
 355              		.section	.debug_abbrev,"",%progbits
 356              	.Ldebug_abbrev0:
 357 0000 01       		.uleb128 0x1
 358 0001 11       		.uleb128 0x11
 359 0002 01       		.byte	0x1
 360 0003 25       		.uleb128 0x25
 361 0004 0E       		.uleb128 0xe
 362 0005 13       		.uleb128 0x13
 363 0006 0B       		.uleb128 0xb
 364 0007 03       		.uleb128 0x3
 365 0008 0E       		.uleb128 0xe
 366 0009 1B       		.uleb128 0x1b
 367 000a 0E       		.uleb128 0xe
 368 000b 55       		.uleb128 0x55
 369 000c 17       		.uleb128 0x17
 370 000d 11       		.uleb128 0x11
 371 000e 01       		.uleb128 0x1
 372 000f 10       		.uleb128 0x10
 373 0010 17       		.uleb128 0x17
 374 0011 00       		.byte	0
 375 0012 00       		.byte	0
 376 0013 02       		.uleb128 0x2
 377 0014 24       		.uleb128 0x24
 378 0015 00       		.byte	0
ARM GAS  C:\Users\LUKASC~1\AppData\Local\Temp\cciI9VAi.s 			page 10


 379 0016 0B       		.uleb128 0xb
 380 0017 0B       		.uleb128 0xb
 381 0018 3E       		.uleb128 0x3e
 382 0019 0B       		.uleb128 0xb
 383 001a 03       		.uleb128 0x3
 384 001b 0E       		.uleb128 0xe
 385 001c 00       		.byte	0
 386 001d 00       		.byte	0
 387 001e 03       		.uleb128 0x3
 388 001f 24       		.uleb128 0x24
 389 0020 00       		.byte	0
 390 0021 0B       		.uleb128 0xb
 391 0022 0B       		.uleb128 0xb
 392 0023 3E       		.uleb128 0x3e
 393 0024 0B       		.uleb128 0xb
 394 0025 03       		.uleb128 0x3
 395 0026 08       		.uleb128 0x8
 396 0027 00       		.byte	0
 397 0028 00       		.byte	0
 398 0029 04       		.uleb128 0x4
 399 002a 16       		.uleb128 0x16
 400 002b 00       		.byte	0
 401 002c 03       		.uleb128 0x3
 402 002d 0E       		.uleb128 0xe
 403 002e 3A       		.uleb128 0x3a
 404 002f 0B       		.uleb128 0xb
 405 0030 3B       		.uleb128 0x3b
 406 0031 05       		.uleb128 0x5
 407 0032 49       		.uleb128 0x49
 408 0033 13       		.uleb128 0x13
 409 0034 00       		.byte	0
 410 0035 00       		.byte	0
 411 0036 05       		.uleb128 0x5
 412 0037 13       		.uleb128 0x13
 413 0038 01       		.byte	0x1
 414 0039 0B       		.uleb128 0xb
 415 003a 0B       		.uleb128 0xb
 416 003b 3A       		.uleb128 0x3a
 417 003c 0B       		.uleb128 0xb
 418 003d 3B       		.uleb128 0x3b
 419 003e 0B       		.uleb128 0xb
 420 003f 01       		.uleb128 0x1
 421 0040 13       		.uleb128 0x13
 422 0041 00       		.byte	0
 423 0042 00       		.byte	0
 424 0043 06       		.uleb128 0x6
 425 0044 0D       		.uleb128 0xd
 426 0045 00       		.byte	0
 427 0046 03       		.uleb128 0x3
 428 0047 0E       		.uleb128 0xe
 429 0048 3A       		.uleb128 0x3a
 430 0049 0B       		.uleb128 0xb
 431 004a 3B       		.uleb128 0x3b
 432 004b 0B       		.uleb128 0xb
 433 004c 49       		.uleb128 0x49
 434 004d 13       		.uleb128 0x13
 435 004e 38       		.uleb128 0x38
ARM GAS  C:\Users\LUKASC~1\AppData\Local\Temp\cciI9VAi.s 			page 11


 436 004f 0B       		.uleb128 0xb
 437 0050 00       		.byte	0
 438 0051 00       		.byte	0
 439 0052 07       		.uleb128 0x7
 440 0053 16       		.uleb128 0x16
 441 0054 00       		.byte	0
 442 0055 03       		.uleb128 0x3
 443 0056 0E       		.uleb128 0xe
 444 0057 3A       		.uleb128 0x3a
 445 0058 0B       		.uleb128 0xb
 446 0059 3B       		.uleb128 0x3b
 447 005a 0B       		.uleb128 0xb
 448 005b 49       		.uleb128 0x49
 449 005c 13       		.uleb128 0x13
 450 005d 00       		.byte	0
 451 005e 00       		.byte	0
 452 005f 08       		.uleb128 0x8
 453 0060 01       		.uleb128 0x1
 454 0061 01       		.byte	0x1
 455 0062 49       		.uleb128 0x49
 456 0063 13       		.uleb128 0x13
 457 0064 01       		.uleb128 0x1
 458 0065 13       		.uleb128 0x13
 459 0066 00       		.byte	0
 460 0067 00       		.byte	0
 461 0068 09       		.uleb128 0x9
 462 0069 21       		.uleb128 0x21
 463 006a 00       		.byte	0
 464 006b 49       		.uleb128 0x49
 465 006c 13       		.uleb128 0x13
 466 006d 2F       		.uleb128 0x2f
 467 006e 0B       		.uleb128 0xb
 468 006f 00       		.byte	0
 469 0070 00       		.byte	0
 470 0071 0A       		.uleb128 0xa
 471 0072 2E       		.uleb128 0x2e
 472 0073 01       		.byte	0x1
 473 0074 3F       		.uleb128 0x3f
 474 0075 19       		.uleb128 0x19
 475 0076 03       		.uleb128 0x3
 476 0077 0E       		.uleb128 0xe
 477 0078 3A       		.uleb128 0x3a
 478 0079 0B       		.uleb128 0xb
 479 007a 3B       		.uleb128 0x3b
 480 007b 0B       		.uleb128 0xb
 481 007c 27       		.uleb128 0x27
 482 007d 19       		.uleb128 0x19
 483 007e 49       		.uleb128 0x49
 484 007f 13       		.uleb128 0x13
 485 0080 11       		.uleb128 0x11
 486 0081 01       		.uleb128 0x1
 487 0082 12       		.uleb128 0x12
 488 0083 06       		.uleb128 0x6
 489 0084 40       		.uleb128 0x40
 490 0085 18       		.uleb128 0x18
 491 0086 9642     		.uleb128 0x2116
 492 0088 19       		.uleb128 0x19
ARM GAS  C:\Users\LUKASC~1\AppData\Local\Temp\cciI9VAi.s 			page 12


 493 0089 01       		.uleb128 0x1
 494 008a 13       		.uleb128 0x13
 495 008b 00       		.byte	0
 496 008c 00       		.byte	0
 497 008d 0B       		.uleb128 0xb
 498 008e 34       		.uleb128 0x34
 499 008f 00       		.byte	0
 500 0090 03       		.uleb128 0x3
 501 0091 0E       		.uleb128 0xe
 502 0092 3A       		.uleb128 0x3a
 503 0093 0B       		.uleb128 0xb
 504 0094 3B       		.uleb128 0x3b
 505 0095 0B       		.uleb128 0xb
 506 0096 49       		.uleb128 0x49
 507 0097 13       		.uleb128 0x13
 508 0098 02       		.uleb128 0x2
 509 0099 18       		.uleb128 0x18
 510 009a 00       		.byte	0
 511 009b 00       		.byte	0
 512 009c 0C       		.uleb128 0xc
 513 009d 34       		.uleb128 0x34
 514 009e 00       		.byte	0
 515 009f 03       		.uleb128 0x3
 516 00a0 0E       		.uleb128 0xe
 517 00a1 3A       		.uleb128 0x3a
 518 00a2 0B       		.uleb128 0xb
 519 00a3 3B       		.uleb128 0x3b
 520 00a4 0B       		.uleb128 0xb
 521 00a5 49       		.uleb128 0x49
 522 00a6 13       		.uleb128 0x13
 523 00a7 3F       		.uleb128 0x3f
 524 00a8 19       		.uleb128 0x19
 525 00a9 3C       		.uleb128 0x3c
 526 00aa 19       		.uleb128 0x19
 527 00ab 00       		.byte	0
 528 00ac 00       		.byte	0
 529 00ad 0D       		.uleb128 0xd
 530 00ae 0F       		.uleb128 0xf
 531 00af 00       		.byte	0
 532 00b0 0B       		.uleb128 0xb
 533 00b1 0B       		.uleb128 0xb
 534 00b2 49       		.uleb128 0x49
 535 00b3 13       		.uleb128 0x13
 536 00b4 00       		.byte	0
 537 00b5 00       		.byte	0
 538 00b6 0E       		.uleb128 0xe
 539 00b7 26       		.uleb128 0x26
 540 00b8 00       		.byte	0
 541 00b9 49       		.uleb128 0x49
 542 00ba 13       		.uleb128 0x13
 543 00bb 00       		.byte	0
 544 00bc 00       		.byte	0
 545 00bd 0F       		.uleb128 0xf
 546 00be 35       		.uleb128 0x35
 547 00bf 00       		.byte	0
 548 00c0 49       		.uleb128 0x49
 549 00c1 13       		.uleb128 0x13
ARM GAS  C:\Users\LUKASC~1\AppData\Local\Temp\cciI9VAi.s 			page 13


 550 00c2 00       		.byte	0
 551 00c3 00       		.byte	0
 552 00c4 00       		.byte	0
 553              		.section	.debug_aranges,"",%progbits
 554 0000 1C000000 		.4byte	0x1c
 555 0004 0200     		.2byte	0x2
 556 0006 00000000 		.4byte	.Ldebug_info0
 557 000a 04       		.byte	0x4
 558 000b 00       		.byte	0
 559 000c 0000     		.2byte	0
 560 000e 0000     		.2byte	0
 561 0010 00000000 		.4byte	.LFB0
 562 0014 88000000 		.4byte	.LFE0-.LFB0
 563 0018 00000000 		.4byte	0
 564 001c 00000000 		.4byte	0
 565              		.section	.debug_ranges,"",%progbits
 566              	.Ldebug_ranges0:
 567 0000 00000000 		.4byte	.LFB0
 568 0004 88000000 		.4byte	.LFE0
 569 0008 00000000 		.4byte	0
 570 000c 00000000 		.4byte	0
 571              		.section	.debug_line,"",%progbits
 572              	.Ldebug_line0:
 573 0000 95000000 		.section	.debug_str,"MS",%progbits,1
 573      02006800 
 573      00000201 
 573      FB0E0D00 
 573      01010101 
 574              	.LASF3:
 575 0000 73686F72 		.ascii	"short unsigned int\000"
 575      7420756E 
 575      7369676E 
 575      65642069 
 575      6E7400
 576              	.LASF29:
 577 0013 55534255 		.ascii	"USBUART_interfaceClass\000"
 577      4152545F 
 577      696E7465 
 577      72666163 
 577      65436C61 
 578              	.LASF25:
 579 002a 65704461 		.ascii	"epData\000"
 579      746100
 580              	.LASF27:
 581 0031 72657175 		.ascii	"requestHandled\000"
 581      65737448 
 581      616E646C 
 581      656400
 582              	.LASF11:
 583 0040 666C6F61 		.ascii	"float\000"
 583      7400
 584              	.LASF18:
 585 0046 6570546F 		.ascii	"epToggle\000"
 585      67676C65 
 585      00
 586              	.LASF32:
 587 004f 2E5C4765 		.ascii	".\\Generated_Source\\PSoC5\\USBUART_cls.c\000"
ARM GAS  C:\Users\LUKASC~1\AppData\Local\Temp\cciI9VAi.s 			page 14


 587      6E657261 
 587      7465645F 
 587      536F7572 
 587      63655C50 
 588              	.LASF30:
 589 0076 55534255 		.ascii	"USBUART_EP\000"
 589      4152545F 
 589      455000
 590              	.LASF5:
 591 0081 6C6F6E67 		.ascii	"long unsigned int\000"
 591      20756E73 
 591      69676E65 
 591      6420696E 
 591      7400
 592              	.LASF19:
 593 0093 61646472 		.ascii	"addr\000"
 593      00
 594              	.LASF28:
 595 0098 696E7465 		.ascii	"interfaceNumber\000"
 595      72666163 
 595      654E756D 
 595      62657200 
 596              	.LASF1:
 597 00a8 756E7369 		.ascii	"unsigned char\000"
 597      676E6564 
 597      20636861 
 597      7200
 598              	.LASF31:
 599 00b6 474E5520 		.ascii	"GNU C 4.9.3 20150303 (release) [ARM/embedded-4_9-br"
 599      4320342E 
 599      392E3320 
 599      32303135 
 599      30333033 
 600 00e9 616E6368 		.ascii	"anch revision 221220] -mcpu=cortex-m3 -mthumb -g -O"
 600      20726576 
 600      6973696F 
 600      6E203232 
 600      31323230 
 601 011c 30202D66 		.ascii	"0 -ffunction-sections -ffat-lto-objects\000"
 601      66756E63 
 601      74696F6E 
 601      2D736563 
 601      74696F6E 
 602              	.LASF12:
 603 0144 646F7562 		.ascii	"double\000"
 603      6C6500
 604              	.LASF15:
 605 014b 61747472 		.ascii	"attrib\000"
 605      696200
 606              	.LASF21:
 607 0152 62756666 		.ascii	"buffOffset\000"
 607      4F666673 
 607      657400
 608              	.LASF10:
 609 015d 75696E74 		.ascii	"uint16\000"
 609      313600
 610              	.LASF16:
ARM GAS  C:\Users\LUKASC~1\AppData\Local\Temp\cciI9VAi.s 			page 15


 611 0164 61706945 		.ascii	"apiEpState\000"
 611      70537461 
 611      746500
 612              	.LASF8:
 613 016f 756E7369 		.ascii	"unsigned int\000"
 613      676E6564 
 613      20696E74 
 613      00
 614              	.LASF7:
 615 017c 6C6F6E67 		.ascii	"long long unsigned int\000"
 615      206C6F6E 
 615      6720756E 
 615      7369676E 
 615      65642069 
 616              	.LASF17:
 617 0193 68774570 		.ascii	"hwEpState\000"
 617      53746174 
 617      6500
 618              	.LASF34:
 619 019d 55534255 		.ascii	"USBUART_DispatchClassRqst\000"
 619      4152545F 
 619      44697370 
 619      61746368 
 619      436C6173 
 620              	.LASF26:
 621 01b7 55534255 		.ascii	"USBUART_ep0_data_struct\000"
 621      4152545F 
 621      6570305F 
 621      64617461 
 621      5F737472 
 622              	.LASF14:
 623 01cf 73697A65 		.ascii	"sizetype\000"
 623      74797065 
 623      00
 624              	.LASF20:
 625 01d8 65704D6F 		.ascii	"epMode\000"
 625      646500
 626              	.LASF6:
 627 01df 6C6F6E67 		.ascii	"long long int\000"
 627      206C6F6E 
 627      6720696E 
 627      7400
 628              	.LASF13:
 629 01ed 63686172 		.ascii	"char\000"
 629      00
 630              	.LASF22:
 631 01f2 62756666 		.ascii	"bufferSize\000"
 631      65725369 
 631      7A6500
 632              	.LASF2:
 633 01fd 73686F72 		.ascii	"short int\000"
 633      7420696E 
 633      7400
 634              	.LASF9:
 635 0207 75696E74 		.ascii	"uint8\000"
 635      3800
 636              	.LASF23:
ARM GAS  C:\Users\LUKASC~1\AppData\Local\Temp\cciI9VAi.s 			page 16


 637 020d 696E7465 		.ascii	"interface\000"
 637      72666163 
 637      6500
 638              	.LASF4:
 639 0217 6C6F6E67 		.ascii	"long int\000"
 639      20696E74 
 639      00
 640              	.LASF24:
 641 0220 545F5553 		.ascii	"T_USBUART_EP_CTL_BLOCK\000"
 641      42554152 
 641      545F4550 
 641      5F43544C 
 641      5F424C4F 
 642              	.LASF0:
 643 0237 7369676E 		.ascii	"signed char\000"
 643      65642063 
 643      68617200 
 644              	.LASF33:
 645 0243 433A5C55 		.ascii	"C:\\Users\\Lukas Creutzburg\\Documents\\GitHub\\fre"
 645      73657273 
 645      5C4C756B 
 645      61732043 
 645      72657574 
 646 0271 65445350 		.ascii	"eDSPPSoC-I2C\\PSoC5_SPI_Master_CapSense.cydsn\000"
 646      50536F43 
 646      2D493243 
 646      5C50536F 
 646      43355F53 
 647              		.ident	"GCC: (GNU Tools for ARM Embedded Processors) 4.9.3 20150303 (release) [ARM/embedded-4_9-br
