ARM GAS  C:\Users\LUKASC~1\AppData\Local\Temp\ccZbB1mc.s 			page 1


   1              		.syntax unified
   2              		.cpu cortex-m3
   3              		.fpu softvfp
   4              		.eabi_attribute 20, 1
   5              		.eabi_attribute 21, 1
   6              		.eabi_attribute 23, 3
   7              		.eabi_attribute 24, 1
   8              		.eabi_attribute 25, 1
   9              		.eabi_attribute 26, 1
  10              		.eabi_attribute 30, 6
  11              		.eabi_attribute 34, 1
  12              		.eabi_attribute 18, 4
  13              		.thumb
  14              		.file	"CapSense_CSD_Pins.c"
  15              		.text
  16              	.Ltext0:
  17              		.cfi_sections	.debug_frame
  18              		.section	.text.CapSense_CSD_SetAllSensorsDriveMode,"ax",%progbits
  19              		.align	2
  20              		.global	CapSense_CSD_SetAllSensorsDriveMode
  21              		.thumb
  22              		.thumb_func
  23              		.type	CapSense_CSD_SetAllSensorsDriveMode, %function
  24              	CapSense_CSD_SetAllSensorsDriveMode:
  25              	.LFB0:
  26              		.file 1 ".\\Generated_Source\\PSoC5\\CapSense_CSD_Pins.c"
   1:.\Generated_Source\PSoC5/CapSense_CSD_Pins.c **** /*******************************************************************************
   2:.\Generated_Source\PSoC5/CapSense_CSD_Pins.c **** * File Name: CapSense_CSD_Pins.c
   3:.\Generated_Source\PSoC5/CapSense_CSD_Pins.c **** * Version 3.40
   4:.\Generated_Source\PSoC5/CapSense_CSD_Pins.c **** *
   5:.\Generated_Source\PSoC5/CapSense_CSD_Pins.c **** * Description:
   6:.\Generated_Source\PSoC5/CapSense_CSD_Pins.c **** *  This file contains API to enable firmware control of a Pins component.
   7:.\Generated_Source\PSoC5/CapSense_CSD_Pins.c **** *
   8:.\Generated_Source\PSoC5/CapSense_CSD_Pins.c **** * Note:
   9:.\Generated_Source\PSoC5/CapSense_CSD_Pins.c **** *
  10:.\Generated_Source\PSoC5/CapSense_CSD_Pins.c **** ********************************************************************************
  11:.\Generated_Source\PSoC5/CapSense_CSD_Pins.c **** * Copyright 2008-2013, Cypress Semiconductor Corporation.  All rights reserved.
  12:.\Generated_Source\PSoC5/CapSense_CSD_Pins.c **** * You may use this file only in accordance with the license, terms, conditions,
  13:.\Generated_Source\PSoC5/CapSense_CSD_Pins.c **** * disclaimers, and limitations in the end user license agreement accompanying
  14:.\Generated_Source\PSoC5/CapSense_CSD_Pins.c **** * the software package with which this file was provided.
  15:.\Generated_Source\PSoC5/CapSense_CSD_Pins.c **** *******************************************************************************/
  16:.\Generated_Source\PSoC5/CapSense_CSD_Pins.c **** 
  17:.\Generated_Source\PSoC5/CapSense_CSD_Pins.c **** #include "CapSense_CSD_Pins.h"
  18:.\Generated_Source\PSoC5/CapSense_CSD_Pins.c **** 
  19:.\Generated_Source\PSoC5/CapSense_CSD_Pins.c **** 
  20:.\Generated_Source\PSoC5/CapSense_CSD_Pins.c **** /*******************************************************************************
  21:.\Generated_Source\PSoC5/CapSense_CSD_Pins.c **** * Function Name: CapSense_CSD_SetAllSensorsDriveMode
  22:.\Generated_Source\PSoC5/CapSense_CSD_Pins.c **** ********************************************************************************
  23:.\Generated_Source\PSoC5/CapSense_CSD_Pins.c **** *
  24:.\Generated_Source\PSoC5/CapSense_CSD_Pins.c **** * Summary:
  25:.\Generated_Source\PSoC5/CapSense_CSD_Pins.c **** *  Sets the drive mode for the all pins used by capacitive sensors within 
  26:.\Generated_Source\PSoC5/CapSense_CSD_Pins.c **** *  CapSense component.
  27:.\Generated_Source\PSoC5/CapSense_CSD_Pins.c **** * 
  28:.\Generated_Source\PSoC5/CapSense_CSD_Pins.c **** * Parameters:  
  29:.\Generated_Source\PSoC5/CapSense_CSD_Pins.c **** *  mode: Desired drive mode.
  30:.\Generated_Source\PSoC5/CapSense_CSD_Pins.c **** *
  31:.\Generated_Source\PSoC5/CapSense_CSD_Pins.c **** * Return: 
ARM GAS  C:\Users\LUKASC~1\AppData\Local\Temp\ccZbB1mc.s 			page 2


  32:.\Generated_Source\PSoC5/CapSense_CSD_Pins.c **** *  None
  33:.\Generated_Source\PSoC5/CapSense_CSD_Pins.c **** *
  34:.\Generated_Source\PSoC5/CapSense_CSD_Pins.c **** *******************************************************************************/
  35:.\Generated_Source\PSoC5/CapSense_CSD_Pins.c **** void CapSense_CSD_SetAllSensorsDriveMode(uint8 mode) 
  36:.\Generated_Source\PSoC5/CapSense_CSD_Pins.c **** {
  27              		.loc 1 36 0
  28              		.cfi_startproc
  29              		@ args = 0, pretend = 0, frame = 8
  30              		@ frame_needed = 1, uses_anonymous_args = 0
  31              		@ link register save eliminated.
  32 0000 80B4     		push	{r7}
  33              		.cfi_def_cfa_offset 4
  34              		.cfi_offset 7, -4
  35 0002 83B0     		sub	sp, sp, #12
  36              		.cfi_def_cfa_offset 16
  37 0004 00AF     		add	r7, sp, #0
  38              		.cfi_def_cfa_register 7
  39 0006 0346     		mov	r3, r0
  40 0008 FB71     		strb	r3, [r7, #7]
  37:.\Generated_Source\PSoC5/CapSense_CSD_Pins.c ****     /* Set pins drive mode */
  38:.\Generated_Source\PSoC5/CapSense_CSD_Pins.c ****     CyPins_SetPinDriveMode(CapSense_CSD_PortCH0__Button0__BTN, mode);
  41              		.loc 1 38 0
  42 000a 3A4B     		ldr	r3, .L2
  43 000c 394A     		ldr	r2, .L2
  44 000e 1278     		ldrb	r2, [r2]
  45 0010 D2B2     		uxtb	r2, r2
  46 0012 D2B2     		uxtb	r2, r2
  47 0014 22F00E02 		bic	r2, r2, #14
  48 0018 D1B2     		uxtb	r1, r2
  49 001a FA79     		ldrb	r2, [r7, #7]	@ zero_extendqisi2
  50 001c 02F00E02 		and	r2, r2, #14
  51 0020 D2B2     		uxtb	r2, r2
  52 0022 0A43     		orrs	r2, r2, r1
  53 0024 D2B2     		uxtb	r2, r2
  54 0026 D2B2     		uxtb	r2, r2
  55 0028 1A70     		strb	r2, [r3]
  39:.\Generated_Source\PSoC5/CapSense_CSD_Pins.c ****     CyPins_SetPinDriveMode(CapSense_CSD_PortCH0__LinearSlider0_e0__LS, mode);
  56              		.loc 1 39 0
  57 002a 334B     		ldr	r3, .L2+4
  58 002c 324A     		ldr	r2, .L2+4
  59 002e 1278     		ldrb	r2, [r2]
  60 0030 D2B2     		uxtb	r2, r2
  61 0032 D2B2     		uxtb	r2, r2
  62 0034 22F00E02 		bic	r2, r2, #14
  63 0038 D1B2     		uxtb	r1, r2
  64 003a FA79     		ldrb	r2, [r7, #7]	@ zero_extendqisi2
  65 003c 02F00E02 		and	r2, r2, #14
  66 0040 D2B2     		uxtb	r2, r2
  67 0042 0A43     		orrs	r2, r2, r1
  68 0044 D2B2     		uxtb	r2, r2
  69 0046 D2B2     		uxtb	r2, r2
  70 0048 1A70     		strb	r2, [r3]
  40:.\Generated_Source\PSoC5/CapSense_CSD_Pins.c ****     CyPins_SetPinDriveMode(CapSense_CSD_PortCH0__LinearSlider0_e1__LS, mode);
  71              		.loc 1 40 0
  72 004a 2C4B     		ldr	r3, .L2+8
  73 004c 2B4A     		ldr	r2, .L2+8
  74 004e 1278     		ldrb	r2, [r2]
ARM GAS  C:\Users\LUKASC~1\AppData\Local\Temp\ccZbB1mc.s 			page 3


  75 0050 D2B2     		uxtb	r2, r2
  76 0052 D2B2     		uxtb	r2, r2
  77 0054 22F00E02 		bic	r2, r2, #14
  78 0058 D1B2     		uxtb	r1, r2
  79 005a FA79     		ldrb	r2, [r7, #7]	@ zero_extendqisi2
  80 005c 02F00E02 		and	r2, r2, #14
  81 0060 D2B2     		uxtb	r2, r2
  82 0062 0A43     		orrs	r2, r2, r1
  83 0064 D2B2     		uxtb	r2, r2
  84 0066 D2B2     		uxtb	r2, r2
  85 0068 1A70     		strb	r2, [r3]
  41:.\Generated_Source\PSoC5/CapSense_CSD_Pins.c ****     CyPins_SetPinDriveMode(CapSense_CSD_PortCH0__LinearSlider0_e2__LS, mode);
  86              		.loc 1 41 0
  87 006a 254B     		ldr	r3, .L2+12
  88 006c 244A     		ldr	r2, .L2+12
  89 006e 1278     		ldrb	r2, [r2]
  90 0070 D2B2     		uxtb	r2, r2
  91 0072 D2B2     		uxtb	r2, r2
  92 0074 22F00E02 		bic	r2, r2, #14
  93 0078 D1B2     		uxtb	r1, r2
  94 007a FA79     		ldrb	r2, [r7, #7]	@ zero_extendqisi2
  95 007c 02F00E02 		and	r2, r2, #14
  96 0080 D2B2     		uxtb	r2, r2
  97 0082 0A43     		orrs	r2, r2, r1
  98 0084 D2B2     		uxtb	r2, r2
  99 0086 D2B2     		uxtb	r2, r2
 100 0088 1A70     		strb	r2, [r3]
  42:.\Generated_Source\PSoC5/CapSense_CSD_Pins.c ****     CyPins_SetPinDriveMode(CapSense_CSD_PortCH0__LinearSlider0_e3__LS, mode);
 101              		.loc 1 42 0
 102 008a 1E4B     		ldr	r3, .L2+16
 103 008c 1D4A     		ldr	r2, .L2+16
 104 008e 1278     		ldrb	r2, [r2]
 105 0090 D2B2     		uxtb	r2, r2
 106 0092 D2B2     		uxtb	r2, r2
 107 0094 22F00E02 		bic	r2, r2, #14
 108 0098 D1B2     		uxtb	r1, r2
 109 009a FA79     		ldrb	r2, [r7, #7]	@ zero_extendqisi2
 110 009c 02F00E02 		and	r2, r2, #14
 111 00a0 D2B2     		uxtb	r2, r2
 112 00a2 0A43     		orrs	r2, r2, r1
 113 00a4 D2B2     		uxtb	r2, r2
 114 00a6 D2B2     		uxtb	r2, r2
 115 00a8 1A70     		strb	r2, [r3]
  43:.\Generated_Source\PSoC5/CapSense_CSD_Pins.c ****     CyPins_SetPinDriveMode(CapSense_CSD_PortCH0__LinearSlider0_e4__LS, mode);
 116              		.loc 1 43 0
 117 00aa 174B     		ldr	r3, .L2+20
 118 00ac 164A     		ldr	r2, .L2+20
 119 00ae 1278     		ldrb	r2, [r2]
 120 00b0 D2B2     		uxtb	r2, r2
 121 00b2 D2B2     		uxtb	r2, r2
 122 00b4 22F00E02 		bic	r2, r2, #14
 123 00b8 D1B2     		uxtb	r1, r2
 124 00ba FA79     		ldrb	r2, [r7, #7]	@ zero_extendqisi2
 125 00bc 02F00E02 		and	r2, r2, #14
 126 00c0 D2B2     		uxtb	r2, r2
 127 00c2 0A43     		orrs	r2, r2, r1
 128 00c4 D2B2     		uxtb	r2, r2
ARM GAS  C:\Users\LUKASC~1\AppData\Local\Temp\ccZbB1mc.s 			page 4


 129 00c6 D2B2     		uxtb	r2, r2
 130 00c8 1A70     		strb	r2, [r3]
  44:.\Generated_Source\PSoC5/CapSense_CSD_Pins.c ****     CyPins_SetPinDriveMode(CapSense_CSD_PortCH0__Button1__BTN, mode);
 131              		.loc 1 44 0
 132 00ca 104B     		ldr	r3, .L2+24
 133 00cc 0F4A     		ldr	r2, .L2+24
 134 00ce 1278     		ldrb	r2, [r2]
 135 00d0 D2B2     		uxtb	r2, r2
 136 00d2 D2B2     		uxtb	r2, r2
 137 00d4 22F00E02 		bic	r2, r2, #14
 138 00d8 D1B2     		uxtb	r1, r2
 139 00da FA79     		ldrb	r2, [r7, #7]	@ zero_extendqisi2
 140 00dc 02F00E02 		and	r2, r2, #14
 141 00e0 D2B2     		uxtb	r2, r2
 142 00e2 0A43     		orrs	r2, r2, r1
 143 00e4 D2B2     		uxtb	r2, r2
 144 00e6 D2B2     		uxtb	r2, r2
 145 00e8 1A70     		strb	r2, [r3]
  45:.\Generated_Source\PSoC5/CapSense_CSD_Pins.c **** 
  46:.\Generated_Source\PSoC5/CapSense_CSD_Pins.c **** }
 146              		.loc 1 46 0
 147 00ea 0C37     		adds	r7, r7, #12
 148              		.cfi_def_cfa_offset 4
 149 00ec BD46     		mov	sp, r7
 150              		.cfi_def_cfa_register 13
 151              		@ sp needed
 152 00ee 5DF8047B 		ldr	r7, [sp], #4
 153              		.cfi_restore 7
 154              		.cfi_def_cfa_offset 0
 155 00f2 7047     		bx	lr
 156              	.L3:
 157              		.align	2
 158              	.L2:
 159 00f4 05500040 		.word	1073762309
 160 00f8 00500040 		.word	1073762304
 161 00fc 01500040 		.word	1073762305
 162 0100 02500040 		.word	1073762306
 163 0104 03500040 		.word	1073762307
 164 0108 04500040 		.word	1073762308
 165 010c 06500040 		.word	1073762310
 166              		.cfi_endproc
 167              	.LFE0:
 168              		.size	CapSense_CSD_SetAllSensorsDriveMode, .-CapSense_CSD_SetAllSensorsDriveMode
 169              		.section	.text.CapSense_CSD_SetAllCmodsDriveMode,"ax",%progbits
 170              		.align	2
 171              		.global	CapSense_CSD_SetAllCmodsDriveMode
 172              		.thumb
 173              		.thumb_func
 174              		.type	CapSense_CSD_SetAllCmodsDriveMode, %function
 175              	CapSense_CSD_SetAllCmodsDriveMode:
 176              	.LFB1:
  47:.\Generated_Source\PSoC5/CapSense_CSD_Pins.c **** 
  48:.\Generated_Source\PSoC5/CapSense_CSD_Pins.c **** 
  49:.\Generated_Source\PSoC5/CapSense_CSD_Pins.c **** 
  50:.\Generated_Source\PSoC5/CapSense_CSD_Pins.c **** /*******************************************************************************
  51:.\Generated_Source\PSoC5/CapSense_CSD_Pins.c **** * Function Name: CapSense_CSD_SetAllCmodsDriveMode
  52:.\Generated_Source\PSoC5/CapSense_CSD_Pins.c **** ********************************************************************************
ARM GAS  C:\Users\LUKASC~1\AppData\Local\Temp\ccZbB1mc.s 			page 5


  53:.\Generated_Source\PSoC5/CapSense_CSD_Pins.c **** *
  54:.\Generated_Source\PSoC5/CapSense_CSD_Pins.c **** * Summary:
  55:.\Generated_Source\PSoC5/CapSense_CSD_Pins.c **** *  Sets the drive mode for the all pins used by Cmod capacitors within CapSense 
  56:.\Generated_Source\PSoC5/CapSense_CSD_Pins.c **** *  component.
  57:.\Generated_Source\PSoC5/CapSense_CSD_Pins.c **** * 
  58:.\Generated_Source\PSoC5/CapSense_CSD_Pins.c **** * Parameters:  
  59:.\Generated_Source\PSoC5/CapSense_CSD_Pins.c **** *  mode: Desired drive mode.
  60:.\Generated_Source\PSoC5/CapSense_CSD_Pins.c **** *
  61:.\Generated_Source\PSoC5/CapSense_CSD_Pins.c **** * Return: 
  62:.\Generated_Source\PSoC5/CapSense_CSD_Pins.c **** *  None
  63:.\Generated_Source\PSoC5/CapSense_CSD_Pins.c **** *
  64:.\Generated_Source\PSoC5/CapSense_CSD_Pins.c **** *******************************************************************************/
  65:.\Generated_Source\PSoC5/CapSense_CSD_Pins.c **** void CapSense_CSD_SetAllCmodsDriveMode(uint8 mode) 
  66:.\Generated_Source\PSoC5/CapSense_CSD_Pins.c **** {
 177              		.loc 1 66 0
 178              		.cfi_startproc
 179              		@ args = 0, pretend = 0, frame = 8
 180              		@ frame_needed = 1, uses_anonymous_args = 0
 181              		@ link register save eliminated.
 182 0000 80B4     		push	{r7}
 183              		.cfi_def_cfa_offset 4
 184              		.cfi_offset 7, -4
 185 0002 83B0     		sub	sp, sp, #12
 186              		.cfi_def_cfa_offset 16
 187 0004 00AF     		add	r7, sp, #0
 188              		.cfi_def_cfa_register 7
 189 0006 0346     		mov	r3, r0
 190 0008 FB71     		strb	r3, [r7, #7]
  67:.\Generated_Source\PSoC5/CapSense_CSD_Pins.c ****    /* Set pins drive mode */
  68:.\Generated_Source\PSoC5/CapSense_CSD_Pins.c ****     CyPins_SetPinDriveMode(CapSense_CSD_CmodCH0_Cmod_CH0, mode);
 191              		.loc 1 68 0
 192 000a 0A4B     		ldr	r3, .L5
 193 000c 094A     		ldr	r2, .L5
 194 000e 1278     		ldrb	r2, [r2]
 195 0010 D2B2     		uxtb	r2, r2
 196 0012 D2B2     		uxtb	r2, r2
 197 0014 22F00E02 		bic	r2, r2, #14
 198 0018 D1B2     		uxtb	r1, r2
 199 001a FA79     		ldrb	r2, [r7, #7]	@ zero_extendqisi2
 200 001c 02F00E02 		and	r2, r2, #14
 201 0020 D2B2     		uxtb	r2, r2
 202 0022 0A43     		orrs	r2, r2, r1
 203 0024 D2B2     		uxtb	r2, r2
 204 0026 D2B2     		uxtb	r2, r2
 205 0028 1A70     		strb	r2, [r3]
  69:.\Generated_Source\PSoC5/CapSense_CSD_Pins.c **** 
  70:.\Generated_Source\PSoC5/CapSense_CSD_Pins.c **** }
 206              		.loc 1 70 0
 207 002a 0C37     		adds	r7, r7, #12
 208              		.cfi_def_cfa_offset 4
 209 002c BD46     		mov	sp, r7
 210              		.cfi_def_cfa_register 13
 211              		@ sp needed
 212 002e 5DF8047B 		ldr	r7, [sp], #4
 213              		.cfi_restore 7
 214              		.cfi_def_cfa_offset 0
 215 0032 7047     		bx	lr
ARM GAS  C:\Users\LUKASC~1\AppData\Local\Temp\ccZbB1mc.s 			page 6


 216              	.L6:
 217              		.align	2
 218              	.L5:
 219 0034 7C500040 		.word	1073762428
 220              		.cfi_endproc
 221              	.LFE1:
 222              		.size	CapSense_CSD_SetAllCmodsDriveMode, .-CapSense_CSD_SetAllCmodsDriveMode
 223              		.text
 224              	.Letext0:
 225              		.file 2 ".\\Generated_Source\\PSoC5\\cytypes.h"
 226              		.section	.debug_info,"",%progbits
 227              	.Ldebug_info0:
 228 0000 E5000000 		.4byte	0xe5
 229 0004 0400     		.2byte	0x4
 230 0006 00000000 		.4byte	.Ldebug_abbrev0
 231 000a 04       		.byte	0x4
 232 000b 01       		.uleb128 0x1
 233 000c 41010000 		.4byte	.LASF16
 234 0010 01       		.byte	0x1
 235 0011 CF010000 		.4byte	.LASF17
 236 0015 C2000000 		.4byte	.LASF18
 237 0019 00000000 		.4byte	.Ldebug_ranges0+0
 238 001d 00000000 		.4byte	0
 239 0021 00000000 		.4byte	.Ldebug_line0
 240 0025 02       		.uleb128 0x2
 241 0026 01       		.byte	0x1
 242 0027 06       		.byte	0x6
 243 0028 2F010000 		.4byte	.LASF0
 244 002c 02       		.uleb128 0x2
 245 002d 01       		.byte	0x1
 246 002e 08       		.byte	0x8
 247 002f 71000000 		.4byte	.LASF1
 248 0033 02       		.uleb128 0x2
 249 0034 02       		.byte	0x2
 250 0035 05       		.byte	0x5
 251 0036 B1000000 		.4byte	.LASF2
 252 003a 02       		.uleb128 0x2
 253 003b 02       		.byte	0x2
 254 003c 07       		.byte	0x7
 255 003d 1C010000 		.4byte	.LASF3
 256 0041 02       		.uleb128 0x2
 257 0042 04       		.byte	0x4
 258 0043 05       		.byte	0x5
 259 0044 84000000 		.4byte	.LASF4
 260 0048 02       		.uleb128 0x2
 261 0049 04       		.byte	0x4
 262 004a 07       		.byte	0x7
 263 004b 26000000 		.4byte	.LASF5
 264 004f 02       		.uleb128 0x2
 265 0050 08       		.byte	0x8
 266 0051 05       		.byte	0x5
 267 0052 00000000 		.4byte	.LASF6
 268 0056 02       		.uleb128 0x2
 269 0057 08       		.byte	0x8
 270 0058 07       		.byte	0x7
 271 0059 5A000000 		.4byte	.LASF7
 272 005d 03       		.uleb128 0x3
ARM GAS  C:\Users\LUKASC~1\AppData\Local\Temp\ccZbB1mc.s 			page 7


 273 005e 04       		.byte	0x4
 274 005f 05       		.byte	0x5
 275 0060 696E7400 		.ascii	"int\000"
 276 0064 02       		.uleb128 0x2
 277 0065 04       		.byte	0x4
 278 0066 07       		.byte	0x7
 279 0067 0E000000 		.4byte	.LASF8
 280 006b 04       		.uleb128 0x4
 281 006c 20000000 		.4byte	.LASF12
 282 0070 02       		.byte	0x2
 283 0071 9201     		.2byte	0x192
 284 0073 2C000000 		.4byte	0x2c
 285 0077 02       		.uleb128 0x2
 286 0078 04       		.byte	0x4
 287 0079 04       		.byte	0x4
 288 007a 3B010000 		.4byte	.LASF9
 289 007e 02       		.uleb128 0x2
 290 007f 08       		.byte	0x8
 291 0080 04       		.byte	0x4
 292 0081 BB000000 		.4byte	.LASF10
 293 0085 02       		.uleb128 0x2
 294 0086 01       		.byte	0x1
 295 0087 08       		.byte	0x8
 296 0088 7F000000 		.4byte	.LASF11
 297 008c 04       		.uleb128 0x4
 298 008d FC010000 		.4byte	.LASF13
 299 0091 02       		.byte	0x2
 300 0092 3C02     		.2byte	0x23c
 301 0094 98000000 		.4byte	0x98
 302 0098 05       		.uleb128 0x5
 303 0099 6B000000 		.4byte	0x6b
 304 009d 02       		.uleb128 0x2
 305 009e 04       		.byte	0x4
 306 009f 07       		.byte	0x7
 307 00a0 01020000 		.4byte	.LASF14
 308 00a4 06       		.uleb128 0x6
 309 00a5 8D000000 		.4byte	.LASF19
 310 00a9 01       		.byte	0x1
 311 00aa 23       		.byte	0x23
 312 00ab 00000000 		.4byte	.LFB0
 313 00af 10010000 		.4byte	.LFE0-.LFB0
 314 00b3 01       		.uleb128 0x1
 315 00b4 9C       		.byte	0x9c
 316 00b5 C8000000 		.4byte	0xc8
 317 00b9 07       		.uleb128 0x7
 318 00ba 1B000000 		.4byte	.LASF15
 319 00be 01       		.byte	0x1
 320 00bf 23       		.byte	0x23
 321 00c0 6B000000 		.4byte	0x6b
 322 00c4 02       		.uleb128 0x2
 323 00c5 91       		.byte	0x91
 324 00c6 77       		.sleb128 -9
 325 00c7 00       		.byte	0
 326 00c8 08       		.uleb128 0x8
 327 00c9 38000000 		.4byte	.LASF20
 328 00cd 01       		.byte	0x1
 329 00ce 41       		.byte	0x41
ARM GAS  C:\Users\LUKASC~1\AppData\Local\Temp\ccZbB1mc.s 			page 8


 330 00cf 00000000 		.4byte	.LFB1
 331 00d3 38000000 		.4byte	.LFE1-.LFB1
 332 00d7 01       		.uleb128 0x1
 333 00d8 9C       		.byte	0x9c
 334 00d9 07       		.uleb128 0x7
 335 00da 1B000000 		.4byte	.LASF15
 336 00de 01       		.byte	0x1
 337 00df 41       		.byte	0x41
 338 00e0 6B000000 		.4byte	0x6b
 339 00e4 02       		.uleb128 0x2
 340 00e5 91       		.byte	0x91
 341 00e6 77       		.sleb128 -9
 342 00e7 00       		.byte	0
 343 00e8 00       		.byte	0
 344              		.section	.debug_abbrev,"",%progbits
 345              	.Ldebug_abbrev0:
 346 0000 01       		.uleb128 0x1
 347 0001 11       		.uleb128 0x11
 348 0002 01       		.byte	0x1
 349 0003 25       		.uleb128 0x25
 350 0004 0E       		.uleb128 0xe
 351 0005 13       		.uleb128 0x13
 352 0006 0B       		.uleb128 0xb
 353 0007 03       		.uleb128 0x3
 354 0008 0E       		.uleb128 0xe
 355 0009 1B       		.uleb128 0x1b
 356 000a 0E       		.uleb128 0xe
 357 000b 55       		.uleb128 0x55
 358 000c 17       		.uleb128 0x17
 359 000d 11       		.uleb128 0x11
 360 000e 01       		.uleb128 0x1
 361 000f 10       		.uleb128 0x10
 362 0010 17       		.uleb128 0x17
 363 0011 00       		.byte	0
 364 0012 00       		.byte	0
 365 0013 02       		.uleb128 0x2
 366 0014 24       		.uleb128 0x24
 367 0015 00       		.byte	0
 368 0016 0B       		.uleb128 0xb
 369 0017 0B       		.uleb128 0xb
 370 0018 3E       		.uleb128 0x3e
 371 0019 0B       		.uleb128 0xb
 372 001a 03       		.uleb128 0x3
 373 001b 0E       		.uleb128 0xe
 374 001c 00       		.byte	0
 375 001d 00       		.byte	0
 376 001e 03       		.uleb128 0x3
 377 001f 24       		.uleb128 0x24
 378 0020 00       		.byte	0
 379 0021 0B       		.uleb128 0xb
 380 0022 0B       		.uleb128 0xb
 381 0023 3E       		.uleb128 0x3e
 382 0024 0B       		.uleb128 0xb
 383 0025 03       		.uleb128 0x3
 384 0026 08       		.uleb128 0x8
 385 0027 00       		.byte	0
 386 0028 00       		.byte	0
ARM GAS  C:\Users\LUKASC~1\AppData\Local\Temp\ccZbB1mc.s 			page 9


 387 0029 04       		.uleb128 0x4
 388 002a 16       		.uleb128 0x16
 389 002b 00       		.byte	0
 390 002c 03       		.uleb128 0x3
 391 002d 0E       		.uleb128 0xe
 392 002e 3A       		.uleb128 0x3a
 393 002f 0B       		.uleb128 0xb
 394 0030 3B       		.uleb128 0x3b
 395 0031 05       		.uleb128 0x5
 396 0032 49       		.uleb128 0x49
 397 0033 13       		.uleb128 0x13
 398 0034 00       		.byte	0
 399 0035 00       		.byte	0
 400 0036 05       		.uleb128 0x5
 401 0037 35       		.uleb128 0x35
 402 0038 00       		.byte	0
 403 0039 49       		.uleb128 0x49
 404 003a 13       		.uleb128 0x13
 405 003b 00       		.byte	0
 406 003c 00       		.byte	0
 407 003d 06       		.uleb128 0x6
 408 003e 2E       		.uleb128 0x2e
 409 003f 01       		.byte	0x1
 410 0040 3F       		.uleb128 0x3f
 411 0041 19       		.uleb128 0x19
 412 0042 03       		.uleb128 0x3
 413 0043 0E       		.uleb128 0xe
 414 0044 3A       		.uleb128 0x3a
 415 0045 0B       		.uleb128 0xb
 416 0046 3B       		.uleb128 0x3b
 417 0047 0B       		.uleb128 0xb
 418 0048 27       		.uleb128 0x27
 419 0049 19       		.uleb128 0x19
 420 004a 11       		.uleb128 0x11
 421 004b 01       		.uleb128 0x1
 422 004c 12       		.uleb128 0x12
 423 004d 06       		.uleb128 0x6
 424 004e 40       		.uleb128 0x40
 425 004f 18       		.uleb128 0x18
 426 0050 9742     		.uleb128 0x2117
 427 0052 19       		.uleb128 0x19
 428 0053 01       		.uleb128 0x1
 429 0054 13       		.uleb128 0x13
 430 0055 00       		.byte	0
 431 0056 00       		.byte	0
 432 0057 07       		.uleb128 0x7
 433 0058 05       		.uleb128 0x5
 434 0059 00       		.byte	0
 435 005a 03       		.uleb128 0x3
 436 005b 0E       		.uleb128 0xe
 437 005c 3A       		.uleb128 0x3a
 438 005d 0B       		.uleb128 0xb
 439 005e 3B       		.uleb128 0x3b
 440 005f 0B       		.uleb128 0xb
 441 0060 49       		.uleb128 0x49
 442 0061 13       		.uleb128 0x13
 443 0062 02       		.uleb128 0x2
ARM GAS  C:\Users\LUKASC~1\AppData\Local\Temp\ccZbB1mc.s 			page 10


 444 0063 18       		.uleb128 0x18
 445 0064 00       		.byte	0
 446 0065 00       		.byte	0
 447 0066 08       		.uleb128 0x8
 448 0067 2E       		.uleb128 0x2e
 449 0068 01       		.byte	0x1
 450 0069 3F       		.uleb128 0x3f
 451 006a 19       		.uleb128 0x19
 452 006b 03       		.uleb128 0x3
 453 006c 0E       		.uleb128 0xe
 454 006d 3A       		.uleb128 0x3a
 455 006e 0B       		.uleb128 0xb
 456 006f 3B       		.uleb128 0x3b
 457 0070 0B       		.uleb128 0xb
 458 0071 27       		.uleb128 0x27
 459 0072 19       		.uleb128 0x19
 460 0073 11       		.uleb128 0x11
 461 0074 01       		.uleb128 0x1
 462 0075 12       		.uleb128 0x12
 463 0076 06       		.uleb128 0x6
 464 0077 40       		.uleb128 0x40
 465 0078 18       		.uleb128 0x18
 466 0079 9742     		.uleb128 0x2117
 467 007b 19       		.uleb128 0x19
 468 007c 00       		.byte	0
 469 007d 00       		.byte	0
 470 007e 00       		.byte	0
 471              		.section	.debug_aranges,"",%progbits
 472 0000 24000000 		.4byte	0x24
 473 0004 0200     		.2byte	0x2
 474 0006 00000000 		.4byte	.Ldebug_info0
 475 000a 04       		.byte	0x4
 476 000b 00       		.byte	0
 477 000c 0000     		.2byte	0
 478 000e 0000     		.2byte	0
 479 0010 00000000 		.4byte	.LFB0
 480 0014 10010000 		.4byte	.LFE0-.LFB0
 481 0018 00000000 		.4byte	.LFB1
 482 001c 38000000 		.4byte	.LFE1-.LFB1
 483 0020 00000000 		.4byte	0
 484 0024 00000000 		.4byte	0
 485              		.section	.debug_ranges,"",%progbits
 486              	.Ldebug_ranges0:
 487 0000 00000000 		.4byte	.LFB0
 488 0004 10010000 		.4byte	.LFE0
 489 0008 00000000 		.4byte	.LFB1
 490 000c 38000000 		.4byte	.LFE1
 491 0010 00000000 		.4byte	0
 492 0014 00000000 		.4byte	0
 493              		.section	.debug_line,"",%progbits
 494              	.Ldebug_line0:
 495 0000 7F000000 		.section	.debug_str,"MS",%progbits,1
 495      02005000 
 495      00000201 
 495      FB0E0D00 
 495      01010101 
 496              	.LASF6:
ARM GAS  C:\Users\LUKASC~1\AppData\Local\Temp\ccZbB1mc.s 			page 11


 497 0000 6C6F6E67 		.ascii	"long long int\000"
 497      206C6F6E 
 497      6720696E 
 497      7400
 498              	.LASF8:
 499 000e 756E7369 		.ascii	"unsigned int\000"
 499      676E6564 
 499      20696E74 
 499      00
 500              	.LASF15:
 501 001b 6D6F6465 		.ascii	"mode\000"
 501      00
 502              	.LASF12:
 503 0020 75696E74 		.ascii	"uint8\000"
 503      3800
 504              	.LASF5:
 505 0026 6C6F6E67 		.ascii	"long unsigned int\000"
 505      20756E73 
 505      69676E65 
 505      6420696E 
 505      7400
 506              	.LASF20:
 507 0038 43617053 		.ascii	"CapSense_CSD_SetAllCmodsDriveMode\000"
 507      656E7365 
 507      5F435344 
 507      5F536574 
 507      416C6C43 
 508              	.LASF7:
 509 005a 6C6F6E67 		.ascii	"long long unsigned int\000"
 509      206C6F6E 
 509      6720756E 
 509      7369676E 
 509      65642069 
 510              	.LASF1:
 511 0071 756E7369 		.ascii	"unsigned char\000"
 511      676E6564 
 511      20636861 
 511      7200
 512              	.LASF11:
 513 007f 63686172 		.ascii	"char\000"
 513      00
 514              	.LASF4:
 515 0084 6C6F6E67 		.ascii	"long int\000"
 515      20696E74 
 515      00
 516              	.LASF19:
 517 008d 43617053 		.ascii	"CapSense_CSD_SetAllSensorsDriveMode\000"
 517      656E7365 
 517      5F435344 
 517      5F536574 
 517      416C6C53 
 518              	.LASF2:
 519 00b1 73686F72 		.ascii	"short int\000"
 519      7420696E 
 519      7400
 520              	.LASF10:
 521 00bb 646F7562 		.ascii	"double\000"
ARM GAS  C:\Users\LUKASC~1\AppData\Local\Temp\ccZbB1mc.s 			page 12


 521      6C6500
 522              	.LASF18:
 523 00c2 433A5C55 		.ascii	"C:\\Users\\Lukas Creutzburg\\Documents\\GitHub\\fre"
 523      73657273 
 523      5C4C756B 
 523      61732043 
 523      72657574 
 524 00f0 65445350 		.ascii	"eDSPPSoC-I2C\\CapSense_CSD_WithTuner01.cydsn\000"
 524      50536F43 
 524      2D493243 
 524      5C436170 
 524      53656E73 
 525              	.LASF3:
 526 011c 73686F72 		.ascii	"short unsigned int\000"
 526      7420756E 
 526      7369676E 
 526      65642069 
 526      6E7400
 527              	.LASF0:
 528 012f 7369676E 		.ascii	"signed char\000"
 528      65642063 
 528      68617200 
 529              	.LASF9:
 530 013b 666C6F61 		.ascii	"float\000"
 530      7400
 531              	.LASF16:
 532 0141 474E5520 		.ascii	"GNU C 4.9.3 20150303 (release) [ARM/embedded-4_9-br"
 532      4320342E 
 532      392E3320 
 532      32303135 
 532      30333033 
 533 0174 616E6368 		.ascii	"anch revision 221220] -mcpu=cortex-m3 -mthumb -g -O"
 533      20726576 
 533      6973696F 
 533      6E203232 
 533      31323230 
 534 01a7 30202D66 		.ascii	"0 -ffunction-sections -ffat-lto-objects\000"
 534      66756E63 
 534      74696F6E 
 534      2D736563 
 534      74696F6E 
 535              	.LASF17:
 536 01cf 2E5C4765 		.ascii	".\\Generated_Source\\PSoC5\\CapSense_CSD_Pins.c\000"
 536      6E657261 
 536      7465645F 
 536      536F7572 
 536      63655C50 
 537              	.LASF13:
 538 01fc 72656738 		.ascii	"reg8\000"
 538      00
 539              	.LASF14:
 540 0201 73697A65 		.ascii	"sizetype\000"
 540      74797065 
 540      00
 541              		.ident	"GCC: (GNU Tools for ARM Embedded Processors) 4.9.3 20150303 (release) [ARM/embedded-4_9-br
