ADAU145X Assembler, Analog Devices Inc.
Version: 3.12.4,1050  (built 3/17/2016)

##### Compile Started: Monday, April 25, 2016 2:45:55 PM #####
ADAU145X Assembler, Analog Devices Inc.
Version: 3.12.4,1050  (built 3/17/2016)

##### Compile Started: Monday, April 25, 2016 2:45:55 PM #####
##### Compile succeeded:  0 errors, 0 warnings #####

##### Summary #####
DM0 RAM used:     00044    (of 20480)
DM1 RAM used:     00006    (of 20480)
PM  RAM used:     00000    (of 8192)
Program Length:   00120    105 instructions (32bit: 90  64bit: 15)
Total PM used:    00120    (of 8192)

--------------------------------------------------------------------------------------
STREAM                        Inst      Inst      DM0     DM1     PM
Instance                      (cycles)  (size)    
--------------------------------------------------------------------------------------
STACK                          -         -        16      0       0       
FRAMEWORK                     52        33        11      0       0
Tone1                         18        18        10      1       0
Single 1                      8         11        3       1       0
Output1_5                     2         2         0       0       0
Output1_6                     2         2         0       0       0
Output1_4                     2         2         0       0       0
Output1                       2         2         0       0       0
Output1_8                     2         2         0       0       0
Output1_3                     2         2         0       0       0
Output1_2                     2         2         0       0       0
Output1_7                     2         2         0       0       0
--------------------------------------------------------------------------------------
Total                         94        78        40      2       0
--------------------------------------------------------------------------------------
(% Fs=48.0kHz)                2%        1%        1%      1%      0%

##### DM0 Allocation Summary #####
ModuloMemoryRegions:    Addr:   Modulo: Length:
_STACK_MODULO_          0x0     0       16


Address:  Module:                 Param:
0x0        __STACK__                __STACK__ [16] =0x00000000,0x00000000,0x00000000,0x00000000,0x00000000,0x00000000,0x00000000,0x00000000,0x00000000,0x00000000,0x00000000,0x00000000,0x00000000,0x00000000,0x00000000,0x00000000
0x10                                MP1_DM1 [4] =0x00000000,0x00000000,0x00000004,0x00000000
0x14       __SafeLoad_Module__      data_SafeLoad [5] =0x00000000,0x00000000,0x00000000,0x00000000,0x00000000
0x19       __SafeLoad_Module__      address_SafeLoad =0x00000000
0x1A       __SafeLoad_Module__      num_SafeLoad =0x00000000
0x1B       SinePhaseGainAlgS3001    gain_0 =0x00000000
0x1C       SinePhaseGainAlgS3001    index_fp_hi_0 =0x00000000
0x1D       SinePhaseGainAlgS3001    index_fp_lo_0 =0x00000000
0x1E       SinePhaseGainAlgS3001    mask [2] =0x000007FF,0xFFFFFFFF
0x20       SinePhaseGainAlgS3001    inc [2] =0x00000000,0x00000000
0x22       SinePhaseGainAlgS3001    sinTable [3] =0x0000C000,0x0000C000,0x00000800
0x25       HWGainADAU145XAlg1       gain =0x00000000
0x26       HWGainADAU145XAlg1       target =0x00000000
0x27       HWGainADAU145XAlg1       slew_mode =0x00000000
0x28       __DM0_PADDING__          __DM0_PADDING__ [4] =0x00000000,0x00000000,0x00000000,0x00000000


##### DM1 Allocation Summary #####
ModuloMemoryRegions:    Addr:   Modulo: Length:
_DEFAULT_MODULO_0       0x0     1       4


Address:  Module:                 Param:
0x0                                 Link0/Link0_SHIFTREG6 =0x00000000
0x1                                 Link1/Link1_SHIFTREG8/Link1_SHIFTREG9/Link1_SHIFTREG10/Link1_SHIFTREG11/Link1_SHIFTREG12/Link1_SHIFTREG13/Link1_SHIFTREG14/Link1_SHIFTREG15 =0x00000000
0x4        __DM1_PADDING__          __DM1_PADDING__ [4] =0x00000000,0x00000000,0x00000000,0x00000000


