--------------- Clean Started: 05/12/2016 11:28:54 Project: PSoC5_UART_Sender, Configuration: ARM GCC 4.9-2015-q1-update Debug ---------------
Deleting file ".\ARM_GCC_493\Debug\main.o"
Deleting file ".\ARM_GCC_493\Debug\uart.o"
Deleting file ".\ARM_GCC_493\Debug\cyfitter_cfg.o"
Deleting file ".\ARM_GCC_493\Debug\cymetadata.o"
Deleting file ".\ARM_GCC_493\Debug\USBUART.o"
Deleting file ".\ARM_GCC_493\Debug\USBUART_audio.o"
Deleting file ".\ARM_GCC_493\Debug\USBUART_boot.o"
Deleting file ".\ARM_GCC_493\Debug\USBUART_cdc.o"
Deleting file ".\ARM_GCC_493\Debug\USBUART_cls.o"
Deleting file ".\ARM_GCC_493\Debug\USBUART_descr.o"
Deleting file ".\ARM_GCC_493\Debug\USBUART_drv.o"
Deleting file ".\ARM_GCC_493\Debug\USBUART_episr.o"
Deleting file ".\ARM_GCC_493\Debug\USBUART_hid.o"
Deleting file ".\ARM_GCC_493\Debug\USBUART_pm.o"
Deleting file ".\ARM_GCC_493\Debug\USBUART_std.o"
Deleting file ".\ARM_GCC_493\Debug\USBUART_vnd.o"
Deleting file ".\ARM_GCC_493\Debug\USBUART_midi.o"
Deleting file ".\ARM_GCC_493\Debug\USBUART_msc.o"
Deleting file ".\ARM_GCC_493\Debug\USBUART_Dm.o"
Deleting file ".\ARM_GCC_493\Debug\USBUART_Dp.o"
Deleting file ".\ARM_GCC_493\Debug\CyScBoostClk.o"
Deleting file ".\ARM_GCC_493\Debug\Cm3Start.o"
Deleting file ".\ARM_GCC_493\Debug\CyBootAsmGnu.o"
Deleting file ".\ARM_GCC_493\Debug\CyDmac.o"
Deleting file ".\ARM_GCC_493\Debug\CyFlash.o"
Deleting file ".\ARM_GCC_493\Debug\CyLib.o"
Deleting file ".\ARM_GCC_493\Debug\cyPm.o"
Deleting file ".\ARM_GCC_493\Debug\CySpc.o"
Deleting file ".\ARM_GCC_493\Debug\cyutils.o"
Deleting file ".\ARM_GCC_493\Debug\Pin_1.o"
Deleting file ".\ARM_GCC_493\Debug\PSoC5_UART_Sender.hex"
Deleting file ".\ARM_GCC_493\Debug\PSoC5_UART_Sender.map"
Deleting file ".\PSoC5_UART_Sender.cycdx"
Deleting file ".\PSoC5_UART_Sender.svd"
Deleting file ".\PSoC5_UART_Sender.rpt"
Deleting file ".\PSoC5_UART_Sender_timing.html"
Deleting file ".\ARM_GCC_493\Debug\.deps\C_FILE.P"
Deleting file ".\ARM_GCC_493\Debug\.deps\ARM_C_FILE.P"
Deleting file ".\ARM_GCC_493\Debug\.deps\GNU_ARM_ASM_FILE.P"
--------------- Clean Succeeded: 05/12/2016 11:28:54 ---------------
