ARM GAS  C:\Users\LUKASC~1\AppData\Local\Temp\ccUXBR40.s 			page 1


   1              		.syntax unified
   2              		.cpu cortex-m3
   3              		.fpu softvfp
   4              		.eabi_attribute 20, 1
   5              		.eabi_attribute 21, 1
   6              		.eabi_attribute 23, 3
   7              		.eabi_attribute 24, 1
   8              		.eabi_attribute 25, 1
   9              		.eabi_attribute 26, 1
  10              		.eabi_attribute 30, 6
  11              		.eabi_attribute 34, 1
  12              		.eabi_attribute 18, 4
  13              		.thumb
  14              		.file	"main.c"
  15              		.text
  16              	.Ltext0:
  17              		.cfi_sections	.debug_frame
  18              		.global _printf_float
  19              		.section	.rodata
  20              		.align	2
  21              	.LC0:
  22 0000 426C6162 		.ascii	"Blabla\012\000"
  22      6C610A00 
  23              		.thumb
  24              		.section	.text.main,"ax",%progbits
  25              		.align	2
  26              		.global	main
  27              		.thumb
  28              		.thumb_func
  29              		.type	main, %function
  30              	main:
  31              	.LFB63:
  32              		.file 1 ".\\main.c"
   1:.\main.c      **** /*******************************************************************************
   2:.\main.c      **** * File Name: main.c
   3:.\main.c      **** *
   4:.\main.c      **** * Version: 1.0
   5:.\main.c      **** * Author: Lukas Creutzburg
   6:.\main.c      **** *
   7:.\main.c      **** * Description:
   8:.\main.c      **** *   Interacts with UART component
   9:.\main.c      **** *
  10:.\main.c      **** *******************************************************************************/
  11:.\main.c      **** 
  12:.\main.c      **** #include "main.h"
  13:.\main.c      **** 
  14:.\main.c      **** 
  15:.\main.c      **** /*******************************************************************************
  16:.\main.c      **** * Function Name: main
  17:.\main.c      **** ********************************************************************************
  18:.\main.c      **** *
  19:.\main.c      **** * Summary:
  20:.\main.c      **** *  Interaction with UART component
  21:.\main.c      **** *
  22:.\main.c      **** * Parameters:
  23:.\main.c      **** *  None.
  24:.\main.c      **** *
ARM GAS  C:\Users\LUKASC~1\AppData\Local\Temp\ccUXBR40.s 			page 2


  25:.\main.c      **** * Return:
  26:.\main.c      **** *  None.
  27:.\main.c      **** *
  28:.\main.c      **** *******************************************************************************/
  29:.\main.c      **** int main()
  30:.\main.c      **** {
  33              		.loc 1 30 0
  34              		.cfi_startproc
  35              		@ args = 0, pretend = 0, frame = 0
  36              		@ frame_needed = 1, uses_anonymous_args = 0
  37 0000 80B5     		push	{r7, lr}
  38              		.cfi_def_cfa_offset 8
  39              		.cfi_offset 7, -8
  40              		.cfi_offset 14, -4
  41 0002 00AF     		add	r7, sp, #0
  42              		.cfi_def_cfa_register 7
  31:.\main.c      ****     
  32:.\main.c      ****     CyGlobalIntEnable;
  43              		.loc 1 32 0
  44              	@ 32 ".\main.c" 1
  45 0004 62B6     		CPSIE   i
  46              	@ 0 "" 2
  33:.\main.c      **** 
  34:.\main.c      ****     UARTinit();
  47              		.loc 1 34 0
  48              		.thumb
  49 0006 FFF7FEFF 		bl	UARTinit
  50              	.L2:
  35:.\main.c      ****     
  36:.\main.c      ****     for(;;)
  37:.\main.c      ****     {
  38:.\main.c      **** 
  39:.\main.c      ****         UARTsendString("Blabla\n");
  51              		.loc 1 39 0 discriminator 1
  52 000a 0648     		ldr	r0, .L3
  53 000c FFF7FEFF 		bl	UARTsendString
  40:.\main.c      ****         UARTsendNumber(1234);
  54              		.loc 1 40 0 discriminator 1
  55 0010 40F2D240 		movw	r0, #1234
  56 0014 FFF7FEFF 		bl	UARTsendNumber
  41:.\main.c      ****         
  42:.\main.c      ****         CyDelay(500);
  57              		.loc 1 42 0 discriminator 1
  58 0018 4FF4FA70 		mov	r0, #500
  59 001c FFF7FEFF 		bl	CyDelay
  43:.\main.c      ****         
  44:.\main.c      ****         
  45:.\main.c      ****     }
  60              		.loc 1 45 0 discriminator 1
  61 0020 F3E7     		b	.L2
  62              	.L4:
  63 0022 00BF     		.align	2
  64              	.L3:
  65 0024 00000000 		.word	.LC0
  66              		.cfi_endproc
  67              	.LFE63:
  68              		.size	main, .-main
ARM GAS  C:\Users\LUKASC~1\AppData\Local\Temp\ccUXBR40.s 			page 3


  69              		.text
  70              	.Letext0:
  71              		.file 2 "c:\\program files (x86)\\cypress\\psoc creator\\3.3\\psoc creator\\import\\gnu\\arm\\4.9.
  72              		.file 3 "c:\\program files (x86)\\cypress\\psoc creator\\3.3\\psoc creator\\import\\gnu\\arm\\4.9.
  73              		.file 4 "Generated_Source\\PSoC5/core_cm3.h"
  74              		.section	.debug_info,"",%progbits
  75              	.Ldebug_info0:
  76 0000 C0000000 		.4byte	0xc0
  77 0004 0400     		.2byte	0x4
  78 0006 00000000 		.4byte	.Ldebug_abbrev0
  79 000a 04       		.byte	0x4
  80 000b 01       		.uleb128 0x1
  81 000c CB000000 		.4byte	.LASF15
  82 0010 01       		.byte	0x1
  83 0011 59010000 		.4byte	.LASF16
  84 0015 5C000000 		.4byte	.LASF17
  85 0019 00000000 		.4byte	.Ldebug_ranges0+0
  86 001d 00000000 		.4byte	0
  87 0021 00000000 		.4byte	.Ldebug_line0
  88 0025 02       		.uleb128 0x2
  89 0026 01       		.byte	0x1
  90 0027 06       		.byte	0x6
  91 0028 76010000 		.4byte	.LASF0
  92 002c 02       		.uleb128 0x2
  93 002d 01       		.byte	0x1
  94 002e 08       		.byte	0x8
  95 002f AF000000 		.4byte	.LASF1
  96 0033 02       		.uleb128 0x2
  97 0034 02       		.byte	0x2
  98 0035 05       		.byte	0x5
  99 0036 92010000 		.4byte	.LASF2
 100 003a 02       		.uleb128 0x2
 101 003b 02       		.byte	0x2
 102 003c 07       		.byte	0x7
 103 003d 0E000000 		.4byte	.LASF3
 104 0041 03       		.uleb128 0x3
 105 0042 82010000 		.4byte	.LASF9
 106 0046 02       		.byte	0x2
 107 0047 3F       		.byte	0x3f
 108 0048 4C000000 		.4byte	0x4c
 109 004c 02       		.uleb128 0x2
 110 004d 04       		.byte	0x4
 111 004e 05       		.byte	0x5
 112 004f C2000000 		.4byte	.LASF4
 113 0053 02       		.uleb128 0x2
 114 0054 04       		.byte	0x4
 115 0055 07       		.byte	0x7
 116 0056 33000000 		.4byte	.LASF5
 117 005a 02       		.uleb128 0x2
 118 005b 08       		.byte	0x8
 119 005c 05       		.byte	0x5
 120 005d 00000000 		.4byte	.LASF6
 121 0061 02       		.uleb128 0x2
 122 0062 08       		.byte	0x8
 123 0063 07       		.byte	0x7
 124 0064 45000000 		.4byte	.LASF7
 125 0068 04       		.uleb128 0x4
ARM GAS  C:\Users\LUKASC~1\AppData\Local\Temp\ccUXBR40.s 			page 4


 126 0069 04       		.byte	0x4
 127 006a 05       		.byte	0x5
 128 006b 696E7400 		.ascii	"int\000"
 129 006f 02       		.uleb128 0x2
 130 0070 04       		.byte	0x4
 131 0071 07       		.byte	0x7
 132 0072 21000000 		.4byte	.LASF8
 133 0076 03       		.uleb128 0x3
 134 0077 9C010000 		.4byte	.LASF10
 135 007b 03       		.byte	0x3
 136 007c 2C       		.byte	0x2c
 137 007d 41000000 		.4byte	0x41
 138 0081 02       		.uleb128 0x2
 139 0082 04       		.byte	0x4
 140 0083 04       		.byte	0x4
 141 0084 8C010000 		.4byte	.LASF11
 142 0088 02       		.uleb128 0x2
 143 0089 08       		.byte	0x8
 144 008a 04       		.byte	0x4
 145 008b 62010000 		.4byte	.LASF12
 146 008f 02       		.uleb128 0x2
 147 0090 01       		.byte	0x1
 148 0091 08       		.byte	0x8
 149 0092 BD000000 		.4byte	.LASF13
 150 0096 02       		.uleb128 0x2
 151 0097 04       		.byte	0x4
 152 0098 07       		.byte	0x7
 153 0099 A4010000 		.4byte	.LASF14
 154 009d 05       		.uleb128 0x5
 155 009e 2E000000 		.4byte	.LASF18
 156 00a2 01       		.byte	0x1
 157 00a3 1D       		.byte	0x1d
 158 00a4 68000000 		.4byte	0x68
 159 00a8 00000000 		.4byte	.LFB63
 160 00ac 28000000 		.4byte	.LFE63-.LFB63
 161 00b0 01       		.uleb128 0x1
 162 00b1 9C       		.byte	0x9c
 163 00b2 06       		.uleb128 0x6
 164 00b3 69010000 		.4byte	.LASF19
 165 00b7 04       		.byte	0x4
 166 00b8 5506     		.2byte	0x655
 167 00ba BE000000 		.4byte	0xbe
 168 00be 07       		.uleb128 0x7
 169 00bf 76000000 		.4byte	0x76
 170 00c3 00       		.byte	0
 171              		.section	.debug_abbrev,"",%progbits
 172              	.Ldebug_abbrev0:
 173 0000 01       		.uleb128 0x1
 174 0001 11       		.uleb128 0x11
 175 0002 01       		.byte	0x1
 176 0003 25       		.uleb128 0x25
 177 0004 0E       		.uleb128 0xe
 178 0005 13       		.uleb128 0x13
 179 0006 0B       		.uleb128 0xb
 180 0007 03       		.uleb128 0x3
 181 0008 0E       		.uleb128 0xe
 182 0009 1B       		.uleb128 0x1b
ARM GAS  C:\Users\LUKASC~1\AppData\Local\Temp\ccUXBR40.s 			page 5


 183 000a 0E       		.uleb128 0xe
 184 000b 55       		.uleb128 0x55
 185 000c 17       		.uleb128 0x17
 186 000d 11       		.uleb128 0x11
 187 000e 01       		.uleb128 0x1
 188 000f 10       		.uleb128 0x10
 189 0010 17       		.uleb128 0x17
 190 0011 00       		.byte	0
 191 0012 00       		.byte	0
 192 0013 02       		.uleb128 0x2
 193 0014 24       		.uleb128 0x24
 194 0015 00       		.byte	0
 195 0016 0B       		.uleb128 0xb
 196 0017 0B       		.uleb128 0xb
 197 0018 3E       		.uleb128 0x3e
 198 0019 0B       		.uleb128 0xb
 199 001a 03       		.uleb128 0x3
 200 001b 0E       		.uleb128 0xe
 201 001c 00       		.byte	0
 202 001d 00       		.byte	0
 203 001e 03       		.uleb128 0x3
 204 001f 16       		.uleb128 0x16
 205 0020 00       		.byte	0
 206 0021 03       		.uleb128 0x3
 207 0022 0E       		.uleb128 0xe
 208 0023 3A       		.uleb128 0x3a
 209 0024 0B       		.uleb128 0xb
 210 0025 3B       		.uleb128 0x3b
 211 0026 0B       		.uleb128 0xb
 212 0027 49       		.uleb128 0x49
 213 0028 13       		.uleb128 0x13
 214 0029 00       		.byte	0
 215 002a 00       		.byte	0
 216 002b 04       		.uleb128 0x4
 217 002c 24       		.uleb128 0x24
 218 002d 00       		.byte	0
 219 002e 0B       		.uleb128 0xb
 220 002f 0B       		.uleb128 0xb
 221 0030 3E       		.uleb128 0x3e
 222 0031 0B       		.uleb128 0xb
 223 0032 03       		.uleb128 0x3
 224 0033 08       		.uleb128 0x8
 225 0034 00       		.byte	0
 226 0035 00       		.byte	0
 227 0036 05       		.uleb128 0x5
 228 0037 2E       		.uleb128 0x2e
 229 0038 00       		.byte	0
 230 0039 3F       		.uleb128 0x3f
 231 003a 19       		.uleb128 0x19
 232 003b 03       		.uleb128 0x3
 233 003c 0E       		.uleb128 0xe
 234 003d 3A       		.uleb128 0x3a
 235 003e 0B       		.uleb128 0xb
 236 003f 3B       		.uleb128 0x3b
 237 0040 0B       		.uleb128 0xb
 238 0041 49       		.uleb128 0x49
 239 0042 13       		.uleb128 0x13
ARM GAS  C:\Users\LUKASC~1\AppData\Local\Temp\ccUXBR40.s 			page 6


 240 0043 11       		.uleb128 0x11
 241 0044 01       		.uleb128 0x1
 242 0045 12       		.uleb128 0x12
 243 0046 06       		.uleb128 0x6
 244 0047 40       		.uleb128 0x40
 245 0048 18       		.uleb128 0x18
 246 0049 9642     		.uleb128 0x2116
 247 004b 19       		.uleb128 0x19
 248 004c 00       		.byte	0
 249 004d 00       		.byte	0
 250 004e 06       		.uleb128 0x6
 251 004f 34       		.uleb128 0x34
 252 0050 00       		.byte	0
 253 0051 03       		.uleb128 0x3
 254 0052 0E       		.uleb128 0xe
 255 0053 3A       		.uleb128 0x3a
 256 0054 0B       		.uleb128 0xb
 257 0055 3B       		.uleb128 0x3b
 258 0056 05       		.uleb128 0x5
 259 0057 49       		.uleb128 0x49
 260 0058 13       		.uleb128 0x13
 261 0059 3F       		.uleb128 0x3f
 262 005a 19       		.uleb128 0x19
 263 005b 3C       		.uleb128 0x3c
 264 005c 19       		.uleb128 0x19
 265 005d 00       		.byte	0
 266 005e 00       		.byte	0
 267 005f 07       		.uleb128 0x7
 268 0060 35       		.uleb128 0x35
 269 0061 00       		.byte	0
 270 0062 49       		.uleb128 0x49
 271 0063 13       		.uleb128 0x13
 272 0064 00       		.byte	0
 273 0065 00       		.byte	0
 274 0066 00       		.byte	0
 275              		.section	.debug_aranges,"",%progbits
 276 0000 1C000000 		.4byte	0x1c
 277 0004 0200     		.2byte	0x2
 278 0006 00000000 		.4byte	.Ldebug_info0
 279 000a 04       		.byte	0x4
 280 000b 00       		.byte	0
 281 000c 0000     		.2byte	0
 282 000e 0000     		.2byte	0
 283 0010 00000000 		.4byte	.LFB63
 284 0014 28000000 		.4byte	.LFE63-.LFB63
 285 0018 00000000 		.4byte	0
 286 001c 00000000 		.4byte	0
 287              		.section	.debug_ranges,"",%progbits
 288              	.Ldebug_ranges0:
 289 0000 00000000 		.4byte	.LFB63
 290 0004 28000000 		.4byte	.LFE63
 291 0008 00000000 		.4byte	0
 292 000c 00000000 		.4byte	0
 293              		.section	.debug_line,"",%progbits
 294              	.Ldebug_line0:
 295 0000 67010000 		.section	.debug_str,"MS",%progbits,1
 295      02003C01 
ARM GAS  C:\Users\LUKASC~1\AppData\Local\Temp\ccUXBR40.s 			page 7


 295      00000201 
 295      FB0E0D00 
 295      01010101 
 296              	.LASF6:
 297 0000 6C6F6E67 		.ascii	"long long int\000"
 297      206C6F6E 
 297      6720696E 
 297      7400
 298              	.LASF3:
 299 000e 73686F72 		.ascii	"short unsigned int\000"
 299      7420756E 
 299      7369676E 
 299      65642069 
 299      6E7400
 300              	.LASF8:
 301 0021 756E7369 		.ascii	"unsigned int\000"
 301      676E6564 
 301      20696E74 
 301      00
 302              	.LASF18:
 303 002e 6D61696E 		.ascii	"main\000"
 303      00
 304              	.LASF5:
 305 0033 6C6F6E67 		.ascii	"long unsigned int\000"
 305      20756E73 
 305      69676E65 
 305      6420696E 
 305      7400
 306              	.LASF7:
 307 0045 6C6F6E67 		.ascii	"long long unsigned int\000"
 307      206C6F6E 
 307      6720756E 
 307      7369676E 
 307      65642069 
 308              	.LASF17:
 309 005c 433A5C55 		.ascii	"C:\\Users\\Lukas Creutzburg\\Documents\\GitHub\\fre"
 309      73657273 
 309      5C4C756B 
 309      61732043 
 309      72657574 
 310 008a 65445350 		.ascii	"eDSPPSoC-I2C\\PSoC5_UART_Sender.cydsn\000"
 310      50536F43 
 310      2D493243 
 310      5C50536F 
 310      43355F55 
 311              	.LASF1:
 312 00af 756E7369 		.ascii	"unsigned char\000"
 312      676E6564 
 312      20636861 
 312      7200
 313              	.LASF13:
 314 00bd 63686172 		.ascii	"char\000"
 314      00
 315              	.LASF4:
 316 00c2 6C6F6E67 		.ascii	"long int\000"
 316      20696E74 
 316      00
ARM GAS  C:\Users\LUKASC~1\AppData\Local\Temp\ccUXBR40.s 			page 8


 317              	.LASF15:
 318 00cb 474E5520 		.ascii	"GNU C 4.9.3 20150303 (release) [ARM/embedded-4_9-br"
 318      4320342E 
 318      392E3320 
 318      32303135 
 318      30333033 
 319 00fe 616E6368 		.ascii	"anch revision 221220] -mcpu=cortex-m3 -mthumb -g -O"
 319      20726576 
 319      6973696F 
 319      6E203232 
 319      31323230 
 320 0131 30202D66 		.ascii	"0 -ffunction-sections -ffat-lto-objects\000"
 320      66756E63 
 320      74696F6E 
 320      2D736563 
 320      74696F6E 
 321              	.LASF16:
 322 0159 2E5C6D61 		.ascii	".\\main.c\000"
 322      696E2E63 
 322      00
 323              	.LASF12:
 324 0162 646F7562 		.ascii	"double\000"
 324      6C6500
 325              	.LASF19:
 326 0169 49544D5F 		.ascii	"ITM_RxBuffer\000"
 326      52784275 
 326      66666572 
 326      00
 327              	.LASF0:
 328 0176 7369676E 		.ascii	"signed char\000"
 328      65642063 
 328      68617200 
 329              	.LASF9:
 330 0182 5F5F696E 		.ascii	"__int32_t\000"
 330      7433325F 
 330      7400
 331              	.LASF11:
 332 018c 666C6F61 		.ascii	"float\000"
 332      7400
 333              	.LASF2:
 334 0192 73686F72 		.ascii	"short int\000"
 334      7420696E 
 334      7400
 335              	.LASF10:
 336 019c 696E7433 		.ascii	"int32_t\000"
 336      325F7400 
 337              	.LASF14:
 338 01a4 73697A65 		.ascii	"sizetype\000"
 338      74797065 
 338      00
 339              		.ident	"GCC: (GNU Tools for ARM Embedded Processors) 4.9.3 20150303 (release) [ARM/embedded-4_9-br
