ARM GAS  C:\Users\Andreas\AppData\Local\Temp\ccI16vXf.s 			page 1


   1              		.syntax unified
   2              		.cpu cortex-m3
   3              		.fpu softvfp
   4              		.eabi_attribute 20, 1
   5              		.eabi_attribute 21, 1
   6              		.eabi_attribute 23, 3
   7              		.eabi_attribute 24, 1
   8              		.eabi_attribute 25, 1
   9              		.eabi_attribute 26, 1
  10              		.eabi_attribute 30, 1
  11              		.eabi_attribute 34, 1
  12              		.eabi_attribute 18, 4
  13              		.thumb
  14              		.file	"cymetadata.c"
  15              		.text
  16              	.Ltext0:
  17              		.cfi_sections	.debug_frame
  18              		.global	cy_metadata
  19              		.global	cy_meta_flashprotect
  20              		.global	cy_meta_wonvl
  21              		.global	cy_meta_custnvl
  22              		.global	cy_meta_configecc
  23              		.section	.cyconfigecc,"a",%progbits
  24              		.align	2
  25              		.type	cy_meta_configecc, %object
  26              		.size	cy_meta_configecc, 192
  27              	cy_meta_configecc:
  28 0000 03       		.byte	3
  29 0001 52       		.byte	82
  30 0002 00       		.byte	0
  31 0003 40       		.byte	64
  32 0004 03       		.byte	3
  33 0005 05       		.byte	5
  34 0006 01       		.byte	1
  35 0007 40       		.byte	64
  36 0008 03       		.byte	3
  37 0009 0B       		.byte	11
  38 000a 01       		.byte	1
  39 000b 40       		.byte	64
  40 000c 01       		.byte	1
  41 000d 15       		.byte	21
  42 000e 01       		.byte	1
  43 000f 40       		.byte	64
  44 0010 01       		.byte	1
  45 0011 1B       		.byte	27
  46 0012 01       		.byte	1
  47 0013 40       		.byte	64
  48 0014 07       		.byte	7
  49 0015 41       		.byte	65
  50 0016 01       		.byte	1
  51 0017 40       		.byte	64
  52 0018 09       		.byte	9
  53 0019 42       		.byte	66
  54 001a 01       		.byte	1
  55 001b 40       		.byte	64
  56 001c 01       		.byte	1
  57 001d 43       		.byte	67
ARM GAS  C:\Users\Andreas\AppData\Local\Temp\ccI16vXf.s 			page 2


  58 001e 01       		.byte	1
  59 001f 40       		.byte	64
  60 0020 08       		.byte	8
  61 0021 46       		.byte	70
  62 0022 01       		.byte	1
  63 0023 40       		.byte	64
  64 0024 04       		.byte	4
  65 0025 47       		.byte	71
  66 0026 01       		.byte	1
  67 0027 40       		.byte	64
  68 0028 01       		.byte	1
  69 0029 48       		.byte	72
  70 002a 01       		.byte	1
  71 002b 40       		.byte	64
  72 002c 02       		.byte	2
  73 002d 49       		.byte	73
  74 002e 01       		.byte	1
  75 002f 40       		.byte	64
  76 0030 0B       		.byte	11
  77 0031 4C       		.byte	76
  78 0032 01       		.byte	1
  79 0033 40       		.byte	64
  80 0034 01       		.byte	1
  81 0035 4D       		.byte	77
  82 0036 01       		.byte	1
  83 0037 40       		.byte	64
  84 0038 01       		.byte	1
  85 0039 51       		.byte	81
  86 003a 01       		.byte	1
  87 003b 40       		.byte	64
  88 003c 00       		.byte	0
  89 003d 03       		.byte	3
  90 003e 01       		.byte	1
  91 003f 01       		.byte	1
  92 0040 04       		.byte	4
  93 0041 03       		.byte	3
  94 0042 E6       		.byte	-26
  95 0043 0A       		.byte	10
  96 0044 E8       		.byte	-24
  97 0045 80       		.byte	-128
  98 0046 EC       		.byte	-20
  99 0047 10       		.byte	16
 100 0048 E6       		.byte	-26
 101 0049 0A       		.byte	10
 102 004a E8       		.byte	-24
 103 004b 80       		.byte	-128
 104 004c EC       		.byte	-20
 105 004d 10       		.byte	16
 106 004e EA       		.byte	-22
 107 004f 01       		.byte	1
 108 0050 EA       		.byte	-22
 109 0051 01       		.byte	1
 110 0052 00       		.byte	0
 111 0053 01       		.byte	1
 112 0054 05       		.byte	5
 113 0055 02       		.byte	2
 114 0056 57       		.byte	87
ARM GAS  C:\Users\Andreas\AppData\Local\Temp\ccI16vXf.s 			page 3


 115 0057 80       		.byte	-128
 116 0058 5E       		.byte	94
 117 0059 80       		.byte	-128
 118 005a C0       		.byte	-64
 119 005b 30       		.byte	48
 120 005c D4       		.byte	-44
 121 005d 40       		.byte	64
 122 005e D6       		.byte	-42
 123 005f 20       		.byte	32
 124 0060 3E       		.byte	62
 125 0061 10       		.byte	16
 126 0062 86       		.byte	-122
 127 0063 40       		.byte	64
 128 0064 87       		.byte	-121
 129 0065 80       		.byte	-128
 130 0066 A6       		.byte	-90
 131 0067 40       		.byte	64
 132 0068 A7       		.byte	-89
 133 0069 80       		.byte	-128
 134 006a B1       		.byte	-79
 135 006b 02       		.byte	2
 136 006c B4       		.byte	-76
 137 006d 01       		.byte	1
 138 006e CE       		.byte	-50
 139 006f 20       		.byte	32
 140 0070 E6       		.byte	-26
 141 0071 50       		.byte	80
 142 0072 96       		.byte	-106
 143 0073 10       		.byte	16
 144 0074 85       		.byte	-123
 145 0075 04       		.byte	4
 146 0076 86       		.byte	-122
 147 0077 80       		.byte	-128
 148 0078 98       		.byte	-104
 149 0079 20       		.byte	32
 150 007a A1       		.byte	-95
 151 007b 10       		.byte	16
 152 007c B0       		.byte	-80
 153 007d 20       		.byte	32
 154 007e B5       		.byte	-75
 155 007f 10       		.byte	16
 156 0080 E8       		.byte	-24
 157 0081 01       		.byte	1
 158 0082 EC       		.byte	-20
 159 0083 08       		.byte	8
 160 0084 95       		.byte	-107
 161 0085 04       		.byte	4
 162 0086 98       		.byte	-104
 163 0087 20       		.byte	32
 164 0088 A1       		.byte	-95
 165 0089 10       		.byte	16
 166 008a A6       		.byte	-90
 167 008b 80       		.byte	-128
 168 008c 96       		.byte	-106
 169 008d 10       		.byte	16
 170 008e AA       		.byte	-86
 171 008f 10       		.byte	16
ARM GAS  C:\Users\Andreas\AppData\Local\Temp\ccI16vXf.s 			page 4


 172 0090 EA       		.byte	-22
 173 0091 80       		.byte	-128
 174 0092 12       		.byte	18
 175 0093 80       		.byte	-128
 176 0094 13       		.byte	19
 177 0095 20       		.byte	32
 178 0096 15       		.byte	21
 179 0097 04       		.byte	4
 180 0098 78       		.byte	120
 181 0099 20       		.byte	32
 182 009a 7D       		.byte	125
 183 009b 20       		.byte	32
 184 009c 95       		.byte	-107
 185 009d 04       		.byte	4
 186 009e 98       		.byte	-104
 187 009f 20       		.byte	32
 188 00a0 A1       		.byte	-95
 189 00a1 10       		.byte	16
 190 00a2 A6       		.byte	-90
 191 00a3 80       		.byte	-128
 192 00a4 C4       		.byte	-60
 193 00a5 0E       		.byte	14
 194 00a6 DE       		.byte	-34
 195 00a7 03       		.byte	3
 196 00a8 AB       		.byte	-85
 197 00a9 20       		.byte	32
 198 00aa 03       		.byte	3
 199 00ab C0       		.byte	-64
 200 00ac 03       		.byte	3
 201 00ad 00       		.byte	0
 202 00ae 00       		.byte	0
 203 00af 00       		.byte	0
 204 00b0 03       		.byte	3
 205 00b1 00       		.byte	0
 206 00b2 03       		.byte	3
 207 00b3 00       		.byte	0
 208 00b4 00       		.byte	0
 209 00b5 00       		.byte	0
 210 00b6 00       		.byte	0
 211 00b7 00       		.byte	0
 212 00b8 00       		.byte	0
 213 00b9 02       		.byte	2
 214 00ba 02       		.byte	2
 215 00bb 00       		.byte	0
 216 00bc 00       		.byte	0
 217 00bd 00       		.byte	0
 218 00be 00       		.byte	0
 219 00bf 00       		.byte	0
 220              		.section	.cywolatch,"a",%progbits
 221              		.align	2
 222              		.type	cy_meta_wonvl, %object
 223              		.size	cy_meta_wonvl, 4
 224              	cy_meta_wonvl:
 225 0000 BC       		.byte	-68
 226 0001 90       		.byte	-112
 227 0002 AC       		.byte	-84
 228 0003 AF       		.byte	-81
ARM GAS  C:\Users\Andreas\AppData\Local\Temp\ccI16vXf.s 			page 5


 229              		.section	.cycustnvl,"a",%progbits
 230              		.align	2
 231              		.type	cy_meta_custnvl, %object
 232              		.size	cy_meta_custnvl, 4
 233              	cy_meta_custnvl:
 234 0000 00       		.byte	0
 235 0001 00       		.byte	0
 236 0002 40       		.byte	64
 237 0003 05       		.byte	5
 238              		.section	.cymeta,"a",%progbits
 239              		.align	2
 240              		.type	cy_metadata, %object
 241              		.size	cy_metadata, 12
 242              	cy_metadata:
 243 0000 00       		.byte	0
 244 0001 01       		.byte	1
 245 0002 2E       		.byte	46
 246 0003 12       		.byte	18
 247 0004 30       		.byte	48
 248 0005 69       		.byte	105
 249 0006 00       		.byte	0
 250 0007 01       		.byte	1
 251 0008 00       		.byte	0
 252 0009 00       		.byte	0
 253 000a 00       		.byte	0
 254 000b 00       		.byte	0
 255              		.section	.cyflashprotect,"a",%progbits
 256              		.align	2
 257              		.type	cy_meta_flashprotect, %object
 258              		.size	cy_meta_flashprotect, 256
 259              	cy_meta_flashprotect:
 260 0000 00000000 		.space	256
 260      00000000 
 260      00000000 
 260      00000000 
 260      00000000 
 261              		.text
 262              	.Letext0:
 263              		.file 1 ".\\Generated_Source\\PSoC5\\cymetadata.c"
 264              		.file 2 ".\\Generated_Source\\PSoC5\\cytypes.h"
 265              		.section	.debug_info,"",%progbits
 266              	.Ldebug_info0:
 267 0000 35010000 		.4byte	0x135
 268 0004 0400     		.2byte	0x4
 269 0006 00000000 		.4byte	.Ldebug_abbrev0
 270 000a 04       		.byte	0x4
 271 000b 01       		.uleb128 0x1
 272 000c 94000000 		.4byte	.LASF18
 273 0010 01       		.byte	0x1
 274 0011 00000000 		.4byte	.LASF19
 275 0015 85010000 		.4byte	.LASF20
 276 0019 00000000 		.4byte	.Ldebug_line0
 277 001d 02       		.uleb128 0x2
 278 001e 01       		.byte	0x1
 279 001f 06       		.byte	0x6
 280 0020 E9010000 		.4byte	.LASF0
 281 0024 02       		.uleb128 0x2
ARM GAS  C:\Users\Andreas\AppData\Local\Temp\ccI16vXf.s 			page 6


 282 0025 01       		.byte	0x1
 283 0026 08       		.byte	0x8
 284 0027 38000000 		.4byte	.LASF1
 285 002b 02       		.uleb128 0x2
 286 002c 02       		.byte	0x2
 287 002d 05       		.byte	0x5
 288 002e D0010000 		.4byte	.LASF2
 289 0032 02       		.uleb128 0x2
 290 0033 02       		.byte	0x2
 291 0034 07       		.byte	0x7
 292 0035 58000000 		.4byte	.LASF3
 293 0039 02       		.uleb128 0x2
 294 003a 04       		.byte	0x4
 295 003b 05       		.byte	0x5
 296 003c E0010000 		.4byte	.LASF4
 297 0040 02       		.uleb128 0x2
 298 0041 04       		.byte	0x4
 299 0042 07       		.byte	0x7
 300 0043 46000000 		.4byte	.LASF5
 301 0047 02       		.uleb128 0x2
 302 0048 08       		.byte	0x8
 303 0049 05       		.byte	0x5
 304 004a 72010000 		.4byte	.LASF6
 305 004e 02       		.uleb128 0x2
 306 004f 08       		.byte	0x8
 307 0050 07       		.byte	0x7
 308 0051 2F010000 		.4byte	.LASF7
 309 0055 03       		.uleb128 0x3
 310 0056 04       		.byte	0x4
 311 0057 05       		.byte	0x5
 312 0058 696E7400 		.ascii	"int\000"
 313 005c 02       		.uleb128 0x2
 314 005d 04       		.byte	0x4
 315 005e 07       		.byte	0x7
 316 005f 22010000 		.4byte	.LASF8
 317 0063 04       		.uleb128 0x4
 318 0064 DA010000 		.4byte	.LASF21
 319 0068 02       		.byte	0x2
 320 0069 C2       		.byte	0xc2
 321 006a 24000000 		.4byte	0x24
 322 006e 02       		.uleb128 0x2
 323 006f 04       		.byte	0x4
 324 0070 04       		.byte	0x4
 325 0071 32000000 		.4byte	.LASF9
 326 0075 02       		.uleb128 0x2
 327 0076 08       		.byte	0x8
 328 0077 04       		.byte	0x4
 329 0078 6B000000 		.4byte	.LASF10
 330 007c 02       		.uleb128 0x2
 331 007d 01       		.byte	0x1
 332 007e 08       		.byte	0x8
 333 007f 80010000 		.4byte	.LASF11
 334 0083 05       		.uleb128 0x5
 335 0084 63000000 		.4byte	0x63
 336 0088 93000000 		.4byte	0x93
 337 008c 06       		.uleb128 0x6
 338 008d 93000000 		.4byte	0x93
ARM GAS  C:\Users\Andreas\AppData\Local\Temp\ccI16vXf.s 			page 7


 339 0091 BF       		.byte	0xbf
 340 0092 00       		.byte	0
 341 0093 02       		.uleb128 0x2
 342 0094 04       		.byte	0x4
 343 0095 07       		.byte	0x7
 344 0096 69010000 		.4byte	.LASF12
 345 009a 07       		.uleb128 0x7
 346 009b 82000000 		.4byte	.LASF13
 347 009f 01       		.byte	0x1
 348 00a0 1F       		.byte	0x1f
 349 00a1 AB000000 		.4byte	0xab
 350 00a5 05       		.uleb128 0x5
 351 00a6 03       		.byte	0x3
 352 00a7 00000000 		.4byte	cy_meta_configecc
 353 00ab 08       		.uleb128 0x8
 354 00ac 83000000 		.4byte	0x83
 355 00b0 05       		.uleb128 0x5
 356 00b1 63000000 		.4byte	0x63
 357 00b5 C0000000 		.4byte	0xc0
 358 00b9 06       		.uleb128 0x6
 359 00ba 93000000 		.4byte	0x93
 360 00be 03       		.byte	0x3
 361 00bf 00       		.byte	0
 362 00c0 07       		.uleb128 0x7
 363 00c1 72000000 		.4byte	.LASF14
 364 00c5 01       		.byte	0x1
 365 00c6 44       		.byte	0x44
 366 00c7 D1000000 		.4byte	0xd1
 367 00cb 05       		.uleb128 0x5
 368 00cc 03       		.byte	0x3
 369 00cd 00000000 		.4byte	cy_meta_custnvl
 370 00d1 08       		.uleb128 0x8
 371 00d2 B0000000 		.4byte	0xb0
 372 00d6 07       		.uleb128 0x7
 373 00d7 5B010000 		.4byte	.LASF15
 374 00db 01       		.byte	0x1
 375 00dc 52       		.byte	0x52
 376 00dd E7000000 		.4byte	0xe7
 377 00e1 05       		.uleb128 0x5
 378 00e2 03       		.byte	0x3
 379 00e3 00000000 		.4byte	cy_meta_wonvl
 380 00e7 08       		.uleb128 0x8
 381 00e8 B0000000 		.4byte	0xb0
 382 00ec 05       		.uleb128 0x5
 383 00ed 63000000 		.4byte	0x63
 384 00f1 FC000000 		.4byte	0xfc
 385 00f5 06       		.uleb128 0x6
 386 00f6 93000000 		.4byte	0x93
 387 00fa FF       		.byte	0xff
 388 00fb 00       		.byte	0
 389 00fc 07       		.uleb128 0x7
 390 00fd 46010000 		.4byte	.LASF16
 391 0101 01       		.byte	0x1
 392 0102 60       		.byte	0x60
 393 0103 0D010000 		.4byte	0x10d
 394 0107 05       		.uleb128 0x5
 395 0108 03       		.byte	0x3
ARM GAS  C:\Users\Andreas\AppData\Local\Temp\ccI16vXf.s 			page 8


 396 0109 00000000 		.4byte	cy_meta_flashprotect
 397 010d 08       		.uleb128 0x8
 398 010e EC000000 		.4byte	0xec
 399 0112 05       		.uleb128 0x5
 400 0113 63000000 		.4byte	0x63
 401 0117 22010000 		.4byte	0x122
 402 011b 06       		.uleb128 0x6
 403 011c 93000000 		.4byte	0x93
 404 0120 0B       		.byte	0xb
 405 0121 00       		.byte	0
 406 0122 07       		.uleb128 0x7
 407 0123 26000000 		.4byte	.LASF17
 408 0127 01       		.byte	0x1
 409 0128 8D       		.byte	0x8d
 410 0129 33010000 		.4byte	0x133
 411 012d 05       		.uleb128 0x5
 412 012e 03       		.byte	0x3
 413 012f 00000000 		.4byte	cy_metadata
 414 0133 08       		.uleb128 0x8
 415 0134 12010000 		.4byte	0x112
 416 0138 00       		.byte	0
 417              		.section	.debug_abbrev,"",%progbits
 418              	.Ldebug_abbrev0:
 419 0000 01       		.uleb128 0x1
 420 0001 11       		.uleb128 0x11
 421 0002 01       		.byte	0x1
 422 0003 25       		.uleb128 0x25
 423 0004 0E       		.uleb128 0xe
 424 0005 13       		.uleb128 0x13
 425 0006 0B       		.uleb128 0xb
 426 0007 03       		.uleb128 0x3
 427 0008 0E       		.uleb128 0xe
 428 0009 1B       		.uleb128 0x1b
 429 000a 0E       		.uleb128 0xe
 430 000b 10       		.uleb128 0x10
 431 000c 17       		.uleb128 0x17
 432 000d 00       		.byte	0
 433 000e 00       		.byte	0
 434 000f 02       		.uleb128 0x2
 435 0010 24       		.uleb128 0x24
 436 0011 00       		.byte	0
 437 0012 0B       		.uleb128 0xb
 438 0013 0B       		.uleb128 0xb
 439 0014 3E       		.uleb128 0x3e
 440 0015 0B       		.uleb128 0xb
 441 0016 03       		.uleb128 0x3
 442 0017 0E       		.uleb128 0xe
 443 0018 00       		.byte	0
 444 0019 00       		.byte	0
 445 001a 03       		.uleb128 0x3
 446 001b 24       		.uleb128 0x24
 447 001c 00       		.byte	0
 448 001d 0B       		.uleb128 0xb
 449 001e 0B       		.uleb128 0xb
 450 001f 3E       		.uleb128 0x3e
 451 0020 0B       		.uleb128 0xb
 452 0021 03       		.uleb128 0x3
ARM GAS  C:\Users\Andreas\AppData\Local\Temp\ccI16vXf.s 			page 9


 453 0022 08       		.uleb128 0x8
 454 0023 00       		.byte	0
 455 0024 00       		.byte	0
 456 0025 04       		.uleb128 0x4
 457 0026 16       		.uleb128 0x16
 458 0027 00       		.byte	0
 459 0028 03       		.uleb128 0x3
 460 0029 0E       		.uleb128 0xe
 461 002a 3A       		.uleb128 0x3a
 462 002b 0B       		.uleb128 0xb
 463 002c 3B       		.uleb128 0x3b
 464 002d 0B       		.uleb128 0xb
 465 002e 49       		.uleb128 0x49
 466 002f 13       		.uleb128 0x13
 467 0030 00       		.byte	0
 468 0031 00       		.byte	0
 469 0032 05       		.uleb128 0x5
 470 0033 01       		.uleb128 0x1
 471 0034 01       		.byte	0x1
 472 0035 49       		.uleb128 0x49
 473 0036 13       		.uleb128 0x13
 474 0037 01       		.uleb128 0x1
 475 0038 13       		.uleb128 0x13
 476 0039 00       		.byte	0
 477 003a 00       		.byte	0
 478 003b 06       		.uleb128 0x6
 479 003c 21       		.uleb128 0x21
 480 003d 00       		.byte	0
 481 003e 49       		.uleb128 0x49
 482 003f 13       		.uleb128 0x13
 483 0040 2F       		.uleb128 0x2f
 484 0041 0B       		.uleb128 0xb
 485 0042 00       		.byte	0
 486 0043 00       		.byte	0
 487 0044 07       		.uleb128 0x7
 488 0045 34       		.uleb128 0x34
 489 0046 00       		.byte	0
 490 0047 03       		.uleb128 0x3
 491 0048 0E       		.uleb128 0xe
 492 0049 3A       		.uleb128 0x3a
 493 004a 0B       		.uleb128 0xb
 494 004b 3B       		.uleb128 0x3b
 495 004c 0B       		.uleb128 0xb
 496 004d 49       		.uleb128 0x49
 497 004e 13       		.uleb128 0x13
 498 004f 3F       		.uleb128 0x3f
 499 0050 19       		.uleb128 0x19
 500 0051 02       		.uleb128 0x2
 501 0052 18       		.uleb128 0x18
 502 0053 00       		.byte	0
 503 0054 00       		.byte	0
 504 0055 08       		.uleb128 0x8
 505 0056 26       		.uleb128 0x26
 506 0057 00       		.byte	0
 507 0058 49       		.uleb128 0x49
 508 0059 13       		.uleb128 0x13
 509 005a 00       		.byte	0
ARM GAS  C:\Users\Andreas\AppData\Local\Temp\ccI16vXf.s 			page 10


 510 005b 00       		.byte	0
 511 005c 00       		.byte	0
 512              		.section	.debug_aranges,"",%progbits
 513 0000 14000000 		.4byte	0x14
 514 0004 0200     		.2byte	0x2
 515 0006 00000000 		.4byte	.Ldebug_info0
 516 000a 04       		.byte	0x4
 517 000b 00       		.byte	0
 518 000c 0000     		.2byte	0
 519 000e 0000     		.2byte	0
 520 0010 00000000 		.4byte	0
 521 0014 00000000 		.4byte	0
 522              		.section	.debug_line,"",%progbits
 523              	.Ldebug_line0:
 524 0000 4F000000 		.section	.debug_str,"MS",%progbits,1
 524      02004900 
 524      00000201 
 524      FB0E0D00 
 524      01010101 
 525              	.LASF19:
 526 0000 2E5C4765 		.ascii	".\\Generated_Source\\PSoC5\\cymetadata.c\000"
 526      6E657261 
 526      7465645F 
 526      536F7572 
 526      63655C50 
 527              	.LASF17:
 528 0026 63795F6D 		.ascii	"cy_metadata\000"
 528      65746164 
 528      61746100 
 529              	.LASF9:
 530 0032 666C6F61 		.ascii	"float\000"
 530      7400
 531              	.LASF1:
 532 0038 756E7369 		.ascii	"unsigned char\000"
 532      676E6564 
 532      20636861 
 532      7200
 533              	.LASF5:
 534 0046 6C6F6E67 		.ascii	"long unsigned int\000"
 534      20756E73 
 534      69676E65 
 534      6420696E 
 534      7400
 535              	.LASF3:
 536 0058 73686F72 		.ascii	"short unsigned int\000"
 536      7420756E 
 536      7369676E 
 536      65642069 
 536      6E7400
 537              	.LASF10:
 538 006b 646F7562 		.ascii	"double\000"
 538      6C6500
 539              	.LASF14:
 540 0072 63795F6D 		.ascii	"cy_meta_custnvl\000"
 540      6574615F 
 540      63757374 
 540      6E766C00 
ARM GAS  C:\Users\Andreas\AppData\Local\Temp\ccI16vXf.s 			page 11


 541              	.LASF13:
 542 0082 63795F6D 		.ascii	"cy_meta_configecc\000"
 542      6574615F 
 542      636F6E66 
 542      69676563 
 542      6300
 543              	.LASF18:
 544 0094 474E5520 		.ascii	"GNU C 4.9.3 20150303 (release) [ARM/embedded-4_9-br"
 544      4320342E 
 544      392E3320 
 544      32303135 
 544      30333033 
 545 00c7 616E6368 		.ascii	"anch revision 221220] -mcpu=cortex-m3 -mthumb -g -O"
 545      20726576 
 545      6973696F 
 545      6E203232 
 545      31323230 
 546 00fa 67202D66 		.ascii	"g -ffunction-sections -ffat-lto-objects\000"
 546      66756E63 
 546      74696F6E 
 546      2D736563 
 546      74696F6E 
 547              	.LASF8:
 548 0122 756E7369 		.ascii	"unsigned int\000"
 548      676E6564 
 548      20696E74 
 548      00
 549              	.LASF7:
 550 012f 6C6F6E67 		.ascii	"long long unsigned int\000"
 550      206C6F6E 
 550      6720756E 
 550      7369676E 
 550      65642069 
 551              	.LASF16:
 552 0146 63795F6D 		.ascii	"cy_meta_flashprotect\000"
 552      6574615F 
 552      666C6173 
 552      6870726F 
 552      74656374 
 553              	.LASF15:
 554 015b 63795F6D 		.ascii	"cy_meta_wonvl\000"
 554      6574615F 
 554      776F6E76 
 554      6C00
 555              	.LASF12:
 556 0169 73697A65 		.ascii	"sizetype\000"
 556      74797065 
 556      00
 557              	.LASF6:
 558 0172 6C6F6E67 		.ascii	"long long int\000"
 558      206C6F6E 
 558      6720696E 
 558      7400
 559              	.LASF11:
 560 0180 63686172 		.ascii	"char\000"
 560      00
 561              	.LASF20:
ARM GAS  C:\Users\Andreas\AppData\Local\Temp\ccI16vXf.s 			page 12


 562 0185 433A5C55 		.ascii	"C:\\Users\\Andreas\\Documents\\VR Projekt\\freeDSPP"
 562      73657273 
 562      5C416E64 
 562      72656173 
 562      5C446F63 
 563 01b3 536F432D 		.ascii	"SoC-I2C\\I2C - PSoC-DSP.cydsn\000"
 563      4932435C 
 563      49324320 
 563      2D205053 
 563      6F432D44 
 564              	.LASF2:
 565 01d0 73686F72 		.ascii	"short int\000"
 565      7420696E 
 565      7400
 566              	.LASF21:
 567 01da 75696E74 		.ascii	"uint8\000"
 567      3800
 568              	.LASF4:
 569 01e0 6C6F6E67 		.ascii	"long int\000"
 569      20696E74 
 569      00
 570              	.LASF0:
 571 01e9 7369676E 		.ascii	"signed char\000"
 571      65642063 
 571      68617200 
 572              		.ident	"GCC: (GNU Tools for ARM Embedded Processors) 4.9.3 20150303 (release) [ARM/embedded-4_9-br
