ARM GAS  C:\Users\Andreas\AppData\Local\Temp\ccSNuvjf.s 			page 1


   1              		.syntax unified
   2              		.cpu cortex-m3
   3              		.fpu softvfp
   4              		.eabi_attribute 20, 1
   5              		.eabi_attribute 21, 1
   6              		.eabi_attribute 23, 3
   7              		.eabi_attribute 24, 1
   8              		.eabi_attribute 25, 1
   9              		.eabi_attribute 26, 1
  10              		.eabi_attribute 30, 1
  11              		.eabi_attribute 34, 1
  12              		.eabi_attribute 18, 4
  13              		.thumb
  14              		.file	"main.c"
  15              		.text
  16              	.Ltext0:
  17              		.cfi_sections	.debug_frame
  18              		.section	.text.main,"ax",%progbits
  19              		.align	2
  20              		.global	main
  21              		.thumb
  22              		.thumb_func
  23              		.type	main, %function
  24              	main:
  25              	.LFB63:
  26              		.file 1 ".\\main.c"
   1:.\main.c      **** /*******************************************************************************
   2:.\main.c      **** * File Name: main.c
   3:.\main.c      **** *
   4:.\main.c      **** * Version: 1
   5:.\main.c      **** * Author: Lukas Creutzburg
   6:.\main.c      **** *
   7:.\main.c      **** * Description:
   8:.\main.c      **** *  Guitar PSoC Code
   9:.\main.c      **** *
  10:.\main.c      **** *******************************************************************************/
  11:.\main.c      **** 
  12:.\main.c      **** #include "project.h"
  13:.\main.c      **** #include "i2cmaster.h"
  14:.\main.c      **** 
  15:.\main.c      **** 
  16:.\main.c      **** /*******************************************************************************
  17:.\main.c      **** * Function Name: main
  18:.\main.c      **** ********************************************************************************
  19:.\main.c      **** * Summary:
  20:.\main.c      **** *  Main function performs following functions:
  21:.\main.c      **** *   1. Enable global interrupts.
  22:.\main.c      **** *   2. Initialize CapSense, UART (Debug), I2C Interaction
  23:.\main.c      **** *   3. Process scanning results and sending them
  24:.\main.c      **** *
  25:.\main.c      **** * Parameters:
  26:.\main.c      **** *  None
  27:.\main.c      **** *
  28:.\main.c      **** * Return:
  29:.\main.c      **** *  None
  30:.\main.c      **** *
  31:.\main.c      **** *******************************************************************************/
ARM GAS  C:\Users\Andreas\AppData\Local\Temp\ccSNuvjf.s 			page 2


  32:.\main.c      **** int main()
  33:.\main.c      **** {
  27              		.loc 1 33 0
  28              		.cfi_startproc
  29              		@ args = 0, pretend = 0, frame = 0
  30              		@ frame_needed = 0, uses_anonymous_args = 0
  31 0000 70B5     		push	{r4, r5, r6, lr}
  32              		.cfi_def_cfa_offset 16
  33              		.cfi_offset 4, -16
  34              		.cfi_offset 5, -12
  35              		.cfi_offset 6, -8
  36              		.cfi_offset 14, -4
  34:.\main.c      ****     /* Enable global interrupts */
  35:.\main.c      ****     CyGlobalIntEnable;
  37              		.loc 1 35 0
  38              	@ 35 ".\main.c" 1
  39 0002 62B6     		CPSIE   i
  40              	@ 0 "" 2
  41              	.LVL0:
  36:.\main.c      ****     
  37:.\main.c      ****     uint8 command = CMD_SET_OFF;
  38:.\main.c      ****     //int32 pos = 30000;
  39:.\main.c      ****     uint8 i = 0; 
  40:.\main.c      ****     uint8 direction =1; 
  41:.\main.c      ****     
  42:.\main.c      ****     I2CInit();
  42              		.loc 1 42 0
  43              		.thumb
  44 0004 FFF7FEFF 		bl	I2CInit
  45              	.LVL1:
  40:.\main.c      ****     
  46              		.loc 1 40 0
  47 0008 0126     		movs	r6, #1
  39:.\main.c      ****     uint8 direction =1; 
  48              		.loc 1 39 0
  49 000a 0025     		movs	r5, #0
  37:.\main.c      ****     //int32 pos = 30000;
  50              		.loc 1 37 0
  51 000c 2C46     		mov	r4, r5
  52              	.LVL2:
  53              	.L3:
  43:.\main.c      **** 
  44:.\main.c      ****     while(1u)
  45:.\main.c      ****     {
  46:.\main.c      ****         
  47:.\main.c      ****         // Beispiel Volume Control, i wechselt kontinuierlich zwischen 0 und 100
  48:.\main.c      **** 
  49:.\main.c      ****         /* Send packet with command to the slave */
  50:.\main.c      ****         if (0u == I2CWriteCommandPacket(command))
  54              		.loc 1 50 0
  55 000e 2046     		mov	r0, r4
  56 0010 FFF7FEFF 		bl	I2CWriteCommandPacket
  57              	.LVL3:
  58 0014 0028     		cmp	r0, #0
  59 0016 FAD1     		bne	.L3
  51:.\main.c      ****         {
  52:.\main.c      ****             /* Read response packet from the slave */
ARM GAS  C:\Users\Andreas\AppData\Local\Temp\ccSNuvjf.s 			page 3


  53:.\main.c      ****             if (0u == I2CReadStatusPacket())
  60              		.loc 1 53 0
  61 0018 FFF7FEFF 		bl	I2CReadStatusPacket
  62              	.LVL4:
  63 001c 0028     		cmp	r0, #0
  64 001e F6D1     		bne	.L3
  54:.\main.c      ****             {
  55:.\main.c      ****                  if (i == 100)
  65              		.loc 1 55 0
  66 0020 642D     		cmp	r5, #100
  67 0022 01D0     		beq	.L7
  56:.\main.c      ****                 { 
  57:.\main.c      ****                     direction = 0;
  58:.\main.c      ****                 }
  59:.\main.c      ****                 else if (i == 0)
  68              		.loc 1 59 0
  69 0024 15B1     		cbz	r5, .L8
  70 0026 02E0     		b	.L5
  71              	.L7:
  57:.\main.c      ****                 }
  72              		.loc 1 57 0
  73 0028 0026     		movs	r6, #0
  74              	.LVL5:
  75 002a 00E0     		b	.L5
  76              	.LVL6:
  77              	.L8:
  60:.\main.c      ****                 {
  61:.\main.c      ****                     direction = 1;
  78              		.loc 1 61 0
  79 002c 0126     		movs	r6, #1
  80              	.LVL7:
  81              	.L5:
  62:.\main.c      ****                 }
  63:.\main.c      ****                 if (direction == 1)
  82              		.loc 1 63 0
  83 002e 1EB1     		cbz	r6, .L6
  64:.\main.c      ****                 {
  65:.\main.c      ****                     i=i+1;
  84              		.loc 1 65 0
  85 0030 0135     		adds	r5, r5, #1
  86              	.LVL8:
  87 0032 EDB2     		uxtb	r5, r5
  88 0034 2C46     		mov	r4, r5
  89              	.LVL9:
  90 0036 EAE7     		b	.L3
  91              	.LVL10:
  92              	.L6:
  66:.\main.c      ****                 }
  67:.\main.c      ****                 else 
  68:.\main.c      ****                 {
  69:.\main.c      ****                     i = i-1;
  93              		.loc 1 69 0
  94 0038 013D     		subs	r5, r5, #1
  95              	.LVL11:
  96 003a EDB2     		uxtb	r5, r5
  97 003c 2C46     		mov	r4, r5
  98              	.LVL12:
ARM GAS  C:\Users\Andreas\AppData\Local\Temp\ccSNuvjf.s 			page 4


  99 003e E6E7     		b	.L3
 100              		.cfi_endproc
 101              	.LFE63:
 102              		.size	main, .-main
 103              		.text
 104              	.Letext0:
 105              		.file 2 "c:\\program files (x86)\\cypress\\psoc creator\\3.3\\psoc creator\\import\\gnu\\arm\\4.9.
 106              		.file 3 "c:\\program files (x86)\\cypress\\psoc creator\\3.3\\psoc creator\\import\\gnu\\arm\\4.9.
 107              		.file 4 "Generated_Source\\PSoC5/cytypes.h"
 108              		.file 5 "Generated_Source\\PSoC5/core_cm3.h"
 109              		.file 6 ".\\i2cmaster.h"
 110              		.section	.debug_info,"",%progbits
 111              	.Ldebug_info0:
 112 0000 53010000 		.4byte	0x153
 113 0004 0400     		.2byte	0x4
 114 0006 00000000 		.4byte	.Ldebug_abbrev0
 115 000a 04       		.byte	0x4
 116 000b 01       		.uleb128 0x1
 117 000c 69000000 		.4byte	.LASF19
 118 0010 01       		.byte	0x1
 119 0011 59010000 		.4byte	.LASF20
 120 0015 05010000 		.4byte	.LASF21
 121 0019 00000000 		.4byte	.Ldebug_ranges0+0
 122 001d 00000000 		.4byte	0
 123 0021 00000000 		.4byte	.Ldebug_line0
 124 0025 02       		.uleb128 0x2
 125 0026 01       		.byte	0x1
 126 0027 06       		.byte	0x6
 127 0028 A5010000 		.4byte	.LASF0
 128 002c 02       		.uleb128 0x2
 129 002d 01       		.byte	0x1
 130 002e 08       		.byte	0x8
 131 002f F7000000 		.4byte	.LASF1
 132 0033 02       		.uleb128 0x2
 133 0034 02       		.byte	0x2
 134 0035 05       		.byte	0x5
 135 0036 DF010000 		.4byte	.LASF2
 136 003a 02       		.uleb128 0x2
 137 003b 02       		.byte	0x2
 138 003c 07       		.byte	0x7
 139 003d 56000000 		.4byte	.LASF3
 140 0041 03       		.uleb128 0x3
 141 0042 B9010000 		.4byte	.LASF9
 142 0046 02       		.byte	0x2
 143 0047 3F       		.byte	0x3f
 144 0048 4C000000 		.4byte	0x4c
 145 004c 02       		.uleb128 0x2
 146 004d 04       		.byte	0x4
 147 004e 05       		.byte	0x5
 148 004f 50010000 		.4byte	.LASF4
 149 0053 02       		.uleb128 0x2
 150 0054 04       		.byte	0x4
 151 0055 07       		.byte	0x7
 152 0056 2D000000 		.4byte	.LASF5
 153 005a 02       		.uleb128 0x2
 154 005b 08       		.byte	0x8
 155 005c 05       		.byte	0x5
ARM GAS  C:\Users\Andreas\AppData\Local\Temp\ccSNuvjf.s 			page 5


 156 005d 00000000 		.4byte	.LASF6
 157 0061 02       		.uleb128 0x2
 158 0062 08       		.byte	0x8
 159 0063 07       		.byte	0x7
 160 0064 3F000000 		.4byte	.LASF7
 161 0068 04       		.uleb128 0x4
 162 0069 04       		.byte	0x4
 163 006a 05       		.byte	0x5
 164 006b 696E7400 		.ascii	"int\000"
 165 006f 02       		.uleb128 0x2
 166 0070 04       		.byte	0x4
 167 0071 07       		.byte	0x7
 168 0072 15000000 		.4byte	.LASF8
 169 0076 03       		.uleb128 0x3
 170 0077 E9010000 		.4byte	.LASF10
 171 007b 03       		.byte	0x3
 172 007c 2C       		.byte	0x2c
 173 007d 41000000 		.4byte	0x41
 174 0081 03       		.uleb128 0x3
 175 0082 27000000 		.4byte	.LASF11
 176 0086 04       		.byte	0x4
 177 0087 C2       		.byte	0xc2
 178 0088 2C000000 		.4byte	0x2c
 179 008c 03       		.uleb128 0x3
 180 008d 0E000000 		.4byte	.LASF12
 181 0091 04       		.byte	0x4
 182 0092 C4       		.byte	0xc4
 183 0093 53000000 		.4byte	0x53
 184 0097 02       		.uleb128 0x2
 185 0098 04       		.byte	0x4
 186 0099 04       		.byte	0x4
 187 009a C3010000 		.4byte	.LASF13
 188 009e 02       		.uleb128 0x2
 189 009f 08       		.byte	0x8
 190 00a0 04       		.byte	0x4
 191 00a1 6C010000 		.4byte	.LASF14
 192 00a5 02       		.uleb128 0x2
 193 00a6 01       		.byte	0x1
 194 00a7 08       		.byte	0x8
 195 00a8 F1010000 		.4byte	.LASF15
 196 00ac 02       		.uleb128 0x2
 197 00ad 04       		.byte	0x4
 198 00ae 07       		.byte	0x7
 199 00af 8F010000 		.4byte	.LASF16
 200 00b3 05       		.uleb128 0x5
 201 00b4 22000000 		.4byte	.LASF22
 202 00b8 01       		.byte	0x1
 203 00b9 20       		.byte	0x20
 204 00ba 68000000 		.4byte	0x68
 205 00be 00000000 		.4byte	.LFB63
 206 00c2 40000000 		.4byte	.LFE63-.LFB63
 207 00c6 01       		.uleb128 0x1
 208 00c7 9C       		.byte	0x9c
 209 00c8 1E010000 		.4byte	0x11e
 210 00cc 06       		.uleb128 0x6
 211 00cd B1010000 		.4byte	.LASF17
 212 00d1 01       		.byte	0x1
ARM GAS  C:\Users\Andreas\AppData\Local\Temp\ccSNuvjf.s 			page 6


 213 00d2 25       		.byte	0x25
 214 00d3 81000000 		.4byte	0x81
 215 00d7 00000000 		.4byte	.LLST0
 216 00db 07       		.uleb128 0x7
 217 00dc 6900     		.ascii	"i\000"
 218 00de 01       		.byte	0x1
 219 00df 27       		.byte	0x27
 220 00e0 81000000 		.4byte	0x81
 221 00e4 2A000000 		.4byte	.LLST1
 222 00e8 06       		.uleb128 0x6
 223 00e9 62010000 		.4byte	.LASF18
 224 00ed 01       		.byte	0x1
 225 00ee 28       		.byte	0x28
 226 00ef 81000000 		.4byte	0x81
 227 00f3 54000000 		.4byte	.LLST2
 228 00f7 08       		.uleb128 0x8
 229 00f8 08000000 		.4byte	.LVL1
 230 00fc 2F010000 		.4byte	0x12f
 231 0100 09       		.uleb128 0x9
 232 0101 14000000 		.4byte	.LVL3
 233 0105 36010000 		.4byte	0x136
 234 0109 14010000 		.4byte	0x114
 235 010d 0A       		.uleb128 0xa
 236 010e 01       		.uleb128 0x1
 237 010f 50       		.byte	0x50
 238 0110 02       		.uleb128 0x2
 239 0111 74       		.byte	0x74
 240 0112 00       		.sleb128 0
 241 0113 00       		.byte	0
 242 0114 08       		.uleb128 0x8
 243 0115 1C000000 		.4byte	.LVL4
 244 0119 4B010000 		.4byte	0x14b
 245 011d 00       		.byte	0
 246 011e 0B       		.uleb128 0xb
 247 011f 98010000 		.4byte	.LASF23
 248 0123 05       		.byte	0x5
 249 0124 2A06     		.2byte	0x62a
 250 0126 2A010000 		.4byte	0x12a
 251 012a 0C       		.uleb128 0xc
 252 012b 76000000 		.4byte	0x76
 253 012f 0D       		.uleb128 0xd
 254 0130 87010000 		.4byte	.LASF24
 255 0134 06       		.byte	0x6
 256 0135 45       		.byte	0x45
 257 0136 0E       		.uleb128 0xe
 258 0137 C9010000 		.4byte	.LASF25
 259 013b 06       		.byte	0x6
 260 013c 58       		.byte	0x58
 261 013d 8C000000 		.4byte	0x8c
 262 0141 4B010000 		.4byte	0x14b
 263 0145 0F       		.uleb128 0xf
 264 0146 81000000 		.4byte	0x81
 265 014a 00       		.byte	0
 266 014b 10       		.uleb128 0x10
 267 014c 73010000 		.4byte	.LASF26
 268 0150 06       		.byte	0x6
 269 0151 6A       		.byte	0x6a
ARM GAS  C:\Users\Andreas\AppData\Local\Temp\ccSNuvjf.s 			page 7


 270 0152 8C000000 		.4byte	0x8c
 271 0156 00       		.byte	0
 272              		.section	.debug_abbrev,"",%progbits
 273              	.Ldebug_abbrev0:
 274 0000 01       		.uleb128 0x1
 275 0001 11       		.uleb128 0x11
 276 0002 01       		.byte	0x1
 277 0003 25       		.uleb128 0x25
 278 0004 0E       		.uleb128 0xe
 279 0005 13       		.uleb128 0x13
 280 0006 0B       		.uleb128 0xb
 281 0007 03       		.uleb128 0x3
 282 0008 0E       		.uleb128 0xe
 283 0009 1B       		.uleb128 0x1b
 284 000a 0E       		.uleb128 0xe
 285 000b 55       		.uleb128 0x55
 286 000c 17       		.uleb128 0x17
 287 000d 11       		.uleb128 0x11
 288 000e 01       		.uleb128 0x1
 289 000f 10       		.uleb128 0x10
 290 0010 17       		.uleb128 0x17
 291 0011 00       		.byte	0
 292 0012 00       		.byte	0
 293 0013 02       		.uleb128 0x2
 294 0014 24       		.uleb128 0x24
 295 0015 00       		.byte	0
 296 0016 0B       		.uleb128 0xb
 297 0017 0B       		.uleb128 0xb
 298 0018 3E       		.uleb128 0x3e
 299 0019 0B       		.uleb128 0xb
 300 001a 03       		.uleb128 0x3
 301 001b 0E       		.uleb128 0xe
 302 001c 00       		.byte	0
 303 001d 00       		.byte	0
 304 001e 03       		.uleb128 0x3
 305 001f 16       		.uleb128 0x16
 306 0020 00       		.byte	0
 307 0021 03       		.uleb128 0x3
 308 0022 0E       		.uleb128 0xe
 309 0023 3A       		.uleb128 0x3a
 310 0024 0B       		.uleb128 0xb
 311 0025 3B       		.uleb128 0x3b
 312 0026 0B       		.uleb128 0xb
 313 0027 49       		.uleb128 0x49
 314 0028 13       		.uleb128 0x13
 315 0029 00       		.byte	0
 316 002a 00       		.byte	0
 317 002b 04       		.uleb128 0x4
 318 002c 24       		.uleb128 0x24
 319 002d 00       		.byte	0
 320 002e 0B       		.uleb128 0xb
 321 002f 0B       		.uleb128 0xb
 322 0030 3E       		.uleb128 0x3e
 323 0031 0B       		.uleb128 0xb
 324 0032 03       		.uleb128 0x3
 325 0033 08       		.uleb128 0x8
 326 0034 00       		.byte	0
ARM GAS  C:\Users\Andreas\AppData\Local\Temp\ccSNuvjf.s 			page 8


 327 0035 00       		.byte	0
 328 0036 05       		.uleb128 0x5
 329 0037 2E       		.uleb128 0x2e
 330 0038 01       		.byte	0x1
 331 0039 3F       		.uleb128 0x3f
 332 003a 19       		.uleb128 0x19
 333 003b 03       		.uleb128 0x3
 334 003c 0E       		.uleb128 0xe
 335 003d 3A       		.uleb128 0x3a
 336 003e 0B       		.uleb128 0xb
 337 003f 3B       		.uleb128 0x3b
 338 0040 0B       		.uleb128 0xb
 339 0041 49       		.uleb128 0x49
 340 0042 13       		.uleb128 0x13
 341 0043 11       		.uleb128 0x11
 342 0044 01       		.uleb128 0x1
 343 0045 12       		.uleb128 0x12
 344 0046 06       		.uleb128 0x6
 345 0047 40       		.uleb128 0x40
 346 0048 18       		.uleb128 0x18
 347 0049 9742     		.uleb128 0x2117
 348 004b 19       		.uleb128 0x19
 349 004c 01       		.uleb128 0x1
 350 004d 13       		.uleb128 0x13
 351 004e 00       		.byte	0
 352 004f 00       		.byte	0
 353 0050 06       		.uleb128 0x6
 354 0051 34       		.uleb128 0x34
 355 0052 00       		.byte	0
 356 0053 03       		.uleb128 0x3
 357 0054 0E       		.uleb128 0xe
 358 0055 3A       		.uleb128 0x3a
 359 0056 0B       		.uleb128 0xb
 360 0057 3B       		.uleb128 0x3b
 361 0058 0B       		.uleb128 0xb
 362 0059 49       		.uleb128 0x49
 363 005a 13       		.uleb128 0x13
 364 005b 02       		.uleb128 0x2
 365 005c 17       		.uleb128 0x17
 366 005d 00       		.byte	0
 367 005e 00       		.byte	0
 368 005f 07       		.uleb128 0x7
 369 0060 34       		.uleb128 0x34
 370 0061 00       		.byte	0
 371 0062 03       		.uleb128 0x3
 372 0063 08       		.uleb128 0x8
 373 0064 3A       		.uleb128 0x3a
 374 0065 0B       		.uleb128 0xb
 375 0066 3B       		.uleb128 0x3b
 376 0067 0B       		.uleb128 0xb
 377 0068 49       		.uleb128 0x49
 378 0069 13       		.uleb128 0x13
 379 006a 02       		.uleb128 0x2
 380 006b 17       		.uleb128 0x17
 381 006c 00       		.byte	0
 382 006d 00       		.byte	0
 383 006e 08       		.uleb128 0x8
ARM GAS  C:\Users\Andreas\AppData\Local\Temp\ccSNuvjf.s 			page 9


 384 006f 898201   		.uleb128 0x4109
 385 0072 00       		.byte	0
 386 0073 11       		.uleb128 0x11
 387 0074 01       		.uleb128 0x1
 388 0075 31       		.uleb128 0x31
 389 0076 13       		.uleb128 0x13
 390 0077 00       		.byte	0
 391 0078 00       		.byte	0
 392 0079 09       		.uleb128 0x9
 393 007a 898201   		.uleb128 0x4109
 394 007d 01       		.byte	0x1
 395 007e 11       		.uleb128 0x11
 396 007f 01       		.uleb128 0x1
 397 0080 31       		.uleb128 0x31
 398 0081 13       		.uleb128 0x13
 399 0082 01       		.uleb128 0x1
 400 0083 13       		.uleb128 0x13
 401 0084 00       		.byte	0
 402 0085 00       		.byte	0
 403 0086 0A       		.uleb128 0xa
 404 0087 8A8201   		.uleb128 0x410a
 405 008a 00       		.byte	0
 406 008b 02       		.uleb128 0x2
 407 008c 18       		.uleb128 0x18
 408 008d 9142     		.uleb128 0x2111
 409 008f 18       		.uleb128 0x18
 410 0090 00       		.byte	0
 411 0091 00       		.byte	0
 412 0092 0B       		.uleb128 0xb
 413 0093 34       		.uleb128 0x34
 414 0094 00       		.byte	0
 415 0095 03       		.uleb128 0x3
 416 0096 0E       		.uleb128 0xe
 417 0097 3A       		.uleb128 0x3a
 418 0098 0B       		.uleb128 0xb
 419 0099 3B       		.uleb128 0x3b
 420 009a 05       		.uleb128 0x5
 421 009b 49       		.uleb128 0x49
 422 009c 13       		.uleb128 0x13
 423 009d 3F       		.uleb128 0x3f
 424 009e 19       		.uleb128 0x19
 425 009f 3C       		.uleb128 0x3c
 426 00a0 19       		.uleb128 0x19
 427 00a1 00       		.byte	0
 428 00a2 00       		.byte	0
 429 00a3 0C       		.uleb128 0xc
 430 00a4 35       		.uleb128 0x35
 431 00a5 00       		.byte	0
 432 00a6 49       		.uleb128 0x49
 433 00a7 13       		.uleb128 0x13
 434 00a8 00       		.byte	0
 435 00a9 00       		.byte	0
 436 00aa 0D       		.uleb128 0xd
 437 00ab 2E       		.uleb128 0x2e
 438 00ac 00       		.byte	0
 439 00ad 3F       		.uleb128 0x3f
 440 00ae 19       		.uleb128 0x19
ARM GAS  C:\Users\Andreas\AppData\Local\Temp\ccSNuvjf.s 			page 10


 441 00af 03       		.uleb128 0x3
 442 00b0 0E       		.uleb128 0xe
 443 00b1 3A       		.uleb128 0x3a
 444 00b2 0B       		.uleb128 0xb
 445 00b3 3B       		.uleb128 0x3b
 446 00b4 0B       		.uleb128 0xb
 447 00b5 27       		.uleb128 0x27
 448 00b6 19       		.uleb128 0x19
 449 00b7 3C       		.uleb128 0x3c
 450 00b8 19       		.uleb128 0x19
 451 00b9 00       		.byte	0
 452 00ba 00       		.byte	0
 453 00bb 0E       		.uleb128 0xe
 454 00bc 2E       		.uleb128 0x2e
 455 00bd 01       		.byte	0x1
 456 00be 3F       		.uleb128 0x3f
 457 00bf 19       		.uleb128 0x19
 458 00c0 03       		.uleb128 0x3
 459 00c1 0E       		.uleb128 0xe
 460 00c2 3A       		.uleb128 0x3a
 461 00c3 0B       		.uleb128 0xb
 462 00c4 3B       		.uleb128 0x3b
 463 00c5 0B       		.uleb128 0xb
 464 00c6 27       		.uleb128 0x27
 465 00c7 19       		.uleb128 0x19
 466 00c8 49       		.uleb128 0x49
 467 00c9 13       		.uleb128 0x13
 468 00ca 3C       		.uleb128 0x3c
 469 00cb 19       		.uleb128 0x19
 470 00cc 01       		.uleb128 0x1
 471 00cd 13       		.uleb128 0x13
 472 00ce 00       		.byte	0
 473 00cf 00       		.byte	0
 474 00d0 0F       		.uleb128 0xf
 475 00d1 05       		.uleb128 0x5
 476 00d2 00       		.byte	0
 477 00d3 49       		.uleb128 0x49
 478 00d4 13       		.uleb128 0x13
 479 00d5 00       		.byte	0
 480 00d6 00       		.byte	0
 481 00d7 10       		.uleb128 0x10
 482 00d8 2E       		.uleb128 0x2e
 483 00d9 00       		.byte	0
 484 00da 3F       		.uleb128 0x3f
 485 00db 19       		.uleb128 0x19
 486 00dc 03       		.uleb128 0x3
 487 00dd 0E       		.uleb128 0xe
 488 00de 3A       		.uleb128 0x3a
 489 00df 0B       		.uleb128 0xb
 490 00e0 3B       		.uleb128 0x3b
 491 00e1 0B       		.uleb128 0xb
 492 00e2 27       		.uleb128 0x27
 493 00e3 19       		.uleb128 0x19
 494 00e4 49       		.uleb128 0x49
 495 00e5 13       		.uleb128 0x13
 496 00e6 3C       		.uleb128 0x3c
 497 00e7 19       		.uleb128 0x19
ARM GAS  C:\Users\Andreas\AppData\Local\Temp\ccSNuvjf.s 			page 11


 498 00e8 00       		.byte	0
 499 00e9 00       		.byte	0
 500 00ea 00       		.byte	0
 501              		.section	.debug_loc,"",%progbits
 502              	.Ldebug_loc0:
 503              	.LLST0:
 504 0000 04000000 		.4byte	.LVL0
 505 0004 0E000000 		.4byte	.LVL2
 506 0008 0200     		.2byte	0x2
 507 000a 30       		.byte	0x30
 508 000b 9F       		.byte	0x9f
 509 000c 0E000000 		.4byte	.LVL2
 510 0010 36000000 		.4byte	.LVL9
 511 0014 0100     		.2byte	0x1
 512 0016 54       		.byte	0x54
 513 0017 38000000 		.4byte	.LVL10
 514 001b 3E000000 		.4byte	.LVL12
 515 001f 0100     		.2byte	0x1
 516 0021 54       		.byte	0x54
 517 0022 00000000 		.4byte	0
 518 0026 00000000 		.4byte	0
 519              	.LLST1:
 520 002a 04000000 		.4byte	.LVL0
 521 002e 0E000000 		.4byte	.LVL2
 522 0032 0200     		.2byte	0x2
 523 0034 30       		.byte	0x30
 524 0035 9F       		.byte	0x9f
 525 0036 0E000000 		.4byte	.LVL2
 526 003a 32000000 		.4byte	.LVL8
 527 003e 0100     		.2byte	0x1
 528 0040 55       		.byte	0x55
 529 0041 38000000 		.4byte	.LVL10
 530 0045 3A000000 		.4byte	.LVL11
 531 0049 0100     		.2byte	0x1
 532 004b 55       		.byte	0x55
 533 004c 00000000 		.4byte	0
 534 0050 00000000 		.4byte	0
 535              	.LLST2:
 536 0054 04000000 		.4byte	.LVL0
 537 0058 0E000000 		.4byte	.LVL2
 538 005c 0200     		.2byte	0x2
 539 005e 31       		.byte	0x31
 540 005f 9F       		.byte	0x9f
 541 0060 0E000000 		.4byte	.LVL2
 542 0064 2A000000 		.4byte	.LVL5
 543 0068 0100     		.2byte	0x1
 544 006a 56       		.byte	0x56
 545 006b 2C000000 		.4byte	.LVL6
 546 006f 40000000 		.4byte	.LFE63
 547 0073 0100     		.2byte	0x1
 548 0075 56       		.byte	0x56
 549 0076 00000000 		.4byte	0
 550 007a 00000000 		.4byte	0
 551              		.section	.debug_aranges,"",%progbits
 552 0000 1C000000 		.4byte	0x1c
 553 0004 0200     		.2byte	0x2
 554 0006 00000000 		.4byte	.Ldebug_info0
ARM GAS  C:\Users\Andreas\AppData\Local\Temp\ccSNuvjf.s 			page 12


 555 000a 04       		.byte	0x4
 556 000b 00       		.byte	0
 557 000c 0000     		.2byte	0
 558 000e 0000     		.2byte	0
 559 0010 00000000 		.4byte	.LFB63
 560 0014 40000000 		.4byte	.LFE63-.LFB63
 561 0018 00000000 		.4byte	0
 562 001c 00000000 		.4byte	0
 563              		.section	.debug_ranges,"",%progbits
 564              	.Ldebug_ranges0:
 565 0000 00000000 		.4byte	.LFB63
 566 0004 40000000 		.4byte	.LFE63
 567 0008 00000000 		.4byte	0
 568 000c 00000000 		.4byte	0
 569              		.section	.debug_line,"",%progbits
 570              	.Ldebug_line0:
 571 0000 7F010000 		.section	.debug_str,"MS",%progbits,1
 571      02005A01 
 571      00000201 
 571      FB0E0D00 
 571      01010101 
 572              	.LASF6:
 573 0000 6C6F6E67 		.ascii	"long long int\000"
 573      206C6F6E 
 573      6720696E 
 573      7400
 574              	.LASF12:
 575 000e 75696E74 		.ascii	"uint32\000"
 575      333200
 576              	.LASF8:
 577 0015 756E7369 		.ascii	"unsigned int\000"
 577      676E6564 
 577      20696E74 
 577      00
 578              	.LASF22:
 579 0022 6D61696E 		.ascii	"main\000"
 579      00
 580              	.LASF11:
 581 0027 75696E74 		.ascii	"uint8\000"
 581      3800
 582              	.LASF5:
 583 002d 6C6F6E67 		.ascii	"long unsigned int\000"
 583      20756E73 
 583      69676E65 
 583      6420696E 
 583      7400
 584              	.LASF7:
 585 003f 6C6F6E67 		.ascii	"long long unsigned int\000"
 585      206C6F6E 
 585      6720756E 
 585      7369676E 
 585      65642069 
 586              	.LASF3:
 587 0056 73686F72 		.ascii	"short unsigned int\000"
 587      7420756E 
 587      7369676E 
 587      65642069 
ARM GAS  C:\Users\Andreas\AppData\Local\Temp\ccSNuvjf.s 			page 13


 587      6E7400
 588              	.LASF19:
 589 0069 474E5520 		.ascii	"GNU C 4.9.3 20150303 (release) [ARM/embedded-4_9-br"
 589      4320342E 
 589      392E3320 
 589      32303135 
 589      30333033 
 590 009c 616E6368 		.ascii	"anch revision 221220] -mcpu=cortex-m3 -mthumb -g -O"
 590      20726576 
 590      6973696F 
 590      6E203232 
 590      31323230 
 591 00cf 67202D66 		.ascii	"g -ffunction-sections -ffat-lto-objects\000"
 591      66756E63 
 591      74696F6E 
 591      2D736563 
 591      74696F6E 
 592              	.LASF1:
 593 00f7 756E7369 		.ascii	"unsigned char\000"
 593      676E6564 
 593      20636861 
 593      7200
 594              	.LASF21:
 595 0105 433A5C55 		.ascii	"C:\\Users\\Andreas\\Documents\\VR Projekt\\freeDSPP"
 595      73657273 
 595      5C416E64 
 595      72656173 
 595      5C446F63 
 596 0133 536F432D 		.ascii	"SoC-I2C\\I2C - PSoC-DSP.cydsn\000"
 596      4932435C 
 596      49324320 
 596      2D205053 
 596      6F432D44 
 597              	.LASF4:
 598 0150 6C6F6E67 		.ascii	"long int\000"
 598      20696E74 
 598      00
 599              	.LASF20:
 600 0159 2E5C6D61 		.ascii	".\\main.c\000"
 600      696E2E63 
 600      00
 601              	.LASF18:
 602 0162 64697265 		.ascii	"direction\000"
 602      6374696F 
 602      6E00
 603              	.LASF14:
 604 016c 646F7562 		.ascii	"double\000"
 604      6C6500
 605              	.LASF26:
 606 0173 49324352 		.ascii	"I2CReadStatusPacket\000"
 606      65616453 
 606      74617475 
 606      73506163 
 606      6B657400 
 607              	.LASF24:
 608 0187 49324349 		.ascii	"I2CInit\000"
 608      6E697400 
ARM GAS  C:\Users\Andreas\AppData\Local\Temp\ccSNuvjf.s 			page 14


 609              	.LASF16:
 610 018f 73697A65 		.ascii	"sizetype\000"
 610      74797065 
 610      00
 611              	.LASF23:
 612 0198 49544D5F 		.ascii	"ITM_RxBuffer\000"
 612      52784275 
 612      66666572 
 612      00
 613              	.LASF0:
 614 01a5 7369676E 		.ascii	"signed char\000"
 614      65642063 
 614      68617200 
 615              	.LASF17:
 616 01b1 636F6D6D 		.ascii	"command\000"
 616      616E6400 
 617              	.LASF9:
 618 01b9 5F5F696E 		.ascii	"__int32_t\000"
 618      7433325F 
 618      7400
 619              	.LASF13:
 620 01c3 666C6F61 		.ascii	"float\000"
 620      7400
 621              	.LASF25:
 622 01c9 49324357 		.ascii	"I2CWriteCommandPacket\000"
 622      72697465 
 622      436F6D6D 
 622      616E6450 
 622      61636B65 
 623              	.LASF2:
 624 01df 73686F72 		.ascii	"short int\000"
 624      7420696E 
 624      7400
 625              	.LASF10:
 626 01e9 696E7433 		.ascii	"int32_t\000"
 626      325F7400 
 627              	.LASF15:
 628 01f1 63686172 		.ascii	"char\000"
 628      00
 629              		.ident	"GCC: (GNU Tools for ARM Embedded Processors) 4.9.3 20150303 (release) [ARM/embedded-4_9-br
