ARM GAS  C:\Users\LUKASC~1\AppData\Local\Temp\ccynEoft.s 			page 1


   1              		.cpu cortex-m0
   2              		.fpu softvfp
   3              		.eabi_attribute 20, 1
   4              		.eabi_attribute 21, 1
   5              		.eabi_attribute 23, 3
   6              		.eabi_attribute 24, 1
   7              		.eabi_attribute 25, 1
   8              		.eabi_attribute 26, 1
   9              		.eabi_attribute 30, 6
  10              		.eabi_attribute 34, 0
  11              		.eabi_attribute 18, 4
  12              		.code	16
  13              		.file	"Cm0Start.c"
  14              		.text
  15              	.Ltext0:
  16              		.cfi_sections	.debug_frame
  17              		.section	.noinit,"aw",%progbits
  18              		.align	2
  19              		.type	cySysNoInitDataValid, %object
  20              		.size	cySysNoInitDataValid, 4
  21              	cySysNoInitDataValid:
  22 0000 00000000 		.space	4
  23              		.global	cyBtldrRunType
  24              		.section	.bootloaderruntype,"aw",%progbits
  25              		.align	2
  26              		.type	cyBtldrRunType, %object
  27              		.size	cyBtldrRunType, 4
  28              	cyBtldrRunType:
  29 0000 00000000 		.space	4
  30              		.section	.text.IntDefaultHandler,"ax",%progbits
  31              		.align	2
  32              		.global	IntDefaultHandler
  33              		.code	16
  34              		.thumb_func
  35              		.type	IntDefaultHandler, %function
  36              	IntDefaultHandler:
  37              	.LFB0:
  38              		.file 1 ".\\Generated_Source\\PSoC4\\Cm0Start.c"
   1:.\Generated_Source\PSoC4/Cm0Start.c **** /*******************************************************************************
   2:.\Generated_Source\PSoC4/Cm0Start.c **** * File Name: Cm0Start.c
   3:.\Generated_Source\PSoC4/Cm0Start.c **** * Version 5.30
   4:.\Generated_Source\PSoC4/Cm0Start.c **** *
   5:.\Generated_Source\PSoC4/Cm0Start.c **** *  Description:
   6:.\Generated_Source\PSoC4/Cm0Start.c **** *  Startup code for the ARM CM0.
   7:.\Generated_Source\PSoC4/Cm0Start.c **** *
   8:.\Generated_Source\PSoC4/Cm0Start.c **** ********************************************************************************
   9:.\Generated_Source\PSoC4/Cm0Start.c **** * Copyright 2010-2015, Cypress Semiconductor Corporation.  All rights reserved.
  10:.\Generated_Source\PSoC4/Cm0Start.c **** * You may use this file only in accordance with the license, terms, conditions,
  11:.\Generated_Source\PSoC4/Cm0Start.c **** * disclaimers, and limitations in the end user license agreement accompanying
  12:.\Generated_Source\PSoC4/Cm0Start.c **** * the software package with which this file was provided.
  13:.\Generated_Source\PSoC4/Cm0Start.c **** *******************************************************************************/
  14:.\Generated_Source\PSoC4/Cm0Start.c **** 
  15:.\Generated_Source\PSoC4/Cm0Start.c **** #include <limits.h>
  16:.\Generated_Source\PSoC4/Cm0Start.c **** #include "cydevice_trm.h"
  17:.\Generated_Source\PSoC4/Cm0Start.c **** #include "cytypes.h"
  18:.\Generated_Source\PSoC4/Cm0Start.c **** #include "cyfitter_cfg.h"
  19:.\Generated_Source\PSoC4/Cm0Start.c **** #include "CyLib.h"
ARM GAS  C:\Users\LUKASC~1\AppData\Local\Temp\ccynEoft.s 			page 2


  20:.\Generated_Source\PSoC4/Cm0Start.c **** #include "cyfitter.h"
  21:.\Generated_Source\PSoC4/Cm0Start.c **** #include "cyapicallbacks.h"
  22:.\Generated_Source\PSoC4/Cm0Start.c **** 
  23:.\Generated_Source\PSoC4/Cm0Start.c **** #define CY_NUM_VECTORS              (CY_INT_IRQ_BASE + CY_NUM_INTERRUPTS)
  24:.\Generated_Source\PSoC4/Cm0Start.c **** #define CY_CPUSS_CONFIG_VECT_IN_RAM (( uint32 ) 0x01)
  25:.\Generated_Source\PSoC4/Cm0Start.c **** 
  26:.\Generated_Source\PSoC4/Cm0Start.c **** /* CPUSS Configuration register */
  27:.\Generated_Source\PSoC4/Cm0Start.c **** #define CY_CPUSS_CONFIG_REG         (*(reg32 *) CYREG_CPUSS_CONFIG)
  28:.\Generated_Source\PSoC4/Cm0Start.c **** #define CY_CPUSS_CONFIG_PTR         ( (reg32 *) CYREG_CPUSS_CONFIG)
  29:.\Generated_Source\PSoC4/Cm0Start.c **** 
  30:.\Generated_Source\PSoC4/Cm0Start.c **** 
  31:.\Generated_Source\PSoC4/Cm0Start.c **** #if defined (__ICCARM__)
  32:.\Generated_Source\PSoC4/Cm0Start.c ****     #define CY_NUM_ROM_VECTORS      (CY_NUM_VECTORS)
  33:.\Generated_Source\PSoC4/Cm0Start.c **** #else
  34:.\Generated_Source\PSoC4/Cm0Start.c ****     #define CY_NUM_ROM_VECTORS      (4u)
  35:.\Generated_Source\PSoC4/Cm0Start.c **** #endif  /* defined (__ICCARM__) */
  36:.\Generated_Source\PSoC4/Cm0Start.c **** 
  37:.\Generated_Source\PSoC4/Cm0Start.c **** 
  38:.\Generated_Source\PSoC4/Cm0Start.c **** #ifndef CY_SYS_INITIAL_STACK_POINTER
  39:.\Generated_Source\PSoC4/Cm0Start.c **** 
  40:.\Generated_Source\PSoC4/Cm0Start.c ****     #if defined(__ARMCC_VERSION)
  41:.\Generated_Source\PSoC4/Cm0Start.c ****         #define CY_SYS_INITIAL_STACK_POINTER ((cyisraddress)(uint32)&Image$$ARM_LIB_STACK$$ZI$$Limi
  42:.\Generated_Source\PSoC4/Cm0Start.c ****     #elif defined (__GNUC__)
  43:.\Generated_Source\PSoC4/Cm0Start.c ****         #define CY_SYS_INITIAL_STACK_POINTER (&__cy_stack)
  44:.\Generated_Source\PSoC4/Cm0Start.c ****     #elif defined (__ICCARM__)
  45:.\Generated_Source\PSoC4/Cm0Start.c ****         #pragma language=extended
  46:.\Generated_Source\PSoC4/Cm0Start.c ****         #pragma segment="CSTACK"
  47:.\Generated_Source\PSoC4/Cm0Start.c ****         #define CY_SYS_INITIAL_STACK_POINTER  { .__ptr = __sfe( "CSTACK" ) }
  48:.\Generated_Source\PSoC4/Cm0Start.c **** 
  49:.\Generated_Source\PSoC4/Cm0Start.c ****         extern void __iar_program_start( void );
  50:.\Generated_Source\PSoC4/Cm0Start.c ****         extern void __iar_data_init3 (void);
  51:.\Generated_Source\PSoC4/Cm0Start.c ****     #endif  /* (__ARMCC_VERSION) */
  52:.\Generated_Source\PSoC4/Cm0Start.c **** 
  53:.\Generated_Source\PSoC4/Cm0Start.c **** #endif /* CY_SYS_INITIAL_STACK_POINTER */
  54:.\Generated_Source\PSoC4/Cm0Start.c **** 
  55:.\Generated_Source\PSoC4/Cm0Start.c **** 
  56:.\Generated_Source\PSoC4/Cm0Start.c **** #if defined(__GNUC__)
  57:.\Generated_Source\PSoC4/Cm0Start.c ****     #include <errno.h>
  58:.\Generated_Source\PSoC4/Cm0Start.c ****     extern int  errno;
  59:.\Generated_Source\PSoC4/Cm0Start.c ****     extern int  end;
  60:.\Generated_Source\PSoC4/Cm0Start.c **** #endif  /* defined(__GNUC__) */
  61:.\Generated_Source\PSoC4/Cm0Start.c **** 
  62:.\Generated_Source\PSoC4/Cm0Start.c **** /* Extern functions */
  63:.\Generated_Source\PSoC4/Cm0Start.c **** extern void CyBtldr_CheckLaunch(void);
  64:.\Generated_Source\PSoC4/Cm0Start.c **** 
  65:.\Generated_Source\PSoC4/Cm0Start.c **** /* Function prototypes */
  66:.\Generated_Source\PSoC4/Cm0Start.c **** void initialize_psoc(void);
  67:.\Generated_Source\PSoC4/Cm0Start.c **** 
  68:.\Generated_Source\PSoC4/Cm0Start.c **** /* Global variables */
  69:.\Generated_Source\PSoC4/Cm0Start.c **** #if !defined (__ICCARM__)
  70:.\Generated_Source\PSoC4/Cm0Start.c ****     CY_NOINIT static uint32 cySysNoInitDataValid;
  71:.\Generated_Source\PSoC4/Cm0Start.c **** #endif  /* !defined (__ICCARM__) */
  72:.\Generated_Source\PSoC4/Cm0Start.c **** 
  73:.\Generated_Source\PSoC4/Cm0Start.c **** 
  74:.\Generated_Source\PSoC4/Cm0Start.c **** #if (CYDEV_PROJ_TYPE != CYDEV_PROJ_TYPE_STANDARD)
  75:.\Generated_Source\PSoC4/Cm0Start.c **** 
  76:.\Generated_Source\PSoC4/Cm0Start.c ****     /*******************************************************************************
ARM GAS  C:\Users\LUKASC~1\AppData\Local\Temp\ccynEoft.s 			page 3


  77:.\Generated_Source\PSoC4/Cm0Start.c ****     This variable is used by the Bootloader/Bootloadable components to schedule
  78:.\Generated_Source\PSoC4/Cm0Start.c ****     what application will be started after a software reset.
  79:.\Generated_Source\PSoC4/Cm0Start.c ****     *******************************************************************************/
  80:.\Generated_Source\PSoC4/Cm0Start.c ****     #if (__ARMCC_VERSION)
  81:.\Generated_Source\PSoC4/Cm0Start.c ****         __attribute__ ((section(".bootloaderruntype"), zero_init))
  82:.\Generated_Source\PSoC4/Cm0Start.c ****     #elif defined (__GNUC__)
  83:.\Generated_Source\PSoC4/Cm0Start.c ****         __attribute__ ((section(".bootloaderruntype")))
  84:.\Generated_Source\PSoC4/Cm0Start.c ****     #elif defined (__ICCARM__)
  85:.\Generated_Source\PSoC4/Cm0Start.c ****         #pragma location=".bootloaderruntype"
  86:.\Generated_Source\PSoC4/Cm0Start.c ****     #endif /* (__ARMCC_VERSION) */
  87:.\Generated_Source\PSoC4/Cm0Start.c ****     volatile uint32 cyBtldrRunType;
  88:.\Generated_Source\PSoC4/Cm0Start.c **** 
  89:.\Generated_Source\PSoC4/Cm0Start.c **** #endif  /* (CYDEV_PROJ_TYPE != CYDEV_PROJ_TYPE_STANDARD) */
  90:.\Generated_Source\PSoC4/Cm0Start.c **** 
  91:.\Generated_Source\PSoC4/Cm0Start.c **** 
  92:.\Generated_Source\PSoC4/Cm0Start.c **** /*******************************************************************************
  93:.\Generated_Source\PSoC4/Cm0Start.c **** * Function Name: IntDefaultHandler
  94:.\Generated_Source\PSoC4/Cm0Start.c **** ********************************************************************************
  95:.\Generated_Source\PSoC4/Cm0Start.c **** *
  96:.\Generated_Source\PSoC4/Cm0Start.c **** * Summary:
  97:.\Generated_Source\PSoC4/Cm0Start.c **** *  This function is called for all interrupts, other than a reset that is called
  98:.\Generated_Source\PSoC4/Cm0Start.c **** *  before the system is setup.
  99:.\Generated_Source\PSoC4/Cm0Start.c **** *
 100:.\Generated_Source\PSoC4/Cm0Start.c **** * Parameters:
 101:.\Generated_Source\PSoC4/Cm0Start.c **** *  None
 102:.\Generated_Source\PSoC4/Cm0Start.c **** *
 103:.\Generated_Source\PSoC4/Cm0Start.c **** * Return:
 104:.\Generated_Source\PSoC4/Cm0Start.c **** *  None
 105:.\Generated_Source\PSoC4/Cm0Start.c **** *
 106:.\Generated_Source\PSoC4/Cm0Start.c **** * Theory:
 107:.\Generated_Source\PSoC4/Cm0Start.c **** *   Any value other than zero is acceptable.
 108:.\Generated_Source\PSoC4/Cm0Start.c **** *
 109:.\Generated_Source\PSoC4/Cm0Start.c **** *******************************************************************************/
 110:.\Generated_Source\PSoC4/Cm0Start.c **** CY_NORETURN
 111:.\Generated_Source\PSoC4/Cm0Start.c **** CY_ISR(IntDefaultHandler)
 112:.\Generated_Source\PSoC4/Cm0Start.c **** {
  39              		.loc 1 112 0
  40              		.cfi_startproc
  41 0000 80B5     		push	{r7, lr}
  42              		.cfi_def_cfa_offset 8
  43              		.cfi_offset 7, -8
  44              		.cfi_offset 14, -4
  45 0002 00AF     		add	r7, sp, #0
  46              		.cfi_def_cfa_register 7
  47              	.L2:
 113:.\Generated_Source\PSoC4/Cm0Start.c ****     /***************************************************************************
 114:.\Generated_Source\PSoC4/Cm0Start.c ****     * We must not get here. If we do, a serious problem occurs, so go into
 115:.\Generated_Source\PSoC4/Cm0Start.c ****     * an infinite loop.
 116:.\Generated_Source\PSoC4/Cm0Start.c ****     ***************************************************************************/
 117:.\Generated_Source\PSoC4/Cm0Start.c **** 
 118:.\Generated_Source\PSoC4/Cm0Start.c ****     #ifdef CY_BOOT_INT_DEFAULT_HANDLER_EXCEPTION_ENTRY_CALLBACK
 119:.\Generated_Source\PSoC4/Cm0Start.c ****         CyBoot_IntDefaultHandler_Exception_EntryCallback();
 120:.\Generated_Source\PSoC4/Cm0Start.c ****     #endif /* CY_BOOT_INT_DEFAULT_HANDLER_EXCEPTION_ENTRY_CALLBACK */
 121:.\Generated_Source\PSoC4/Cm0Start.c **** 
 122:.\Generated_Source\PSoC4/Cm0Start.c ****     while(1)
 123:.\Generated_Source\PSoC4/Cm0Start.c ****     {
 124:.\Generated_Source\PSoC4/Cm0Start.c **** 
ARM GAS  C:\Users\LUKASC~1\AppData\Local\Temp\ccynEoft.s 			page 4


 125:.\Generated_Source\PSoC4/Cm0Start.c ****     }
  48              		.loc 1 125 0 discriminator 1
  49 0004 FEE7     		b	.L2
  50              		.cfi_endproc
  51              	.LFE0:
  52              		.size	IntDefaultHandler, .-IntDefaultHandler
  53 0006 C046     		.section	.text._exit,"ax",%progbits
  54              		.align	2
  55              		.weak	_exit
  56              		.code	16
  57              		.thumb_func
  58              		.type	_exit, %function
  59              	_exit:
  60              	.LFB1:
 126:.\Generated_Source\PSoC4/Cm0Start.c **** }
 127:.\Generated_Source\PSoC4/Cm0Start.c **** 
 128:.\Generated_Source\PSoC4/Cm0Start.c **** #if defined(__ARMCC_VERSION)
 129:.\Generated_Source\PSoC4/Cm0Start.c **** 
 130:.\Generated_Source\PSoC4/Cm0Start.c **** /* Local function for device reset. */
 131:.\Generated_Source\PSoC4/Cm0Start.c **** extern void Reset(void);
 132:.\Generated_Source\PSoC4/Cm0Start.c **** 
 133:.\Generated_Source\PSoC4/Cm0Start.c **** /* Application entry point. */
 134:.\Generated_Source\PSoC4/Cm0Start.c **** extern void $Super$$main(void);
 135:.\Generated_Source\PSoC4/Cm0Start.c **** 
 136:.\Generated_Source\PSoC4/Cm0Start.c **** /* Linker-generated Stack Base addresses, Two Region and One Region */
 137:.\Generated_Source\PSoC4/Cm0Start.c **** extern unsigned long Image$$ARM_LIB_STACK$$ZI$$Limit;
 138:.\Generated_Source\PSoC4/Cm0Start.c **** 
 139:.\Generated_Source\PSoC4/Cm0Start.c **** /* RealView C Library initialization. */
 140:.\Generated_Source\PSoC4/Cm0Start.c **** extern int __main(void);
 141:.\Generated_Source\PSoC4/Cm0Start.c **** 
 142:.\Generated_Source\PSoC4/Cm0Start.c **** 
 143:.\Generated_Source\PSoC4/Cm0Start.c **** /*******************************************************************************
 144:.\Generated_Source\PSoC4/Cm0Start.c **** * Function Name: Reset
 145:.\Generated_Source\PSoC4/Cm0Start.c **** ********************************************************************************
 146:.\Generated_Source\PSoC4/Cm0Start.c **** *
 147:.\Generated_Source\PSoC4/Cm0Start.c **** * Summary:
 148:.\Generated_Source\PSoC4/Cm0Start.c **** *  This function handles the reset interrupt for the RVDS/MDK toolchains.
 149:.\Generated_Source\PSoC4/Cm0Start.c **** *  This is the first bit of code that is executed at startup.
 150:.\Generated_Source\PSoC4/Cm0Start.c **** *
 151:.\Generated_Source\PSoC4/Cm0Start.c **** * Parameters:
 152:.\Generated_Source\PSoC4/Cm0Start.c **** *  None
 153:.\Generated_Source\PSoC4/Cm0Start.c **** *
 154:.\Generated_Source\PSoC4/Cm0Start.c **** * Return:
 155:.\Generated_Source\PSoC4/Cm0Start.c **** *  None
 156:.\Generated_Source\PSoC4/Cm0Start.c **** *
 157:.\Generated_Source\PSoC4/Cm0Start.c **** *******************************************************************************/
 158:.\Generated_Source\PSoC4/Cm0Start.c **** void Reset(void)
 159:.\Generated_Source\PSoC4/Cm0Start.c **** {
 160:.\Generated_Source\PSoC4/Cm0Start.c ****     #if (CYDEV_PROJ_TYPE == CYDEV_PROJ_TYPE_LOADABLE || CYDEV_PROJ_TYPE == CYDEV_PROJ_TYPE_LOADABLE
 161:.\Generated_Source\PSoC4/Cm0Start.c ****         /* The bootloadable application image is started at Reset() handler
 162:.\Generated_Source\PSoC4/Cm0Start.c ****         * as a result of a branch instruction execution from the bootloader.
 163:.\Generated_Source\PSoC4/Cm0Start.c ****         * So, the stack pointer needs to be reset to be sure that
 164:.\Generated_Source\PSoC4/Cm0Start.c ****         * there is no garbage in the stack.
 165:.\Generated_Source\PSoC4/Cm0Start.c ****         */
 166:.\Generated_Source\PSoC4/Cm0Start.c ****         register uint32_t msp __asm("msp");
 167:.\Generated_Source\PSoC4/Cm0Start.c ****         msp = (uint32_t)&Image$$ARM_LIB_STACK$$ZI$$Limit;
 168:.\Generated_Source\PSoC4/Cm0Start.c ****     #endif /*(CYDEV_PROJ_TYPE == CYDEV_PROJ_TYPE_LOADABLE || CYDEV_PROJ_TYPE == CYDEV_PROJ_TYPE_LOA
ARM GAS  C:\Users\LUKASC~1\AppData\Local\Temp\ccynEoft.s 			page 5


 169:.\Generated_Source\PSoC4/Cm0Start.c **** 
 170:.\Generated_Source\PSoC4/Cm0Start.c ****     #if(CY_IP_SRSSLT)
 171:.\Generated_Source\PSoC4/Cm0Start.c ****         CySysWdtDisable();
 172:.\Generated_Source\PSoC4/Cm0Start.c ****     #endif  /* (CY_IP_SRSSLT) */
 173:.\Generated_Source\PSoC4/Cm0Start.c **** 
 174:.\Generated_Source\PSoC4/Cm0Start.c ****     #if ((CYDEV_BOOTLOADER_ENABLE) && (CYDEV_PROJ_TYPE != CYDEV_PROJ_TYPE_LOADABLEANDBOOTLOADER))
 175:.\Generated_Source\PSoC4/Cm0Start.c ****         CyBtldr_CheckLaunch();
 176:.\Generated_Source\PSoC4/Cm0Start.c ****     #endif /* ((CYDEV_BOOTLOADER_ENABLE) && (CYDEV_PROJ_TYPE != CYDEV_PROJ_TYPE_LOADABLEANDBOOTLOAD
 177:.\Generated_Source\PSoC4/Cm0Start.c **** 
 178:.\Generated_Source\PSoC4/Cm0Start.c ****     __main();
 179:.\Generated_Source\PSoC4/Cm0Start.c **** }
 180:.\Generated_Source\PSoC4/Cm0Start.c **** 
 181:.\Generated_Source\PSoC4/Cm0Start.c **** /*******************************************************************************
 182:.\Generated_Source\PSoC4/Cm0Start.c **** * Function Name: $Sub$$main
 183:.\Generated_Source\PSoC4/Cm0Start.c **** ********************************************************************************
 184:.\Generated_Source\PSoC4/Cm0Start.c **** *
 185:.\Generated_Source\PSoC4/Cm0Start.c **** * Summary:
 186:.\Generated_Source\PSoC4/Cm0Start.c **** *  This function is called immediately before the users main
 187:.\Generated_Source\PSoC4/Cm0Start.c **** *
 188:.\Generated_Source\PSoC4/Cm0Start.c **** * Parameters:
 189:.\Generated_Source\PSoC4/Cm0Start.c **** *  None
 190:.\Generated_Source\PSoC4/Cm0Start.c **** *
 191:.\Generated_Source\PSoC4/Cm0Start.c **** * Return:
 192:.\Generated_Source\PSoC4/Cm0Start.c **** *  None
 193:.\Generated_Source\PSoC4/Cm0Start.c **** *
 194:.\Generated_Source\PSoC4/Cm0Start.c **** *******************************************************************************/
 195:.\Generated_Source\PSoC4/Cm0Start.c **** __attribute__ ((noreturn, __noinline__))
 196:.\Generated_Source\PSoC4/Cm0Start.c **** void $Sub$$main(void)
 197:.\Generated_Source\PSoC4/Cm0Start.c **** {
 198:.\Generated_Source\PSoC4/Cm0Start.c ****     initialize_psoc();
 199:.\Generated_Source\PSoC4/Cm0Start.c **** 
 200:.\Generated_Source\PSoC4/Cm0Start.c ****     /* Call original main */
 201:.\Generated_Source\PSoC4/Cm0Start.c ****     $Super$$main();
 202:.\Generated_Source\PSoC4/Cm0Start.c **** 
 203:.\Generated_Source\PSoC4/Cm0Start.c ****     while (1)
 204:.\Generated_Source\PSoC4/Cm0Start.c ****     {
 205:.\Generated_Source\PSoC4/Cm0Start.c ****         /* If main returns it is undefined what we should do. */
 206:.\Generated_Source\PSoC4/Cm0Start.c ****     }
 207:.\Generated_Source\PSoC4/Cm0Start.c **** }
 208:.\Generated_Source\PSoC4/Cm0Start.c **** 
 209:.\Generated_Source\PSoC4/Cm0Start.c **** #elif defined(__GNUC__)
 210:.\Generated_Source\PSoC4/Cm0Start.c **** 
 211:.\Generated_Source\PSoC4/Cm0Start.c **** /* Stack Base address */
 212:.\Generated_Source\PSoC4/Cm0Start.c **** extern void __cy_stack(void);
 213:.\Generated_Source\PSoC4/Cm0Start.c **** 
 214:.\Generated_Source\PSoC4/Cm0Start.c **** /* Application entry point. */
 215:.\Generated_Source\PSoC4/Cm0Start.c **** extern int main(void);
 216:.\Generated_Source\PSoC4/Cm0Start.c **** 
 217:.\Generated_Source\PSoC4/Cm0Start.c **** /* The static objects constructors initializer */
 218:.\Generated_Source\PSoC4/Cm0Start.c **** extern void __libc_init_array(void);
 219:.\Generated_Source\PSoC4/Cm0Start.c **** 
 220:.\Generated_Source\PSoC4/Cm0Start.c **** typedef unsigned char __cy_byte_align8 __attribute ((aligned (8)));
 221:.\Generated_Source\PSoC4/Cm0Start.c **** 
 222:.\Generated_Source\PSoC4/Cm0Start.c **** struct __cy_region
 223:.\Generated_Source\PSoC4/Cm0Start.c **** {
 224:.\Generated_Source\PSoC4/Cm0Start.c ****     __cy_byte_align8 *init; /* Initial contents of this region.  */
 225:.\Generated_Source\PSoC4/Cm0Start.c ****     __cy_byte_align8 *data; /* Start address of region.  */
ARM GAS  C:\Users\LUKASC~1\AppData\Local\Temp\ccynEoft.s 			page 6


 226:.\Generated_Source\PSoC4/Cm0Start.c ****     size_t init_size;       /* Size of initial data.  */
 227:.\Generated_Source\PSoC4/Cm0Start.c ****     size_t zero_size;       /* Additional size to be zeroed.  */
 228:.\Generated_Source\PSoC4/Cm0Start.c **** };
 229:.\Generated_Source\PSoC4/Cm0Start.c **** 
 230:.\Generated_Source\PSoC4/Cm0Start.c **** extern const struct __cy_region __cy_regions[];
 231:.\Generated_Source\PSoC4/Cm0Start.c **** extern const char __cy_region_num __attribute__((weak));
 232:.\Generated_Source\PSoC4/Cm0Start.c **** #define __cy_region_num ((size_t)&__cy_region_num)
 233:.\Generated_Source\PSoC4/Cm0Start.c **** 
 234:.\Generated_Source\PSoC4/Cm0Start.c **** 
 235:.\Generated_Source\PSoC4/Cm0Start.c **** /*******************************************************************************
 236:.\Generated_Source\PSoC4/Cm0Start.c **** * System Calls of the Red Hat newlib C Library
 237:.\Generated_Source\PSoC4/Cm0Start.c **** *******************************************************************************/
 238:.\Generated_Source\PSoC4/Cm0Start.c **** 
 239:.\Generated_Source\PSoC4/Cm0Start.c **** 
 240:.\Generated_Source\PSoC4/Cm0Start.c **** /*******************************************************************************
 241:.\Generated_Source\PSoC4/Cm0Start.c **** * Function Name: _exit
 242:.\Generated_Source\PSoC4/Cm0Start.c **** ********************************************************************************
 243:.\Generated_Source\PSoC4/Cm0Start.c **** *
 244:.\Generated_Source\PSoC4/Cm0Start.c **** * Summary:
 245:.\Generated_Source\PSoC4/Cm0Start.c **** *  Exit a program without cleaning up files. If your system doesn't provide
 246:.\Generated_Source\PSoC4/Cm0Start.c **** *  this, it is best to avoid linking with subroutines that require it (exit,
 247:.\Generated_Source\PSoC4/Cm0Start.c **** *  system).
 248:.\Generated_Source\PSoC4/Cm0Start.c **** *
 249:.\Generated_Source\PSoC4/Cm0Start.c **** * Parameters:
 250:.\Generated_Source\PSoC4/Cm0Start.c **** *  status: Status caused program exit.
 251:.\Generated_Source\PSoC4/Cm0Start.c **** *
 252:.\Generated_Source\PSoC4/Cm0Start.c **** * Return:
 253:.\Generated_Source\PSoC4/Cm0Start.c **** *  None
 254:.\Generated_Source\PSoC4/Cm0Start.c **** *
 255:.\Generated_Source\PSoC4/Cm0Start.c **** *******************************************************************************/
 256:.\Generated_Source\PSoC4/Cm0Start.c **** __attribute__((weak))
 257:.\Generated_Source\PSoC4/Cm0Start.c **** void _exit(int status)
 258:.\Generated_Source\PSoC4/Cm0Start.c **** {
  61              		.loc 1 258 0
  62              		.cfi_startproc
  63 0000 80B5     		push	{r7, lr}
  64              		.cfi_def_cfa_offset 8
  65              		.cfi_offset 7, -8
  66              		.cfi_offset 14, -4
  67 0002 82B0     		sub	sp, sp, #8
  68              		.cfi_def_cfa_offset 16
  69 0004 00AF     		add	r7, sp, #0
  70              		.cfi_def_cfa_register 7
  71 0006 7860     		str	r0, [r7, #4]
 259:.\Generated_Source\PSoC4/Cm0Start.c ****     CyHalt((uint8) status);
  72              		.loc 1 259 0
  73 0008 7B68     		ldr	r3, [r7, #4]
  74 000a DBB2     		uxtb	r3, r3
  75 000c 181C     		mov	r0, r3
  76 000e FFF7FEFF 		bl	CyHalt
  77              	.L4:
 260:.\Generated_Source\PSoC4/Cm0Start.c **** 
 261:.\Generated_Source\PSoC4/Cm0Start.c ****     while(1)
 262:.\Generated_Source\PSoC4/Cm0Start.c ****     {
 263:.\Generated_Source\PSoC4/Cm0Start.c **** 
 264:.\Generated_Source\PSoC4/Cm0Start.c ****     }
  78              		.loc 1 264 0 discriminator 1
ARM GAS  C:\Users\LUKASC~1\AppData\Local\Temp\ccynEoft.s 			page 7


  79 0012 FEE7     		b	.L4
  80              		.cfi_endproc
  81              	.LFE1:
  82              		.size	_exit, .-_exit
  83              		.section	.text._sbrk,"ax",%progbits
  84              		.align	2
  85              		.weak	_sbrk
  86              		.code	16
  87              		.thumb_func
  88              		.type	_sbrk, %function
  89              	_sbrk:
  90              	.LFB2:
 265:.\Generated_Source\PSoC4/Cm0Start.c **** }
 266:.\Generated_Source\PSoC4/Cm0Start.c **** 
 267:.\Generated_Source\PSoC4/Cm0Start.c **** 
 268:.\Generated_Source\PSoC4/Cm0Start.c **** /*******************************************************************************
 269:.\Generated_Source\PSoC4/Cm0Start.c **** * Function Name: _sbrk
 270:.\Generated_Source\PSoC4/Cm0Start.c **** ********************************************************************************
 271:.\Generated_Source\PSoC4/Cm0Start.c **** *
 272:.\Generated_Source\PSoC4/Cm0Start.c **** * Summary:
 273:.\Generated_Source\PSoC4/Cm0Start.c **** *  Increase program data space. As malloc and related functions depend on this,
 274:.\Generated_Source\PSoC4/Cm0Start.c **** *  it is useful to have a working implementation. The following suffices for a
 275:.\Generated_Source\PSoC4/Cm0Start.c **** *  standalone system; it exploits the symbol end automatically defined by the
 276:.\Generated_Source\PSoC4/Cm0Start.c **** *  GNU linker.
 277:.\Generated_Source\PSoC4/Cm0Start.c **** *
 278:.\Generated_Source\PSoC4/Cm0Start.c **** * Parameters:
 279:.\Generated_Source\PSoC4/Cm0Start.c **** *  nbytes: The number of bytes requested (if the parameter value is positive)
 280:.\Generated_Source\PSoC4/Cm0Start.c **** *  from the heap or returned back to the heap (if the parameter value is
 281:.\Generated_Source\PSoC4/Cm0Start.c **** *  negative).
 282:.\Generated_Source\PSoC4/Cm0Start.c **** *
 283:.\Generated_Source\PSoC4/Cm0Start.c **** * Return:
 284:.\Generated_Source\PSoC4/Cm0Start.c **** *  None
 285:.\Generated_Source\PSoC4/Cm0Start.c **** *
 286:.\Generated_Source\PSoC4/Cm0Start.c **** *******************************************************************************/
 287:.\Generated_Source\PSoC4/Cm0Start.c **** __attribute__((weak))
 288:.\Generated_Source\PSoC4/Cm0Start.c **** void * _sbrk (int nbytes)
 289:.\Generated_Source\PSoC4/Cm0Start.c **** {
  91              		.loc 1 289 0
  92              		.cfi_startproc
  93 0000 80B5     		push	{r7, lr}
  94              		.cfi_def_cfa_offset 8
  95              		.cfi_offset 7, -8
  96              		.cfi_offset 14, -4
  97 0002 84B0     		sub	sp, sp, #16
  98              		.cfi_def_cfa_offset 24
  99 0004 00AF     		add	r7, sp, #0
 100              		.cfi_def_cfa_register 7
 101 0006 7860     		str	r0, [r7, #4]
 290:.\Generated_Source\PSoC4/Cm0Start.c ****     extern int  end;            /* Symbol defined by linker map. Start of free memory (as symbol). 
 291:.\Generated_Source\PSoC4/Cm0Start.c ****     void *      returnValue;
 292:.\Generated_Source\PSoC4/Cm0Start.c **** 
 293:.\Generated_Source\PSoC4/Cm0Start.c ****     /* The statically held previous end of the heap, with its initialization. */
 294:.\Generated_Source\PSoC4/Cm0Start.c ****     static void *heapPointer = (void *) &end;                 /* Previous end */
 295:.\Generated_Source\PSoC4/Cm0Start.c **** 
 296:.\Generated_Source\PSoC4/Cm0Start.c ****     if (((heapPointer + nbytes) - (void *) &end) <= CYDEV_HEAP_SIZE)
 102              		.loc 1 296 0
 103 0008 104B     		ldr	r3, .L9
ARM GAS  C:\Users\LUKASC~1\AppData\Local\Temp\ccynEoft.s 			page 8


 104 000a 1A68     		ldr	r2, [r3]
 105 000c 7B68     		ldr	r3, [r7, #4]
 106 000e D318     		add	r3, r2, r3
 107 0010 1A1C     		mov	r2, r3
 108 0012 0F4B     		ldr	r3, .L9+4
 109 0014 D21A     		sub	r2, r2, r3
 110 0016 8023     		mov	r3, #128
 111 0018 5B00     		lsl	r3, r3, #1
 112 001a 9A42     		cmp	r2, r3
 113 001c 09DC     		bgt	.L6
 297:.\Generated_Source\PSoC4/Cm0Start.c ****     {
 298:.\Generated_Source\PSoC4/Cm0Start.c ****         returnValue  = heapPointer;
 114              		.loc 1 298 0
 115 001e 0B4B     		ldr	r3, .L9
 116 0020 1B68     		ldr	r3, [r3]
 117 0022 FB60     		str	r3, [r7, #12]
 299:.\Generated_Source\PSoC4/Cm0Start.c ****         heapPointer += nbytes;
 118              		.loc 1 299 0
 119 0024 094B     		ldr	r3, .L9
 120 0026 1A68     		ldr	r2, [r3]
 121 0028 7B68     		ldr	r3, [r7, #4]
 122 002a D218     		add	r2, r2, r3
 123 002c 074B     		ldr	r3, .L9
 124 002e 1A60     		str	r2, [r3]
 125 0030 07E0     		b	.L7
 126              	.L6:
 300:.\Generated_Source\PSoC4/Cm0Start.c ****     }
 301:.\Generated_Source\PSoC4/Cm0Start.c ****     else
 302:.\Generated_Source\PSoC4/Cm0Start.c ****     {
 303:.\Generated_Source\PSoC4/Cm0Start.c ****         errno = ENOMEM;
 127              		.loc 1 303 0
 128 0032 FFF7FEFF 		bl	__errno
 129 0036 031C     		mov	r3, r0
 130 0038 0C22     		mov	r2, #12
 131 003a 1A60     		str	r2, [r3]
 304:.\Generated_Source\PSoC4/Cm0Start.c ****         returnValue = (void *) -1;
 132              		.loc 1 304 0
 133 003c 0123     		mov	r3, #1
 134 003e 5B42     		neg	r3, r3
 135 0040 FB60     		str	r3, [r7, #12]
 136              	.L7:
 305:.\Generated_Source\PSoC4/Cm0Start.c ****     }
 306:.\Generated_Source\PSoC4/Cm0Start.c **** 
 307:.\Generated_Source\PSoC4/Cm0Start.c ****     return (returnValue);
 137              		.loc 1 307 0
 138 0042 FB68     		ldr	r3, [r7, #12]
 308:.\Generated_Source\PSoC4/Cm0Start.c **** }
 139              		.loc 1 308 0
 140 0044 181C     		mov	r0, r3
 141 0046 BD46     		mov	sp, r7
 142 0048 04B0     		add	sp, sp, #16
 143              		@ sp needed
 144 004a 80BD     		pop	{r7, pc}
 145              	.L10:
 146              		.align	2
 147              	.L9:
 148 004c 00000000 		.word	heapPointer.4714
ARM GAS  C:\Users\LUKASC~1\AppData\Local\Temp\ccynEoft.s 			page 9


 149 0050 00000000 		.word	end
 150              		.cfi_endproc
 151              	.LFE2:
 152              		.size	_sbrk, .-_sbrk
 153              		.section	.text.Start_c,"ax",%progbits
 154              		.align	2
 155              		.global	Start_c
 156              		.code	16
 157              		.thumb_func
 158              		.type	Start_c, %function
 159              	Start_c:
 160              	.LFB3:
 309:.\Generated_Source\PSoC4/Cm0Start.c **** 
 310:.\Generated_Source\PSoC4/Cm0Start.c **** 
 311:.\Generated_Source\PSoC4/Cm0Start.c **** /*******************************************************************************
 312:.\Generated_Source\PSoC4/Cm0Start.c **** * Function Name: Start_c
 313:.\Generated_Source\PSoC4/Cm0Start.c **** ********************************************************************************
 314:.\Generated_Source\PSoC4/Cm0Start.c **** *
 315:.\Generated_Source\PSoC4/Cm0Start.c **** * Summary:
 316:.\Generated_Source\PSoC4/Cm0Start.c **** *  This function handles initializing the .data and .bss sections in
 317:.\Generated_Source\PSoC4/Cm0Start.c **** *  preparation for running the standard c code.  Once initialization is complete
 318:.\Generated_Source\PSoC4/Cm0Start.c **** *  it will call main().  This function will never return.
 319:.\Generated_Source\PSoC4/Cm0Start.c **** *
 320:.\Generated_Source\PSoC4/Cm0Start.c **** * Parameters:
 321:.\Generated_Source\PSoC4/Cm0Start.c **** *  None
 322:.\Generated_Source\PSoC4/Cm0Start.c **** *
 323:.\Generated_Source\PSoC4/Cm0Start.c **** * Return:
 324:.\Generated_Source\PSoC4/Cm0Start.c **** *  None
 325:.\Generated_Source\PSoC4/Cm0Start.c **** *
 326:.\Generated_Source\PSoC4/Cm0Start.c **** *******************************************************************************/
 327:.\Generated_Source\PSoC4/Cm0Start.c **** void Start_c(void)  __attribute__ ((noreturn, noinline));
 328:.\Generated_Source\PSoC4/Cm0Start.c **** void Start_c(void)
 329:.\Generated_Source\PSoC4/Cm0Start.c **** {
 161              		.loc 1 329 0
 162              		.cfi_startproc
 163 0000 80B5     		push	{r7, lr}
 164              		.cfi_def_cfa_offset 8
 165              		.cfi_offset 7, -8
 166              		.cfi_offset 14, -4
 167 0002 86B0     		sub	sp, sp, #24
 168              		.cfi_def_cfa_offset 32
 169 0004 00AF     		add	r7, sp, #0
 170              		.cfi_def_cfa_register 7
 330:.\Generated_Source\PSoC4/Cm0Start.c ****     #ifdef CY_BOOT_START_C_CALLBACK
 331:.\Generated_Source\PSoC4/Cm0Start.c ****         CyBoot_Start_c_Callback();
 332:.\Generated_Source\PSoC4/Cm0Start.c ****     #else
 333:.\Generated_Source\PSoC4/Cm0Start.c ****         unsigned regions = __cy_region_num;
 171              		.loc 1 333 0
 172 0006 224B     		ldr	r3, .L19
 173 0008 7B61     		str	r3, [r7, #20]
 334:.\Generated_Source\PSoC4/Cm0Start.c ****         const struct __cy_region *rptr = __cy_regions;
 174              		.loc 1 334 0
 175 000a 224B     		ldr	r3, .L19+4
 176 000c 3B61     		str	r3, [r7, #16]
 335:.\Generated_Source\PSoC4/Cm0Start.c **** 
 336:.\Generated_Source\PSoC4/Cm0Start.c ****         /* Initialize memory */
 337:.\Generated_Source\PSoC4/Cm0Start.c ****         for (regions = __cy_region_num; regions != 0u; regions--)
ARM GAS  C:\Users\LUKASC~1\AppData\Local\Temp\ccynEoft.s 			page 10


 177              		.loc 1 337 0
 178 000e 204B     		ldr	r3, .L19
 179 0010 7B61     		str	r3, [r7, #20]
 180 0012 35E0     		b	.L12
 181              	.L17:
 182              	.LBB2:
 338:.\Generated_Source\PSoC4/Cm0Start.c ****         {
 339:.\Generated_Source\PSoC4/Cm0Start.c ****             uint32 *src = (uint32 *)rptr->init;
 183              		.loc 1 339 0
 184 0014 3B69     		ldr	r3, [r7, #16]
 185 0016 1B68     		ldr	r3, [r3]
 186 0018 FB60     		str	r3, [r7, #12]
 340:.\Generated_Source\PSoC4/Cm0Start.c ****             uint32 *dst = (uint32 *)rptr->data;
 187              		.loc 1 340 0
 188 001a 3B69     		ldr	r3, [r7, #16]
 189 001c 5B68     		ldr	r3, [r3, #4]
 190 001e BB60     		str	r3, [r7, #8]
 341:.\Generated_Source\PSoC4/Cm0Start.c ****             unsigned limit = rptr->init_size;
 191              		.loc 1 341 0
 192 0020 3B69     		ldr	r3, [r7, #16]
 193 0022 9B68     		ldr	r3, [r3, #8]
 194 0024 3B60     		str	r3, [r7]
 342:.\Generated_Source\PSoC4/Cm0Start.c ****             unsigned count;
 343:.\Generated_Source\PSoC4/Cm0Start.c **** 
 344:.\Generated_Source\PSoC4/Cm0Start.c ****             for (count = 0u; count != limit; count += sizeof (uint32))
 195              		.loc 1 344 0
 196 0026 0023     		mov	r3, #0
 197 0028 7B60     		str	r3, [r7, #4]
 198 002a 0CE0     		b	.L13
 199              	.L14:
 345:.\Generated_Source\PSoC4/Cm0Start.c ****             {
 346:.\Generated_Source\PSoC4/Cm0Start.c ****                 *dst = *src;
 200              		.loc 1 346 0 discriminator 3
 201 002c FB68     		ldr	r3, [r7, #12]
 202 002e 1A68     		ldr	r2, [r3]
 203 0030 BB68     		ldr	r3, [r7, #8]
 204 0032 1A60     		str	r2, [r3]
 347:.\Generated_Source\PSoC4/Cm0Start.c ****                 dst++;
 205              		.loc 1 347 0 discriminator 3
 206 0034 BB68     		ldr	r3, [r7, #8]
 207 0036 0433     		add	r3, r3, #4
 208 0038 BB60     		str	r3, [r7, #8]
 348:.\Generated_Source\PSoC4/Cm0Start.c ****                 src++;
 209              		.loc 1 348 0 discriminator 3
 210 003a FB68     		ldr	r3, [r7, #12]
 211 003c 0433     		add	r3, r3, #4
 212 003e FB60     		str	r3, [r7, #12]
 344:.\Generated_Source\PSoC4/Cm0Start.c ****             {
 213              		.loc 1 344 0 discriminator 3
 214 0040 7B68     		ldr	r3, [r7, #4]
 215 0042 0433     		add	r3, r3, #4
 216 0044 7B60     		str	r3, [r7, #4]
 217              	.L13:
 344:.\Generated_Source\PSoC4/Cm0Start.c ****             {
 218              		.loc 1 344 0 is_stmt 0 discriminator 1
 219 0046 7A68     		ldr	r2, [r7, #4]
 220 0048 3B68     		ldr	r3, [r7]
ARM GAS  C:\Users\LUKASC~1\AppData\Local\Temp\ccynEoft.s 			page 11


 221 004a 9A42     		cmp	r2, r3
 222 004c EED1     		bne	.L14
 349:.\Generated_Source\PSoC4/Cm0Start.c ****             }
 350:.\Generated_Source\PSoC4/Cm0Start.c ****             limit = rptr->zero_size;
 223              		.loc 1 350 0 is_stmt 1
 224 004e 3B69     		ldr	r3, [r7, #16]
 225 0050 DB68     		ldr	r3, [r3, #12]
 226 0052 3B60     		str	r3, [r7]
 351:.\Generated_Source\PSoC4/Cm0Start.c ****             for (count = 0u; count != limit; count += sizeof (uint32))
 227              		.loc 1 351 0
 228 0054 0023     		mov	r3, #0
 229 0056 7B60     		str	r3, [r7, #4]
 230 0058 08E0     		b	.L15
 231              	.L16:
 352:.\Generated_Source\PSoC4/Cm0Start.c ****             {
 353:.\Generated_Source\PSoC4/Cm0Start.c ****                 *dst = 0u;
 232              		.loc 1 353 0 discriminator 3
 233 005a BB68     		ldr	r3, [r7, #8]
 234 005c 0022     		mov	r2, #0
 235 005e 1A60     		str	r2, [r3]
 354:.\Generated_Source\PSoC4/Cm0Start.c ****                 dst++;
 236              		.loc 1 354 0 discriminator 3
 237 0060 BB68     		ldr	r3, [r7, #8]
 238 0062 0433     		add	r3, r3, #4
 239 0064 BB60     		str	r3, [r7, #8]
 351:.\Generated_Source\PSoC4/Cm0Start.c ****             for (count = 0u; count != limit; count += sizeof (uint32))
 240              		.loc 1 351 0 discriminator 3
 241 0066 7B68     		ldr	r3, [r7, #4]
 242 0068 0433     		add	r3, r3, #4
 243 006a 7B60     		str	r3, [r7, #4]
 244              	.L15:
 351:.\Generated_Source\PSoC4/Cm0Start.c ****             for (count = 0u; count != limit; count += sizeof (uint32))
 245              		.loc 1 351 0 is_stmt 0 discriminator 1
 246 006c 7A68     		ldr	r2, [r7, #4]
 247 006e 3B68     		ldr	r3, [r7]
 248 0070 9A42     		cmp	r2, r3
 249 0072 F2D1     		bne	.L16
 355:.\Generated_Source\PSoC4/Cm0Start.c ****             }
 356:.\Generated_Source\PSoC4/Cm0Start.c **** 
 357:.\Generated_Source\PSoC4/Cm0Start.c ****             rptr++;
 250              		.loc 1 357 0 is_stmt 1 discriminator 2
 251 0074 3B69     		ldr	r3, [r7, #16]
 252 0076 1033     		add	r3, r3, #16
 253 0078 3B61     		str	r3, [r7, #16]
 254              	.LBE2:
 337:.\Generated_Source\PSoC4/Cm0Start.c ****         {
 255              		.loc 1 337 0 discriminator 2
 256 007a 7B69     		ldr	r3, [r7, #20]
 257 007c 013B     		sub	r3, r3, #1
 258 007e 7B61     		str	r3, [r7, #20]
 259              	.L12:
 337:.\Generated_Source\PSoC4/Cm0Start.c ****         {
 260              		.loc 1 337 0 is_stmt 0 discriminator 1
 261 0080 7B69     		ldr	r3, [r7, #20]
 262 0082 002B     		cmp	r3, #0
 263 0084 C6D1     		bne	.L17
 358:.\Generated_Source\PSoC4/Cm0Start.c ****         }
ARM GAS  C:\Users\LUKASC~1\AppData\Local\Temp\ccynEoft.s 			page 12


 359:.\Generated_Source\PSoC4/Cm0Start.c **** 
 360:.\Generated_Source\PSoC4/Cm0Start.c ****         /* Invoke static objects constructors */
 361:.\Generated_Source\PSoC4/Cm0Start.c ****         __libc_init_array();
 264              		.loc 1 361 0 is_stmt 1
 265 0086 FFF7FEFF 		bl	__libc_init_array
 362:.\Generated_Source\PSoC4/Cm0Start.c ****         (void) main();
 266              		.loc 1 362 0
 267 008a FFF7FEFF 		bl	main
 268              	.L18:
 363:.\Generated_Source\PSoC4/Cm0Start.c **** 
 364:.\Generated_Source\PSoC4/Cm0Start.c ****         while (1)
 365:.\Generated_Source\PSoC4/Cm0Start.c ****         {
 366:.\Generated_Source\PSoC4/Cm0Start.c ****             /* If main returns, make sure we don't return. */
 367:.\Generated_Source\PSoC4/Cm0Start.c ****         }
 269              		.loc 1 367 0 discriminator 1
 270 008e FEE7     		b	.L18
 271              	.L20:
 272              		.align	2
 273              	.L19:
 274 0090 00000000 		.word	__cy_region_num
 275 0094 00000000 		.word	__cy_regions
 276              		.cfi_endproc
 277              	.LFE3:
 278              		.size	Start_c, .-Start_c
 279              		.section	.text.Reset,"ax",%progbits
 280              		.align	2
 281              		.global	Reset
 282              		.code	16
 283              		.thumb_func
 284              		.type	Reset, %function
 285              	Reset:
 286              	.LFB4:
 368:.\Generated_Source\PSoC4/Cm0Start.c **** 
 369:.\Generated_Source\PSoC4/Cm0Start.c ****     #endif /* CY_BOOT_START_C_CALLBACK */
 370:.\Generated_Source\PSoC4/Cm0Start.c **** }
 371:.\Generated_Source\PSoC4/Cm0Start.c **** 
 372:.\Generated_Source\PSoC4/Cm0Start.c **** 
 373:.\Generated_Source\PSoC4/Cm0Start.c **** /*******************************************************************************
 374:.\Generated_Source\PSoC4/Cm0Start.c **** * Function Name: Reset
 375:.\Generated_Source\PSoC4/Cm0Start.c **** ********************************************************************************
 376:.\Generated_Source\PSoC4/Cm0Start.c **** *
 377:.\Generated_Source\PSoC4/Cm0Start.c **** * Summary:
 378:.\Generated_Source\PSoC4/Cm0Start.c **** *  This function handles the reset interrupt for the GCC toolchain.  This is
 379:.\Generated_Source\PSoC4/Cm0Start.c **** *  the first bit of code that is executed at startup.
 380:.\Generated_Source\PSoC4/Cm0Start.c **** *
 381:.\Generated_Source\PSoC4/Cm0Start.c **** * Parameters:
 382:.\Generated_Source\PSoC4/Cm0Start.c **** *  None
 383:.\Generated_Source\PSoC4/Cm0Start.c **** *
 384:.\Generated_Source\PSoC4/Cm0Start.c **** * Return:
 385:.\Generated_Source\PSoC4/Cm0Start.c **** *  None
 386:.\Generated_Source\PSoC4/Cm0Start.c **** *
 387:.\Generated_Source\PSoC4/Cm0Start.c **** *******************************************************************************/
 388:.\Generated_Source\PSoC4/Cm0Start.c **** void Reset(void)
 389:.\Generated_Source\PSoC4/Cm0Start.c **** {
 287              		.loc 1 389 0
 288              		.cfi_startproc
 289 0000 80B5     		push	{r7, lr}
ARM GAS  C:\Users\LUKASC~1\AppData\Local\Temp\ccynEoft.s 			page 13


 290              		.cfi_def_cfa_offset 8
 291              		.cfi_offset 7, -8
 292              		.cfi_offset 14, -4
 293 0002 00AF     		add	r7, sp, #0
 294              		.cfi_def_cfa_register 7
 390:.\Generated_Source\PSoC4/Cm0Start.c ****     #if (CYDEV_PROJ_TYPE == CYDEV_PROJ_TYPE_LOADABLE || CYDEV_PROJ_TYPE == CYDEV_PROJ_TYPE_LOADABLE
 391:.\Generated_Source\PSoC4/Cm0Start.c **** 
 392:.\Generated_Source\PSoC4/Cm0Start.c ****         /* The bootloadable application image is started at Reset() handler
 393:.\Generated_Source\PSoC4/Cm0Start.c ****         * as a result of a branch instruction execution from the bootloader.
 394:.\Generated_Source\PSoC4/Cm0Start.c ****         * So, the stack pointer needs to be reset to be sure that
 395:.\Generated_Source\PSoC4/Cm0Start.c ****         * there is no garbage in the stack.
 396:.\Generated_Source\PSoC4/Cm0Start.c ****         */
 397:.\Generated_Source\PSoC4/Cm0Start.c ****         __asm volatile ("MSR msp, %0\n" : : "r" ((uint32)&__cy_stack) : "sp");
 398:.\Generated_Source\PSoC4/Cm0Start.c ****     #endif /* CYDEV_PROJ_TYPE_LOADABLE */
 399:.\Generated_Source\PSoC4/Cm0Start.c **** 
 400:.\Generated_Source\PSoC4/Cm0Start.c ****     #if(CY_IP_SRSSLT)
 401:.\Generated_Source\PSoC4/Cm0Start.c ****         CySysWdtDisable();
 402:.\Generated_Source\PSoC4/Cm0Start.c ****     #endif  /* (CY_IP_SRSSLT) */
 403:.\Generated_Source\PSoC4/Cm0Start.c **** 
 404:.\Generated_Source\PSoC4/Cm0Start.c ****     #if ((CYDEV_BOOTLOADER_ENABLE) && (CYDEV_PROJ_TYPE != CYDEV_PROJ_TYPE_LOADABLEANDBOOTLOADER))
 405:.\Generated_Source\PSoC4/Cm0Start.c ****         CyBtldr_CheckLaunch();
 295              		.loc 1 405 0
 296 0004 FFF7FEFF 		bl	CyBtldr_CheckLaunch
 406:.\Generated_Source\PSoC4/Cm0Start.c ****     #endif /* ((CYDEV_BOOTLOADER_ENABLE) && (CYDEV_PROJ_TYPE != CYDEV_PROJ_TYPE_LOADABLEANDBOOTLOAD
 407:.\Generated_Source\PSoC4/Cm0Start.c ****     Start_c();
 297              		.loc 1 407 0
 298 0008 FFF7FEFF 		bl	Start_c
 299              		.cfi_endproc
 300              	.LFE4:
 301              		.size	Reset, .-Reset
 302              		.global	CyRamVectors
 303              		.section	.ramvectors,"aw",%progbits
 304              		.align	2
 305              		.type	CyRamVectors, %object
 306              		.size	CyRamVectors, 192
 307              	CyRamVectors:
 308 0000 00000000 		.space	192
 308      00000000 
 308      00000000 
 308      00000000 
 308      00000000 
 309              		.global	RomVectors
 310              		.section	.romvectors,"a",%progbits
 311              		.align	2
 312              		.type	RomVectors, %object
 313              		.size	RomVectors, 16
 314              	RomVectors:
 315 0000 00000000 		.word	__cy_stack
 316 0004 00000000 		.word	Reset
 317 0008 00000000 		.word	IntDefaultHandler
 318 000c 00000000 		.word	IntDefaultHandler
 319              		.section	.text.initialize_psoc,"ax",%progbits
 320              		.align	2
 321              		.global	initialize_psoc
 322              		.code	16
 323              		.thumb_func
 324              		.type	initialize_psoc, %function
ARM GAS  C:\Users\LUKASC~1\AppData\Local\Temp\ccynEoft.s 			page 14


 325              	initialize_psoc:
 326              	.LFB5:
 408:.\Generated_Source\PSoC4/Cm0Start.c **** }
 409:.\Generated_Source\PSoC4/Cm0Start.c **** 
 410:.\Generated_Source\PSoC4/Cm0Start.c **** #elif defined (__ICCARM__)
 411:.\Generated_Source\PSoC4/Cm0Start.c **** 
 412:.\Generated_Source\PSoC4/Cm0Start.c **** 
 413:.\Generated_Source\PSoC4/Cm0Start.c **** /*******************************************************************************
 414:.\Generated_Source\PSoC4/Cm0Start.c **** * Function Name: __low_level_init
 415:.\Generated_Source\PSoC4/Cm0Start.c **** ********************************************************************************
 416:.\Generated_Source\PSoC4/Cm0Start.c **** *
 417:.\Generated_Source\PSoC4/Cm0Start.c **** * Summary:
 418:.\Generated_Source\PSoC4/Cm0Start.c **** *  This function performs early initializations for the IAR Embedded
 419:.\Generated_Source\PSoC4/Cm0Start.c **** *  Workbench IDE. It is executed in the context of reset interrupt handler
 420:.\Generated_Source\PSoC4/Cm0Start.c **** *  before the data sections are initialized.
 421:.\Generated_Source\PSoC4/Cm0Start.c **** *
 422:.\Generated_Source\PSoC4/Cm0Start.c **** * Parameters:
 423:.\Generated_Source\PSoC4/Cm0Start.c **** *  None
 424:.\Generated_Source\PSoC4/Cm0Start.c **** *
 425:.\Generated_Source\PSoC4/Cm0Start.c **** * Return:
 426:.\Generated_Source\PSoC4/Cm0Start.c **** *  The value that determines whether or not data sections should be initialized
 427:.\Generated_Source\PSoC4/Cm0Start.c **** *  by the system startup code:
 428:.\Generated_Source\PSoC4/Cm0Start.c **** *    0 - skip data sections initialization;
 429:.\Generated_Source\PSoC4/Cm0Start.c **** *    1 - initialize data sections;
 430:.\Generated_Source\PSoC4/Cm0Start.c **** *
 431:.\Generated_Source\PSoC4/Cm0Start.c **** *******************************************************************************/
 432:.\Generated_Source\PSoC4/Cm0Start.c **** #pragma inline = never
 433:.\Generated_Source\PSoC4/Cm0Start.c **** int __low_level_init(void)
 434:.\Generated_Source\PSoC4/Cm0Start.c **** {
 435:.\Generated_Source\PSoC4/Cm0Start.c ****     #if(CY_IP_SRSSLT)
 436:.\Generated_Source\PSoC4/Cm0Start.c ****         CySysWdtDisable();
 437:.\Generated_Source\PSoC4/Cm0Start.c ****     #endif  /* (CY_IP_SRSSLT) */
 438:.\Generated_Source\PSoC4/Cm0Start.c **** 
 439:.\Generated_Source\PSoC4/Cm0Start.c **** #if ((CYDEV_BOOTLOADER_ENABLE) && (CYDEV_PROJ_TYPE != CYDEV_PROJ_TYPE_LOADABLEANDBOOTLOADER))
 440:.\Generated_Source\PSoC4/Cm0Start.c ****     CyBtldr_CheckLaunch();
 441:.\Generated_Source\PSoC4/Cm0Start.c **** #endif /* ((CYDEV_BOOTLOADER_ENABLE) && (CYDEV_PROJ_TYPE != CYDEV_PROJ_TYPE_LOADABLEANDBOOTLOADER))
 442:.\Generated_Source\PSoC4/Cm0Start.c **** 
 443:.\Generated_Source\PSoC4/Cm0Start.c ****     /* Initialize data sections */
 444:.\Generated_Source\PSoC4/Cm0Start.c ****     __iar_data_init3();
 445:.\Generated_Source\PSoC4/Cm0Start.c **** 
 446:.\Generated_Source\PSoC4/Cm0Start.c ****     initialize_psoc();
 447:.\Generated_Source\PSoC4/Cm0Start.c **** 
 448:.\Generated_Source\PSoC4/Cm0Start.c ****     return 0;
 449:.\Generated_Source\PSoC4/Cm0Start.c **** }
 450:.\Generated_Source\PSoC4/Cm0Start.c **** 
 451:.\Generated_Source\PSoC4/Cm0Start.c **** #endif /* __GNUC__ */
 452:.\Generated_Source\PSoC4/Cm0Start.c **** 
 453:.\Generated_Source\PSoC4/Cm0Start.c **** 
 454:.\Generated_Source\PSoC4/Cm0Start.c **** /*******************************************************************************
 455:.\Generated_Source\PSoC4/Cm0Start.c **** * Ram Interrupt Vector table storage area. Must be placed at 0x20000000.
 456:.\Generated_Source\PSoC4/Cm0Start.c **** *******************************************************************************/
 457:.\Generated_Source\PSoC4/Cm0Start.c **** 
 458:.\Generated_Source\PSoC4/Cm0Start.c **** #if defined (__ICCARM__)
 459:.\Generated_Source\PSoC4/Cm0Start.c ****     #pragma location=".ramvectors"
 460:.\Generated_Source\PSoC4/Cm0Start.c **** #else
 461:.\Generated_Source\PSoC4/Cm0Start.c ****     #ifndef CY_SYS_RAM_VECTOR_SECTION
 462:.\Generated_Source\PSoC4/Cm0Start.c ****         #define CY_SYS_RAM_VECTOR_SECTION CY_SECTION(".ramvectors")
ARM GAS  C:\Users\LUKASC~1\AppData\Local\Temp\ccynEoft.s 			page 15


 463:.\Generated_Source\PSoC4/Cm0Start.c ****     #endif /* CY_SYS_RAM_VECTOR_SECTION */
 464:.\Generated_Source\PSoC4/Cm0Start.c ****     CY_SYS_RAM_VECTOR_SECTION
 465:.\Generated_Source\PSoC4/Cm0Start.c **** #endif  /* defined (__ICCARM__) */
 466:.\Generated_Source\PSoC4/Cm0Start.c **** cyisraddress CyRamVectors[CY_NUM_VECTORS];
 467:.\Generated_Source\PSoC4/Cm0Start.c **** 
 468:.\Generated_Source\PSoC4/Cm0Start.c **** 
 469:.\Generated_Source\PSoC4/Cm0Start.c **** /*******************************************************************************
 470:.\Generated_Source\PSoC4/Cm0Start.c **** * Rom Interrupt Vector table storage area. Must be 256-byte aligned.
 471:.\Generated_Source\PSoC4/Cm0Start.c **** *******************************************************************************/
 472:.\Generated_Source\PSoC4/Cm0Start.c **** 
 473:.\Generated_Source\PSoC4/Cm0Start.c **** #if defined(__ARMCC_VERSION)
 474:.\Generated_Source\PSoC4/Cm0Start.c ****     /* Suppress diagnostic message 1296-D: extended constant initialiser used */
 475:.\Generated_Source\PSoC4/Cm0Start.c ****     #pragma diag_suppress 1296
 476:.\Generated_Source\PSoC4/Cm0Start.c **** #endif  /* defined(__ARMCC_VERSION) */
 477:.\Generated_Source\PSoC4/Cm0Start.c **** 
 478:.\Generated_Source\PSoC4/Cm0Start.c **** #if defined (__ICCARM__)
 479:.\Generated_Source\PSoC4/Cm0Start.c ****     #pragma location=".romvectors"
 480:.\Generated_Source\PSoC4/Cm0Start.c ****     const intvec_elem __vector_table[CY_NUM_ROM_VECTORS] =
 481:.\Generated_Source\PSoC4/Cm0Start.c **** #else
 482:.\Generated_Source\PSoC4/Cm0Start.c ****     #ifndef CY_SYS_ROM_VECTOR_SECTION
 483:.\Generated_Source\PSoC4/Cm0Start.c ****         #define CY_SYS_ROM_VECTOR_SECTION CY_SECTION(".romvectors")
 484:.\Generated_Source\PSoC4/Cm0Start.c ****     #endif /* CY_SYS_ROM_VECTOR_SECTION */
 485:.\Generated_Source\PSoC4/Cm0Start.c ****     CY_SYS_ROM_VECTOR_SECTION
 486:.\Generated_Source\PSoC4/Cm0Start.c ****     const cyisraddress RomVectors[CY_NUM_ROM_VECTORS] =
 487:.\Generated_Source\PSoC4/Cm0Start.c **** #endif  /* defined (__ICCARM__) */
 488:.\Generated_Source\PSoC4/Cm0Start.c **** {
 489:.\Generated_Source\PSoC4/Cm0Start.c ****     CY_SYS_INITIAL_STACK_POINTER,   /* The initial stack pointer  0 */
 490:.\Generated_Source\PSoC4/Cm0Start.c ****     #if defined (__ICCARM__) /* The reset handler          1 */
 491:.\Generated_Source\PSoC4/Cm0Start.c ****         __iar_program_start,
 492:.\Generated_Source\PSoC4/Cm0Start.c ****     #else
 493:.\Generated_Source\PSoC4/Cm0Start.c ****         (cyisraddress)&Reset,
 494:.\Generated_Source\PSoC4/Cm0Start.c ****     #endif  /* defined (__ICCARM__) */
 495:.\Generated_Source\PSoC4/Cm0Start.c ****     &IntDefaultHandler,      /* The NMI handler            2 */
 496:.\Generated_Source\PSoC4/Cm0Start.c ****     &IntDefaultHandler,      /* The hard fault handler     3 */
 497:.\Generated_Source\PSoC4/Cm0Start.c **** };
 498:.\Generated_Source\PSoC4/Cm0Start.c **** 
 499:.\Generated_Source\PSoC4/Cm0Start.c **** #if defined(__ARMCC_VERSION)
 500:.\Generated_Source\PSoC4/Cm0Start.c ****     #pragma diag_default 1296
 501:.\Generated_Source\PSoC4/Cm0Start.c **** #endif  /* defined(__ARMCC_VERSION) */
 502:.\Generated_Source\PSoC4/Cm0Start.c **** 
 503:.\Generated_Source\PSoC4/Cm0Start.c **** 
 504:.\Generated_Source\PSoC4/Cm0Start.c **** /*******************************************************************************
 505:.\Generated_Source\PSoC4/Cm0Start.c **** * Function Name: initialize_psoc
 506:.\Generated_Source\PSoC4/Cm0Start.c **** ********************************************************************************
 507:.\Generated_Source\PSoC4/Cm0Start.c **** *
 508:.\Generated_Source\PSoC4/Cm0Start.c **** * Summary:
 509:.\Generated_Source\PSoC4/Cm0Start.c **** *  This function is used to initialize the PSoC chip before calling main.
 510:.\Generated_Source\PSoC4/Cm0Start.c **** *
 511:.\Generated_Source\PSoC4/Cm0Start.c **** * Parameters:
 512:.\Generated_Source\PSoC4/Cm0Start.c **** *  None
 513:.\Generated_Source\PSoC4/Cm0Start.c **** *
 514:.\Generated_Source\PSoC4/Cm0Start.c **** * Return:
 515:.\Generated_Source\PSoC4/Cm0Start.c **** *  None
 516:.\Generated_Source\PSoC4/Cm0Start.c **** *
 517:.\Generated_Source\PSoC4/Cm0Start.c **** *******************************************************************************/
 518:.\Generated_Source\PSoC4/Cm0Start.c **** #if(defined(__GNUC__) && !defined(__ARMCC_VERSION))
 519:.\Generated_Source\PSoC4/Cm0Start.c **** __attribute__ ((constructor(101)))
ARM GAS  C:\Users\LUKASC~1\AppData\Local\Temp\ccynEoft.s 			page 16


 520:.\Generated_Source\PSoC4/Cm0Start.c **** #endif  /* (defined(__GNUC__) && !defined(__ARMCC_VERSION)) */
 521:.\Generated_Source\PSoC4/Cm0Start.c **** void initialize_psoc(void)
 522:.\Generated_Source\PSoC4/Cm0Start.c **** {
 327              		.loc 1 522 0
 328              		.cfi_startproc
 329 0000 80B5     		push	{r7, lr}
 330              		.cfi_def_cfa_offset 8
 331              		.cfi_offset 7, -8
 332              		.cfi_offset 14, -4
 333 0002 82B0     		sub	sp, sp, #8
 334              		.cfi_def_cfa_offset 16
 335 0004 00AF     		add	r7, sp, #0
 336              		.cfi_def_cfa_register 7
 523:.\Generated_Source\PSoC4/Cm0Start.c ****     uint32 indexInit;
 524:.\Generated_Source\PSoC4/Cm0Start.c **** 
 525:.\Generated_Source\PSoC4/Cm0Start.c ****     #if(CY_IP_CPUSSV2)
 526:.\Generated_Source\PSoC4/Cm0Start.c ****         /***********************************************************************
 527:.\Generated_Source\PSoC4/Cm0Start.c ****         * Make sure that Vector Table is located at 0000_0000 in Flash, before
 528:.\Generated_Source\PSoC4/Cm0Start.c ****         * accessing RomVectors or calling functions that may be placed in
 529:.\Generated_Source\PSoC4/Cm0Start.c ****         * .psocinit (cyfitter_cfg and ClockSetup). Note The CY_CPUSS_CONFIG_REG
 530:.\Generated_Source\PSoC4/Cm0Start.c ****         * register is retention for the specified device family.
 531:.\Generated_Source\PSoC4/Cm0Start.c ****         ***********************************************************************/
 532:.\Generated_Source\PSoC4/Cm0Start.c ****         CY_CPUSS_CONFIG_REG &= (uint32) ~CY_CPUSS_CONFIG_VECT_IN_RAM;
 533:.\Generated_Source\PSoC4/Cm0Start.c ****     #endif  /* (CY_IP_CPUSSV2) */
 534:.\Generated_Source\PSoC4/Cm0Start.c **** 
 535:.\Generated_Source\PSoC4/Cm0Start.c ****     /* Set Ram interrupt vectors to default functions. */
 536:.\Generated_Source\PSoC4/Cm0Start.c ****     for (indexInit = 0u; indexInit < CY_NUM_VECTORS; indexInit++)
 337              		.loc 1 536 0
 338 0006 0023     		mov	r3, #0
 339 0008 7B60     		str	r3, [r7, #4]
 340 000a 0FE0     		b	.L23
 341              	.L26:
 537:.\Generated_Source\PSoC4/Cm0Start.c ****     {
 538:.\Generated_Source\PSoC4/Cm0Start.c ****         CyRamVectors[indexInit] = (indexInit < CY_NUM_ROM_VECTORS) ?
 539:.\Generated_Source\PSoC4/Cm0Start.c ****             #if defined (__ICCARM__)
 540:.\Generated_Source\PSoC4/Cm0Start.c ****                 __vector_table[indexInit].__fun : &IntDefaultHandler;
 541:.\Generated_Source\PSoC4/Cm0Start.c ****             #else
 542:.\Generated_Source\PSoC4/Cm0Start.c ****                 RomVectors[indexInit] : &IntDefaultHandler;
 342              		.loc 1 542 0
 343 000c 7B68     		ldr	r3, [r7, #4]
 344 000e 032B     		cmp	r3, #3
 345 0010 04D8     		bhi	.L24
 346              		.loc 1 542 0 is_stmt 0 discriminator 1
 347 0012 134B     		ldr	r3, .L28
 348 0014 7A68     		ldr	r2, [r7, #4]
 349 0016 9200     		lsl	r2, r2, #2
 350 0018 D358     		ldr	r3, [r2, r3]
 351 001a 00E0     		b	.L25
 352              	.L24:
 353              		.loc 1 542 0 discriminator 2
 354 001c 114B     		ldr	r3, .L28+4
 355              	.L25:
 538:.\Generated_Source\PSoC4/Cm0Start.c ****             #if defined (__ICCARM__)
 356              		.loc 1 538 0 is_stmt 1 discriminator 2
 357 001e 124A     		ldr	r2, .L28+8
 358 0020 7968     		ldr	r1, [r7, #4]
 359 0022 8900     		lsl	r1, r1, #2
ARM GAS  C:\Users\LUKASC~1\AppData\Local\Temp\ccynEoft.s 			page 17


 360 0024 8B50     		str	r3, [r1, r2]
 536:.\Generated_Source\PSoC4/Cm0Start.c ****     {
 361              		.loc 1 536 0 discriminator 2
 362 0026 7B68     		ldr	r3, [r7, #4]
 363 0028 0133     		add	r3, r3, #1
 364 002a 7B60     		str	r3, [r7, #4]
 365              	.L23:
 536:.\Generated_Source\PSoC4/Cm0Start.c ****     {
 366              		.loc 1 536 0 is_stmt 0 discriminator 1
 367 002c 7B68     		ldr	r3, [r7, #4]
 368 002e 2F2B     		cmp	r3, #47
 369 0030 ECD9     		bls	.L26
 543:.\Generated_Source\PSoC4/Cm0Start.c ****             #endif  /* defined (__ICCARM__) */
 544:.\Generated_Source\PSoC4/Cm0Start.c ****     }
 545:.\Generated_Source\PSoC4/Cm0Start.c **** 
 546:.\Generated_Source\PSoC4/Cm0Start.c ****     /* Initialize configuration registers. */
 547:.\Generated_Source\PSoC4/Cm0Start.c ****     cyfitter_cfg();
 370              		.loc 1 547 0 is_stmt 1
 371 0032 FFF7FEFF 		bl	cyfitter_cfg
 548:.\Generated_Source\PSoC4/Cm0Start.c **** 
 549:.\Generated_Source\PSoC4/Cm0Start.c ****     #if !defined (__ICCARM__)
 550:.\Generated_Source\PSoC4/Cm0Start.c ****         /* Actually, no need to clean this variable, just to make compiler happy. */
 551:.\Generated_Source\PSoC4/Cm0Start.c ****         cySysNoInitDataValid = 0u;
 372              		.loc 1 551 0
 373 0036 0D4B     		ldr	r3, .L28+12
 374 0038 0022     		mov	r2, #0
 375 003a 1A60     		str	r2, [r3]
 552:.\Generated_Source\PSoC4/Cm0Start.c ****     #endif  /* !defined (__ICCARM__) */
 553:.\Generated_Source\PSoC4/Cm0Start.c **** 
 554:.\Generated_Source\PSoC4/Cm0Start.c ****     #if (CYDEV_PROJ_TYPE != CYDEV_PROJ_TYPE_STANDARD)
 555:.\Generated_Source\PSoC4/Cm0Start.c **** 
 556:.\Generated_Source\PSoC4/Cm0Start.c ****         /* Need to make sure that this variable will not be optimized out */
 557:.\Generated_Source\PSoC4/Cm0Start.c ****         if (0u == cyBtldrRunType)
 376              		.loc 1 557 0
 377 003c 0C4B     		ldr	r3, .L28+16
 378 003e 1B68     		ldr	r3, [r3]
 379 0040 002B     		cmp	r3, #0
 380 0042 02D1     		bne	.L27
 558:.\Generated_Source\PSoC4/Cm0Start.c ****         {
 559:.\Generated_Source\PSoC4/Cm0Start.c ****             cyBtldrRunType = 0u;
 381              		.loc 1 559 0
 382 0044 0A4B     		ldr	r3, .L28+16
 383 0046 0022     		mov	r2, #0
 384 0048 1A60     		str	r2, [r3]
 385              	.L27:
 560:.\Generated_Source\PSoC4/Cm0Start.c ****         }
 561:.\Generated_Source\PSoC4/Cm0Start.c **** 
 562:.\Generated_Source\PSoC4/Cm0Start.c ****     #endif  /* (CYDEV_PROJ_TYPE != CYDEV_PROJ_TYPE_STANDARD) */
 563:.\Generated_Source\PSoC4/Cm0Start.c **** 
 564:.\Generated_Source\PSoC4/Cm0Start.c ****     /* Vector Table is located at 0x2000:0000 in SRAM */
 565:.\Generated_Source\PSoC4/Cm0Start.c ****     CY_CPUSS_CONFIG_REG |= CY_CPUSS_CONFIG_VECT_IN_RAM;
 386              		.loc 1 565 0
 387 004a 8023     		mov	r3, #128
 388 004c DB05     		lsl	r3, r3, #23
 389 004e 8022     		mov	r2, #128
 390 0050 D205     		lsl	r2, r2, #23
 391 0052 1268     		ldr	r2, [r2]
ARM GAS  C:\Users\LUKASC~1\AppData\Local\Temp\ccynEoft.s 			page 18


 392 0054 0121     		mov	r1, #1
 393 0056 0A43     		orr	r2, r1
 394 0058 1A60     		str	r2, [r3]
 566:.\Generated_Source\PSoC4/Cm0Start.c **** }
 395              		.loc 1 566 0
 396 005a BD46     		mov	sp, r7
 397 005c 02B0     		add	sp, sp, #8
 398              		@ sp needed
 399 005e 80BD     		pop	{r7, pc}
 400              	.L29:
 401              		.align	2
 402              	.L28:
 403 0060 00000000 		.word	RomVectors
 404 0064 00000000 		.word	IntDefaultHandler
 405 0068 00000000 		.word	CyRamVectors
 406 006c 00000000 		.word	cySysNoInitDataValid
 407 0070 00000000 		.word	cyBtldrRunType
 408              		.cfi_endproc
 409              	.LFE5:
 410              		.size	initialize_psoc, .-initialize_psoc
 411              		.section	.init_array,"aw",%init_array
 412              		.align	2
 413 0000 00000000 		.word	initialize_psoc(target1)
 414              		.data
 415              		.align	2
 416              		.type	heapPointer.4714, %object
 417              		.size	heapPointer.4714, 4
 418              	heapPointer.4714:
 419 0000 00000000 		.word	end
 420              		.weak	__cy_region_num
 421              		.text
 422              	.Letext0:
 423              		.file 2 ".\\Generated_Source\\PSoC4\\cytypes.h"
 424              		.file 3 "c:\\program files (x86)\\cypress\\psoc creator\\3.3\\psoc creator\\import\\gnu\\arm\\4.9.
 425              		.section	.debug_info,"",%progbits
 426              	.Ldebug_info0:
 427 0000 0F030000 		.4byte	0x30f
 428 0004 0400     		.2byte	0x4
 429 0006 00000000 		.4byte	.Ldebug_abbrev0
 430 000a 04       		.byte	0x4
 431 000b 01       		.uleb128 0x1
 432 000c 06000000 		.4byte	.LASF43
 433 0010 01       		.byte	0x1
 434 0011 9C020000 		.4byte	.LASF44
 435 0015 AE010000 		.4byte	.LASF45
 436 0019 00000000 		.4byte	.Ldebug_ranges0+0
 437 001d 00000000 		.4byte	0
 438 0021 00000000 		.4byte	.Ldebug_line0
 439 0025 02       		.uleb128 0x2
 440 0026 01       		.byte	0x1
 441 0027 06       		.byte	0x6
 442 0028 D3020000 		.4byte	.LASF0
 443 002c 02       		.uleb128 0x2
 444 002d 01       		.byte	0x1
 445 002e 08       		.byte	0x8
 446 002f 0B010000 		.4byte	.LASF1
 447 0033 02       		.uleb128 0x2
ARM GAS  C:\Users\LUKASC~1\AppData\Local\Temp\ccynEoft.s 			page 19


 448 0034 02       		.byte	0x2
 449 0035 05       		.byte	0x5
 450 0036 C0020000 		.4byte	.LASF2
 451 003a 02       		.uleb128 0x2
 452 003b 02       		.byte	0x2
 453 003c 07       		.byte	0x7
 454 003d C2000000 		.4byte	.LASF3
 455 0041 02       		.uleb128 0x2
 456 0042 04       		.byte	0x4
 457 0043 05       		.byte	0x5
 458 0044 CA020000 		.4byte	.LASF4
 459 0048 02       		.uleb128 0x2
 460 0049 04       		.byte	0x4
 461 004a 07       		.byte	0x7
 462 004b 30010000 		.4byte	.LASF5
 463 004f 02       		.uleb128 0x2
 464 0050 08       		.byte	0x8
 465 0051 05       		.byte	0x5
 466 0052 89020000 		.4byte	.LASF6
 467 0056 02       		.uleb128 0x2
 468 0057 08       		.byte	0x8
 469 0058 07       		.byte	0x7
 470 0059 3B020000 		.4byte	.LASF7
 471 005d 03       		.uleb128 0x3
 472 005e 04       		.byte	0x4
 473 005f 05       		.byte	0x5
 474 0060 696E7400 		.ascii	"int\000"
 475 0064 02       		.uleb128 0x2
 476 0065 04       		.byte	0x4
 477 0066 07       		.byte	0x7
 478 0067 2E020000 		.4byte	.LASF8
 479 006b 04       		.uleb128 0x4
 480 006c 57010000 		.4byte	.LASF9
 481 0070 02       		.byte	0x2
 482 0071 3801     		.2byte	0x138
 483 0073 2C000000 		.4byte	0x2c
 484 0077 04       		.uleb128 0x4
 485 0078 A7010000 		.4byte	.LASF10
 486 007c 02       		.byte	0x2
 487 007d 3A01     		.2byte	0x13a
 488 007f 48000000 		.4byte	0x48
 489 0083 02       		.uleb128 0x2
 490 0084 04       		.byte	0x4
 491 0085 04       		.byte	0x4
 492 0086 00010000 		.4byte	.LASF11
 493 008a 02       		.uleb128 0x2
 494 008b 08       		.byte	0x8
 495 008c 04       		.byte	0x4
 496 008d 81010000 		.4byte	.LASF12
 497 0091 02       		.uleb128 0x2
 498 0092 01       		.byte	0x1
 499 0093 08       		.byte	0x8
 500 0094 97020000 		.4byte	.LASF13
 501 0098 04       		.uleb128 0x4
 502 0099 00000000 		.4byte	.LASF14
 503 009d 02       		.byte	0x2
 504 009e E401     		.2byte	0x1e4
ARM GAS  C:\Users\LUKASC~1\AppData\Local\Temp\ccynEoft.s 			page 20


 505 00a0 A4000000 		.4byte	0xa4
 506 00a4 05       		.uleb128 0x5
 507 00a5 77000000 		.4byte	0x77
 508 00a9 04       		.uleb128 0x4
 509 00aa 58020000 		.4byte	.LASF15
 510 00ae 02       		.byte	0x2
 511 00af F401     		.2byte	0x1f4
 512 00b1 B5000000 		.4byte	0xb5
 513 00b5 06       		.uleb128 0x6
 514 00b6 04       		.byte	0x4
 515 00b7 BB000000 		.4byte	0xbb
 516 00bb 07       		.uleb128 0x7
 517 00bc 08       		.uleb128 0x8
 518 00bd 94000000 		.4byte	.LASF16
 519 00c1 03       		.byte	0x3
 520 00c2 D4       		.byte	0xd4
 521 00c3 64000000 		.4byte	0x64
 522 00c7 02       		.uleb128 0x2
 523 00c8 04       		.byte	0x4
 524 00c9 07       		.byte	0x7
 525 00ca 80020000 		.4byte	.LASF17
 526 00ce 09       		.uleb128 0x9
 527 00cf 04       		.byte	0x4
 528 00d0 0A       		.uleb128 0xa
 529 00d1 91000000 		.4byte	0x91
 530 00d5 08       		.uleb128 0x8
 531 00d6 6F020000 		.4byte	.LASF18
 532 00da 01       		.byte	0x1
 533 00db DC       		.byte	0xdc
 534 00dc 2C000000 		.4byte	0x2c
 535 00e0 0B       		.uleb128 0xb
 536 00e1 FB020000 		.4byte	.LASF46
 537 00e5 10       		.byte	0x10
 538 00e6 01       		.byte	0x1
 539 00e7 DE       		.byte	0xde
 540 00e8 1D010000 		.4byte	0x11d
 541 00ec 0C       		.uleb128 0xc
 542 00ed E5000000 		.4byte	.LASF19
 543 00f1 01       		.byte	0x1
 544 00f2 E0       		.byte	0xe0
 545 00f3 1D010000 		.4byte	0x11d
 546 00f7 00       		.byte	0
 547 00f8 0C       		.uleb128 0xc
 548 00f9 06010000 		.4byte	.LASF20
 549 00fd 01       		.byte	0x1
 550 00fe E1       		.byte	0xe1
 551 00ff 1D010000 		.4byte	0x11d
 552 0103 04       		.byte	0x4
 553 0104 0C       		.uleb128 0xc
 554 0105 65020000 		.4byte	.LASF21
 555 0109 01       		.byte	0x1
 556 010a E2       		.byte	0xe2
 557 010b BC000000 		.4byte	0xbc
 558 010f 08       		.byte	0x8
 559 0110 0C       		.uleb128 0xc
 560 0111 F1000000 		.4byte	.LASF22
 561 0115 01       		.byte	0x1
ARM GAS  C:\Users\LUKASC~1\AppData\Local\Temp\ccynEoft.s 			page 21


 562 0116 E3       		.byte	0xe3
 563 0117 BC000000 		.4byte	0xbc
 564 011b 0C       		.byte	0xc
 565 011c 00       		.byte	0
 566 011d 06       		.uleb128 0x6
 567 011e 04       		.byte	0x4
 568 011f D5000000 		.4byte	0xd5
 569 0123 0D       		.uleb128 0xd
 570 0124 69010000 		.4byte	.LASF33
 571 0128 01       		.byte	0x1
 572 0129 6F       		.byte	0x6f
 573 012a 00000000 		.4byte	.LFB0
 574 012e 06000000 		.4byte	.LFE0-.LFB0
 575 0132 01       		.uleb128 0x1
 576 0133 9C       		.byte	0x9c
 577 0134 0E       		.uleb128 0xe
 578 0135 63010000 		.4byte	.LASF27
 579 0139 01       		.byte	0x1
 580 013a 0101     		.2byte	0x101
 581 013c 00000000 		.4byte	.LFB1
 582 0140 14000000 		.4byte	.LFE1-.LFB1
 583 0144 01       		.uleb128 0x1
 584 0145 9C       		.byte	0x9c
 585 0146 5A010000 		.4byte	0x15a
 586 014a 0F       		.uleb128 0xf
 587 014b EA000000 		.4byte	.LASF23
 588 014f 01       		.byte	0x1
 589 0150 0101     		.2byte	0x101
 590 0152 5D000000 		.4byte	0x5d
 591 0156 02       		.uleb128 0x2
 592 0157 91       		.byte	0x91
 593 0158 74       		.sleb128 -12
 594 0159 00       		.byte	0
 595 015a 10       		.uleb128 0x10
 596 015b 7B010000 		.4byte	.LASF47
 597 015f 01       		.byte	0x1
 598 0160 2001     		.2byte	0x120
 599 0162 CE000000 		.4byte	0xce
 600 0166 00000000 		.4byte	.LFB2
 601 016a 54000000 		.4byte	.LFE2-.LFB2
 602 016e 01       		.uleb128 0x1
 603 016f 9C       		.byte	0x9c
 604 0170 B1010000 		.4byte	0x1b1
 605 0174 0F       		.uleb128 0xf
 606 0175 F4020000 		.4byte	.LASF24
 607 0179 01       		.byte	0x1
 608 017a 2001     		.2byte	0x120
 609 017c 5D000000 		.4byte	0x5d
 610 0180 02       		.uleb128 0x2
 611 0181 91       		.byte	0x91
 612 0182 6C       		.sleb128 -20
 613 0183 11       		.uleb128 0x11
 614 0184 656E6400 		.ascii	"end\000"
 615 0188 01       		.byte	0x1
 616 0189 2201     		.2byte	0x122
 617 018b 5D000000 		.4byte	0x5d
 618 018f 12       		.uleb128 0x12
ARM GAS  C:\Users\LUKASC~1\AppData\Local\Temp\ccynEoft.s 			page 22


 619 0190 19010000 		.4byte	.LASF25
 620 0194 01       		.byte	0x1
 621 0195 2301     		.2byte	0x123
 622 0197 CE000000 		.4byte	0xce
 623 019b 02       		.uleb128 0x2
 624 019c 91       		.byte	0x91
 625 019d 74       		.sleb128 -12
 626 019e 12       		.uleb128 0x12
 627 019f B6000000 		.4byte	.LASF26
 628 01a3 01       		.byte	0x1
 629 01a4 2601     		.2byte	0x126
 630 01a6 CE000000 		.4byte	0xce
 631 01aa 05       		.uleb128 0x5
 632 01ab 03       		.byte	0x3
 633 01ac 00000000 		.4byte	heapPointer.4714
 634 01b0 00       		.byte	0
 635 01b1 0E       		.uleb128 0xe
 636 01b2 A8000000 		.4byte	.LASF28
 637 01b6 01       		.byte	0x1
 638 01b7 4801     		.2byte	0x148
 639 01b9 00000000 		.4byte	.LFB3
 640 01bd 98000000 		.4byte	.LFE3-.LFB3
 641 01c1 01       		.uleb128 0x1
 642 01c2 9C       		.byte	0x9c
 643 01c3 2C020000 		.4byte	0x22c
 644 01c7 12       		.uleb128 0x12
 645 01c8 EC020000 		.4byte	.LASF29
 646 01cc 01       		.byte	0x1
 647 01cd 4D01     		.2byte	0x14d
 648 01cf 64000000 		.4byte	0x64
 649 01d3 02       		.uleb128 0x2
 650 01d4 91       		.byte	0x91
 651 01d5 74       		.sleb128 -12
 652 01d6 12       		.uleb128 0x12
 653 01d7 FB000000 		.4byte	.LASF30
 654 01db 01       		.byte	0x1
 655 01dc 4E01     		.2byte	0x14e
 656 01de 2C020000 		.4byte	0x22c
 657 01e2 02       		.uleb128 0x2
 658 01e3 91       		.byte	0x91
 659 01e4 70       		.sleb128 -16
 660 01e5 13       		.uleb128 0x13
 661 01e6 14000000 		.4byte	.LBB2
 662 01ea 66000000 		.4byte	.LBE2-.LBB2
 663 01ee 14       		.uleb128 0x14
 664 01ef 73726300 		.ascii	"src\000"
 665 01f3 01       		.byte	0x1
 666 01f4 5301     		.2byte	0x153
 667 01f6 37020000 		.4byte	0x237
 668 01fa 02       		.uleb128 0x2
 669 01fb 91       		.byte	0x91
 670 01fc 6C       		.sleb128 -20
 671 01fd 14       		.uleb128 0x14
 672 01fe 64737400 		.ascii	"dst\000"
 673 0202 01       		.byte	0x1
 674 0203 5401     		.2byte	0x154
 675 0205 37020000 		.4byte	0x237
ARM GAS  C:\Users\LUKASC~1\AppData\Local\Temp\ccynEoft.s 			page 23


 676 0209 02       		.uleb128 0x2
 677 020a 91       		.byte	0x91
 678 020b 68       		.sleb128 -24
 679 020c 12       		.uleb128 0x12
 680 020d 52020000 		.4byte	.LASF31
 681 0211 01       		.byte	0x1
 682 0212 5501     		.2byte	0x155
 683 0214 64000000 		.4byte	0x64
 684 0218 02       		.uleb128 0x2
 685 0219 91       		.byte	0x91
 686 021a 60       		.sleb128 -32
 687 021b 12       		.uleb128 0x12
 688 021c B0000000 		.4byte	.LASF32
 689 0220 01       		.byte	0x1
 690 0221 5601     		.2byte	0x156
 691 0223 64000000 		.4byte	0x64
 692 0227 02       		.uleb128 0x2
 693 0228 91       		.byte	0x91
 694 0229 64       		.sleb128 -28
 695 022a 00       		.byte	0
 696 022b 00       		.byte	0
 697 022c 06       		.uleb128 0x6
 698 022d 04       		.byte	0x4
 699 022e 32020000 		.4byte	0x232
 700 0232 0A       		.uleb128 0xa
 701 0233 E0000000 		.4byte	0xe0
 702 0237 06       		.uleb128 0x6
 703 0238 04       		.byte	0x4
 704 0239 77000000 		.4byte	0x77
 705 023d 15       		.uleb128 0x15
 706 023e 5D010000 		.4byte	.LASF34
 707 0242 01       		.byte	0x1
 708 0243 8401     		.2byte	0x184
 709 0245 00000000 		.4byte	.LFB4
 710 0249 0C000000 		.4byte	.LFE4-.LFB4
 711 024d 01       		.uleb128 0x1
 712 024e 9C       		.byte	0x9c
 713 024f 0E       		.uleb128 0xe
 714 0250 97010000 		.4byte	.LASF35
 715 0254 01       		.byte	0x1
 716 0255 0902     		.2byte	0x209
 717 0257 00000000 		.4byte	.LFB5
 718 025b 74000000 		.4byte	.LFE5-.LFB5
 719 025f 01       		.uleb128 0x1
 720 0260 9C       		.byte	0x9c
 721 0261 75020000 		.4byte	0x275
 722 0265 12       		.uleb128 0x12
 723 0266 24020000 		.4byte	.LASF36
 724 026a 01       		.byte	0x1
 725 026b 0B02     		.2byte	0x20b
 726 026d 77000000 		.4byte	0x77
 727 0271 02       		.uleb128 0x2
 728 0272 91       		.byte	0x91
 729 0273 74       		.sleb128 -12
 730 0274 00       		.byte	0
 731 0275 16       		.uleb128 0x16
 732 0276 42010000 		.4byte	.LASF37
ARM GAS  C:\Users\LUKASC~1\AppData\Local\Temp\ccynEoft.s 			page 24


 733 027a 01       		.byte	0x1
 734 027b 46       		.byte	0x46
 735 027c 77000000 		.4byte	0x77
 736 0280 05       		.uleb128 0x5
 737 0281 03       		.byte	0x3
 738 0282 00000000 		.4byte	cySysNoInitDataValid
 739 0286 11       		.uleb128 0x11
 740 0287 656E6400 		.ascii	"end\000"
 741 028b 01       		.byte	0x1
 742 028c 2201     		.2byte	0x122
 743 028e 5D000000 		.4byte	0x5d
 744 0292 17       		.uleb128 0x17
 745 0293 88010000 		.4byte	.LASF38
 746 0297 01       		.byte	0x1
 747 0298 57       		.byte	0x57
 748 0299 A4000000 		.4byte	0xa4
 749 029d 05       		.uleb128 0x5
 750 029e 03       		.byte	0x3
 751 029f 00000000 		.4byte	cyBtldrRunType
 752 02a3 18       		.uleb128 0x18
 753 02a4 E0000000 		.4byte	0xe0
 754 02a8 AE020000 		.4byte	0x2ae
 755 02ac 19       		.uleb128 0x19
 756 02ad 00       		.byte	0
 757 02ae 1A       		.uleb128 0x1a
 758 02af DF020000 		.4byte	.LASF39
 759 02b3 01       		.byte	0x1
 760 02b4 E6       		.byte	0xe6
 761 02b5 B9020000 		.4byte	0x2b9
 762 02b9 0A       		.uleb128 0xa
 763 02ba A3020000 		.4byte	0x2a3
 764 02be 1A       		.uleb128 0x1a
 765 02bf D5000000 		.4byte	.LASF40
 766 02c3 01       		.byte	0x1
 767 02c4 E7       		.byte	0xe7
 768 02c5 D0000000 		.4byte	0xd0
 769 02c9 18       		.uleb128 0x18
 770 02ca A9000000 		.4byte	0xa9
 771 02ce D9020000 		.4byte	0x2d9
 772 02d2 1B       		.uleb128 0x1b
 773 02d3 C7000000 		.4byte	0xc7
 774 02d7 2F       		.byte	0x2f
 775 02d8 00       		.byte	0
 776 02d9 1C       		.uleb128 0x1c
 777 02da 9B000000 		.4byte	.LASF41
 778 02de 01       		.byte	0x1
 779 02df D201     		.2byte	0x1d2
 780 02e1 C9020000 		.4byte	0x2c9
 781 02e5 05       		.uleb128 0x5
 782 02e6 03       		.byte	0x3
 783 02e7 00000000 		.4byte	CyRamVectors
 784 02eb 18       		.uleb128 0x18
 785 02ec A9000000 		.4byte	0xa9
 786 02f0 FB020000 		.4byte	0x2fb
 787 02f4 1B       		.uleb128 0x1b
 788 02f5 C7000000 		.4byte	0xc7
 789 02f9 03       		.byte	0x3
ARM GAS  C:\Users\LUKASC~1\AppData\Local\Temp\ccynEoft.s 			page 25


 790 02fa 00       		.byte	0
 791 02fb 1C       		.uleb128 0x1c
 792 02fc 25010000 		.4byte	.LASF42
 793 0300 01       		.byte	0x1
 794 0301 E601     		.2byte	0x1e6
 795 0303 0D030000 		.4byte	0x30d
 796 0307 05       		.uleb128 0x5
 797 0308 03       		.byte	0x3
 798 0309 00000000 		.4byte	RomVectors
 799 030d 0A       		.uleb128 0xa
 800 030e EB020000 		.4byte	0x2eb
 801 0312 00       		.byte	0
 802              		.section	.debug_abbrev,"",%progbits
 803              	.Ldebug_abbrev0:
 804 0000 01       		.uleb128 0x1
 805 0001 11       		.uleb128 0x11
 806 0002 01       		.byte	0x1
 807 0003 25       		.uleb128 0x25
 808 0004 0E       		.uleb128 0xe
 809 0005 13       		.uleb128 0x13
 810 0006 0B       		.uleb128 0xb
 811 0007 03       		.uleb128 0x3
 812 0008 0E       		.uleb128 0xe
 813 0009 1B       		.uleb128 0x1b
 814 000a 0E       		.uleb128 0xe
 815 000b 55       		.uleb128 0x55
 816 000c 17       		.uleb128 0x17
 817 000d 11       		.uleb128 0x11
 818 000e 01       		.uleb128 0x1
 819 000f 10       		.uleb128 0x10
 820 0010 17       		.uleb128 0x17
 821 0011 00       		.byte	0
 822 0012 00       		.byte	0
 823 0013 02       		.uleb128 0x2
 824 0014 24       		.uleb128 0x24
 825 0015 00       		.byte	0
 826 0016 0B       		.uleb128 0xb
 827 0017 0B       		.uleb128 0xb
 828 0018 3E       		.uleb128 0x3e
 829 0019 0B       		.uleb128 0xb
 830 001a 03       		.uleb128 0x3
 831 001b 0E       		.uleb128 0xe
 832 001c 00       		.byte	0
 833 001d 00       		.byte	0
 834 001e 03       		.uleb128 0x3
 835 001f 24       		.uleb128 0x24
 836 0020 00       		.byte	0
 837 0021 0B       		.uleb128 0xb
 838 0022 0B       		.uleb128 0xb
 839 0023 3E       		.uleb128 0x3e
 840 0024 0B       		.uleb128 0xb
 841 0025 03       		.uleb128 0x3
 842 0026 08       		.uleb128 0x8
 843 0027 00       		.byte	0
 844 0028 00       		.byte	0
 845 0029 04       		.uleb128 0x4
 846 002a 16       		.uleb128 0x16
ARM GAS  C:\Users\LUKASC~1\AppData\Local\Temp\ccynEoft.s 			page 26


 847 002b 00       		.byte	0
 848 002c 03       		.uleb128 0x3
 849 002d 0E       		.uleb128 0xe
 850 002e 3A       		.uleb128 0x3a
 851 002f 0B       		.uleb128 0xb
 852 0030 3B       		.uleb128 0x3b
 853 0031 05       		.uleb128 0x5
 854 0032 49       		.uleb128 0x49
 855 0033 13       		.uleb128 0x13
 856 0034 00       		.byte	0
 857 0035 00       		.byte	0
 858 0036 05       		.uleb128 0x5
 859 0037 35       		.uleb128 0x35
 860 0038 00       		.byte	0
 861 0039 49       		.uleb128 0x49
 862 003a 13       		.uleb128 0x13
 863 003b 00       		.byte	0
 864 003c 00       		.byte	0
 865 003d 06       		.uleb128 0x6
 866 003e 0F       		.uleb128 0xf
 867 003f 00       		.byte	0
 868 0040 0B       		.uleb128 0xb
 869 0041 0B       		.uleb128 0xb
 870 0042 49       		.uleb128 0x49
 871 0043 13       		.uleb128 0x13
 872 0044 00       		.byte	0
 873 0045 00       		.byte	0
 874 0046 07       		.uleb128 0x7
 875 0047 15       		.uleb128 0x15
 876 0048 00       		.byte	0
 877 0049 27       		.uleb128 0x27
 878 004a 19       		.uleb128 0x19
 879 004b 00       		.byte	0
 880 004c 00       		.byte	0
 881 004d 08       		.uleb128 0x8
 882 004e 16       		.uleb128 0x16
 883 004f 00       		.byte	0
 884 0050 03       		.uleb128 0x3
 885 0051 0E       		.uleb128 0xe
 886 0052 3A       		.uleb128 0x3a
 887 0053 0B       		.uleb128 0xb
 888 0054 3B       		.uleb128 0x3b
 889 0055 0B       		.uleb128 0xb
 890 0056 49       		.uleb128 0x49
 891 0057 13       		.uleb128 0x13
 892 0058 00       		.byte	0
 893 0059 00       		.byte	0
 894 005a 09       		.uleb128 0x9
 895 005b 0F       		.uleb128 0xf
 896 005c 00       		.byte	0
 897 005d 0B       		.uleb128 0xb
 898 005e 0B       		.uleb128 0xb
 899 005f 00       		.byte	0
 900 0060 00       		.byte	0
 901 0061 0A       		.uleb128 0xa
 902 0062 26       		.uleb128 0x26
 903 0063 00       		.byte	0
ARM GAS  C:\Users\LUKASC~1\AppData\Local\Temp\ccynEoft.s 			page 27


 904 0064 49       		.uleb128 0x49
 905 0065 13       		.uleb128 0x13
 906 0066 00       		.byte	0
 907 0067 00       		.byte	0
 908 0068 0B       		.uleb128 0xb
 909 0069 13       		.uleb128 0x13
 910 006a 01       		.byte	0x1
 911 006b 03       		.uleb128 0x3
 912 006c 0E       		.uleb128 0xe
 913 006d 0B       		.uleb128 0xb
 914 006e 0B       		.uleb128 0xb
 915 006f 3A       		.uleb128 0x3a
 916 0070 0B       		.uleb128 0xb
 917 0071 3B       		.uleb128 0x3b
 918 0072 0B       		.uleb128 0xb
 919 0073 01       		.uleb128 0x1
 920 0074 13       		.uleb128 0x13
 921 0075 00       		.byte	0
 922 0076 00       		.byte	0
 923 0077 0C       		.uleb128 0xc
 924 0078 0D       		.uleb128 0xd
 925 0079 00       		.byte	0
 926 007a 03       		.uleb128 0x3
 927 007b 0E       		.uleb128 0xe
 928 007c 3A       		.uleb128 0x3a
 929 007d 0B       		.uleb128 0xb
 930 007e 3B       		.uleb128 0x3b
 931 007f 0B       		.uleb128 0xb
 932 0080 49       		.uleb128 0x49
 933 0081 13       		.uleb128 0x13
 934 0082 38       		.uleb128 0x38
 935 0083 0B       		.uleb128 0xb
 936 0084 00       		.byte	0
 937 0085 00       		.byte	0
 938 0086 0D       		.uleb128 0xd
 939 0087 2E       		.uleb128 0x2e
 940 0088 00       		.byte	0
 941 0089 3F       		.uleb128 0x3f
 942 008a 19       		.uleb128 0x19
 943 008b 03       		.uleb128 0x3
 944 008c 0E       		.uleb128 0xe
 945 008d 3A       		.uleb128 0x3a
 946 008e 0B       		.uleb128 0xb
 947 008f 3B       		.uleb128 0x3b
 948 0090 0B       		.uleb128 0xb
 949 0091 27       		.uleb128 0x27
 950 0092 19       		.uleb128 0x19
 951 0093 11       		.uleb128 0x11
 952 0094 01       		.uleb128 0x1
 953 0095 12       		.uleb128 0x12
 954 0096 06       		.uleb128 0x6
 955 0097 40       		.uleb128 0x40
 956 0098 18       		.uleb128 0x18
 957 0099 9742     		.uleb128 0x2117
 958 009b 19       		.uleb128 0x19
 959 009c 00       		.byte	0
 960 009d 00       		.byte	0
ARM GAS  C:\Users\LUKASC~1\AppData\Local\Temp\ccynEoft.s 			page 28


 961 009e 0E       		.uleb128 0xe
 962 009f 2E       		.uleb128 0x2e
 963 00a0 01       		.byte	0x1
 964 00a1 3F       		.uleb128 0x3f
 965 00a2 19       		.uleb128 0x19
 966 00a3 03       		.uleb128 0x3
 967 00a4 0E       		.uleb128 0xe
 968 00a5 3A       		.uleb128 0x3a
 969 00a6 0B       		.uleb128 0xb
 970 00a7 3B       		.uleb128 0x3b
 971 00a8 05       		.uleb128 0x5
 972 00a9 27       		.uleb128 0x27
 973 00aa 19       		.uleb128 0x19
 974 00ab 11       		.uleb128 0x11
 975 00ac 01       		.uleb128 0x1
 976 00ad 12       		.uleb128 0x12
 977 00ae 06       		.uleb128 0x6
 978 00af 40       		.uleb128 0x40
 979 00b0 18       		.uleb128 0x18
 980 00b1 9642     		.uleb128 0x2116
 981 00b3 19       		.uleb128 0x19
 982 00b4 01       		.uleb128 0x1
 983 00b5 13       		.uleb128 0x13
 984 00b6 00       		.byte	0
 985 00b7 00       		.byte	0
 986 00b8 0F       		.uleb128 0xf
 987 00b9 05       		.uleb128 0x5
 988 00ba 00       		.byte	0
 989 00bb 03       		.uleb128 0x3
 990 00bc 0E       		.uleb128 0xe
 991 00bd 3A       		.uleb128 0x3a
 992 00be 0B       		.uleb128 0xb
 993 00bf 3B       		.uleb128 0x3b
 994 00c0 05       		.uleb128 0x5
 995 00c1 49       		.uleb128 0x49
 996 00c2 13       		.uleb128 0x13
 997 00c3 02       		.uleb128 0x2
 998 00c4 18       		.uleb128 0x18
 999 00c5 00       		.byte	0
 1000 00c6 00       		.byte	0
 1001 00c7 10       		.uleb128 0x10
 1002 00c8 2E       		.uleb128 0x2e
 1003 00c9 01       		.byte	0x1
 1004 00ca 3F       		.uleb128 0x3f
 1005 00cb 19       		.uleb128 0x19
 1006 00cc 03       		.uleb128 0x3
 1007 00cd 0E       		.uleb128 0xe
 1008 00ce 3A       		.uleb128 0x3a
 1009 00cf 0B       		.uleb128 0xb
 1010 00d0 3B       		.uleb128 0x3b
 1011 00d1 05       		.uleb128 0x5
 1012 00d2 27       		.uleb128 0x27
 1013 00d3 19       		.uleb128 0x19
 1014 00d4 49       		.uleb128 0x49
 1015 00d5 13       		.uleb128 0x13
 1016 00d6 11       		.uleb128 0x11
 1017 00d7 01       		.uleb128 0x1
ARM GAS  C:\Users\LUKASC~1\AppData\Local\Temp\ccynEoft.s 			page 29


 1018 00d8 12       		.uleb128 0x12
 1019 00d9 06       		.uleb128 0x6
 1020 00da 40       		.uleb128 0x40
 1021 00db 18       		.uleb128 0x18
 1022 00dc 9642     		.uleb128 0x2116
 1023 00de 19       		.uleb128 0x19
 1024 00df 01       		.uleb128 0x1
 1025 00e0 13       		.uleb128 0x13
 1026 00e1 00       		.byte	0
 1027 00e2 00       		.byte	0
 1028 00e3 11       		.uleb128 0x11
 1029 00e4 34       		.uleb128 0x34
 1030 00e5 00       		.byte	0
 1031 00e6 03       		.uleb128 0x3
 1032 00e7 08       		.uleb128 0x8
 1033 00e8 3A       		.uleb128 0x3a
 1034 00e9 0B       		.uleb128 0xb
 1035 00ea 3B       		.uleb128 0x3b
 1036 00eb 05       		.uleb128 0x5
 1037 00ec 49       		.uleb128 0x49
 1038 00ed 13       		.uleb128 0x13
 1039 00ee 3F       		.uleb128 0x3f
 1040 00ef 19       		.uleb128 0x19
 1041 00f0 3C       		.uleb128 0x3c
 1042 00f1 19       		.uleb128 0x19
 1043 00f2 00       		.byte	0
 1044 00f3 00       		.byte	0
 1045 00f4 12       		.uleb128 0x12
 1046 00f5 34       		.uleb128 0x34
 1047 00f6 00       		.byte	0
 1048 00f7 03       		.uleb128 0x3
 1049 00f8 0E       		.uleb128 0xe
 1050 00f9 3A       		.uleb128 0x3a
 1051 00fa 0B       		.uleb128 0xb
 1052 00fb 3B       		.uleb128 0x3b
 1053 00fc 05       		.uleb128 0x5
 1054 00fd 49       		.uleb128 0x49
 1055 00fe 13       		.uleb128 0x13
 1056 00ff 02       		.uleb128 0x2
 1057 0100 18       		.uleb128 0x18
 1058 0101 00       		.byte	0
 1059 0102 00       		.byte	0
 1060 0103 13       		.uleb128 0x13
 1061 0104 0B       		.uleb128 0xb
 1062 0105 01       		.byte	0x1
 1063 0106 11       		.uleb128 0x11
 1064 0107 01       		.uleb128 0x1
 1065 0108 12       		.uleb128 0x12
 1066 0109 06       		.uleb128 0x6
 1067 010a 00       		.byte	0
 1068 010b 00       		.byte	0
 1069 010c 14       		.uleb128 0x14
 1070 010d 34       		.uleb128 0x34
 1071 010e 00       		.byte	0
 1072 010f 03       		.uleb128 0x3
 1073 0110 08       		.uleb128 0x8
 1074 0111 3A       		.uleb128 0x3a
ARM GAS  C:\Users\LUKASC~1\AppData\Local\Temp\ccynEoft.s 			page 30


 1075 0112 0B       		.uleb128 0xb
 1076 0113 3B       		.uleb128 0x3b
 1077 0114 05       		.uleb128 0x5
 1078 0115 49       		.uleb128 0x49
 1079 0116 13       		.uleb128 0x13
 1080 0117 02       		.uleb128 0x2
 1081 0118 18       		.uleb128 0x18
 1082 0119 00       		.byte	0
 1083 011a 00       		.byte	0
 1084 011b 15       		.uleb128 0x15
 1085 011c 2E       		.uleb128 0x2e
 1086 011d 00       		.byte	0
 1087 011e 3F       		.uleb128 0x3f
 1088 011f 19       		.uleb128 0x19
 1089 0120 03       		.uleb128 0x3
 1090 0121 0E       		.uleb128 0xe
 1091 0122 3A       		.uleb128 0x3a
 1092 0123 0B       		.uleb128 0xb
 1093 0124 3B       		.uleb128 0x3b
 1094 0125 05       		.uleb128 0x5
 1095 0126 27       		.uleb128 0x27
 1096 0127 19       		.uleb128 0x19
 1097 0128 11       		.uleb128 0x11
 1098 0129 01       		.uleb128 0x1
 1099 012a 12       		.uleb128 0x12
 1100 012b 06       		.uleb128 0x6
 1101 012c 40       		.uleb128 0x40
 1102 012d 18       		.uleb128 0x18
 1103 012e 9642     		.uleb128 0x2116
 1104 0130 19       		.uleb128 0x19
 1105 0131 00       		.byte	0
 1106 0132 00       		.byte	0
 1107 0133 16       		.uleb128 0x16
 1108 0134 34       		.uleb128 0x34
 1109 0135 00       		.byte	0
 1110 0136 03       		.uleb128 0x3
 1111 0137 0E       		.uleb128 0xe
 1112 0138 3A       		.uleb128 0x3a
 1113 0139 0B       		.uleb128 0xb
 1114 013a 3B       		.uleb128 0x3b
 1115 013b 0B       		.uleb128 0xb
 1116 013c 49       		.uleb128 0x49
 1117 013d 13       		.uleb128 0x13
 1118 013e 02       		.uleb128 0x2
 1119 013f 18       		.uleb128 0x18
 1120 0140 00       		.byte	0
 1121 0141 00       		.byte	0
 1122 0142 17       		.uleb128 0x17
 1123 0143 34       		.uleb128 0x34
 1124 0144 00       		.byte	0
 1125 0145 03       		.uleb128 0x3
 1126 0146 0E       		.uleb128 0xe
 1127 0147 3A       		.uleb128 0x3a
 1128 0148 0B       		.uleb128 0xb
 1129 0149 3B       		.uleb128 0x3b
 1130 014a 0B       		.uleb128 0xb
 1131 014b 49       		.uleb128 0x49
ARM GAS  C:\Users\LUKASC~1\AppData\Local\Temp\ccynEoft.s 			page 31


 1132 014c 13       		.uleb128 0x13
 1133 014d 3F       		.uleb128 0x3f
 1134 014e 19       		.uleb128 0x19
 1135 014f 02       		.uleb128 0x2
 1136 0150 18       		.uleb128 0x18
 1137 0151 00       		.byte	0
 1138 0152 00       		.byte	0
 1139 0153 18       		.uleb128 0x18
 1140 0154 01       		.uleb128 0x1
 1141 0155 01       		.byte	0x1
 1142 0156 49       		.uleb128 0x49
 1143 0157 13       		.uleb128 0x13
 1144 0158 01       		.uleb128 0x1
 1145 0159 13       		.uleb128 0x13
 1146 015a 00       		.byte	0
 1147 015b 00       		.byte	0
 1148 015c 19       		.uleb128 0x19
 1149 015d 21       		.uleb128 0x21
 1150 015e 00       		.byte	0
 1151 015f 00       		.byte	0
 1152 0160 00       		.byte	0
 1153 0161 1A       		.uleb128 0x1a
 1154 0162 34       		.uleb128 0x34
 1155 0163 00       		.byte	0
 1156 0164 03       		.uleb128 0x3
 1157 0165 0E       		.uleb128 0xe
 1158 0166 3A       		.uleb128 0x3a
 1159 0167 0B       		.uleb128 0xb
 1160 0168 3B       		.uleb128 0x3b
 1161 0169 0B       		.uleb128 0xb
 1162 016a 49       		.uleb128 0x49
 1163 016b 13       		.uleb128 0x13
 1164 016c 3F       		.uleb128 0x3f
 1165 016d 19       		.uleb128 0x19
 1166 016e 3C       		.uleb128 0x3c
 1167 016f 19       		.uleb128 0x19
 1168 0170 00       		.byte	0
 1169 0171 00       		.byte	0
 1170 0172 1B       		.uleb128 0x1b
 1171 0173 21       		.uleb128 0x21
 1172 0174 00       		.byte	0
 1173 0175 49       		.uleb128 0x49
 1174 0176 13       		.uleb128 0x13
 1175 0177 2F       		.uleb128 0x2f
 1176 0178 0B       		.uleb128 0xb
 1177 0179 00       		.byte	0
 1178 017a 00       		.byte	0
 1179 017b 1C       		.uleb128 0x1c
 1180 017c 34       		.uleb128 0x34
 1181 017d 00       		.byte	0
 1182 017e 03       		.uleb128 0x3
 1183 017f 0E       		.uleb128 0xe
 1184 0180 3A       		.uleb128 0x3a
 1185 0181 0B       		.uleb128 0xb
 1186 0182 3B       		.uleb128 0x3b
 1187 0183 05       		.uleb128 0x5
 1188 0184 49       		.uleb128 0x49
ARM GAS  C:\Users\LUKASC~1\AppData\Local\Temp\ccynEoft.s 			page 32


 1189 0185 13       		.uleb128 0x13
 1190 0186 3F       		.uleb128 0x3f
 1191 0187 19       		.uleb128 0x19
 1192 0188 02       		.uleb128 0x2
 1193 0189 18       		.uleb128 0x18
 1194 018a 00       		.byte	0
 1195 018b 00       		.byte	0
 1196 018c 00       		.byte	0
 1197              		.section	.debug_aranges,"",%progbits
 1198 0000 44000000 		.4byte	0x44
 1199 0004 0200     		.2byte	0x2
 1200 0006 00000000 		.4byte	.Ldebug_info0
 1201 000a 04       		.byte	0x4
 1202 000b 00       		.byte	0
 1203 000c 0000     		.2byte	0
 1204 000e 0000     		.2byte	0
 1205 0010 00000000 		.4byte	.LFB0
 1206 0014 06000000 		.4byte	.LFE0-.LFB0
 1207 0018 00000000 		.4byte	.LFB1
 1208 001c 14000000 		.4byte	.LFE1-.LFB1
 1209 0020 00000000 		.4byte	.LFB2
 1210 0024 54000000 		.4byte	.LFE2-.LFB2
 1211 0028 00000000 		.4byte	.LFB3
 1212 002c 98000000 		.4byte	.LFE3-.LFB3
 1213 0030 00000000 		.4byte	.LFB4
 1214 0034 0C000000 		.4byte	.LFE4-.LFB4
 1215 0038 00000000 		.4byte	.LFB5
 1216 003c 74000000 		.4byte	.LFE5-.LFB5
 1217 0040 00000000 		.4byte	0
 1218 0044 00000000 		.4byte	0
 1219              		.section	.debug_ranges,"",%progbits
 1220              	.Ldebug_ranges0:
 1221 0000 00000000 		.4byte	.LFB0
 1222 0004 06000000 		.4byte	.LFE0
 1223 0008 00000000 		.4byte	.LFB1
 1224 000c 14000000 		.4byte	.LFE1
 1225 0010 00000000 		.4byte	.LFB2
 1226 0014 54000000 		.4byte	.LFE2
 1227 0018 00000000 		.4byte	.LFB3
 1228 001c 98000000 		.4byte	.LFE3
 1229 0020 00000000 		.4byte	.LFB4
 1230 0024 0C000000 		.4byte	.LFE4
 1231 0028 00000000 		.4byte	.LFB5
 1232 002c 74000000 		.4byte	.LFE5
 1233 0030 00000000 		.4byte	0
 1234 0034 00000000 		.4byte	0
 1235              		.section	.debug_line,"",%progbits
 1236              	.Ldebug_line0:
 1237 0000 C6010000 		.section	.debug_str,"MS",%progbits,1
 1237      0200C900 
 1237      00000201 
 1237      FB0E0D00 
 1237      01010101 
 1238              	.LASF14:
 1239 0000 72656733 		.ascii	"reg32\000"
 1239      3200
 1240              	.LASF43:
ARM GAS  C:\Users\LUKASC~1\AppData\Local\Temp\ccynEoft.s 			page 33


 1241 0006 474E5520 		.ascii	"GNU C 4.9.3 20150303 (release) [ARM/embedded-4_9-br"
 1241      4320342E 
 1241      392E3320 
 1241      32303135 
 1241      30333033 
 1242 0039 616E6368 		.ascii	"anch revision 221220] -mcpu=cortex-m0 -mthumb -g -O"
 1242      20726576 
 1242      6973696F 
 1242      6E203232 
 1242      31323230 
 1243 006c 30202D66 		.ascii	"0 -ffunction-sections -ffat-lto-objects\000"
 1243      66756E63 
 1243      74696F6E 
 1243      2D736563 
 1243      74696F6E 
 1244              	.LASF16:
 1245 0094 73697A65 		.ascii	"size_t\000"
 1245      5F7400
 1246              	.LASF41:
 1247 009b 43795261 		.ascii	"CyRamVectors\000"
 1247      6D566563 
 1247      746F7273 
 1247      00
 1248              	.LASF28:
 1249 00a8 53746172 		.ascii	"Start_c\000"
 1249      745F6300 
 1250              	.LASF32:
 1251 00b0 636F756E 		.ascii	"count\000"
 1251      7400
 1252              	.LASF26:
 1253 00b6 68656170 		.ascii	"heapPointer\000"
 1253      506F696E 
 1253      74657200 
 1254              	.LASF3:
 1255 00c2 73686F72 		.ascii	"short unsigned int\000"
 1255      7420756E 
 1255      7369676E 
 1255      65642069 
 1255      6E7400
 1256              	.LASF40:
 1257 00d5 5F5F6379 		.ascii	"__cy_region_num\000"
 1257      5F726567 
 1257      696F6E5F 
 1257      6E756D00 
 1258              	.LASF19:
 1259 00e5 696E6974 		.ascii	"init\000"
 1259      00
 1260              	.LASF23:
 1261 00ea 73746174 		.ascii	"status\000"
 1261      757300
 1262              	.LASF22:
 1263 00f1 7A65726F 		.ascii	"zero_size\000"
 1263      5F73697A 
 1263      6500
 1264              	.LASF30:
 1265 00fb 72707472 		.ascii	"rptr\000"
 1265      00
ARM GAS  C:\Users\LUKASC~1\AppData\Local\Temp\ccynEoft.s 			page 34


 1266              	.LASF11:
 1267 0100 666C6F61 		.ascii	"float\000"
 1267      7400
 1268              	.LASF20:
 1269 0106 64617461 		.ascii	"data\000"
 1269      00
 1270              	.LASF1:
 1271 010b 756E7369 		.ascii	"unsigned char\000"
 1271      676E6564 
 1271      20636861 
 1271      7200
 1272              	.LASF25:
 1273 0119 72657475 		.ascii	"returnValue\000"
 1273      726E5661 
 1273      6C756500 
 1274              	.LASF42:
 1275 0125 526F6D56 		.ascii	"RomVectors\000"
 1275      6563746F 
 1275      727300
 1276              	.LASF5:
 1277 0130 6C6F6E67 		.ascii	"long unsigned int\000"
 1277      20756E73 
 1277      69676E65 
 1277      6420696E 
 1277      7400
 1278              	.LASF37:
 1279 0142 63795379 		.ascii	"cySysNoInitDataValid\000"
 1279      734E6F49 
 1279      6E697444 
 1279      61746156 
 1279      616C6964 
 1280              	.LASF9:
 1281 0157 75696E74 		.ascii	"uint8\000"
 1281      3800
 1282              	.LASF34:
 1283 015d 52657365 		.ascii	"Reset\000"
 1283      7400
 1284              	.LASF27:
 1285 0163 5F657869 		.ascii	"_exit\000"
 1285      7400
 1286              	.LASF33:
 1287 0169 496E7444 		.ascii	"IntDefaultHandler\000"
 1287      65666175 
 1287      6C744861 
 1287      6E646C65 
 1287      7200
 1288              	.LASF47:
 1289 017b 5F736272 		.ascii	"_sbrk\000"
 1289      6B00
 1290              	.LASF12:
 1291 0181 646F7562 		.ascii	"double\000"
 1291      6C6500
 1292              	.LASF38:
 1293 0188 63794274 		.ascii	"cyBtldrRunType\000"
 1293      6C647252 
 1293      756E5479 
 1293      706500
ARM GAS  C:\Users\LUKASC~1\AppData\Local\Temp\ccynEoft.s 			page 35


 1294              	.LASF35:
 1295 0197 696E6974 		.ascii	"initialize_psoc\000"
 1295      69616C69 
 1295      7A655F70 
 1295      736F6300 
 1296              	.LASF10:
 1297 01a7 75696E74 		.ascii	"uint32\000"
 1297      333200
 1298              	.LASF45:
 1299 01ae 433A5C55 		.ascii	"C:\\Users\\Lukas Creutzburg\\Google Drive\\Virtuell"
 1299      73657273 
 1299      5C4C756B 
 1299      61732043 
 1299      72657574 
 1300 01dd 65205265 		.ascii	"e Realitaeten\\PSoCWorkspace\\VRProject\\Bootloader"
 1300      616C6974 
 1300      61657465 
 1300      6E5C5053 
 1300      6F43576F 
 1301 020d 5F50536F 		.ascii	"_PSoC4_Example01.cydsn\000"
 1301      43345F45 
 1301      78616D70 
 1301      6C653031 
 1301      2E637964 
 1302              	.LASF36:
 1303 0224 696E6465 		.ascii	"indexInit\000"
 1303      78496E69 
 1303      7400
 1304              	.LASF8:
 1305 022e 756E7369 		.ascii	"unsigned int\000"
 1305      676E6564 
 1305      20696E74 
 1305      00
 1306              	.LASF7:
 1307 023b 6C6F6E67 		.ascii	"long long unsigned int\000"
 1307      206C6F6E 
 1307      6720756E 
 1307      7369676E 
 1307      65642069 
 1308              	.LASF31:
 1309 0252 6C696D69 		.ascii	"limit\000"
 1309      7400
 1310              	.LASF15:
 1311 0258 63796973 		.ascii	"cyisraddress\000"
 1311      72616464 
 1311      72657373 
 1311      00
 1312              	.LASF21:
 1313 0265 696E6974 		.ascii	"init_size\000"
 1313      5F73697A 
 1313      6500
 1314              	.LASF18:
 1315 026f 5F5F6379 		.ascii	"__cy_byte_align8\000"
 1315      5F627974 
 1315      655F616C 
 1315      69676E38 
 1315      00
ARM GAS  C:\Users\LUKASC~1\AppData\Local\Temp\ccynEoft.s 			page 36


 1316              	.LASF17:
 1317 0280 73697A65 		.ascii	"sizetype\000"
 1317      74797065 
 1317      00
 1318              	.LASF6:
 1319 0289 6C6F6E67 		.ascii	"long long int\000"
 1319      206C6F6E 
 1319      6720696E 
 1319      7400
 1320              	.LASF13:
 1321 0297 63686172 		.ascii	"char\000"
 1321      00
 1322              	.LASF44:
 1323 029c 2E5C4765 		.ascii	".\\Generated_Source\\PSoC4\\Cm0Start.c\000"
 1323      6E657261 
 1323      7465645F 
 1323      536F7572 
 1323      63655C50 
 1324              	.LASF2:
 1325 02c0 73686F72 		.ascii	"short int\000"
 1325      7420696E 
 1325      7400
 1326              	.LASF4:
 1327 02ca 6C6F6E67 		.ascii	"long int\000"
 1327      20696E74 
 1327      00
 1328              	.LASF0:
 1329 02d3 7369676E 		.ascii	"signed char\000"
 1329      65642063 
 1329      68617200 
 1330              	.LASF39:
 1331 02df 5F5F6379 		.ascii	"__cy_regions\000"
 1331      5F726567 
 1331      696F6E73 
 1331      00
 1332              	.LASF29:
 1333 02ec 72656769 		.ascii	"regions\000"
 1333      6F6E7300 
 1334              	.LASF24:
 1335 02f4 6E627974 		.ascii	"nbytes\000"
 1335      657300
 1336              	.LASF46:
 1337 02fb 5F5F6379 		.ascii	"__cy_region\000"
 1337      5F726567 
 1337      696F6E00 
 1338              		.ident	"GCC: (GNU Tools for ARM Embedded Processors) 4.9.3 20150303 (release) [ARM/embedded-4_9-br
