--------------- Build Started: 05/11/2016 17:58:57 Project: USBFS_UART01_Example, Configuration: ARM GCC 4.9-2015-q1-update Debug ---------------
The code generation step is up to date.
arm-none-eabi-gcc.exe -mcpu=cortex-m3 -mthumb -Wno-main -I. -IGenerated_Source\PSoC5 -Wa,-alh=.\ARM_GCC_493\Debug/main.lst -g -Wall -ffunction-sections -O0 -ffat-lto-objects -c .\main.c -o .\ARM_GCC_493\Debug\main.o
.\main.c: In function 'main':
.\main.c:78:11: warning: unused variable 'lineStr' [-Wunused-variable]
     char8 lineStr[LINE_STR_LENGTH];
           ^
.\main.c:77:11: warning: unused variable 'state' [-Wunused-variable]
     uint8 state;
           ^
arm-none-eabi-gcc.exe -mcpu=cortex-m3 -mthumb -Wno-main -I. -IGenerated_Source\PSoC5 -Wa,-alh=.\ARM_GCC_493\Debug/cyfitter_cfg.lst -g -Wall -ffunction-sections -O0 -ffat-lto-objects -c .\Generated_Source\PSoC5\cyfitter_cfg.c -o .\ARM_GCC_493\Debug\cyfitter_cfg.o
arm-none-eabi-gcc.exe -mcpu=cortex-m3 -mthumb -Wno-main -I. -IGenerated_Source\PSoC5 -Wa,-alh=.\ARM_GCC_493\Debug/cymetadata.lst -g -Wall -ffunction-sections -O0 -ffat-lto-objects -c .\Generated_Source\PSoC5\cymetadata.c -o .\ARM_GCC_493\Debug\cymetadata.o
arm-none-eabi-gcc.exe -mcpu=cortex-m3 -mthumb -Wno-main -I. -IGenerated_Source\PSoC5 -Wa,-alh=.\ARM_GCC_493\Debug/USBUART.lst -g -Wall -ffunction-sections -O0 -ffat-lto-objects -c .\Generated_Source\PSoC5\USBUART.c -o .\ARM_GCC_493\Debug\USBUART.o
arm-none-eabi-gcc.exe -mcpu=cortex-m3 -mthumb -Wno-main -I. -IGenerated_Source\PSoC5 -Wa,-alh=.\ARM_GCC_493\Debug/USBUART_audio.lst -g -Wall -ffunction-sections -O0 -ffat-lto-objects -c .\Generated_Source\PSoC5\USBUART_audio.c -o .\ARM_GCC_493\Debug\USBUART_audio.o
arm-none-eabi-gcc.exe -mcpu=cortex-m3 -mthumb -Wno-main -I. -IGenerated_Source\PSoC5 -Wa,-alh=.\ARM_GCC_493\Debug/USBUART_boot.lst -g -Wall -ffunction-sections -O0 -ffat-lto-objects -c .\Generated_Source\PSoC5\USBUART_boot.c -o .\ARM_GCC_493\Debug\USBUART_boot.o
arm-none-eabi-gcc.exe -mcpu=cortex-m3 -mthumb -Wno-main -I. -IGenerated_Source\PSoC5 -Wa,-alh=.\ARM_GCC_493\Debug/USBUART_cdc.lst -g -Wall -ffunction-sections -O0 -ffat-lto-objects -c .\Generated_Source\PSoC5\USBUART_cdc.c -o .\ARM_GCC_493\Debug\USBUART_cdc.o
arm-none-eabi-gcc.exe -mcpu=cortex-m3 -mthumb -Wno-main -I. -IGenerated_Source\PSoC5 -Wa,-alh=.\ARM_GCC_493\Debug/USBUART_cls.lst -g -Wall -ffunction-sections -O0 -ffat-lto-objects -c .\Generated_Source\PSoC5\USBUART_cls.c -o .\ARM_GCC_493\Debug\USBUART_cls.o
arm-none-eabi-gcc.exe -mcpu=cortex-m3 -mthumb -Wno-main -I. -IGenerated_Source\PSoC5 -Wa,-alh=.\ARM_GCC_493\Debug/USBUART_descr.lst -g -Wall -ffunction-sections -O0 -ffat-lto-objects -c .\Generated_Source\PSoC5\USBUART_descr.c -o .\ARM_GCC_493\Debug\USBUART_descr.o
arm-none-eabi-gcc.exe -mcpu=cortex-m3 -mthumb -Wno-main -I. -IGenerated_Source\PSoC5 -Wa,-alh=.\ARM_GCC_493\Debug/USBUART_drv.lst -g -Wall -ffunction-sections -O0 -ffat-lto-objects -c .\Generated_Source\PSoC5\USBUART_drv.c -o .\ARM_GCC_493\Debug\USBUART_drv.o
arm-none-eabi-gcc.exe -mcpu=cortex-m3 -mthumb -Wno-main -I. -IGenerated_Source\PSoC5 -Wa,-alh=.\ARM_GCC_493\Debug/USBUART_episr.lst -g -Wall -ffunction-sections -O0 -ffat-lto-objects -c .\Generated_Source\PSoC5\USBUART_episr.c -o .\ARM_GCC_493\Debug\USBUART_episr.o
arm-none-eabi-gcc.exe -mcpu=cortex-m3 -mthumb -Wno-main -I. -IGenerated_Source\PSoC5 -Wa,-alh=.\ARM_GCC_493\Debug/USBUART_hid.lst -g -Wall -ffunction-sections -O0 -ffat-lto-objects -c .\Generated_Source\PSoC5\USBUART_hid.c -o .\ARM_GCC_493\Debug\USBUART_hid.o
arm-none-eabi-gcc.exe -mcpu=cortex-m3 -mthumb -Wno-main -I. -IGenerated_Source\PSoC5 -Wa,-alh=.\ARM_GCC_493\Debug/USBUART_pm.lst -g -Wall -ffunction-sections -O0 -ffat-lto-objects -c .\Generated_Source\PSoC5\USBUART_pm.c -o .\ARM_GCC_493\Debug\USBUART_pm.o
arm-none-eabi-gcc.exe -mcpu=cortex-m3 -mthumb -Wno-main -I. -IGenerated_Source\PSoC5 -Wa,-alh=.\ARM_GCC_493\Debug/USBUART_std.lst -g -Wall -ffunction-sections -O0 -ffat-lto-objects -c .\Generated_Source\PSoC5\USBUART_std.c -o .\ARM_GCC_493\Debug\USBUART_std.o
arm-none-eabi-gcc.exe -mcpu=cortex-m3 -mthumb -Wno-main -I. -IGenerated_Source\PSoC5 -Wa,-alh=.\ARM_GCC_493\Debug/USBUART_vnd.lst -g -Wall -ffunction-sections -O0 -ffat-lto-objects -c .\Generated_Source\PSoC5\USBUART_vnd.c -o .\ARM_GCC_493\Debug\USBUART_vnd.o
arm-none-eabi-gcc.exe -mcpu=cortex-m3 -mthumb -Wno-main -I. -IGenerated_Source\PSoC5 -Wa,-alh=.\ARM_GCC_493\Debug/USBUART_midi.lst -g -Wall -ffunction-sections -O0 -ffat-lto-objects -c .\Generated_Source\PSoC5\USBUART_midi.c -o .\ARM_GCC_493\Debug\USBUART_midi.o
arm-none-eabi-gcc.exe -mcpu=cortex-m3 -mthumb -Wno-main -I. -IGenerated_Source\PSoC5 -Wa,-alh=.\ARM_GCC_493\Debug/USBUART_msc.lst -g -Wall -ffunction-sections -O0 -ffat-lto-objects -c .\Generated_Source\PSoC5\USBUART_msc.c -o .\ARM_GCC_493\Debug\USBUART_msc.o
arm-none-eabi-gcc.exe -mcpu=cortex-m3 -mthumb -Wno-main -I. -IGenerated_Source\PSoC5 -Wa,-alh=.\ARM_GCC_493\Debug/USBUART_Dm.lst -g -Wall -ffunction-sections -O0 -ffat-lto-objects -c .\Generated_Source\PSoC5\USBUART_Dm.c -o .\ARM_GCC_493\Debug\USBUART_Dm.o
arm-none-eabi-gcc.exe -mcpu=cortex-m3 -mthumb -Wno-main -I. -IGenerated_Source\PSoC5 -Wa,-alh=.\ARM_GCC_493\Debug/USBUART_Dp.lst -g -Wall -ffunction-sections -O0 -ffat-lto-objects -c .\Generated_Source\PSoC5\USBUART_Dp.c -o .\ARM_GCC_493\Debug\USBUART_Dp.o
arm-none-eabi-gcc.exe -mcpu=cortex-m3 -mthumb -Wno-main -I. -IGenerated_Source\PSoC5 -Wa,-alh=.\ARM_GCC_493\Debug/CyScBoostClk.lst -g -Wall -ffunction-sections -O0 -ffat-lto-objects -c .\Generated_Source\PSoC5\CyScBoostClk.c -o .\ARM_GCC_493\Debug\CyScBoostClk.o
arm-none-eabi-gcc.exe -mcpu=cortex-m3 -mthumb -Wno-main -I. -IGenerated_Source\PSoC5 -Wa,-alh=.\ARM_GCC_493\Debug/Cm3Start.lst -g -Wall -ffunction-sections -O0 -ffat-lto-objects -c .\Generated_Source\PSoC5\Cm3Start.c -o .\ARM_GCC_493\Debug\Cm3Start.o
arm-none-eabi-as.exe -mcpu=cortex-m3 -mthumb -I. -IGenerated_Source\PSoC5 -alh=.\ARM_GCC_493\Debug/CyBootAsmGnu.lst -g -o .\ARM_GCC_493\Debug\CyBootAsmGnu.o .\Generated_Source\PSoC5\CyBootAsmGnu.s
arm-none-eabi-gcc.exe -mcpu=cortex-m3 -mthumb -Wno-main -I. -IGenerated_Source\PSoC5 -Wa,-alh=.\ARM_GCC_493\Debug/CyDmac.lst -g -Wall -ffunction-sections -O0 -ffat-lto-objects -c .\Generated_Source\PSoC5\CyDmac.c -o .\ARM_GCC_493\Debug\CyDmac.o
arm-none-eabi-gcc.exe -mcpu=cortex-m3 -mthumb -Wno-main -I. -IGenerated_Source\PSoC5 -Wa,-alh=.\ARM_GCC_493\Debug/CyFlash.lst -g -Wall -ffunction-sections -O0 -ffat-lto-objects -c .\Generated_Source\PSoC5\CyFlash.c -o .\ARM_GCC_493\Debug\CyFlash.o
arm-none-eabi-gcc.exe -mcpu=cortex-m3 -mthumb -Wno-main -I. -IGenerated_Source\PSoC5 -Wa,-alh=.\ARM_GCC_493\Debug/CyLib.lst -g -Wall -ffunction-sections -O0 -ffat-lto-objects -c .\Generated_Source\PSoC5\CyLib.c -o .\ARM_GCC_493\Debug\CyLib.o
arm-none-eabi-gcc.exe -mcpu=cortex-m3 -mthumb -Wno-main -I. -IGenerated_Source\PSoC5 -Wa,-alh=.\ARM_GCC_493\Debug/cyPm.lst -g -Wall -ffunction-sections -O0 -ffat-lto-objects -c .\Generated_Source\PSoC5\cyPm.c -o .\ARM_GCC_493\Debug\cyPm.o
arm-none-eabi-gcc.exe -mcpu=cortex-m3 -mthumb -Wno-main -I. -IGenerated_Source\PSoC5 -Wa,-alh=.\ARM_GCC_493\Debug/CySpc.lst -g -Wall -ffunction-sections -O0 -ffat-lto-objects -c .\Generated_Source\PSoC5\CySpc.c -o .\ARM_GCC_493\Debug\CySpc.o
arm-none-eabi-gcc.exe -mcpu=cortex-m3 -mthumb -Wno-main -I. -IGenerated_Source\PSoC5 -Wa,-alh=.\ARM_GCC_493\Debug/cyutils.lst -g -Wall -ffunction-sections -O0 -ffat-lto-objects -c .\Generated_Source\PSoC5\cyutils.c -o .\ARM_GCC_493\Debug\cyutils.o
arm-none-eabi-gcc.exe -mcpu=cortex-m3 -mthumb -Wno-main -I. -IGenerated_Source\PSoC5 -Wa,-alh=.\ARM_GCC_493\Debug/SDA_1.lst -g -Wall -ffunction-sections -O0 -ffat-lto-objects -c .\Generated_Source\PSoC5\SDA_1.c -o .\ARM_GCC_493\Debug\SDA_1.o
arm-none-eabi-gcc.exe -mcpu=cortex-m3 -mthumb -Wno-main -I. -IGenerated_Source\PSoC5 -Wa,-alh=.\ARM_GCC_493\Debug/SCL_1.lst -g -Wall -ffunction-sections -O0 -ffat-lto-objects -c .\Generated_Source\PSoC5\SCL_1.c -o .\ARM_GCC_493\Debug\SCL_1.o
arm-none-eabi-gcc.exe -mcpu=cortex-m3 -mthumb -Wno-main -I. -IGenerated_Source\PSoC5 -Wa,-alh=.\ARM_GCC_493\Debug/I2CS.lst -g -Wall -ffunction-sections -O0 -ffat-lto-objects -c .\Generated_Source\PSoC5\I2CS.c -o .\ARM_GCC_493\Debug\I2CS.o
arm-none-eabi-gcc.exe -mcpu=cortex-m3 -mthumb -Wno-main -I. -IGenerated_Source\PSoC5 -Wa,-alh=.\ARM_GCC_493\Debug/I2CS_BOOT.lst -g -Wall -ffunction-sections -O0 -ffat-lto-objects -c .\Generated_Source\PSoC5\I2CS_BOOT.c -o .\ARM_GCC_493\Debug\I2CS_BOOT.o
arm-none-eabi-gcc.exe -mcpu=cortex-m3 -mthumb -Wno-main -I. -IGenerated_Source\PSoC5 -Wa,-alh=.\ARM_GCC_493\Debug/I2CS_INT.lst -g -Wall -ffunction-sections -O0 -ffat-lto-objects -c .\Generated_Source\PSoC5\I2CS_INT.c -o .\ARM_GCC_493\Debug\I2CS_INT.o
arm-none-eabi-gcc.exe -mcpu=cortex-m3 -mthumb -Wno-main -I. -IGenerated_Source\PSoC5 -Wa,-alh=.\ARM_GCC_493\Debug/I2CS_PM.lst -g -Wall -ffunction-sections -O0 -ffat-lto-objects -c .\Generated_Source\PSoC5\I2CS_PM.c -o .\ARM_GCC_493\Debug\I2CS_PM.o
arm-none-eabi-gcc.exe -mcpu=cortex-m3 -mthumb -Wno-main -I. -IGenerated_Source\PSoC5 -Wa,-alh=.\ARM_GCC_493\Debug/I2CS_SLAVE.lst -g -Wall -ffunction-sections -O0 -ffat-lto-objects -c .\Generated_Source\PSoC5\I2CS_SLAVE.c -o .\ARM_GCC_493\Debug\I2CS_SLAVE.o
arm-none-eabi-gcc.exe -mcpu=cortex-m3 -mthumb -Wno-main -I. -IGenerated_Source\PSoC5 -Wa,-alh=.\ARM_GCC_493\Debug/I2CS_MASTER.lst -g -Wall -ffunction-sections -O0 -ffat-lto-objects -c .\Generated_Source\PSoC5\I2CS_MASTER.c -o .\ARM_GCC_493\Debug\I2CS_MASTER.o
arm-none-eabi-gcc.exe -mcpu=cortex-m3 -mthumb -Wno-main -I. -IGenerated_Source\PSoC5 -Wa,-alh=.\ARM_GCC_493\Debug/Pin_1.lst -g -Wall -ffunction-sections -O0 -ffat-lto-objects -c .\Generated_Source\PSoC5\Pin_1.c -o .\ARM_GCC_493\Debug\Pin_1.o
arm-none-eabi-ar.exe -rs .\ARM_GCC_493\Debug\USBFS_UART01_Example.a .\ARM_GCC_493\Debug\cyfitter_cfg.o .\ARM_GCC_493\Debug\USBUART.o .\ARM_GCC_493\Debug\USBUART_audio.o .\ARM_GCC_493\Debug\USBUART_boot.o .\ARM_GCC_493\Debug\USBUART_cdc.o .\ARM_GCC_493\Debug\USBUART_cls.o .\ARM_GCC_493\Debug\USBUART_descr.o .\ARM_GCC_493\Debug\USBUART_drv.o .\ARM_GCC_493\Debug\USBUART_episr.o .\ARM_GCC_493\Debug\USBUART_hid.o .\ARM_GCC_493\Debug\USBUART_pm.o .\ARM_GCC_493\Debug\USBUART_std.o .\ARM_GCC_493\Debug\USBUART_vnd.o .\ARM_GCC_493\Debug\USBUART_midi.o .\ARM_GCC_493\Debug\USBUART_msc.o .\ARM_GCC_493\Debug\USBUART_Dm.o .\ARM_GCC_493\Debug\USBUART_Dp.o .\ARM_GCC_493\Debug\CyScBoostClk.o .\ARM_GCC_493\Debug\CyBootAsmGnu.o .\ARM_GCC_493\Debug\CyDmac.o .\ARM_GCC_493\Debug\CyFlash.o .\ARM_GCC_493\Debug\CyLib.o .\ARM_GCC_493\Debug\cyPm.o .\ARM_GCC_493\Debug\CySpc.o .\ARM_GCC_493\Debug\cyutils.o .\ARM_GCC_493\Debug\SDA_1.o .\ARM_GCC_493\Debug\SCL_1.o .\ARM_GCC_493\Debug\I2CS.o .\ARM_GCC_493\Debug\I2CS_BOOT.o .\ARM_GCC_493\Debug\I2CS_INT.o .\ARM_GCC_493\Debug\I2CS_PM.o .\ARM_GCC_493\Debug\I2CS_SLAVE.o .\ARM_GCC_493\Debug\I2CS_MASTER.o .\ARM_GCC_493\Debug\Pin_1.o
arm-none-eabi-ar.exe: creating .\ARM_GCC_493\Debug\USBFS_UART01_Example.a
arm-none-eabi-gcc.exe -Wl,--start-group -o .\ARM_GCC_493\Debug\USBFS_UART01_Example.elf .\ARM_GCC_493\Debug\main.o .\ARM_GCC_493\Debug\cymetadata.o .\ARM_GCC_493\Debug\Cm3Start.o .\ARM_GCC_493\Debug\USBFS_UART01_Example.a "C:\Program Files (x86)\Cypress\PSoC Creator\3.3\PSoC Creator\psoc\content\cycomponentlibrary\CyComponentLibrary.cylib\CortexM3\ARM_GCC_493\Debug\CyComponentLibrary.a" -mcpu=cortex-m3 -mthumb -g -ffunction-sections -O0 -L Generated_Source\PSoC5 -Wl,-Map,.\ARM_GCC_493\Debug/USBFS_UART01_Example.map -T Generated_Source\PSoC5\cm3gcc.ld -specs=nano.specs -Wl,--gc-sections -Wl,--end-group
cyelftool.exe -C "C:\Users\Lukas Creutzburg\Documents\GitHub\freeDSPPSoC-I2C\USBFS_UART01_Example.cydsn\ARM_GCC_493\Debug\USBFS_UART01_Example.elf" --flash_row_size 256 --flash_size 262144
cyelftool.exe -S "C:\Users\Lukas Creutzburg\Documents\GitHub\freeDSPPSoC-I2C\USBFS_UART01_Example.cydsn\ARM_GCC_493\Debug\USBFS_UART01_Example.elf"
Flash used: 13824 of 262144 bytes (5,3 %).
SRAM used: 2813 of 65536 bytes (4,3 %). Stack: 2048 bytes. Heap: 128 bytes.
--------------- Build Succeeded: 05/11/2016 17:59:03 ---------------
