--------------- Build Started: 04/26/2016 09:36:37 Project: SCB_I2cCommSlave01, Configuration: ARM GCC 4.9-2015-q1-update Debug ---------------
cydsfit.exe -.appdatapath "C:\Users\Lukas Creutzburg\AppData\Local\Cypress Semiconductor\PSoC Creator\3.3" -.fdsnotice -.fdswarpdepfile=warp_dependencies.txt -.fdselabdepfile=elab_dependencies.txt -.fdsbldfile=generated_files.txt -p "C:\Users\Lukas Creutzburg\Documents\Daten\Programmierprojekte\GitHub\freeDSPPSoC-I2C\SCB_I2cCommSlave01.cydsn\SCB_I2cCommSlave01.cyprj" -d CY8C4245AXI-483 -s "C:\Users\Lukas Creutzburg\Documents\Daten\Programmierprojekte\GitHub\freeDSPPSoC-I2C\SCB_I2cCommSlave01.cydsn\Generated_Source\PSoC4" -- -yv2 -q10 -ygs -o2 -v3 -.fftcfgtype=LE
Elaborating Design...
HDL Generation ...
Synthesis ...
Place and Route ...
Tech mapping ...
Info: mpr.M0053: Information from the design wide resources Pin Editor has overridden the control file entry for "LED_RED(0)". (App=cydsfit)
Info: mpr.M0053: Information from the design wide resources Pin Editor has overridden the control file entry for "LED_BLUE(0)". (App=cydsfit)
ADD: pft.M0040: information: The following 2 pin(s) will be assigned a location by the fitter: \UART_1:rx(0)\, \UART_1:tx(0)\
Analog Placement ...
Analog Routing ...
Analog Code Generation ...
Digital Placement ...
Digital Routing ...
Bitstream Generation ...
Static timing analysis ...
API Generation ...
Dependency Generation ...
Clean Temporary Files ...
arm-none-eabi-gcc.exe -mcpu=cortex-m0 -mthumb -Wno-main -I. -IGenerated_Source\PSoC4 -Wa,-alh=.\CortexM0\ARM_GCC_493\Debug/main.lst -g -D DEBUG -Wall -ffunction-sections -O0 -ffat-lto-objects -c .\main.c -o .\CortexM0\ARM_GCC_493\Debug\main.o
arm-none-eabi-ar.exe -rs .\CortexM0\ARM_GCC_493\Debug\SCB_I2cCommSlave01.a .\CortexM0\ARM_GCC_493\Debug\cyfitter_cfg.o .\CortexM0\ARM_GCC_493\Debug\LED_RED.o .\CortexM0\ARM_GCC_493\Debug\LED_RED_PM.o .\CortexM0\ARM_GCC_493\Debug\LED_GREEN.o .\CortexM0\ARM_GCC_493\Debug\LED_GREEN_PM.o .\CortexM0\ARM_GCC_493\Debug\LED_BLUE.o .\CortexM0\ARM_GCC_493\Debug\LED_BLUE_PM.o .\CortexM0\ARM_GCC_493\Debug\I2CS.o .\CortexM0\ARM_GCC_493\Debug\I2CS_I2C_INT.o .\CortexM0\ARM_GCC_493\Debug\I2CS_I2C.o .\CortexM0\ARM_GCC_493\Debug\I2CS_I2C_BOOT.o .\CortexM0\ARM_GCC_493\Debug\I2CS_I2C_SLAVE.o .\CortexM0\ARM_GCC_493\Debug\I2CS_PM.o .\CortexM0\ARM_GCC_493\Debug\I2CS_BOOT.o .\CortexM0\ARM_GCC_493\Debug\I2CS_SCBCLK.o .\CortexM0\ARM_GCC_493\Debug\I2CS_sda.o .\CortexM0\ARM_GCC_493\Debug\I2CS_sda_PM.o .\CortexM0\ARM_GCC_493\Debug\I2CS_scl.o .\CortexM0\ARM_GCC_493\Debug\I2CS_scl_PM.o .\CortexM0\ARM_GCC_493\Debug\I2CS_SCB_IRQ.o .\CortexM0\ARM_GCC_493\Debug\CyBootAsmGnu.o .\CortexM0\ARM_GCC_493\Debug\CyFlash.o .\CortexM0\ARM_GCC_493\Debug\CyLib.o .\CortexM0\ARM_GCC_493\Debug\cyPm.o .\CortexM0\ARM_GCC_493\Debug\cyutils.o .\CortexM0\ARM_GCC_493\Debug\CyLFClk.o .\CortexM0\ARM_GCC_493\Debug\Bootloadable_1.o .\CortexM0\ARM_GCC_493\Debug\UART_1.o .\CortexM0\ARM_GCC_493\Debug\UART_1_SPI_UART.o .\CortexM0\ARM_GCC_493\Debug\UART_1_SPI_UART_INT.o .\CortexM0\ARM_GCC_493\Debug\UART_1_PM.o .\CortexM0\ARM_GCC_493\Debug\UART_1_UART.o .\CortexM0\ARM_GCC_493\Debug\UART_1_BOOT.o .\CortexM0\ARM_GCC_493\Debug\UART_1_UART_BOOT.o .\CortexM0\ARM_GCC_493\Debug\UART_1_SCBCLK.o .\CortexM0\ARM_GCC_493\Debug\UART_1_tx.o .\CortexM0\ARM_GCC_493\Debug\UART_1_tx_PM.o .\CortexM0\ARM_GCC_493\Debug\UART_1_rx.o .\CortexM0\ARM_GCC_493\Debug\UART_1_rx_PM.o
arm-none-eabi-ar.exe: creating .\CortexM0\ARM_GCC_493\Debug\SCB_I2cCommSlave01.a
arm-none-eabi-gcc.exe -Wl,--start-group -o .\CortexM0\ARM_GCC_493\Debug\SCB_I2cCommSlave01.elf .\CortexM0\ARM_GCC_493\Debug\main.o .\CortexM0\ARM_GCC_493\Debug\uart.o .\CortexM0\ARM_GCC_493\Debug\cymetadata.o .\CortexM0\ARM_GCC_493\Debug\Cm0Start.o .\CortexM0\ARM_GCC_493\Debug\cybootloader.o .\CortexM0\ARM_GCC_493\Debug\SCB_I2cCommSlave01.a "C:\Program Files (x86)\Cypress\PSoC Creator\3.3\PSoC Creator\psoc\content\cycomponentlibrary\CyComponentLibrary.cylib\CortexM0\ARM_GCC_493\Debug\CyComponentLibrary.a" -mcpu=cortex-m0 -mthumb -g -ffunction-sections -O0 -L Generated_Source\PSoC4 -Wl,-Map,.\CortexM0\ARM_GCC_493\Debug/SCB_I2cCommSlave01.map -T Generated_Source\PSoC4\cm0gcc.ld -specs=nano.specs -Wl,--gc-sections -Wl,--end-group
cyelftool.exe -B "C:\Users\Lukas Creutzburg\Documents\Daten\Programmierprojekte\GitHub\freeDSPPSoC-I2C\SCB_I2cCommSlave01.cydsn\CortexM0\ARM_GCC_493\Debug\SCB_I2cCommSlave01.elf" --flash_row_size 128 --flash_size 32768 --flash_array_size 32768
cyelftool.exe -S "C:\Users\Lukas Creutzburg\Documents\Daten\Programmierprojekte\GitHub\freeDSPPSoC-I2C\SCB_I2cCommSlave01.cydsn\CortexM0\ARM_GCC_493\Debug\SCB_I2cCommSlave01.elf"
Flash used: 18304 of 32768 bytes (55,9 %). Bootloader: 10240 bytes. Application: 7936 bytes. Metadata: 128 bytes.
SRAM used: 1704 of 4096 bytes (41,6 %). Stack: 1024 bytes. Heap: 256 bytes.
--------------- Build Succeeded: 04/26/2016 09:36:48 ---------------
